<?xml version="1.0" encoding="UTF-8"?>
<testsuites name="204. TestStarPack Out of Office (OOO)" time="696.825" tests="3" failures="0" errors="0">
   <testsuite name="204. TestStarPack Out of Office (OOO)" tests="3" failures="0" errors="0" time="696.825" skipped="0" timestamp="2022-06-20 16:37:30" hostname="lamhe - DPF-MBI-VERIF.ad.sgsco.int" id="Test Suites/z01. Test Suites/204. TestStarPack Out of Office (OOO)">
      <properties>
         <property name="deviceName" value=""/>
         <property name="devicePlatform" value=""/>
         <property name="logFolder" value="D:\\Projet Test Auto\\Mediabox Test Automation [Test]\\Reports\\20220620_163716\\z01. Test Suites\\204. TestStarPack Out of Office (OOO)\\20220620_163717"/>
         <property name="logFiles" value="D:\\Projet Test Auto\\Mediabox Test Automation [Test]\\Reports\\20220620_163716\\z01. Test Suites\\204. TestStarPack Out of Office (OOO)\\20220620_163717\\execution0.log"/>
         <property name="attachments" value="D:\\Projet Test Auto\\Mediabox Test Automation [Test]\\Reports\\20220620_163716\\z01. Test Suites\\204. TestStarPack Out of Office (OOO)\\20220620_163717\\1655735883398.png, D:\\Projet Test Auto\\Mediabox Test Automation [Test]\\Reports\\20220620_163716\\z01. Test Suites\\204. TestStarPack Out of Office (OOO)\\20220620_163717\\1655735892072.png, D:\\Projet Test Auto\\Mediabox Test Automation [Test]\\Reports\\20220620_163716\\z01. Test Suites\\204. TestStarPack Out of Office (OOO)\\20220620_163717\\1655735894128.png, D:\\Projet Test Auto\\Mediabox Test Automation [Test]\\Reports\\20220620_163716\\z01. Test Suites\\204. TestStarPack Out of Office (OOO)\\20220620_163717\\1655735916071.png, D:\\Projet Test Auto\\Mediabox Test Automation [Test]\\Reports\\20220620_163716\\z01. Test Suites\\204. TestStarPack Out of Office (OOO)\\20220620_163717\\1655735923813.png, D:\\Projet Test Auto\\Mediabox Test Automation [Test]\\Reports\\20220620_163716\\z01. Test Suites\\204. TestStarPack Out of Office (OOO)\\20220620_163717\\1655735982561.png, D:\\Projet Test Auto\\Mediabox Test Automation [Test]\\Reports\\20220620_163716\\z01. Test Suites\\204. TestStarPack Out of Office (OOO)\\20220620_163717\\1655736034449.png, D:\\Projet Test Auto\\Mediabox Test Automation [Test]\\Reports\\20220620_163716\\z01. Test Suites\\204. TestStarPack Out of Office (OOO)\\20220620_163717\\1655736086192.png, D:\\Projet Test Auto\\Mediabox Test Automation [Test]\\Reports\\20220620_163716\\z01. Test Suites\\204. TestStarPack Out of Office (OOO)\\20220620_163717\\1655736131226.png, D:\\Projet Test Auto\\Mediabox Test Automation [Test]\\Reports\\20220620_163716\\z01. Test Suites\\204. TestStarPack Out of Office (OOO)\\20220620_163717\\1655736177092.png, D:\\Projet Test Auto\\Mediabox Test Automation [Test]\\Reports\\20220620_163716\\z01. Test Suites\\204. TestStarPack Out of Office (OOO)\\20220620_163717\\1655736224158.png, D:\\Projet Test Auto\\Mediabox Test Automation [Test]\\Reports\\20220620_163716\\z01. Test Suites\\204. TestStarPack Out of Office (OOO)\\20220620_163717\\1655736235218.png, D:\\Projet Test Auto\\Mediabox Test Automation [Test]\\Reports\\20220620_163716\\z01. Test Suites\\204. TestStarPack Out of Office (OOO)\\20220620_163717\\1655736253715.png, D:\\Projet Test Auto\\Mediabox Test Automation [Test]\\Reports\\20220620_163716\\z01. Test Suites\\204. TestStarPack Out of Office (OOO)\\20220620_163717\\1655736262792.png, D:\\Projet Test Auto\\Mediabox Test Automation [Test]\\Reports\\20220620_163716\\z01. Test Suites\\204. TestStarPack Out of Office (OOO)\\20220620_163717\\1655736277370.png, D:\\Projet Test Auto\\Mediabox Test Automation [Test]\\Reports\\20220620_163716\\z01. Test Suites\\204. TestStarPack Out of Office (OOO)\\20220620_163717\\1655736278376.png, D:\\Projet Test Auto\\Mediabox Test Automation [Test]\\Reports\\20220620_163716\\z01. Test Suites\\204. TestStarPack Out of Office (OOO)\\20220620_163717\\1655736291587.png, D:\\Projet Test Auto\\Mediabox Test Automation [Test]\\Reports\\20220620_163716\\z01. Test Suites\\204. TestStarPack Out of Office (OOO)\\20220620_163717\\1655736298242.png, D:\\Projet Test Auto\\Mediabox Test Automation [Test]\\Reports\\20220620_163716\\z01. Test Suites\\204. TestStarPack Out of Office (OOO)\\20220620_163717\\1655736300009.png, D:\\Projet Test Auto\\Mediabox Test Automation [Test]\\Reports\\20220620_163716\\z01. Test Suites\\204. TestStarPack Out of Office (OOO)\\20220620_163717\\1655736303027.png, D:\\Projet Test Auto\\Mediabox Test Automation [Test]\\Reports\\20220620_163716\\z01. Test Suites\\204. TestStarPack Out of Office (OOO)\\20220620_163717\\1655736330497.png, D:\\Projet Test Auto\\Mediabox Test Automation [Test]\\Reports\\20220620_163716\\z01. Test Suites\\204. TestStarPack Out of Office (OOO)\\20220620_163717\\1655736334906.png, D:\\Projet Test Auto\\Mediabox Test Automation [Test]\\Reports\\20220620_163716\\z01. Test Suites\\204. TestStarPack Out of Office (OOO)\\20220620_163717\\1655736405855.png, D:\\Projet Test Auto\\Mediabox Test Automation [Test]\\Reports\\20220620_163716\\z01. Test Suites\\204. TestStarPack Out of Office (OOO)\\20220620_163717\\1655736429022.png, D:\\Projet Test Auto\\Mediabox Test Automation [Test]\\Reports\\20220620_163716\\z01. Test Suites\\204. TestStarPack Out of Office (OOO)\\20220620_163717\\1655736435017.png, D:\\Projet Test Auto\\Mediabox Test Automation [Test]\\Reports\\20220620_163716\\z01. Test Suites\\204. TestStarPack Out of Office (OOO)\\20220620_163717\\1655736441540.png, D:\\Projet Test Auto\\Mediabox Test Automation [Test]\\Reports\\20220620_163716\\z01. Test Suites\\204. TestStarPack Out of Office (OOO)\\20220620_163717\\1655736456381.png, D:\\Projet Test Auto\\Mediabox Test Automation [Test]\\Reports\\20220620_163716\\z01. Test Suites\\204. TestStarPack Out of Office (OOO)\\20220620_163717\\1655736478283.png, D:\\Projet Test Auto\\Mediabox Test Automation [Test]\\Reports\\20220620_163716\\z01. Test Suites\\204. TestStarPack Out of Office (OOO)\\20220620_163717\\1655736496700.png, D:\\Projet Test Auto\\Mediabox Test Automation [Test]\\Reports\\20220620_163716\\z01. Test Suites\\204. TestStarPack Out of Office (OOO)\\20220620_163717\\1655736537496.png"/>
         <property name="hostName" value="lamhe - DPF-MBI-VERIF.ad.sgsco.int"/>
         <property name="os" value="Windows 10 64bit"/>
         <property name="katalonVersion" value="8.3.0.208"/>
         <property name="browser" value="Chrome 102.0.5005.115"/>
         <property name="hostAddress" value="10.15.10.53"/>
         <property name="sessionId" value="e2e492ce05ff9dd005a94fb6c3d3c27f"/>
         <property name="seleniumVersion" value="3.141.59"/>
         <property name="proxyInformation" value="ProxyInformation { proxyOption=NO_PROXY, proxyServerType=HTTP, username=, password=********, proxyServerAddress=, proxyServerPort=0, executionList=&quot;&quot;, isApplyToDesiredCapabilities=true }"/>
         <property name="platform" value="Windows 10"/>
      </properties>
      <testcase name="Test Cases/204. TestStarPack Out of Office (OOO)/204.01 TestStarpack - Out of OfficeAdd_ErrorMsg User Management 204.02 P1" time="384.325" classname="Test Cases/204. TestStarPack Out of Office (OOO)/204.01 TestStarpack - Out of OfficeAdd_ErrorMsg User Management 204.02 P1" status="PASSED">
         <system-out><![CDATA[2022-06-20 16:37:32 - [TEST_CASE][PASSED] - Test Cases/204. TestStarPack Out of Office (OOO)/204.01 TestStarpack - Out of OfficeAdd_ErrorMsg User Management 204.02 P1: Test Cases/204. TestStarPack Out of Office (OOO)/204.01 TestStarpack - Out of OfficeAdd_ErrorMsg User Management 204.02 P1

2022-06-20 16:37:37 - [TEST_STEP][PASSED] - data = findTestData("Data Files/Username_Password/Test_Starpack"): null

2022-06-20 16:37:37 - [TEST_STEP][PASSED] - password_suser = data.getValue(2, 1): null

2022-06-20 16:37:37 - [TEST_STEP][PASSED] - password_aherms = data.getValue(2, 2): null

2022-06-20 16:37:37 - [TEST_STEP][PASSED] - password_agluszczynska = data.getValue(2, 3): null

2022-06-20 16:37:37 - [TEST_STEP][PASSED] - password_jmaciaszczyk = data.getValue(2, 4): null

2022-06-20 16:37:37 - [TEST_STEP][PASSED] - password_aterreshernandez = data.getValue(2, 5): null

2022-06-20 16:37:37 - [TEST_STEP][PASSED] - password_amartin_arbol = data.getValue(2, 6): null

2022-06-20 16:37:37 - [TEST_STEP][PASSED] - password_adelamatanieves = data.getValue(2, 7): null

2022-06-20 16:37:37 - [TEST_STEP][PASSED] - password_kcannoosamy_dia = data.getValue(2, 8): null

2022-06-20 16:37:37 - [TEST_STEP][PASSED] - data_urlTestAUTO = findTestData("Data Files/URL/URL_testauto"): null

2022-06-20 16:37:37 - [TEST_STEP][PASSED] - Url_Starpack = data_urlTestAUTO.getValue(2, 2): null

2022-06-20 16:37:37 - [TEST_STEP][PASSED] - openBrowser(Url_Starpack): Browser is opened with url: 'https://mdb-v3-test.diadeis.com/MediaboxIndependence/?MBI_datasource=RELTEST_STARPACK'

2022-06-20 16:37:38 - [MESSAGE][INFO] - Starting 'Chrome (headless)' driver

2022-06-20 16:37:38 - [MESSAGE][INFO] - User set preference: ['args', '[--window-size=1920,1080, --headless]']

2022-06-20 16:37:38 - [MESSAGE][INFO] - Action delay is set to 0 milliseconds

2022-06-20 16:38:02 - [MESSAGE][PASSED] - Browser is opened with url: 'https://mdb-v3-test.diadeis.com/MediaboxIndependence/?MBI_datasource=RELTEST_STARPACK'

2022-06-20 16:38:03 - [TEST_STEP][PASSED] - maximizeWindow(): Current window maximized

2022-06-20 16:38:03 - [MESSAGE][PASSED] - Current window maximized

2022-06-20 16:38:03 - [TEST_STEP][PASSED] - takeScreenshot(): Taking screenshot successfully

2022-06-20 16:38:03 - [MESSAGE][PASSED] - Taking screenshot successfully
[[ATTACHMENT|D:\\Projet Test Auto\\Mediabox Test Automation [Test]\\Reports\\20220620_163716\\z01. Test Suites\\204. TestStarPack Out of Office (OOO)\\20220620_163717\\1655735883398.png]]

2022-06-20 16:38:03 - [TEST_STEP][PASSED] - I.Login_password("suser", password_suser): Object: 'Object Repository/1. Constant/xpath' is clicked on

2022-06-20 16:38:04 - [MESSAGE][PASSED] - Text 'suser' is set on object 'Object Repository/1. Constant/xpath'

2022-06-20 16:38:05 - [MESSAGE][PASSED] - Delayed 1 second(s)

2022-06-20 16:38:06 - [MESSAGE][PASSED] - Text 'diadeis' is set on object 'Object Repository/1. Constant/xpath'

2022-06-20 16:38:07 - [MESSAGE][PASSED] - Delayed 1 second(s)

2022-06-20 16:38:11 - [MESSAGE][PASSED] - Object: 'Object Repository/1. Constant/xpath' is clicked on

2022-06-20 16:38:11 - [TEST_STEP][PASSED] - takeScreenshot(): Taking screenshot successfully

2022-06-20 16:38:12 - [MESSAGE][PASSED] - Taking screenshot successfully
[[ATTACHMENT|D:\\Projet Test Auto\\Mediabox Test Automation [Test]\\Reports\\20220620_163716\\z01. Test Suites\\204. TestStarPack Out of Office (OOO)\\20220620_163717\\1655735892072.png]]

2022-06-20 16:38:12 - [TEST_STEP][PASSED] - click(findTestObject("xxx Todelete/1.0 R_Menu_Settings id_kt_aside_menu_ul_li11aspan2")): Object: 'Object Repository/xxx Todelete/1.0 R_Menu_Settings id_kt_aside_menu_ul_li11aspan2' is clicked on

2022-06-20 16:38:13 - [MESSAGE][PASSED] - Object: 'Object Repository/xxx Todelete/1.0 R_Menu_Settings id_kt_aside_menu_ul_li11aspan2' is clicked on

2022-06-20 16:38:13 - [TEST_STEP][PASSED] - takeScreenshot(): Taking screenshot successfully

2022-06-20 16:38:14 - [MESSAGE][PASSED] - Taking screenshot successfully
[[ATTACHMENT|D:\\Projet Test Auto\\Mediabox Test Automation [Test]\\Reports\\20220620_163716\\z01. Test Suites\\204. TestStarPack Out of Office (OOO)\\20220620_163717\\1655735894128.png]]

2022-06-20 16:38:14 - [TEST_STEP][PASSED] - delay(3): Delayed 3 second(s)

2022-06-20 16:38:17 - [MESSAGE][PASSED] - Delayed 3 second(s)

2022-06-20 16:38:17 - [TEST_STEP][PASSED] - click(findTestObject("xxx Todelete/1.01_Menu_Usermanagement id_kt_aside_menu_ul_li11div_ul_li2aspan")): Object: 'Object Repository/xxx Todelete/1.01_Menu_Usermanagement id_kt_aside_menu_ul_li11div_ul_li2aspan' is clicked on

2022-06-20 16:38:29 - [MESSAGE][PASSED] - Object: 'Object Repository/xxx Todelete/1.01_Menu_Usermanagement id_kt_aside_menu_ul_li11div_ul_li2aspan' is clicked on

2022-06-20 16:38:29 - [TEST_STEP][PASSED] - setText(findTestObject("1. Constant/xpath", ["xpath":"//*[@id="users_table_filter"]/label/input"]), "mediabox.outofoffice1@gmail.com"): Text 'mediabox.outofoffice1@gmail.com' is set on object 'Object Repository/1. Constant/xpath'

2022-06-20 16:38:31 - [MESSAGE][PASSED] - Text 'mediabox.outofoffice1@gmail.com' is set on object 'Object Repository/1. Constant/xpath'

2022-06-20 16:38:31 - [TEST_STEP][PASSED] - delay(1): Delayed 1 second(s)

2022-06-20 16:38:32 - [MESSAGE][PASSED] - Delayed 1 second(s)

2022-06-20 16:38:32 - [TEST_STEP][PASSED] - click(findTestObject("1. Constant/xpath", ["xpath":"//*[@id="selectAllUser"]"])): Object: 'Object Repository/1. Constant/xpath' is clicked on

2022-06-20 16:38:32 - [MESSAGE][PASSED] - Object: 'Object Repository/1. Constant/xpath' is clicked on

2022-06-20 16:38:32 - [TEST_STEP][PASSED] - delay(1): Delayed 1 second(s)

2022-06-20 16:38:33 - [MESSAGE][PASSED] - Delayed 1 second(s)

2022-06-20 16:38:33 - [TEST_STEP][PASSED] - selectOptionByValue(findTestObject("1. Constant/xpath", ["xpath":"//*[@id="select2_grouped_actions"]"]), "setdelegation", false): All options with value 'setdelegation' are selected in object 'Object Repository/1. Constant/xpath' 

2022-06-20 16:38:34 - [MESSAGE][PASSED] - All options with value 'setdelegation' are selected in object 'Object Repository/1. Constant/xpath' 

2022-06-20 16:38:34 - [TEST_STEP][PASSED] - delay(1): Delayed 1 second(s)

2022-06-20 16:38:35 - [MESSAGE][PASSED] - Delayed 1 second(s)

2022-06-20 16:38:35 - [TEST_STEP][PASSED] - takeScreenshot(): Taking screenshot successfully

2022-06-20 16:38:36 - [MESSAGE][PASSED] - Taking screenshot successfully
[[ATTACHMENT|D:\\Projet Test Auto\\Mediabox Test Automation [Test]\\Reports\\20220620_163716\\z01. Test Suites\\204. TestStarPack Out of Office (OOO)\\20220620_163717\\1655735916071.png]]

2022-06-20 16:38:36 - [TEST_STEP][PASSED] - click(findTestObject("1. Constant/xpath", ["xpath":"//*[@id="send_action_grouped"]"])): Object: 'Object Repository/1. Constant/xpath' is clicked on

2022-06-20 16:38:37 - [MESSAGE][PASSED] - Object: 'Object Repository/1. Constant/xpath' is clicked on

2022-06-20 16:38:37 - [TEST_STEP][PASSED] - I.VerifyMatchText("//*[@id="UpdateDelegations"]/div[1]/h5", "Arthur FRON's active delegations"): Actual text 'Arthur FRON's active delegations' and expected text 'Arthur FRON's active delegations' are matched 

2022-06-20 16:38:37 - [MESSAGE][PASSED] - Text of object 'Object Repository/1. Constant/xpath' is: 'Arthur FRON's active delegations'

2022-06-20 16:38:38 - [MESSAGE][PASSED] - Delayed 1 second(s)

2022-06-20 16:38:38 - [MESSAGE][PASSED] - Actual text 'Arthur FRON's active delegations' and expected text 'Arthur FRON's active delegations' are matched 

2022-06-20 16:38:38 - [TEST_STEP][PASSED] - I.VerifyMatchText("//*[@id="UpdateDelegations"]/div[2]/h5", "agency1 1's active delegations"): Actual text 'agency1 1's active delegations' and expected text 'agency1 1's active delegations' are matched 

2022-06-20 16:38:38 - [MESSAGE][PASSED] - Text of object 'Object Repository/1. Constant/xpath' is: 'agency1 1's active delegations'

2022-06-20 16:38:39 - [MESSAGE][PASSED] - Delayed 1 second(s)

2022-06-20 16:38:39 - [MESSAGE][PASSED] - Actual text 'agency1 1's active delegations' and expected text 'agency1 1's active delegations' are matched 

2022-06-20 16:38:39 - [TEST_STEP][PASSED] - I.VerifyMatchText("//*[@id="UpdateDelegations"]/div[3]/h5", "packaging1 1's active delegations"): Actual text 'packaging1 1's active delegations' and expected text 'packaging1 1's active delegations' are matched 

2022-06-20 16:38:40 - [MESSAGE][PASSED] - Text of object 'Object Repository/1. Constant/xpath' is: 'packaging1 1's active delegations'

2022-06-20 16:38:41 - [MESSAGE][PASSED] - Delayed 1 second(s)

2022-06-20 16:38:41 - [MESSAGE][PASSED] - Actual text 'packaging1 1's active delegations' and expected text 'packaging1 1's active delegations' are matched 

2022-06-20 16:38:41 - [TEST_STEP][PASSED] - click(findTestObject("1. Constant/xpath", ["xpath":"//*[@id="btn_add_delegation_afron"]"])): Object: 'Object Repository/1. Constant/xpath' is clicked on

2022-06-20 16:38:41 - [MESSAGE][PASSED] - Object: 'Object Repository/1. Constant/xpath' is clicked on

2022-06-20 16:38:41 - [TEST_STEP][PASSED] - delay(1): Delayed 1 second(s)

2022-06-20 16:38:42 - [MESSAGE][PASSED] - Delayed 1 second(s)

2022-06-20 16:38:42 - [TEST_STEP][PASSED] - click(findTestObject("1. Constant/xpath", ["xpath":"//*[@id="btn_change_delegations"]"])): Object: 'Object Repository/1. Constant/xpath' is clicked on

2022-06-20 16:38:42 - [MESSAGE][PASSED] - Object: 'Object Repository/1. Constant/xpath' is clicked on

2022-06-20 16:38:42 - [TEST_STEP][PASSED] - err1 = getText(findTestObject("1. Constant/xpath", ["xpath":"//*[@id="toast-container"]/div[1]/div[2]"])): Text of object 'Object Repository/1. Constant/xpath' is: 'Error : Please fill in delegate user'

2022-06-20 16:38:43 - [MESSAGE][PASSED] - Text of object 'Object Repository/1. Constant/xpath' is: 'Error : Please fill in delegate user'

2022-06-20 16:38:43 - [TEST_STEP][PASSED] - err2 = getText(findTestObject("1. Constant/xpath", ["xpath":"//*[@id="toast-container"]/div[2]/div[2]"])): Text of object 'Object Repository/1. Constant/xpath' is: 'Error : Please fill in delegation's dates'

2022-06-20 16:38:43 - [MESSAGE][PASSED] - Text of object 'Object Repository/1. Constant/xpath' is: 'Error : Please fill in delegation's dates'

2022-06-20 16:38:43 - [TEST_STEP][PASSED] - verifyMatch(err1, "Error : Please fill in delegate user", false): Actual text 'Error : Please fill in delegate user' and expected text 'Error : Please fill in delegate user' are matched 

2022-06-20 16:38:43 - [MESSAGE][PASSED] - Actual text 'Error : Please fill in delegate user' and expected text 'Error : Please fill in delegate user' are matched 

2022-06-20 16:38:43 - [TEST_STEP][PASSED] - verifyMatch(err2, "Error : Please fill in delegation's dates", false): Actual text 'Error : Please fill in delegation's dates' and expected text 'Error : Please fill in delegation's dates' are matched 

2022-06-20 16:38:43 - [MESSAGE][PASSED] - Actual text 'Error : Please fill in delegation's dates' and expected text 'Error : Please fill in delegation's dates' are matched 

2022-06-20 16:38:43 - [TEST_STEP][PASSED] - takeScreenshot(): Taking screenshot successfully

2022-06-20 16:38:44 - [MESSAGE][PASSED] - Taking screenshot successfully
[[ATTACHMENT|D:\\Projet Test Auto\\Mediabox Test Automation [Test]\\Reports\\20220620_163716\\z01. Test Suites\\204. TestStarPack Out of Office (OOO)\\20220620_163717\\1655735923813.png]]

2022-06-20 16:38:44 - [TEST_STEP][PASSED] - delay(5): Delayed 5 second(s)

2022-06-20 16:38:49 - [MESSAGE][PASSED] - Delayed 5 second(s)

2022-06-20 16:38:49 - [TEST_STEP][PASSED] - I.UserManagement_Delegate_Select_date_PreviousMonth("//*[@id="delegation_start_date_afron_new1"]"): Object: 'Object Repository/1. Constant/xpath' is clicked on

2022-06-20 16:38:49 - [MESSAGE][PASSED] - Object: 'Object Repository/1. Constant/xpath' is clicked on

2022-06-20 16:39:21 - [MESSAGE][PASSED] - Delayed 32 second(s)

2022-06-20 16:39:22 - [MESSAGE][PASSED] - Object: 'Object Repository/1. Constant/xpath' is clicked on

2022-06-20 16:39:25 - [MESSAGE][PASSED] - Delayed 3 second(s)

2022-06-20 16:39:25 - [MESSAGE][PASSED] - Object: 'Object Repository/1. Constant/xpath' is clicked on

2022-06-20 16:39:25 - [TEST_STEP][PASSED] - delay(3): Delayed 3 second(s)

2022-06-20 16:39:28 - [MESSAGE][PASSED] - Delayed 3 second(s)

2022-06-20 16:39:28 - [TEST_STEP][PASSED] - I.UserManagement_Delegate_Select_date_NextMonth("//*[@id="delegation_end_date_afron_new1"]"): Object: 'Object Repository/1. Constant/xpath' is clicked on

2022-06-20 16:39:29 - [MESSAGE][PASSED] - Object: 'Object Repository/1. Constant/xpath' is clicked on

2022-06-20 16:39:32 - [MESSAGE][PASSED] - Delayed 3 second(s)

2022-06-20 16:39:32 - [MESSAGE][PASSED] - Object: 'Object Repository/1. Constant/xpath' is clicked on

2022-06-20 16:39:35 - [MESSAGE][PASSED] - Delayed 3 second(s)

2022-06-20 16:39:35 - [MESSAGE][PASSED] - Object: 'Object Repository/1. Constant/xpath' is clicked on

2022-06-20 16:39:35 - [TEST_STEP][PASSED] - delay(3): Delayed 3 second(s)

2022-06-20 16:39:38 - [MESSAGE][PASSED] - Delayed 3 second(s)

2022-06-20 16:39:38 - [TEST_STEP][PASSED] - selectOptionByValue(findTestObject("1. Constant/xpath", ["xpath":"//*[@id="delegation_select_user_afron_new1"]"]), "jmartinez_almarza", false): All options with value 'jmartinez_almarza' are selected in object 'Object Repository/1. Constant/xpath' 

2022-06-20 16:39:39 - [MESSAGE][PASSED] - All options with value 'jmartinez_almarza' are selected in object 'Object Repository/1. Constant/xpath' 

2022-06-20 16:39:39 - [TEST_STEP][PASSED] - delay(3): Delayed 3 second(s)

2022-06-20 16:39:42 - [MESSAGE][PASSED] - Delayed 3 second(s)

2022-06-20 16:39:42 - [TEST_STEP][PASSED] - verifyElementPresent(findTestObject("1. Constant/xpath", ["xpath":"//*[@id="btn_add_delegation_afron"]"]), 2): Object 'Object Repository/1. Constant/xpath' is present

2022-06-20 16:39:42 - [MESSAGE][PASSED] - Object 'Object Repository/1. Constant/xpath' is present

2022-06-20 16:39:42 - [TEST_STEP][PASSED] - takeScreenshot(): Taking screenshot successfully

2022-06-20 16:39:43 - [MESSAGE][PASSED] - Taking screenshot successfully
[[ATTACHMENT|D:\\Projet Test Auto\\Mediabox Test Automation [Test]\\Reports\\20220620_163716\\z01. Test Suites\\204. TestStarPack Out of Office (OOO)\\20220620_163717\\1655735982561.png]]

2022-06-20 16:39:43 - [TEST_STEP][PASSED] - delay(1): Delayed 1 second(s)

2022-06-20 16:39:44 - [MESSAGE][PASSED] - Delayed 1 second(s)

2022-06-20 16:39:44 - [TEST_STEP][PASSED] - verifyElementVisible(findTestObject("1. Constant/xpath", ["xpath":"//*[@id="btn_add_delegation_afron"]"])): Object 'Object Repository/1. Constant/xpath' is visible

2022-06-20 16:39:45 - [MESSAGE][PASSED] - Object 'Object Repository/1. Constant/xpath' is visible

2022-06-20 16:39:45 - [TEST_STEP][PASSED] - click(findTestObject("1. Constant/xpath", ["xpath":"//*[@id="btn_add_delegation_1agency1"]"])): Object: 'Object Repository/1. Constant/xpath' is clicked on

2022-06-20 16:39:46 - [MESSAGE][PASSED] - Object: 'Object Repository/1. Constant/xpath' is clicked on

2022-06-20 16:39:46 - [TEST_STEP][PASSED] - I.UserManagement_Delegate_Select_date_PreviousMonth("//*[@id="delegation_start_date_1agency1_new1"]"): Object: 'Object Repository/1. Constant/xpath' is clicked on

2022-06-20 16:39:47 - [MESSAGE][PASSED] - Object: 'Object Repository/1. Constant/xpath' is clicked on

2022-06-20 16:40:19 - [MESSAGE][PASSED] - Delayed 32 second(s)

2022-06-20 16:40:19 - [MESSAGE][PASSED] - Object: 'Object Repository/1. Constant/xpath' is clicked on

2022-06-20 16:40:22 - [MESSAGE][PASSED] - Delayed 3 second(s)

2022-06-20 16:40:22 - [MESSAGE][PASSED] - Object: 'Object Repository/1. Constant/xpath' is clicked on

2022-06-20 16:40:22 - [TEST_STEP][PASSED] - delay(1): Delayed 1 second(s)

2022-06-20 16:40:23 - [MESSAGE][PASSED] - Delayed 1 second(s)

2022-06-20 16:40:23 - [TEST_STEP][PASSED] - I.UserManagement_Delegate_Select_date_NextMonth("//*[@id="delegation_end_date_1agency1_new1"]"): Object: 'Object Repository/1. Constant/xpath' is clicked on

2022-06-20 16:40:24 - [MESSAGE][PASSED] - Object: 'Object Repository/1. Constant/xpath' is clicked on

2022-06-20 16:40:27 - [MESSAGE][PASSED] - Delayed 3 second(s)

2022-06-20 16:40:27 - [MESSAGE][PASSED] - Object: 'Object Repository/1. Constant/xpath' is clicked on

2022-06-20 16:40:30 - [MESSAGE][PASSED] - Delayed 3 second(s)

2022-06-20 16:40:30 - [MESSAGE][PASSED] - Object: 'Object Repository/1. Constant/xpath' is clicked on

2022-06-20 16:40:30 - [TEST_STEP][PASSED] - delay(3): Delayed 3 second(s)

2022-06-20 16:40:33 - [MESSAGE][PASSED] - Delayed 3 second(s)

2022-06-20 16:40:33 - [TEST_STEP][PASSED] - selectOptionByValue(findTestObject("1. Constant/xpath", ["xpath":"//*[@id="delegation_select_user_1agency1_new1"]"]), "_almeida", false): All options with value '_almeida' are selected in object 'Object Repository/1. Constant/xpath' 

2022-06-20 16:40:34 - [MESSAGE][PASSED] - All options with value '_almeida' are selected in object 'Object Repository/1. Constant/xpath' 

2022-06-20 16:40:34 - [TEST_STEP][PASSED] - takeScreenshot(): Taking screenshot successfully

2022-06-20 16:40:34 - [MESSAGE][PASSED] - Taking screenshot successfully
[[ATTACHMENT|D:\\Projet Test Auto\\Mediabox Test Automation [Test]\\Reports\\20220620_163716\\z01. Test Suites\\204. TestStarPack Out of Office (OOO)\\20220620_163717\\1655736034449.png]]

2022-06-20 16:40:34 - [TEST_STEP][PASSED] - click(findTestObject("1. Constant/xpath", ["xpath":"//*[@id="btn_add_delegation_1agency1"]"])): Object: 'Object Repository/1. Constant/xpath' is clicked on

2022-06-20 16:40:35 - [MESSAGE][PASSED] - Object: 'Object Repository/1. Constant/xpath' is clicked on

2022-06-20 16:40:35 - [TEST_STEP][PASSED] - I.UserManagement_Delegate_Select_date_PreviousMonth("//*[@id="delegation_start_date_1agency1_new2"]"): Object: 'Object Repository/1. Constant/xpath' is clicked on

2022-06-20 16:40:35 - [MESSAGE][PASSED] - Object: 'Object Repository/1. Constant/xpath' is clicked on

2022-06-20 16:41:07 - [MESSAGE][PASSED] - Delayed 32 second(s)

2022-06-20 16:41:07 - [MESSAGE][PASSED] - Object: 'Object Repository/1. Constant/xpath' is clicked on

2022-06-20 16:41:10 - [MESSAGE][PASSED] - Delayed 3 second(s)

2022-06-20 16:41:10 - [MESSAGE][PASSED] - Object: 'Object Repository/1. Constant/xpath' is clicked on

2022-06-20 16:41:10 - [TEST_STEP][PASSED] - delay(3): Delayed 3 second(s)

2022-06-20 16:41:13 - [MESSAGE][PASSED] - Delayed 3 second(s)

2022-06-20 16:41:13 - [TEST_STEP][PASSED] - I.UserManagement_Delegate_Select_date_NextMonth("//*[@id="delegation_end_date_1agency1_new2"]"): Object: 'Object Repository/1. Constant/xpath' is clicked on

2022-06-20 16:41:14 - [MESSAGE][PASSED] - Object: 'Object Repository/1. Constant/xpath' is clicked on

2022-06-20 16:41:17 - [MESSAGE][PASSED] - Delayed 3 second(s)

2022-06-20 16:41:18 - [MESSAGE][PASSED] - Object: 'Object Repository/1. Constant/xpath' is clicked on

2022-06-20 16:41:21 - [MESSAGE][PASSED] - Delayed 3 second(s)

2022-06-20 16:41:21 - [MESSAGE][PASSED] - Object: 'Object Repository/1. Constant/xpath' is clicked on

2022-06-20 16:41:21 - [TEST_STEP][PASSED] - delay(3): Delayed 3 second(s)

2022-06-20 16:41:24 - [MESSAGE][PASSED] - Delayed 3 second(s)

2022-06-20 16:41:24 - [TEST_STEP][PASSED] - selectOptionByValue(findTestObject("1. Constant/xpath", ["xpath":"//*[@id="delegation_select_user_1agency1_new2"]"]), "1packaging1", false): All options with value '1packaging1' are selected in object 'Object Repository/1. Constant/xpath' 

2022-06-20 16:41:25 - [MESSAGE][PASSED] - All options with value '1packaging1' are selected in object 'Object Repository/1. Constant/xpath' 

2022-06-20 16:41:25 - [TEST_STEP][PASSED] - delay(1): Delayed 1 second(s)

2022-06-20 16:41:26 - [MESSAGE][PASSED] - Delayed 1 second(s)

2022-06-20 16:41:26 - [TEST_STEP][PASSED] - verifyElementVisible(findTestObject("1. Constant/xpath", ["xpath":"//*[@id="btn_add_delegation_1agency1"]"])): Object 'Object Repository/1. Constant/xpath' is visible

2022-06-20 16:41:26 - [MESSAGE][PASSED] - Object 'Object Repository/1. Constant/xpath' is visible

2022-06-20 16:41:26 - [TEST_STEP][PASSED] - takeScreenshot(): Taking screenshot successfully

2022-06-20 16:41:26 - [MESSAGE][PASSED] - Taking screenshot successfully
[[ATTACHMENT|D:\\Projet Test Auto\\Mediabox Test Automation [Test]\\Reports\\20220620_163716\\z01. Test Suites\\204. TestStarPack Out of Office (OOO)\\20220620_163717\\1655736086192.png]]

2022-06-20 16:41:26 - [TEST_STEP][PASSED] - click(findTestObject("1. Constant/xpath", ["xpath":"//*[@id="btn_add_delegation_1packaging1"]"])): Object: 'Object Repository/1. Constant/xpath' is clicked on

2022-06-20 16:41:26 - [MESSAGE][PASSED] - Object: 'Object Repository/1. Constant/xpath' is clicked on

2022-06-20 16:41:26 - [TEST_STEP][PASSED] - I.UserManagement_Delegate_Select_date_PreviousMonth("//*[@id="delegation_start_date_1packaging1_new1"]"): Object: 'Object Repository/1. Constant/xpath' is clicked on

2022-06-20 16:41:27 - [MESSAGE][PASSED] - Object: 'Object Repository/1. Constant/xpath' is clicked on

2022-06-20 16:41:59 - [MESSAGE][PASSED] - Delayed 32 second(s)

2022-06-20 16:41:59 - [MESSAGE][PASSED] - Object: 'Object Repository/1. Constant/xpath' is clicked on

2022-06-20 16:42:02 - [MESSAGE][PASSED] - Delayed 3 second(s)

2022-06-20 16:42:02 - [MESSAGE][PASSED] - Object: 'Object Repository/1. Constant/xpath' is clicked on

2022-06-20 16:42:02 - [TEST_STEP][PASSED] - delay(1): Delayed 1 second(s)

2022-06-20 16:42:03 - [MESSAGE][PASSED] - Delayed 1 second(s)

2022-06-20 16:42:03 - [TEST_STEP][PASSED] - I.UserManagement_Delegate_Select_date_NextMonth("//*[@id="delegation_end_date_1packaging1_new1"]"): Object: 'Object Repository/1. Constant/xpath' is clicked on

2022-06-20 16:42:03 - [MESSAGE][PASSED] - Object: 'Object Repository/1. Constant/xpath' is clicked on

2022-06-20 16:42:06 - [MESSAGE][PASSED] - Delayed 3 second(s)

2022-06-20 16:42:07 - [MESSAGE][PASSED] - Object: 'Object Repository/1. Constant/xpath' is clicked on

2022-06-20 16:42:10 - [MESSAGE][PASSED] - Delayed 3 second(s)

2022-06-20 16:42:10 - [MESSAGE][PASSED] - Object: 'Object Repository/1. Constant/xpath' is clicked on

2022-06-20 16:42:10 - [TEST_STEP][PASSED] - selectOptionByValue(findTestObject("1. Constant/xpath", ["xpath":"//*[@id="delegation_select_user_1packaging1_new1"]"]), "_almeida", false): All options with value '_almeida' are selected in object 'Object Repository/1. Constant/xpath' 

2022-06-20 16:42:11 - [MESSAGE][PASSED] - All options with value '_almeida' are selected in object 'Object Repository/1. Constant/xpath' 

2022-06-20 16:42:11 - [TEST_STEP][PASSED] - takeScreenshot(): Taking screenshot successfully

2022-06-20 16:42:11 - [MESSAGE][PASSED] - Taking screenshot successfully
[[ATTACHMENT|D:\\Projet Test Auto\\Mediabox Test Automation [Test]\\Reports\\20220620_163716\\z01. Test Suites\\204. TestStarPack Out of Office (OOO)\\20220620_163717\\1655736131226.png]]

2022-06-20 16:42:11 - [TEST_STEP][PASSED] - click(findTestObject("1. Constant/xpath", ["xpath":"//*[@id="btn_add_delegation_1packaging1"]"])): Object: 'Object Repository/1. Constant/xpath' is clicked on

2022-06-20 16:42:11 - [MESSAGE][PASSED] - Object: 'Object Repository/1. Constant/xpath' is clicked on

2022-06-20 16:42:11 - [TEST_STEP][PASSED] - I.UserManagement_Delegate_Select_date_PreviousMonth("//*[@id="delegation_start_date_1packaging1_new2"]"): Object: 'Object Repository/1. Constant/xpath' is clicked on

2022-06-20 16:42:12 - [MESSAGE][PASSED] - Object: 'Object Repository/1. Constant/xpath' is clicked on

2022-06-20 16:42:44 - [MESSAGE][PASSED] - Delayed 32 second(s)

2022-06-20 16:42:44 - [MESSAGE][PASSED] - Object: 'Object Repository/1. Constant/xpath' is clicked on

2022-06-20 16:42:47 - [MESSAGE][PASSED] - Delayed 3 second(s)

2022-06-20 16:42:48 - [MESSAGE][PASSED] - Object: 'Object Repository/1. Constant/xpath' is clicked on

2022-06-20 16:42:48 - [TEST_STEP][PASSED] - delay(1): Delayed 1 second(s)

2022-06-20 16:42:49 - [MESSAGE][PASSED] - Delayed 1 second(s)

2022-06-20 16:42:49 - [TEST_STEP][PASSED] - I.UserManagement_Delegate_Select_date_NextMonth("//*[@id="delegation_end_date_1packaging1_new2"]"): Object: 'Object Repository/1. Constant/xpath' is clicked on

2022-06-20 16:42:49 - [MESSAGE][PASSED] - Object: 'Object Repository/1. Constant/xpath' is clicked on

2022-06-20 16:42:52 - [MESSAGE][PASSED] - Delayed 3 second(s)

2022-06-20 16:42:53 - [MESSAGE][PASSED] - Object: 'Object Repository/1. Constant/xpath' is clicked on

2022-06-20 16:42:56 - [MESSAGE][PASSED] - Delayed 3 second(s)

2022-06-20 16:42:56 - [MESSAGE][PASSED] - Object: 'Object Repository/1. Constant/xpath' is clicked on

2022-06-20 16:42:56 - [TEST_STEP][PASSED] - selectOptionByValue(findTestObject("1. Constant/xpath", ["xpath":"//*[@id="delegation_select_user_1packaging1_new2"]"]), "fazer", false): All options with value 'fazer' are selected in object 'Object Repository/1. Constant/xpath' 

2022-06-20 16:42:57 - [MESSAGE][PASSED] - All options with value 'fazer' are selected in object 'Object Repository/1. Constant/xpath' 

2022-06-20 16:42:57 - [TEST_STEP][PASSED] - takeScreenshot(): Taking screenshot successfully

2022-06-20 16:42:57 - [MESSAGE][PASSED] - Taking screenshot successfully
[[ATTACHMENT|D:\\Projet Test Auto\\Mediabox Test Automation [Test]\\Reports\\20220620_163716\\z01. Test Suites\\204. TestStarPack Out of Office (OOO)\\20220620_163717\\1655736177092.png]]

2022-06-20 16:42:57 - [TEST_STEP][PASSED] - click(findTestObject("1. Constant/xpath", ["xpath":"//*[@id="btn_add_delegation_1packaging1"]"])): Object: 'Object Repository/1. Constant/xpath' is clicked on

2022-06-20 16:42:57 - [MESSAGE][PASSED] - Object: 'Object Repository/1. Constant/xpath' is clicked on

2022-06-20 16:42:57 - [TEST_STEP][PASSED] - I.UserManagement_Delegate_Select_date_PreviousMonth("//*[@id="delegation_start_date_1packaging1_new3"]"): Object: 'Object Repository/1. Constant/xpath' is clicked on

2022-06-20 16:42:57 - [MESSAGE][PASSED] - Object: 'Object Repository/1. Constant/xpath' is clicked on

2022-06-20 16:43:29 - [MESSAGE][PASSED] - Delayed 32 second(s)

2022-06-20 16:43:30 - [MESSAGE][PASSED] - Object: 'Object Repository/1. Constant/xpath' is clicked on

2022-06-20 16:43:33 - [MESSAGE][PASSED] - Delayed 3 second(s)

2022-06-20 16:43:33 - [MESSAGE][PASSED] - Object: 'Object Repository/1. Constant/xpath' is clicked on

2022-06-20 16:43:33 - [TEST_STEP][PASSED] - delay(1): Delayed 1 second(s)

2022-06-20 16:43:34 - [MESSAGE][PASSED] - Delayed 1 second(s)

2022-06-20 16:43:34 - [TEST_STEP][PASSED] - I.UserManagement_Delegate_Select_date_NextMonth("//*[@id="delegation_end_date_1packaging1_new3"]"): Object: 'Object Repository/1. Constant/xpath' is clicked on

2022-06-20 16:43:35 - [MESSAGE][PASSED] - Object: 'Object Repository/1. Constant/xpath' is clicked on

2022-06-20 16:43:38 - [MESSAGE][PASSED] - Delayed 3 second(s)

2022-06-20 16:43:38 - [MESSAGE][PASSED] - Object: 'Object Repository/1. Constant/xpath' is clicked on

2022-06-20 16:43:41 - [MESSAGE][PASSED] - Delayed 3 second(s)

2022-06-20 16:43:41 - [MESSAGE][PASSED] - Object: 'Object Repository/1. Constant/xpath' is clicked on

2022-06-20 16:43:41 - [TEST_STEP][PASSED] - selectOptionByValue(findTestObject("1. Constant/xpath", ["xpath":"//*[@id="delegation_select_user_1packaging1_new3"]"]), "jmartinez_almarza", false): All options with value 'jmartinez_almarza' are selected in object 'Object Repository/1. Constant/xpath' 

2022-06-20 16:43:42 - [MESSAGE][PASSED] - All options with value 'jmartinez_almarza' are selected in object 'Object Repository/1. Constant/xpath' 

2022-06-20 16:43:42 - [TEST_STEP][PASSED] - delay(1): Delayed 1 second(s)

2022-06-20 16:43:43 - [MESSAGE][PASSED] - Delayed 1 second(s)

2022-06-20 16:43:43 - [TEST_STEP][PASSED] - verifyElementNotVisible(findTestObject("1. Constant/xpath", ["xpath":"//*[@id="btn_add_delegation_1packaging1"]"])): Object 'Object Repository/1. Constant/xpath' is NOT visible

2022-06-20 16:43:44 - [MESSAGE][PASSED] - Object 'Object Repository/1. Constant/xpath' is NOT visible

2022-06-20 16:43:44 - [TEST_STEP][PASSED] - takeScreenshot(): Taking screenshot successfully

2022-06-20 16:43:44 - [MESSAGE][PASSED] - Taking screenshot successfully
[[ATTACHMENT|D:\\Projet Test Auto\\Mediabox Test Automation [Test]\\Reports\\20220620_163716\\z01. Test Suites\\204. TestStarPack Out of Office (OOO)\\20220620_163717\\1655736224158.png]]

2022-06-20 16:43:44 - [TEST_STEP][PASSED] - click(findTestObject("1. Constant/xpath", ["xpath":"//*[@id="btn_change_delegations"]"])): Object: 'Object Repository/1. Constant/xpath' is clicked on

2022-06-20 16:43:53 - [MESSAGE][PASSED] - Object: 'Object Repository/1. Constant/xpath' is clicked on

2022-06-20 16:43:53 - [TEST_STEP][PASSED] - takeScreenshot(): Taking screenshot successfully

2022-06-20 16:43:55 - [MESSAGE][PASSED] - Taking screenshot successfully
[[ATTACHMENT|D:\\Projet Test Auto\\Mediabox Test Automation [Test]\\Reports\\20220620_163716\\z01. Test Suites\\204. TestStarPack Out of Office (OOO)\\20220620_163717\\1655736235218.png]]

2022-06-20 16:43:55 - [TEST_STEP][PASSED] - closeBrowser(): Browser is closed

2022-06-20 16:43:57 - [MESSAGE][PASSED] - Browser is closed

2022-06-20 16:43:57 - [TEST_STEP][PASSED] - Start listener action : sampleAfterTestCase: null]]></system-out>
         <system-err><![CDATA[]]></system-err>
      </testcase>
      <testcase name="Test Cases/204. TestStarPack Out of Office (OOO)/204.02 TestStarpack Out of Office DElete delegate User Management 204.01 P2" time="111.176" classname="Test Cases/204. TestStarPack Out of Office (OOO)/204.02 TestStarpack Out of Office DElete delegate User Management 204.01 P2" status="PASSED">
         <system-out><![CDATA[2022-06-20 16:43:57 - [TEST_CASE][PASSED] - Test Cases/204. TestStarPack Out of Office (OOO)/204.02 TestStarpack Out of Office DElete delegate User Management 204.01 P2: Test Cases/204. TestStarPack Out of Office (OOO)/204.02 TestStarpack Out of Office DElete delegate User Management 204.01 P2

2022-06-20 16:43:57 - [TEST_STEP][PASSED] - data = findTestData("Data Files/Username_Password/Test_Starpack"): null

2022-06-20 16:43:57 - [TEST_STEP][PASSED] - password_suser = data.getValue(2, 1): null

2022-06-20 16:43:57 - [TEST_STEP][PASSED] - password_aherms = data.getValue(2, 2): null

2022-06-20 16:43:57 - [TEST_STEP][PASSED] - password_agluszczynska = data.getValue(2, 3): null

2022-06-20 16:43:57 - [TEST_STEP][PASSED] - password_jmaciaszczyk = data.getValue(2, 4): null

2022-06-20 16:43:57 - [TEST_STEP][PASSED] - password_aterreshernandez = data.getValue(2, 5): null

2022-06-20 16:43:57 - [TEST_STEP][PASSED] - password_amartin_arbol = data.getValue(2, 6): null

2022-06-20 16:43:57 - [TEST_STEP][PASSED] - password_adelamatanieves = data.getValue(2, 7): null

2022-06-20 16:43:57 - [TEST_STEP][PASSED] - password_kcannoosamy_dia = data.getValue(2, 8): null

2022-06-20 16:43:57 - [TEST_STEP][PASSED] - password_jmarest = data.getValue(2, 9): null

2022-06-20 16:43:57 - [TEST_STEP][PASSED] - password_jmartinez_almarza = data.getValue(2, 10): null

2022-06-20 16:43:57 - [TEST_STEP][PASSED] - data_urlTestAUTO = findTestData("Data Files/URL/URL_testauto"): null

2022-06-20 16:43:57 - [TEST_STEP][PASSED] - Url_Starpack = data_urlTestAUTO.getValue(2, 2): null

2022-06-20 16:43:57 - [TEST_STEP][PASSED] - openBrowser(Url_Starpack): Browser is opened with url: 'https://mdb-v3-test.diadeis.com/MediaboxIndependence/?MBI_datasource=RELTEST_STARPACK'

2022-06-20 16:43:57 - [MESSAGE][INFO] - Starting 'Chrome (headless)' driver

2022-06-20 16:43:57 - [MESSAGE][INFO] - User set preference: ['args', '[--window-size=1920,1080, --headless]']

2022-06-20 16:43:57 - [MESSAGE][INFO] - Action delay is set to 0 milliseconds

2022-06-20 16:44:04 - [MESSAGE][PASSED] - Browser is opened with url: 'https://mdb-v3-test.diadeis.com/MediaboxIndependence/?MBI_datasource=RELTEST_STARPACK'

2022-06-20 16:44:04 - [TEST_STEP][PASSED] - maximizeWindow(): Current window maximized

2022-06-20 16:44:04 - [MESSAGE][PASSED] - Current window maximized

2022-06-20 16:44:04 - [TEST_STEP][PASSED] - I.Login_password("jmartinez_almarza", password_jmartinez_almarza): Object: 'Object Repository/1. Constant/xpath' is clicked on

2022-06-20 16:44:04 - [MESSAGE][PASSED] - Text 'jmartinez_almarza' is set on object 'Object Repository/1. Constant/xpath'

2022-06-20 16:44:05 - [MESSAGE][PASSED] - Delayed 1 second(s)

2022-06-20 16:44:06 - [MESSAGE][PASSED] - Text 'diadeis' is set on object 'Object Repository/1. Constant/xpath'

2022-06-20 16:44:07 - [MESSAGE][PASSED] - Delayed 1 second(s)

2022-06-20 16:44:12 - [MESSAGE][PASSED] - Object: 'Object Repository/1. Constant/xpath' is clicked on

2022-06-20 16:44:12 - [TEST_STEP][PASSED] - delay(1): Delayed 1 second(s)

2022-06-20 16:44:13 - [MESSAGE][PASSED] - Delayed 1 second(s)

2022-06-20 16:44:13 - [TEST_STEP][PASSED] - takeScreenshot(): Taking screenshot successfully

2022-06-20 16:44:14 - [MESSAGE][PASSED] - Taking screenshot successfully
[[ATTACHMENT|D:\\Projet Test Auto\\Mediabox Test Automation [Test]\\Reports\\20220620_163716\\z01. Test Suites\\204. TestStarPack Out of Office (OOO)\\20220620_163717\\1655736253715.png]]

2022-06-20 16:44:14 - [TEST_STEP][PASSED] - I.VerifyMatchText("//*[@id="modal_delegations"]/div/div/div[1]/h3", "Cuentas delegadas a mí"): Actual text 'Cuentas delegadas a mí' and expected text 'Cuentas delegadas a mí' are matched 

2022-06-20 16:44:14 - [MESSAGE][PASSED] - Text of object 'Object Repository/1. Constant/xpath' is: 'Cuentas delegadas a mí'

2022-06-20 16:44:15 - [MESSAGE][PASSED] - Delayed 1 second(s)

2022-06-20 16:44:15 - [MESSAGE][PASSED] - Actual text 'Cuentas delegadas a mí' and expected text 'Cuentas delegadas a mí' are matched 

2022-06-20 16:44:15 - [TEST_STEP][PASSED] - I.VerifyMatchText("//*[@id="modal_delegations"]/div/div/div[2]/div/div/div[1]/div[2]/h6", "Arthur FRON"): Actual text 'Arthur FRON' and expected text 'Arthur FRON' are matched 

2022-06-20 16:44:15 - [MESSAGE][PASSED] - Text of object 'Object Repository/1. Constant/xpath' is: 'Arthur FRON'

2022-06-20 16:44:16 - [MESSAGE][PASSED] - Delayed 1 second(s)

2022-06-20 16:44:16 - [MESSAGE][PASSED] - Actual text 'Arthur FRON' and expected text 'Arthur FRON' are matched 

2022-06-20 16:44:16 - [TEST_STEP][PASSED] - I.VerifyMatchText("/html/body/div[1]/div[2]/div[3]/div/div/div[2]/div/div/div[2]/div[2]/h6", "packaging1 1"): Actual text 'packaging1 1' and expected text 'packaging1 1' are matched 

2022-06-20 16:44:16 - [MESSAGE][PASSED] - Text of object 'Object Repository/1. Constant/xpath' is: 'packaging1 1'

2022-06-20 16:44:17 - [MESSAGE][PASSED] - Delayed 1 second(s)

2022-06-20 16:44:17 - [MESSAGE][PASSED] - Actual text 'packaging1 1' and expected text 'packaging1 1' are matched 

2022-06-20 16:44:17 - [TEST_STEP][PASSED] - click(findTestObject("1. Constant/xpath", ["xpath":"//*[@id="modal_delegations"]/div/div/div[3]/button"])): Object: 'Object Repository/1. Constant/xpath' is clicked on

2022-06-20 16:44:18 - [MESSAGE][PASSED] - Object: 'Object Repository/1. Constant/xpath' is clicked on

2022-06-20 16:44:18 - [TEST_STEP][PASSED] - verifyElementPresent(findTestObject("1. Constant/xpath", ["xpath":"//*[@id="kt_header"]/div/div[2]/div[2]/div[1]/div/span/img"]), 2): Object 'Object Repository/1. Constant/xpath' is present

2022-06-20 16:44:18 - [MESSAGE][PASSED] - Object 'Object Repository/1. Constant/xpath' is present

2022-06-20 16:44:18 - [TEST_STEP][PASSED] - click(findTestObject("1. Constant/xpath", ["xpath":"//*[@id="kt_header"]/div/div[2]/div[2]/div[1]/div/span/img"])): Object: 'Object Repository/1. Constant/xpath' is clicked on

2022-06-20 16:44:18 - [MESSAGE][PASSED] - Object: 'Object Repository/1. Constant/xpath' is clicked on

2022-06-20 16:44:18 - [TEST_STEP][PASSED] - click(findTestObject("1. Constant/xpath", ["xpath":"//*[@id="kt_header"]/div/div[2]/div[2]/div[2]/a[3]"])): Object: 'Object Repository/1. Constant/xpath' is clicked on

2022-06-20 16:44:21 - [MESSAGE][PASSED] - Object: 'Object Repository/1. Constant/xpath' is clicked on

2022-06-20 16:44:21 - [TEST_STEP][PASSED] - delay(1): Delayed 1 second(s)

2022-06-20 16:44:22 - [MESSAGE][PASSED] - Delayed 1 second(s)

2022-06-20 16:44:22 - [TEST_STEP][PASSED] - takeScreenshot(): Taking screenshot successfully

2022-06-20 16:44:23 - [MESSAGE][PASSED] - Taking screenshot successfully
[[ATTACHMENT|D:\\Projet Test Auto\\Mediabox Test Automation [Test]\\Reports\\20220620_163716\\z01. Test Suites\\204. TestStarPack Out of Office (OOO)\\20220620_163717\\1655736262792.png]]

2022-06-20 16:44:23 - [TEST_STEP][PASSED] - I.Pagedown(): Execute JavaScript 'window.scrollTo(0, document.body.scrollHeight)' successfully

2022-06-20 16:44:23 - [MESSAGE][PASSED] - Execute JavaScript 'window.scrollTo(0, document.body.scrollHeight)' successfully

2022-06-20 16:44:23 - [TEST_STEP][PASSED] - I.VerifyMatchText("/html/body/div[1]/div[2]/div[4]/div[3]/div/div/div/form/div[2]/div[2]/div[2]/div[4]/table/tbody/tr[1]/td[2]/div", "Arthur FRON"): Actual text 'Arthur FRON' and expected text 'Arthur FRON' are matched 

2022-06-20 16:44:23 - [MESSAGE][PASSED] - Text of object 'Object Repository/1. Constant/xpath' is: 'Arthur FRON'

2022-06-20 16:44:24 - [MESSAGE][PASSED] - Delayed 1 second(s)

2022-06-20 16:44:24 - [MESSAGE][PASSED] - Actual text 'Arthur FRON' and expected text 'Arthur FRON' are matched 

2022-06-20 16:44:24 - [TEST_STEP][PASSED] - I.VerifyMatchText("/html/body/div[1]/div[2]/div[4]/div[3]/div/div/div/form/div[2]/div[2]/div[2]/div[4]/table/tbody/tr[2]/td[2]/div", "packaging1 1"): Actual text 'packaging1 1' and expected text 'packaging1 1' are matched 

2022-06-20 16:44:24 - [MESSAGE][PASSED] - Text of object 'Object Repository/1. Constant/xpath' is: 'packaging1 1'

2022-06-20 16:44:25 - [MESSAGE][PASSED] - Delayed 1 second(s)

2022-06-20 16:44:25 - [MESSAGE][PASSED] - Actual text 'packaging1 1' and expected text 'packaging1 1' are matched 

2022-06-20 16:44:25 - [TEST_STEP][PASSED] - click(findTestObject("1. Constant/xpath", ["xpath":"//*[@id="ModifierUser"]/div[3]/div/button"])): Object: 'Object Repository/1. Constant/xpath' is clicked on

2022-06-20 16:44:27 - [MESSAGE][PASSED] - Object: 'Object Repository/1. Constant/xpath' is clicked on

2022-06-20 16:44:27 - [TEST_STEP][PASSED] - I.Logout_xpath("//*[@id="kt_header"]/div/div[2]/div[2]/div[1]/div/span/img", "//*[@id="kt_header"]/div/div[2]/div[2]/div[2]/a[5]"): Wait for page load successfully

2022-06-20 16:44:27 - [MESSAGE][PASSED] - Object: 'Object Repository/1. Constant/xpath' is clicked on

2022-06-20 16:44:28 - [MESSAGE][PASSED] - Delayed 1 second(s)

2022-06-20 16:44:30 - [MESSAGE][PASSED] - Object: 'Object Repository/1. Constant/xpath' is clicked on

2022-06-20 16:44:31 - [MESSAGE][PASSED] - Delayed 1 second(s)

2022-06-20 16:44:31 - [MESSAGE][PASSED] - Wait for page load successfully

2022-06-20 16:44:31 - [TEST_STEP][PASSED] - I.Login_password("suser", password_suser): Object: 'Object Repository/1. Constant/xpath' is clicked on

2022-06-20 16:44:32 - [MESSAGE][PASSED] - Text 'suser' is set on object 'Object Repository/1. Constant/xpath'

2022-06-20 16:44:33 - [MESSAGE][PASSED] - Delayed 1 second(s)

2022-06-20 16:44:33 - [MESSAGE][PASSED] - Text 'diadeis' is set on object 'Object Repository/1. Constant/xpath'

2022-06-20 16:44:34 - [MESSAGE][PASSED] - Delayed 1 second(s)

2022-06-20 16:44:37 - [MESSAGE][PASSED] - Object: 'Object Repository/1. Constant/xpath' is clicked on

2022-06-20 16:44:37 - [TEST_STEP][PASSED] - takeScreenshot(): Taking screenshot successfully

2022-06-20 16:44:37 - [MESSAGE][PASSED] - Taking screenshot successfully
[[ATTACHMENT|D:\\Projet Test Auto\\Mediabox Test Automation [Test]\\Reports\\20220620_163716\\z01. Test Suites\\204. TestStarPack Out of Office (OOO)\\20220620_163717\\1655736277370.png]]

2022-06-20 16:44:37 - [TEST_STEP][PASSED] - click(findTestObject("xxx Todelete/1.0 R_Menu_Settings id_kt_aside_menu_ul_li11aspan2")): Object: 'Object Repository/xxx Todelete/1.0 R_Menu_Settings id_kt_aside_menu_ul_li11aspan2' is clicked on

2022-06-20 16:44:38 - [MESSAGE][PASSED] - Object: 'Object Repository/xxx Todelete/1.0 R_Menu_Settings id_kt_aside_menu_ul_li11aspan2' is clicked on

2022-06-20 16:44:38 - [TEST_STEP][PASSED] - takeScreenshot(): Taking screenshot successfully

2022-06-20 16:44:38 - [MESSAGE][PASSED] - Taking screenshot successfully
[[ATTACHMENT|D:\\Projet Test Auto\\Mediabox Test Automation [Test]\\Reports\\20220620_163716\\z01. Test Suites\\204. TestStarPack Out of Office (OOO)\\20220620_163717\\1655736278376.png]]

2022-06-20 16:44:38 - [TEST_STEP][PASSED] - delay(3): Delayed 3 second(s)

2022-06-20 16:44:41 - [MESSAGE][PASSED] - Delayed 3 second(s)

2022-06-20 16:44:41 - [TEST_STEP][PASSED] - click(findTestObject("xxx Todelete/1.01_Menu_Usermanagement id_kt_aside_menu_ul_li11div_ul_li2aspan")): Object: 'Object Repository/xxx Todelete/1.01_Menu_Usermanagement id_kt_aside_menu_ul_li11div_ul_li2aspan' is clicked on

2022-06-20 16:44:51 - [MESSAGE][PASSED] - Object: 'Object Repository/xxx Todelete/1.01_Menu_Usermanagement id_kt_aside_menu_ul_li11div_ul_li2aspan' is clicked on

2022-06-20 16:44:51 - [TEST_STEP][PASSED] - takeScreenshot(): Taking screenshot successfully

2022-06-20 16:44:51 - [MESSAGE][PASSED] - Taking screenshot successfully
[[ATTACHMENT|D:\\Projet Test Auto\\Mediabox Test Automation [Test]\\Reports\\20220620_163716\\z01. Test Suites\\204. TestStarPack Out of Office (OOO)\\20220620_163717\\1655736291587.png]]

2022-06-20 16:44:51 - [TEST_STEP][PASSED] - setText(findTestObject("1. Constant/xpath", ["xpath":"//*[@id="users_table_filter"]/label/input"]), "mediabox.outofoffice1@gmail.com"): Text 'mediabox.outofoffice1@gmail.com' is set on object 'Object Repository/1. Constant/xpath'

2022-06-20 16:44:53 - [MESSAGE][PASSED] - Text 'mediabox.outofoffice1@gmail.com' is set on object 'Object Repository/1. Constant/xpath'

2022-06-20 16:44:53 - [TEST_STEP][PASSED] - delay(2): Delayed 2 second(s)

2022-06-20 16:44:55 - [MESSAGE][PASSED] - Delayed 2 second(s)

2022-06-20 16:44:55 - [TEST_STEP][PASSED] - click(findTestObject("1. Constant/xpath", ["xpath":"//*[@id="selectAllUser"]"])): Object: 'Object Repository/1. Constant/xpath' is clicked on

2022-06-20 16:44:55 - [MESSAGE][PASSED] - Object: 'Object Repository/1. Constant/xpath' is clicked on

2022-06-20 16:44:55 - [TEST_STEP][PASSED] - delay(1): Delayed 1 second(s)

2022-06-20 16:44:56 - [MESSAGE][PASSED] - Delayed 1 second(s)

2022-06-20 16:44:56 - [TEST_STEP][PASSED] - selectOptionByValue(findTestObject("1. Constant/xpath", ["xpath":"//*[@id="select2_grouped_actions"]"]), "setdelegation", false): All options with value 'setdelegation' are selected in object 'Object Repository/1. Constant/xpath' 

2022-06-20 16:44:57 - [MESSAGE][PASSED] - All options with value 'setdelegation' are selected in object 'Object Repository/1. Constant/xpath' 

2022-06-20 16:44:57 - [TEST_STEP][PASSED] - delay(1): Delayed 1 second(s)

2022-06-20 16:44:58 - [MESSAGE][PASSED] - Delayed 1 second(s)

2022-06-20 16:44:58 - [TEST_STEP][PASSED] - takeScreenshot(): Taking screenshot successfully

2022-06-20 16:44:58 - [MESSAGE][PASSED] - Taking screenshot successfully
[[ATTACHMENT|D:\\Projet Test Auto\\Mediabox Test Automation [Test]\\Reports\\20220620_163716\\z01. Test Suites\\204. TestStarPack Out of Office (OOO)\\20220620_163717\\1655736298242.png]]

2022-06-20 16:44:58 - [TEST_STEP][PASSED] - click(findTestObject("1. Constant/xpath", ["xpath":"//*[@id="send_action_grouped"]"])): Object: 'Object Repository/1. Constant/xpath' is clicked on

2022-06-20 16:44:58 - [MESSAGE][PASSED] - Object: 'Object Repository/1. Constant/xpath' is clicked on

2022-06-20 16:44:58 - [TEST_STEP][PASSED] - delay(1): Delayed 1 second(s)

2022-06-20 16:44:59 - [MESSAGE][PASSED] - Delayed 1 second(s)

2022-06-20 16:44:59 - [TEST_STEP][PASSED] - takeScreenshot(): Taking screenshot successfully

2022-06-20 16:45:00 - [MESSAGE][PASSED] - Taking screenshot successfully
[[ATTACHMENT|D:\\Projet Test Auto\\Mediabox Test Automation [Test]\\Reports\\20220620_163716\\z01. Test Suites\\204. TestStarPack Out of Office (OOO)\\20220620_163717\\1655736300009.png]]

2022-06-20 16:45:00 - [TEST_STEP][PASSED] - I.click_button_javascript(findTestObject("1. Constant/xpath", ["xpath":"/html/body/div[1]/div[2]/div[6]/div/div/div[2]/div/form/div[1]/table/tbody/tr/td[6]/button[1]"])): Execute JavaScript 'arguments[0].click()' successfully

2022-06-20 16:45:00 - [MESSAGE][PASSED] - Execute JavaScript 'arguments[0].click()' successfully

2022-06-20 16:45:00 - [TEST_STEP][PASSED] - I.click_button_javascript(findTestObject("1. Constant/xpath", ["xpath":"/html/body/div[1]/div[2]/div[6]/div/div/div[2]/div/form/div[2]/table/tbody/tr[1]/td[6]/button[1]"])): Execute JavaScript 'arguments[0].click()' successfully

2022-06-20 16:45:01 - [MESSAGE][PASSED] - Execute JavaScript 'arguments[0].click()' successfully

2022-06-20 16:45:01 - [TEST_STEP][PASSED] - I.click_button_javascript(findTestObject("1. Constant/xpath", ["xpath":"/html/body/div[1]/div[2]/div[6]/div/div/div[2]/div/form/div[2]/table/tbody/tr/td[6]/button[1]"])): Execute JavaScript 'arguments[0].click()' successfully

2022-06-20 16:45:01 - [MESSAGE][PASSED] - Execute JavaScript 'arguments[0].click()' successfully

2022-06-20 16:45:01 - [TEST_STEP][PASSED] - I.click_button_javascript(findTestObject("1. Constant/xpath", ["xpath":"/html/body/div[1]/div[2]/div[6]/div/div/div[2]/div/form/div[3]/table/tbody/tr[1]/td[6]/button[1]"])): Execute JavaScript 'arguments[0].click()' successfully

2022-06-20 16:45:01 - [MESSAGE][PASSED] - Execute JavaScript 'arguments[0].click()' successfully

2022-06-20 16:45:01 - [TEST_STEP][PASSED] - I.click_button_javascript(findTestObject("1. Constant/xpath", ["xpath":"/html/body/div[1]/div[2]/div[6]/div/div/div[2]/div/form/div[3]/table/tbody/tr[1]/td[6]/button[1]"])): Execute JavaScript 'arguments[0].click()' successfully

2022-06-20 16:45:01 - [MESSAGE][PASSED] - Execute JavaScript 'arguments[0].click()' successfully

2022-06-20 16:45:01 - [TEST_STEP][PASSED] - I.click_button_javascript(findTestObject("1. Constant/xpath", ["xpath":"/html/body/div[1]/div[2]/div[6]/div/div/div[2]/div/form/div[3]/table/tbody/tr/td[6]/button[1]"])): Execute JavaScript 'arguments[0].click()' successfully

2022-06-20 16:45:01 - [MESSAGE][PASSED] - Execute JavaScript 'arguments[0].click()' successfully

2022-06-20 16:45:01 - [TEST_STEP][PASSED] - delay(1): Delayed 1 second(s)

2022-06-20 16:45:02 - [MESSAGE][PASSED] - Delayed 1 second(s)

2022-06-20 16:45:02 - [TEST_STEP][PASSED] - takeScreenshot(): Taking screenshot successfully

2022-06-20 16:45:03 - [MESSAGE][PASSED] - Taking screenshot successfully
[[ATTACHMENT|D:\\Projet Test Auto\\Mediabox Test Automation [Test]\\Reports\\20220620_163716\\z01. Test Suites\\204. TestStarPack Out of Office (OOO)\\20220620_163717\\1655736303027.png]]

2022-06-20 16:45:03 - [TEST_STEP][PASSED] - click(findTestObject("1. Constant/xpath", ["xpath":"//*[@id="btn_change_delegations"]"])): Object: 'Object Repository/1. Constant/xpath' is clicked on

2022-06-20 16:45:13 - [MESSAGE][PASSED] - Object: 'Object Repository/1. Constant/xpath' is clicked on

2022-06-20 16:45:13 - [TEST_STEP][PASSED] - I.Logout(): Delayed 3 second(s)

2022-06-20 16:45:16 - [MESSAGE][PASSED] - Delayed 3 second(s)

2022-06-20 16:45:16 - [MESSAGE][PASSED] - Object: 'Object Repository/1. Constant/xpath' is clicked on

2022-06-20 16:45:19 - [MESSAGE][PASSED] - Delayed 3 second(s)

2022-06-20 16:45:20 - [MESSAGE][PASSED] - Object: 'Object Repository/1. Constant/xpath' is clicked on

2022-06-20 16:45:23 - [MESSAGE][PASSED] - Delayed 3 second(s)

2022-06-20 16:45:23 - [TEST_STEP][PASSED] - I.Login_password("jmartinez_almarza", password_jmartinez_almarza): Object: 'Object Repository/1. Constant/xpath' is clicked on

2022-06-20 16:45:24 - [MESSAGE][PASSED] - Text 'jmartinez_almarza' is set on object 'Object Repository/1. Constant/xpath'

2022-06-20 16:45:25 - [MESSAGE][PASSED] - Delayed 1 second(s)

2022-06-20 16:45:25 - [MESSAGE][PASSED] - Text 'diadeis' is set on object 'Object Repository/1. Constant/xpath'

2022-06-20 16:45:26 - [MESSAGE][PASSED] - Delayed 1 second(s)

2022-06-20 16:45:29 - [MESSAGE][PASSED] - Object: 'Object Repository/1. Constant/xpath' is clicked on

2022-06-20 16:45:29 - [TEST_STEP][PASSED] - delay(1): Delayed 1 second(s)

2022-06-20 16:45:30 - [MESSAGE][PASSED] - Delayed 1 second(s)

2022-06-20 16:45:30 - [TEST_STEP][PASSED] - takeScreenshot(): Taking screenshot successfully

2022-06-20 16:45:30 - [MESSAGE][PASSED] - Taking screenshot successfully
[[ATTACHMENT|D:\\Projet Test Auto\\Mediabox Test Automation [Test]\\Reports\\20220620_163716\\z01. Test Suites\\204. TestStarPack Out of Office (OOO)\\20220620_163717\\1655736330497.png]]

2022-06-20 16:45:30 - [TEST_STEP][PASSED] - verifyTextNotPresent("Cuentas delegadas a mí", false): Text 'Cuentas delegadas a mí' is not present on page

2022-06-20 16:45:31 - [MESSAGE][PASSED] - Text 'Cuentas delegadas a mí' is not present on page

2022-06-20 16:45:31 - [TEST_STEP][PASSED] - click(findTestObject("1. Constant/xpath", ["xpath":"//*[@id="kt_header"]/div/div[2]/div[2]/div[1]/div/span/img"])): Object: 'Object Repository/1. Constant/xpath' is clicked on

2022-06-20 16:45:31 - [MESSAGE][PASSED] - Object: 'Object Repository/1. Constant/xpath' is clicked on

2022-06-20 16:45:31 - [TEST_STEP][PASSED] - click(findTestObject("1. Constant/xpath", ["xpath":"//*[@id="kt_header"]/div/div[2]/div[2]/div[2]/a[1]"])): Object: 'Object Repository/1. Constant/xpath' is clicked on

2022-06-20 16:45:33 - [MESSAGE][PASSED] - Object: 'Object Repository/1. Constant/xpath' is clicked on

2022-06-20 16:45:33 - [TEST_STEP][PASSED] - delay(1): Delayed 1 second(s)

2022-06-20 16:45:34 - [MESSAGE][PASSED] - Delayed 1 second(s)

2022-06-20 16:45:34 - [TEST_STEP][PASSED] - takeScreenshot(): Taking screenshot successfully

2022-06-20 16:45:35 - [MESSAGE][PASSED] - Taking screenshot successfully
[[ATTACHMENT|D:\\Projet Test Auto\\Mediabox Test Automation [Test]\\Reports\\20220620_163716\\z01. Test Suites\\204. TestStarPack Out of Office (OOO)\\20220620_163717\\1655736334906.png]]

2022-06-20 16:45:35 - [TEST_STEP][PASSED] - delay(1): Delayed 1 second(s)

2022-06-20 16:45:36 - [MESSAGE][PASSED] - Delayed 1 second(s)

2022-06-20 16:45:36 - [TEST_STEP][PASSED] - verifyElementNotPresent(findTestObject("1. Constant/xpath", ["xpath":"//*[@id="delegationSettings"]/div[2]/div[4]/table/tbody/tr[1]/td[2]/div/i"]), 2): Web element with id: 'Object Repository/1. Constant/xpath' located by 'By.xpath: //*[@id="delegationSettings"]/div[2]/div[4]/table/tbody/tr[1]/td[2]/div/i' is not present after '2' second(s)

2022-06-20 16:45:36 - [MESSAGE][PASSED] - Web element with id: 'Object Repository/1. Constant/xpath' located by 'By.xpath: //*[@id="delegationSettings"]/div[2]/div[4]/table/tbody/tr[1]/td[2]/div/i' is not present after '2' second(s)

2022-06-20 16:45:36 - [TEST_STEP][PASSED] - I.Logout(): Delayed 3 second(s)

2022-06-20 16:45:39 - [MESSAGE][PASSED] - Delayed 3 second(s)

2022-06-20 16:45:39 - [MESSAGE][PASSED] - Object: 'Object Repository/1. Constant/xpath' is clicked on

2022-06-20 16:45:42 - [MESSAGE][PASSED] - Delayed 3 second(s)

2022-06-20 16:45:44 - [MESSAGE][PASSED] - Object: 'Object Repository/1. Constant/xpath' is clicked on

2022-06-20 16:45:47 - [MESSAGE][PASSED] - Delayed 3 second(s)

2022-06-20 16:45:47 - [TEST_STEP][PASSED] - closeBrowser(): Browser is closed

2022-06-20 16:45:48 - [MESSAGE][PASSED] - Browser is closed

2022-06-20 16:45:48 - [TEST_STEP][PASSED] - Start listener action : sampleAfterTestCase: null]]></system-out>
         <system-err><![CDATA[]]></system-err>
      </testcase>
      <testcase name="Test Cases/204. TestStarPack Out of Office (OOO)/204.03 TestStarpack Add A delegate _ accounts delegated to me check" time="199.416" classname="Test Cases/204. TestStarPack Out of Office (OOO)/204.03 TestStarpack Add A delegate _ accounts delegated to me check" status="PASSED">
         <system-out><![CDATA[2022-06-20 16:45:48 - [TEST_CASE][PASSED] - Test Cases/204. TestStarPack Out of Office (OOO)/204.03 TestStarpack Add A delegate _ accounts delegated to me check: Test Cases/204. TestStarPack Out of Office (OOO)/204.03 TestStarpack Add A delegate _ accounts delegated to me check

2022-06-20 16:45:49 - [TEST_STEP][PASSED] - data = findTestData("Data Files/Username_Password/Test_Starpack"): null

2022-06-20 16:45:49 - [TEST_STEP][PASSED] - password_suser = data.getValue(2, 1): null

2022-06-20 16:45:49 - [TEST_STEP][PASSED] - password_aherms = data.getValue(2, 2): null

2022-06-20 16:45:49 - [TEST_STEP][PASSED] - password_agluszczynska = data.getValue(2, 3): null

2022-06-20 16:45:49 - [TEST_STEP][PASSED] - password_jmaciaszczyk = data.getValue(2, 4): null

2022-06-20 16:45:49 - [TEST_STEP][PASSED] - password_aterreshernandez = data.getValue(2, 5): null

2022-06-20 16:45:49 - [TEST_STEP][PASSED] - password_amartin_arbol = data.getValue(2, 6): null

2022-06-20 16:45:49 - [TEST_STEP][PASSED] - password_adelamatanieves = data.getValue(2, 7): null

2022-06-20 16:45:49 - [TEST_STEP][PASSED] - password_kcannoosamy_dia = data.getValue(2, 8): null

2022-06-20 16:45:49 - [TEST_STEP][PASSED] - password_jmarest = data.getValue(2, 9): null

2022-06-20 16:45:49 - [TEST_STEP][PASSED] - password_jmartinez_almarza = data.getValue(2, 10): null

2022-06-20 16:45:49 - [TEST_STEP][PASSED] - password_dcrow = data.getValue(2, 11): null

2022-06-20 16:45:49 - [TEST_STEP][PASSED] - password_ncurnier = data.getValue(2, 12): null

2022-06-20 16:45:49 - [TEST_STEP][PASSED] - password_mdelrio = data.getValue(2, 13): null

2022-06-20 16:45:49 - [TEST_STEP][PASSED] - password_1packaging2 = data.getValue(2, 14): null

2022-06-20 16:45:49 - [TEST_STEP][PASSED] - data_urlTestAUTO = findTestData("Data Files/URL/URL_testauto"): null

2022-06-20 16:45:49 - [TEST_STEP][PASSED] - Url_Starpack = data_urlTestAUTO.getValue(2, 2): null

2022-06-20 16:45:49 - [TEST_STEP][PASSED] - openBrowser(Url_Starpack): Browser is opened with url: 'https://mdb-v3-test.diadeis.com/MediaboxIndependence/?MBI_datasource=RELTEST_STARPACK'

2022-06-20 16:45:49 - [MESSAGE][INFO] - Starting 'Chrome (headless)' driver

2022-06-20 16:45:49 - [MESSAGE][INFO] - User set preference: ['args', '[--window-size=1920,1080, --headless]']

2022-06-20 16:45:49 - [MESSAGE][INFO] - Action delay is set to 0 milliseconds

2022-06-20 16:45:53 - [MESSAGE][PASSED] - Browser is opened with url: 'https://mdb-v3-test.diadeis.com/MediaboxIndependence/?MBI_datasource=RELTEST_STARPACK'

2022-06-20 16:45:53 - [TEST_STEP][PASSED] - maximizeWindow(): Current window maximized

2022-06-20 16:45:53 - [MESSAGE][PASSED] - Current window maximized

2022-06-20 16:45:53 - [TEST_STEP][PASSED] - I.Login_password("mdelrio", password_mdelrio): Object: 'Object Repository/1. Constant/xpath' is clicked on

2022-06-20 16:45:54 - [MESSAGE][PASSED] - Text 'mdelrio' is set on object 'Object Repository/1. Constant/xpath'

2022-06-20 16:45:55 - [MESSAGE][PASSED] - Delayed 1 second(s)

2022-06-20 16:45:55 - [MESSAGE][PASSED] - Text 'diadeis' is set on object 'Object Repository/1. Constant/xpath'

2022-06-20 16:45:56 - [MESSAGE][PASSED] - Delayed 1 second(s)

2022-06-20 16:46:02 - [MESSAGE][PASSED] - Object: 'Object Repository/1. Constant/xpath' is clicked on

2022-06-20 16:46:02 - [TEST_STEP][PASSED] - I.Go_to_MyProfile(): Delayed 1 second(s)

2022-06-20 16:46:02 - [MESSAGE][PASSED] - Object: 'Object Repository/1. Constant/xpath' is clicked on

2022-06-20 16:46:03 - [MESSAGE][PASSED] - Delayed 1 second(s)

2022-06-20 16:46:05 - [MESSAGE][PASSED] - Object: 'Object Repository/1. Constant/xpath' is clicked on

2022-06-20 16:46:06 - [MESSAGE][PASSED] - Delayed 1 second(s)

2022-06-20 16:46:06 - [TEST_STEP][PASSED] - click(findTestObject("1. Constant/xpath", ["xpath":"//*[@id="btn_add_delegation"]"])): Object: 'Object Repository/1. Constant/xpath' is clicked on

2022-06-20 16:46:07 - [MESSAGE][PASSED] - Object: 'Object Repository/1. Constant/xpath' is clicked on

2022-06-20 16:46:07 - [TEST_STEP][PASSED] - delay(3): Delayed 3 second(s)

2022-06-20 16:46:10 - [MESSAGE][PASSED] - Delayed 3 second(s)

2022-06-20 16:46:10 - [TEST_STEP][PASSED] - I.Delegate_Select_date_PreviousMonth("//*[@id="delegation_start_date_new1"]"): Object: 'Object Repository/1. Constant/xpath' is clicked on

2022-06-20 16:46:10 - [MESSAGE][PASSED] - Object: 'Object Repository/1. Constant/xpath' is clicked on

2022-06-20 16:46:12 - [MESSAGE][PASSED] - Delayed 2 second(s)

2022-06-20 16:46:12 - [MESSAGE][PASSED] - Object: 'Object Repository/1. Constant/xpath' is clicked on

2022-06-20 16:46:13 - [MESSAGE][PASSED] - Delayed 1 second(s)

2022-06-20 16:46:13 - [MESSAGE][PASSED] - Object: 'Object Repository/1. Constant/xpath' is clicked on

2022-06-20 16:46:13 - [TEST_STEP][PASSED] - delay(3): Delayed 3 second(s)

2022-06-20 16:46:16 - [MESSAGE][PASSED] - Delayed 3 second(s)

2022-06-20 16:46:16 - [TEST_STEP][PASSED] - I.Delegate_Select_date_NextMonth("//*[@id="delegation_end_date_new1"]"): Object: 'Object Repository/1. Constant/xpath' is clicked on

2022-06-20 16:46:17 - [MESSAGE][PASSED] - Object: 'Object Repository/1. Constant/xpath' is clicked on

2022-06-20 16:46:19 - [MESSAGE][PASSED] - Delayed 2 second(s)

2022-06-20 16:46:19 - [MESSAGE][PASSED] - Object: 'Object Repository/1. Constant/xpath' is clicked on

2022-06-20 16:46:20 - [MESSAGE][PASSED] - Delayed 1 second(s)

2022-06-20 16:46:20 - [MESSAGE][PASSED] - Object: 'Object Repository/1. Constant/xpath' is clicked on

2022-06-20 16:46:20 - [TEST_STEP][PASSED] - delay(3): Delayed 3 second(s)

2022-06-20 16:46:23 - [MESSAGE][PASSED] - Delayed 3 second(s)

2022-06-20 16:46:23 - [TEST_STEP][PASSED] - selectOptionByValue(findTestObject("1. Constant/xpath", ["xpath":"//*[@id="delegation_select_user_new1"]"]), "1packaging2", false, STOP_ON_FAILURE): All options with value '1packaging2' are selected in object 'Object Repository/1. Constant/xpath' 

2022-06-20 16:46:24 - [MESSAGE][PASSED] - All options with value '1packaging2' are selected in object 'Object Repository/1. Constant/xpath' 

2022-06-20 16:46:24 - [TEST_STEP][PASSED] - delay(3): Delayed 3 second(s)

2022-06-20 16:46:27 - [MESSAGE][PASSED] - Delayed 3 second(s)

2022-06-20 16:46:27 - [TEST_STEP][PASSED] - I.click_button_javascript(findTestObject("1. Constant/xpath", ["xpath":"//*[@id="ModifierUser"]/div[3]/div/button"])): Execute JavaScript 'arguments[0].click()' successfully

2022-06-20 16:46:29 - [MESSAGE][PASSED] - Execute JavaScript 'arguments[0].click()' successfully

2022-06-20 16:46:29 - [TEST_STEP][PASSED] - I.Logout(): Delayed 3 second(s)

2022-06-20 16:46:32 - [MESSAGE][PASSED] - Delayed 3 second(s)

2022-06-20 16:46:32 - [MESSAGE][PASSED] - Object: 'Object Repository/1. Constant/xpath' is clicked on

2022-06-20 16:46:35 - [MESSAGE][PASSED] - Delayed 3 second(s)

2022-06-20 16:46:37 - [MESSAGE][PASSED] - Object: 'Object Repository/1. Constant/xpath' is clicked on

2022-06-20 16:46:40 - [MESSAGE][PASSED] - Delayed 3 second(s)

2022-06-20 16:46:40 - [TEST_STEP][PASSED] - I.Login_password("1packaging2", password_1packaging2): Object: 'Object Repository/1. Constant/xpath' is clicked on

2022-06-20 16:46:40 - [MESSAGE][PASSED] - Text '1packaging2' is set on object 'Object Repository/1. Constant/xpath'

2022-06-20 16:46:41 - [MESSAGE][PASSED] - Delayed 1 second(s)

2022-06-20 16:46:41 - [MESSAGE][PASSED] - Text 'diadeis' is set on object 'Object Repository/1. Constant/xpath'

2022-06-20 16:46:42 - [MESSAGE][PASSED] - Delayed 1 second(s)

2022-06-20 16:46:45 - [MESSAGE][PASSED] - Object: 'Object Repository/1. Constant/xpath' is clicked on

2022-06-20 16:46:45 - [TEST_STEP][PASSED] - takeScreenshot(): Taking screenshot successfully

2022-06-20 16:46:46 - [MESSAGE][PASSED] - Taking screenshot successfully
[[ATTACHMENT|D:\\Projet Test Auto\\Mediabox Test Automation [Test]\\Reports\\20220620_163716\\z01. Test Suites\\204. TestStarPack Out of Office (OOO)\\20220620_163717\\1655736405855.png]]

2022-06-20 16:46:46 - [TEST_STEP][PASSED] - delay(1): Delayed 1 second(s)

2022-06-20 16:46:47 - [MESSAGE][PASSED] - Delayed 1 second(s)

2022-06-20 16:46:47 - [TEST_STEP][PASSED] - click(findTestObject("1. Constant/xpath", ["xpath":"//*[@id="modal_delegations"]/div/div/div[3]/button"])): Object: 'Object Repository/1. Constant/xpath' is clicked on

2022-06-20 16:46:47 - [MESSAGE][PASSED] - Object: 'Object Repository/1. Constant/xpath' is clicked on

2022-06-20 16:46:47 - [TEST_STEP][PASSED] - click(findTestObject("1. Constant/xpath", ["xpath":"//*[@id="kt_header"]/div/div[2]/div[2]/div[1]/div/span/img"])): Object: 'Object Repository/1. Constant/xpath' is clicked on

2022-06-20 16:46:47 - [MESSAGE][PASSED] - Object: 'Object Repository/1. Constant/xpath' is clicked on

2022-06-20 16:46:47 - [TEST_STEP][PASSED] - delay(1): Delayed 1 second(s)

2022-06-20 16:46:48 - [MESSAGE][PASSED] - Delayed 1 second(s)

2022-06-20 16:46:48 - [TEST_STEP][PASSED] - click(findTestObject("1. Constant/xpath", ["xpath":"//*[@id="kt_header"]/div/div[2]/div[2]/div[2]/a[2]"])): Object: 'Object Repository/1. Constant/xpath' is clicked on

2022-06-20 16:46:51 - [MESSAGE][PASSED] - Object: 'Object Repository/1. Constant/xpath' is clicked on

2022-06-20 16:46:51 - [TEST_STEP][PASSED] - delay(1): Delayed 1 second(s)

2022-06-20 16:46:52 - [MESSAGE][PASSED] - Delayed 1 second(s)

2022-06-20 16:46:52 - [TEST_STEP][PASSED] - I.Pagedown(): Execute JavaScript 'window.scrollTo(0, document.body.scrollHeight)' successfully

2022-06-20 16:46:52 - [MESSAGE][PASSED] - Execute JavaScript 'window.scrollTo(0, document.body.scrollHeight)' successfully

2022-06-20 16:46:52 - [TEST_STEP][PASSED] - delay(1): Delayed 1 second(s)

2022-06-20 16:46:53 - [MESSAGE][PASSED] - Delayed 1 second(s)

2022-06-20 16:46:53 - [TEST_STEP][PASSED] - click(findTestObject("1. Constant/xpath", ["xpath":"/html/body/div[1]/div[2]/div[4]/div[3]/div/div/div/form/div[2]/div[2]/div[2]/div[4]/table/tbody/tr/td[3]/label"])): Object: 'Object Repository/1. Constant/xpath' is clicked on

2022-06-20 16:46:53 - [MESSAGE][PASSED] - Object: 'Object Repository/1. Constant/xpath' is clicked on

2022-06-20 16:46:53 - [TEST_STEP][PASSED] - delay(1): Delayed 1 second(s)

2022-06-20 16:46:54 - [MESSAGE][PASSED] - Delayed 1 second(s)

2022-06-20 16:46:54 - [TEST_STEP][PASSED] - I.click_button_javascript(findTestObject("1. Constant/xpath", ["xpath":"//*[@id="ModifierUser"]/div[3]/div/button"])): Execute JavaScript 'arguments[0].click()' successfully

2022-06-20 16:46:56 - [MESSAGE][PASSED] - Execute JavaScript 'arguments[0].click()' successfully

2022-06-20 16:46:56 - [TEST_STEP][PASSED] - I.Logout_xpath("//*[@id="kt_header"]/div/div[2]/div[2]/div[1]/div/span/img", "//*[@id="kt_header"]/div/div[2]/div[2]/div[2]/a[4]"): Wait for page load successfully

2022-06-20 16:46:56 - [MESSAGE][PASSED] - Object: 'Object Repository/1. Constant/xpath' is clicked on

2022-06-20 16:46:57 - [MESSAGE][PASSED] - Delayed 1 second(s)

2022-06-20 16:46:59 - [MESSAGE][PASSED] - Object: 'Object Repository/1. Constant/xpath' is clicked on

2022-06-20 16:47:00 - [MESSAGE][PASSED] - Delayed 1 second(s)

2022-06-20 16:47:00 - [MESSAGE][PASSED] - Wait for page load successfully

2022-06-20 16:47:00 - [TEST_STEP][PASSED] - I.Login_password("adelamatanieves", password_adelamatanieves): Object: 'Object Repository/1. Constant/xpath' is clicked on

2022-06-20 16:47:00 - [MESSAGE][PASSED] - Text 'adelamatanieves' is set on object 'Object Repository/1. Constant/xpath'

2022-06-20 16:47:01 - [MESSAGE][PASSED] - Delayed 1 second(s)

2022-06-20 16:47:01 - [MESSAGE][PASSED] - Text 'diadeis' is set on object 'Object Repository/1. Constant/xpath'

2022-06-20 16:47:02 - [MESSAGE][PASSED] - Delayed 1 second(s)

2022-06-20 16:47:08 - [MESSAGE][PASSED] - Object: 'Object Repository/1. Constant/xpath' is clicked on

2022-06-20 16:47:08 - [TEST_STEP][PASSED] - takeScreenshot(): Taking screenshot successfully

2022-06-20 16:47:09 - [MESSAGE][PASSED] - Taking screenshot successfully
[[ATTACHMENT|D:\\Projet Test Auto\\Mediabox Test Automation [Test]\\Reports\\20220620_163716\\z01. Test Suites\\204. TestStarPack Out of Office (OOO)\\20220620_163717\\1655736429022.png]]

2022-06-20 16:47:09 - [TEST_STEP][PASSED] - click(findTestObject("1. Constant/02_LHSMenu_Projects")): Object: 'Object Repository/1. Constant/02_LHSMenu_Projects' is clicked on

2022-06-20 16:47:13 - [MESSAGE][PASSED] - Object: 'Object Repository/1. Constant/02_LHSMenu_Projects' is clicked on

2022-06-20 16:47:13 - [TEST_STEP][PASSED] - click(findTestObject("xxx Todelete/3 ProjectListPage_Create_Project_Button")): Object: 'Object Repository/xxx Todelete/3 ProjectListPage_Create_Project_Button' is clicked on

2022-06-20 16:47:14 - [MESSAGE][PASSED] - Object: 'Object Repository/xxx Todelete/3 ProjectListPage_Create_Project_Button' is clicked on

2022-06-20 16:47:14 - [TEST_STEP][PASSED] - takeScreenshot(): Taking screenshot successfully

2022-06-20 16:47:15 - [MESSAGE][PASSED] - Taking screenshot successfully
[[ATTACHMENT|D:\\Projet Test Auto\\Mediabox Test Automation [Test]\\Reports\\20220620_163716\\z01. Test Suites\\204. TestStarPack Out of Office (OOO)\\20220620_163717\\1655736435017.png]]

2022-06-20 16:47:15 - [TEST_STEP][PASSED] - project_name0 = "AutoTest_Chrome_Starpack_OutOfOffice" + RandomStringUtils.randomAlphanumeric(10) + "_" + I.gettimedate(): null

2022-06-20 16:47:15 - [TEST_STEP][PASSED] - setText(findTestObject("HL Full Lifecycle/4 CreateProjPage_inputProjectname"), project_name0): Text 'AutoTest_Chrome_Starpack_OutOfOfficerZAsyAhMQ4_juin202022_164715' is set on object 'Object Repository/HL Full Lifecycle/4 CreateProjPage_inputProjectname'

2022-06-20 16:47:15 - [MESSAGE][PASSED] - Text 'AutoTest_Chrome_Starpack_OutOfOfficerZAsyAhMQ4_juin202022_164715' is set on object 'Object Repository/HL Full Lifecycle/4 CreateProjPage_inputProjectname'

2022-06-20 16:47:15 - [TEST_STEP][PASSED] - click(findTestObject("HL Full Lifecycle/4 CreateProjPage_Create Project_Bluebutton")): Object: 'Object Repository/HL Full Lifecycle/4 CreateProjPage_Create Project_Bluebutton' is clicked on

2022-06-20 16:47:20 - [MESSAGE][PASSED] - Object: 'Object Repository/HL Full Lifecycle/4 CreateProjPage_Create Project_Bluebutton' is clicked on

2022-06-20 16:47:20 - [TEST_STEP][PASSED] - delay(1): Delayed 1 second(s)

2022-06-20 16:47:21 - [MESSAGE][PASSED] - Delayed 1 second(s)

2022-06-20 16:47:21 - [TEST_STEP][PASSED] - takeScreenshot(): Taking screenshot successfully

2022-06-20 16:47:21 - [MESSAGE][PASSED] - Taking screenshot successfully
[[ATTACHMENT|D:\\Projet Test Auto\\Mediabox Test Automation [Test]\\Reports\\20220620_163716\\z01. Test Suites\\204. TestStarPack Out of Office (OOO)\\20220620_163717\\1655736441540.png]]

2022-06-20 16:47:21 - [TEST_STEP][PASSED] - selectOptionByValue(findTestObject("1. Constant/01_id_field_id", ["field_id":"var_98"]), "122", false): All options with value '122' are selected in object 'Object Repository/1. Constant/01_id_field_id' 

2022-06-20 16:47:22 - [MESSAGE][PASSED] - All options with value '122' are selected in object 'Object Repository/1. Constant/01_id_field_id' 

2022-06-20 16:47:22 - [TEST_STEP][PASSED] - delay(2): Delayed 2 second(s)

2022-06-20 16:47:24 - [MESSAGE][PASSED] - Delayed 2 second(s)

2022-06-20 16:47:24 - [TEST_STEP][PASSED] - selectOptionByValue(findTestObject("1. Constant/01_id_field_id", ["field_id":"var_9"]), "amartin_arbol", false): All options with value 'amartin_arbol' are selected in object 'Object Repository/1. Constant/01_id_field_id' 

2022-06-20 16:47:24 - [MESSAGE][PASSED] - All options with value 'amartin_arbol' are selected in object 'Object Repository/1. Constant/01_id_field_id' 

2022-06-20 16:47:24 - [TEST_STEP][PASSED] - delay(1): Delayed 1 second(s)

2022-06-20 16:47:25 - [MESSAGE][PASSED] - Delayed 1 second(s)

2022-06-20 16:47:25 - [TEST_STEP][PASSED] - selectOptionByValue(findTestObject("1. Constant/01_id_field_id", ["field_id":"var_10"]), "aterreshernandez", false): All options with value 'aterreshernandez' are selected in object 'Object Repository/1. Constant/01_id_field_id' 

2022-06-20 16:47:25 - [MESSAGE][PASSED] - All options with value 'aterreshernandez' are selected in object 'Object Repository/1. Constant/01_id_field_id' 

2022-06-20 16:47:25 - [TEST_STEP][PASSED] - delay(1): Delayed 1 second(s)

2022-06-20 16:47:26 - [MESSAGE][PASSED] - Delayed 1 second(s)

2022-06-20 16:47:26 - [TEST_STEP][PASSED] - selectOptionByValue(findTestObject("Object Repository/xxx Todelete/1.4 ModifyProPage_MF(IDP)"), "nalonsobermejo", true): All options with value 'nalonsobermejo' are selected in object 'Object Repository/xxx Todelete/1.4 ModifyProPage_MF(IDP)'  using regular expression

2022-06-20 16:47:27 - [MESSAGE][PASSED] - All options with value 'nalonsobermejo' are selected in object 'Object Repository/xxx Todelete/1.4 ModifyProPage_MF(IDP)'  using regular expression

2022-06-20 16:47:27 - [TEST_STEP][PASSED] - delay(1): Delayed 1 second(s)

2022-06-20 16:47:28 - [MESSAGE][PASSED] - Delayed 1 second(s)

2022-06-20 16:47:28 - [TEST_STEP][PASSED] - click(findTestObject("Object Repository/xxx Todelete/1.41 ModifyProPage_AddMF")): Object: 'Object Repository/xxx Todelete/1.41 ModifyProPage_AddMF' is clicked on

2022-06-20 16:47:28 - [MESSAGE][PASSED] - Object: 'Object Repository/xxx Todelete/1.41 ModifyProPage_AddMF' is clicked on

2022-06-20 16:47:28 - [TEST_STEP][PASSED] - delay(1): Delayed 1 second(s)

2022-06-20 16:47:29 - [MESSAGE][PASSED] - Delayed 1 second(s)

2022-06-20 16:47:29 - [TEST_STEP][PASSED] - selectOptionByValue(findTestObject("1. Constant/01_id_field_id", ["field_id":"var_15"]), "292", false): All options with value '292' are selected in object 'Object Repository/1. Constant/01_id_field_id' 

2022-06-20 16:47:29 - [MESSAGE][PASSED] - All options with value '292' are selected in object 'Object Repository/1. Constant/01_id_field_id' 

2022-06-20 16:47:29 - [TEST_STEP][PASSED] - delay(1): Delayed 1 second(s)

2022-06-20 16:47:30 - [MESSAGE][PASSED] - Delayed 1 second(s)

2022-06-20 16:47:30 - [TEST_STEP][PASSED] - selectOptionByValue(findTestObject("1. Constant/01_id_field_id", ["field_id":"var_26"]), "94", false): All options with value '94' are selected in object 'Object Repository/1. Constant/01_id_field_id' 

2022-06-20 16:47:31 - [MESSAGE][PASSED] - All options with value '94' are selected in object 'Object Repository/1. Constant/01_id_field_id' 

2022-06-20 16:47:31 - [TEST_STEP][PASSED] - delay(1): Delayed 1 second(s)

2022-06-20 16:47:32 - [MESSAGE][PASSED] - Delayed 1 second(s)

2022-06-20 16:47:32 - [TEST_STEP][PASSED] - selectOptionByValue(findTestObject("1. Constant/01_id_field_id", ["field_id":"var_12"]), "94", false): All options with value '94' are selected in object 'Object Repository/1. Constant/01_id_field_id' 

2022-06-20 16:47:32 - [MESSAGE][PASSED] - All options with value '94' are selected in object 'Object Repository/1. Constant/01_id_field_id' 

2022-06-20 16:47:32 - [TEST_STEP][PASSED] - delay(1): Delayed 1 second(s)

2022-06-20 16:47:33 - [MESSAGE][PASSED] - Delayed 1 second(s)

2022-06-20 16:47:33 - [TEST_STEP][PASSED] - selectOptionByValue(findTestObject("1. Constant/01_id_field_id", ["field_id":"var_27"]), "734", false): All options with value '734' are selected in object 'Object Repository/1. Constant/01_id_field_id' 

2022-06-20 16:47:33 - [MESSAGE][PASSED] - All options with value '734' are selected in object 'Object Repository/1. Constant/01_id_field_id' 

2022-06-20 16:47:33 - [TEST_STEP][PASSED] - delay(1): Delayed 1 second(s)

2022-06-20 16:47:34 - [MESSAGE][PASSED] - Delayed 1 second(s)

2022-06-20 16:47:34 - [TEST_STEP][PASSED] - selectOptionByValue(findTestObject("1. Constant/01_id_field_id", ["field_id":"var_71"]), "efood", false): All options with value 'efood' are selected in object 'Object Repository/1. Constant/01_id_field_id' 

2022-06-20 16:47:35 - [MESSAGE][PASSED] - All options with value 'efood' are selected in object 'Object Repository/1. Constant/01_id_field_id' 

2022-06-20 16:47:35 - [TEST_STEP][PASSED] - delay(1): Delayed 1 second(s)

2022-06-20 16:47:36 - [MESSAGE][PASSED] - Delayed 1 second(s)

2022-06-20 16:47:36 - [TEST_STEP][PASSED] - takeScreenshot(): Taking screenshot successfully

2022-06-20 16:47:36 - [MESSAGE][PASSED] - Taking screenshot successfully
[[ATTACHMENT|D:\\Projet Test Auto\\Mediabox Test Automation [Test]\\Reports\\20220620_163716\\z01. Test Suites\\204. TestStarPack Out of Office (OOO)\\20220620_163717\\1655736456381.png]]

2022-06-20 16:47:36 - [TEST_STEP][PASSED] - delay(5): Delayed 5 second(s)

2022-06-20 16:47:41 - [MESSAGE][PASSED] - Delayed 5 second(s)

2022-06-20 16:47:41 - [TEST_STEP][PASSED] - click(findTestObject("HL Full Lifecycle/5 ModifyProjPage_button_Update")): Object: 'Object Repository/HL Full Lifecycle/5 ModifyProjPage_button_Update' is clicked on

2022-06-20 16:47:47 - [MESSAGE][PASSED] - Object: 'Object Repository/HL Full Lifecycle/5 ModifyProjPage_button_Update' is clicked on

2022-06-20 16:47:47 - [TEST_STEP][PASSED] - delay(2): Delayed 2 second(s)

2022-06-20 16:47:49 - [MESSAGE][PASSED] - Delayed 2 second(s)

2022-06-20 16:47:49 - [TEST_STEP][PASSED] - Project_No = I.ProjectNo(): Current window's url is: 'https://mdb-v3-test.diadeis.com/MediaboxIndependence/Base/ExecAction?IDSession=MBI%21RELTEST_STARPACK%21H6TA9UOV00X4EEQU9TBXDHB36LLLONUM74ORMUAY&default_action=AfficheFichesProjet&id_project=MI000959'

2022-06-20 16:47:54 - [MESSAGE][PASSED] - Delayed 5 second(s)

2022-06-20 16:47:54 - [MESSAGE][PASSED] - Current window's url is: 'https://mdb-v3-test.diadeis.com/MediaboxIndependence/Base/ExecAction?IDSession=MBI%21RELTEST_STARPACK%21H6TA9UOV00X4EEQU9TBXDHB36LLLONUM74ORMUAY&default_action=AfficheFichesProjet&id_project=MI000959'

2022-06-20 16:47:54 - [TEST_STEP][PASSED] - click(findTestObject("HL Full Lifecycle/6 ReferenceListPage_createrefbutton")): Object: 'Object Repository/HL Full Lifecycle/6 ReferenceListPage_createrefbutton' is clicked on

2022-06-20 16:47:54 - [MESSAGE][PASSED] - Object: 'Object Repository/HL Full Lifecycle/6 ReferenceListPage_createrefbutton' is clicked on

2022-06-20 16:47:54 - [TEST_STEP][PASSED] - click(findTestObject("HL Full Lifecycle/6 ReferenceListPaga_Create a component_button")): Object: 'Object Repository/HL Full Lifecycle/6 ReferenceListPaga_Create a component_button' is clicked on

2022-06-20 16:47:58 - [MESSAGE][PASSED] - Object: 'Object Repository/HL Full Lifecycle/6 ReferenceListPaga_Create a component_button' is clicked on

2022-06-20 16:47:58 - [TEST_STEP][PASSED] - waitForPageLoad(10): Wait for page load successfully

2022-06-20 16:47:58 - [MESSAGE][PASSED] - Wait for page load successfully

2022-06-20 16:47:58 - [TEST_STEP][PASSED] - takeScreenshot(): Taking screenshot successfully

2022-06-20 16:47:58 - [MESSAGE][PASSED] - Taking screenshot successfully
[[ATTACHMENT|D:\\Projet Test Auto\\Mediabox Test Automation [Test]\\Reports\\20220620_163716\\z01. Test Suites\\204. TestStarPack Out of Office (OOO)\\20220620_163717\\1655736478283.png]]

2022-06-20 16:47:58 - [TEST_STEP][PASSED] - selectOptionByValue(findTestObject("1. Constant/01_id_field_id", ["field_id":"ref_type"]), "6", false): All options with value '6' are selected in object 'Object Repository/1. Constant/01_id_field_id' 

2022-06-20 16:48:00 - [MESSAGE][PASSED] - All options with value '6' are selected in object 'Object Repository/1. Constant/01_id_field_id' 

2022-06-20 16:48:00 - [TEST_STEP][PASSED] - delay(2): Delayed 2 second(s)

2022-06-20 16:48:02 - [MESSAGE][PASSED] - Delayed 2 second(s)

2022-06-20 16:48:02 - [TEST_STEP][PASSED] - click(findTestObject("HL Full Lifecycle/6 ReferencePg_Create a component_bluebutton")): Object: 'Object Repository/HL Full Lifecycle/6 ReferencePg_Create a component_bluebutton' is clicked on

2022-06-20 16:48:09 - [MESSAGE][PASSED] - Object: 'Object Repository/HL Full Lifecycle/6 ReferencePg_Create a component_bluebutton' is clicked on

2022-06-20 16:48:09 - [TEST_STEP][PASSED] - delay(2): Delayed 2 second(s)

2022-06-20 16:48:11 - [MESSAGE][PASSED] - Delayed 2 second(s)

2022-06-20 16:48:11 - [TEST_STEP][PASSED] - refID = I.RefID(): Current window's url is: 'https://mdb-v3-test.diadeis.com/MediaboxIndependence/Base/ExecAction?IDSession=MBI%21RELTEST_STARPACK%21H6TA9UOV00X4EEQU9TBXDHB36LLLONUM74ORMUAY&default_action=ModifierRef&id_project=MI000959&id_ref=5909&action_from=create_ref'

2022-06-20 16:48:16 - [MESSAGE][PASSED] - Delayed 5 second(s)

2022-06-20 16:48:16 - [MESSAGE][PASSED] - Current window's url is: 'https://mdb-v3-test.diadeis.com/MediaboxIndependence/Base/ExecAction?IDSession=MBI%21RELTEST_STARPACK%21H6TA9UOV00X4EEQU9TBXDHB36LLLONUM74ORMUAY&default_action=ModifierRef&id_project=MI000959&id_ref=5909&action_from=create_ref'

2022-06-20 16:48:16 - [TEST_STEP][PASSED] - takeScreenshot(): Taking screenshot successfully

2022-06-20 16:48:17 - [MESSAGE][PASSED] - Taking screenshot successfully
[[ATTACHMENT|D:\\Projet Test Auto\\Mediabox Test Automation [Test]\\Reports\\20220620_163716\\z01. Test Suites\\204. TestStarPack Out of Office (OOO)\\20220620_163717\\1655736496700.png]]

2022-06-20 16:48:17 - [TEST_STEP][PASSED] - sendKeys(findTestObject("1. Constant/01_id_field_id", ["field_id":"var_28"]), "209293"): Keys '209293' sent to object: 'Object Repository/1. Constant/01_id_field_id'

2022-06-20 16:48:17 - [MESSAGE][PASSED] - Keys '209293' sent to object: 'Object Repository/1. Constant/01_id_field_id'

2022-06-20 16:48:17 - [TEST_STEP][PASSED] - sendKeys(findTestObject("1. Constant/01_id_field_id", ["field_id":"var_30"]), "test Submarca"): Keys 'test Submarca' sent to object: 'Object Repository/1. Constant/01_id_field_id'

2022-06-20 16:48:17 - [MESSAGE][PASSED] - Keys 'test Submarca' sent to object: 'Object Repository/1. Constant/01_id_field_id'

2022-06-20 16:48:17 - [TEST_STEP][PASSED] - sendKeys(findTestObject("1. Constant/01_id_field_id", ["field_id":"var_31"]), "test Submarca Vínculo con bulto: test Submarca"): Keys 'test Submarca Vínculo con bulto: test Submarca' sent to object: 'Object Repository/1. Constant/01_id_field_id'

2022-06-20 16:48:18 - [MESSAGE][PASSED] - Keys 'test Submarca Vínculo con bulto: test Submarca' sent to object: 'Object Repository/1. Constant/01_id_field_id'

2022-06-20 16:48:18 - [TEST_STEP][PASSED] - selectOptionByValue(findTestObject("1. Constant/01_id_field_id", ["field_id":"var_38"]), "24", false): All options with value '24' are selected in object 'Object Repository/1. Constant/01_id_field_id' 

2022-06-20 16:48:18 - [MESSAGE][PASSED] - All options with value '24' are selected in object 'Object Repository/1. Constant/01_id_field_id' 

2022-06-20 16:48:18 - [TEST_STEP][PASSED] - sendKeys(findTestObject("1. Constant/01_id_field_id", ["field_id":"var_39"]), "8480017155061"): Keys '8480017155061' sent to object: 'Object Repository/1. Constant/01_id_field_id'

2022-06-20 16:48:19 - [MESSAGE][PASSED] - Keys '8480017155061' sent to object: 'Object Repository/1. Constant/01_id_field_id'

2022-06-20 16:48:19 - [TEST_STEP][PASSED] - selectOptionByValue(findTestObject("1. Constant/01_id_field_id", ["field_id":"selSource_19"]), "22", false): All options with value '22' are selected in object 'Object Repository/1. Constant/01_id_field_id' 

2022-06-20 16:48:19 - [MESSAGE][PASSED] - All options with value '22' are selected in object 'Object Repository/1. Constant/01_id_field_id' 

2022-06-20 16:48:19 - [TEST_STEP][PASSED] - click(findTestObject("Object Repository/xxx Todelete/2.01 ModifyRef_Pais")): Object: 'Object Repository/xxx Todelete/2.01 ModifyRef_Pais' is clicked on

2022-06-20 16:48:19 - [MESSAGE][PASSED] - Object: 'Object Repository/xxx Todelete/2.01 ModifyRef_Pais' is clicked on

2022-06-20 16:48:19 - [TEST_STEP][PASSED] - selectOptionByValue(findTestObject("1. Constant/01_id_field_id", ["field_id":"var_75"]), "26", false): All options with value '26' are selected in object 'Object Repository/1. Constant/01_id_field_id' 

2022-06-20 16:48:20 - [MESSAGE][PASSED] - All options with value '26' are selected in object 'Object Repository/1. Constant/01_id_field_id' 

2022-06-20 16:48:20 - [TEST_STEP][PASSED] - click(findTestObject("HL Full Lifecycle/7 ModifyRefPage_button_Save")): Object: 'Object Repository/HL Full Lifecycle/7 ModifyRefPage_button_Save' is clicked on

2022-06-20 16:48:25 - [MESSAGE][PASSED] - Object: 'Object Repository/HL Full Lifecycle/7 ModifyRefPage_button_Save' is clicked on

2022-06-20 16:48:25 - [TEST_STEP][PASSED] - click(findTestObject("1. Constant/xpath", ["xpath":"/html/body/div[1]/div[2]/div[4]/div[3]/div/div[2]/div[2]/div[1]/table/tbody/tr[2]/td[4]/a"])): Object: 'Object Repository/1. Constant/xpath' is clicked on

2022-06-20 16:48:29 - [MESSAGE][PASSED] - Object: 'Object Repository/1. Constant/xpath' is clicked on

2022-06-20 16:48:29 - [TEST_STEP][PASSED] - delay(1): Delayed 1 second(s)

2022-06-20 16:48:30 - [MESSAGE][PASSED] - Delayed 1 second(s)

2022-06-20 16:48:30 - [TEST_STEP][PASSED] - click(findTestObject("1. Constant/xpath", ["xpath":"//*[@id="kt_content"]/div[3]/div/ul/li[3]/a"])): Object: 'Object Repository/1. Constant/xpath' is clicked on

2022-06-20 16:48:34 - [MESSAGE][PASSED] - Object: 'Object Repository/1. Constant/xpath' is clicked on

2022-06-20 16:48:34 - [TEST_STEP][PASSED] - I.Pagedown(): Execute JavaScript 'window.scrollTo(0, document.body.scrollHeight)' successfully

2022-06-20 16:48:34 - [MESSAGE][PASSED] - Execute JavaScript 'window.scrollTo(0, document.body.scrollHeight)' successfully

2022-06-20 16:48:34 - [TEST_STEP][PASSED] - delay(2): Delayed 2 second(s)

2022-06-20 16:48:36 - [MESSAGE][PASSED] - Delayed 2 second(s)

2022-06-20 16:48:36 - [TEST_STEP][PASSED] - i = 1: null

2022-06-20 16:48:36 - [TEST_STEP][PASSED] - while (i <= 8): null

2022-06-20 16:48:36 - [TEST_STEP][PASSED] - name = getText(findTestObject("1. Constant/xpath", ["xpath":"/html/body/div[1]/div[2]/div[8]/div[3]/div/div[3]/div[3]/div/div/div[1]/div/div[1]/div/div[2]/div[2]/div[" + i + "]/div/div[3]"])): Text of object 'Object Repository/1. Constant/xpath' is: 'packaging1 1'

2022-06-20 16:48:37 - [MESSAGE][PASSED] - Text of object 'Object Repository/1. Constant/xpath' is: 'packaging1 1'

2022-06-20 16:48:37 - [TEST_STEP][PASSED] - if (name == "Mónica DelRio"): null

2022-06-20 16:48:37 - [TEST_STEP][PASSED] - else: null

2022-06-20 16:48:37 - [TEST_STEP][PASSED] - i = i + 1: null

2022-06-20 16:48:37 - [TEST_STEP][PASSED] - name = getText(findTestObject("1. Constant/xpath", ["xpath":"/html/body/div[1]/div[2]/div[8]/div[3]/div/div[3]/div[3]/div/div/div[1]/div/div[1]/div/div[2]/div[2]/div[" + i + "]/div/div[3]"])): Text of object 'Object Repository/1. Constant/xpath' is: 'ANA DELAMATANIEVES'

2022-06-20 16:48:37 - [MESSAGE][PASSED] - Text of object 'Object Repository/1. Constant/xpath' is: 'ANA DELAMATANIEVES'

2022-06-20 16:48:37 - [TEST_STEP][PASSED] - if (name == "Mónica DelRio"): null

2022-06-20 16:48:37 - [TEST_STEP][PASSED] - else: null

2022-06-20 16:48:37 - [TEST_STEP][PASSED] - i = i + 1: null

2022-06-20 16:48:37 - [TEST_STEP][PASSED] - name = getText(findTestObject("1. Constant/xpath", ["xpath":"/html/body/div[1]/div[2]/div[8]/div[3]/div/div[3]/div[3]/div/div/div[1]/div/div[1]/div/div[2]/div[2]/div[" + i + "]/div/div[3]"])): Text of object 'Object Repository/1. Constant/xpath' is: 'YOLANDA SANZMONEDERO'

2022-06-20 16:48:37 - [MESSAGE][PASSED] - Text of object 'Object Repository/1. Constant/xpath' is: 'YOLANDA SANZMONEDERO'

2022-06-20 16:48:37 - [TEST_STEP][PASSED] - if (name == "Mónica DelRio"): null

2022-06-20 16:48:37 - [TEST_STEP][PASSED] - else: null

2022-06-20 16:48:37 - [TEST_STEP][PASSED] - i = i + 1: null

2022-06-20 16:48:37 - [TEST_STEP][PASSED] - name = getText(findTestObject("1. Constant/xpath", ["xpath":"/html/body/div[1]/div[2]/div[8]/div[3]/div/div[3]/div[3]/div/div/div[1]/div/div[1]/div/div[2]/div[2]/div[" + i + "]/div/div[3]"])): Text of object 'Object Repository/1. Constant/xpath' is: 'Adela GarciaSanchez'

2022-06-20 16:48:38 - [MESSAGE][PASSED] - Text of object 'Object Repository/1. Constant/xpath' is: 'Adela GarciaSanchez'

2022-06-20 16:48:38 - [TEST_STEP][PASSED] - if (name == "Mónica DelRio"): null

2022-06-20 16:48:38 - [TEST_STEP][PASSED] - else: null

2022-06-20 16:48:38 - [TEST_STEP][PASSED] - i = i + 1: null

2022-06-20 16:48:38 - [TEST_STEP][PASSED] - name = getText(findTestObject("1. Constant/xpath", ["xpath":"/html/body/div[1]/div[2]/div[8]/div[3]/div/div[3]/div[3]/div/div/div[1]/div/div[1]/div/div[2]/div[2]/div[" + i + "]/div/div[3]"])): Text of object 'Object Repository/1. Constant/xpath' is: 'BEATRIZ SOLLETBRAVO'

2022-06-20 16:48:38 - [MESSAGE][PASSED] - Text of object 'Object Repository/1. Constant/xpath' is: 'BEATRIZ SOLLETBRAVO'

2022-06-20 16:48:38 - [TEST_STEP][PASSED] - if (name == "Mónica DelRio"): null

2022-06-20 16:48:38 - [TEST_STEP][PASSED] - else: null

2022-06-20 16:48:38 - [TEST_STEP][PASSED] - i = i + 1: null

2022-06-20 16:48:38 - [TEST_STEP][PASSED] - name = getText(findTestObject("1. Constant/xpath", ["xpath":"/html/body/div[1]/div[2]/div[8]/div[3]/div/div[3]/div[3]/div/div/div[1]/div/div[1]/div/div[2]/div[2]/div[" + i + "]/div/div[3]"])): Text of object 'Object Repository/1. Constant/xpath' is: 'Mónica DelRio'

2022-06-20 16:48:38 - [MESSAGE][PASSED] - Text of object 'Object Repository/1. Constant/xpath' is: 'Mónica DelRio'

2022-06-20 16:48:38 - [TEST_STEP][PASSED] - if (name == "Mónica DelRio"): null

2022-06-20 16:48:38 - [TEST_STEP][PASSED] - verifyElementVisible(findTestObject("1. Constant/xpath", ["xpath":"/html/body/div[1]/div[2]/div[8]/div[3]/div/div[3]/div[3]/div/div/div[1]/div/div[1]/div/div[2]/div[2]/div[" + i + "]/div/div[1]/div/i"])): Object 'Object Repository/1. Constant/xpath' is visible

2022-06-20 16:48:38 - [MESSAGE][PASSED] - Object 'Object Repository/1. Constant/xpath' is visible

2022-06-20 16:48:38 - [TEST_STEP][PASSED] - mouseOver(findTestObject("1. Constant/xpath", ["xpath":"/html/body/div[1]/div[2]/div[8]/div[3]/div/div[3]/div[3]/div/div/div[1]/div/div[1]/div/div[2]/div[2]/div[" + i + "]/div/div[1]/div/i"])): Object: 'Object Repository/1. Constant/xpath' is hovered

2022-06-20 16:48:39 - [MESSAGE][PASSED] - Object: 'Object Repository/1. Constant/xpath' is hovered

2022-06-20 16:48:39 - [TEST_STEP][PASSED] - delay(1): Delayed 1 second(s)

2022-06-20 16:48:40 - [MESSAGE][PASSED] - Delayed 1 second(s)

2022-06-20 16:48:40 - [TEST_STEP][PASSED] - tooltip1 = getText(findTestObject("1. Constant/xpath", ["xpath":"/html/body/div[1]/div[2]/div[8]/div[3]/div/div[3]/div[3]/div/div/div[1]/div/div[1]/div/div[2]/div[2]/div[" + i + "]/div/div[1]/div/div"])): Text of object 'Object Repository/1. Constant/xpath' is: 'Ausente de oficina

Tareas delegadas a : 1packaging2'

2022-06-20 16:48:40 - [MESSAGE][PASSED] - Text of object 'Object Repository/1. Constant/xpath' is: 'Ausente de oficina

Tareas delegadas a : 1packaging2'

2022-06-20 16:48:40 - [TEST_STEP][PASSED] - I.print(tooltip1): null

2022-06-20 16:48:40 - [TEST_STEP][PASSED] - verifyMatch(tooltip1, "Ausente de oficina" + "

" + "Tareas delegadas a : 1packaging2", false): Actual text 'Ausente de oficina

Tareas delegadas a : 1packaging2' and expected text 'Ausente de oficina

Tareas delegadas a : 1packaging2' are matched 

2022-06-20 16:48:40 - [MESSAGE][PASSED] - Actual text 'Ausente de oficina

Tareas delegadas a : 1packaging2' and expected text 'Ausente de oficina

Tareas delegadas a : 1packaging2' are matched 

2022-06-20 16:48:40 - [TEST_STEP][PASSED] - i = 9: null

2022-06-20 16:48:40 - [TEST_STEP][PASSED] - I.Logout(): Delayed 3 second(s)

2022-06-20 16:48:43 - [MESSAGE][PASSED] - Delayed 3 second(s)

2022-06-20 16:48:43 - [MESSAGE][PASSED] - Object: 'Object Repository/1. Constant/xpath' is clicked on

2022-06-20 16:48:46 - [MESSAGE][PASSED] - Delayed 3 second(s)

2022-06-20 16:48:48 - [MESSAGE][PASSED] - Object: 'Object Repository/1. Constant/xpath' is clicked on

2022-06-20 16:48:51 - [MESSAGE][PASSED] - Delayed 3 second(s)

2022-06-20 16:48:51 - [TEST_STEP][PASSED] - I.Login_password("mdelrio", password_mdelrio): Object: 'Object Repository/1. Constant/xpath' is clicked on

2022-06-20 16:48:51 - [MESSAGE][PASSED] - Text 'mdelrio' is set on object 'Object Repository/1. Constant/xpath'

2022-06-20 16:48:52 - [MESSAGE][PASSED] - Delayed 1 second(s)

2022-06-20 16:48:53 - [MESSAGE][PASSED] - Text 'diadeis' is set on object 'Object Repository/1. Constant/xpath'

2022-06-20 16:48:54 - [MESSAGE][PASSED] - Delayed 1 second(s)

2022-06-20 16:48:57 - [MESSAGE][PASSED] - Object: 'Object Repository/1. Constant/xpath' is clicked on

2022-06-20 16:48:57 - [TEST_STEP][PASSED] - takeScreenshot(): Taking screenshot successfully

2022-06-20 16:48:57 - [MESSAGE][PASSED] - Taking screenshot successfully
[[ATTACHMENT|D:\\Projet Test Auto\\Mediabox Test Automation [Test]\\Reports\\20220620_163716\\z01. Test Suites\\204. TestStarPack Out of Office (OOO)\\20220620_163717\\1655736537496.png]]

2022-06-20 16:48:57 - [TEST_STEP][PASSED] - I.Go_to_MyProfile(): Delayed 1 second(s)

2022-06-20 16:48:58 - [MESSAGE][PASSED] - Object: 'Object Repository/1. Constant/xpath' is clicked on

2022-06-20 16:48:59 - [MESSAGE][PASSED] - Delayed 1 second(s)

2022-06-20 16:49:01 - [MESSAGE][PASSED] - Object: 'Object Repository/1. Constant/xpath' is clicked on

2022-06-20 16:49:02 - [MESSAGE][PASSED] - Delayed 1 second(s)

2022-06-20 16:49:02 - [TEST_STEP][PASSED] - I.Pagedown(): Execute JavaScript 'window.scrollTo(0, document.body.scrollHeight)' successfully

2022-06-20 16:49:02 - [MESSAGE][PASSED] - Execute JavaScript 'window.scrollTo(0, document.body.scrollHeight)' successfully

2022-06-20 16:49:02 - [TEST_STEP][PASSED] - I.click_button_javascriptS("/html/body/div[1]/div[2]/div[4]/div[3]/div/div/div/form/div[2]/div[2]/div[2]/div[2]/table/tbody/tr/td[6]/button[1]"): Execute JavaScript 'arguments[0].click()' successfully

2022-06-20 16:49:02 - [MESSAGE][PASSED] - Execute JavaScript 'arguments[0].click()' successfully

2022-06-20 16:49:02 - [TEST_STEP][PASSED] - delay(1): Delayed 1 second(s)

2022-06-20 16:49:03 - [MESSAGE][PASSED] - Delayed 1 second(s)

2022-06-20 16:49:03 - [TEST_STEP][PASSED] - click(findTestObject("1. Constant/xpath", ["xpath":"//*[@id="ModifierUser"]/div[3]/div/button"])): Object: 'Object Repository/1. Constant/xpath' is clicked on

2022-06-20 16:49:05 - [MESSAGE][PASSED] - Object: 'Object Repository/1. Constant/xpath' is clicked on

2022-06-20 16:49:05 - [TEST_STEP][PASSED] - delay(1): Delayed 1 second(s)

2022-06-20 16:49:06 - [MESSAGE][PASSED] - Delayed 1 second(s)

2022-06-20 16:49:06 - [TEST_STEP][PASSED] - closeBrowser(): Browser is closed

2022-06-20 16:49:07 - [MESSAGE][PASSED] - Browser is closed

2022-06-20 16:49:07 - [TEST_STEP][PASSED] - Start listener action : sampleAfterTestCase: null]]></system-out>
         <system-err><![CDATA[]]></system-err>
      </testcase>
      <system-out><![CDATA[2022-06-20 16:37:30 - [TEST_SUITE][PASSED] - 204. TestStarPack Out of Office (OOO): Test Cases/204. TestStarPack Out of Office (OOO)/204.03 TestStarpack Add A delegate _ accounts delegated to me check]]></system-out>
      <system-err><![CDATA[]]></system-err>
   </testsuite>
</testsuites>
