<?xml version="1.0" encoding="UTF-8"?>
<testsuites name="205. TestStarpack Email for login" time="397.629" tests="2" failures="0" errors="0">
   <testsuite name="205. TestStarpack Email for login" tests="2" failures="0" errors="0" time="397.629" skipped="0" timestamp="2022-06-20 17:06:00" hostname="lamhe - DPF-MBI-VERIF.ad.sgsco.int" id="Test Suites/z01. Test Suites/205. TestStarpack Email for login">
      <properties>
         <property name="deviceName" value=""/>
         <property name="devicePlatform" value=""/>
         <property name="logFolder" value="D:\\Projet Test Auto\\Mediabox Test Automation [Test]\\Reports\\20220620_170549\\z01. Test Suites\\205. TestStarpack Email for login\\20220620_170550"/>
         <property name="logFiles" value="D:\\Projet Test Auto\\Mediabox Test Automation [Test]\\Reports\\20220620_170549\\z01. Test Suites\\205. TestStarpack Email for login\\20220620_170550\\execution0.log"/>
         <property name="attachments" value="D:\\Projet Test Auto\\Mediabox Test Automation [Test]\\Reports\\20220620_170549\\z01. Test Suites\\205. TestStarpack Email for login\\20220620_170550\\1655737581061.png, D:\\Projet Test Auto\\Mediabox Test Automation [Test]\\Reports\\20220620_170549\\z01. Test Suites\\205. TestStarpack Email for login\\20220620_170550\\1655737613012.png, D:\\Projet Test Auto\\Mediabox Test Automation [Test]\\Reports\\20220620_170549\\z01. Test Suites\\205. TestStarpack Email for login\\20220620_170550\\1655737767128.png, D:\\Projet Test Auto\\Mediabox Test Automation [Test]\\Reports\\20220620_170549\\z01. Test Suites\\205. TestStarpack Email for login\\20220620_170550\\1655737811059.png"/>
         <property name="hostName" value="lamhe - DPF-MBI-VERIF.ad.sgsco.int"/>
         <property name="os" value="Windows 10 64bit"/>
         <property name="katalonVersion" value="8.3.0.208"/>
         <property name="browser" value="Chrome 102.0.5005.115"/>
         <property name="hostAddress" value="10.15.10.53"/>
         <property name="sessionId" value="56e65036d544148a40092150147d5da0"/>
         <property name="seleniumVersion" value="3.141.59"/>
         <property name="proxyInformation" value="ProxyInformation { proxyOption=NO_PROXY, proxyServerType=HTTP, username=, password=********, proxyServerAddress=, proxyServerPort=0, executionList=&quot;&quot;, isApplyToDesiredCapabilities=true }"/>
         <property name="platform" value="Windows 10"/>
      </properties>
      <testcase name="Test Cases/201. TestStarPack_Login_Logout_Email/201.11 Verification Email pour le reset password (201.01)" time="201.752" classname="Test Cases/201. TestStarPack_Login_Logout_Email/201.11 Verification Email pour le reset password (201.01)" status="PASSED">
         <system-out><![CDATA[2022-06-20 17:06:00 - [TEST_CASE][PASSED] - Test Cases/201. TestStarPack_Login_Logout_Email/201.11 Verification Email pour le reset password (201.01): Test Cases/201. TestStarPack_Login_Logout_Email/201.11 Verification Email pour le reset password (201.01)

2022-06-20 17:06:03 - [TEST_STEP][PASSED] - data_urlTestAUTO = findTestData("Data Files/URL/URL_testauto"): null

2022-06-20 17:06:04 - [TEST_STEP][PASSED] - Url_Starpack = data_urlTestAUTO.getValue(2, 2): null

2022-06-20 17:06:04 - [TEST_STEP][PASSED] - login = "flndhx162043": null

2022-06-20 17:06:04 - [TEST_STEP][PASSED] - I.print(login): null

2022-06-20 17:06:04 - [TEST_STEP][PASSED] - FLName = "FN1V5 LNDHx162043": null

2022-06-20 17:06:04 - [TEST_STEP][PASSED] - password_mediaboxCreation = "Diadeis*1": null

2022-06-20 17:06:04 - [TEST_STEP][PASSED] - openBrowser(""): Browser is opened with url: ''

2022-06-20 17:06:05 - [MESSAGE][INFO] - Starting 'Chrome' driver

2022-06-20 17:06:05 - [MESSAGE][INFO] - User set preference: ['arg', '[[--lang=en-GB]]']

2022-06-20 17:06:05 - [MESSAGE][INFO] - Action delay is set to 0 milliseconds

2022-06-20 17:06:20 - [MESSAGE][PASSED] - Browser is opened with url: ''

2022-06-20 17:06:20 - [TEST_STEP][PASSED] - maximizeWindow(): Current window maximized

2022-06-20 17:06:20 - [MESSAGE][PASSED] - Current window maximized

2022-06-20 17:06:20 - [TEST_STEP][PASSED] - waitForPageLoad(30): Wait for page load successfully

2022-06-20 17:06:20 - [MESSAGE][PASSED] - Wait for page load successfully

2022-06-20 17:06:20 - [TEST_STEP][PASSED] - takeScreenshot(): Taking screenshot successfully

2022-06-20 17:06:21 - [MESSAGE][PASSED] - Taking screenshot successfully
[[ATTACHMENT|D:\\Projet Test Auto\\Mediabox Test Automation [Test]\\Reports\\20220620_170549\\z01. Test Suites\\205. TestStarpack Email for login\\20220620_170550\\1655737581061.png]]

2022-06-20 17:06:21 - [TEST_STEP][PASSED] - I.Login_gmail("testmediabox.modif@gmail.com", password_mediaboxCreation): Navigate to 'https://mail.google.com/mail/u/0/#inbox' successfully

2022-06-20 17:06:25 - [MESSAGE][PASSED] - Navigate to 'https://accounts.google.com/signin/v2/identifier?continue=https%3A%2F%2Fmail.google.com%2Fmail%2F&service=mail&sacu=1&rip=1&flowName=GlifWebSignIn&flowEntry=ServiceLogin' successfully

2022-06-20 17:06:26 - [MESSAGE][PASSED] - Delayed 1 second(s)

2022-06-20 17:06:27 - [MESSAGE][PASSED] - Text 'testmediabox.modif@gmail.com' is set on object 'Object Repository/1. Constant/xpath'

2022-06-20 17:06:28 - [MESSAGE][PASSED] - Delayed 1 second(s)

2022-06-20 17:06:28 - [MESSAGE][PASSED] - Object: 'Object Repository/1. Constant/xpath' is clicked on

2022-06-20 17:06:29 - [MESSAGE][PASSED] - Delayed 1 second(s)

2022-06-20 17:06:30 - [MESSAGE][PASSED] - Text 'Diadeis*1' is set on object 'Object Repository/1. Constant/xpath'

2022-06-20 17:06:31 - [MESSAGE][PASSED] - Delayed 1 second(s)

2022-06-20 17:06:32 - [MESSAGE][PASSED] - Object: 'Object Repository/1. Constant/xpath' is clicked on

2022-06-20 17:06:33 - [MESSAGE][PASSED] - Delayed 1 second(s)

2022-06-20 17:06:49 - [MESSAGE][PASSED] - Navigate to 'https://mail.google.com/mail/u/0/#inbox' successfully

2022-06-20 17:06:49 - [TEST_STEP][PASSED] - setText(findTestObject("1. Constant/xpath", ["xpath":"//*[@id="gs_lc50"]/input[1]"]), "Your login information " + login): Text 'Your login information flndhx162043' is set on object 'Object Repository/1. Constant/xpath'

2022-06-20 17:06:50 - [MESSAGE][PASSED] - Text 'Your login information flndhx162043' is set on object 'Object Repository/1. Constant/xpath'

2022-06-20 17:06:50 - [TEST_STEP][PASSED] - click(findTestObject("1. Constant/xpath", ["xpath":"//*[@id="aso_search_form_anchor"]/button[4]"])): Object: 'Object Repository/1. Constant/xpath' is clicked on

2022-06-20 17:06:51 - [MESSAGE][PASSED] - Object: 'Object Repository/1. Constant/xpath' is clicked on

2022-06-20 17:06:51 - [TEST_STEP][PASSED] - takeScreenshot(): Taking screenshot successfully

2022-06-20 17:06:53 - [MESSAGE][PASSED] - Taking screenshot successfully
[[ATTACHMENT|D:\\Projet Test Auto\\Mediabox Test Automation [Test]\\Reports\\20220620_170549\\z01. Test Suites\\205. TestStarpack Email for login\\20220620_170550\\1655737613012.png]]

2022-06-20 17:06:53 - [TEST_STEP][PASSED] - delay(5): Delayed 5 second(s)

2022-06-20 17:06:58 - [MESSAGE][PASSED] - Delayed 5 second(s)

2022-06-20 17:06:58 - [TEST_STEP][PASSED] - click(findTestObject("1. Constant/xpath", ["xpath":"/html/body/div[7]/div[3]/div/div[2]/div[1]/div[2]/div/div/div/div/div[2]/div/div[1]/div/div[2]/div[5]/div[2]/div/table/tbody/tr"])): Object: 'Object Repository/1. Constant/xpath' is clicked on

2022-06-20 17:06:58 - [MESSAGE][PASSED] - Object: 'Object Repository/1. Constant/xpath' is clicked on

2022-06-20 17:06:58 - [TEST_STEP][PASSED] - password_new = getText(findTestObject("1. Constant/xpath", ["xpath":"/html/body/div[7]/div[3]/div/div[2]/div[1]/div[2]/div/div/div/div/div[2]/div/div[1]/div/div[3]/div/table/tr/td[1]/div[2]/div[2]/div/div[3]/div[1]/div/div/div/div/div[1]/div[2]/div[3]/div[3]/div/div[2]/table/tbody/tr[2]/td/table/tbody/tr[3]/td[2]"])): Text of object 'Object Repository/1. Constant/xpath' is: '05PB8HOZ'

2022-06-20 17:07:02 - [MESSAGE][PASSED] - Text of object 'Object Repository/1. Constant/xpath' is: '05PB8HOZ'

2022-06-20 17:07:02 - [TEST_STEP][PASSED] - I.print("password - " + password_new): null

2022-06-20 17:07:02 - [TEST_STEP][PASSED] - delay(5): Delayed 5 second(s)

2022-06-20 17:07:07 - [MESSAGE][PASSED] - Delayed 5 second(s)

2022-06-20 17:07:07 - [TEST_STEP][PASSED] - url_new = Url_Starpack: null

2022-06-20 17:07:07 - [TEST_STEP][PASSED] - I.print("url - " + url_new): null

2022-06-20 17:07:07 - [TEST_STEP][PASSED] - navigateToUrl(url_new): Navigate to 'https://mdb-v3-test.diadeis.com/MediaboxIndependence/?MBI_datasource=RELTEST_STARPACK' successfully

2022-06-20 17:08:07 - [MESSAGE][PASSED] - Navigate to 'https://mdb-v3-test.diadeis.com/MediaboxIndependence/?MBI_datasource=RELTEST_STARPACK' successfully

2022-06-20 17:08:07 - [TEST_STEP][PASSED] - I.Login_password(login, password_new): Object: 'Object Repository/1. Constant/xpath' is clicked on

2022-06-20 17:08:08 - [MESSAGE][PASSED] - Text 'flndhx162043' is set on object 'Object Repository/1. Constant/xpath'

2022-06-20 17:08:09 - [MESSAGE][PASSED] - Delayed 1 second(s)

2022-06-20 17:08:11 - [MESSAGE][PASSED] - Text '05PB8HOZ' is set on object 'Object Repository/1. Constant/xpath'

2022-06-20 17:08:12 - [MESSAGE][PASSED] - Delayed 1 second(s)

2022-06-20 17:08:13 - [MESSAGE][PASSED] - Object: 'Object Repository/1. Constant/xpath' is clicked on

2022-06-20 17:08:13 - [TEST_STEP][PASSED] - delay(1): Delayed 1 second(s)

2022-06-20 17:08:15 - [MESSAGE][PASSED] - Delayed 1 second(s)

2022-06-20 17:08:15 - [TEST_STEP][PASSED] - changepassword_page = getText(findTestObject("1. Constant/xpath", ["xpath":"//*[@id="ModifPassword"]/h3"])): Text of object 'Object Repository/1. Constant/xpath' is: 'Change your password - flndhx162043'

2022-06-20 17:08:15 - [MESSAGE][PASSED] - Text of object 'Object Repository/1. Constant/xpath' is: 'Change your password - flndhx162043'

2022-06-20 17:08:15 - [TEST_STEP][PASSED] - I.print("change password - " + changepassword_page): null

2022-06-20 17:08:15 - [TEST_STEP][PASSED] - Expected_changepassword = "Change your password - " + login: null

2022-06-20 17:08:15 - [TEST_STEP][PASSED] - verifyEqual(changepassword_page, Expected_changepassword): Actual object 'Change your password - flndhx162043' and expected object 'Change your password - flndhx162043' are equal

2022-06-20 17:08:15 - [MESSAGE][PASSED] - Actual object 'Change your password - flndhx162043' and expected object 'Change your password - flndhx162043' are equal

2022-06-20 17:08:15 - [TEST_STEP][PASSED] - "Screenshot for change password page": null

2022-06-20 17:08:15 - [TEST_STEP][PASSED] - click(findTestObject("1. Constant/xpath", ["xpath":"//*[@id="ModifPassword"]/div[4]/button"])): Object: 'Object Repository/1. Constant/xpath' is clicked on

2022-06-20 17:08:16 - [MESSAGE][PASSED] - Object: 'Object Repository/1. Constant/xpath' is clicked on

2022-06-20 17:08:16 - [TEST_STEP][PASSED] - Expected_ErrormsgPass1 = "Invalid password - Minimum of 3 characters": null

2022-06-20 17:08:16 - [TEST_STEP][PASSED] - Actual_Errormsg1 = getText(findTestObject("1. Constant/xpath", ["xpath":"//*[@id="toast-container"]/div/div[2]"])): Text of object 'Object Repository/1. Constant/xpath' is: 'Invalid password - Minimum of 3 characters'

2022-06-20 17:08:17 - [MESSAGE][PASSED] - Text of object 'Object Repository/1. Constant/xpath' is: 'Invalid password - Minimum of 3 characters'

2022-06-20 17:08:17 - [TEST_STEP][PASSED] - verifyEqual(Actual_Errormsg1, Expected_ErrormsgPass1): Actual object 'Invalid password - Minimum of 3 characters' and expected object 'Invalid password - Minimum of 3 characters' are equal

2022-06-20 17:08:17 - [MESSAGE][PASSED] - Actual object 'Invalid password - Minimum of 3 characters' and expected object 'Invalid password - Minimum of 3 characters' are equal

2022-06-20 17:08:17 - [TEST_STEP][PASSED] - delay(5): Delayed 5 second(s)

2022-06-20 17:08:22 - [MESSAGE][PASSED] - Delayed 5 second(s)

2022-06-20 17:08:22 - [TEST_STEP][PASSED] - setText(findTestObject("1. Constant/xpath", ["xpath":"//*[@id="new_password"]"]), "dchi1"): Text 'dchi1' is set on object 'Object Repository/1. Constant/xpath'

2022-06-20 17:08:23 - [MESSAGE][PASSED] - Text 'dchi1' is set on object 'Object Repository/1. Constant/xpath'

2022-06-20 17:08:23 - [TEST_STEP][PASSED] - click(findTestObject("1. Constant/xpath", ["xpath":"//*[@id="ModifPassword"]/div[4]/button"])): Object: 'Object Repository/1. Constant/xpath' is clicked on

2022-06-20 17:08:24 - [MESSAGE][PASSED] - Object: 'Object Repository/1. Constant/xpath' is clicked on

2022-06-20 17:08:24 - [TEST_STEP][PASSED] - Expected_ErrormsgPass2 = "Please enter same password": null

2022-06-20 17:08:24 - [TEST_STEP][PASSED] - Actual_Errormsg2 = getText(findTestObject("1. Constant/xpath", ["xpath":"//*[@id="toast-container"]/div/div[2]"])): Text of object 'Object Repository/1. Constant/xpath' is: 'Please enter same password'

2022-06-20 17:08:25 - [MESSAGE][PASSED] - Text of object 'Object Repository/1. Constant/xpath' is: 'Please enter same password'

2022-06-20 17:08:25 - [TEST_STEP][PASSED] - verifyEqual(Actual_Errormsg2, Expected_ErrormsgPass2): Actual object 'Please enter same password' and expected object 'Please enter same password' are equal

2022-06-20 17:08:25 - [MESSAGE][PASSED] - Actual object 'Please enter same password' and expected object 'Please enter same password' are equal

2022-06-20 17:08:25 - [TEST_STEP][PASSED] - delay(2): Delayed 2 second(s)

2022-06-20 17:08:27 - [MESSAGE][PASSED] - Delayed 2 second(s)

2022-06-20 17:08:27 - [TEST_STEP][PASSED] - clearText(findTestObject("1. Constant/xpath", ["xpath":"//*[@id="new_password"]"])): Text of object 'Object Repository/1. Constant/xpath' is cleared

2022-06-20 17:08:27 - [MESSAGE][PASSED] - Text of object 'Object Repository/1. Constant/xpath' is cleared

2022-06-20 17:08:27 - [TEST_STEP][PASSED] - setText(findTestObject("1. Constant/xpath", ["xpath":"//*[@id="passwordConfirm"]"]), "test1"): Text 'test1' is set on object 'Object Repository/1. Constant/xpath'

2022-06-20 17:08:29 - [MESSAGE][PASSED] - Text 'test1' is set on object 'Object Repository/1. Constant/xpath'

2022-06-20 17:08:29 - [TEST_STEP][PASSED] - click(findTestObject("1. Constant/xpath", ["xpath":"//*[@id="ModifPassword"]/div[4]/button"])): Object: 'Object Repository/1. Constant/xpath' is clicked on

2022-06-20 17:08:30 - [MESSAGE][PASSED] - Object: 'Object Repository/1. Constant/xpath' is clicked on

2022-06-20 17:08:30 - [TEST_STEP][PASSED] - Expected_ErrormsgPass3 = "Invalid password - Minimum of 3 characters": null

2022-06-20 17:08:30 - [TEST_STEP][PASSED] - Actual_Errormsg3 = getText(findTestObject("1. Constant/xpath", ["xpath":"//*[@id="toast-container"]/div/div[2]"])): Text of object 'Object Repository/1. Constant/xpath' is: 'Invalid password - Minimum of 3 characters'

2022-06-20 17:08:30 - [MESSAGE][PASSED] - Text of object 'Object Repository/1. Constant/xpath' is: 'Invalid password - Minimum of 3 characters'

2022-06-20 17:08:30 - [TEST_STEP][PASSED] - verifyEqual(Actual_Errormsg3, Expected_ErrormsgPass3): Actual object 'Invalid password - Minimum of 3 characters' and expected object 'Invalid password - Minimum of 3 characters' are equal

2022-06-20 17:08:30 - [MESSAGE][PASSED] - Actual object 'Invalid password - Minimum of 3 characters' and expected object 'Invalid password - Minimum of 3 characters' are equal

2022-06-20 17:08:30 - [TEST_STEP][PASSED] - delay(2): Delayed 2 second(s)

2022-06-20 17:08:32 - [MESSAGE][PASSED] - Delayed 2 second(s)

2022-06-20 17:08:32 - [TEST_STEP][PASSED] - I.Change_password("test1", "test2"): Object: 'Object Repository/1. Constant/xpath' is clicked on

2022-06-20 17:08:33 - [MESSAGE][PASSED] - Text 'test1' is set on object 'Object Repository/1. Constant/xpath'

2022-06-20 17:08:34 - [MESSAGE][PASSED] - Delayed 1 second(s)

2022-06-20 17:08:35 - [MESSAGE][PASSED] - Text 'test2' is set on object 'Object Repository/1. Constant/xpath'

2022-06-20 17:08:36 - [MESSAGE][PASSED] - Object: 'Object Repository/1. Constant/xpath' is clicked on

2022-06-20 17:08:36 - [TEST_STEP][PASSED] - Expected_ErrormsgPass4 = "Please enter same password": null

2022-06-20 17:08:36 - [TEST_STEP][PASSED] - Actual_Errormsg4 = getText(findTestObject("1. Constant/xpath", ["xpath":"//*[@id="toast-container"]/div/div[2]"])): Text of object 'Object Repository/1. Constant/xpath' is: 'Please enter same password'

2022-06-20 17:08:37 - [MESSAGE][PASSED] - Text of object 'Object Repository/1. Constant/xpath' is: 'Please enter same password'

2022-06-20 17:08:37 - [TEST_STEP][PASSED] - verifyEqual(Actual_Errormsg4, Expected_ErrormsgPass4): Actual object 'Please enter same password' and expected object 'Please enter same password' are equal

2022-06-20 17:08:37 - [MESSAGE][PASSED] - Actual object 'Please enter same password' and expected object 'Please enter same password' are equal

2022-06-20 17:08:37 - [TEST_STEP][PASSED] - delay(2): Delayed 2 second(s)

2022-06-20 17:08:39 - [MESSAGE][PASSED] - Delayed 2 second(s)

2022-06-20 17:08:39 - [TEST_STEP][PASSED] - clearText(findTestObject("1. Constant/xpath", ["xpath":"//*[@id="new_password"]"])): Text of object 'Object Repository/1. Constant/xpath' is cleared

2022-06-20 17:08:40 - [MESSAGE][PASSED] - Text of object 'Object Repository/1. Constant/xpath' is cleared

2022-06-20 17:08:40 - [TEST_STEP][PASSED] - clearText(findTestObject("1. Constant/xpath", ["xpath":"//*[@id="passwordConfirm"]"])): Text of object 'Object Repository/1. Constant/xpath' is cleared

2022-06-20 17:08:40 - [MESSAGE][PASSED] - Text of object 'Object Repository/1. Constant/xpath' is cleared

2022-06-20 17:08:40 - [TEST_STEP][PASSED] - I.Change_password("te", "te"): Object: 'Object Repository/1. Constant/xpath' is clicked on

2022-06-20 17:08:42 - [MESSAGE][PASSED] - Text 'te' is set on object 'Object Repository/1. Constant/xpath'

2022-06-20 17:08:43 - [MESSAGE][PASSED] - Delayed 1 second(s)

2022-06-20 17:08:44 - [MESSAGE][PASSED] - Text 'te' is set on object 'Object Repository/1. Constant/xpath'

2022-06-20 17:08:45 - [MESSAGE][PASSED] - Object: 'Object Repository/1. Constant/xpath' is clicked on

2022-06-20 17:08:45 - [TEST_STEP][PASSED] - Expected_ErrormsgPass5 = "Invalid password - Minimum of 3 characters": null

2022-06-20 17:08:45 - [TEST_STEP][PASSED] - Actual_Errormsg5 = getText(findTestObject("1. Constant/xpath", ["xpath":"//*[@id="toast-container"]/div/div[2]"])): Text of object 'Object Repository/1. Constant/xpath' is: 'Invalid password - Minimum of 3 characters'

2022-06-20 17:08:45 - [MESSAGE][PASSED] - Text of object 'Object Repository/1. Constant/xpath' is: 'Invalid password - Minimum of 3 characters'

2022-06-20 17:08:45 - [TEST_STEP][PASSED] - verifyEqual(Actual_Errormsg5, Expected_ErrormsgPass5): Actual object 'Invalid password - Minimum of 3 characters' and expected object 'Invalid password - Minimum of 3 characters' are equal

2022-06-20 17:08:45 - [MESSAGE][PASSED] - Actual object 'Invalid password - Minimum of 3 characters' and expected object 'Invalid password - Minimum of 3 characters' are equal

2022-06-20 17:08:45 - [TEST_STEP][PASSED] - delay(2): Delayed 2 second(s)

2022-06-20 17:08:47 - [MESSAGE][PASSED] - Delayed 2 second(s)

2022-06-20 17:08:47 - [TEST_STEP][PASSED] - clearText(findTestObject("1. Constant/xpath", ["xpath":"//*[@id="new_password"]"])): Text of object 'Object Repository/1. Constant/xpath' is cleared

2022-06-20 17:08:48 - [MESSAGE][PASSED] - Text of object 'Object Repository/1. Constant/xpath' is cleared

2022-06-20 17:08:48 - [TEST_STEP][PASSED] - clearText(findTestObject("1. Constant/xpath", ["xpath":"//*[@id="passwordConfirm"]"])): Text of object 'Object Repository/1. Constant/xpath' is cleared

2022-06-20 17:08:48 - [MESSAGE][PASSED] - Text of object 'Object Repository/1. Constant/xpath' is cleared

2022-06-20 17:08:48 - [TEST_STEP][PASSED] - today = new java.util.Date(): null

2022-06-20 17:08:48 - [TEST_STEP][PASSED] - newpass = today.format("MMMddyyyy_HHmmss"): null

2022-06-20 17:08:48 - [TEST_STEP][PASSED] - I.print(newpass): null

2022-06-20 17:08:48 - [TEST_STEP][PASSED] - I.Change_password(newpass, newpass): Object: 'Object Repository/1. Constant/xpath' is clicked on

2022-06-20 17:08:49 - [MESSAGE][PASSED] - Text 'juin202022_170848' is set on object 'Object Repository/1. Constant/xpath'

2022-06-20 17:08:51 - [MESSAGE][PASSED] - Delayed 1 second(s)

2022-06-20 17:08:51 - [MESSAGE][PASSED] - Text 'juin202022_170848' is set on object 'Object Repository/1. Constant/xpath'

2022-06-20 17:08:57 - [MESSAGE][PASSED] - Object: 'Object Repository/1. Constant/xpath' is clicked on

2022-06-20 17:08:57 - [TEST_STEP][PASSED] - verifyElementVisible(findTestObject("1. Constant/xpath", ["xpath":"//*[@id="menu_2"]/a"])): Object 'Object Repository/1. Constant/xpath' is visible

2022-06-20 17:08:58 - [MESSAGE][PASSED] - Object 'Object Repository/1. Constant/xpath' is visible

2022-06-20 17:08:58 - [TEST_STEP][PASSED] - I.Logout(): Delayed 3 second(s)

2022-06-20 17:09:01 - [MESSAGE][PASSED] - Delayed 3 second(s)

2022-06-20 17:09:02 - [MESSAGE][PASSED] - Object: 'Object Repository/1. Constant/xpath' is clicked on

2022-06-20 17:09:05 - [MESSAGE][PASSED] - Delayed 3 second(s)

2022-06-20 17:09:09 - [MESSAGE][PASSED] - Object: 'Object Repository/1. Constant/xpath' is clicked on

2022-06-20 17:09:12 - [MESSAGE][PASSED] - Delayed 3 second(s)

2022-06-20 17:09:12 - [TEST_STEP][PASSED] - I.Login_password(login, newpass): Object: 'Object Repository/1. Constant/xpath' is clicked on

2022-06-20 17:09:13 - [MESSAGE][PASSED] - Text 'flndhx162043' is set on object 'Object Repository/1. Constant/xpath'

2022-06-20 17:09:14 - [MESSAGE][PASSED] - Delayed 1 second(s)

2022-06-20 17:09:15 - [MESSAGE][PASSED] - Text 'juin202022_170848' is set on object 'Object Repository/1. Constant/xpath'

2022-06-20 17:09:16 - [MESSAGE][PASSED] - Delayed 1 second(s)

2022-06-20 17:09:20 - [MESSAGE][PASSED] - Object: 'Object Repository/1. Constant/xpath' is clicked on

2022-06-20 17:09:20 - [TEST_STEP][PASSED] - verifyElementVisible(findTestObject("1. Constant/xpath", ["xpath":"//*[@id="menu_2"]/a"])): Object 'Object Repository/1. Constant/xpath' is visible

2022-06-20 17:09:20 - [MESSAGE][PASSED] - Object 'Object Repository/1. Constant/xpath' is visible

2022-06-20 17:09:20 - [TEST_STEP][PASSED] - closeBrowser(): Browser is closed

2022-06-20 17:09:22 - [MESSAGE][PASSED] - Browser is closed

2022-06-20 17:09:22 - [TEST_STEP][PASSED] - Start listener action : sampleAfterTestCase: null]]></system-out>
         <system-err><![CDATA[]]></system-err>
      </testcase>
      <testcase name="Test Cases/201. TestStarPack_Login_Logout_Email/201.12 Verification Email pour creation user (201.03)" time="195.045" classname="Test Cases/201. TestStarPack_Login_Logout_Email/201.12 Verification Email pour creation user (201.03)" status="PASSED">
         <system-out><![CDATA[2022-06-20 17:09:22 - [TEST_CASE][PASSED] - Test Cases/201. TestStarPack_Login_Logout_Email/201.12 Verification Email pour creation user (201.03): Test Cases/201. TestStarPack_Login_Logout_Email/201.12 Verification Email pour creation user (201.03)

2022-06-20 17:09:23 - [TEST_STEP][PASSED] - data_urlTestAUTO = findTestData("Data Files/URL/URL_testauto"): null

2022-06-20 17:09:23 - [TEST_STEP][PASSED] - Url_Starpack = data_urlTestAUTO.getValue(2, 2): null

2022-06-20 17:09:23 - [TEST_STEP][PASSED] - login = I.readnotepad("D:\Upoad_File\zTest_Auto\Test_Projet_ Login\StarPack\201.03 StarPack_Login username\login.txt"): null

2022-06-20 17:09:23 - [TEST_STEP][PASSED] - I.print(login): null

2022-06-20 17:09:23 - [TEST_STEP][PASSED] - FLName = I.readnotepad("D:\Upoad_File\zTest_Auto\Test_Projet_ Login\StarPack\201.03 StarPack_Login username.txt"): null

2022-06-20 17:09:23 - [TEST_STEP][PASSED] - password_mediaboxCreation = "Diadeis*1": null

2022-06-20 17:09:23 - [TEST_STEP][PASSED] - openBrowser(""): Browser is opened with url: ''

2022-06-20 17:09:23 - [MESSAGE][INFO] - Starting 'Chrome' driver

2022-06-20 17:09:23 - [MESSAGE][INFO] - User set preference: ['arg', '[[--lang=en-GB]]']

2022-06-20 17:09:23 - [MESSAGE][INFO] - Action delay is set to 0 milliseconds

2022-06-20 17:09:26 - [MESSAGE][PASSED] - Browser is opened with url: ''

2022-06-20 17:09:26 - [TEST_STEP][PASSED] - maximizeWindow(): Current window maximized

2022-06-20 17:09:26 - [MESSAGE][PASSED] - Current window maximized

2022-06-20 17:09:26 - [TEST_STEP][PASSED] - waitForPageLoad(30): Wait for page load successfully

2022-06-20 17:09:27 - [MESSAGE][PASSED] - Wait for page load successfully

2022-06-20 17:09:27 - [TEST_STEP][PASSED] - takeScreenshot(): Taking screenshot successfully

2022-06-20 17:09:27 - [MESSAGE][PASSED] - Taking screenshot successfully
[[ATTACHMENT|D:\\Projet Test Auto\\Mediabox Test Automation [Test]\\Reports\\20220620_170549\\z01. Test Suites\\205. TestStarpack Email for login\\20220620_170550\\1655737767128.png]]

2022-06-20 17:09:27 - [TEST_STEP][PASSED] - I.Login_gmail("mediaboxtest.creation@gmail.com", password_mediaboxCreation): Navigate to 'https://mail.google.com/mail/u/0/#inbox' successfully

2022-06-20 17:09:33 - [MESSAGE][PASSED] - Navigate to 'https://accounts.google.com/signin/v2/identifier?continue=https%3A%2F%2Fmail.google.com%2Fmail%2F&service=mail&sacu=1&rip=1&flowName=GlifWebSignIn&flowEntry=ServiceLogin' successfully

2022-06-20 17:09:34 - [MESSAGE][PASSED] - Delayed 1 second(s)

2022-06-20 17:09:38 - [MESSAGE][PASSED] - Text 'mediaboxtest.creation@gmail.com' is set on object 'Object Repository/1. Constant/xpath'

2022-06-20 17:09:39 - [MESSAGE][PASSED] - Delayed 1 second(s)

2022-06-20 17:09:41 - [MESSAGE][PASSED] - Object: 'Object Repository/1. Constant/xpath' is clicked on

2022-06-20 17:09:42 - [MESSAGE][PASSED] - Delayed 1 second(s)

2022-06-20 17:09:45 - [MESSAGE][PASSED] - Text 'Diadeis*1' is set on object 'Object Repository/1. Constant/xpath'

2022-06-20 17:09:46 - [MESSAGE][PASSED] - Delayed 1 second(s)

2022-06-20 17:09:47 - [MESSAGE][PASSED] - Object: 'Object Repository/1. Constant/xpath' is clicked on

2022-06-20 17:09:48 - [MESSAGE][PASSED] - Delayed 1 second(s)

2022-06-20 17:10:06 - [MESSAGE][PASSED] - Navigate to 'https://mail.google.com/mail/u/0/#inbox' successfully

2022-06-20 17:10:06 - [TEST_STEP][PASSED] - setText(findTestObject("1. Constant/xpath", ["xpath":"//*[@id="gs_lc50"]/input[1]"]), "Your login information " + login): Text 'Your login information flnsgu165020' is set on object 'Object Repository/1. Constant/xpath'

2022-06-20 17:10:07 - [MESSAGE][PASSED] - Text 'Your login information flnsgu165020' is set on object 'Object Repository/1. Constant/xpath'

2022-06-20 17:10:07 - [TEST_STEP][PASSED] - click(findTestObject("1. Constant/xpath", ["xpath":"//*[@id="aso_search_form_anchor"]/button[4]"])): Object: 'Object Repository/1. Constant/xpath' is clicked on

2022-06-20 17:10:08 - [MESSAGE][PASSED] - Object: 'Object Repository/1. Constant/xpath' is clicked on

2022-06-20 17:10:08 - [TEST_STEP][PASSED] - takeScreenshot(): Taking screenshot successfully

2022-06-20 17:10:11 - [MESSAGE][PASSED] - Taking screenshot successfully
[[ATTACHMENT|D:\\Projet Test Auto\\Mediabox Test Automation [Test]\\Reports\\20220620_170549\\z01. Test Suites\\205. TestStarpack Email for login\\20220620_170550\\1655737811059.png]]

2022-06-20 17:10:11 - [TEST_STEP][PASSED] - delay(5): Delayed 5 second(s)

2022-06-20 17:10:16 - [MESSAGE][PASSED] - Delayed 5 second(s)

2022-06-20 17:10:16 - [TEST_STEP][PASSED] - click(findTestObject("1. Constant/xpath", ["xpath":"/html/body/div[7]/div[3]/div/div[2]/div[1]/div[2]/div/div/div/div/div[2]/div/div[1]/div/div[2]/div[5]/div[2]/div/table/tbody/tr"])): Object: 'Object Repository/1. Constant/xpath' is clicked on

2022-06-20 17:10:21 - [MESSAGE][PASSED] - Object: 'Object Repository/1. Constant/xpath' is clicked on

2022-06-20 17:10:21 - [TEST_STEP][PASSED] - password_new = getText(findTestObject("1. Constant/xpath", ["xpath":"/html/body/div[7]/div[3]/div/div[2]/div[1]/div[2]/div/div/div/div/div[2]/div/div[1]/div/div[3]/div/table/tr/td[1]/div[2]/div[2]/div/div[3]/div[1]/div/div/div/div/div[1]/div[2]/div[3]/div[3]/div/div[2]/table/tbody/tr[2]/td/table/tbody/tr[3]/td[2]"])): Text of object 'Object Repository/1. Constant/xpath' is: 'JAT19739'

2022-06-20 17:10:23 - [MESSAGE][PASSED] - Text of object 'Object Repository/1. Constant/xpath' is: 'JAT19739'

2022-06-20 17:10:23 - [TEST_STEP][PASSED] - I.print("password - " + password_new): null

2022-06-20 17:10:23 - [TEST_STEP][PASSED] - delay(5): Delayed 5 second(s)

2022-06-20 17:10:28 - [MESSAGE][PASSED] - Delayed 5 second(s)

2022-06-20 17:10:28 - [TEST_STEP][PASSED] - url_new = Url_Starpack: null

2022-06-20 17:10:28 - [TEST_STEP][PASSED] - I.print("url - " + url_new): null

2022-06-20 17:10:28 - [TEST_STEP][PASSED] - navigateToUrl(url_new): Navigate to 'https://mdb-v3-test.diadeis.com/MediaboxIndependence/?MBI_datasource=RELTEST_STARPACK' successfully

2022-06-20 17:10:51 - [MESSAGE][PASSED] - Navigate to 'https://mdb-v3-test.diadeis.com/MediaboxIndependence/?MBI_datasource=RELTEST_STARPACK' successfully

2022-06-20 17:10:51 - [TEST_STEP][PASSED] - I.Login_password(login, password_new): Object: 'Object Repository/1. Constant/xpath' is clicked on

2022-06-20 17:10:52 - [MESSAGE][PASSED] - Text 'flnsgu165020' is set on object 'Object Repository/1. Constant/xpath'

2022-06-20 17:10:53 - [MESSAGE][PASSED] - Delayed 1 second(s)

2022-06-20 17:10:55 - [MESSAGE][PASSED] - Text 'JAT19739' is set on object 'Object Repository/1. Constant/xpath'

2022-06-20 17:10:56 - [MESSAGE][PASSED] - Delayed 1 second(s)

2022-06-20 17:10:58 - [MESSAGE][PASSED] - Object: 'Object Repository/1. Constant/xpath' is clicked on

2022-06-20 17:10:58 - [TEST_STEP][PASSED] - delay(1): Delayed 1 second(s)

2022-06-20 17:10:59 - [MESSAGE][PASSED] - Delayed 1 second(s)

2022-06-20 17:10:59 - [TEST_STEP][PASSED] - changepassword_page = getText(findTestObject("1. Constant/xpath", ["xpath":"//*[@id="ModifPassword"]/h3"])): Text of object 'Object Repository/1. Constant/xpath' is: 'Change your password - flnsgu165020'

2022-06-20 17:11:00 - [MESSAGE][PASSED] - Text of object 'Object Repository/1. Constant/xpath' is: 'Change your password - flnsgu165020'

2022-06-20 17:11:00 - [TEST_STEP][PASSED] - I.print("change password - " + changepassword_page): null

2022-06-20 17:11:00 - [TEST_STEP][PASSED] - Expected_changepassword = "Change your password - " + login: null

2022-06-20 17:11:00 - [TEST_STEP][PASSED] - verifyEqual(changepassword_page, Expected_changepassword): Actual object 'Change your password - flnsgu165020' and expected object 'Change your password - flnsgu165020' are equal

2022-06-20 17:11:00 - [MESSAGE][PASSED] - Actual object 'Change your password - flnsgu165020' and expected object 'Change your password - flnsgu165020' are equal

2022-06-20 17:11:00 - [TEST_STEP][PASSED] - delay(1): Delayed 1 second(s)

2022-06-20 17:11:01 - [MESSAGE][PASSED] - Delayed 1 second(s)

2022-06-20 17:11:01 - [TEST_STEP][PASSED] - setText(findTestObject("1. Constant/xpath", ["xpath":"//*[@id="new_password"]"]), "dchi1"): Text 'dchi1' is set on object 'Object Repository/1. Constant/xpath'

2022-06-20 17:11:02 - [MESSAGE][PASSED] - Text 'dchi1' is set on object 'Object Repository/1. Constant/xpath'

2022-06-20 17:11:02 - [TEST_STEP][PASSED] - click(findTestObject("1. Constant/xpath", ["xpath":"//*[@id="ModifPassword"]/div[4]/button"])): Object: 'Object Repository/1. Constant/xpath' is clicked on

2022-06-20 17:11:03 - [MESSAGE][PASSED] - Object: 'Object Repository/1. Constant/xpath' is clicked on

2022-06-20 17:11:03 - [TEST_STEP][PASSED] - Expected_ErrormsgPass2 = "Please enter same password": null

2022-06-20 17:11:03 - [TEST_STEP][PASSED] - Actual_Errormsg2 = getText(findTestObject("1. Constant/xpath", ["xpath":"//*[@id="toast-container"]/div/div[2]"])): Text of object 'Object Repository/1. Constant/xpath' is: 'Please enter same password'

2022-06-20 17:11:03 - [MESSAGE][PASSED] - Text of object 'Object Repository/1. Constant/xpath' is: 'Please enter same password'

2022-06-20 17:11:03 - [TEST_STEP][PASSED] - verifyEqual(Actual_Errormsg2, Expected_ErrormsgPass2): Actual object 'Please enter same password' and expected object 'Please enter same password' are equal

2022-06-20 17:11:03 - [MESSAGE][PASSED] - Actual object 'Please enter same password' and expected object 'Please enter same password' are equal

2022-06-20 17:11:03 - [TEST_STEP][PASSED] - delay(2): Delayed 2 second(s)

2022-06-20 17:11:05 - [MESSAGE][PASSED] - Delayed 2 second(s)

2022-06-20 17:11:05 - [TEST_STEP][PASSED] - clearText(findTestObject("1. Constant/xpath", ["xpath":"//*[@id="new_password"]"])): Text of object 'Object Repository/1. Constant/xpath' is cleared

2022-06-20 17:11:06 - [MESSAGE][PASSED] - Text of object 'Object Repository/1. Constant/xpath' is cleared

2022-06-20 17:11:06 - [TEST_STEP][PASSED] - setText(findTestObject("1. Constant/xpath", ["xpath":"//*[@id="passwordConfirm"]"]), "test1"): Text 'test1' is set on object 'Object Repository/1. Constant/xpath'

2022-06-20 17:11:07 - [MESSAGE][PASSED] - Text 'test1' is set on object 'Object Repository/1. Constant/xpath'

2022-06-20 17:11:07 - [TEST_STEP][PASSED] - click(findTestObject("1. Constant/xpath", ["xpath":"//*[@id="ModifPassword"]/div[4]/button"])): Object: 'Object Repository/1. Constant/xpath' is clicked on

2022-06-20 17:11:08 - [MESSAGE][PASSED] - Object: 'Object Repository/1. Constant/xpath' is clicked on

2022-06-20 17:11:08 - [TEST_STEP][PASSED] - Expected_ErrormsgPass3 = "Invalid password - Minimum of 3 characters": null

2022-06-20 17:11:08 - [TEST_STEP][PASSED] - Actual_Errormsg3 = getText(findTestObject("1. Constant/xpath", ["xpath":"//*[@id="toast-container"]/div/div[2]"])): Text of object 'Object Repository/1. Constant/xpath' is: 'Invalid password - Minimum of 3 characters'

2022-06-20 17:11:08 - [MESSAGE][PASSED] - Text of object 'Object Repository/1. Constant/xpath' is: 'Invalid password - Minimum of 3 characters'

2022-06-20 17:11:08 - [TEST_STEP][PASSED] - verifyEqual(Actual_Errormsg3, Expected_ErrormsgPass3): Actual object 'Invalid password - Minimum of 3 characters' and expected object 'Invalid password - Minimum of 3 characters' are equal

2022-06-20 17:11:08 - [MESSAGE][PASSED] - Actual object 'Invalid password - Minimum of 3 characters' and expected object 'Invalid password - Minimum of 3 characters' are equal

2022-06-20 17:11:08 - [TEST_STEP][PASSED] - delay(2): Delayed 2 second(s)

2022-06-20 17:11:10 - [MESSAGE][PASSED] - Delayed 2 second(s)

2022-06-20 17:11:10 - [TEST_STEP][PASSED] - I.Change_password("test1", "test2"): Object: 'Object Repository/1. Constant/xpath' is clicked on

2022-06-20 17:11:12 - [MESSAGE][PASSED] - Text 'test1' is set on object 'Object Repository/1. Constant/xpath'

2022-06-20 17:11:13 - [MESSAGE][PASSED] - Delayed 1 second(s)

2022-06-20 17:11:14 - [MESSAGE][PASSED] - Text 'test2' is set on object 'Object Repository/1. Constant/xpath'

2022-06-20 17:11:15 - [MESSAGE][PASSED] - Object: 'Object Repository/1. Constant/xpath' is clicked on

2022-06-20 17:11:15 - [TEST_STEP][PASSED] - Expected_ErrormsgPass4 = "Please enter same password": null

2022-06-20 17:11:15 - [TEST_STEP][PASSED] - Actual_Errormsg4 = getText(findTestObject("1. Constant/xpath", ["xpath":"//*[@id="toast-container"]/div/div[2]"])): Text of object 'Object Repository/1. Constant/xpath' is: 'Please enter same password'

2022-06-20 17:11:15 - [MESSAGE][PASSED] - Text of object 'Object Repository/1. Constant/xpath' is: 'Please enter same password'

2022-06-20 17:11:15 - [TEST_STEP][PASSED] - verifyEqual(Actual_Errormsg4, Expected_ErrormsgPass4): Actual object 'Please enter same password' and expected object 'Please enter same password' are equal

2022-06-20 17:11:15 - [MESSAGE][PASSED] - Actual object 'Please enter same password' and expected object 'Please enter same password' are equal

2022-06-20 17:11:15 - [TEST_STEP][PASSED] - delay(2): Delayed 2 second(s)

2022-06-20 17:11:17 - [MESSAGE][PASSED] - Delayed 2 second(s)

2022-06-20 17:11:17 - [TEST_STEP][PASSED] - clearText(findTestObject("1. Constant/xpath", ["xpath":"//*[@id="new_password"]"])): Text of object 'Object Repository/1. Constant/xpath' is cleared

2022-06-20 17:11:18 - [MESSAGE][PASSED] - Text of object 'Object Repository/1. Constant/xpath' is cleared

2022-06-20 17:11:18 - [TEST_STEP][PASSED] - clearText(findTestObject("1. Constant/xpath", ["xpath":"//*[@id="passwordConfirm"]"])): Text of object 'Object Repository/1. Constant/xpath' is cleared

2022-06-20 17:11:19 - [MESSAGE][PASSED] - Text of object 'Object Repository/1. Constant/xpath' is cleared

2022-06-20 17:11:19 - [TEST_STEP][PASSED] - I.Change_password("te", "te"): Object: 'Object Repository/1. Constant/xpath' is clicked on

2022-06-20 17:11:20 - [MESSAGE][PASSED] - Text 'te' is set on object 'Object Repository/1. Constant/xpath'

2022-06-20 17:11:21 - [MESSAGE][PASSED] - Delayed 1 second(s)

2022-06-20 17:11:22 - [MESSAGE][PASSED] - Text 'te' is set on object 'Object Repository/1. Constant/xpath'

2022-06-20 17:11:22 - [MESSAGE][PASSED] - Object: 'Object Repository/1. Constant/xpath' is clicked on

2022-06-20 17:11:22 - [TEST_STEP][PASSED] - Expected_ErrormsgPass5 = "Invalid password - Minimum of 3 characters": null

2022-06-20 17:11:22 - [TEST_STEP][PASSED] - Actual_Errormsg5 = getText(findTestObject("1. Constant/xpath", ["xpath":"//*[@id="toast-container"]/div/div[2]"])): Text of object 'Object Repository/1. Constant/xpath' is: 'Invalid password - Minimum of 3 characters'

2022-06-20 17:11:23 - [MESSAGE][PASSED] - Text of object 'Object Repository/1. Constant/xpath' is: 'Invalid password - Minimum of 3 characters'

2022-06-20 17:11:23 - [TEST_STEP][PASSED] - verifyEqual(Actual_Errormsg5, Expected_ErrormsgPass5): Actual object 'Invalid password - Minimum of 3 characters' and expected object 'Invalid password - Minimum of 3 characters' are equal

2022-06-20 17:11:23 - [MESSAGE][PASSED] - Actual object 'Invalid password - Minimum of 3 characters' and expected object 'Invalid password - Minimum of 3 characters' are equal

2022-06-20 17:11:23 - [TEST_STEP][PASSED] - delay(2): Delayed 2 second(s)

2022-06-20 17:11:25 - [MESSAGE][PASSED] - Delayed 2 second(s)

2022-06-20 17:11:25 - [TEST_STEP][PASSED] - clearText(findTestObject("1. Constant/xpath", ["xpath":"//*[@id="new_password"]"])): Text of object 'Object Repository/1. Constant/xpath' is cleared

2022-06-20 17:11:26 - [MESSAGE][PASSED] - Text of object 'Object Repository/1. Constant/xpath' is cleared

2022-06-20 17:11:26 - [TEST_STEP][PASSED] - clearText(findTestObject("1. Constant/xpath", ["xpath":"//*[@id="passwordConfirm"]"])): Text of object 'Object Repository/1. Constant/xpath' is cleared

2022-06-20 17:11:27 - [MESSAGE][PASSED] - Text of object 'Object Repository/1. Constant/xpath' is cleared

2022-06-20 17:11:27 - [TEST_STEP][PASSED] - I.Change_password("dchi", "dchi"): Object: 'Object Repository/1. Constant/xpath' is clicked on

2022-06-20 17:11:28 - [MESSAGE][PASSED] - Text 'dchi' is set on object 'Object Repository/1. Constant/xpath'

2022-06-20 17:11:29 - [MESSAGE][PASSED] - Delayed 1 second(s)

2022-06-20 17:11:30 - [MESSAGE][PASSED] - Text 'dchi' is set on object 'Object Repository/1. Constant/xpath'

2022-06-20 17:11:36 - [MESSAGE][PASSED] - Object: 'Object Repository/1. Constant/xpath' is clicked on

2022-06-20 17:11:36 - [TEST_STEP][PASSED] - I.Logout(): Delayed 3 second(s)

2022-06-20 17:11:39 - [MESSAGE][PASSED] - Delayed 3 second(s)

2022-06-20 17:11:40 - [MESSAGE][PASSED] - Object: 'Object Repository/1. Constant/xpath' is clicked on

2022-06-20 17:11:43 - [MESSAGE][PASSED] - Delayed 3 second(s)

2022-06-20 17:12:09 - [MESSAGE][PASSED] - Object: 'Object Repository/1. Constant/xpath' is clicked on

2022-06-20 17:12:12 - [MESSAGE][PASSED] - Delayed 3 second(s)

2022-06-20 17:12:12 - [TEST_STEP][PASSED] - I.Login_password(login, "dchi"): Object: 'Object Repository/1. Constant/xpath' is clicked on

2022-06-20 17:12:18 - [MESSAGE][PASSED] - Text 'flnsgu165020' is set on object 'Object Repository/1. Constant/xpath'

2022-06-20 17:12:19 - [MESSAGE][PASSED] - Delayed 1 second(s)

2022-06-20 17:12:21 - [MESSAGE][PASSED] - Text 'dchi' is set on object 'Object Repository/1. Constant/xpath'

2022-06-20 17:12:22 - [MESSAGE][PASSED] - Delayed 1 second(s)

2022-06-20 17:12:28 - [MESSAGE][PASSED] - Object: 'Object Repository/1. Constant/xpath' is clicked on

2022-06-20 17:12:28 - [TEST_STEP][PASSED] - verifyElementVisible(findTestObject("1. Constant/xpath", ["xpath":"//*[@id="menu_2"]/a"])): Object 'Object Repository/1. Constant/xpath' is visible

2022-06-20 17:12:28 - [MESSAGE][PASSED] - Object 'Object Repository/1. Constant/xpath' is visible

2022-06-20 17:12:28 - [TEST_STEP][PASSED] - closeBrowser(): Browser is closed

2022-06-20 17:12:37 - [MESSAGE][PASSED] - Browser is closed

2022-06-20 17:12:37 - [TEST_STEP][PASSED] - Start listener action : sampleAfterTestCase: null]]></system-out>
         <system-err><![CDATA[]]></system-err>
      </testcase>
      <system-out><![CDATA[2022-06-20 17:06:00 - [TEST_SUITE][PASSED] - 205. TestStarpack Email for login: Test Cases/201. TestStarPack_Login_Logout_Email/201.12 Verification Email pour creation user (201.03)]]></system-out>
      <system-err><![CDATA[]]></system-err>
   </testsuite>
</testsuites>
