<?xml version="1.0" encoding="UTF-8"?>
<testsuites name="201. TestStarPack_Login_Logout_Email" time="380.838" tests="5" failures="0" errors="0">
   <testsuite name="201. TestStarPack_Login_Logout_Email" tests="5" failures="0" errors="0" time="380.838" skipped="0" timestamp="2022-06-20 10:29:29" hostname="lamhe - DPF-MBI-VERIF.ad.sgsco.int" id="Test Suites/z01. Test Suites/201. TestStarPack_Login_Logout_Email">
      <properties>
         <property name="deviceName" value=""/>
         <property name="devicePlatform" value=""/>
         <property name="logFolder" value="D:\\Projet Test Auto\\Mediabox Test Automation [Test]\\Reports\\20220620_102921\\z01. Test Suites\\201. TestStarPack_Login_Logout_Email\\20220620_102922"/>
         <property name="logFiles" value="D:\\Projet Test Auto\\Mediabox Test Automation [Test]\\Reports\\20220620_102921\\z01. Test Suites\\201. TestStarPack_Login_Logout_Email\\20220620_102922\\execution0.log"/>
         <property name="attachments" value="D:\\Projet Test Auto\\Mediabox Test Automation [Test]\\Reports\\20220620_102921\\z01. Test Suites\\201. TestStarPack_Login_Logout_Email\\20220620_102922\\1655713806511.png, D:\\Projet Test Auto\\Mediabox Test Automation [Test]\\Reports\\20220620_102921\\z01. Test Suites\\201. TestStarPack_Login_Logout_Email\\20220620_102922\\1655713807048.png, D:\\Projet Test Auto\\Mediabox Test Automation [Test]\\Reports\\20220620_102921\\z01. Test Suites\\201. TestStarPack_Login_Logout_Email\\20220620_102922\\1655713807812.png, D:\\Projet Test Auto\\Mediabox Test Automation [Test]\\Reports\\20220620_102921\\z01. Test Suites\\201. TestStarPack_Login_Logout_Email\\20220620_102922\\1655713808242.png, D:\\Projet Test Auto\\Mediabox Test Automation [Test]\\Reports\\20220620_102921\\z01. Test Suites\\201. TestStarPack_Login_Logout_Email\\20220620_102922\\1655713808954.png, D:\\Projet Test Auto\\Mediabox Test Automation [Test]\\Reports\\20220620_102921\\z01. Test Suites\\201. TestStarPack_Login_Logout_Email\\20220620_102922\\1655713809680.png, D:\\Projet Test Auto\\Mediabox Test Automation [Test]\\Reports\\20220620_102921\\z01. Test Suites\\201. TestStarPack_Login_Logout_Email\\20220620_102922\\1655713810177.png, D:\\Projet Test Auto\\Mediabox Test Automation [Test]\\Reports\\20220620_102921\\z01. Test Suites\\201. TestStarPack_Login_Logout_Email\\20220620_102922\\1655713811550.png, D:\\Projet Test Auto\\Mediabox Test Automation [Test]\\Reports\\20220620_102921\\z01. Test Suites\\201. TestStarPack_Login_Logout_Email\\20220620_102922\\1655713819644.png, D:\\Projet Test Auto\\Mediabox Test Automation [Test]\\Reports\\20220620_102921\\z01. Test Suites\\201. TestStarPack_Login_Logout_Email\\20220620_102922\\1655713825479.png, D:\\Projet Test Auto\\Mediabox Test Automation [Test]\\Reports\\20220620_102921\\z01. Test Suites\\201. TestStarPack_Login_Logout_Email\\20220620_102922\\1655713832172.png, D:\\Projet Test Auto\\Mediabox Test Automation [Test]\\Reports\\20220620_102921\\z01. Test Suites\\201. TestStarPack_Login_Logout_Email\\20220620_102922\\1655713851918.png, D:\\Projet Test Auto\\Mediabox Test Automation [Test]\\Reports\\20220620_102921\\z01. Test Suites\\201. TestStarPack_Login_Logout_Email\\20220620_102922\\1655713853400.png, D:\\Projet Test Auto\\Mediabox Test Automation [Test]\\Reports\\20220620_102921\\z01. Test Suites\\201. TestStarPack_Login_Logout_Email\\20220620_102922\\1655713858415.png, D:\\Projet Test Auto\\Mediabox Test Automation [Test]\\Reports\\20220620_102921\\z01. Test Suites\\201. TestStarPack_Login_Logout_Email\\20220620_102922\\1655713863686.png, D:\\Projet Test Auto\\Mediabox Test Automation [Test]\\Reports\\20220620_102921\\z01. Test Suites\\201. TestStarPack_Login_Logout_Email\\20220620_102922\\1655713870140.png, D:\\Projet Test Auto\\Mediabox Test Automation [Test]\\Reports\\20220620_102921\\z01. Test Suites\\201. TestStarPack_Login_Logout_Email\\20220620_102922\\1655713875617.png, D:\\Projet Test Auto\\Mediabox Test Automation [Test]\\Reports\\20220620_102921\\z01. Test Suites\\201. TestStarPack_Login_Logout_Email\\20220620_102922\\1655713891040.png, D:\\Projet Test Auto\\Mediabox Test Automation [Test]\\Reports\\20220620_102921\\z01. Test Suites\\201. TestStarPack_Login_Logout_Email\\20220620_102922\\1655713891879.png, D:\\Projet Test Auto\\Mediabox Test Automation [Test]\\Reports\\20220620_102921\\z01. Test Suites\\201. TestStarPack_Login_Logout_Email\\20220620_102922\\1655713907747.png, D:\\Projet Test Auto\\Mediabox Test Automation [Test]\\Reports\\20220620_102921\\z01. Test Suites\\201. TestStarPack_Login_Logout_Email\\20220620_102922\\1655713909354.png, D:\\Projet Test Auto\\Mediabox Test Automation [Test]\\Reports\\20220620_102921\\z01. Test Suites\\201. TestStarPack_Login_Logout_Email\\20220620_102922\\1655713924242.png, D:\\Projet Test Auto\\Mediabox Test Automation [Test]\\Reports\\20220620_102921\\z01. Test Suites\\201. TestStarPack_Login_Logout_Email\\20220620_102922\\1655713925221.png, D:\\Projet Test Auto\\Mediabox Test Automation [Test]\\Reports\\20220620_102921\\z01. Test Suites\\201. TestStarPack_Login_Logout_Email\\20220620_102922\\1655713941716.png, D:\\Projet Test Auto\\Mediabox Test Automation [Test]\\Reports\\20220620_102921\\z01. Test Suites\\201. TestStarPack_Login_Logout_Email\\20220620_102922\\1655713958642.png, D:\\Projet Test Auto\\Mediabox Test Automation [Test]\\Reports\\20220620_102921\\z01. Test Suites\\201. TestStarPack_Login_Logout_Email\\20220620_102922\\1655713986487.png, D:\\Projet Test Auto\\Mediabox Test Automation [Test]\\Reports\\20220620_102921\\z01. Test Suites\\201. TestStarPack_Login_Logout_Email\\20220620_102922\\1655713987119.png, D:\\Projet Test Auto\\Mediabox Test Automation [Test]\\Reports\\20220620_102921\\z01. Test Suites\\201. TestStarPack_Login_Logout_Email\\20220620_102922\\1655714003243.png, D:\\Projet Test Auto\\Mediabox Test Automation [Test]\\Reports\\20220620_102921\\z01. Test Suites\\201. TestStarPack_Login_Logout_Email\\20220620_102922\\1655714045376.png, D:\\Projet Test Auto\\Mediabox Test Automation [Test]\\Reports\\20220620_102921\\z01. Test Suites\\201. TestStarPack_Login_Logout_Email\\20220620_102922\\1655714076390.png, D:\\Projet Test Auto\\Mediabox Test Automation [Test]\\Reports\\20220620_102921\\z01. Test Suites\\201. TestStarPack_Login_Logout_Email\\20220620_102922\\1655714083352.png, D:\\Projet Test Auto\\Mediabox Test Automation [Test]\\Reports\\20220620_102921\\z01. Test Suites\\201. TestStarPack_Login_Logout_Email\\20220620_102922\\1655714084072.png, D:\\Projet Test Auto\\Mediabox Test Automation [Test]\\Reports\\20220620_102921\\z01. Test Suites\\201. TestStarPack_Login_Logout_Email\\20220620_102922\\1655714097736.png, D:\\Projet Test Auto\\Mediabox Test Automation [Test]\\Reports\\20220620_102921\\z01. Test Suites\\201. TestStarPack_Login_Logout_Email\\20220620_102922\\1655714139582.png"/>
         <property name="hostName" value="lamhe - DPF-MBI-VERIF.ad.sgsco.int"/>
         <property name="os" value="Windows 10 64bit"/>
         <property name="katalonVersion" value="8.3.0.208"/>
         <property name="browser" value="Chrome 102.0.5005.115"/>
         <property name="hostAddress" value="10.15.10.53"/>
         <property name="sessionId" value="e9c2b6e685c16bd865495602ca350e5b"/>
         <property name="seleniumVersion" value="3.141.59"/>
         <property name="proxyInformation" value="ProxyInformation { proxyOption=NO_PROXY, proxyServerType=HTTP, username=, password=********, proxyServerAddress=, proxyServerPort=0, executionList=&quot;&quot;, isApplyToDesiredCapabilities=true }"/>
         <property name="platform" value="Windows 10"/>
      </properties>
      <testcase name="Test Cases/201. TestStarPack_Login_Logout_Email/201.04 TestStarpack Création de compte (Validation des champs obligatoires)" time="107.472" classname="Test Cases/201. TestStarPack_Login_Logout_Email/201.04 TestStarpack Création de compte (Validation des champs obligatoires)" status="PASSED">
         <system-out><![CDATA[2022-06-20 10:29:30 - [TEST_CASE][PASSED] - Test Cases/201. TestStarPack_Login_Logout_Email/201.04 TestStarpack Création de compte (Validation des champs obligatoires): Test Cases/201. TestStarPack_Login_Logout_Email/201.04 TestStarpack Création de compte (Validation des champs obligatoires)

2022-06-20 10:29:31 - [TEST_STEP][PASSED] - data = findTestData("Data Files/Username_Password/Test_Starpack"): null

2022-06-20 10:29:31 - [TEST_STEP][PASSED] - password_suser = data.getValue(2, 1): null

2022-06-20 10:29:31 - [TEST_STEP][PASSED] - password_aherms = data.getValue(2, 2): null

2022-06-20 10:29:31 - [TEST_STEP][PASSED] - password_agluszczynska = data.getValue(2, 3): null

2022-06-20 10:29:31 - [TEST_STEP][PASSED] - password_jmaciaszczyk = data.getValue(2, 4): null

2022-06-20 10:29:31 - [TEST_STEP][PASSED] - password_aterreshernandez = data.getValue(2, 5): null

2022-06-20 10:29:31 - [TEST_STEP][PASSED] - password_amartin_arbol = data.getValue(2, 6): null

2022-06-20 10:29:31 - [TEST_STEP][PASSED] - password_adelamatanieves = data.getValue(2, 7): null

2022-06-20 10:29:31 - [TEST_STEP][PASSED] - password_kcannoosamy_dia = data.getValue(2, 8): null

2022-06-20 10:29:31 - [TEST_STEP][PASSED] - data_urlTestAUTO = findTestData("Data Files/URL/URL_testauto"): null

2022-06-20 10:29:31 - [TEST_STEP][PASSED] - Url_Starpack = data_urlTestAUTO.getValue(2, 2): null

2022-06-20 10:29:31 - [TEST_STEP][PASSED] - log = new com.kms.katalon.core.logging.KeywordLogger(): null

2022-06-20 10:29:31 - [TEST_STEP][PASSED] - openBrowser(Url_Starpack): Browser is opened with url: 'https://mdb-v3-test.diadeis.com/MediaboxIndependence/?MBI_datasource=RELTEST_STARPACK'

2022-06-20 10:29:31 - [MESSAGE][INFO] - Starting 'Chrome (headless)' driver

2022-06-20 10:29:31 - [MESSAGE][INFO] - User set preference: ['args', '[--window-size=1920,1080, --headless]']

2022-06-20 10:29:31 - [MESSAGE][INFO] - Action delay is set to 0 milliseconds

2022-06-20 10:29:42 - [MESSAGE][PASSED] - Browser is opened with url: 'https://mdb-v3-test.diadeis.com/MediaboxIndependence/?MBI_datasource=RELTEST_STARPACK'

2022-06-20 10:29:42 - [TEST_STEP][PASSED] - maximizeWindow(): Current window maximized

2022-06-20 10:29:42 - [MESSAGE][PASSED] - Current window maximized

2022-06-20 10:29:42 - [TEST_STEP][PASSED] - waitForPageLoad(30): Wait for page load successfully

2022-06-20 10:29:43 - [MESSAGE][PASSED] - Wait for page load successfully

2022-06-20 10:29:43 - [TEST_STEP][PASSED] - today = new java.util.Date(): null

2022-06-20 10:29:43 - [TEST_STEP][PASSED] - Lastname = "LN" + RandomStringUtils.randomAlphanumeric(3) + today.format("HHmmss"): null

2022-06-20 10:29:43 - [TEST_STEP][PASSED] - FirstName = "FN" + RandomStringUtils.randomAlphanumeric(3): null

2022-06-20 10:29:43 - [TEST_STEP][PASSED] - "SCENARIO 1 : ALL REQUIRED FIELDS ARE EMPTY": null

2022-06-20 10:29:43 - [TEST_STEP][PASSED] - I.Login_password("suser", password_suser): Object: 'Object Repository/1. Constant/xpath' is clicked on

2022-06-20 10:29:43 - [MESSAGE][PASSED] - Text 'suser' is set on object 'Object Repository/1. Constant/xpath'

2022-06-20 10:29:44 - [MESSAGE][PASSED] - Delayed 1 second(s)

2022-06-20 10:29:45 - [MESSAGE][PASSED] - Text 'diadeis' is set on object 'Object Repository/1. Constant/xpath'

2022-06-20 10:29:46 - [MESSAGE][PASSED] - Delayed 1 second(s)

2022-06-20 10:29:50 - [MESSAGE][PASSED] - Object: 'Object Repository/1. Constant/xpath' is clicked on

2022-06-20 10:29:50 - [TEST_STEP][PASSED] - I.GoToUserManagement(): Wait for page load successfully

2022-06-20 10:29:51 - [MESSAGE][PASSED] - Object: 'Object Repository/1. Constant/xpath' is clicked on

2022-06-20 10:29:53 - [MESSAGE][PASSED] - Delayed 2 second(s)

2022-06-20 10:30:04 - [MESSAGE][PASSED] - Object: 'Object Repository/1. Constant/xpath' is clicked on

2022-06-20 10:30:04 - [MESSAGE][PASSED] - Wait for page load successfully

2022-06-20 10:30:04 - [TEST_STEP][PASSED] - click(findTestObject("1. Constant/xpath", ["xpath":"//*[@id="kt_content"]/div[3]/div/div/div/div[1]/div/a[3]"])): Object: 'Object Repository/1. Constant/xpath' is clicked on

2022-06-20 10:30:05 - [MESSAGE][PASSED] - Object: 'Object Repository/1. Constant/xpath' is clicked on

2022-06-20 10:30:05 - [TEST_STEP][PASSED] - "Verify if star is displayed on": null

2022-06-20 10:30:05 - [TEST_STEP][PASSED] - I.verifystar("Last name", findTestObject("1. Constant/xpath", ["xpath":"//*[@id="userDetails"]/div[2]/div[1]/label/img"]), log): Taking screenshot successfully

2022-06-20 10:30:06 - [MESSAGE][PASSED] - Object 'Object Repository/1. Constant/xpath' is visible

2022-06-20 10:30:06 - [MESSAGE][PASSED] - Taking screenshot successfully
[[ATTACHMENT|D:\\Projet Test Auto\\Mediabox Test Automation [Test]\\Reports\\20220620_102921\\z01. Test Suites\\201. TestStarPack_Login_Logout_Email\\20220620_102922\\1655713806511.png]]

2022-06-20 10:30:06 - [TEST_STEP][PASSED] - I.verifystar("First Name", findTestObject("1. Constant/xpath", ["xpath":"//*[@id="userDetails"]/div[2]/div[2]/label/img"]), log): Taking screenshot successfully

2022-06-20 10:30:07 - [MESSAGE][PASSED] - Object 'Object Repository/1. Constant/xpath' is visible

2022-06-20 10:30:07 - [MESSAGE][PASSED] - Taking screenshot successfully
[[ATTACHMENT|D:\\Projet Test Auto\\Mediabox Test Automation [Test]\\Reports\\20220620_102921\\z01. Test Suites\\201. TestStarPack_Login_Logout_Email\\20220620_102922\\1655713807048.png]]

2022-06-20 10:30:07 - [TEST_STEP][PASSED] - I.verifystar("Login", findTestObject("1. Constant/xpath", ["xpath":"//*[@id="userDetails"]/div[2]/div[3]/label/img"]), log): Taking screenshot successfully

2022-06-20 10:30:07 - [MESSAGE][PASSED] - Object 'Object Repository/1. Constant/xpath' is visible

2022-06-20 10:30:08 - [MESSAGE][PASSED] - Taking screenshot successfully
[[ATTACHMENT|D:\\Projet Test Auto\\Mediabox Test Automation [Test]\\Reports\\20220620_102921\\z01. Test Suites\\201. TestStarPack_Login_Logout_Email\\20220620_102922\\1655713807812.png]]

2022-06-20 10:30:08 - [TEST_STEP][PASSED] - I.verifystar("Login", findTestObject("1. Constant/xpath", ["xpath":"//*[@id="userDetails"]/div[2]/div[4]/label/img"]), log): Taking screenshot successfully

2022-06-20 10:30:08 - [MESSAGE][PASSED] - Object 'Object Repository/1. Constant/xpath' is visible

2022-06-20 10:30:08 - [MESSAGE][PASSED] - Taking screenshot successfully
[[ATTACHMENT|D:\\Projet Test Auto\\Mediabox Test Automation [Test]\\Reports\\20220620_102921\\z01. Test Suites\\201. TestStarPack_Login_Logout_Email\\20220620_102922\\1655713808242.png]]

2022-06-20 10:30:08 - [TEST_STEP][PASSED] - I.verifystar("Company", findTestObject("1. Constant/xpath", ["xpath":"//*[@id="userDetails"]/div[2]/div[5]/label/img"]), log): Taking screenshot successfully

2022-06-20 10:30:08 - [MESSAGE][PASSED] - Object 'Object Repository/1. Constant/xpath' is visible

2022-06-20 10:30:09 - [MESSAGE][PASSED] - Taking screenshot successfully
[[ATTACHMENT|D:\\Projet Test Auto\\Mediabox Test Automation [Test]\\Reports\\20220620_102921\\z01. Test Suites\\201. TestStarPack_Login_Logout_Email\\20220620_102922\\1655713808954.png]]

2022-06-20 10:30:09 - [TEST_STEP][PASSED] - I.verifystar("Expiration date", findTestObject("1. Constant/xpath", ["xpath":"//*[@id="userDetails"]/div[2]/div[8]/label/img"]), log): Taking screenshot successfully

2022-06-20 10:30:09 - [MESSAGE][PASSED] - Object 'Object Repository/1. Constant/xpath' is visible

2022-06-20 10:30:09 - [MESSAGE][PASSED] - Taking screenshot successfully
[[ATTACHMENT|D:\\Projet Test Auto\\Mediabox Test Automation [Test]\\Reports\\20220620_102921\\z01. Test Suites\\201. TestStarPack_Login_Logout_Email\\20220620_102922\\1655713809680.png]]

2022-06-20 10:30:09 - [TEST_STEP][PASSED] - I.verifystar("User Role", findTestObject("1. Constant/xpath", ["xpath":"//*[@id="userDetails"]/div[2]/div[9]/label/img"]), log): Taking screenshot successfully

2022-06-20 10:30:10 - [MESSAGE][PASSED] - Object 'Object Repository/1. Constant/xpath' is visible

2022-06-20 10:30:10 - [MESSAGE][PASSED] - Taking screenshot successfully
[[ATTACHMENT|D:\\Projet Test Auto\\Mediabox Test Automation [Test]\\Reports\\20220620_102921\\z01. Test Suites\\201. TestStarPack_Login_Logout_Email\\20220620_102922\\1655713810177.png]]

2022-06-20 10:30:10 - [TEST_STEP][PASSED] - click(findTestObject("1. Constant/xpath", ["xpath":"//*[@id="CreateUser"]/div[3]/div/button[2]"])): Object: 'Object Repository/1. Constant/xpath' is clicked on

2022-06-20 10:30:11 - [MESSAGE][PASSED] - Object: 'Object Repository/1. Constant/xpath' is clicked on

2022-06-20 10:30:11 - [TEST_STEP][PASSED] - takeScreenshot(): Taking screenshot successfully

2022-06-20 10:30:11 - [MESSAGE][PASSED] - Taking screenshot successfully
[[ATTACHMENT|D:\\Projet Test Auto\\Mediabox Test Automation [Test]\\Reports\\20220620_102921\\z01. Test Suites\\201. TestStarPack_Login_Logout_Email\\20220620_102922\\1655713811550.png]]

2022-06-20 10:30:11 - [TEST_STEP][PASSED] - verifyElementVisible(findTestObject("1. Constant/xpath", ["xpath":"//*[@id="toast-container"]/div"])): Object 'Object Repository/1. Constant/xpath' is visible

2022-06-20 10:30:12 - [MESSAGE][PASSED] - Object 'Object Repository/1. Constant/xpath' is visible

2022-06-20 10:30:12 - [TEST_STEP][PASSED] - delay(3): Delayed 3 second(s)

2022-06-20 10:30:15 - [MESSAGE][PASSED] - Delayed 3 second(s)

2022-06-20 10:30:15 - [TEST_STEP][PASSED] - "SCENARIO 2: COMPANY BLANK": null

2022-06-20 10:30:15 - [TEST_STEP][PASSED] - setText(findTestObject("1. Constant/01_id_field_id", ["field_id":"userName"]), Lastname): Text 'LNLVO102943' is set on object 'Object Repository/1. Constant/01_id_field_id'

2022-06-20 10:30:15 - [MESSAGE][PASSED] - Text 'LNLVO102943' is set on object 'Object Repository/1. Constant/01_id_field_id'

2022-06-20 10:30:15 - [TEST_STEP][PASSED] - setText(findTestObject("1. Constant/01_id_field_id", ["field_id":"userFirstName"]), FirstName): Text 'FNfBq' is set on object 'Object Repository/1. Constant/01_id_field_id'

2022-06-20 10:30:15 - [MESSAGE][PASSED] - Text 'FNfBq' is set on object 'Object Repository/1. Constant/01_id_field_id'

2022-06-20 10:30:15 - [TEST_STEP][PASSED] - setText(findTestObject("1. Constant/xpath", ["xpath":"//*[@id="userDetails"]/div[2]/div[4]/div/input"]), "TEST@TEST.com"): Text 'TEST@TEST.com' is set on object 'Object Repository/1. Constant/xpath'

2022-06-20 10:30:16 - [MESSAGE][PASSED] - Text 'TEST@TEST.com' is set on object 'Object Repository/1. Constant/xpath'

2022-06-20 10:30:16 - [TEST_STEP][PASSED] - selectOptionByValue(findTestObject("1. Constant/01_id_field_id", ["field_id":"userRole"]), "admin", true): All options with value 'admin' are selected in object 'Object Repository/1. Constant/01_id_field_id'  using regular expression

2022-06-20 10:30:16 - [MESSAGE][PASSED] - All options with value 'admin' are selected in object 'Object Repository/1. Constant/01_id_field_id'  using regular expression

2022-06-20 10:30:16 - [TEST_STEP][PASSED] - delay(1): Delayed 1 second(s)

2022-06-20 10:30:17 - [MESSAGE][PASSED] - Delayed 1 second(s)

2022-06-20 10:30:17 - [TEST_STEP][PASSED] - I.Pagedown(): Execute JavaScript 'window.scrollTo(0, document.body.scrollHeight)' successfully

2022-06-20 10:30:17 - [MESSAGE][PASSED] - Execute JavaScript 'window.scrollTo(0, document.body.scrollHeight)' successfully

2022-06-20 10:30:17 - [TEST_STEP][PASSED] - click(findTestObject("1. Constant/xpath", ["xpath":"//*[@id="CreateUser"]/div[3]/div/button[2]"])): Object: 'Object Repository/1. Constant/xpath' is clicked on

2022-06-20 10:30:18 - [MESSAGE][PASSED] - Object: 'Object Repository/1. Constant/xpath' is clicked on

2022-06-20 10:30:18 - [TEST_STEP][PASSED] - delay(1): Delayed 1 second(s)

2022-06-20 10:30:19 - [MESSAGE][PASSED] - Delayed 1 second(s)

2022-06-20 10:30:19 - [TEST_STEP][PASSED] - takeScreenshot(): Taking screenshot successfully

2022-06-20 10:30:19 - [MESSAGE][PASSED] - Taking screenshot successfully
[[ATTACHMENT|D:\\Projet Test Auto\\Mediabox Test Automation [Test]\\Reports\\20220620_102921\\z01. Test Suites\\201. TestStarPack_Login_Logout_Email\\20220620_102922\\1655713819644.png]]

2022-06-20 10:30:19 - [TEST_STEP][PASSED] - I.verifyErrormsg_toastr("Company", findTestObject("1. Constant/xpath", ["xpath":"//*[@id="toast-container"]/div/div[2]"]), "Company missing", log): Text of object 'Object Repository/1. Constant/xpath' is: 'Company missing'

2022-06-20 10:30:20 - [MESSAGE][PASSED] - Object 'Object Repository/1. Constant/xpath' is visible

2022-06-20 10:30:20 - [MESSAGE][PASSED] - Text of object 'Object Repository/1. Constant/xpath' is: 'Company missing'

2022-06-20 10:30:20 - [TEST_STEP][PASSED] - "SCENARIO 3: Last Name blank": null

2022-06-20 10:30:20 - [TEST_STEP][PASSED] - clearText(findTestObject("1. Constant/01_id_field_id", ["field_id":"userName"]), STOP_ON_FAILURE): Text of object 'Object Repository/1. Constant/01_id_field_id' is cleared

2022-06-20 10:30:20 - [MESSAGE][PASSED] - Text of object 'Object Repository/1. Constant/01_id_field_id' is cleared

2022-06-20 10:30:20 - [TEST_STEP][PASSED] - selectOptionByValue(findTestObject("1. Constant/01_id_field_id", ["field_id":"userCompany"]), "1", true): All options with value '1' are selected in object 'Object Repository/1. Constant/01_id_field_id'  using regular expression

2022-06-20 10:30:20 - [MESSAGE][PASSED] - All options with value '1' are selected in object 'Object Repository/1. Constant/01_id_field_id'  using regular expression

2022-06-20 10:30:20 - [TEST_STEP][PASSED] - delay(1): Delayed 1 second(s)

2022-06-20 10:30:21 - [MESSAGE][PASSED] - Delayed 1 second(s)

2022-06-20 10:30:21 - [TEST_STEP][PASSED] - I.Pagedown(): Execute JavaScript 'window.scrollTo(0, document.body.scrollHeight)' successfully

2022-06-20 10:30:21 - [MESSAGE][PASSED] - Execute JavaScript 'window.scrollTo(0, document.body.scrollHeight)' successfully

2022-06-20 10:30:21 - [TEST_STEP][PASSED] - click(findTestObject("1. Constant/xpath", ["xpath":"//*[@id="CreateUser"]/div[3]/div/button[2]"])): Object: 'Object Repository/1. Constant/xpath' is clicked on

2022-06-20 10:30:22 - [MESSAGE][PASSED] - Object: 'Object Repository/1. Constant/xpath' is clicked on

2022-06-20 10:30:22 - [TEST_STEP][PASSED] - delay(3): Delayed 3 second(s)

2022-06-20 10:30:25 - [MESSAGE][PASSED] - Delayed 3 second(s)

2022-06-20 10:30:25 - [TEST_STEP][PASSED] - takeScreenshot(): Taking screenshot successfully

2022-06-20 10:30:26 - [MESSAGE][PASSED] - Taking screenshot successfully
[[ATTACHMENT|D:\\Projet Test Auto\\Mediabox Test Automation [Test]\\Reports\\20220620_102921\\z01. Test Suites\\201. TestStarPack_Login_Logout_Email\\20220620_102922\\1655713825479.png]]

2022-06-20 10:30:26 - [TEST_STEP][PASSED] - I.verifyErrormsg_toastr("Company", findTestObject("1. Constant/xpath", ["xpath":"//*[@id="toast-container"]/div/div[2]"]), "Name missing", log): Text of object 'Object Repository/1. Constant/xpath' is: 'Name missing'

2022-06-20 10:30:26 - [MESSAGE][PASSED] - Object 'Object Repository/1. Constant/xpath' is visible

2022-06-20 10:30:26 - [MESSAGE][PASSED] - Text of object 'Object Repository/1. Constant/xpath' is: 'Name missing'

2022-06-20 10:30:26 - [TEST_STEP][PASSED] - "SCENARIO 4: First name blank": null

2022-06-20 10:30:26 - [TEST_STEP][PASSED] - clearText(findTestObject("1. Constant/01_id_field_id", ["field_id":"userFirstName"]), STOP_ON_FAILURE): Text of object 'Object Repository/1. Constant/01_id_field_id' is cleared

2022-06-20 10:30:26 - [MESSAGE][PASSED] - Text of object 'Object Repository/1. Constant/01_id_field_id' is cleared

2022-06-20 10:30:26 - [TEST_STEP][PASSED] - setText(findTestObject("1. Constant/01_id_field_id", ["field_id":"userName"]), Lastname): Text 'LNLVO102943' is set on object 'Object Repository/1. Constant/01_id_field_id'

2022-06-20 10:30:27 - [MESSAGE][PASSED] - Text 'LNLVO102943' is set on object 'Object Repository/1. Constant/01_id_field_id'

2022-06-20 10:30:27 - [TEST_STEP][PASSED] - delay(1): Delayed 1 second(s)

2022-06-20 10:30:28 - [MESSAGE][PASSED] - Delayed 1 second(s)

2022-06-20 10:30:28 - [TEST_STEP][PASSED] - I.Pagedown(): Execute JavaScript 'window.scrollTo(0, document.body.scrollHeight)' successfully

2022-06-20 10:30:28 - [MESSAGE][PASSED] - Execute JavaScript 'window.scrollTo(0, document.body.scrollHeight)' successfully

2022-06-20 10:30:28 - [TEST_STEP][PASSED] - click(findTestObject("1. Constant/xpath", ["xpath":"//*[@id="CreateUser"]/div[3]/div/button[2]"])): Object: 'Object Repository/1. Constant/xpath' is clicked on

2022-06-20 10:30:28 - [MESSAGE][PASSED] - Object: 'Object Repository/1. Constant/xpath' is clicked on

2022-06-20 10:30:28 - [TEST_STEP][PASSED] - delay(3): Delayed 3 second(s)

2022-06-20 10:30:31 - [MESSAGE][PASSED] - Delayed 3 second(s)

2022-06-20 10:30:31 - [TEST_STEP][PASSED] - takeScreenshot(): Taking screenshot successfully

2022-06-20 10:30:32 - [MESSAGE][PASSED] - Taking screenshot successfully
[[ATTACHMENT|D:\\Projet Test Auto\\Mediabox Test Automation [Test]\\Reports\\20220620_102921\\z01. Test Suites\\201. TestStarPack_Login_Logout_Email\\20220620_102922\\1655713832172.png]]

2022-06-20 10:30:32 - [TEST_STEP][PASSED] - I.verifyErrormsg_toastr("Company", findTestObject("1. Constant/xpath", ["xpath":"//*[@id="toast-container"]/div/div[2]"]), "First Name missing", log): Text of object 'Object Repository/1. Constant/xpath' is: 'First Name missing'

2022-06-20 10:30:32 - [MESSAGE][PASSED] - Object 'Object Repository/1. Constant/xpath' is visible

2022-06-20 10:30:33 - [MESSAGE][PASSED] - Text of object 'Object Repository/1. Constant/xpath' is: 'First Name missing'

2022-06-20 10:30:33 - [TEST_STEP][PASSED] - "SCENARIO 5A: Login blank": null

2022-06-20 10:30:33 - [TEST_STEP][PASSED] - click(findTestObject("1. Constant/xpath", ["xpath":"//*[@id="CreateUser"]/div[3]/div/a"])): Object: 'Object Repository/1. Constant/xpath' is clicked on

2022-06-20 10:30:41 - [MESSAGE][PASSED] - Object: 'Object Repository/1. Constant/xpath' is clicked on

2022-06-20 10:30:41 - [TEST_STEP][PASSED] - click(findTestObject("1. Constant/xpath", ["xpath":"//*[@id="kt_content"]/div[3]/div/div/div/div[1]/div/a[3]"])): Object: 'Object Repository/1. Constant/xpath' is clicked on

2022-06-20 10:30:44 - [MESSAGE][PASSED] - Object: 'Object Repository/1. Constant/xpath' is clicked on

2022-06-20 10:30:44 - [TEST_STEP][PASSED] - setText(findTestObject("1. Constant/01_id_field_id", ["field_id":"userName"]), Lastname): Text 'LNLVO102943' is set on object 'Object Repository/1. Constant/01_id_field_id'

2022-06-20 10:30:44 - [MESSAGE][PASSED] - Text 'LNLVO102943' is set on object 'Object Repository/1. Constant/01_id_field_id'

2022-06-20 10:30:44 - [TEST_STEP][PASSED] - setText(findTestObject("1. Constant/01_id_field_id", ["field_id":"userFirstName"]), FirstName): Text 'FNfBq' is set on object 'Object Repository/1. Constant/01_id_field_id'

2022-06-20 10:30:45 - [MESSAGE][PASSED] - Text 'FNfBq' is set on object 'Object Repository/1. Constant/01_id_field_id'

2022-06-20 10:30:45 - [TEST_STEP][PASSED] - setText(findTestObject("1. Constant/xpath", ["xpath":"//*[@id="userDetails"]/div[2]/div[4]/div/input"]), "TEST@TEST.com"): Text 'TEST@TEST.com' is set on object 'Object Repository/1. Constant/xpath'

2022-06-20 10:30:45 - [MESSAGE][PASSED] - Text 'TEST@TEST.com' is set on object 'Object Repository/1. Constant/xpath'

2022-06-20 10:30:45 - [TEST_STEP][PASSED] - selectOptionByValue(findTestObject("1. Constant/01_id_field_id", ["field_id":"userCompany"]), "1", true): All options with value '1' are selected in object 'Object Repository/1. Constant/01_id_field_id'  using regular expression

2022-06-20 10:30:45 - [MESSAGE][PASSED] - All options with value '1' are selected in object 'Object Repository/1. Constant/01_id_field_id'  using regular expression

2022-06-20 10:30:45 - [TEST_STEP][PASSED] - selectOptionByValue(findTestObject("1. Constant/01_id_field_id", ["field_id":"userRole"]), "admin", true): All options with value 'admin' are selected in object 'Object Repository/1. Constant/01_id_field_id'  using regular expression

2022-06-20 10:30:46 - [MESSAGE][PASSED] - All options with value 'admin' are selected in object 'Object Repository/1. Constant/01_id_field_id'  using regular expression

2022-06-20 10:30:46 - [TEST_STEP][PASSED] - clearText(findTestObject("1. Constant/01_id_field_id", ["field_id":"userLogin"]), STOP_ON_FAILURE): Text of object 'Object Repository/1. Constant/01_id_field_id' is cleared

2022-06-20 10:30:46 - [MESSAGE][PASSED] - Text of object 'Object Repository/1. Constant/01_id_field_id' is cleared

2022-06-20 10:30:46 - [TEST_STEP][PASSED] - delay(1): Delayed 1 second(s)

2022-06-20 10:30:47 - [MESSAGE][PASSED] - Delayed 1 second(s)

2022-06-20 10:30:47 - [TEST_STEP][PASSED] - I.Pagedown(): Execute JavaScript 'window.scrollTo(0, document.body.scrollHeight)' successfully

2022-06-20 10:30:47 - [MESSAGE][PASSED] - Execute JavaScript 'window.scrollTo(0, document.body.scrollHeight)' successfully

2022-06-20 10:30:47 - [TEST_STEP][PASSED] - click(findTestObject("1. Constant/xpath", ["xpath":"//*[@id="CreateUser"]/div[3]/div/button[2]"])): Object: 'Object Repository/1. Constant/xpath' is clicked on

2022-06-20 10:30:48 - [MESSAGE][PASSED] - Object: 'Object Repository/1. Constant/xpath' is clicked on

2022-06-20 10:30:48 - [TEST_STEP][PASSED] - delay(3): Delayed 3 second(s)

2022-06-20 10:30:51 - [MESSAGE][PASSED] - Delayed 3 second(s)

2022-06-20 10:30:51 - [TEST_STEP][PASSED] - takeScreenshot(): Taking screenshot successfully

2022-06-20 10:30:52 - [MESSAGE][PASSED] - Taking screenshot successfully
[[ATTACHMENT|D:\\Projet Test Auto\\Mediabox Test Automation [Test]\\Reports\\20220620_102921\\z01. Test Suites\\201. TestStarPack_Login_Logout_Email\\20220620_102922\\1655713851918.png]]

2022-06-20 10:30:52 - [TEST_STEP][PASSED] - I.verifyErrormsg_toastr("Login", findTestObject("1. Constant/xpath", ["xpath":"//*[@id="toast-container"]/div/div[2]"]), "This login must contain beetween 4 and 18 characters", log): Text of object 'Object Repository/1. Constant/xpath' is: 'Login error : This login must contain beetween 4 and 18 characters'

2022-06-20 10:30:52 - [MESSAGE][PASSED] - Object 'Object Repository/1. Constant/xpath' is visible

2022-06-20 10:30:52 - [MESSAGE][PASSED] - Text of object 'Object Repository/1. Constant/xpath' is: 'Login error : This login must contain beetween 4 and 18 characters'

2022-06-20 10:30:52 - [TEST_STEP][PASSED] - setText(findTestObject("1. Constant/01_id_field_id", ["field_id":"userLogin"]), "ter"): Text 'ter' is set on object 'Object Repository/1. Constant/01_id_field_id'

2022-06-20 10:30:52 - [MESSAGE][PASSED] - Text 'ter' is set on object 'Object Repository/1. Constant/01_id_field_id'

2022-06-20 10:30:52 - [TEST_STEP][PASSED] - click(findTestObject("1. Constant/xpath", ["xpath":"//*[@id="CreateUser"]/div[3]/div/button[2]"])): Object: 'Object Repository/1. Constant/xpath' is clicked on

2022-06-20 10:30:53 - [MESSAGE][PASSED] - Object: 'Object Repository/1. Constant/xpath' is clicked on

2022-06-20 10:30:53 - [TEST_STEP][PASSED] - takeScreenshot(): Taking screenshot successfully

2022-06-20 10:30:53 - [MESSAGE][PASSED] - Taking screenshot successfully
[[ATTACHMENT|D:\\Projet Test Auto\\Mediabox Test Automation [Test]\\Reports\\20220620_102921\\z01. Test Suites\\201. TestStarPack_Login_Logout_Email\\20220620_102922\\1655713853400.png]]

2022-06-20 10:30:53 - [TEST_STEP][PASSED] - I.verifyErrormsg_toastr("Login", findTestObject("1. Constant/xpath", ["xpath":"//*[@id="toast-container"]/div/div[2]"]), "This login must contain beetween 4 and 18 characters", log): Text of object 'Object Repository/1. Constant/xpath' is: 'Login error : This login must contain beetween 4 and 18 characters'

2022-06-20 10:30:54 - [MESSAGE][PASSED] - Object 'Object Repository/1. Constant/xpath' is visible

2022-06-20 10:30:54 - [MESSAGE][PASSED] - Text of object 'Object Repository/1. Constant/xpath' is: 'Login error : This login must contain beetween 4 and 18 characters'

2022-06-20 10:30:54 - [TEST_STEP][PASSED] - "SCENARIO 6A: EMAIL blank": null

2022-06-20 10:30:54 - [TEST_STEP][PASSED] - clearText(findTestObject("1. Constant/xpath", ["xpath":"//*[@id="userDetails"]/div[2]/div[4]/div/input"])): Text of object 'Object Repository/1. Constant/xpath' is cleared

2022-06-20 10:30:54 - [MESSAGE][PASSED] - Text of object 'Object Repository/1. Constant/xpath' is cleared

2022-06-20 10:30:54 - [TEST_STEP][PASSED] - setText(findTestObject("1. Constant/01_id_field_id", ["field_id":"userLogin"]), "ter12"): Text 'ter12' is set on object 'Object Repository/1. Constant/01_id_field_id'

2022-06-20 10:30:54 - [MESSAGE][PASSED] - Text 'ter12' is set on object 'Object Repository/1. Constant/01_id_field_id'

2022-06-20 10:30:54 - [TEST_STEP][PASSED] - click(findTestObject("1. Constant/xpath", ["xpath":"//*[@id="CreateUser"]/div[3]/div/button[2]"])): Object: 'Object Repository/1. Constant/xpath' is clicked on

2022-06-20 10:30:55 - [MESSAGE][PASSED] - Object: 'Object Repository/1. Constant/xpath' is clicked on

2022-06-20 10:30:55 - [TEST_STEP][PASSED] - delay(3): Delayed 3 second(s)

2022-06-20 10:30:58 - [MESSAGE][PASSED] - Delayed 3 second(s)

2022-06-20 10:30:58 - [TEST_STEP][PASSED] - takeScreenshot(): Taking screenshot successfully

2022-06-20 10:30:58 - [MESSAGE][PASSED] - Taking screenshot successfully
[[ATTACHMENT|D:\\Projet Test Auto\\Mediabox Test Automation [Test]\\Reports\\20220620_102921\\z01. Test Suites\\201. TestStarPack_Login_Logout_Email\\20220620_102922\\1655713858415.png]]

2022-06-20 10:30:58 - [TEST_STEP][PASSED] - I.verifyErrormsg_toastr("Email", findTestObject("1. Constant/xpath", ["xpath":"//*[@id="toast-container"]/div/div[2]"]), "Email missing", log): Text of object 'Object Repository/1. Constant/xpath' is: 'Email missing
Invalid email
Login error : This login is already used'

2022-06-20 10:30:58 - [MESSAGE][PASSED] - Object 'Object Repository/1. Constant/xpath' is visible

2022-06-20 10:30:59 - [MESSAGE][PASSED] - Text of object 'Object Repository/1. Constant/xpath' is: 'Email missing
Invalid email
Login error : This login is already used'

2022-06-20 10:30:59 - [TEST_STEP][PASSED] - "SCENARIO 6B: INVALID EMAIL": null

2022-06-20 10:30:59 - [TEST_STEP][PASSED] - setText(findTestObject("1. Constant/xpath", ["xpath":"//*[@id="userDetails"]/div[2]/div[4]/div/input"]), "TESTT.com"): Text 'TESTT.com' is set on object 'Object Repository/1. Constant/xpath'

2022-06-20 10:30:59 - [MESSAGE][PASSED] - Text 'TESTT.com' is set on object 'Object Repository/1. Constant/xpath'

2022-06-20 10:30:59 - [TEST_STEP][PASSED] - click(findTestObject("1. Constant/xpath", ["xpath":"//*[@id="CreateUser"]/div[3]/div/button[2]"])): Object: 'Object Repository/1. Constant/xpath' is clicked on

2022-06-20 10:31:00 - [MESSAGE][PASSED] - Object: 'Object Repository/1. Constant/xpath' is clicked on

2022-06-20 10:31:00 - [TEST_STEP][PASSED] - delay(3): Delayed 3 second(s)

2022-06-20 10:31:03 - [MESSAGE][PASSED] - Delayed 3 second(s)

2022-06-20 10:31:03 - [TEST_STEP][PASSED] - takeScreenshot(): Taking screenshot successfully

2022-06-20 10:31:04 - [MESSAGE][PASSED] - Taking screenshot successfully
[[ATTACHMENT|D:\\Projet Test Auto\\Mediabox Test Automation [Test]\\Reports\\20220620_102921\\z01. Test Suites\\201. TestStarPack_Login_Logout_Email\\20220620_102922\\1655713863686.png]]

2022-06-20 10:31:04 - [TEST_STEP][PASSED] - I.verifyErrormsg_toastr("Email", findTestObject("1. Constant/xpath", ["xpath":"//*[@id="toast-container"]/div/div[2]"]), "Invalid email", log): Text of object 'Object Repository/1. Constant/xpath' is: 'Invalid email
Login error : This login is already used'

2022-06-20 10:31:04 - [MESSAGE][PASSED] - Object 'Object Repository/1. Constant/xpath' is visible

2022-06-20 10:31:04 - [MESSAGE][PASSED] - Text of object 'Object Repository/1. Constant/xpath' is: 'Invalid email
Login error : This login is already used'

2022-06-20 10:31:04 - [TEST_STEP][PASSED] - clearText(findTestObject("1. Constant/xpath", ["xpath":"//*[@id="userDetails"]/div[2]/div[4]/div/input"])): Text of object 'Object Repository/1. Constant/xpath' is cleared

2022-06-20 10:31:04 - [MESSAGE][PASSED] - Text of object 'Object Repository/1. Constant/xpath' is cleared

2022-06-20 10:31:04 - [TEST_STEP][PASSED] - setText(findTestObject("1. Constant/xpath", ["xpath":"//*[@id="userDetails"]/div[2]/div[4]/div/input"]), "TESTT@test.com"): Text 'TESTT@test.com' is set on object 'Object Repository/1. Constant/xpath'

2022-06-20 10:31:05 - [MESSAGE][PASSED] - Text 'TESTT@test.com' is set on object 'Object Repository/1. Constant/xpath'

2022-06-20 10:31:05 - [TEST_STEP][PASSED] - selectOptionByValue(findTestObject("1. Constant/01_id_field_id", ["field_id":"userRole"]), "Commercial_support", true): All options with value 'Commercial_support' are selected in object 'Object Repository/1. Constant/01_id_field_id'  using regular expression

2022-06-20 10:31:05 - [MESSAGE][PASSED] - All options with value 'Commercial_support' are selected in object 'Object Repository/1. Constant/01_id_field_id'  using regular expression

2022-06-20 10:31:05 - [TEST_STEP][PASSED] - delay(3): Delayed 3 second(s)

2022-06-20 10:31:08 - [MESSAGE][PASSED] - Delayed 3 second(s)

2022-06-20 10:31:08 - [TEST_STEP][PASSED] - click(findTestObject("1. Constant/xpath", ["xpath":"//*[@id="CreateUser"]/div[3]/div/button[2]"])): Object: 'Object Repository/1. Constant/xpath' is clicked on

2022-06-20 10:31:09 - [MESSAGE][PASSED] - Object: 'Object Repository/1. Constant/xpath' is clicked on

2022-06-20 10:31:09 - [TEST_STEP][PASSED] - I.verifyErrormsg_toastr("Company", findTestObject("1. Constant/xpath", ["xpath":"//*[@id="toast-container"]/div/div[2]"]), "Brand missing", log): Text of object 'Object Repository/1. Constant/xpath' is: 'Brand missing

Login error : This login is already used'

2022-06-20 10:31:10 - [MESSAGE][PASSED] - Object 'Object Repository/1. Constant/xpath' is visible

2022-06-20 10:31:10 - [MESSAGE][PASSED] - Text of object 'Object Repository/1. Constant/xpath' is: 'Brand missing

Login error : This login is already used'

2022-06-20 10:31:10 - [TEST_STEP][PASSED] - takeScreenshot(): Taking screenshot successfully

2022-06-20 10:31:10 - [MESSAGE][PASSED] - Taking screenshot successfully
[[ATTACHMENT|D:\\Projet Test Auto\\Mediabox Test Automation [Test]\\Reports\\20220620_102921\\z01. Test Suites\\201. TestStarPack_Login_Logout_Email\\20220620_102922\\1655713870140.png]]

2022-06-20 10:31:10 - [TEST_STEP][PASSED] - selectOptionByValue(findTestObject("1. Constant/01_id_field_id", ["field_id":"userRole"]), "admin", true): All options with value 'admin' are selected in object 'Object Repository/1. Constant/01_id_field_id'  using regular expression

2022-06-20 10:31:10 - [MESSAGE][PASSED] - All options with value 'admin' are selected in object 'Object Repository/1. Constant/01_id_field_id'  using regular expression

2022-06-20 10:31:10 - [TEST_STEP][PASSED] - clearText(findTestObject("1. Constant/01_id_field_id", ["field_id":"userLogin"]), STOP_ON_FAILURE): Text of object 'Object Repository/1. Constant/01_id_field_id' is cleared

2022-06-20 10:31:11 - [MESSAGE][PASSED] - Text of object 'Object Repository/1. Constant/01_id_field_id' is cleared

2022-06-20 10:31:11 - [TEST_STEP][PASSED] - setText(findTestObject("1. Constant/01_id_field_id", ["field_id":"userLogin"]), "aherms"): Text 'aherms' is set on object 'Object Repository/1. Constant/01_id_field_id'

2022-06-20 10:31:11 - [MESSAGE][PASSED] - Text 'aherms' is set on object 'Object Repository/1. Constant/01_id_field_id'

2022-06-20 10:31:11 - [TEST_STEP][PASSED] - click(findTestObject("1. Constant/xpath", ["xpath":"//*[@id="CreateUser"]/div[3]/div/button[2]"])): Object: 'Object Repository/1. Constant/xpath' is clicked on

2022-06-20 10:31:12 - [MESSAGE][PASSED] - Object: 'Object Repository/1. Constant/xpath' is clicked on

2022-06-20 10:31:12 - [TEST_STEP][PASSED] - delay(3): Delayed 3 second(s)

2022-06-20 10:31:15 - [MESSAGE][PASSED] - Delayed 3 second(s)

2022-06-20 10:31:15 - [TEST_STEP][PASSED] - takeScreenshot(): Taking screenshot successfully

2022-06-20 10:31:16 - [MESSAGE][PASSED] - Taking screenshot successfully
[[ATTACHMENT|D:\\Projet Test Auto\\Mediabox Test Automation [Test]\\Reports\\20220620_102921\\z01. Test Suites\\201. TestStarPack_Login_Logout_Email\\20220620_102922\\1655713875617.png]]

2022-06-20 10:31:16 - [TEST_STEP][PASSED] - I.verifyErrormsg_toastr("Company", findTestObject("1. Constant/xpath", ["xpath":"//*[@id="toast-container"]/div/div[2]"]), " This login is already used", log): Text of object 'Object Repository/1. Constant/xpath' is: 'Login error : This login is already used'

2022-06-20 10:31:16 - [MESSAGE][PASSED] - Object 'Object Repository/1. Constant/xpath' is visible

2022-06-20 10:31:16 - [MESSAGE][PASSED] - Text of object 'Object Repository/1. Constant/xpath' is: 'Login error : This login is already used'

2022-06-20 10:31:16 - [TEST_STEP][PASSED] - closeBrowser(): Browser is closed

2022-06-20 10:31:18 - [MESSAGE][PASSED] - Browser is closed

2022-06-20 10:31:18 - [TEST_STEP][PASSED] - Start listener action : sampleAfterTestCase: null]]></system-out>
         <system-err><![CDATA[]]></system-err>
      </testcase>
      <testcase name="Test Cases/201. TestStarPack_Login_Logout_Email/201.01 TestStarpack Reset Password (Need to verify email 201.11)" time="33.565" classname="Test Cases/201. TestStarPack_Login_Logout_Email/201.01 TestStarpack Reset Password (Need to verify email 201.11)" status="PASSED">
         <system-out><![CDATA[2022-06-20 10:31:18 - [TEST_CASE][PASSED] - Test Cases/201. TestStarPack_Login_Logout_Email/201.01 TestStarpack Reset Password (Need to verify email 201.11): Test Cases/201. TestStarPack_Login_Logout_Email/201.01 TestStarpack Reset Password (Need to verify email 201.11)

2022-06-20 10:31:18 - [TEST_STEP][PASSED] - data = findTestData("Data Files/Username_Password/Test_Starpack"): null

2022-06-20 10:31:18 - [TEST_STEP][PASSED] - password_suser = data.getValue(2, 1): null

2022-06-20 10:31:18 - [TEST_STEP][PASSED] - data_urlTestAUTO = findTestData("Data Files/URL/URL_testauto"): null

2022-06-20 10:31:18 - [TEST_STEP][PASSED] - Url_Starpack = data_urlTestAUTO.getValue(2, 2): null

2022-06-20 10:31:18 - [TEST_STEP][PASSED] - login = "flndhx162043": null

2022-06-20 10:31:18 - [TEST_STEP][PASSED] - password_mediaboxCreation = "Diadeis*1": null

2022-06-20 10:31:18 - [TEST_STEP][PASSED] - openBrowser(Url_Starpack): Browser is opened with url: 'https://mdb-v3-test.diadeis.com/MediaboxIndependence/?MBI_datasource=RELTEST_STARPACK'

2022-06-20 10:31:18 - [MESSAGE][INFO] - Starting 'Chrome (headless)' driver

2022-06-20 10:31:18 - [MESSAGE][INFO] - User set preference: ['args', '[--window-size=1920,1080, --headless]']

2022-06-20 10:31:18 - [MESSAGE][INFO] - Action delay is set to 0 milliseconds

2022-06-20 10:31:23 - [MESSAGE][PASSED] - Browser is opened with url: 'https://mdb-v3-test.diadeis.com/MediaboxIndependence/?MBI_datasource=RELTEST_STARPACK'

2022-06-20 10:31:23 - [TEST_STEP][PASSED] - maximizeWindow(): Current window maximized

2022-06-20 10:31:23 - [MESSAGE][PASSED] - Current window maximized

2022-06-20 10:31:23 - [TEST_STEP][PASSED] - waitForPageLoad(30): Wait for page load successfully

2022-06-20 10:31:23 - [MESSAGE][PASSED] - Wait for page load successfully

2022-06-20 10:31:23 - [TEST_STEP][PASSED] - I.Login_password("suser", password_suser): Object: 'Object Repository/1. Constant/xpath' is clicked on

2022-06-20 10:31:24 - [MESSAGE][PASSED] - Text 'suser' is set on object 'Object Repository/1. Constant/xpath'

2022-06-20 10:31:25 - [MESSAGE][PASSED] - Delayed 1 second(s)

2022-06-20 10:31:25 - [MESSAGE][PASSED] - Text 'diadeis' is set on object 'Object Repository/1. Constant/xpath'

2022-06-20 10:31:26 - [MESSAGE][PASSED] - Delayed 1 second(s)

2022-06-20 10:31:30 - [MESSAGE][PASSED] - Object: 'Object Repository/1. Constant/xpath' is clicked on

2022-06-20 10:31:30 - [TEST_STEP][PASSED] - takeScreenshot(): Taking screenshot successfully

2022-06-20 10:31:31 - [MESSAGE][PASSED] - Taking screenshot successfully
[[ATTACHMENT|D:\\Projet Test Auto\\Mediabox Test Automation [Test]\\Reports\\20220620_102921\\z01. Test Suites\\201. TestStarPack_Login_Logout_Email\\20220620_102922\\1655713891040.png]]

2022-06-20 10:31:31 - [TEST_STEP][PASSED] - click(findTestObject("1. Constant/xpath", ["xpath":"//*[@id="kt_aside_menu"]/ul/li[11]/a/span[2]"])): Object: 'Object Repository/1. Constant/xpath' is clicked on

2022-06-20 10:31:31 - [MESSAGE][PASSED] - Object: 'Object Repository/1. Constant/xpath' is clicked on

2022-06-20 10:31:31 - [TEST_STEP][PASSED] - takeScreenshot(): Taking screenshot successfully

2022-06-20 10:31:32 - [MESSAGE][PASSED] - Taking screenshot successfully
[[ATTACHMENT|D:\\Projet Test Auto\\Mediabox Test Automation [Test]\\Reports\\20220620_102921\\z01. Test Suites\\201. TestStarPack_Login_Logout_Email\\20220620_102922\\1655713891879.png]]

2022-06-20 10:31:32 - [TEST_STEP][PASSED] - delay(3): Delayed 3 second(s)

2022-06-20 10:31:35 - [MESSAGE][PASSED] - Delayed 3 second(s)

2022-06-20 10:31:35 - [TEST_STEP][PASSED] - click(findTestObject("1. Constant/xpath", ["xpath":"//*[@id="kt_aside_menu"]/ul/li[11]/div/ul/li[2]/a/span"])): Object: 'Object Repository/1. Constant/xpath' is clicked on

2022-06-20 10:31:44 - [MESSAGE][PASSED] - Object: 'Object Repository/1. Constant/xpath' is clicked on

2022-06-20 10:31:44 - [TEST_STEP][PASSED] - delay(1): Delayed 1 second(s)

2022-06-20 10:31:45 - [MESSAGE][PASSED] - Delayed 1 second(s)

2022-06-20 10:31:45 - [TEST_STEP][PASSED] - setText(findTestObject("1. Constant/xpath", ["xpath":"//*[@id="users_table_filter"]/label/input"]), login): Text 'flndhx162043' is set on object 'Object Repository/1. Constant/xpath'

2022-06-20 10:31:46 - [MESSAGE][PASSED] - Text 'flndhx162043' is set on object 'Object Repository/1. Constant/xpath'

2022-06-20 10:31:46 - [TEST_STEP][PASSED] - delay(1): Delayed 1 second(s)

2022-06-20 10:31:47 - [MESSAGE][PASSED] - Delayed 1 second(s)

2022-06-20 10:31:47 - [TEST_STEP][PASSED] - takeScreenshot(): Taking screenshot successfully

2022-06-20 10:31:48 - [MESSAGE][PASSED] - Taking screenshot successfully
[[ATTACHMENT|D:\\Projet Test Auto\\Mediabox Test Automation [Test]\\Reports\\20220620_102921\\z01. Test Suites\\201. TestStarPack_Login_Logout_Email\\20220620_102922\\1655713907747.png]]

2022-06-20 10:31:48 - [TEST_STEP][PASSED] - delay(1): Delayed 1 second(s)

2022-06-20 10:31:49 - [MESSAGE][PASSED] - Delayed 1 second(s)

2022-06-20 10:31:49 - [TEST_STEP][PASSED] - click(findTestObject("1. Constant/xpath", ["xpath":"//*[@id="flndhx162043"]/td[14]/a"])): Object: 'Object Repository/1. Constant/xpath' is clicked on

2022-06-20 10:31:49 - [MESSAGE][PASSED] - Object: 'Object Repository/1. Constant/xpath' is clicked on

2022-06-20 10:31:49 - [TEST_STEP][PASSED] - takeScreenshot(): Taking screenshot successfully

2022-06-20 10:31:49 - [MESSAGE][PASSED] - Taking screenshot successfully
[[ATTACHMENT|D:\\Projet Test Auto\\Mediabox Test Automation [Test]\\Reports\\20220620_102921\\z01. Test Suites\\201. TestStarPack_Login_Logout_Email\\20220620_102922\\1655713909354.png]]

2022-06-20 10:31:49 - [TEST_STEP][PASSED] - actualmsg = getText(findTestObject("1. Constant/xpath", ["xpath":"//*[@id="toast-container"]/div/div[2]"])): Text of object 'Object Repository/1. Constant/xpath' is: 'Login information email sent to flndhx162043'

2022-06-20 10:31:50 - [MESSAGE][PASSED] - Text of object 'Object Repository/1. Constant/xpath' is: 'Login information email sent to flndhx162043'

2022-06-20 10:31:50 - [TEST_STEP][PASSED] - Expectedmsg = "Login information email sent to " + login: null

2022-06-20 10:31:50 - [TEST_STEP][PASSED] - verifyEqual(actualmsg, Expectedmsg): Actual object 'Login information email sent to flndhx162043' and expected object 'Login information email sent to flndhx162043' are equal

2022-06-20 10:31:50 - [MESSAGE][PASSED] - Actual object 'Login information email sent to flndhx162043' and expected object 'Login information email sent to flndhx162043' are equal

2022-06-20 10:31:50 - [TEST_STEP][PASSED] - closeBrowser(): Browser is closed

2022-06-20 10:31:51 - [MESSAGE][PASSED] - Browser is closed

2022-06-20 10:31:51 - [TEST_STEP][PASSED] - Start listener action : sampleAfterTestCase: null]]></system-out>
         <system-err><![CDATA[]]></system-err>
      </testcase>
      <testcase name="Test Cases/201. TestStarPack_Login_Logout_Email/201.02 TestStarpack Création de compte - annuler la creation (Chrome)" time="62.996" classname="Test Cases/201. TestStarPack_Login_Logout_Email/201.02 TestStarpack Création de compte - annuler la creation (Chrome)" status="PASSED">
         <system-out><![CDATA[2022-06-20 10:31:51 - [TEST_CASE][PASSED] - Test Cases/201. TestStarPack_Login_Logout_Email/201.02 TestStarpack Création de compte - annuler la creation (Chrome): Test Cases/201. TestStarPack_Login_Logout_Email/201.02 TestStarpack Création de compte - annuler la creation (Chrome)

2022-06-20 10:31:52 - [TEST_STEP][PASSED] - data = findTestData("Data Files/Username_Password/Test_Starpack"): null

2022-06-20 10:31:52 - [TEST_STEP][PASSED] - password_suser = data.getValue(2, 1): null

2022-06-20 10:31:52 - [TEST_STEP][PASSED] - data_urlTestAUTO = findTestData("Data Files/URL/URL_testauto"): null

2022-06-20 10:31:52 - [TEST_STEP][PASSED] - Url_Starpack = data_urlTestAUTO.getValue(2, 2): null

2022-06-20 10:31:52 - [TEST_STEP][PASSED] - password_gmailcancel = "Diadeis*1": null

2022-06-20 10:31:52 - [TEST_STEP][PASSED] - log = new com.kms.katalon.core.logging.KeywordLogger(): null

2022-06-20 10:31:52 - [TEST_STEP][PASSED] - openBrowser(Url_Starpack): Browser is opened with url: 'https://mdb-v3-test.diadeis.com/MediaboxIndependence/?MBI_datasource=RELTEST_STARPACK'

2022-06-20 10:31:52 - [MESSAGE][INFO] - Starting 'Chrome (headless)' driver

2022-06-20 10:31:52 - [MESSAGE][INFO] - User set preference: ['args', '[--window-size=1920,1080, --headless]']

2022-06-20 10:31:52 - [MESSAGE][INFO] - Action delay is set to 0 milliseconds

2022-06-20 10:31:56 - [MESSAGE][PASSED] - Browser is opened with url: 'https://mdb-v3-test.diadeis.com/MediaboxIndependence/?MBI_datasource=RELTEST_STARPACK'

2022-06-20 10:31:56 - [TEST_STEP][PASSED] - maximizeWindow(): Current window maximized

2022-06-20 10:31:57 - [MESSAGE][PASSED] - Current window maximized

2022-06-20 10:31:57 - [TEST_STEP][PASSED] - I.Login_password("suser", password_suser): Object: 'Object Repository/1. Constant/xpath' is clicked on

2022-06-20 10:31:57 - [MESSAGE][PASSED] - Text 'suser' is set on object 'Object Repository/1. Constant/xpath'

2022-06-20 10:31:58 - [MESSAGE][PASSED] - Delayed 1 second(s)

2022-06-20 10:31:58 - [MESSAGE][PASSED] - Text 'diadeis' is set on object 'Object Repository/1. Constant/xpath'

2022-06-20 10:31:59 - [MESSAGE][PASSED] - Delayed 1 second(s)

2022-06-20 10:32:04 - [MESSAGE][PASSED] - Object: 'Object Repository/1. Constant/xpath' is clicked on

2022-06-20 10:32:04 - [TEST_STEP][PASSED] - takeScreenshot(): Taking screenshot successfully

2022-06-20 10:32:04 - [MESSAGE][PASSED] - Taking screenshot successfully
[[ATTACHMENT|D:\\Projet Test Auto\\Mediabox Test Automation [Test]\\Reports\\20220620_102921\\z01. Test Suites\\201. TestStarPack_Login_Logout_Email\\20220620_102922\\1655713924242.png]]

2022-06-20 10:32:04 - [TEST_STEP][PASSED] - waitForPageLoad(30): Wait for page load successfully

2022-06-20 10:32:04 - [MESSAGE][PASSED] - Wait for page load successfully

2022-06-20 10:32:04 - [TEST_STEP][PASSED] - verifyElementVisible(findTestObject("1. Constant/xpath", ["xpath":"//*[@id="kt_aside_menu"]/ul/li[11]/a/span[2]"])): Object 'Object Repository/1. Constant/xpath' is visible

2022-06-20 10:32:04 - [MESSAGE][PASSED] - Object 'Object Repository/1. Constant/xpath' is visible

2022-06-20 10:32:04 - [TEST_STEP][PASSED] - click(findTestObject("1. Constant/xpath", ["xpath":"//*[@id="kt_aside_menu"]/ul/li[11]/a/span[2]"])): Object: 'Object Repository/1. Constant/xpath' is clicked on

2022-06-20 10:32:05 - [MESSAGE][PASSED] - Object: 'Object Repository/1. Constant/xpath' is clicked on

2022-06-20 10:32:05 - [TEST_STEP][PASSED] - takeScreenshot(): Taking screenshot successfully

2022-06-20 10:32:05 - [MESSAGE][PASSED] - Taking screenshot successfully
[[ATTACHMENT|D:\\Projet Test Auto\\Mediabox Test Automation [Test]\\Reports\\20220620_102921\\z01. Test Suites\\201. TestStarPack_Login_Logout_Email\\20220620_102922\\1655713925221.png]]

2022-06-20 10:32:05 - [TEST_STEP][PASSED] - delay(3): Delayed 3 second(s)

2022-06-20 10:32:08 - [MESSAGE][PASSED] - Delayed 3 second(s)

2022-06-20 10:32:08 - [TEST_STEP][PASSED] - verifyElementVisible(findTestObject("1. Constant/xpath", ["xpath":"//*[@id="kt_aside_menu"]/ul/li[11]/div/ul/li[2]/a/span"])): Object 'Object Repository/1. Constant/xpath' is visible

2022-06-20 10:32:08 - [MESSAGE][PASSED] - Object 'Object Repository/1. Constant/xpath' is visible

2022-06-20 10:32:08 - [TEST_STEP][PASSED] - click(findTestObject("1. Constant/xpath", ["xpath":"//*[@id="kt_aside_menu"]/ul/li[11]/div/ul/li[2]/a/span"])): Object: 'Object Repository/1. Constant/xpath' is clicked on

2022-06-20 10:32:18 - [MESSAGE][PASSED] - Object: 'Object Repository/1. Constant/xpath' is clicked on

2022-06-20 10:32:18 - [TEST_STEP][PASSED] - waitForPageLoad(30): Wait for page load successfully

2022-06-20 10:32:18 - [MESSAGE][PASSED] - Wait for page load successfully

2022-06-20 10:32:18 - [TEST_STEP][PASSED] - click(findTestObject("1. Constant/xpath", ["xpath":"//*[@id="kt_content"]/div[3]/div/div/div/div[1]/div/a[3]"])): Object: 'Object Repository/1. Constant/xpath' is clicked on

2022-06-20 10:32:21 - [MESSAGE][PASSED] - Object: 'Object Repository/1. Constant/xpath' is clicked on

2022-06-20 10:32:21 - [TEST_STEP][PASSED] - waitForPageLoad(30): Wait for page load successfully

2022-06-20 10:32:21 - [MESSAGE][PASSED] - Wait for page load successfully

2022-06-20 10:32:21 - [TEST_STEP][PASSED] - takeScreenshot(): Taking screenshot successfully

2022-06-20 10:32:22 - [MESSAGE][PASSED] - Taking screenshot successfully
[[ATTACHMENT|D:\\Projet Test Auto\\Mediabox Test Automation [Test]\\Reports\\20220620_102921\\z01. Test Suites\\201. TestStarPack_Login_Logout_Email\\20220620_102922\\1655713941716.png]]

2022-06-20 10:32:22 - [TEST_STEP][PASSED] - setText(findTestObject("1. Constant/01_id_field_id", ["field_id":"userName"]), "ancell"): Text 'ancell' is set on object 'Object Repository/1. Constant/01_id_field_id'

2022-06-20 10:32:22 - [MESSAGE][PASSED] - Text 'ancell' is set on object 'Object Repository/1. Constant/01_id_field_id'

2022-06-20 10:32:22 - [TEST_STEP][PASSED] - setText(findTestObject("1. Constant/01_id_field_id", ["field_id":"userFirstName"]), "c"): Text 'c' is set on object 'Object Repository/1. Constant/01_id_field_id'

2022-06-20 10:32:22 - [MESSAGE][PASSED] - Text 'c' is set on object 'Object Repository/1. Constant/01_id_field_id'

2022-06-20 10:32:22 - [TEST_STEP][PASSED] - setText(findTestObject("1. Constant/xpath", ["xpath":"//*[@id="userDetails"]/div[2]/div[4]/div/input"]), "Mediabox.cancel@gmail.com"): Text 'Mediabox.cancel@gmail.com' is set on object 'Object Repository/1. Constant/xpath'

2022-06-20 10:32:22 - [MESSAGE][PASSED] - Text 'Mediabox.cancel@gmail.com' is set on object 'Object Repository/1. Constant/xpath'

2022-06-20 10:32:22 - [TEST_STEP][PASSED] - selectOptionByValue(findTestObject("1. Constant/01_id_field_id", ["field_id":"userCompany"]), "1", true): All options with value '1' are selected in object 'Object Repository/1. Constant/01_id_field_id'  using regular expression

2022-06-20 10:32:23 - [MESSAGE][PASSED] - All options with value '1' are selected in object 'Object Repository/1. Constant/01_id_field_id'  using regular expression

2022-06-20 10:32:23 - [TEST_STEP][PASSED] - selectOptionByValue(findTestObject("1. Constant/01_id_field_id", ["field_id":"userRole"]), "Commercial_support", true): All options with value 'Commercial_support' are selected in object 'Object Repository/1. Constant/01_id_field_id'  using regular expression

2022-06-20 10:32:23 - [MESSAGE][PASSED] - All options with value 'Commercial_support' are selected in object 'Object Repository/1. Constant/01_id_field_id'  using regular expression

2022-06-20 10:32:23 - [TEST_STEP][PASSED] - delay(1): Delayed 1 second(s)

2022-06-20 10:32:24 - [MESSAGE][PASSED] - Delayed 1 second(s)

2022-06-20 10:32:24 - [TEST_STEP][PASSED] - I.Pagedown(): Execute JavaScript 'window.scrollTo(0, document.body.scrollHeight)' successfully

2022-06-20 10:32:24 - [MESSAGE][PASSED] - Execute JavaScript 'window.scrollTo(0, document.body.scrollHeight)' successfully

2022-06-20 10:32:24 - [TEST_STEP][PASSED] - selectOptionByValue(findTestObject("1. Constant/01_id_field_id", ["field_id":"selSource_Brand"]), "122", true): All options with value '122' are selected in object 'Object Repository/1. Constant/01_id_field_id'  using regular expression

2022-06-20 10:32:25 - [MESSAGE][PASSED] - All options with value '122' are selected in object 'Object Repository/1. Constant/01_id_field_id'  using regular expression

2022-06-20 10:32:25 - [TEST_STEP][PASSED] - click(findTestObject("1. Constant/xpath", ["xpath":"//*[@id="userRoleParams_block"]/div/div/table/tbody/tr/td[2]/input[1]"])): Object: 'Object Repository/1. Constant/xpath' is clicked on

2022-06-20 10:32:25 - [MESSAGE][PASSED] - Object: 'Object Repository/1. Constant/xpath' is clicked on

2022-06-20 10:32:25 - [TEST_STEP][PASSED] - verifyElementAttributeValue(findTestObject("1. Constant/01_id_field_id", ["field_id":"userLogin"]), "value", "cancell", 20): Object 'Object Repository/1. Constant/01_id_field_id' has attribute 'value' with value 'cancell'

2022-06-20 10:32:26 - [MESSAGE][PASSED] - Object 'Object Repository/1. Constant/01_id_field_id' has attribute 'value' with value 'cancell'

2022-06-20 10:32:26 - [TEST_STEP][PASSED] - waitForPageLoad(30): Wait for page load successfully

2022-06-20 10:32:26 - [MESSAGE][PASSED] - Wait for page load successfully

2022-06-20 10:32:26 - [TEST_STEP][PASSED] - click(findTestObject("1. Constant/xpath", ["xpath":"//*[@id="CreateUser"]/div[3]/div/a"])): Object: 'Object Repository/1. Constant/xpath' is clicked on

2022-06-20 10:32:33 - [MESSAGE][PASSED] - Object: 'Object Repository/1. Constant/xpath' is clicked on

2022-06-20 10:32:33 - [TEST_STEP][PASSED] - delay(3): Delayed 3 second(s)

2022-06-20 10:32:36 - [MESSAGE][PASSED] - Delayed 3 second(s)

2022-06-20 10:32:36 - [TEST_STEP][PASSED] - setText(findTestObject("1. Constant/xpath", ["xpath":"//*[@id="users_table_filter"]/label/input"]), "cancel@testautodiadeis.com"): Text 'cancel@testautodiadeis.com' is set on object 'Object Repository/1. Constant/xpath'

2022-06-20 10:32:37 - [MESSAGE][PASSED] - Text 'cancel@testautodiadeis.com' is set on object 'Object Repository/1. Constant/xpath'

2022-06-20 10:32:37 - [TEST_STEP][PASSED] - delay(1): Delayed 1 second(s)

2022-06-20 10:32:38 - [MESSAGE][PASSED] - Delayed 1 second(s)

2022-06-20 10:32:38 - [TEST_STEP][PASSED] - CT = getText(findTestObject("1. Constant/xpath", ["xpath":"//*[@id="users_table"]/tbody/tr/td"])): Text of object 'Object Repository/1. Constant/xpath' is: 'No matching records found'

2022-06-20 10:32:38 - [MESSAGE][PASSED] - Text of object 'Object Repository/1. Constant/xpath' is: 'No matching records found'

2022-06-20 10:32:38 - [TEST_STEP][PASSED] - I.print(CT): null

2022-06-20 10:32:38 - [TEST_STEP][PASSED] - I.verifymsg(findTestObject("1. Constant/xpath", ["xpath":"//*[@id="users_table"]/tbody/tr/td"]), "No matching records found", log): Text of object 'Object Repository/1. Constant/xpath' is: 'No matching records found'

2022-06-20 10:32:38 - [MESSAGE][PASSED] - Text of object 'Object Repository/1. Constant/xpath' is: 'No matching records found'

2022-06-20 10:32:38 - [TEST_STEP][PASSED] - takeScreenshot(): Taking screenshot successfully

2022-06-20 10:32:38 - [MESSAGE][PASSED] - Taking screenshot successfully
[[ATTACHMENT|D:\\Projet Test Auto\\Mediabox Test Automation [Test]\\Reports\\20220620_102921\\z01. Test Suites\\201. TestStarPack_Login_Logout_Email\\20220620_102922\\1655713958642.png]]

2022-06-20 10:32:38 - [TEST_STEP][PASSED] - I.Logout(): Delayed 3 second(s)

2022-06-20 10:32:41 - [MESSAGE][PASSED] - Delayed 3 second(s)

2022-06-20 10:32:42 - [MESSAGE][PASSED] - Object: 'Object Repository/1. Constant/xpath' is clicked on

2022-06-20 10:32:45 - [MESSAGE][PASSED] - Delayed 3 second(s)

2022-06-20 10:32:48 - [MESSAGE][PASSED] - Object: 'Object Repository/1. Constant/xpath' is clicked on

2022-06-20 10:32:51 - [MESSAGE][PASSED] - Delayed 3 second(s)

2022-06-20 10:32:51 - [TEST_STEP][PASSED] - closeBrowser(): Browser is closed

2022-06-20 10:32:54 - [MESSAGE][PASSED] - Browser is closed

2022-06-20 10:32:54 - [TEST_STEP][PASSED] - Start listener action : sampleAfterTestCase: null]]></system-out>
         <system-err><![CDATA[]]></system-err>
      </testcase>
      <testcase name="Test Cases/201. TestStarPack_Login_Logout_Email/201.03 Création de compte (avec parametre) (Need verification email 201.12)" time="96.302" classname="Test Cases/201. TestStarPack_Login_Logout_Email/201.03 Création de compte (avec parametre) (Need verification email 201.12)" status="PASSED">
         <system-out><![CDATA[2022-06-20 10:32:54 - [TEST_CASE][PASSED] - Test Cases/201. TestStarPack_Login_Logout_Email/201.03 Création de compte (avec parametre) (Need verification email 201.12): Test Cases/201. TestStarPack_Login_Logout_Email/201.03 Création de compte (avec parametre) (Need verification email 201.12)

2022-06-20 10:32:55 - [TEST_STEP][PASSED] - data = findTestData("Data Files/Username_Password/Test_Starpack"): null

2022-06-20 10:32:55 - [TEST_STEP][PASSED] - password_suser = data.getValue(2, 1): null

2022-06-20 10:32:55 - [TEST_STEP][PASSED] - password_aherms = data.getValue(2, 2): null

2022-06-20 10:32:55 - [TEST_STEP][PASSED] - password_agluszczynska = data.getValue(2, 3): null

2022-06-20 10:32:55 - [TEST_STEP][PASSED] - password_jmaciaszczyk = data.getValue(2, 4): null

2022-06-20 10:32:55 - [TEST_STEP][PASSED] - password_aterreshernandez = data.getValue(2, 5): null

2022-06-20 10:32:55 - [TEST_STEP][PASSED] - password_amartin_arbol = data.getValue(2, 6): null

2022-06-20 10:32:55 - [TEST_STEP][PASSED] - password_adelamatanieves = data.getValue(2, 7): null

2022-06-20 10:32:55 - [TEST_STEP][PASSED] - password_kcannoosamy_dia = data.getValue(2, 8): null

2022-06-20 10:32:55 - [TEST_STEP][PASSED] - data_urlTestAUTO = findTestData("Data Files/URL/URL_testauto"): null

2022-06-20 10:32:55 - [TEST_STEP][PASSED] - Url_Starpack = data_urlTestAUTO.getValue(2, 2): null

2022-06-20 10:32:55 - [TEST_STEP][PASSED] - I.clearnotepad("D:\Upoad_File\zTest_Auto\Test_Projet_ Login\StarPack\201.03 StarPack_Login username\login.txt"): null

2022-06-20 10:32:55 - [TEST_STEP][PASSED] - I.clearnotepad("D:\Upoad_File\zTest_Auto\Test_Projet_ Login\StarPack\201.03 StarPack_Login username.txt"): null

2022-06-20 10:32:55 - [TEST_STEP][PASSED] - log = new com.kms.katalon.core.logging.KeywordLogger(): null

2022-06-20 10:32:55 - [TEST_STEP][PASSED] - Email = "mediaboxtest.creation@gmail.com": null

2022-06-20 10:32:55 - [TEST_STEP][PASSED] - password_mediaboxCreation = "Diadeis*1": null

2022-06-20 10:32:55 - [TEST_STEP][PASSED] - openBrowser(Url_Starpack): Browser is opened with url: 'https://mdb-v3-test.diadeis.com/MediaboxIndependence/?MBI_datasource=RELTEST_STARPACK'

2022-06-20 10:32:55 - [MESSAGE][INFO] - Starting 'Chrome (headless)' driver

2022-06-20 10:32:55 - [MESSAGE][INFO] - User set preference: ['args', '[--window-size=1920,1080, --headless]']

2022-06-20 10:32:55 - [MESSAGE][INFO] - Action delay is set to 0 milliseconds

2022-06-20 10:33:00 - [MESSAGE][PASSED] - Browser is opened with url: 'https://mdb-v3-test.diadeis.com/MediaboxIndependence/?MBI_datasource=RELTEST_STARPACK'

2022-06-20 10:33:00 - [TEST_STEP][PASSED] - maximizeWindow(): Current window maximized

2022-06-20 10:33:00 - [MESSAGE][PASSED] - Current window maximized

2022-06-20 10:33:00 - [TEST_STEP][PASSED] - I.Login_password("suser", password_suser): Object: 'Object Repository/1. Constant/xpath' is clicked on

2022-06-20 10:33:00 - [MESSAGE][PASSED] - Text 'suser' is set on object 'Object Repository/1. Constant/xpath'

2022-06-20 10:33:01 - [MESSAGE][PASSED] - Delayed 1 second(s)

2022-06-20 10:33:01 - [MESSAGE][PASSED] - Text 'diadeis' is set on object 'Object Repository/1. Constant/xpath'

2022-06-20 10:33:02 - [MESSAGE][PASSED] - Delayed 1 second(s)

2022-06-20 10:33:06 - [MESSAGE][PASSED] - Object: 'Object Repository/1. Constant/xpath' is clicked on

2022-06-20 10:33:06 - [TEST_STEP][PASSED] - takeScreenshot(): Taking screenshot successfully

2022-06-20 10:33:06 - [MESSAGE][PASSED] - Taking screenshot successfully
[[ATTACHMENT|D:\\Projet Test Auto\\Mediabox Test Automation [Test]\\Reports\\20220620_102921\\z01. Test Suites\\201. TestStarPack_Login_Logout_Email\\20220620_102922\\1655713986487.png]]

2022-06-20 10:33:06 - [TEST_STEP][PASSED] - waitForPageLoad(30): Wait for page load successfully

2022-06-20 10:33:06 - [MESSAGE][PASSED] - Wait for page load successfully

2022-06-20 10:33:06 - [TEST_STEP][PASSED] - click(findTestObject("1. Constant/xpath", ["xpath":"//*[@id="kt_aside_menu"]/ul/li[11]/a/span[2]"])): Object: 'Object Repository/1. Constant/xpath' is clicked on

2022-06-20 10:33:07 - [MESSAGE][PASSED] - Object: 'Object Repository/1. Constant/xpath' is clicked on

2022-06-20 10:33:07 - [TEST_STEP][PASSED] - takeScreenshot(): Taking screenshot successfully

2022-06-20 10:33:07 - [MESSAGE][PASSED] - Taking screenshot successfully
[[ATTACHMENT|D:\\Projet Test Auto\\Mediabox Test Automation [Test]\\Reports\\20220620_102921\\z01. Test Suites\\201. TestStarPack_Login_Logout_Email\\20220620_102922\\1655713987119.png]]

2022-06-20 10:33:07 - [TEST_STEP][PASSED] - delay(3): Delayed 3 second(s)

2022-06-20 10:33:10 - [MESSAGE][PASSED] - Delayed 3 second(s)

2022-06-20 10:33:10 - [TEST_STEP][PASSED] - click(findTestObject("1. Constant/xpath", ["xpath":"//*[@id="kt_aside_menu"]/ul/li[11]/div/ul/li[2]/a/span"])): Object: 'Object Repository/1. Constant/xpath' is clicked on

2022-06-20 10:33:22 - [MESSAGE][PASSED] - Object: 'Object Repository/1. Constant/xpath' is clicked on

2022-06-20 10:33:22 - [TEST_STEP][PASSED] - waitForPageLoad(30): Wait for page load successfully

2022-06-20 10:33:22 - [MESSAGE][PASSED] - Wait for page load successfully

2022-06-20 10:33:22 - [TEST_STEP][PASSED] - click(findTestObject("1. Constant/xpath", ["xpath":"//*[@id="kt_content"]/div[3]/div/div/div/div[1]/div/a[3]"])): Object: 'Object Repository/1. Constant/xpath' is clicked on

2022-06-20 10:33:23 - [MESSAGE][PASSED] - Object: 'Object Repository/1. Constant/xpath' is clicked on

2022-06-20 10:33:23 - [TEST_STEP][PASSED] - waitForPageLoad(30): Wait for page load successfully

2022-06-20 10:33:23 - [MESSAGE][PASSED] - Wait for page load successfully

2022-06-20 10:33:23 - [TEST_STEP][PASSED] - takeScreenshot(): Taking screenshot successfully

2022-06-20 10:33:23 - [MESSAGE][PASSED] - Taking screenshot successfully
[[ATTACHMENT|D:\\Projet Test Auto\\Mediabox Test Automation [Test]\\Reports\\20220620_102921\\z01. Test Suites\\201. TestStarPack_Login_Logout_Email\\20220620_102922\\1655714003243.png]]

2022-06-20 10:33:23 - [TEST_STEP][PASSED] - today = new java.util.Date(): null

2022-06-20 10:33:23 - [TEST_STEP][PASSED] - Lastname = "LN" + RandomStringUtils.randomAlphanumeric(3) + today.format("HHmmss"): null

2022-06-20 10:33:23 - [TEST_STEP][PASSED] - FirstName = "FN" + RandomStringUtils.randomAlphanumeric(3): null

2022-06-20 10:33:23 - [TEST_STEP][PASSED] - setText(findTestObject("1. Constant/01_id_field_id", ["field_id":"userName"]), Lastname): Text 'LNN8C103323' is set on object 'Object Repository/1. Constant/01_id_field_id'

2022-06-20 10:33:23 - [MESSAGE][PASSED] - Text 'LNN8C103323' is set on object 'Object Repository/1. Constant/01_id_field_id'

2022-06-20 10:33:23 - [TEST_STEP][PASSED] - setText(findTestObject("1. Constant/01_id_field_id", ["field_id":"userFirstName"]), FirstName): Text 'FNNHB' is set on object 'Object Repository/1. Constant/01_id_field_id'

2022-06-20 10:33:24 - [MESSAGE][PASSED] - Text 'FNNHB' is set on object 'Object Repository/1. Constant/01_id_field_id'

2022-06-20 10:33:24 - [TEST_STEP][PASSED] - setText(findTestObject("1. Constant/xpath", ["xpath":"//*[@id="userDetails"]/div[2]/div[4]/div/input"]), Email): Text 'mediaboxtest.creation@gmail.com' is set on object 'Object Repository/1. Constant/xpath'

2022-06-20 10:33:24 - [MESSAGE][PASSED] - Text 'mediaboxtest.creation@gmail.com' is set on object 'Object Repository/1. Constant/xpath'

2022-06-20 10:33:24 - [TEST_STEP][PASSED] - selectOptionByValue(findTestObject("1. Constant/01_id_field_id", ["field_id":"userCompany"]), "1", true): All options with value '1' are selected in object 'Object Repository/1. Constant/01_id_field_id'  using regular expression

2022-06-20 10:33:25 - [MESSAGE][PASSED] - All options with value '1' are selected in object 'Object Repository/1. Constant/01_id_field_id'  using regular expression

2022-06-20 10:33:25 - [TEST_STEP][PASSED] - selectOptionByValue(findTestObject("1. Constant/01_id_field_id", ["field_id":"userRole"]), "Commercial_support", true): All options with value 'Commercial_support' are selected in object 'Object Repository/1. Constant/01_id_field_id'  using regular expression

2022-06-20 10:33:25 - [MESSAGE][PASSED] - All options with value 'Commercial_support' are selected in object 'Object Repository/1. Constant/01_id_field_id'  using regular expression

2022-06-20 10:33:25 - [TEST_STEP][PASSED] - delay(1): Delayed 1 second(s)

2022-06-20 10:33:26 - [MESSAGE][PASSED] - Delayed 1 second(s)

2022-06-20 10:33:26 - [TEST_STEP][PASSED] - I.Pagedown(): Execute JavaScript 'window.scrollTo(0, document.body.scrollHeight)' successfully

2022-06-20 10:33:26 - [MESSAGE][PASSED] - Execute JavaScript 'window.scrollTo(0, document.body.scrollHeight)' successfully

2022-06-20 10:33:26 - [TEST_STEP][PASSED] - selectOptionByValue(findTestObject("1. Constant/01_id_field_id", ["field_id":"selSource_Brand"]), "122", true): All options with value '122' are selected in object 'Object Repository/1. Constant/01_id_field_id'  using regular expression

2022-06-20 10:33:26 - [MESSAGE][PASSED] - All options with value '122' are selected in object 'Object Repository/1. Constant/01_id_field_id'  using regular expression

2022-06-20 10:33:26 - [TEST_STEP][PASSED] - click(findTestObject("1. Constant/xpath", ["xpath":"//*[@id="userRoleParams_block"]/div/div/table/tbody/tr/td[2]/input[1]"])): Object: 'Object Repository/1. Constant/xpath' is clicked on

2022-06-20 10:33:27 - [MESSAGE][PASSED] - Object: 'Object Repository/1. Constant/xpath' is clicked on

2022-06-20 10:33:27 - [TEST_STEP][PASSED] - login = getAttribute(findTestObject("1. Constant/01_id_field_id", ["field_id":"userLogin"]), "value"): Attribute 'value' of object 'Object Repository/1. Constant/01_id_field_id' is: 'flnn8c103323'

2022-06-20 10:33:27 - [MESSAGE][PASSED] - Attribute 'value' of object 'Object Repository/1. Constant/01_id_field_id' is: 'flnn8c103323'

2022-06-20 10:33:27 - [TEST_STEP][PASSED] - waitForPageLoad(30): Wait for page load successfully

2022-06-20 10:33:27 - [MESSAGE][PASSED] - Wait for page load successfully

2022-06-20 10:33:27 - [TEST_STEP][PASSED] - I.VerifyCheckboxChecked("Track Click", findTestObject("1. Constant/01_id_field_id", ["field_id":"userTrackClick"])): Object 'Object Repository/1. Constant/01_id_field_id' is checked

2022-06-20 10:33:27 - [MESSAGE][PASSED] - Object 'Object Repository/1. Constant/01_id_field_id' is checked

2022-06-20 10:33:27 - [TEST_STEP][PASSED] - FirstName1 = getAttribute(findTestObject("1. Constant/01_id_field_id", ["field_id":"userFirstName"]), "value"): Attribute 'value' of object 'Object Repository/1. Constant/01_id_field_id' is: 'FNNHB'

2022-06-20 10:33:27 - [MESSAGE][PASSED] - Attribute 'value' of object 'Object Repository/1. Constant/01_id_field_id' is: 'FNNHB'

2022-06-20 10:33:27 - [TEST_STEP][PASSED] - LastName1 = getAttribute(findTestObject("1. Constant/01_id_field_id", ["field_id":"userName"]), "value"): Attribute 'value' of object 'Object Repository/1. Constant/01_id_field_id' is: 'LNN8C103323'

2022-06-20 10:33:28 - [MESSAGE][PASSED] - Attribute 'value' of object 'Object Repository/1. Constant/01_id_field_id' is: 'LNN8C103323'

2022-06-20 10:33:28 - [TEST_STEP][PASSED] - I.writenotepad("D:\Upoad_File\zTest_Auto\Test_Projet_ Login\StarPack\201.03 StarPack_Login username\Name.txt", FirstName1 + " " + LastName1): null

2022-06-20 10:33:28 - [TEST_STEP][PASSED] - I.writenotepad("D:\Upoad_File\zTest_Auto\Test_Projet_ Login\StarPack\201.03 StarPack_Login username\login.txt", login): null

2022-06-20 10:33:28 - [TEST_STEP][PASSED] - click(findTestObject("1. Constant/xpath", ["xpath":"//*[@id="CreateUser"]/div[3]/div/button[2]"])): Object: 'Object Repository/1. Constant/xpath' is clicked on

2022-06-20 10:34:00 - [MESSAGE][PASSED] - Object: 'Object Repository/1. Constant/xpath' is clicked on

2022-06-20 10:34:00 - [TEST_STEP][PASSED] - delay(3): Delayed 3 second(s)

2022-06-20 10:34:03 - [MESSAGE][PASSED] - Delayed 3 second(s)

2022-06-20 10:34:03 - [TEST_STEP][PASSED] - setText(findTestObject("1. Constant/xpath", ["xpath":"//*[@id="users_table_filter"]/label/input"]), login): Text 'flnn8c103323' is set on object 'Object Repository/1. Constant/xpath'

2022-06-20 10:34:04 - [MESSAGE][PASSED] - Text 'flnn8c103323' is set on object 'Object Repository/1. Constant/xpath'

2022-06-20 10:34:04 - [TEST_STEP][PASSED] - delay(1): Delayed 1 second(s)

2022-06-20 10:34:05 - [MESSAGE][PASSED] - Delayed 1 second(s)

2022-06-20 10:34:05 - [TEST_STEP][PASSED] - I.verifymsg(findTestObject("1. Constant/xpath", ["xpath":"//*[@id='" + login + "']/td[5]"]), login, log): Text of object 'Object Repository/1. Constant/xpath' is: 'flnn8c103323'

2022-06-20 10:34:05 - [MESSAGE][PASSED] - Text of object 'Object Repository/1. Constant/xpath' is: 'flnn8c103323'

2022-06-20 10:34:05 - [TEST_STEP][PASSED] - takeScreenshot(): Taking screenshot successfully

2022-06-20 10:34:05 - [MESSAGE][PASSED] - Taking screenshot successfully
[[ATTACHMENT|D:\\Projet Test Auto\\Mediabox Test Automation [Test]\\Reports\\20220620_102921\\z01. Test Suites\\201. TestStarPack_Login_Logout_Email\\20220620_102922\\1655714045376.png]]

2022-06-20 10:34:05 - [TEST_STEP][PASSED] - delay(1): Delayed 1 second(s)

2022-06-20 10:34:06 - [MESSAGE][PASSED] - Delayed 1 second(s)

2022-06-20 10:34:06 - [TEST_STEP][PASSED] - click(findTestObject("1. Constant/xpath", ["xpath":"/html/body/div[1]/div[2]/div[4]/div[3]/div/div/div/div[2]/div/div/div/div[1]/table/tbody/tr/td[2]/a"])): Object: 'Object Repository/1. Constant/xpath' is clicked on

2022-06-20 10:34:07 - [MESSAGE][PASSED] - Object: 'Object Repository/1. Constant/xpath' is clicked on

2022-06-20 10:34:07 - [TEST_STEP][PASSED] - value1 = getAttribute(findTestObject("Object Repository/Starpack USermanagement/1.06 UpdateUser id_UpdateUser_div2divdiv1div_no_divinput", ["no":"2"]), "value"): Attribute 'value' of object 'Object Repository/Starpack USermanagement/1.06 UpdateUser id_UpdateUser_div2divdiv1div_no_divinput' is: 'LNN8C103323'

2022-06-20 10:34:07 - [MESSAGE][PASSED] - Attribute 'value' of object 'Object Repository/Starpack USermanagement/1.06 UpdateUser id_UpdateUser_div2divdiv1div_no_divinput' is: 'LNN8C103323'

2022-06-20 10:34:07 - [TEST_STEP][PASSED] - I.print(value1): null

2022-06-20 10:34:07 - [TEST_STEP][PASSED] - verifyEqual(value1, Lastname): Actual object 'LNN8C103323' and expected object 'LNN8C103323' are equal

2022-06-20 10:34:07 - [MESSAGE][PASSED] - Actual object 'LNN8C103323' and expected object 'LNN8C103323' are equal

2022-06-20 10:34:07 - [TEST_STEP][PASSED] - value2 = getAttribute(findTestObject("Object Repository/Starpack USermanagement/1.06 UpdateUser id_UpdateUser_div2divdiv1div_no_divinput", ["no":"3"]), "value"): Attribute 'value' of object 'Object Repository/Starpack USermanagement/1.06 UpdateUser id_UpdateUser_div2divdiv1div_no_divinput' is: 'FNNHB'

2022-06-20 10:34:08 - [MESSAGE][PASSED] - Attribute 'value' of object 'Object Repository/Starpack USermanagement/1.06 UpdateUser id_UpdateUser_div2divdiv1div_no_divinput' is: 'FNNHB'

2022-06-20 10:34:08 - [TEST_STEP][PASSED] - verifyEqual(value2, FirstName): Actual object 'FNNHB' and expected object 'FNNHB' are equal

2022-06-20 10:34:08 - [MESSAGE][PASSED] - Actual object 'FNNHB' and expected object 'FNNHB' are equal

2022-06-20 10:34:08 - [TEST_STEP][PASSED] - value3 = getAttribute(findTestObject("Object Repository/Starpack USermanagement/1.06 UpdateUser id_UpdateUser_div2divdiv1div_no_divinput", ["no":"4"]), "value"): Attribute 'value' of object 'Object Repository/Starpack USermanagement/1.06 UpdateUser id_UpdateUser_div2divdiv1div_no_divinput' is: 'mediaboxtest.creation@gmail.com'

2022-06-20 10:34:08 - [MESSAGE][PASSED] - Attribute 'value' of object 'Object Repository/Starpack USermanagement/1.06 UpdateUser id_UpdateUser_div2divdiv1div_no_divinput' is: 'mediaboxtest.creation@gmail.com'

2022-06-20 10:34:08 - [TEST_STEP][PASSED] - verifyEqual(value3, Email): Actual object 'mediaboxtest.creation@gmail.com' and expected object 'mediaboxtest.creation@gmail.com' are equal

2022-06-20 10:34:08 - [MESSAGE][PASSED] - Actual object 'mediaboxtest.creation@gmail.com' and expected object 'mediaboxtest.creation@gmail.com' are equal

2022-06-20 10:34:08 - [TEST_STEP][PASSED] - I.VerifyListSelected_byValue("Company", findTestObject("1. Constant/01_id_field_id", ["field_id":"userCompany"]), "1"): All options with value '1' are selected in object 'Object Repository/1. Constant/01_id_field_id' 

2022-06-20 10:34:08 - [MESSAGE][PASSED] - All options with value '1' are selected in object 'Object Repository/1. Constant/01_id_field_id' 

2022-06-20 10:34:08 - [TEST_STEP][PASSED] - I.VerifyCheckboxChecked("Track Click", findTestObject("1. Constant/01_id_field_id", ["field_id":"userTrackClick"])): Object 'Object Repository/1. Constant/01_id_field_id' is checked

2022-06-20 10:34:08 - [MESSAGE][PASSED] - Object 'Object Repository/1. Constant/01_id_field_id' is checked

2022-06-20 10:34:08 - [TEST_STEP][PASSED] - click(findTestObject("1. Constant/xpath", ["xpath":"//*[@id="UpdateUser"]/div[2]/div/div[2]/div/a"])): Object: 'Object Repository/1. Constant/xpath' is clicked on

2022-06-20 10:34:18 - [MESSAGE][PASSED] - Object: 'Object Repository/1. Constant/xpath' is clicked on

2022-06-20 10:34:18 - [TEST_STEP][PASSED] - delay(1): Delayed 1 second(s)

2022-06-20 10:34:19 - [MESSAGE][PASSED] - Delayed 1 second(s)

2022-06-20 10:34:19 - [TEST_STEP][PASSED] - "Verify Roles data": null

2022-06-20 10:34:19 - [TEST_STEP][PASSED] - setText(findTestObject("1. Constant/xpath", ["xpath":"//*[@id="users_table_filter"]/label/input"]), login): Text 'flnn8c103323' is set on object 'Object Repository/1. Constant/xpath'

2022-06-20 10:34:19 - [MESSAGE][PASSED] - Text 'flnn8c103323' is set on object 'Object Repository/1. Constant/xpath'

2022-06-20 10:34:19 - [TEST_STEP][PASSED] - click(findTestObject("1. Constant/xpath", ["xpath":"/html/body/div[1]/div[2]/div[4]/div[3]/div/div/div/div[2]/div/div/div/div[1]/table/tbody/tr/td[4]/a"])): Object: 'Object Repository/1. Constant/xpath' is clicked on

2022-06-20 10:34:21 - [MESSAGE][PASSED] - Object: 'Object Repository/1. Constant/xpath' is clicked on

2022-06-20 10:34:21 - [TEST_STEP][PASSED] - delay(1): Delayed 1 second(s)

2022-06-20 10:34:22 - [MESSAGE][PASSED] - Delayed 1 second(s)

2022-06-20 10:34:22 - [TEST_STEP][PASSED] - value_role = getAttribute(findTestObject("1. Constant/xpath", ["xpath":"//*[@id="selDest_Brand"]/option"]), "value"): Attribute 'value' of object 'Object Repository/1. Constant/xpath' is: '122'

2022-06-20 10:34:22 - [MESSAGE][PASSED] - Attribute 'value' of object 'Object Repository/1. Constant/xpath' is: '122'

2022-06-20 10:34:22 - [TEST_STEP][PASSED] - verifyEqual(value_role, "122"): Actual object '122' and expected object '122' are equal

2022-06-20 10:34:22 - [MESSAGE][PASSED] - Actual object '122' and expected object '122' are equal

2022-06-20 10:34:22 - [TEST_STEP][PASSED] - click(findTestObject("1. Constant/xpath", ["xpath":"//*[@id="UpdateUser"]/div[3]/div/a"])): Object: 'Object Repository/1. Constant/xpath' is clicked on

2022-06-20 10:34:30 - [MESSAGE][PASSED] - Object: 'Object Repository/1. Constant/xpath' is clicked on

2022-06-20 10:34:30 - [TEST_STEP][PASSED] - closeBrowser(): Browser is closed

2022-06-20 10:34:30 - [MESSAGE][PASSED] - Browser is closed

2022-06-20 10:34:30 - [TEST_STEP][PASSED] - Start listener action : sampleAfterTestCase: null]]></system-out>
         <system-err><![CDATA[]]></system-err>
      </testcase>
      <testcase name="Test Cases/201. TestStarPack_Login_Logout_Email/201.05 TestStarpack Création de compte (normal)" time="79.844" classname="Test Cases/201. TestStarPack_Login_Logout_Email/201.05 TestStarpack Création de compte (normal)" status="PASSED">
         <system-out><![CDATA[2022-06-20 10:34:30 - [TEST_CASE][PASSED] - Test Cases/201. TestStarPack_Login_Logout_Email/201.05 TestStarpack Création de compte (normal): Test Cases/201. TestStarPack_Login_Logout_Email/201.05 TestStarpack Création de compte (normal)

2022-06-20 10:34:31 - [TEST_STEP][PASSED] - data = findTestData("Data Files/Username_Password/Test_Starpack"): null

2022-06-20 10:34:31 - [TEST_STEP][PASSED] - password_suser = data.getValue(2, 1): null

2022-06-20 10:34:31 - [TEST_STEP][PASSED] - data_urlTestAUTO = findTestData("Data Files/URL/URL_testauto"): null

2022-06-20 10:34:31 - [TEST_STEP][PASSED] - Url_Starpack = data_urlTestAUTO.getValue(2, 2): null

2022-06-20 10:34:31 - [TEST_STEP][PASSED] - log = new com.kms.katalon.core.logging.KeywordLogger(): null

2022-06-20 10:34:31 - [TEST_STEP][PASSED] - password_mediaboxCreation = "Diadeis*1": null

2022-06-20 10:34:31 - [TEST_STEP][PASSED] - openBrowser(Url_Starpack): Browser is opened with url: 'https://mdb-v3-test.diadeis.com/MediaboxIndependence/?MBI_datasource=RELTEST_STARPACK'

2022-06-20 10:34:31 - [MESSAGE][INFO] - Starting 'Chrome (headless)' driver

2022-06-20 10:34:31 - [MESSAGE][INFO] - User set preference: ['args', '[--window-size=1920,1080, --headless]']

2022-06-20 10:34:31 - [MESSAGE][INFO] - Action delay is set to 0 milliseconds

2022-06-20 10:34:35 - [MESSAGE][PASSED] - Browser is opened with url: 'https://mdb-v3-test.diadeis.com/MediaboxIndependence/?MBI_datasource=RELTEST_STARPACK'

2022-06-20 10:34:35 - [TEST_STEP][PASSED] - maximizeWindow(): Current window maximized

2022-06-20 10:34:36 - [MESSAGE][PASSED] - Current window maximized

2022-06-20 10:34:36 - [TEST_STEP][PASSED] - waitForPageLoad(30): Wait for page load successfully

2022-06-20 10:34:36 - [MESSAGE][PASSED] - Wait for page load successfully

2022-06-20 10:34:36 - [TEST_STEP][PASSED] - takeScreenshot(): Taking screenshot successfully

2022-06-20 10:34:36 - [MESSAGE][PASSED] - Taking screenshot successfully
[[ATTACHMENT|D:\\Projet Test Auto\\Mediabox Test Automation [Test]\\Reports\\20220620_102921\\z01. Test Suites\\201. TestStarPack_Login_Logout_Email\\20220620_102922\\1655714076390.png]]

2022-06-20 10:34:36 - [TEST_STEP][PASSED] - "SCENARIO : User has the rights to see Usermanagement": null

2022-06-20 10:34:36 - [TEST_STEP][PASSED] - I.Login_password("suser", password_suser): Object: 'Object Repository/1. Constant/xpath' is clicked on

2022-06-20 10:34:37 - [MESSAGE][PASSED] - Text 'suser' is set on object 'Object Repository/1. Constant/xpath'

2022-06-20 10:34:38 - [MESSAGE][PASSED] - Delayed 1 second(s)

2022-06-20 10:34:38 - [MESSAGE][PASSED] - Text 'diadeis' is set on object 'Object Repository/1. Constant/xpath'

2022-06-20 10:34:39 - [MESSAGE][PASSED] - Delayed 1 second(s)

2022-06-20 10:34:43 - [MESSAGE][PASSED] - Object: 'Object Repository/1. Constant/xpath' is clicked on

2022-06-20 10:34:43 - [TEST_STEP][PASSED] - takeScreenshot(): Taking screenshot successfully

2022-06-20 10:34:43 - [MESSAGE][PASSED] - Taking screenshot successfully
[[ATTACHMENT|D:\\Projet Test Auto\\Mediabox Test Automation [Test]\\Reports\\20220620_102921\\z01. Test Suites\\201. TestStarPack_Login_Logout_Email\\20220620_102922\\1655714083352.png]]

2022-06-20 10:34:43 - [TEST_STEP][PASSED] - waitForPageLoad(30): Wait for page load successfully

2022-06-20 10:34:43 - [MESSAGE][PASSED] - Wait for page load successfully

2022-06-20 10:34:43 - [TEST_STEP][PASSED] - click(findTestObject("1. Constant/xpath", ["xpath":"//*[@id="kt_aside_menu"]/ul/li[11]/a/span[2]"])): Object: 'Object Repository/1. Constant/xpath' is clicked on

2022-06-20 10:34:44 - [MESSAGE][PASSED] - Object: 'Object Repository/1. Constant/xpath' is clicked on

2022-06-20 10:34:44 - [TEST_STEP][PASSED] - takeScreenshot(): Taking screenshot successfully

2022-06-20 10:34:44 - [MESSAGE][PASSED] - Taking screenshot successfully
[[ATTACHMENT|D:\\Projet Test Auto\\Mediabox Test Automation [Test]\\Reports\\20220620_102921\\z01. Test Suites\\201. TestStarPack_Login_Logout_Email\\20220620_102922\\1655714084072.png]]

2022-06-20 10:34:44 - [TEST_STEP][PASSED] - delay(3): Delayed 3 second(s)

2022-06-20 10:34:47 - [MESSAGE][PASSED] - Delayed 3 second(s)

2022-06-20 10:34:47 - [TEST_STEP][PASSED] - click(findTestObject("1. Constant/xpath", ["xpath":"//*[@id="kt_aside_menu"]/ul/li[11]/div/ul/li[2]/a/span"])): Object: 'Object Repository/1. Constant/xpath' is clicked on

2022-06-20 10:34:56 - [MESSAGE][PASSED] - Object: 'Object Repository/1. Constant/xpath' is clicked on

2022-06-20 10:34:56 - [TEST_STEP][PASSED] - waitForPageLoad(30): Wait for page load successfully

2022-06-20 10:34:56 - [MESSAGE][PASSED] - Wait for page load successfully

2022-06-20 10:34:56 - [TEST_STEP][PASSED] - click(findTestObject("1. Constant/xpath", ["xpath":"//*[@id="kt_content"]/div[3]/div/div/div/div[1]/div/a[3]"])): Object: 'Object Repository/1. Constant/xpath' is clicked on

2022-06-20 10:34:57 - [MESSAGE][PASSED] - Object: 'Object Repository/1. Constant/xpath' is clicked on

2022-06-20 10:34:57 - [TEST_STEP][PASSED] - waitForPageLoad(30): Wait for page load successfully

2022-06-20 10:34:57 - [MESSAGE][PASSED] - Wait for page load successfully

2022-06-20 10:34:57 - [TEST_STEP][PASSED] - takeScreenshot(): Taking screenshot successfully

2022-06-20 10:34:58 - [MESSAGE][PASSED] - Taking screenshot successfully
[[ATTACHMENT|D:\\Projet Test Auto\\Mediabox Test Automation [Test]\\Reports\\20220620_102921\\z01. Test Suites\\201. TestStarPack_Login_Logout_Email\\20220620_102922\\1655714097736.png]]

2022-06-20 10:34:58 - [TEST_STEP][PASSED] - today = new java.util.Date(): null

2022-06-20 10:34:58 - [TEST_STEP][PASSED] - Lastname = "LN" + RandomStringUtils.randomAlphanumeric(3) + today.format("HHmmss"): null

2022-06-20 10:34:58 - [TEST_STEP][PASSED] - FirstName = "FN" + RandomStringUtils.randomAlphanumeric(3): null

2022-06-20 10:34:58 - [TEST_STEP][PASSED] - setText(findTestObject("1. Constant/01_id_field_id", ["field_id":"userName"]), Lastname): Text 'LNxWj103458' is set on object 'Object Repository/1. Constant/01_id_field_id'

2022-06-20 10:34:58 - [MESSAGE][PASSED] - Text 'LNxWj103458' is set on object 'Object Repository/1. Constant/01_id_field_id'

2022-06-20 10:34:58 - [TEST_STEP][PASSED] - setText(findTestObject("1. Constant/01_id_field_id", ["field_id":"userFirstName"]), FirstName): Text 'FNV9x' is set on object 'Object Repository/1. Constant/01_id_field_id'

2022-06-20 10:34:58 - [MESSAGE][PASSED] - Text 'FNV9x' is set on object 'Object Repository/1. Constant/01_id_field_id'

2022-06-20 10:34:58 - [TEST_STEP][PASSED] - setText(findTestObject("1. Constant/xpath", ["xpath":"//*[@id="userDetails"]/div[2]/div[4]/div/input"]), "mediaboxtest.creation@gmail.com"): Text 'mediaboxtest.creation@gmail.com' is set on object 'Object Repository/1. Constant/xpath'

2022-06-20 10:34:58 - [MESSAGE][PASSED] - Text 'mediaboxtest.creation@gmail.com' is set on object 'Object Repository/1. Constant/xpath'

2022-06-20 10:34:58 - [TEST_STEP][PASSED] - selectOptionByValue(findTestObject("1. Constant/01_id_field_id", ["field_id":"userCompany"]), "1", true): All options with value '1' are selected in object 'Object Repository/1. Constant/01_id_field_id'  using regular expression

2022-06-20 10:34:59 - [MESSAGE][PASSED] - All options with value '1' are selected in object 'Object Repository/1. Constant/01_id_field_id'  using regular expression

2022-06-20 10:34:59 - [TEST_STEP][PASSED] - selectOptionByValue(findTestObject("1. Constant/01_id_field_id", ["field_id":"userRole"]), "admin", true): All options with value 'admin' are selected in object 'Object Repository/1. Constant/01_id_field_id'  using regular expression

2022-06-20 10:34:59 - [MESSAGE][PASSED] - All options with value 'admin' are selected in object 'Object Repository/1. Constant/01_id_field_id'  using regular expression

2022-06-20 10:34:59 - [TEST_STEP][PASSED] - click(findTestObject("1. Constant/01_id_field_id", ["field_id":"userTrackClick"])): Object: 'Object Repository/1. Constant/01_id_field_id' is clicked on

2022-06-20 10:35:00 - [MESSAGE][PASSED] - Object: 'Object Repository/1. Constant/01_id_field_id' is clicked on

2022-06-20 10:35:00 - [TEST_STEP][PASSED] - delay(1): Delayed 1 second(s)

2022-06-20 10:35:01 - [MESSAGE][PASSED] - Delayed 1 second(s)

2022-06-20 10:35:01 - [TEST_STEP][PASSED] - I.Pagedown(): Execute JavaScript 'window.scrollTo(0, document.body.scrollHeight)' successfully

2022-06-20 10:35:01 - [MESSAGE][PASSED] - Execute JavaScript 'window.scrollTo(0, document.body.scrollHeight)' successfully

2022-06-20 10:35:01 - [TEST_STEP][PASSED] - login = getAttribute(findTestObject("1. Constant/01_id_field_id", ["field_id":"userLogin"]), "value"): Attribute 'value' of object 'Object Repository/1. Constant/01_id_field_id' is: 'flnxwj103458'

2022-06-20 10:35:01 - [MESSAGE][PASSED] - Attribute 'value' of object 'Object Repository/1. Constant/01_id_field_id' is: 'flnxwj103458'

2022-06-20 10:35:01 - [TEST_STEP][PASSED] - I.print(login): null

2022-06-20 10:35:01 - [TEST_STEP][PASSED] - waitForPageLoad(30): Wait for page load successfully

2022-06-20 10:35:01 - [MESSAGE][PASSED] - Wait for page load successfully

2022-06-20 10:35:01 - [TEST_STEP][PASSED] - click(findTestObject("1. Constant/xpath", ["xpath":"//*[@id="CreateUser"]/div[3]/div/button[1]"])): Object: 'Object Repository/1. Constant/xpath' is clicked on

2022-06-20 10:35:34 - [MESSAGE][PASSED] - Object: 'Object Repository/1. Constant/xpath' is clicked on

2022-06-20 10:35:34 - [TEST_STEP][PASSED] - delay(3): Delayed 3 second(s)

2022-06-20 10:35:37 - [MESSAGE][PASSED] - Delayed 3 second(s)

2022-06-20 10:35:37 - [TEST_STEP][PASSED] - setText(findTestObject("1. Constant/xpath", ["xpath":"//*[@id="users_table_filter"]/label/input"]), login): Text 'flnxwj103458' is set on object 'Object Repository/1. Constant/xpath'

2022-06-20 10:35:38 - [MESSAGE][PASSED] - Text 'flnxwj103458' is set on object 'Object Repository/1. Constant/xpath'

2022-06-20 10:35:38 - [TEST_STEP][PASSED] - delay(1): Delayed 1 second(s)

2022-06-20 10:35:39 - [MESSAGE][PASSED] - Delayed 1 second(s)

2022-06-20 10:35:39 - [TEST_STEP][PASSED] - I.verifymsg(findTestObject("1. Constant/xpath", ["xpath":"//*[@id='" + login + "']/td[5]"]), login, log): Text of object 'Object Repository/1. Constant/xpath' is: 'flnxwj103458'

2022-06-20 10:35:39 - [MESSAGE][PASSED] - Text of object 'Object Repository/1. Constant/xpath' is: 'flnxwj103458'

2022-06-20 10:35:39 - [TEST_STEP][PASSED] - takeScreenshot(): Taking screenshot successfully

2022-06-20 10:35:39 - [MESSAGE][PASSED] - Taking screenshot successfully
[[ATTACHMENT|D:\\Projet Test Auto\\Mediabox Test Automation [Test]\\Reports\\20220620_102921\\z01. Test Suites\\201. TestStarPack_Login_Logout_Email\\20220620_102922\\1655714139582.png]]

2022-06-20 10:35:39 - [TEST_STEP][PASSED] - I.Logout(): Delayed 3 second(s)

2022-06-20 10:35:42 - [MESSAGE][PASSED] - Delayed 3 second(s)

2022-06-20 10:35:43 - [MESSAGE][PASSED] - Object: 'Object Repository/1. Constant/xpath' is clicked on

2022-06-20 10:35:46 - [MESSAGE][PASSED] - Delayed 3 second(s)

2022-06-20 10:35:47 - [MESSAGE][PASSED] - Object: 'Object Repository/1. Constant/xpath' is clicked on

2022-06-20 10:35:50 - [MESSAGE][PASSED] - Delayed 3 second(s)

2022-06-20 10:35:50 - [TEST_STEP][PASSED] - Start listener action : sampleAfterTestCase: null]]></system-out>
         <system-err><![CDATA[]]></system-err>
      </testcase>
      <system-out><![CDATA[2022-06-20 10:29:29 - [TEST_SUITE][PASSED] - 201. TestStarPack_Login_Logout_Email: Test Cases/201. TestStarPack_Login_Logout_Email/201.05 TestStarpack Création de compte (normal)]]></system-out>
      <system-err><![CDATA[]]></system-err>
   </testsuite>
</testsuites>
