<?xml version="1.0" encoding="UTF-8"?>
<testsuites name="203. TestStarpack _ Tag Mediabase" time="199.256" tests="2" failures="0" errors="0">
   <testsuite name="203. TestStarpack _ Tag Mediabase" tests="2" failures="0" errors="0" time="199.256" skipped="0" timestamp="2022-06-17 18:12:21" hostname="lamhe - DPF-MBI-VERIF.ad.sgsco.int" id="Test Suites/z01. Test Suites/203. TestStarpack _ Tag Mediabase">
      <properties>
         <property name="deviceName" value=""/>
         <property name="devicePlatform" value=""/>
         <property name="logFolder" value="D:\\Projet Test Auto\\Mediabox Test Automation [Test]\\Reports\\20220617_181206\\z01. Test Suites\\203. TestStarpack _ Tag Mediabase\\20220617_181207"/>
         <property name="logFiles" value="D:\\Projet Test Auto\\Mediabox Test Automation [Test]\\Reports\\20220617_181206\\z01. Test Suites\\203. TestStarpack _ Tag Mediabase\\20220617_181207\\execution0.log"/>
         <property name="attachments" value="D:\\Projet Test Auto\\Mediabox Test Automation [Test]\\Reports\\20220617_181206\\z01. Test Suites\\203. TestStarpack _ Tag Mediabase\\20220617_181207\\1655482362517.png, D:\\Projet Test Auto\\Mediabox Test Automation [Test]\\Reports\\20220617_181206\\z01. Test Suites\\203. TestStarpack _ Tag Mediabase\\20220617_181207\\1655482374466.png, D:\\Projet Test Auto\\Mediabox Test Automation [Test]\\Reports\\20220617_181206\\z01. Test Suites\\203. TestStarpack _ Tag Mediabase\\20220617_181207\\1655482376577.png, D:\\Projet Test Auto\\Mediabox Test Automation [Test]\\Reports\\20220617_181206\\z01. Test Suites\\203. TestStarpack _ Tag Mediabase\\20220617_181207\\1655482378047.png, D:\\Projet Test Auto\\Mediabox Test Automation [Test]\\Reports\\20220617_181206\\z01. Test Suites\\203. TestStarpack _ Tag Mediabase\\20220617_181207\\1655482378797.png, D:\\Projet Test Auto\\Mediabox Test Automation [Test]\\Reports\\20220617_181206\\z01. Test Suites\\203. TestStarpack _ Tag Mediabase\\20220617_181207\\1655482382129.png, D:\\Projet Test Auto\\Mediabox Test Automation [Test]\\Reports\\20220617_181206\\z01. Test Suites\\203. TestStarpack _ Tag Mediabase\\20220617_181207\\1655482383163.png, D:\\Projet Test Auto\\Mediabox Test Automation [Test]\\Reports\\20220617_181206\\z01. Test Suites\\203. TestStarpack _ Tag Mediabase\\20220617_181207\\1655482384219.png, D:\\Projet Test Auto\\Mediabox Test Automation [Test]\\Reports\\20220617_181206\\z01. Test Suites\\203. TestStarpack _ Tag Mediabase\\20220617_181207\\1655482384913.png, D:\\Projet Test Auto\\Mediabox Test Automation [Test]\\Reports\\20220617_181206\\z01. Test Suites\\203. TestStarpack _ Tag Mediabase\\20220617_181207\\1655482391484.png, D:\\Projet Test Auto\\Mediabox Test Automation [Test]\\Reports\\20220617_181206\\z01. Test Suites\\203. TestStarpack _ Tag Mediabase\\20220617_181207\\1655482392121.png, D:\\Projet Test Auto\\Mediabox Test Automation [Test]\\Reports\\20220617_181206\\z01. Test Suites\\203. TestStarpack _ Tag Mediabase\\20220617_181207\\1655482396079.png, D:\\Projet Test Auto\\Mediabox Test Automation [Test]\\Reports\\20220617_181206\\z01. Test Suites\\203. TestStarpack _ Tag Mediabase\\20220617_181207\\1655482397770.png, D:\\Projet Test Auto\\Mediabox Test Automation [Test]\\Reports\\20220617_181206\\z01. Test Suites\\203. TestStarpack _ Tag Mediabase\\20220617_181207\\1655482401534.png, D:\\Projet Test Auto\\Mediabox Test Automation [Test]\\Reports\\20220617_181206\\z01. Test Suites\\203. TestStarpack _ Tag Mediabase\\20220617_181207\\1655482406153.png, D:\\Projet Test Auto\\Mediabox Test Automation [Test]\\Reports\\20220617_181206\\z01. Test Suites\\203. TestStarpack _ Tag Mediabase\\20220617_181207\\1655482407404.png, D:\\Projet Test Auto\\Mediabox Test Automation [Test]\\Reports\\20220617_181206\\z01. Test Suites\\203. TestStarpack _ Tag Mediabase\\20220617_181207\\1655482408560.png, D:\\Projet Test Auto\\Mediabox Test Automation [Test]\\Reports\\20220617_181206\\z01. Test Suites\\203. TestStarpack _ Tag Mediabase\\20220617_181207\\1655482410663.png, D:\\Projet Test Auto\\Mediabox Test Automation [Test]\\Reports\\20220617_181206\\z01. Test Suites\\203. TestStarpack _ Tag Mediabase\\20220617_181207\\1655482413595.png, D:\\Projet Test Auto\\Mediabox Test Automation [Test]\\Reports\\20220617_181206\\z01. Test Suites\\203. TestStarpack _ Tag Mediabase\\20220617_181207\\1655482415106.png, D:\\Projet Test Auto\\Mediabox Test Automation [Test]\\Reports\\20220617_181206\\z01. Test Suites\\203. TestStarpack _ Tag Mediabase\\20220617_181207\\1655482424108.png, D:\\Projet Test Auto\\Mediabox Test Automation [Test]\\Reports\\20220617_181206\\z01. Test Suites\\203. TestStarpack _ Tag Mediabase\\20220617_181207\\1655482426101.png, D:\\Projet Test Auto\\Mediabox Test Automation [Test]\\Reports\\20220617_181206\\z01. Test Suites\\203. TestStarpack _ Tag Mediabase\\20220617_181207\\1655482439284.png, D:\\Projet Test Auto\\Mediabox Test Automation [Test]\\Reports\\20220617_181206\\z01. Test Suites\\203. TestStarpack _ Tag Mediabase\\20220617_181207\\1655482442282.png, D:\\Projet Test Auto\\Mediabox Test Automation [Test]\\Reports\\20220617_181206\\z01. Test Suites\\203. TestStarpack _ Tag Mediabase\\20220617_181207\\1655482463662.png, D:\\Projet Test Auto\\Mediabox Test Automation [Test]\\Reports\\20220617_181206\\z01. Test Suites\\203. TestStarpack _ Tag Mediabase\\20220617_181207\\1655482469790.png, D:\\Projet Test Auto\\Mediabox Test Automation [Test]\\Reports\\20220617_181206\\z01. Test Suites\\203. TestStarpack _ Tag Mediabase\\20220617_181207\\1655482472865.png, D:\\Projet Test Auto\\Mediabox Test Automation [Test]\\Reports\\20220617_181206\\z01. Test Suites\\203. TestStarpack _ Tag Mediabase\\20220617_181207\\1655482519043.png, D:\\Projet Test Auto\\Mediabox Test Automation [Test]\\Reports\\20220617_181206\\z01. Test Suites\\203. TestStarpack _ Tag Mediabase\\20220617_181207\\1655482520527.png"/>
         <property name="hostName" value="lamhe - DPF-MBI-VERIF.ad.sgsco.int"/>
         <property name="os" value="Windows 10 64bit"/>
         <property name="katalonVersion" value="8.3.0.208"/>
         <property name="browser" value="Chrome 102.0.5005.115"/>
         <property name="hostAddress" value="10.15.10.53"/>
         <property name="sessionId" value="ae67abf969de413bb5662c86bb28272c"/>
         <property name="seleniumVersion" value="3.141.59"/>
         <property name="proxyInformation" value="ProxyInformation { proxyOption=NO_PROXY, proxyServerType=HTTP, username=, password=********, proxyServerAddress=, proxyServerPort=0, executionList=&quot;&quot;, isApplyToDesiredCapabilities=true }"/>
         <property name="platform" value="Windows 10"/>
      </properties>
      <testcase name="Test Cases/203. TestStarpack _ Tag Mediabase/203.01 TestStarpack Mediabase Selection" time="84.992" classname="Test Cases/203. TestStarpack _ Tag Mediabase/203.01 TestStarpack Mediabase Selection" status="PASSED">
         <system-out><![CDATA[2022-06-17 18:12:22 - [TEST_CASE][PASSED] - Test Cases/203. TestStarpack _ Tag Mediabase/203.01 TestStarpack Mediabase Selection: Test Cases/203. TestStarpack _ Tag Mediabase/203.01 TestStarpack Mediabase Selection

2022-06-17 18:12:23 - [TEST_STEP][PASSED] - data = findTestData("Data Files/Username_Password/Test_Starpack"): null

2022-06-17 18:12:23 - [TEST_STEP][PASSED] - password_suser = data.getValue(2, 1): null

2022-06-17 18:12:23 - [TEST_STEP][PASSED] - data_urlTestAUTO = findTestData("Data Files/URL/URL_testauto"): null

2022-06-17 18:12:23 - [TEST_STEP][PASSED] - Url_Starpack = data_urlTestAUTO.getValue(2, 2): null

2022-06-17 18:12:23 - [TEST_STEP][PASSED] - log = new com.kms.katalon.core.logging.KeywordLogger(): null

2022-06-17 18:12:23 - [TEST_STEP][PASSED] - openBrowser(Url_Starpack): Browser is opened with url: 'https://mdb-v3-test.diadeis.com/MediaboxIndependence/?MBI_datasource=RELTEST_STARPACK'

2022-06-17 18:12:24 - [MESSAGE][INFO] - Starting 'Chrome (headless)' driver

2022-06-17 18:12:24 - [MESSAGE][INFO] - User set preference: ['args', '[--window-size=1920,1080, --headless]']

2022-06-17 18:12:24 - [MESSAGE][INFO] - Action delay is set to 0 milliseconds

2022-06-17 18:12:33 - [MESSAGE][PASSED] - Browser is opened with url: 'https://mdb-v3-test.diadeis.com/MediaboxIndependence/?MBI_datasource=RELTEST_STARPACK'

2022-06-17 18:12:33 - [TEST_STEP][PASSED] - maximizeWindow(): Current window maximized

2022-06-17 18:12:33 - [MESSAGE][PASSED] - Current window maximized

2022-06-17 18:12:33 - [TEST_STEP][PASSED] - I.Login_password("suser", password_suser): Object: 'Object Repository/1. Constant/xpath' is clicked on

2022-06-17 18:12:34 - [MESSAGE][PASSED] - Text 'suser' is set on object 'Object Repository/1. Constant/xpath'

2022-06-17 18:12:35 - [MESSAGE][PASSED] - Delayed 1 second(s)

2022-06-17 18:12:36 - [MESSAGE][PASSED] - Text 'diadeis' is set on object 'Object Repository/1. Constant/xpath'

2022-06-17 18:12:37 - [MESSAGE][PASSED] - Delayed 1 second(s)

2022-06-17 18:12:42 - [MESSAGE][PASSED] - Object: 'Object Repository/1. Constant/xpath' is clicked on

2022-06-17 18:12:42 - [TEST_STEP][PASSED] - takeScreenshot(): Taking screenshot successfully

2022-06-17 18:12:42 - [MESSAGE][PASSED] - Taking screenshot successfully
[[ATTACHMENT|D:\\Projet Test Auto\\Mediabox Test Automation [Test]\\Reports\\20220617_181206\\z01. Test Suites\\203. TestStarpack _ Tag Mediabase\\20220617_181207\\1655482362517.png]]

2022-06-17 18:12:42 - [TEST_STEP][PASSED] - click(findTestObject("Object Repository/Starpack Mediabase/Starpack Mediabase id_menu_medibase_tab_1a")): Object: 'Object Repository/Starpack Mediabase/Starpack Mediabase id_menu_medibase_tab_1a' is clicked on

2022-06-17 18:12:54 - [MESSAGE][PASSED] - Object: 'Object Repository/Starpack Mediabase/Starpack Mediabase id_menu_medibase_tab_1a' is clicked on

2022-06-17 18:12:54 - [TEST_STEP][PASSED] - takeScreenshot(): Taking screenshot successfully

2022-06-17 18:12:54 - [MESSAGE][PASSED] - Taking screenshot successfully
[[ATTACHMENT|D:\\Projet Test Auto\\Mediabox Test Automation [Test]\\Reports\\20220617_181206\\z01. Test Suites\\203. TestStarpack _ Tag Mediabase\\20220617_181207\\1655482374466.png]]

2022-06-17 18:12:54 - [TEST_STEP][PASSED] - click(findTestObject("1. Constant/xpath", ["xpath":"//*[@id="mediabase-panel-cards"]/div/div[1]/div/div[1]/div/a"])): Object: 'Object Repository/1. Constant/xpath' is clicked on

2022-06-17 18:12:56 - [MESSAGE][PASSED] - Object: 'Object Repository/1. Constant/xpath' is clicked on

2022-06-17 18:12:56 - [TEST_STEP][PASSED] - takeScreenshot(): Taking screenshot successfully

2022-06-17 18:12:56 - [MESSAGE][PASSED] - Taking screenshot successfully
[[ATTACHMENT|D:\\Projet Test Auto\\Mediabox Test Automation [Test]\\Reports\\20220617_181206\\z01. Test Suites\\203. TestStarpack _ Tag Mediabase\\20220617_181207\\1655482376577.png]]

2022-06-17 18:12:56 - [TEST_STEP][PASSED] - value_title1 = getText(findTestObject("1. Constant/xpath", ["xpath":"/html/body/div/div[4]/div[3]/div[3]/div[2]/div/div/div[1]/div[1]/div/div[2]/div/div[1]/div/div[2]/h3/label"])): Text of object 'Object Repository/1. Constant/xpath' is: 'MILK_PORTUGAL.pdf'

2022-06-17 18:12:56 - [MESSAGE][PASSED] - Text of object 'Object Repository/1. Constant/xpath' is: 'MILK_PORTUGAL.pdf'

2022-06-17 18:12:56 - [TEST_STEP][PASSED] - I.print("value for the doc - " + value_title1): null

2022-06-17 18:12:57 - [TEST_STEP][PASSED] - value_selection_no1 = getText(findTestObject("1. Constant/xpath", ["xpath":"//*[@id="mediabase-basket"]/div[1]/div[1]/h1"])): Text of object 'Object Repository/1. Constant/xpath' is: 'Selection (0)'

2022-06-17 18:12:57 - [MESSAGE][PASSED] - Text of object 'Object Repository/1. Constant/xpath' is: 'Selection (0)'

2022-06-17 18:12:57 - [TEST_STEP][PASSED] - I.print("Value for selection no:" + value_selection_no1): null

2022-06-17 18:12:57 - [TEST_STEP][PASSED] - expected_selected1 = "Selection (0)": null

2022-06-17 18:12:57 - [TEST_STEP][PASSED] - verifyEqual(value_selection_no1, expected_selected1): Actual object 'Selection (0)' and expected object 'Selection (0)' are equal

2022-06-17 18:12:57 - [MESSAGE][PASSED] - Actual object 'Selection (0)' and expected object 'Selection (0)' are equal

2022-06-17 18:12:57 - [TEST_STEP][PASSED] - mouseOver(findTestObject("1. Constant/xpath", ["xpath":"/html/body/div/div[4]/div[3]/div[3]/div[2]/div/div/div[1]/div[1]/div/div[2]/div/div[1]/div/div[1]"])): Object: 'Object Repository/1. Constant/xpath' is hovered

2022-06-17 18:12:58 - [MESSAGE][PASSED] - Object: 'Object Repository/1. Constant/xpath' is hovered

2022-06-17 18:12:58 - [TEST_STEP][PASSED] - takeScreenshot(): Taking screenshot successfully

2022-06-17 18:12:58 - [MESSAGE][PASSED] - Taking screenshot successfully
[[ATTACHMENT|D:\\Projet Test Auto\\Mediabox Test Automation [Test]\\Reports\\20220617_181206\\z01. Test Suites\\203. TestStarpack _ Tag Mediabase\\20220617_181207\\1655482378047.png]]

2022-06-17 18:12:58 - [TEST_STEP][PASSED] - mouseOver(findTestObject("1. Constant/xpath", ["xpath":"/html/body/div[1]/div[4]/div[3]/div[3]/div[2]/div/div/div[1]/div[1]/div/div[2]/div/div[1]/div/div[1]/div[2]/div/a[1]"])): Object: 'Object Repository/1. Constant/xpath' is hovered

2022-06-17 18:12:58 - [MESSAGE][PASSED] - Object: 'Object Repository/1. Constant/xpath' is hovered

2022-06-17 18:12:58 - [TEST_STEP][PASSED] - takeScreenshot(): Taking screenshot successfully

2022-06-17 18:12:59 - [MESSAGE][PASSED] - Taking screenshot successfully
[[ATTACHMENT|D:\\Projet Test Auto\\Mediabox Test Automation [Test]\\Reports\\20220617_181206\\z01. Test Suites\\203. TestStarpack _ Tag Mediabase\\20220617_181207\\1655482378797.png]]

2022-06-17 18:12:59 - [TEST_STEP][PASSED] - value1 = getText(findTestObject("1. Constant/xpath", ["xpath":"/html/body/div[2]/div[2]"])): Text of object 'Object Repository/1. Constant/xpath' is: 'Select'

2022-06-17 18:12:59 - [MESSAGE][PASSED] - Text of object 'Object Repository/1. Constant/xpath' is: 'Select'

2022-06-17 18:12:59 - [TEST_STEP][PASSED] - verifyEqual(value1, "Select"): Actual object 'Select' and expected object 'Select' are equal

2022-06-17 18:12:59 - [MESSAGE][PASSED] - Actual object 'Select' and expected object 'Select' are equal

2022-06-17 18:12:59 - [TEST_STEP][PASSED] - verifyElementClickable(findTestObject("1. Constant/xpath", ["xpath":"/html/body/div[2]/div[2]"])): Object 'Object Repository/1. Constant/xpath' is clickable

2022-06-17 18:12:59 - [MESSAGE][PASSED] - Object 'Object Repository/1. Constant/xpath' is clickable

2022-06-17 18:12:59 - [TEST_STEP][PASSED] - click(findTestObject("1. Constant/xpath", ["xpath":"/html/body/div[1]/div[4]/div[3]/div[3]/div[2]/div/div/div[1]/div[1]/div/div[2]/div/div[1]/div/div[1]/div[2]/div/a[1]"])): Object: 'Object Repository/1. Constant/xpath' is clicked on

2022-06-17 18:12:59 - [MESSAGE][PASSED] - Object: 'Object Repository/1. Constant/xpath' is clicked on

2022-06-17 18:12:59 - [TEST_STEP][PASSED] - value_toastr = getText(findTestObject("1. Constant/xpath", ["xpath":"//*[@id="toast-container"]/div/div[2]"])): Text of object 'Object Repository/1. Constant/xpath' is: 'Media added: MILK_PORTUGAL.pdf'

2022-06-17 18:13:02 - [MESSAGE][PASSED] - Text of object 'Object Repository/1. Constant/xpath' is: 'Media added: MILK_PORTUGAL.pdf'

2022-06-17 18:13:02 - [TEST_STEP][PASSED] - value2_Expectedtoastr = "Media added: " + value_title1: null

2022-06-17 18:13:02 - [TEST_STEP][PASSED] - takeScreenshot(): Taking screenshot successfully

2022-06-17 18:13:02 - [MESSAGE][PASSED] - Taking screenshot successfully
[[ATTACHMENT|D:\\Projet Test Auto\\Mediabox Test Automation [Test]\\Reports\\20220617_181206\\z01. Test Suites\\203. TestStarpack _ Tag Mediabase\\20220617_181207\\1655482382129.png]]

2022-06-17 18:13:02 - [TEST_STEP][PASSED] - verifyMatch(value_toastr, value2_Expectedtoastr, false): Actual text 'Media added: MILK_PORTUGAL.pdf' and expected text 'Media added: MILK_PORTUGAL.pdf' are matched 

2022-06-17 18:13:02 - [MESSAGE][PASSED] - Actual text 'Media added: MILK_PORTUGAL.pdf' and expected text 'Media added: MILK_PORTUGAL.pdf' are matched 

2022-06-17 18:13:02 - [TEST_STEP][PASSED] - value_selection_no = getText(findTestObject("1. Constant/xpath", ["xpath":"//*[@id="mediabase-basket"]/div[1]/div[1]/h1"])): Text of object 'Object Repository/1. Constant/xpath' is: 'Selection (1)'

2022-06-17 18:13:02 - [MESSAGE][PASSED] - Text of object 'Object Repository/1. Constant/xpath' is: 'Selection (1)'

2022-06-17 18:13:02 - [TEST_STEP][PASSED] - expected_selected = "Selection (1)": null

2022-06-17 18:13:02 - [TEST_STEP][PASSED] - verifyEqual(value_selection_no, expected_selected): Actual object 'Selection (1)' and expected object 'Selection (1)' are equal

2022-06-17 18:13:02 - [MESSAGE][PASSED] - Actual object 'Selection (1)' and expected object 'Selection (1)' are equal

2022-06-17 18:13:02 - [TEST_STEP][PASSED] - verifyElementVisible(findTestObject("1. Constant/xpath", ["xpath":"//*[@id="basket_content_right"]/div/label"])): Object 'Object Repository/1. Constant/xpath' is visible

2022-06-17 18:13:02 - [MESSAGE][PASSED] - Object 'Object Repository/1. Constant/xpath' is visible

2022-06-17 18:13:02 - [TEST_STEP][PASSED] - verifyOptionNotPresentByLabel(findTestObject("1. Constant/xpath", ["xpath":"//*[@id="id_mediabasket"]"]), "No selection", false, 10): null

2022-06-17 18:13:03 - [TEST_STEP][PASSED] - takeScreenshot(): Taking screenshot successfully

2022-06-17 18:13:03 - [MESSAGE][PASSED] - Taking screenshot successfully
[[ATTACHMENT|D:\\Projet Test Auto\\Mediabox Test Automation [Test]\\Reports\\20220617_181206\\z01. Test Suites\\203. TestStarpack _ Tag Mediabase\\20220617_181207\\1655482383163.png]]

2022-06-17 18:13:03 - [TEST_STEP][PASSED] - verifyElementNotClickable(findTestObject("1. Constant/xpath", ["xpath":"//*[@id="addSelectionToBasket"]"])): Object 'Object Repository/1. Constant/xpath' is NOT clickable

2022-06-17 18:13:03 - [MESSAGE][PASSED] - Object 'Object Repository/1. Constant/xpath' is NOT clickable

2022-06-17 18:13:03 - [TEST_STEP][PASSED] - check(findTestObject("1. Constant/xpath", ["xpath":"/html/body/div/div[4]/div[3]/div[3]/div[2]/div/div/div[1]/div[1]/div/div[2]/div/div[2]/div/div[2]/h3/label"])): Object 'Object Repository/1. Constant/xpath' is checked

2022-06-17 18:13:04 - [MESSAGE][PASSED] - Object 'Object Repository/1. Constant/xpath' is checked

2022-06-17 18:13:04 - [TEST_STEP][PASSED] - verifyElementChecked(findTestObject("1. Constant/xpath", ["xpath":"/html/body/div/div[4]/div[3]/div[3]/div[2]/div/div/div[1]/div[1]/div/div[2]/div/div[2]/div/div[2]/h3/label/input"]), 5): Object 'Object Repository/1. Constant/xpath' is checked

2022-06-17 18:13:04 - [MESSAGE][PASSED] - Object 'Object Repository/1. Constant/xpath' is checked

2022-06-17 18:13:04 - [TEST_STEP][PASSED] - takeScreenshot(): Taking screenshot successfully

2022-06-17 18:13:04 - [MESSAGE][PASSED] - Taking screenshot successfully
[[ATTACHMENT|D:\\Projet Test Auto\\Mediabox Test Automation [Test]\\Reports\\20220617_181206\\z01. Test Suites\\203. TestStarpack _ Tag Mediabase\\20220617_181207\\1655482384219.png]]

2022-06-17 18:13:04 - [TEST_STEP][PASSED] - click(findTestObject("1. Constant/xpath", ["xpath":"/html/body/div/div[4]/div[3]/div[3]/div[2]/div/div/div[1]/div[1]/div/div[2]/div/div[2]/div/div[2]/h3/label"])): Object: 'Object Repository/1. Constant/xpath' is clicked on

2022-06-17 18:13:04 - [MESSAGE][PASSED] - Object: 'Object Repository/1. Constant/xpath' is clicked on

2022-06-17 18:13:04 - [TEST_STEP][PASSED] - verifyElementNotChecked(findTestObject("1. Constant/xpath", ["xpath":"/html/body/div/div[4]/div[3]/div[3]/div[2]/div/div/div[1]/div[1]/div/div[2]/div/div[2]/div/div[2]/h3/label/input"]), 5): Object 'Object Repository/1. Constant/xpath' is not checked

2022-06-17 18:13:04 - [MESSAGE][PASSED] - Object 'Object Repository/1. Constant/xpath' is not checked

2022-06-17 18:13:04 - [TEST_STEP][PASSED] - takeScreenshot(): Taking screenshot successfully

2022-06-17 18:13:05 - [MESSAGE][PASSED] - Taking screenshot successfully
[[ATTACHMENT|D:\\Projet Test Auto\\Mediabox Test Automation [Test]\\Reports\\20220617_181206\\z01. Test Suites\\203. TestStarpack _ Tag Mediabase\\20220617_181207\\1655482384913.png]]

2022-06-17 18:13:05 - [TEST_STEP][PASSED] - check(findTestObject("1. Constant/xpath", ["xpath":"/html/body/div/div[4]/div[3]/div[3]/div[2]/div/div/div[1]/div[1]/div/div[2]/div/div[2]/div/div[2]/h3/label"])): Object 'Object Repository/1. Constant/xpath' is checked

2022-06-17 18:13:05 - [MESSAGE][PASSED] - Object 'Object Repository/1. Constant/xpath' is checked

2022-06-17 18:13:05 - [TEST_STEP][PASSED] - check(findTestObject("1. Constant/xpath", ["xpath":"/html/body/div/div[4]/div[3]/div[3]/div[2]/div/div/div[1]/div[1]/div/div[2]/div/div[3]/div/div[2]/h3/label"])): Object 'Object Repository/1. Constant/xpath' is checked

2022-06-17 18:13:05 - [MESSAGE][PASSED] - Object 'Object Repository/1. Constant/xpath' is checked

2022-06-17 18:13:05 - [TEST_STEP][PASSED] - delay(5): Delayed 5 second(s)

2022-06-17 18:13:10 - [MESSAGE][PASSED] - Delayed 5 second(s)

2022-06-17 18:13:10 - [TEST_STEP][PASSED] - verifyElementAttributeValue(findTestObject("1. Constant/xpath", ["xpath":"/html/body/div/div[4]/div[3]/div[3]/div[2]/div/div/div[1]/div[1]/div/div[2]/div/div[2]/div"]), "class", "card card-custom overlay card-mediabase checked", 20): Object 'Object Repository/1. Constant/xpath' has attribute 'class' with value 'card card-custom overlay card-mediabase checked'

2022-06-17 18:13:10 - [MESSAGE][PASSED] - Object 'Object Repository/1. Constant/xpath' has attribute 'class' with value 'card card-custom overlay card-mediabase checked'

2022-06-17 18:13:10 - [TEST_STEP][PASSED] - verifyElementAttributeValue(findTestObject("1. Constant/xpath", ["xpath":"/html/body/div/div[4]/div[3]/div[3]/div[2]/div/div/div[1]/div[1]/div/div[2]/div/div[3]/div"]), "class", "card card-custom overlay card-mediabase checked", 20): Object 'Object Repository/1. Constant/xpath' has attribute 'class' with value 'card card-custom overlay card-mediabase checked'

2022-06-17 18:13:11 - [MESSAGE][PASSED] - Object 'Object Repository/1. Constant/xpath' has attribute 'class' with value 'card card-custom overlay card-mediabase checked'

2022-06-17 18:13:11 - [TEST_STEP][PASSED] - verifyElementClickable(findTestObject("1. Constant/xpath", ["xpath":"//*[@id="addSelectionToBasket"]"])): Object 'Object Repository/1. Constant/xpath' is clickable

2022-06-17 18:13:11 - [MESSAGE][PASSED] - Object 'Object Repository/1. Constant/xpath' is clickable

2022-06-17 18:13:11 - [TEST_STEP][PASSED] - takeScreenshot(): Taking screenshot successfully

2022-06-17 18:13:11 - [MESSAGE][PASSED] - Taking screenshot successfully
[[ATTACHMENT|D:\\Projet Test Auto\\Mediabox Test Automation [Test]\\Reports\\20220617_181206\\z01. Test Suites\\203. TestStarpack _ Tag Mediabase\\20220617_181207\\1655482391484.png]]

2022-06-17 18:13:11 - [TEST_STEP][PASSED] - mouseOver(findTestObject("1. Constant/xpath", ["xpath":"//*[@id="addSelectionToBasket"]"])): Object: 'Object Repository/1. Constant/xpath' is hovered

2022-06-17 18:13:12 - [MESSAGE][PASSED] - Object: 'Object Repository/1. Constant/xpath' is hovered

2022-06-17 18:13:12 - [TEST_STEP][PASSED] - takeScreenshot(): Taking screenshot successfully

2022-06-17 18:13:12 - [MESSAGE][PASSED] - Taking screenshot successfully
[[ATTACHMENT|D:\\Projet Test Auto\\Mediabox Test Automation [Test]\\Reports\\20220617_181206\\z01. Test Suites\\203. TestStarpack _ Tag Mediabase\\20220617_181207\\1655482392121.png]]

2022-06-17 18:13:12 - [TEST_STEP][PASSED] - tooltip_addtoselection = getText(findTestObject("1. Constant/xpath", ["xpath":"/html/body/div[2]/div[2]"])): Text of object 'Object Repository/1. Constant/xpath' is: 'Add to selection'

2022-06-17 18:13:12 - [MESSAGE][PASSED] - Text of object 'Object Repository/1. Constant/xpath' is: 'Add to selection'

2022-06-17 18:13:12 - [TEST_STEP][PASSED] - verifyEqual(tooltip_addtoselection, "Add to selection"): Actual object 'Add to selection' and expected object 'Add to selection' are equal

2022-06-17 18:13:12 - [MESSAGE][PASSED] - Actual object 'Add to selection' and expected object 'Add to selection' are equal

2022-06-17 18:13:12 - [TEST_STEP][PASSED] - click(findTestObject("1. Constant/xpath", ["xpath":"//*[@id="addSelectionToBasket"]"])): Object: 'Object Repository/1. Constant/xpath' is clicked on

2022-06-17 18:13:15 - [MESSAGE][PASSED] - Object: 'Object Repository/1. Constant/xpath' is clicked on

2022-06-17 18:13:15 - [TEST_STEP][PASSED] - ToastrSucess1 = getText(findTestObject("1. Constant/xpath", ["xpath":"//*[@id="toast-container"]/div/div[2]"])): Text of object 'Object Repository/1. Constant/xpath' is: 'Selected media added'

2022-06-17 18:13:15 - [MESSAGE][PASSED] - Text of object 'Object Repository/1. Constant/xpath' is: 'Selected media added'

2022-06-17 18:13:15 - [TEST_STEP][PASSED] - takeScreenshot(): Taking screenshot successfully

2022-06-17 18:13:16 - [MESSAGE][PASSED] - Taking screenshot successfully
[[ATTACHMENT|D:\\Projet Test Auto\\Mediabox Test Automation [Test]\\Reports\\20220617_181206\\z01. Test Suites\\203. TestStarpack _ Tag Mediabase\\20220617_181207\\1655482396079.png]]

2022-06-17 18:13:16 - [TEST_STEP][PASSED] - verifyEqual(ToastrSucess1, "Selected media added"): Actual object 'Selected media added' and expected object 'Selected media added' are equal

2022-06-17 18:13:16 - [MESSAGE][PASSED] - Actual object 'Selected media added' and expected object 'Selected media added' are equal

2022-06-17 18:13:16 - [TEST_STEP][PASSED] - value_selection_no3 = getText(findTestObject("1. Constant/xpath", ["xpath":"//*[@id="mediabase-basket"]/div[1]/div[1]/h1"])): Text of object 'Object Repository/1. Constant/xpath' is: 'Selection (3)'

2022-06-17 18:13:16 - [MESSAGE][PASSED] - Text of object 'Object Repository/1. Constant/xpath' is: 'Selection (3)'

2022-06-17 18:13:16 - [TEST_STEP][PASSED] - I.print("Value for selection no:" + value_selection_no3): null

2022-06-17 18:13:16 - [TEST_STEP][PASSED] - expected_selected3 = "Selection (3)": null

2022-06-17 18:13:16 - [TEST_STEP][PASSED] - verifyEqual(value_selection_no3, expected_selected3): Actual object 'Selection (3)' and expected object 'Selection (3)' are equal

2022-06-17 18:13:16 - [MESSAGE][PASSED] - Actual object 'Selection (3)' and expected object 'Selection (3)' are equal

2022-06-17 18:13:16 - [TEST_STEP][PASSED] - verifyElementAttributeValue(findTestObject("1. Constant/xpath", ["xpath":"/html/body/div/div[4]/div[3]/div[3]/div[2]/div/div/div[1]/div[1]/div/div[2]/div/div[2]/div"]), "class", "card card-custom overlay card-mediabase", 20): Object 'Object Repository/1. Constant/xpath' has attribute 'class' with value 'card card-custom overlay card-mediabase'

2022-06-17 18:13:17 - [MESSAGE][PASSED] - Object 'Object Repository/1. Constant/xpath' has attribute 'class' with value 'card card-custom overlay card-mediabase'

2022-06-17 18:13:17 - [TEST_STEP][PASSED] - verifyElementAttributeValue(findTestObject("1. Constant/xpath", ["xpath":"/html/body/div/div[4]/div[3]/div[3]/div[2]/div/div/div[1]/div[1]/div/div[2]/div/div[3]/div"]), "class", "card card-custom overlay card-mediabase", 20): Object 'Object Repository/1. Constant/xpath' has attribute 'class' with value 'card card-custom overlay card-mediabase'

2022-06-17 18:13:17 - [MESSAGE][PASSED] - Object 'Object Repository/1. Constant/xpath' has attribute 'class' with value 'card card-custom overlay card-mediabase'

2022-06-17 18:13:17 - [TEST_STEP][PASSED] - click(findTestObject("1. Constant/xpath", ["xpath":"//*[@id="mediabase-basket"]/div[1]/div[2]/button"])): Object: 'Object Repository/1. Constant/xpath' is clicked on

2022-06-17 18:13:17 - [MESSAGE][PASSED] - Object: 'Object Repository/1. Constant/xpath' is clicked on

2022-06-17 18:13:17 - [TEST_STEP][PASSED] - takeScreenshot(): Taking screenshot successfully

2022-06-17 18:13:18 - [MESSAGE][PASSED] - Taking screenshot successfully
[[ATTACHMENT|D:\\Projet Test Auto\\Mediabox Test Automation [Test]\\Reports\\20220617_181206\\z01. Test Suites\\203. TestStarpack _ Tag Mediabase\\20220617_181207\\1655482397770.png]]

2022-06-17 18:13:18 - [TEST_STEP][PASSED] - click(findTestObject("1. Constant/xpath", ["xpath":"//*[@id="basket_content_right"]/div/div[2]/a[1]"])): Object: 'Object Repository/1. Constant/xpath' is clicked on

2022-06-17 18:13:18 - [MESSAGE][PASSED] - Object: 'Object Repository/1. Constant/xpath' is clicked on

2022-06-17 18:13:18 - [TEST_STEP][PASSED] - delay(2): Delayed 2 second(s)

2022-06-17 18:13:20 - [MESSAGE][PASSED] - Delayed 2 second(s)

2022-06-17 18:13:20 - [TEST_STEP][PASSED] - clearText(findTestObject("1. Constant/xpath", ["xpath":"//*[@id="EditPanier"]/div[1]/input"])): Text of object 'Object Repository/1. Constant/xpath' is cleared

2022-06-17 18:13:20 - [MESSAGE][PASSED] - Text of object 'Object Repository/1. Constant/xpath' is cleared

2022-06-17 18:13:20 - [TEST_STEP][PASSED] - setText(findTestObject("1. Constant/xpath", ["xpath":"//*[@id="EditPanier"]/div[1]/input"]), "Edit Selection name"): Text 'Edit Selection name' is set on object 'Object Repository/1. Constant/xpath'

2022-06-17 18:13:21 - [MESSAGE][PASSED] - Text 'Edit Selection name' is set on object 'Object Repository/1. Constant/xpath'

2022-06-17 18:13:21 - [TEST_STEP][PASSED] - setText(findTestObject("1. Constant/xpath", ["xpath":"//*[@id="EditPanier"]/div[2]/textarea"]), "Comment on this text area"): Text 'Comment on this text area' is set on object 'Object Repository/1. Constant/xpath'

2022-06-17 18:13:21 - [MESSAGE][PASSED] - Text 'Comment on this text area' is set on object 'Object Repository/1. Constant/xpath'

2022-06-17 18:13:21 - [TEST_STEP][PASSED] - takeScreenshot(): Taking screenshot successfully

2022-06-17 18:13:21 - [MESSAGE][PASSED] - Taking screenshot successfully
[[ATTACHMENT|D:\\Projet Test Auto\\Mediabox Test Automation [Test]\\Reports\\20220617_181206\\z01. Test Suites\\203. TestStarpack _ Tag Mediabase\\20220617_181207\\1655482401534.png]]

2022-06-17 18:13:21 - [TEST_STEP][PASSED] - delay(1): Delayed 1 second(s)

2022-06-17 18:13:22 - [MESSAGE][PASSED] - Delayed 1 second(s)

2022-06-17 18:13:22 - [TEST_STEP][PASSED] - I.click_button_javascript(findTestObject("1. Constant/xpath", ["xpath":"//*[@id="DivEditPanier"]/div/div/div[3]/button[2]"])): Execute JavaScript 'arguments[0].click()' successfully

2022-06-17 18:13:25 - [MESSAGE][PASSED] - Execute JavaScript 'arguments[0].click()' successfully

2022-06-17 18:13:25 - [TEST_STEP][PASSED] - Sucessmsg = getText(findTestObject("1. Constant/xpath", ["xpath":"//*[@id="toast-container"]/div/div[2]"])): Text of object 'Object Repository/1. Constant/xpath' is: 'The basket Edit Selection name has successfully been updated !'

2022-06-17 18:13:26 - [MESSAGE][PASSED] - Text of object 'Object Repository/1. Constant/xpath' is: 'The basket Edit Selection name has successfully been updated !'

2022-06-17 18:13:26 - [TEST_STEP][PASSED] - takeScreenshot(): Taking screenshot successfully

2022-06-17 18:13:26 - [MESSAGE][PASSED] - Taking screenshot successfully
[[ATTACHMENT|D:\\Projet Test Auto\\Mediabox Test Automation [Test]\\Reports\\20220617_181206\\z01. Test Suites\\203. TestStarpack _ Tag Mediabase\\20220617_181207\\1655482406153.png]]

2022-06-17 18:13:26 - [TEST_STEP][PASSED] - verifyEqual(Sucessmsg, "The basket Edit Selection name has successfully been updated !"): Actual object 'The basket Edit Selection name has successfully been updated !' and expected object 'The basket Edit Selection name has successfully been updated !' are equal

2022-06-17 18:13:26 - [MESSAGE][PASSED] - Actual object 'The basket Edit Selection name has successfully been updated !' and expected object 'The basket Edit Selection name has successfully been updated !' are equal

2022-06-17 18:13:26 - [TEST_STEP][PASSED] - click(findTestObject("1. Constant/xpath", ["xpath":"//*[@id="toast-container"]/div/button"])): Object: 'Object Repository/1. Constant/xpath' is clicked on

2022-06-17 18:13:27 - [MESSAGE][PASSED] - Object: 'Object Repository/1. Constant/xpath' is clicked on

2022-06-17 18:13:27 - [TEST_STEP][PASSED] - click(findTestObject("1. Constant/xpath", ["xpath":"//*[@id="mediabase-basket"]/div[1]/div[2]/button"])): Object: 'Object Repository/1. Constant/xpath' is clicked on

2022-06-17 18:13:27 - [MESSAGE][PASSED] - Object: 'Object Repository/1. Constant/xpath' is clicked on

2022-06-17 18:13:27 - [TEST_STEP][PASSED] - takeScreenshot(): Taking screenshot successfully

2022-06-17 18:13:27 - [MESSAGE][PASSED] - Taking screenshot successfully
[[ATTACHMENT|D:\\Projet Test Auto\\Mediabox Test Automation [Test]\\Reports\\20220617_181206\\z01. Test Suites\\203. TestStarpack _ Tag Mediabase\\20220617_181207\\1655482407404.png]]

2022-06-17 18:13:27 - [TEST_STEP][PASSED] - verifyOptionSelectedByLabel(findTestObject("1. Constant/xpath", ["xpath":"/html/body/div/div[4]/div[6]/div[6]/div[2]/div/div/div/div[2]/div/div[1]/form/div/select"]), "Edit Selection name", false, 20): All options with label 'Edit Selection name' are selected in object 'Object Repository/1. Constant/xpath' 

2022-06-17 18:13:28 - [MESSAGE][PASSED] - All options with label 'Edit Selection name' are selected in object 'Object Repository/1. Constant/xpath' 

2022-06-17 18:13:28 - [TEST_STEP][PASSED] - click(findTestObject("1. Constant/xpath", ["xpath":"//*[@id="basket_content_right"]/div/div[2]/a[2]"])): Object: 'Object Repository/1. Constant/xpath' is clicked on

2022-06-17 18:13:28 - [MESSAGE][PASSED] - Object: 'Object Repository/1. Constant/xpath' is clicked on

2022-06-17 18:13:28 - [TEST_STEP][PASSED] - takeScreenshot(): Taking screenshot successfully

2022-06-17 18:13:28 - [MESSAGE][PASSED] - Taking screenshot successfully
[[ATTACHMENT|D:\\Projet Test Auto\\Mediabox Test Automation [Test]\\Reports\\20220617_181206\\z01. Test Suites\\203. TestStarpack _ Tag Mediabase\\20220617_181207\\1655482408560.png]]

2022-06-17 18:13:28 - [TEST_STEP][PASSED] - click(findTestObject("1. Constant/xpath", ["xpath":"//*[@id="DivSupprimerPanier"]/div/div/div[3]/button[2]"])): Object: 'Object Repository/1. Constant/xpath' is clicked on

2022-06-17 18:13:30 - [MESSAGE][PASSED] - Object: 'Object Repository/1. Constant/xpath' is clicked on

2022-06-17 18:13:30 - [TEST_STEP][PASSED] - value_selection_no00 = getText(findTestObject("1. Constant/xpath", ["xpath":"//*[@id="mediabase-basket"]/div[1]/div[1]/h1"])): Text of object 'Object Repository/1. Constant/xpath' is: 'Selection (0)'

2022-06-17 18:13:30 - [MESSAGE][PASSED] - Text of object 'Object Repository/1. Constant/xpath' is: 'Selection (0)'

2022-06-17 18:13:30 - [TEST_STEP][PASSED] - takeScreenshot(): Taking screenshot successfully

2022-06-17 18:13:30 - [MESSAGE][PASSED] - Taking screenshot successfully
[[ATTACHMENT|D:\\Projet Test Auto\\Mediabox Test Automation [Test]\\Reports\\20220617_181206\\z01. Test Suites\\203. TestStarpack _ Tag Mediabase\\20220617_181207\\1655482410663.png]]

2022-06-17 18:13:30 - [TEST_STEP][PASSED] - expected_selected00 = "Selection (0)": null

2022-06-17 18:13:30 - [TEST_STEP][PASSED] - verifyEqual(value_selection_no00, expected_selected00): Actual object 'Selection (0)' and expected object 'Selection (0)' are equal

2022-06-17 18:13:30 - [MESSAGE][PASSED] - Actual object 'Selection (0)' and expected object 'Selection (0)' are equal

2022-06-17 18:13:30 - [TEST_STEP][PASSED] - value_selection_noAll = getText(findTestObject("1. Constant/xpath", ["xpath":" //*[@id="kt_content"]/div[3]/div[1]/div[1]/h1/span"])): Text of object 'Object Repository/1. Constant/xpath' is: '3'

2022-06-17 18:13:31 - [MESSAGE][PASSED] - Text of object 'Object Repository/1. Constant/xpath' is: '3'

2022-06-17 18:13:31 - [TEST_STEP][PASSED] - Int_SelectAll = value_selection_noAll.toInteger(): null

2022-06-17 18:13:31 - [TEST_STEP][PASSED] - I.print("Section All: " + Int_SelectAll): null

2022-06-17 18:13:31 - [TEST_STEP][PASSED] - click(findTestObject("1. Constant/xpath", ["xpath":"//*[@id="allRefs"]"])): Object: 'Object Repository/1. Constant/xpath' is clicked on

2022-06-17 18:13:31 - [MESSAGE][PASSED] - Object: 'Object Repository/1. Constant/xpath' is clicked on

2022-06-17 18:13:31 - [TEST_STEP][PASSED] - delay(2): Delayed 2 second(s)

2022-06-17 18:13:33 - [MESSAGE][PASSED] - Delayed 2 second(s)

2022-06-17 18:13:33 - [TEST_STEP][PASSED] - takeScreenshot(): Taking screenshot successfully

2022-06-17 18:13:33 - [MESSAGE][PASSED] - Taking screenshot successfully
[[ATTACHMENT|D:\\Projet Test Auto\\Mediabox Test Automation [Test]\\Reports\\20220617_181206\\z01. Test Suites\\203. TestStarpack _ Tag Mediabase\\20220617_181207\\1655482413595.png]]

2022-06-17 18:13:33 - [TEST_STEP][PASSED] - for ([i = 1, i <= Int_SelectAll, (i++)]): Object 'Object Repository/Starpack Mediabase/Starpack Mediabase checkbox' is checked

2022-06-17 18:13:33 - [TEST_STEP][PASSED] - I.VerifyCheckboxChecked("checkbox 1", findTestObject("Object Repository/Starpack Mediabase/Starpack Mediabase checkbox", ["No":i])): Object 'Object Repository/Starpack Mediabase/Starpack Mediabase checkbox' is checked

2022-06-17 18:13:33 - [MESSAGE][PASSED] - Object 'Object Repository/Starpack Mediabase/Starpack Mediabase checkbox' is checked

2022-06-17 18:13:33 - [TEST_STEP][PASSED] - I.VerifyCheckboxChecked("checkbox 1", findTestObject("Object Repository/Starpack Mediabase/Starpack Mediabase checkbox", ["No":i])): Object 'Object Repository/Starpack Mediabase/Starpack Mediabase checkbox' is checked

2022-06-17 18:13:34 - [MESSAGE][PASSED] - Object 'Object Repository/Starpack Mediabase/Starpack Mediabase checkbox' is checked

2022-06-17 18:13:34 - [TEST_STEP][PASSED] - I.VerifyCheckboxChecked("checkbox 1", findTestObject("Object Repository/Starpack Mediabase/Starpack Mediabase checkbox", ["No":i])): Object 'Object Repository/Starpack Mediabase/Starpack Mediabase checkbox' is checked

2022-06-17 18:13:34 - [MESSAGE][PASSED] - Object 'Object Repository/Starpack Mediabase/Starpack Mediabase checkbox' is checked

2022-06-17 18:13:34 - [TEST_STEP][PASSED] - click(findTestObject("1. Constant/xpath", ["xpath":"//*[@id="allRefs"]"])): Object: 'Object Repository/1. Constant/xpath' is clicked on

2022-06-17 18:13:34 - [MESSAGE][PASSED] - Object: 'Object Repository/1. Constant/xpath' is clicked on

2022-06-17 18:13:34 - [TEST_STEP][PASSED] - for ([i = 1, i <= Int_SelectAll, (i++)]): Object 'Object Repository/1. Constant/xpath' has attribute 'class' with value 'card card-custom overlay card-mediabase'

2022-06-17 18:13:34 - [TEST_STEP][PASSED] - verifyElementAttributeValue(findTestObject("1. Constant/xpath", ["xpath":"/html/body/div[1]/div[4]/div[3]/div[3]/div[2]/div/div/div[1]/div[1]/div/div[2]/div/div[" + i + "]/div"]), "class", "card card-custom overlay card-mediabase", 20): Object 'Object Repository/1. Constant/xpath' has attribute 'class' with value 'card card-custom overlay card-mediabase'

2022-06-17 18:13:34 - [MESSAGE][PASSED] - Object 'Object Repository/1. Constant/xpath' has attribute 'class' with value 'card card-custom overlay card-mediabase'

2022-06-17 18:13:34 - [TEST_STEP][PASSED] - verifyElementAttributeValue(findTestObject("1. Constant/xpath", ["xpath":"/html/body/div[1]/div[4]/div[3]/div[3]/div[2]/div/div/div[1]/div[1]/div/div[2]/div/div[" + i + "]/div"]), "class", "card card-custom overlay card-mediabase", 20): Object 'Object Repository/1. Constant/xpath' has attribute 'class' with value 'card card-custom overlay card-mediabase'

2022-06-17 18:13:34 - [MESSAGE][PASSED] - Object 'Object Repository/1. Constant/xpath' has attribute 'class' with value 'card card-custom overlay card-mediabase'

2022-06-17 18:13:34 - [TEST_STEP][PASSED] - verifyElementAttributeValue(findTestObject("1. Constant/xpath", ["xpath":"/html/body/div[1]/div[4]/div[3]/div[3]/div[2]/div/div/div[1]/div[1]/div/div[2]/div/div[" + i + "]/div"]), "class", "card card-custom overlay card-mediabase", 20): Object 'Object Repository/1. Constant/xpath' has attribute 'class' with value 'card card-custom overlay card-mediabase'

2022-06-17 18:13:35 - [MESSAGE][PASSED] - Object 'Object Repository/1. Constant/xpath' has attribute 'class' with value 'card card-custom overlay card-mediabase'

2022-06-17 18:13:35 - [TEST_STEP][PASSED] - takeScreenshot(): Taking screenshot successfully

2022-06-17 18:13:35 - [MESSAGE][PASSED] - Taking screenshot successfully
[[ATTACHMENT|D:\\Projet Test Auto\\Mediabox Test Automation [Test]\\Reports\\20220617_181206\\z01. Test Suites\\203. TestStarpack _ Tag Mediabase\\20220617_181207\\1655482415106.png]]

2022-06-17 18:13:35 - [TEST_STEP][PASSED] - click(findTestObject("1. Constant/xpath", ["xpath":"//*[@id="allRefs"]"])): Object: 'Object Repository/1. Constant/xpath' is clicked on

2022-06-17 18:13:35 - [MESSAGE][PASSED] - Object: 'Object Repository/1. Constant/xpath' is clicked on

2022-06-17 18:13:35 - [TEST_STEP][PASSED] - delay(2): Delayed 2 second(s)

2022-06-17 18:13:37 - [MESSAGE][PASSED] - Delayed 2 second(s)

2022-06-17 18:13:37 - [TEST_STEP][PASSED] - click(findTestObject("1. Constant/xpath", ["xpath":"//*[@id="addSelectionToBasket"]"])): Object: 'Object Repository/1. Constant/xpath' is clicked on

2022-06-17 18:13:41 - [MESSAGE][PASSED] - Object: 'Object Repository/1. Constant/xpath' is clicked on

2022-06-17 18:13:41 - [TEST_STEP][PASSED] - delay(2): Delayed 2 second(s)

2022-06-17 18:13:43 - [MESSAGE][PASSED] - Delayed 2 second(s)

2022-06-17 18:13:43 - [TEST_STEP][PASSED] - for ([i = 1, i <= Int_SelectAll, (i++)]): Object 'Object Repository/1. Constant/xpath' has attribute 'class' with value 'card card-custom overlay card-mediabase'

2022-06-17 18:13:43 - [TEST_STEP][PASSED] - verifyElementAttributeValue(findTestObject("1. Constant/xpath", ["xpath":"/html/body/div[1]/div[4]/div[3]/div[3]/div[2]/div/div/div[1]/div[1]/div/div[2]/div/div[" + i + "]/div"]), "class", "card card-custom overlay card-mediabase", 20): Object 'Object Repository/1. Constant/xpath' has attribute 'class' with value 'card card-custom overlay card-mediabase'

2022-06-17 18:13:43 - [MESSAGE][PASSED] - Object 'Object Repository/1. Constant/xpath' has attribute 'class' with value 'card card-custom overlay card-mediabase'

2022-06-17 18:13:43 - [TEST_STEP][PASSED] - verifyElementAttributeValue(findTestObject("1. Constant/xpath", ["xpath":"/html/body/div[1]/div[4]/div[3]/div[3]/div[2]/div/div/div[1]/div[1]/div/div[2]/div/div[" + i + "]/div"]), "class", "card card-custom overlay card-mediabase", 20): Object 'Object Repository/1. Constant/xpath' has attribute 'class' with value 'card card-custom overlay card-mediabase'

2022-06-17 18:13:43 - [MESSAGE][PASSED] - Object 'Object Repository/1. Constant/xpath' has attribute 'class' with value 'card card-custom overlay card-mediabase'

2022-06-17 18:13:43 - [TEST_STEP][PASSED] - verifyElementAttributeValue(findTestObject("1. Constant/xpath", ["xpath":"/html/body/div[1]/div[4]/div[3]/div[3]/div[2]/div/div/div[1]/div[1]/div/div[2]/div/div[" + i + "]/div"]), "class", "card card-custom overlay card-mediabase", 20): Object 'Object Repository/1. Constant/xpath' has attribute 'class' with value 'card card-custom overlay card-mediabase'

2022-06-17 18:13:43 - [MESSAGE][PASSED] - Object 'Object Repository/1. Constant/xpath' has attribute 'class' with value 'card card-custom overlay card-mediabase'

2022-06-17 18:13:43 - [TEST_STEP][PASSED] - value_selection_noalll = getText(findTestObject("1. Constant/xpath", ["xpath":"//*[@id="mediabase-basket"]/div[1]/div[1]/h1"])): Text of object 'Object Repository/1. Constant/xpath' is: 'Selection (3)'

2022-06-17 18:13:43 - [MESSAGE][PASSED] - Text of object 'Object Repository/1. Constant/xpath' is: 'Selection (3)'

2022-06-17 18:13:43 - [TEST_STEP][PASSED] - I.print("Value for selection no:" + value_selection_noalll): null

2022-06-17 18:13:43 - [TEST_STEP][PASSED] - verifyEqual(value_selection_noalll, "Selection (" + value_selection_noAll + ")"): Actual object 'Selection (3)' and expected object 'Selection (3)' are equal

2022-06-17 18:13:43 - [MESSAGE][PASSED] - Actual object 'Selection (3)' and expected object 'Selection (3)' are equal

2022-06-17 18:13:43 - [TEST_STEP][PASSED] - takeScreenshot(): Taking screenshot successfully

2022-06-17 18:13:44 - [MESSAGE][PASSED] - Taking screenshot successfully
[[ATTACHMENT|D:\\Projet Test Auto\\Mediabox Test Automation [Test]\\Reports\\20220617_181206\\z01. Test Suites\\203. TestStarpack _ Tag Mediabase\\20220617_181207\\1655482424108.png]]

2022-06-17 18:13:44 - [TEST_STEP][PASSED] - click(findTestObject("1. Constant/xpath", ["xpath":"//*[@id="mediabase-basket"]/div[1]/div[2]/button"])): Object: 'Object Repository/1. Constant/xpath' is clicked on

2022-06-17 18:13:44 - [MESSAGE][PASSED] - Object: 'Object Repository/1. Constant/xpath' is clicked on

2022-06-17 18:13:44 - [TEST_STEP][PASSED] - click(findTestObject("1. Constant/xpath", ["xpath":"//*[@id="basket_content_right"]/div/div[2]/a[2]"])): Object: 'Object Repository/1. Constant/xpath' is clicked on

2022-06-17 18:13:44 - [MESSAGE][PASSED] - Object: 'Object Repository/1. Constant/xpath' is clicked on

2022-06-17 18:13:44 - [TEST_STEP][PASSED] - click(findTestObject("1. Constant/xpath", ["xpath":"//*[@id="DivSupprimerPanier"]/div/div/div[3]/button[2]"])): Object: 'Object Repository/1. Constant/xpath' is clicked on

2022-06-17 18:13:45 - [MESSAGE][PASSED] - Object: 'Object Repository/1. Constant/xpath' is clicked on

2022-06-17 18:13:45 - [TEST_STEP][PASSED] - value_selection_no000 = getText(findTestObject("1. Constant/xpath", ["xpath":"//*[@id="mediabase-basket"]/div[1]/div[1]/h1"])): Text of object 'Object Repository/1. Constant/xpath' is: 'Selection (0)'

2022-06-17 18:13:45 - [MESSAGE][PASSED] - Text of object 'Object Repository/1. Constant/xpath' is: 'Selection (0)'

2022-06-17 18:13:45 - [TEST_STEP][PASSED] - I.print("Value for selection no:" + value_selection_no000): null

2022-06-17 18:13:45 - [TEST_STEP][PASSED] - verifyEqual(value_selection_no000, "Selection (0)"): Actual object 'Selection (0)' and expected object 'Selection (0)' are equal

2022-06-17 18:13:45 - [MESSAGE][PASSED] - Actual object 'Selection (0)' and expected object 'Selection (0)' are equal

2022-06-17 18:13:45 - [TEST_STEP][PASSED] - takeScreenshot(): Taking screenshot successfully

2022-06-17 18:13:46 - [MESSAGE][PASSED] - Taking screenshot successfully
[[ATTACHMENT|D:\\Projet Test Auto\\Mediabox Test Automation [Test]\\Reports\\20220617_181206\\z01. Test Suites\\203. TestStarpack _ Tag Mediabase\\20220617_181207\\1655482426101.png]]

2022-06-17 18:13:46 - [TEST_STEP][PASSED] - closeBrowser(): Browser is closed

2022-06-17 18:13:47 - [MESSAGE][PASSED] - Browser is closed

2022-06-17 18:13:47 - [TEST_STEP][PASSED] - Start listener action : sampleAfterTestCase: null]]></system-out>
         <system-err><![CDATA[]]></system-err>
      </testcase>
      <testcase name="Test Cases/203. TestStarpack _ Tag Mediabase/203.02 TestStarpack Mediabase Download" time="113.62" classname="Test Cases/203. TestStarpack _ Tag Mediabase/203.02 TestStarpack Mediabase Download" status="PASSED">
         <system-out><![CDATA[2022-06-17 18:13:47 - [TEST_CASE][PASSED] - Test Cases/203. TestStarpack _ Tag Mediabase/203.02 TestStarpack Mediabase Download: Test Cases/203. TestStarpack _ Tag Mediabase/203.02 TestStarpack Mediabase Download

2022-06-17 18:13:47 - [TEST_STEP][PASSED] - data = findTestData("Data Files/Username_Password/Test_Starpack"): null

2022-06-17 18:13:47 - [TEST_STEP][PASSED] - password_suser = data.getValue(2, 1): null

2022-06-17 18:13:47 - [TEST_STEP][PASSED] - password_aherms = data.getValue(2, 2): null

2022-06-17 18:13:47 - [TEST_STEP][PASSED] - password_agluszczynska = data.getValue(2, 3): null

2022-06-17 18:13:47 - [TEST_STEP][PASSED] - password_jmaciaszczyk = data.getValue(2, 4): null

2022-06-17 18:13:47 - [TEST_STEP][PASSED] - password_aterreshernandez = data.getValue(2, 5): null

2022-06-17 18:13:47 - [TEST_STEP][PASSED] - password_amartin_arbol = data.getValue(2, 6): null

2022-06-17 18:13:47 - [TEST_STEP][PASSED] - password_adelamatanieves = data.getValue(2, 7): null

2022-06-17 18:13:47 - [TEST_STEP][PASSED] - password_kcannoosamy_dia = data.getValue(2, 8): null

2022-06-17 18:13:47 - [TEST_STEP][PASSED] - data_urlTestAUTO = findTestData("Data Files/URL/URL_testauto"): null

2022-06-17 18:13:47 - [TEST_STEP][PASSED] - Url_Starpack = data_urlTestAUTO.getValue(2, 2): null

2022-06-17 18:13:47 - [TEST_STEP][PASSED] - log = new com.kms.katalon.core.logging.KeywordLogger(): null

2022-06-17 18:13:47 - [TEST_STEP][PASSED] - openBrowser(Url_Starpack): Browser is opened with url: 'https://mdb-v3-test.diadeis.com/MediaboxIndependence/?MBI_datasource=RELTEST_STARPACK'

2022-06-17 18:13:47 - [MESSAGE][INFO] - Starting 'Chrome (headless)' driver

2022-06-17 18:13:47 - [MESSAGE][INFO] - User set preference: ['args', '[--window-size=1920,1080, --headless]']

2022-06-17 18:13:47 - [MESSAGE][INFO] - Action delay is set to 0 milliseconds

2022-06-17 18:13:51 - [MESSAGE][PASSED] - Browser is opened with url: 'https://mdb-v3-test.diadeis.com/MediaboxIndependence/?MBI_datasource=RELTEST_STARPACK'

2022-06-17 18:13:51 - [TEST_STEP][PASSED] - maximizeWindow(): Current window maximized

2022-06-17 18:13:52 - [MESSAGE][PASSED] - Current window maximized

2022-06-17 18:13:52 - [TEST_STEP][PASSED] - I.Login_password("amartin_arbol", password_amartin_arbol): Object: 'Object Repository/1. Constant/xpath' is clicked on

2022-06-17 18:13:52 - [MESSAGE][PASSED] - Text 'amartin_arbol' is set on object 'Object Repository/1. Constant/xpath'

2022-06-17 18:13:53 - [MESSAGE][PASSED] - Delayed 1 second(s)

2022-06-17 18:13:53 - [MESSAGE][PASSED] - Text 'diadeis' is set on object 'Object Repository/1. Constant/xpath'

2022-06-17 18:13:54 - [MESSAGE][PASSED] - Delayed 1 second(s)

2022-06-17 18:13:59 - [MESSAGE][PASSED] - Object: 'Object Repository/1. Constant/xpath' is clicked on

2022-06-17 18:13:59 - [TEST_STEP][PASSED] - takeScreenshot(): Taking screenshot successfully

2022-06-17 18:13:59 - [MESSAGE][PASSED] - Taking screenshot successfully
[[ATTACHMENT|D:\\Projet Test Auto\\Mediabox Test Automation [Test]\\Reports\\20220617_181206\\z01. Test Suites\\203. TestStarpack _ Tag Mediabase\\20220617_181207\\1655482439284.png]]

2022-06-17 18:13:59 - [TEST_STEP][PASSED] - click(findTestObject("Object Repository/Starpack Mediabase/Starpack Mediabase id_menu_medibase_tab_1a")): Object: 'Object Repository/Starpack Mediabase/Starpack Mediabase id_menu_medibase_tab_1a' is clicked on

2022-06-17 18:14:02 - [MESSAGE][PASSED] - Object: 'Object Repository/Starpack Mediabase/Starpack Mediabase id_menu_medibase_tab_1a' is clicked on

2022-06-17 18:14:02 - [TEST_STEP][PASSED] - takeScreenshot(): Taking screenshot successfully

2022-06-17 18:14:02 - [MESSAGE][PASSED] - Taking screenshot successfully
[[ATTACHMENT|D:\\Projet Test Auto\\Mediabox Test Automation [Test]\\Reports\\20220617_181206\\z01. Test Suites\\203. TestStarpack _ Tag Mediabase\\20220617_181207\\1655482442282.png]]

2022-06-17 18:14:02 - [TEST_STEP][PASSED] - click(findTestObject("1. Constant/xpath", ["xpath":"//*[@id="mediabase-panel-cards"]/div/div[1]/div/div[3]/div/a"])): Object: 'Object Repository/1. Constant/xpath' is clicked on

2022-06-17 18:14:04 - [MESSAGE][PASSED] - Object: 'Object Repository/1. Constant/xpath' is clicked on

2022-06-17 18:14:04 - [TEST_STEP][PASSED] - click(findTestObject("1. Constant/xpath", ["xpath":"//*[@id="mediabase-panel-cards"]/div/div[1]/div/div/div/a"])): Object: 'Object Repository/1. Constant/xpath' is clicked on

2022-06-17 18:14:06 - [MESSAGE][PASSED] - Object: 'Object Repository/1. Constant/xpath' is clicked on

2022-06-17 18:14:06 - [TEST_STEP][PASSED] - "Verify that the download button is not clickable": null

2022-06-17 18:14:06 - [TEST_STEP][PASSED] - mouseOver(findTestObject("1. Constant/xpath", ["xpath":"//*[@id="20200422-140327-318-9EBHJIEHAI"]"])): Object: 'Object Repository/1. Constant/xpath' is hovered

2022-06-17 18:14:06 - [MESSAGE][PASSED] - Object: 'Object Repository/1. Constant/xpath' is hovered

2022-06-17 18:14:06 - [TEST_STEP][PASSED] - test0 = getAttribute(findTestObject("1. Constant/xpath", ["xpath":"//*[@id="20200422-140327-318-9EBHJIEHAI"]/div[1]/div[2]/div/a[2]"]), "href"): Attribute 'href' of object 'Object Repository/1. Constant/xpath' is: ''

2022-06-17 18:14:06 - [MESSAGE][PASSED] - Attribute 'href' of object 'Object Repository/1. Constant/xpath' is: ''

2022-06-17 18:14:06 - [TEST_STEP][PASSED] - if (test0 != ""): null

2022-06-17 18:14:06 - [TEST_STEP][PASSED] - else: Download link is Empty 

2022-06-17 18:14:06 - [TEST_STEP][PASSED] - I.print("Download link is: " + test0): null

2022-06-17 18:14:06 - [TEST_STEP][PASSED] - comment("Download link is Empty "): Download link is Empty 

2022-06-17 18:14:06 - [MESSAGE][INFO] - Download link is Empty 

2022-06-17 18:14:06 - [TEST_STEP][PASSED] - I.Logout(): Delayed 3 second(s)

2022-06-17 18:14:09 - [MESSAGE][PASSED] - Delayed 3 second(s)

2022-06-17 18:14:10 - [MESSAGE][PASSED] - Object: 'Object Repository/1. Constant/xpath' is clicked on

2022-06-17 18:14:13 - [MESSAGE][PASSED] - Delayed 3 second(s)

2022-06-17 18:14:14 - [MESSAGE][PASSED] - Object: 'Object Repository/1. Constant/xpath' is clicked on

2022-06-17 18:14:17 - [MESSAGE][PASSED] - Delayed 3 second(s)

2022-06-17 18:14:17 - [TEST_STEP][PASSED] - I.Login_password("suser", password_suser): Object: 'Object Repository/1. Constant/xpath' is clicked on

2022-06-17 18:14:18 - [MESSAGE][PASSED] - Text 'suser' is set on object 'Object Repository/1. Constant/xpath'

2022-06-17 18:14:19 - [MESSAGE][PASSED] - Delayed 1 second(s)

2022-06-17 18:14:19 - [MESSAGE][PASSED] - Text 'diadeis' is set on object 'Object Repository/1. Constant/xpath'

2022-06-17 18:14:20 - [MESSAGE][PASSED] - Delayed 1 second(s)

2022-06-17 18:14:23 - [MESSAGE][PASSED] - Object: 'Object Repository/1. Constant/xpath' is clicked on

2022-06-17 18:14:23 - [TEST_STEP][PASSED] - takeScreenshot(): Taking screenshot successfully

2022-06-17 18:14:23 - [MESSAGE][PASSED] - Taking screenshot successfully
[[ATTACHMENT|D:\\Projet Test Auto\\Mediabox Test Automation [Test]\\Reports\\20220617_181206\\z01. Test Suites\\203. TestStarpack _ Tag Mediabase\\20220617_181207\\1655482463662.png]]

2022-06-17 18:14:23 - [TEST_STEP][PASSED] - click(findTestObject("Object Repository/Starpack Mediabase/Starpack Mediabase id_menu_medibase_tab_1a")): Object: 'Object Repository/Starpack Mediabase/Starpack Mediabase id_menu_medibase_tab_1a' is clicked on

2022-06-17 18:14:29 - [MESSAGE][PASSED] - Object: 'Object Repository/Starpack Mediabase/Starpack Mediabase id_menu_medibase_tab_1a' is clicked on

2022-06-17 18:14:29 - [TEST_STEP][PASSED] - takeScreenshot(): Taking screenshot successfully

2022-06-17 18:14:30 - [MESSAGE][PASSED] - Taking screenshot successfully
[[ATTACHMENT|D:\\Projet Test Auto\\Mediabox Test Automation [Test]\\Reports\\20220617_181206\\z01. Test Suites\\203. TestStarpack _ Tag Mediabase\\20220617_181207\\1655482469790.png]]

2022-06-17 18:14:30 - [TEST_STEP][PASSED] - click(findTestObject("1. Constant/xpath", ["xpath":"//*[@id="mediabase-panel-cards"]/div/div[1]/div/div[4]/div/a"])): Object: 'Object Repository/1. Constant/xpath' is clicked on

2022-06-17 18:14:32 - [MESSAGE][PASSED] - Object: 'Object Repository/1. Constant/xpath' is clicked on

2022-06-17 18:14:32 - [TEST_STEP][PASSED] - mouseOver(findTestObject("1. Constant/xpath", ["xpath":"/html/body/div/div[4]/div[3]/div[3]/div[2]/div/div/div[1]/div[1]/div/div[2]/div/div[1]/div"])): Object: 'Object Repository/1. Constant/xpath' is hovered

2022-06-17 18:14:32 - [MESSAGE][PASSED] - Object: 'Object Repository/1. Constant/xpath' is hovered

2022-06-17 18:14:32 - [TEST_STEP][PASSED] - mouseOver(findTestObject("1. Constant/xpath", ["xpath":"/html/body/div/div[4]/div[3]/div[3]/div[2]/div/div/div[1]/div[1]/div/div[2]/div/div[1]/div/div[1]/div[2]/div/a[2]"])): Object: 'Object Repository/1. Constant/xpath' is hovered

2022-06-17 18:14:32 - [MESSAGE][PASSED] - Object: 'Object Repository/1. Constant/xpath' is hovered

2022-06-17 18:14:32 - [TEST_STEP][PASSED] - takeScreenshot(): Taking screenshot successfully

2022-06-17 18:14:33 - [MESSAGE][PASSED] - Taking screenshot successfully
[[ATTACHMENT|D:\\Projet Test Auto\\Mediabox Test Automation [Test]\\Reports\\20220617_181206\\z01. Test Suites\\203. TestStarpack _ Tag Mediabase\\20220617_181207\\1655482472865.png]]

2022-06-17 18:14:33 - [TEST_STEP][PASSED] - value_download = getText(findTestObject("1. Constant/xpath", ["xpath":"/html/body/div[2]/div[2]"])): Text of object 'Object Repository/1. Constant/xpath' is: 'Download'

2022-06-17 18:14:33 - [MESSAGE][PASSED] - Text of object 'Object Repository/1. Constant/xpath' is: 'Download'

2022-06-17 18:14:33 - [TEST_STEP][PASSED] - verifyEqual(value_download, "Download"): Actual object 'Download' and expected object 'Download' are equal

2022-06-17 18:14:33 - [MESSAGE][PASSED] - Actual object 'Download' and expected object 'Download' are equal

2022-06-17 18:14:33 - [TEST_STEP][PASSED] - verifyElementClickable(findTestObject("1. Constant/xpath", ["xpath":"/html/body/div/div[4]/div[3]/div[3]/div[2]/div/div/div[1]/div[1]/div/div[2]/div/div[1]/div/div[1]/div[2]/div/a[2]"]), STOP_ON_FAILURE): Object 'Object Repository/1. Constant/xpath' is clickable

2022-06-17 18:14:33 - [MESSAGE][PASSED] - Object 'Object Repository/1. Constant/xpath' is clickable

2022-06-17 18:14:33 - [TEST_STEP][PASSED] - click(findTestObject("1. Constant/xpath", ["xpath":"/html/body/div/div[4]/div[3]/div[3]/div[2]/div/div/div[1]/div[1]/div/div[2]/div/div[1]/div/div[1]/div[2]/div/a[2]"]), STOP_ON_FAILURE): Object: 'Object Repository/1. Constant/xpath' is clicked on

2022-06-17 18:14:35 - [MESSAGE][PASSED] - Object: 'Object Repository/1. Constant/xpath' is clicked on

2022-06-17 18:14:35 - [TEST_STEP][PASSED] - delay(1): Delayed 1 second(s)

2022-06-17 18:14:36 - [MESSAGE][PASSED] - Delayed 1 second(s)

2022-06-17 18:14:37 - [TEST_STEP][PASSED] - test = getAttribute(findTestObject("1. Constant/xpath", ["xpath":"/html/body/div/div[4]/div[3]/div[3]/div[2]/div/div/div[1]/div[1]/div/div[2]/div/div[1]/div/div[1]/div[2]/div/a[2]"]), "href"): Attribute 'href' of object 'Object Repository/1. Constant/xpath' is: 'https://mdb-v3-test.diadeis.com/MediaboxIndependence/Base/ExecAction?action=MbiDownloadDoc&IDSession=MBI!RELTEST_STARPACK!6OTESYL3JWQ2EP7A2K2ODUBIBQV8VYNU7QM1X7BW&num=Q8WEDZNRZH&id_document=20200529-132819-643-EDV4X8WTY9&id_project='

2022-06-17 18:14:37 - [MESSAGE][PASSED] - Attribute 'href' of object 'Object Repository/1. Constant/xpath' is: 'https://mdb-v3-test.diadeis.com/MediaboxIndependence/Base/ExecAction?action=MbiDownloadDoc&IDSession=MBI!RELTEST_STARPACK!6OTESYL3JWQ2EP7A2K2ODUBIBQV8VYNU7QM1X7BW&num=Q8WEDZNRZH&id_document=20200529-132819-643-EDV4X8WTY9&id_project='

2022-06-17 18:14:37 - [TEST_STEP][PASSED] - if (test == ""): null

2022-06-17 18:14:37 - [TEST_STEP][PASSED] - delay(25): Delayed 25 second(s)

2022-06-17 18:15:02 - [MESSAGE][PASSED] - Delayed 25 second(s)

2022-06-17 18:15:02 - [TEST_STEP][PASSED] - test3 = I.isFileDownloaded("C:\Users\lamhe\Downloads", "Userguide_CommercialSupport_v1.pdf"): null

2022-06-17 18:15:02 - [TEST_STEP][PASSED] - I.print(test3): null

2022-06-17 18:15:02 - [TEST_STEP][PASSED] - if (test == "false"): null

2022-06-17 18:15:02 - [TEST_STEP][PASSED] - click(findTestObject("1. Constant/xpath", ["xpath":"//*[@id="menu_mediabase_tab_current"]/a"])): Object: 'Object Repository/1. Constant/xpath' is clicked on

2022-06-17 18:15:09 - [MESSAGE][PASSED] - Object: 'Object Repository/1. Constant/xpath' is clicked on

2022-06-17 18:15:09 - [TEST_STEP][PASSED] - click(findTestObject("1. Constant/xpath", ["xpath":"//*[@id="mediabase-panel-cards"]/div/div[1]/div/div[2]/div/a"])): Object: 'Object Repository/1. Constant/xpath' is clicked on

2022-06-17 18:15:17 - [MESSAGE][PASSED] - Object: 'Object Repository/1. Constant/xpath' is clicked on

2022-06-17 18:15:17 - [TEST_STEP][PASSED] - click(findTestObject("1. Constant/xpath", ["xpath":"/html/body/div/div[4]/div[3]/div[3]/div[2]/div/div/div[1]/div[1]/div/div[2]/div/div[1]/div/div[1]/div[2]/div/a[2]"]), STOP_ON_FAILURE): Object: 'Object Repository/1. Constant/xpath' is clicked on

2022-06-17 18:15:18 - [MESSAGE][PASSED] - Object: 'Object Repository/1. Constant/xpath' is clicked on

2022-06-17 18:15:18 - [TEST_STEP][PASSED] - takeScreenshot(): Taking screenshot successfully

2022-06-17 18:15:19 - [MESSAGE][PASSED] - Taking screenshot successfully
[[ATTACHMENT|D:\\Projet Test Auto\\Mediabox Test Automation [Test]\\Reports\\20220617_181206\\z01. Test Suites\\203. TestStarpack _ Tag Mediabase\\20220617_181207\\1655482519043.png]]

2022-06-17 18:15:19 - [TEST_STEP][PASSED] - test1 = getAttribute(findTestObject("1. Constant/xpath", ["xpath":"/html/body/div/div[4]/div[3]/div[3]/div[2]/div/div/div[1]/div[1]/div/div[2]/div/div[1]/div/div[1]/div[2]/div/a[2]"]), "href"): Attribute 'href' of object 'Object Repository/1. Constant/xpath' is: 'javascript:getDownloadAWS('20201218-125707-862-U27374VQDN','267965 Iceberg Hierbabuena 44g.pdf');'

2022-06-17 18:15:19 - [MESSAGE][PASSED] - Attribute 'href' of object 'Object Repository/1. Constant/xpath' is: 'javascript:getDownloadAWS('20201218-125707-862-U27374VQDN','267965 Iceberg Hierbabuena 44g.pdf');'

2022-06-17 18:15:19 - [TEST_STEP][PASSED] - if (test1 == ""): null

2022-06-17 18:15:19 - [TEST_STEP][PASSED] - else: Taking screenshot successfully

2022-06-17 18:15:19 - [TEST_STEP][PASSED] - I.print("Download link is: " + test1): null

2022-06-17 18:15:19 - [TEST_STEP][PASSED] - comment("Download link is: " + test1): Download link is: javascript:getDownloadAWS('20201218-125707-862-U27374VQDN','267965 Iceberg Hierbabuena 44g.pdf');

2022-06-17 18:15:19 - [MESSAGE][INFO] - Download link is: javascript:getDownloadAWS('20201218-125707-862-U27374VQDN','267965 Iceberg Hierbabuena 44g.pdf');

2022-06-17 18:15:19 - [TEST_STEP][PASSED] - test2 = "javascript:getDownloadAWS('20201218-125707-862-U27374VQDN','267965 Iceberg Hierbabuena 44g.pdf');": null

2022-06-17 18:15:19 - [TEST_STEP][PASSED] - if (test1 == test2): Taking screenshot successfully

2022-06-17 18:15:19 - [TEST_STEP][PASSED] - I.print("OK. link is same as " + test2): null

2022-06-17 18:15:19 - [TEST_STEP][PASSED] - comment("link is same as " + test2): link is same as javascript:getDownloadAWS('20201218-125707-862-U27374VQDN','267965 Iceberg Hierbabuena 44g.pdf');

2022-06-17 18:15:19 - [MESSAGE][INFO] - link is same as javascript:getDownloadAWS('20201218-125707-862-U27374VQDN','267965 Iceberg Hierbabuena 44g.pdf');

2022-06-17 18:15:19 - [TEST_STEP][PASSED] - switchToWindowIndex(1): Switched to window with index: '1'

2022-06-17 18:15:20 - [MESSAGE][PASSED] - Switched to window with index: '1'

2022-06-17 18:15:20 - [TEST_STEP][PASSED] - urltest = getUrl(): Current window's url is: 'about:blank'

2022-06-17 18:15:20 - [MESSAGE][PASSED] - Current window's url is: 'about:blank'

2022-06-17 18:15:20 - [TEST_STEP][PASSED] - I.print("url > " + urltest): null

2022-06-17 18:15:20 - [TEST_STEP][PASSED] - takeScreenshot(): Taking screenshot successfully

2022-06-17 18:15:20 - [MESSAGE][PASSED] - Taking screenshot successfully
[[ATTACHMENT|D:\\Projet Test Auto\\Mediabox Test Automation [Test]\\Reports\\20220617_181206\\z01. Test Suites\\203. TestStarpack _ Tag Mediabase\\20220617_181207\\1655482520527.png]]

2022-06-17 18:15:20 - [TEST_STEP][PASSED] - closeBrowser(): Browser is closed

2022-06-17 18:15:40 - [MESSAGE][PASSED] - Browser is closed

2022-06-17 18:15:40 - [TEST_STEP][PASSED] - Start listener action : sampleAfterTestCase: null]]></system-out>
         <system-err><![CDATA[]]></system-err>
      </testcase>
      <system-out><![CDATA[2022-06-17 18:12:21 - [TEST_SUITE][PASSED] - 203. TestStarpack _ Tag Mediabase: Test Cases/203. TestStarpack _ Tag Mediabase/203.02 TestStarpack Mediabase Download]]></system-out>
      <system-err><![CDATA[]]></system-err>
   </testsuite>
</testsuites>
