<?xml version="1.0" encoding="UTF-8"?>
<testsuites name="202. TestStarPack Full Lifecycle _Change of Rights_SAS" time="3059.419" tests="7" failures="1" errors="1">
   <testsuite name="202. TestStarPack Full Lifecycle _Change of Rights_SAS" tests="7" failures="1" errors="1" time="3059.419" skipped="0" timestamp="2022-06-17 18:26:52" hostname="lamhe - DPF-MBI-VERIF.ad.sgsco.int" id="Test Suites/z01. Test Suites/202. TestStarPack Full Lifecycle _Change of Rights_SAS">
      <properties>
         <property name="deviceName" value=""/>
         <property name="devicePlatform" value=""/>
         <property name="logFolder" value="D:\\Projet Test Auto\\Mediabox Test Automation [Test]\\Reports\\20220617_181206\\z01. Test Suites\\202. TestStarPack Full Lifecycle _Change of Rights_SAS\\20220617_181211"/>
         <property name="logFiles" value="D:\\Projet Test Auto\\Mediabox Test Automation [Test]\\Reports\\20220617_181206\\z01. Test Suites\\202. TestStarPack Full Lifecycle _Change of Rights_SAS\\20220617_181211\\execution0.log"/>
         <property name="attachments" value="D:\\Projet Test Auto\\Mediabox Test Automation [Test]\\Reports\\20220617_181206\\z01. Test Suites\\202. TestStarPack Full Lifecycle _Change of Rights_SAS\\20220617_181211\\1655483229496.png, D:\\Projet Test Auto\\Mediabox Test Automation [Test]\\Reports\\20220617_181206\\z01. Test Suites\\202. TestStarPack Full Lifecycle _Change of Rights_SAS\\20220617_181211\\1655483236758.png, D:\\Projet Test Auto\\Mediabox Test Automation [Test]\\Reports\\20220617_181206\\z01. Test Suites\\202. TestStarPack Full Lifecycle _Change of Rights_SAS\\20220617_181211\\1655483243364.png, D:\\Projet Test Auto\\Mediabox Test Automation [Test]\\Reports\\20220617_181206\\z01. Test Suites\\202. TestStarPack Full Lifecycle _Change of Rights_SAS\\20220617_181211\\1655483269457.png, D:\\Projet Test Auto\\Mediabox Test Automation [Test]\\Reports\\20220617_181206\\z01. Test Suites\\202. TestStarPack Full Lifecycle _Change of Rights_SAS\\20220617_181211\\1655483295700.png, D:\\Projet Test Auto\\Mediabox Test Automation [Test]\\Reports\\20220617_181206\\z01. Test Suites\\202. TestStarPack Full Lifecycle _Change of Rights_SAS\\20220617_181211\\1655483311633.png, D:\\Projet Test Auto\\Mediabox Test Automation [Test]\\Reports\\20220617_181206\\z01. Test Suites\\202. TestStarPack Full Lifecycle _Change of Rights_SAS\\20220617_181211\\1655483344022.png, D:\\Projet Test Auto\\Mediabox Test Automation [Test]\\Reports\\20220617_181206\\z01. Test Suites\\202. TestStarPack Full Lifecycle _Change of Rights_SAS\\20220617_181211\\1655483370184.png, D:\\Projet Test Auto\\Mediabox Test Automation [Test]\\Reports\\20220617_181206\\z01. Test Suites\\202. TestStarPack Full Lifecycle _Change of Rights_SAS\\20220617_181211\\1655483395808.png, D:\\Projet Test Auto\\Mediabox Test Automation [Test]\\Reports\\20220617_181206\\z01. Test Suites\\202. TestStarPack Full Lifecycle _Change of Rights_SAS\\20220617_181211\\1655483448164.png, D:\\Projet Test Auto\\Mediabox Test Automation [Test]\\Reports\\20220617_181206\\z01. Test Suites\\202. TestStarPack Full Lifecycle _Change of Rights_SAS\\20220617_181211\\1655483467207.png, D:\\Projet Test Auto\\Mediabox Test Automation [Test]\\Reports\\20220617_181206\\z01. Test Suites\\202. TestStarPack Full Lifecycle _Change of Rights_SAS\\20220617_181211\\1655483488448.png, D:\\Projet Test Auto\\Mediabox Test Automation [Test]\\Reports\\20220617_181206\\z01. Test Suites\\202. TestStarPack Full Lifecycle _Change of Rights_SAS\\20220617_181211\\1655483507191.png, D:\\Projet Test Auto\\Mediabox Test Automation [Test]\\Reports\\20220617_181206\\z01. Test Suites\\202. TestStarPack Full Lifecycle _Change of Rights_SAS\\20220617_181211\\1655483529975.png, D:\\Projet Test Auto\\Mediabox Test Automation [Test]\\Reports\\20220617_181206\\z01. Test Suites\\202. TestStarPack Full Lifecycle _Change of Rights_SAS\\20220617_181211\\1655483540474.png, D:\\Projet Test Auto\\Mediabox Test Automation [Test]\\Reports\\20220617_181206\\z01. Test Suites\\202. TestStarPack Full Lifecycle _Change of Rights_SAS\\20220617_181211\\1655483543105.png, D:\\Projet Test Auto\\Mediabox Test Automation [Test]\\Reports\\20220617_181206\\z01. Test Suites\\202. TestStarPack Full Lifecycle _Change of Rights_SAS\\20220617_181211\\1655483551038.png, D:\\Projet Test Auto\\Mediabox Test Automation [Test]\\Reports\\20220617_181206\\z01. Test Suites\\202. TestStarPack Full Lifecycle _Change of Rights_SAS\\20220617_181211\\1655483554073.png, D:\\Projet Test Auto\\Mediabox Test Automation [Test]\\Reports\\20220617_181206\\z01. Test Suites\\202. TestStarPack Full Lifecycle _Change of Rights_SAS\\20220617_181211\\1655483555992.png, D:\\Projet Test Auto\\Mediabox Test Automation [Test]\\Reports\\20220617_181206\\z01. Test Suites\\202. TestStarPack Full Lifecycle _Change of Rights_SAS\\20220617_181211\\1655483559338.png, D:\\Projet Test Auto\\Mediabox Test Automation [Test]\\Reports\\20220617_181206\\z01. Test Suites\\202. TestStarPack Full Lifecycle _Change of Rights_SAS\\20220617_181211\\1655483563737.png, D:\\Projet Test Auto\\Mediabox Test Automation [Test]\\Reports\\20220617_181206\\z01. Test Suites\\202. TestStarPack Full Lifecycle _Change of Rights_SAS\\20220617_181211\\1655483584597.png, D:\\Projet Test Auto\\Mediabox Test Automation [Test]\\Reports\\20220617_181206\\z01. Test Suites\\202. TestStarPack Full Lifecycle _Change of Rights_SAS\\20220617_181211\\1655483619329.png, D:\\Projet Test Auto\\Mediabox Test Automation [Test]\\Reports\\20220617_181206\\z01. Test Suites\\202. TestStarPack Full Lifecycle _Change of Rights_SAS\\20220617_181211\\1655483637041.png, D:\\Projet Test Auto\\Mediabox Test Automation [Test]\\Reports\\20220617_181206\\z01. Test Suites\\202. TestStarPack Full Lifecycle _Change of Rights_SAS\\20220617_181211\\1655483690140.png, D:\\Projet Test Auto\\Mediabox Test Automation [Test]\\Reports\\20220617_181206\\z01. Test Suites\\202. TestStarPack Full Lifecycle _Change of Rights_SAS\\20220617_181211\\1655483692241.png, D:\\Projet Test Auto\\Mediabox Test Automation [Test]\\Reports\\20220617_181206\\z01. Test Suites\\202. TestStarPack Full Lifecycle _Change of Rights_SAS\\20220617_181211\\1655483710833.png, D:\\Projet Test Auto\\Mediabox Test Automation [Test]\\Reports\\20220617_181206\\z01. Test Suites\\202. TestStarPack Full Lifecycle _Change of Rights_SAS\\20220617_181211\\1655483737660.png, D:\\Projet Test Auto\\Mediabox Test Automation [Test]\\Reports\\20220617_181206\\z01. Test Suites\\202. TestStarPack Full Lifecycle _Change of Rights_SAS\\20220617_181211\\1655483759073.png, D:\\Projet Test Auto\\Mediabox Test Automation [Test]\\Reports\\20220617_181206\\z01. Test Suites\\202. TestStarPack Full Lifecycle _Change of Rights_SAS\\20220617_181211\\1655483794455.png, D:\\Projet Test Auto\\Mediabox Test Automation [Test]\\Reports\\20220617_181206\\z01. Test Suites\\202. TestStarPack Full Lifecycle _Change of Rights_SAS\\20220617_181211\\1655483812993.png, D:\\Projet Test Auto\\Mediabox Test Automation [Test]\\Reports\\20220617_181206\\z01. Test Suites\\202. TestStarPack Full Lifecycle _Change of Rights_SAS\\20220617_181211\\1655483880590.png, D:\\Projet Test Auto\\Mediabox Test Automation [Test]\\Reports\\20220617_181206\\z01. Test Suites\\202. TestStarPack Full Lifecycle _Change of Rights_SAS\\20220617_181211\\1655483950017.png, D:\\Projet Test Auto\\Mediabox Test Automation [Test]\\Reports\\20220617_181206\\z01. Test Suites\\202. TestStarPack Full Lifecycle _Change of Rights_SAS\\20220617_181211\\1655483992616.png, D:\\Projet Test Auto\\Mediabox Test Automation [Test]\\Reports\\20220617_181206\\z01. Test Suites\\202. TestStarPack Full Lifecycle _Change of Rights_SAS\\20220617_181211\\1655484016903.png, D:\\Projet Test Auto\\Mediabox Test Automation [Test]\\Reports\\20220617_181206\\z01. Test Suites\\202. TestStarPack Full Lifecycle _Change of Rights_SAS\\20220617_181211\\1655484038267.png, D:\\Projet Test Auto\\Mediabox Test Automation [Test]\\Reports\\20220617_181206\\z01. Test Suites\\202. TestStarPack Full Lifecycle _Change of Rights_SAS\\20220617_181211\\1655484073570.png, D:\\Projet Test Auto\\Mediabox Test Automation [Test]\\Reports\\20220617_181206\\z01. Test Suites\\202. TestStarPack Full Lifecycle _Change of Rights_SAS\\20220617_181211\\1655484093298.png, D:\\Projet Test Auto\\Mediabox Test Automation [Test]\\Reports\\20220617_181206\\z01. Test Suites\\202. TestStarPack Full Lifecycle _Change of Rights_SAS\\20220617_181211\\1655484162715.png, D:\\Projet Test Auto\\Mediabox Test Automation [Test]\\Reports\\20220617_181206\\z01. Test Suites\\202. TestStarPack Full Lifecycle _Change of Rights_SAS\\20220617_181211\\1655484211342.png, D:\\Projet Test Auto\\Mediabox Test Automation [Test]\\Reports\\20220617_181206\\z01. Test Suites\\202. TestStarPack Full Lifecycle _Change of Rights_SAS\\20220617_181211\\1655484233508.png, D:\\Projet Test Auto\\Mediabox Test Automation [Test]\\Reports\\20220617_181206\\z01. Test Suites\\202. TestStarPack Full Lifecycle _Change of Rights_SAS\\20220617_181211\\1655484246922.png, D:\\Projet Test Auto\\Mediabox Test Automation [Test]\\Reports\\20220617_181206\\z01. Test Suites\\202. TestStarPack Full Lifecycle _Change of Rights_SAS\\20220617_181211\\1655484270540.png, D:\\Projet Test Auto\\Mediabox Test Automation [Test]\\Reports\\20220617_181206\\z01. Test Suites\\202. TestStarPack Full Lifecycle _Change of Rights_SAS\\20220617_181211\\1655484272267.png, D:\\Projet Test Auto\\Mediabox Test Automation [Test]\\Reports\\20220617_181206\\z01. Test Suites\\202. TestStarPack Full Lifecycle _Change of Rights_SAS\\20220617_181211\\1655484276755.png, D:\\Projet Test Auto\\Mediabox Test Automation [Test]\\Reports\\20220617_181206\\z01. Test Suites\\202. TestStarPack Full Lifecycle _Change of Rights_SAS\\20220617_181211\\1655484277181.png, D:\\Projet Test Auto\\Mediabox Test Automation [Test]\\Reports\\20220617_181206\\z01. Test Suites\\202. TestStarPack Full Lifecycle _Change of Rights_SAS\\20220617_181211\\1655484278846.png, D:\\Projet Test Auto\\Mediabox Test Automation [Test]\\Reports\\20220617_181206\\z01. Test Suites\\202. TestStarPack Full Lifecycle _Change of Rights_SAS\\20220617_181211\\1655484282417.png, D:\\Projet Test Auto\\Mediabox Test Automation [Test]\\Reports\\20220617_181206\\z01. Test Suites\\202. TestStarPack Full Lifecycle _Change of Rights_SAS\\20220617_181211\\1655484291831.png, D:\\Projet Test Auto\\Mediabox Test Automation [Test]\\Reports\\20220617_181206\\z01. Test Suites\\202. TestStarPack Full Lifecycle _Change of Rights_SAS\\20220617_181211\\1655484301212.png, D:\\Projet Test Auto\\Mediabox Test Automation [Test]\\Reports\\20220617_181206\\z01. Test Suites\\202. TestStarPack Full Lifecycle _Change of Rights_SAS\\20220617_181211\\1655484307541.png, D:\\Projet Test Auto\\Mediabox Test Automation [Test]\\Reports\\20220617_181206\\z01. Test Suites\\202. TestStarPack Full Lifecycle _Change of Rights_SAS\\20220617_181211\\1655484319548.png, D:\\Projet Test Auto\\Mediabox Test Automation [Test]\\Reports\\20220617_181206\\z01. Test Suites\\202. TestStarPack Full Lifecycle _Change of Rights_SAS\\20220617_181211\\1655484325527.png, D:\\Projet Test Auto\\Mediabox Test Automation [Test]\\Reports\\20220617_181206\\z01. Test Suites\\202. TestStarPack Full Lifecycle _Change of Rights_SAS\\20220617_181211\\1655484347105.png, D:\\Projet Test Auto\\Mediabox Test Automation [Test]\\Reports\\20220617_181206\\z01. Test Suites\\202. TestStarPack Full Lifecycle _Change of Rights_SAS\\20220617_181211\\1655484370242.png, D:\\Projet Test Auto\\Mediabox Test Automation [Test]\\Reports\\20220617_181206\\z01. Test Suites\\202. TestStarPack Full Lifecycle _Change of Rights_SAS\\20220617_181211\\1655484372014.png, D:\\Projet Test Auto\\Mediabox Test Automation [Test]\\Reports\\20220617_181206\\z01. Test Suites\\202. TestStarPack Full Lifecycle _Change of Rights_SAS\\20220617_181211\\1655484385301.png, D:\\Projet Test Auto\\Mediabox Test Automation [Test]\\Reports\\20220617_181206\\z01. Test Suites\\202. TestStarPack Full Lifecycle _Change of Rights_SAS\\20220617_181211\\1655484405249.png, D:\\Projet Test Auto\\Mediabox Test Automation [Test]\\Reports\\20220617_181206\\z01. Test Suites\\202. TestStarPack Full Lifecycle _Change of Rights_SAS\\20220617_181211\\1655484413237.png, D:\\Projet Test Auto\\Mediabox Test Automation [Test]\\Reports\\20220617_181206\\z01. Test Suites\\202. TestStarPack Full Lifecycle _Change of Rights_SAS\\20220617_181211\\1655484428269.png, D:\\Projet Test Auto\\Mediabox Test Automation [Test]\\Reports\\20220617_181206\\z01. Test Suites\\202. TestStarPack Full Lifecycle _Change of Rights_SAS\\20220617_181211\\1655484432454.png, D:\\Projet Test Auto\\Mediabox Test Automation [Test]\\Reports\\20220617_181206\\z01. Test Suites\\202. TestStarPack Full Lifecycle _Change of Rights_SAS\\20220617_181211\\1655484440705.png, D:\\Projet Test Auto\\Mediabox Test Automation [Test]\\Reports\\20220617_181206\\z01. Test Suites\\202. TestStarPack Full Lifecycle _Change of Rights_SAS\\20220617_181211\\1655484453870.png, D:\\Projet Test Auto\\Mediabox Test Automation [Test]\\Reports\\20220617_181206\\z01. Test Suites\\202. TestStarPack Full Lifecycle _Change of Rights_SAS\\20220617_181211\\1655484460634.png, D:\\Projet Test Auto\\Mediabox Test Automation [Test]\\Reports\\20220617_181206\\z01. Test Suites\\202. TestStarPack Full Lifecycle _Change of Rights_SAS\\20220617_181211\\1655484466222.png, D:\\Projet Test Auto\\Mediabox Test Automation [Test]\\Reports\\20220617_181206\\z01. Test Suites\\202. TestStarPack Full Lifecycle _Change of Rights_SAS\\20220617_181211\\1655484481034.png, D:\\Projet Test Auto\\Mediabox Test Automation [Test]\\Reports\\20220617_181206\\z01. Test Suites\\202. TestStarPack Full Lifecycle _Change of Rights_SAS\\20220617_181211\\1655484500761.png, D:\\Projet Test Auto\\Mediabox Test Automation [Test]\\Reports\\20220617_181206\\z01. Test Suites\\202. TestStarPack Full Lifecycle _Change of Rights_SAS\\20220617_181211\\1655484514297.png, D:\\Projet Test Auto\\Mediabox Test Automation [Test]\\Reports\\20220617_181206\\z01. Test Suites\\202. TestStarPack Full Lifecycle _Change of Rights_SAS\\20220617_181211\\1655484547799.png, D:\\Projet Test Auto\\Mediabox Test Automation [Test]\\Reports\\20220617_181206\\z01. Test Suites\\202. TestStarPack Full Lifecycle _Change of Rights_SAS\\20220617_181211\\1655484549996.png, D:\\Projet Test Auto\\Mediabox Test Automation [Test]\\Reports\\20220617_181206\\z01. Test Suites\\202. TestStarPack Full Lifecycle _Change of Rights_SAS\\20220617_181211\\1655484571482.png, D:\\Projet Test Auto\\Mediabox Test Automation [Test]\\Reports\\20220617_181206\\z01. Test Suites\\202. TestStarPack Full Lifecycle _Change of Rights_SAS\\20220617_181211\\1655484615342.png, D:\\Projet Test Auto\\Mediabox Test Automation [Test]\\Reports\\20220617_181206\\z01. Test Suites\\202. TestStarPack Full Lifecycle _Change of Rights_SAS\\20220617_181211\\1655484688303.png, D:\\Projet Test Auto\\Mediabox Test Automation [Test]\\Reports\\20220617_181206\\z01. Test Suites\\202. TestStarPack Full Lifecycle _Change of Rights_SAS\\20220617_181211\\1655484738601.png, D:\\Projet Test Auto\\Mediabox Test Automation [Test]\\Reports\\20220617_181206\\z01. Test Suites\\202. TestStarPack Full Lifecycle _Change of Rights_SAS\\20220617_181211\\1655484804012.png, D:\\Projet Test Auto\\Mediabox Test Automation [Test]\\Reports\\20220617_181206\\z01. Test Suites\\202. TestStarPack Full Lifecycle _Change of Rights_SAS\\20220617_181211\\1655484871122.png, D:\\Projet Test Auto\\Mediabox Test Automation [Test]\\Reports\\20220617_181206\\z01. Test Suites\\202. TestStarPack Full Lifecycle _Change of Rights_SAS\\20220617_181211\\1655484915698.png, D:\\Projet Test Auto\\Mediabox Test Automation [Test]\\Reports\\20220617_181206\\z01. Test Suites\\202. TestStarPack Full Lifecycle _Change of Rights_SAS\\20220617_181211\\1655484939106.png, D:\\Projet Test Auto\\Mediabox Test Automation [Test]\\Reports\\20220617_181206\\z01. Test Suites\\202. TestStarPack Full Lifecycle _Change of Rights_SAS\\20220617_181211\\1655484960788.png, D:\\Projet Test Auto\\Mediabox Test Automation [Test]\\Reports\\20220617_181206\\z01. Test Suites\\202. TestStarPack Full Lifecycle _Change of Rights_SAS\\20220617_181211\\1655484994678.png, D:\\Projet Test Auto\\Mediabox Test Automation [Test]\\Reports\\20220617_181206\\z01. Test Suites\\202. TestStarPack Full Lifecycle _Change of Rights_SAS\\20220617_181211\\1655485014469.png, D:\\Projet Test Auto\\Mediabox Test Automation [Test]\\Reports\\20220617_181206\\z01. Test Suites\\202. TestStarPack Full Lifecycle _Change of Rights_SAS\\20220617_181211\\1655485083050.png, D:\\Projet Test Auto\\Mediabox Test Automation [Test]\\Reports\\20220617_181206\\z01. Test Suites\\202. TestStarPack Full Lifecycle _Change of Rights_SAS\\20220617_181211\\1655485131223.png, D:\\Projet Test Auto\\Mediabox Test Automation [Test]\\Reports\\20220617_181206\\z01. Test Suites\\202. TestStarPack Full Lifecycle _Change of Rights_SAS\\20220617_181211\\1655485151909.png, D:\\Projet Test Auto\\Mediabox Test Automation [Test]\\Reports\\20220617_181206\\z01. Test Suites\\202. TestStarPack Full Lifecycle _Change of Rights_SAS\\20220617_181211\\1655485174726.png, D:\\Projet Test Auto\\Mediabox Test Automation [Test]\\Reports\\20220617_181206\\z01. Test Suites\\202. TestStarPack Full Lifecycle _Change of Rights_SAS\\20220617_181211\\1655485181054.png, D:\\Projet Test Auto\\Mediabox Test Automation [Test]\\Reports\\20220617_181206\\z01. Test Suites\\202. TestStarPack Full Lifecycle _Change of Rights_SAS\\20220617_181211\\1655485188871.png, D:\\Projet Test Auto\\Mediabox Test Automation [Test]\\Reports\\20220617_181206\\z01. Test Suites\\202. TestStarPack Full Lifecycle _Change of Rights_SAS\\20220617_181211\\1655485213482.png, D:\\Projet Test Auto\\Mediabox Test Automation [Test]\\Reports\\20220617_181206\\z01. Test Suites\\202. TestStarPack Full Lifecycle _Change of Rights_SAS\\20220617_181211\\1655485237807.png, D:\\Projet Test Auto\\Mediabox Test Automation [Test]\\Reports\\20220617_181206\\z01. Test Suites\\202. TestStarPack Full Lifecycle _Change of Rights_SAS\\20220617_181211\\1655485252962.png, D:\\Projet Test Auto\\Mediabox Test Automation [Test]\\Reports\\20220617_181206\\z01. Test Suites\\202. TestStarPack Full Lifecycle _Change of Rights_SAS\\20220617_181211\\1655485302474.png, D:\\Projet Test Auto\\Mediabox Test Automation [Test]\\Reports\\20220617_181206\\z01. Test Suites\\202. TestStarPack Full Lifecycle _Change of Rights_SAS\\20220617_181211\\1655485308303.png, D:\\Projet Test Auto\\Mediabox Test Automation [Test]\\Reports\\20220617_181206\\z01. Test Suites\\202. TestStarPack Full Lifecycle _Change of Rights_SAS\\20220617_181211\\1655485332109.png, D:\\Projet Test Auto\\Mediabox Test Automation [Test]\\Reports\\20220617_181206\\z01. Test Suites\\202. TestStarPack Full Lifecycle _Change of Rights_SAS\\20220617_181211\\1655485353139.png, D:\\Projet Test Auto\\Mediabox Test Automation [Test]\\Reports\\20220617_181206\\z01. Test Suites\\202. TestStarPack Full Lifecycle _Change of Rights_SAS\\20220617_181211\\1655485387929.png, D:\\Projet Test Auto\\Mediabox Test Automation [Test]\\Reports\\20220617_181206\\z01. Test Suites\\202. TestStarPack Full Lifecycle _Change of Rights_SAS\\20220617_181211\\1655485450958.png, D:\\Projet Test Auto\\Mediabox Test Automation [Test]\\Reports\\20220617_181206\\z01. Test Suites\\202. TestStarPack Full Lifecycle _Change of Rights_SAS\\20220617_181211\\1655485455941.png, D:\\Projet Test Auto\\Mediabox Test Automation [Test]\\Reports\\20220617_181206\\z01. Test Suites\\202. TestStarPack Full Lifecycle _Change of Rights_SAS\\20220617_181211\\1655485461980.png, D:\\Projet Test Auto\\Mediabox Test Automation [Test]\\Reports\\20220617_181206\\z01. Test Suites\\202. TestStarPack Full Lifecycle _Change of Rights_SAS\\20220617_181211\\1655485476066.png, D:\\Projet Test Auto\\Mediabox Test Automation [Test]\\Reports\\20220617_181206\\z01. Test Suites\\202. TestStarPack Full Lifecycle _Change of Rights_SAS\\20220617_181211\\1655485503185.png, D:\\Projet Test Auto\\Mediabox Test Automation [Test]\\Reports\\20220617_181206\\z01. Test Suites\\202. TestStarPack Full Lifecycle _Change of Rights_SAS\\20220617_181211\\1655485515646.png, D:\\Projet Test Auto\\Mediabox Test Automation [Test]\\Reports\\20220617_181206\\z01. Test Suites\\202. TestStarPack Full Lifecycle _Change of Rights_SAS\\20220617_181211\\1655485526390.png, D:\\Projet Test Auto\\Mediabox Test Automation [Test]\\Reports\\20220617_181206\\z01. Test Suites\\202. TestStarPack Full Lifecycle _Change of Rights_SAS\\20220617_181211\\1655485530174.png, D:\\Projet Test Auto\\Mediabox Test Automation [Test]\\Reports\\20220617_181206\\z01. Test Suites\\202. TestStarPack Full Lifecycle _Change of Rights_SAS\\20220617_181211\\1655485541645.png, D:\\Projet Test Auto\\Mediabox Test Automation [Test]\\Reports\\20220617_181206\\z01. Test Suites\\202. TestStarPack Full Lifecycle _Change of Rights_SAS\\20220617_181211\\1655485550620.png, D:\\Projet Test Auto\\Mediabox Test Automation [Test]\\Reports\\20220617_181206\\z01. Test Suites\\202. TestStarPack Full Lifecycle _Change of Rights_SAS\\20220617_181211\\1655485556373.png, D:\\Projet Test Auto\\Mediabox Test Automation [Test]\\Reports\\20220617_181206\\z01. Test Suites\\202. TestStarPack Full Lifecycle _Change of Rights_SAS\\20220617_181211\\1655485557495.png, D:\\Projet Test Auto\\Mediabox Test Automation [Test]\\Reports\\20220617_181206\\z01. Test Suites\\202. TestStarPack Full Lifecycle _Change of Rights_SAS\\20220617_181211\\1655485558561.png, D:\\Projet Test Auto\\Mediabox Test Automation [Test]\\Reports\\20220617_181206\\z01. Test Suites\\202. TestStarPack Full Lifecycle _Change of Rights_SAS\\20220617_181211\\1655485559963.png, D:\\Projet Test Auto\\Mediabox Test Automation [Test]\\Reports\\20220617_181206\\z01. Test Suites\\202. TestStarPack Full Lifecycle _Change of Rights_SAS\\20220617_181211\\1655485565950.png, D:\\Projet Test Auto\\Mediabox Test Automation [Test]\\Reports\\20220617_181206\\z01. Test Suites\\202. TestStarPack Full Lifecycle _Change of Rights_SAS\\20220617_181211\\1655485568729.png, D:\\Projet Test Auto\\Mediabox Test Automation [Test]\\Reports\\20220617_181206\\z01. Test Suites\\202. TestStarPack Full Lifecycle _Change of Rights_SAS\\20220617_181211\\1655485580388.png, D:\\Projet Test Auto\\Mediabox Test Automation [Test]\\Reports\\20220617_181206\\z01. Test Suites\\202. TestStarPack Full Lifecycle _Change of Rights_SAS\\20220617_181211\\1655485583926.png, D:\\Projet Test Auto\\Mediabox Test Automation [Test]\\Reports\\20220617_181206\\z01. Test Suites\\202. TestStarPack Full Lifecycle _Change of Rights_SAS\\20220617_181211\\1655485591167.png, D:\\Projet Test Auto\\Mediabox Test Automation [Test]\\Reports\\20220617_181206\\z01. Test Suites\\202. TestStarPack Full Lifecycle _Change of Rights_SAS\\20220617_181211\\1655485592353.png, D:\\Projet Test Auto\\Mediabox Test Automation [Test]\\Reports\\20220617_181206\\z01. Test Suites\\202. TestStarPack Full Lifecycle _Change of Rights_SAS\\20220617_181211\\1655485596831.png, D:\\Projet Test Auto\\Mediabox Test Automation [Test]\\Reports\\20220617_181206\\z01. Test Suites\\202. TestStarPack Full Lifecycle _Change of Rights_SAS\\20220617_181211\\1655485597591.png, D:\\Projet Test Auto\\Mediabox Test Automation [Test]\\Reports\\20220617_181206\\z01. Test Suites\\202. TestStarPack Full Lifecycle _Change of Rights_SAS\\20220617_181211\\1655485616202.png, D:\\Projet Test Auto\\Mediabox Test Automation [Test]\\Reports\\20220617_181206\\z01. Test Suites\\202. TestStarPack Full Lifecycle _Change of Rights_SAS\\20220617_181211\\1655485636007.png, D:\\Projet Test Auto\\Mediabox Test Automation [Test]\\Reports\\20220617_181206\\z01. Test Suites\\202. TestStarPack Full Lifecycle _Change of Rights_SAS\\20220617_181211\\1655485641751.png, D:\\Projet Test Auto\\Mediabox Test Automation [Test]\\Reports\\20220617_181206\\z01. Test Suites\\202. TestStarPack Full Lifecycle _Change of Rights_SAS\\20220617_181211\\1655485644150.png, D:\\Projet Test Auto\\Mediabox Test Automation [Test]\\Reports\\20220617_181206\\z01. Test Suites\\202. TestStarPack Full Lifecycle _Change of Rights_SAS\\20220617_181211\\1655485649177.png, D:\\Projet Test Auto\\Mediabox Test Automation [Test]\\Reports\\20220617_181206\\z01. Test Suites\\202. TestStarPack Full Lifecycle _Change of Rights_SAS\\20220617_181211\\1655485651078.png, D:\\Projet Test Auto\\Mediabox Test Automation [Test]\\Reports\\20220617_181206\\z01. Test Suites\\202. TestStarPack Full Lifecycle _Change of Rights_SAS\\20220617_181211\\1655485658808.png, D:\\Projet Test Auto\\Mediabox Test Automation [Test]\\Reports\\20220617_181206\\z01. Test Suites\\202. TestStarPack Full Lifecycle _Change of Rights_SAS\\20220617_181211\\1655485673020.png, D:\\Projet Test Auto\\Mediabox Test Automation [Test]\\Reports\\20220617_181206\\z01. Test Suites\\202. TestStarPack Full Lifecycle _Change of Rights_SAS\\20220617_181211\\1655485677146.png, D:\\Projet Test Auto\\Mediabox Test Automation [Test]\\Reports\\20220617_181206\\z01. Test Suites\\202. TestStarPack Full Lifecycle _Change of Rights_SAS\\20220617_181211\\1655485717134.png, D:\\Projet Test Auto\\Mediabox Test Automation [Test]\\Reports\\20220617_181206\\z01. Test Suites\\202. TestStarPack Full Lifecycle _Change of Rights_SAS\\20220617_181211\\1655485726867.png, D:\\Projet Test Auto\\Mediabox Test Automation [Test]\\Reports\\20220617_181206\\z01. Test Suites\\202. TestStarPack Full Lifecycle _Change of Rights_SAS\\20220617_181211\\1655485745726.png, D:\\Projet Test Auto\\Mediabox Test Automation [Test]\\Reports\\20220617_181206\\z01. Test Suites\\202. TestStarPack Full Lifecycle _Change of Rights_SAS\\20220617_181211\\1655485756962.png, D:\\Projet Test Auto\\Mediabox Test Automation [Test]\\Reports\\20220617_181206\\z01. Test Suites\\202. TestStarPack Full Lifecycle _Change of Rights_SAS\\20220617_181211\\1655485757815.png, D:\\Projet Test Auto\\Mediabox Test Automation [Test]\\Reports\\20220617_181206\\z01. Test Suites\\202. TestStarPack Full Lifecycle _Change of Rights_SAS\\20220617_181211\\1655485771777.png, D:\\Projet Test Auto\\Mediabox Test Automation [Test]\\Reports\\20220617_181206\\z01. Test Suites\\202. TestStarPack Full Lifecycle _Change of Rights_SAS\\20220617_181211\\1655485773768.png, D:\\Projet Test Auto\\Mediabox Test Automation [Test]\\Reports\\20220617_181206\\z01. Test Suites\\202. TestStarPack Full Lifecycle _Change of Rights_SAS\\20220617_181211\\1655485783067.png, D:\\Projet Test Auto\\Mediabox Test Automation [Test]\\Reports\\20220617_181206\\z01. Test Suites\\202. TestStarPack Full Lifecycle _Change of Rights_SAS\\20220617_181211\\1655485787146.png, D:\\Projet Test Auto\\Mediabox Test Automation [Test]\\Reports\\20220617_181206\\z01. Test Suites\\202. TestStarPack Full Lifecycle _Change of Rights_SAS\\20220617_181211\\1655485787576.png, D:\\Projet Test Auto\\Mediabox Test Automation [Test]\\Reports\\20220617_181206\\z01. Test Suites\\202. TestStarPack Full Lifecycle _Change of Rights_SAS\\20220617_181211\\1655485812725.png, D:\\Projet Test Auto\\Mediabox Test Automation [Test]\\Reports\\20220617_181206\\z01. Test Suites\\202. TestStarPack Full Lifecycle _Change of Rights_SAS\\20220617_181211\\1655485851362.png, D:\\Projet Test Auto\\Mediabox Test Automation [Test]\\Reports\\20220617_181206\\z01. Test Suites\\202. TestStarPack Full Lifecycle _Change of Rights_SAS\\20220617_181211\\1655485852888.png, D:\\Projet Test Auto\\Mediabox Test Automation [Test]\\Reports\\20220617_181206\\z01. Test Suites\\202. TestStarPack Full Lifecycle _Change of Rights_SAS\\20220617_181211\\1655485881081.png, D:\\Projet Test Auto\\Mediabox Test Automation [Test]\\Reports\\20220617_181206\\z01. Test Suites\\202. TestStarPack Full Lifecycle _Change of Rights_SAS\\20220617_181211\\1655485891957.png, D:\\Projet Test Auto\\Mediabox Test Automation [Test]\\Reports\\20220617_181206\\z01. Test Suites\\202. TestStarPack Full Lifecycle _Change of Rights_SAS\\20220617_181211\\1655485898597.png, D:\\Projet Test Auto\\Mediabox Test Automation [Test]\\Reports\\20220617_181206\\z01. Test Suites\\202. TestStarPack Full Lifecycle _Change of Rights_SAS\\20220617_181211\\1655485912563.png, D:\\Projet Test Auto\\Mediabox Test Automation [Test]\\Reports\\20220617_181206\\z01. Test Suites\\202. TestStarPack Full Lifecycle _Change of Rights_SAS\\20220617_181211\\1655485979446.png, D:\\Projet Test Auto\\Mediabox Test Automation [Test]\\Reports\\20220617_181206\\z01. Test Suites\\202. TestStarPack Full Lifecycle _Change of Rights_SAS\\20220617_181211\\1655485985744.png, D:\\Projet Test Auto\\Mediabox Test Automation [Test]\\Reports\\20220617_181206\\z01. Test Suites\\202. TestStarPack Full Lifecycle _Change of Rights_SAS\\20220617_181211\\1655485991016.png, D:\\Projet Test Auto\\Mediabox Test Automation [Test]\\Reports\\20220617_181206\\z01. Test Suites\\202. TestStarPack Full Lifecycle _Change of Rights_SAS\\20220617_181211\\1655486006741.png, D:\\Projet Test Auto\\Mediabox Test Automation [Test]\\Reports\\20220617_181206\\z01. Test Suites\\202. TestStarPack Full Lifecycle _Change of Rights_SAS\\20220617_181211\\1655486032442.png, D:\\Projet Test Auto\\Mediabox Test Automation [Test]\\Reports\\20220617_181206\\z01. Test Suites\\202. TestStarPack Full Lifecycle _Change of Rights_SAS\\20220617_181211\\1655486044887.png, D:\\Projet Test Auto\\Mediabox Test Automation [Test]\\Reports\\20220617_181206\\z01. Test Suites\\202. TestStarPack Full Lifecycle _Change of Rights_SAS\\20220617_181211\\1655486071341.png, D:\\Projet Test Auto\\Mediabox Test Automation [Test]\\Reports\\20220617_181206\\z01. Test Suites\\202. TestStarPack Full Lifecycle _Change of Rights_SAS\\20220617_181211\\1655486096531.png, D:\\Projet Test Auto\\Mediabox Test Automation [Test]\\Reports\\20220617_181206\\z01. Test Suites\\202. TestStarPack Full Lifecycle _Change of Rights_SAS\\20220617_181211\\1655486122888.png, D:\\Projet Test Auto\\Mediabox Test Automation [Test]\\Reports\\20220617_181206\\z01. Test Suites\\202. TestStarPack Full Lifecycle _Change of Rights_SAS\\20220617_181211\\1655486167769.png, D:\\Projet Test Auto\\Mediabox Test Automation [Test]\\Reports\\20220617_181206\\z01. Test Suites\\202. TestStarPack Full Lifecycle _Change of Rights_SAS\\20220617_181211\\1655486186142.png, D:\\Projet Test Auto\\Mediabox Test Automation [Test]\\Reports\\20220617_181206\\z01. Test Suites\\202. TestStarPack Full Lifecycle _Change of Rights_SAS\\20220617_181211\\1655486209442.png, D:\\Projet Test Auto\\Mediabox Test Automation [Test]\\Reports\\20220617_181206\\z01. Test Suites\\202. TestStarPack Full Lifecycle _Change of Rights_SAS\\20220617_181211\\1655486230642.png, D:\\Projet Test Auto\\Mediabox Test Automation [Test]\\Reports\\20220617_181206\\z01. Test Suites\\202. TestStarPack Full Lifecycle _Change of Rights_SAS\\20220617_181211\\1655486272032.png"/>
         <property name="hostName" value="lamhe - DPF-MBI-VERIF.ad.sgsco.int"/>
         <property name="os" value="Windows 10 64bit"/>
         <property name="katalonVersion" value="8.3.0.208"/>
         <property name="browser" value="Chrome 102.0.5005.115"/>
         <property name="hostAddress" value="10.15.10.53"/>
         <property name="sessionId" value="edd797708b433fbe7fcd522e987e1649"/>
         <property name="seleniumVersion" value="3.141.59"/>
         <property name="proxyInformation" value="ProxyInformation { proxyOption=NO_PROXY, proxyServerType=HTTP, username=, password=********, proxyServerAddress=, proxyServerPort=0, executionList=&quot;&quot;, isApplyToDesiredCapabilities=true }"/>
         <property name="platform" value="Windows 10"/>
      </properties>
      <testcase name="Test Cases/202. TestStarPack Full Lifecycle _Change of Rights_SAS/202.01 TestStarPack Full Lifecycle CreationDaughRef 202.02 P2" time="1021.481" classname="Test Cases/202. TestStarPack Full Lifecycle _Change of Rights_SAS/202.01 TestStarPack Full Lifecycle CreationDaughRef 202.02 P2" status="PASSED">
         <system-out><![CDATA[2022-06-17 18:26:53 - [TEST_CASE][PASSED] - Test Cases/202. TestStarPack Full Lifecycle _Change of Rights_SAS/202.01 TestStarPack Full Lifecycle CreationDaughRef 202.02 P2: Test Cases/202. TestStarPack Full Lifecycle _Change of Rights_SAS/202.01 TestStarPack Full Lifecycle CreationDaughRef 202.02 P2

2022-06-17 18:26:54 - [TEST_STEP][PASSED] - data = findTestData("Data Files/Username_Password/Test_Starpack"): null

2022-06-17 18:26:54 - [TEST_STEP][PASSED] - password_suser = data.getValue(2, 1): null

2022-06-17 18:26:54 - [TEST_STEP][PASSED] - password_aherms = data.getValue(2, 2): null

2022-06-17 18:26:54 - [TEST_STEP][PASSED] - password_agluszczynska = data.getValue(2, 3): null

2022-06-17 18:26:54 - [TEST_STEP][PASSED] - password_aterreshernandez = data.getValue(2, 5): null

2022-06-17 18:26:54 - [TEST_STEP][PASSED] - password_adelamatanieves = data.getValue(2, 7): null

2022-06-17 18:26:54 - [TEST_STEP][PASSED] - data_urlTestAUTO = findTestData("Data Files/URL/URL_testauto"): null

2022-06-17 18:26:54 - [TEST_STEP][PASSED] - Url_Starpack = data_urlTestAUTO.getValue(2, 2): null

2022-06-17 18:26:54 - [TEST_STEP][PASSED] - log = new com.kms.katalon.core.logging.KeywordLogger(): null

2022-06-17 18:26:54 - [TEST_STEP][PASSED] - I.clearnotepad("D:\Upoad_File\zTest_Auto\Test_Projet_ Login\StarPack\202.01 StarPack _Project_No\202.01_StarPack_ProjectNo.txt"): null

2022-06-17 18:26:54 - [TEST_STEP][PASSED] - I.clearnotepad("D:\Upoad_File\zTest_Auto\Test_Projet_ Login\StarPack\202.01 StarPack _Project_No\202.01_StarPack_refID.txt"): null

2022-06-17 18:26:54 - [TEST_STEP][PASSED] - I.clearnotepad("D:\Upoad_File\zTest_Auto\Test_Projet_ Login\StarPack\202.01 StarPack _Project_No\202.01_StarPack_refID_PS.txt"): null

2022-06-17 18:26:54 - [TEST_STEP][PASSED] - I.clearnotepad("D:\Upoad_File\zTest_Auto\Test_Projet_ Login\StarPack\202.01 StarPack _Project_No\202.01_StarPack_refID_PTS.txt"): null

2022-06-17 18:26:54 - [TEST_STEP][PASSED] - I.clearnotepad("D:\Upoad_File\zTest_Auto\Test_Projet_ Login\StarPack\202.01 StarPack _Project_No\202.01_StarPack_refID_TD.txt"): null

2022-06-17 18:26:54 - [TEST_STEP][PASSED] - openBrowser(Url_Starpack): Browser is opened with url: 'https://mdb-v3-test.diadeis.com/MediaboxIndependence/?MBI_datasource=RELTEST_STARPACK'

2022-06-17 18:26:55 - [MESSAGE][INFO] - Starting 'Chrome (headless)' driver

2022-06-17 18:26:55 - [MESSAGE][INFO] - User set preference: ['args', '[--window-size=1920,1080, --headless]']

2022-06-17 18:26:55 - [MESSAGE][INFO] - Action delay is set to 0 milliseconds

2022-06-17 18:27:00 - [MESSAGE][PASSED] - Browser is opened with url: 'https://mdb-v3-test.diadeis.com/MediaboxIndependence/?MBI_datasource=RELTEST_STARPACK'

2022-06-17 18:27:00 - [TEST_STEP][PASSED] - maximizeWindow(): Current window maximized

2022-06-17 18:27:01 - [MESSAGE][PASSED] - Current window maximized

2022-06-17 18:27:01 - [TEST_STEP][PASSED] - I.Login_password("adelamatanieves", password_adelamatanieves): Object: 'Object Repository/1. Constant/xpath' is clicked on

2022-06-17 18:27:01 - [MESSAGE][PASSED] - Text 'adelamatanieves' is set on object 'Object Repository/1. Constant/xpath'

2022-06-17 18:27:02 - [MESSAGE][PASSED] - Delayed 1 second(s)

2022-06-17 18:27:03 - [MESSAGE][PASSED] - Text 'diadeis' is set on object 'Object Repository/1. Constant/xpath'

2022-06-17 18:27:04 - [MESSAGE][PASSED] - Delayed 1 second(s)

2022-06-17 18:27:08 - [MESSAGE][PASSED] - Object: 'Object Repository/1. Constant/xpath' is clicked on

2022-06-17 18:27:08 - [TEST_STEP][PASSED] - takeScreenshot(): Taking screenshot successfully

2022-06-17 18:27:09 - [MESSAGE][PASSED] - Taking screenshot successfully
[[ATTACHMENT|D:\\Projet Test Auto\\Mediabox Test Automation [Test]\\Reports\\20220617_181206\\z01. Test Suites\\202. TestStarPack Full Lifecycle _Change of Rights_SAS\\20220617_181211\\1655483229496.png]]

2022-06-17 18:27:09 - [TEST_STEP][PASSED] - click(findTestObject("1. Constant/02_LHSMenu_Projects")): Object: 'Object Repository/1. Constant/02_LHSMenu_Projects' is clicked on

2022-06-17 18:27:15 - [MESSAGE][PASSED] - Object: 'Object Repository/1. Constant/02_LHSMenu_Projects' is clicked on

2022-06-17 18:27:15 - [TEST_STEP][PASSED] - click(findTestObject("Object Repository/1. Constant/xpath", ["xpath":"//*[@id="kt_content"]/div[3]/div/div/div[1]/div[2]/a[1]"])): Object: 'Object Repository/1. Constant/xpath' is clicked on

2022-06-17 18:27:16 - [MESSAGE][PASSED] - Object: 'Object Repository/1. Constant/xpath' is clicked on

2022-06-17 18:27:16 - [TEST_STEP][PASSED] - takeScreenshot(): Taking screenshot successfully

2022-06-17 18:27:17 - [MESSAGE][PASSED] - Taking screenshot successfully
[[ATTACHMENT|D:\\Projet Test Auto\\Mediabox Test Automation [Test]\\Reports\\20220617_181206\\z01. Test Suites\\202. TestStarPack Full Lifecycle _Change of Rights_SAS\\20220617_181211\\1655483236758.png]]

2022-06-17 18:27:17 - [TEST_STEP][PASSED] - project_name = "TC4.01_AutoTest_Chrome_Starpack" + RandomStringUtils.randomAlphanumeric(10) + "_" + I.gettimedate(): null

2022-06-17 18:27:17 - [TEST_STEP][PASSED] - setText(findTestObject("HL Full Lifecycle/4 CreateProjPage_inputProjectname"), project_name): Text 'TC4.01_AutoTest_Chrome_Starpack26hE0tc02Z_juin172022_182717' is set on object 'Object Repository/HL Full Lifecycle/4 CreateProjPage_inputProjectname'

2022-06-17 18:27:17 - [MESSAGE][PASSED] - Text 'TC4.01_AutoTest_Chrome_Starpack26hE0tc02Z_juin172022_182717' is set on object 'Object Repository/HL Full Lifecycle/4 CreateProjPage_inputProjectname'

2022-06-17 18:27:17 - [TEST_STEP][PASSED] - click(findTestObject("HL Full Lifecycle/4 CreateProjPage_Create Project_Bluebutton")): Object: 'Object Repository/HL Full Lifecycle/4 CreateProjPage_Create Project_Bluebutton' is clicked on

2022-06-17 18:27:22 - [MESSAGE][PASSED] - Object: 'Object Repository/HL Full Lifecycle/4 CreateProjPage_Create Project_Bluebutton' is clicked on

2022-06-17 18:27:22 - [TEST_STEP][PASSED] - delay(1): Delayed 1 second(s)

2022-06-17 18:27:23 - [MESSAGE][PASSED] - Delayed 1 second(s)

2022-06-17 18:27:23 - [TEST_STEP][PASSED] - takeScreenshot(): Taking screenshot successfully

2022-06-17 18:27:23 - [MESSAGE][PASSED] - Taking screenshot successfully
[[ATTACHMENT|D:\\Projet Test Auto\\Mediabox Test Automation [Test]\\Reports\\20220617_181206\\z01. Test Suites\\202. TestStarPack Full Lifecycle _Change of Rights_SAS\\20220617_181211\\1655483243364.png]]

2022-06-17 18:27:23 - [TEST_STEP][PASSED] - I.SelectFromList_Value("//*[@id="var_98"]", "122"): Delayed 2 second(s)

2022-06-17 18:27:24 - [MESSAGE][PASSED] - All options with value '122' are selected in object 'Object Repository/1. Constant/xpath' 

2022-06-17 18:27:26 - [MESSAGE][PASSED] - Delayed 2 second(s)

2022-06-17 18:27:26 - [TEST_STEP][PASSED] - I.SelectFromList_Value("//*[@id="var_9"]", "amartin_arbol"): Delayed 2 second(s)

2022-06-17 18:27:26 - [MESSAGE][PASSED] - All options with value 'amartin_arbol' are selected in object 'Object Repository/1. Constant/xpath' 

2022-06-17 18:27:28 - [MESSAGE][PASSED] - Delayed 2 second(s)

2022-06-17 18:27:28 - [TEST_STEP][PASSED] - I.SelectFromList_Value("//*[@id="var_10"]", "aterreshernandez"): Delayed 2 second(s)

2022-06-17 18:27:29 - [MESSAGE][PASSED] - All options with value 'aterreshernandez' are selected in object 'Object Repository/1. Constant/xpath' 

2022-06-17 18:27:31 - [MESSAGE][PASSED] - Delayed 2 second(s)

2022-06-17 18:27:31 - [TEST_STEP][PASSED] - I.select_multiplelist("//*[@id="selSource_49"]", "//*[@id="btnAdd_49"]", "nalonsobermejo"): Delayed 1 second(s)

2022-06-17 18:27:32 - [MESSAGE][PASSED] - Delayed 1 second(s)

2022-06-17 18:27:32 - [MESSAGE][PASSED] - All options with value 'nalonsobermejo' are selected in object 'Object Repository/1. Constant/xpath' 

2022-06-17 18:27:34 - [MESSAGE][PASSED] - Delayed 2 second(s)

2022-06-17 18:27:34 - [MESSAGE][PASSED] - Object: 'Object Repository/1. Constant/xpath' is clicked on

2022-06-17 18:27:35 - [MESSAGE][PASSED] - Delayed 1 second(s)

2022-06-17 18:27:35 - [TEST_STEP][PASSED] - I.SelectFromList_Value("//*[@id="var_15"]", "292"): Delayed 2 second(s)

2022-06-17 18:27:35 - [MESSAGE][PASSED] - All options with value '292' are selected in object 'Object Repository/1. Constant/xpath' 

2022-06-17 18:27:37 - [MESSAGE][PASSED] - Delayed 2 second(s)

2022-06-17 18:27:37 - [TEST_STEP][PASSED] - value = getAttribute(findTestObject("Object Repository/StarPack - Full Lifecycle (AWIS)/1.6 ModifyProPage _NDP"), "value"): Attribute 'value' of object 'Object Repository/StarPack - Full Lifecycle (AWIS)/1.6 ModifyProPage _NDP' is: 'MCBRIDE, S.A.'

2022-06-17 18:27:37 - [MESSAGE][PASSED] - Attribute 'value' of object 'Object Repository/StarPack - Full Lifecycle (AWIS)/1.6 ModifyProPage _NDP' is: 'MCBRIDE, S.A.'

2022-06-17 18:27:37 - [TEST_STEP][PASSED] - delay(1): Delayed 1 second(s)

2022-06-17 18:27:39 - [MESSAGE][PASSED] - Delayed 1 second(s)

2022-06-17 18:27:39 - [TEST_STEP][PASSED] - if (value == "MCBRIDE, S.A."): null

2022-06-17 18:27:39 - [TEST_STEP][PASSED] - out.println("Value is filled with  value  MCBRIDE, S.A.- Test ok"): null

2022-06-17 18:27:39 - [TEST_STEP][PASSED] - assert true: null

2022-06-17 18:27:39 - [TEST_STEP][PASSED] - delay(1): Delayed 1 second(s)

2022-06-17 18:27:40 - [MESSAGE][PASSED] - Delayed 1 second(s)

2022-06-17 18:27:40 - [TEST_STEP][PASSED] - I.SelectFromList_Value("//*[@id="var_26"]", "94"): Delayed 2 second(s)

2022-06-17 18:27:40 - [MESSAGE][PASSED] - All options with value '94' are selected in object 'Object Repository/1. Constant/xpath' 

2022-06-17 18:27:42 - [MESSAGE][PASSED] - Delayed 2 second(s)

2022-06-17 18:27:42 - [TEST_STEP][PASSED] - I.SelectFromList_Value("//*[@id="var_12"]", "94"): Delayed 2 second(s)

2022-06-17 18:27:42 - [MESSAGE][PASSED] - All options with value '94' are selected in object 'Object Repository/1. Constant/xpath' 

2022-06-17 18:27:44 - [MESSAGE][PASSED] - Delayed 2 second(s)

2022-06-17 18:27:44 - [TEST_STEP][PASSED] - I.SelectFromList_Value("//*[@id="var_27"]", "734"): Delayed 2 second(s)

2022-06-17 18:27:45 - [MESSAGE][PASSED] - All options with value '734' are selected in object 'Object Repository/1. Constant/xpath' 

2022-06-17 18:27:47 - [MESSAGE][PASSED] - Delayed 2 second(s)

2022-06-17 18:27:47 - [TEST_STEP][PASSED] - I.SelectFromList_Value("//*[@id="var_71"]", "efood"): Delayed 2 second(s)

2022-06-17 18:27:47 - [MESSAGE][PASSED] - All options with value 'efood' are selected in object 'Object Repository/1. Constant/xpath' 

2022-06-17 18:27:49 - [MESSAGE][PASSED] - Delayed 2 second(s)

2022-06-17 18:27:49 - [TEST_STEP][PASSED] - takeScreenshot(): Taking screenshot successfully

2022-06-17 18:27:49 - [MESSAGE][PASSED] - Taking screenshot successfully
[[ATTACHMENT|D:\\Projet Test Auto\\Mediabox Test Automation [Test]\\Reports\\20220617_181206\\z01. Test Suites\\202. TestStarPack Full Lifecycle _Change of Rights_SAS\\20220617_181211\\1655483269457.png]]

2022-06-17 18:27:49 - [TEST_STEP][PASSED] - delay(10): Delayed 10 second(s)

2022-06-17 18:27:59 - [MESSAGE][PASSED] - Delayed 10 second(s)

2022-06-17 18:27:59 - [TEST_STEP][PASSED] - click(findTestObject("HL Full Lifecycle/5 ModifyProjPage_button_Update")): Object: 'Object Repository/HL Full Lifecycle/5 ModifyProjPage_button_Update' is clicked on

2022-06-17 18:28:02 - [MESSAGE][PASSED] - Object: 'Object Repository/HL Full Lifecycle/5 ModifyProjPage_button_Update' is clicked on

2022-06-17 18:28:02 - [TEST_STEP][PASSED] - waitForPageLoad(10): Wait for page load successfully

2022-06-17 18:28:03 - [MESSAGE][PASSED] - Wait for page load successfully

2022-06-17 18:28:03 - [TEST_STEP][PASSED] - delay(5): Delayed 5 second(s)

2022-06-17 18:28:08 - [MESSAGE][PASSED] - Delayed 5 second(s)

2022-06-17 18:28:08 - [TEST_STEP][PASSED] - Project_No = I.ProjectNo(): Current window's url is: 'https://mdb-v3-test.diadeis.com/MediaboxIndependence/Base/ExecAction?IDSession=MBI%21RELTEST_STARPACK%21P1HXZT05AX9T84A60EHWM28505RWDWTCPS4Y8PJD&default_action=AfficheFichesProjet&id_project=MI000936'

2022-06-17 18:28:13 - [MESSAGE][PASSED] - Delayed 5 second(s)

2022-06-17 18:28:13 - [MESSAGE][PASSED] - Current window's url is: 'https://mdb-v3-test.diadeis.com/MediaboxIndependence/Base/ExecAction?IDSession=MBI%21RELTEST_STARPACK%21P1HXZT05AX9T84A60EHWM28505RWDWTCPS4Y8PJD&default_action=AfficheFichesProjet&id_project=MI000936'

2022-06-17 18:28:13 - [TEST_STEP][PASSED] - click(findTestObject("HL Full Lifecycle/6 ReferenceListPage_createrefbutton")): Object: 'Object Repository/HL Full Lifecycle/6 ReferenceListPage_createrefbutton' is clicked on

2022-06-17 18:28:13 - [MESSAGE][PASSED] - Object: 'Object Repository/HL Full Lifecycle/6 ReferenceListPage_createrefbutton' is clicked on

2022-06-17 18:28:13 - [TEST_STEP][PASSED] - click(findTestObject("HL Full Lifecycle/6 ReferenceListPaga_Create a component_button")): Object: 'Object Repository/HL Full Lifecycle/6 ReferenceListPaga_Create a component_button' is clicked on

2022-06-17 18:28:15 - [MESSAGE][PASSED] - Object: 'Object Repository/HL Full Lifecycle/6 ReferenceListPaga_Create a component_button' is clicked on

2022-06-17 18:28:15 - [TEST_STEP][PASSED] - waitForPageLoad(10): Wait for page load successfully

2022-06-17 18:28:15 - [MESSAGE][PASSED] - Wait for page load successfully

2022-06-17 18:28:15 - [TEST_STEP][PASSED] - takeScreenshot(): Taking screenshot successfully

2022-06-17 18:28:16 - [MESSAGE][PASSED] - Taking screenshot successfully
[[ATTACHMENT|D:\\Projet Test Auto\\Mediabox Test Automation [Test]\\Reports\\20220617_181206\\z01. Test Suites\\202. TestStarPack Full Lifecycle _Change of Rights_SAS\\20220617_181211\\1655483295700.png]]

2022-06-17 18:28:16 - [TEST_STEP][PASSED] - I.SelectFromList_Value("//*[@id="ref_type"]", "6"): Delayed 2 second(s)

2022-06-17 18:28:18 - [MESSAGE][PASSED] - All options with value '6' are selected in object 'Object Repository/1. Constant/xpath' 

2022-06-17 18:28:20 - [MESSAGE][PASSED] - Delayed 2 second(s)

2022-06-17 18:28:20 - [TEST_STEP][PASSED] - click(findTestObject("HL Full Lifecycle/6 ReferencePg_Create a component_bluebutton")): Object: 'Object Repository/HL Full Lifecycle/6 ReferencePg_Create a component_bluebutton' is clicked on

2022-06-17 18:28:26 - [MESSAGE][PASSED] - Object: 'Object Repository/HL Full Lifecycle/6 ReferencePg_Create a component_bluebutton' is clicked on

2022-06-17 18:28:26 - [TEST_STEP][PASSED] - refID = I.RefID(): Current window's url is: 'https://mdb-v3-test.diadeis.com/MediaboxIndependence/Base/ExecAction?IDSession=MBI%21RELTEST_STARPACK%21P1HXZT05AX9T84A60EHWM28505RWDWTCPS4Y8PJD&default_action=ModifierRef&id_project=MI000936&id_ref=5879&action_from=create_ref'

2022-06-17 18:28:31 - [MESSAGE][PASSED] - Delayed 5 second(s)

2022-06-17 18:28:31 - [MESSAGE][PASSED] - Current window's url is: 'https://mdb-v3-test.diadeis.com/MediaboxIndependence/Base/ExecAction?IDSession=MBI%21RELTEST_STARPACK%21P1HXZT05AX9T84A60EHWM28505RWDWTCPS4Y8PJD&default_action=ModifierRef&id_project=MI000936&id_ref=5879&action_from=create_ref'

2022-06-17 18:28:31 - [TEST_STEP][PASSED] - takeScreenshot(): Taking screenshot successfully

2022-06-17 18:28:31 - [MESSAGE][PASSED] - Taking screenshot successfully
[[ATTACHMENT|D:\\Projet Test Auto\\Mediabox Test Automation [Test]\\Reports\\20220617_181206\\z01. Test Suites\\202. TestStarPack Full Lifecycle _Change of Rights_SAS\\20220617_181211\\1655483311633.png]]

2022-06-17 18:28:31 - [TEST_STEP][PASSED] - sendKeys(findTestObject("1. Constant/01_id_field_id", ["field_id":"var_28"]), "209293"): Keys '209293' sent to object: 'Object Repository/1. Constant/01_id_field_id'

2022-06-17 18:28:32 - [MESSAGE][PASSED] - Keys '209293' sent to object: 'Object Repository/1. Constant/01_id_field_id'

2022-06-17 18:28:32 - [TEST_STEP][PASSED] - sendKeys(findTestObject("1. Constant/01_id_field_id", ["field_id":"var_30"]), "test Submarca"): Keys 'test Submarca' sent to object: 'Object Repository/1. Constant/01_id_field_id'

2022-06-17 18:28:32 - [MESSAGE][PASSED] - Keys 'test Submarca' sent to object: 'Object Repository/1. Constant/01_id_field_id'

2022-06-17 18:28:32 - [TEST_STEP][PASSED] - sendKeys(findTestObject("1. Constant/01_id_field_id", ["field_id":"var_31"]), "test Submarca Vínculo con bulto: test Submarca"): Keys 'test Submarca Vínculo con bulto: test Submarca' sent to object: 'Object Repository/1. Constant/01_id_field_id'

2022-06-17 18:28:33 - [MESSAGE][PASSED] - Keys 'test Submarca Vínculo con bulto: test Submarca' sent to object: 'Object Repository/1. Constant/01_id_field_id'

2022-06-17 18:28:33 - [TEST_STEP][PASSED] - I.SelectFromList_Value("//*[@id="var_38"]", "24"): Delayed 2 second(s)

2022-06-17 18:28:33 - [MESSAGE][PASSED] - All options with value '24' are selected in object 'Object Repository/1. Constant/xpath' 

2022-06-17 18:28:35 - [MESSAGE][PASSED] - Delayed 2 second(s)

2022-06-17 18:28:35 - [TEST_STEP][PASSED] - sendKeys(findTestObject("1. Constant/01_id_field_id", ["field_id":"var_39"]), "8480017155061"): Keys '8480017155061' sent to object: 'Object Repository/1. Constant/01_id_field_id'

2022-06-17 18:28:35 - [MESSAGE][PASSED] - Keys '8480017155061' sent to object: 'Object Repository/1. Constant/01_id_field_id'

2022-06-17 18:28:35 - [TEST_STEP][PASSED] - I.select_multiplelist("//*[@id="selSource_19"]", "//*[@id="btnAdd_19"]", "22"): Delayed 1 second(s)

2022-06-17 18:28:36 - [MESSAGE][PASSED] - Delayed 1 second(s)

2022-06-17 18:28:36 - [MESSAGE][PASSED] - All options with value '22' are selected in object 'Object Repository/1. Constant/xpath' 

2022-06-17 18:28:38 - [MESSAGE][PASSED] - Delayed 2 second(s)

2022-06-17 18:28:39 - [MESSAGE][PASSED] - Object: 'Object Repository/1. Constant/xpath' is clicked on

2022-06-17 18:28:40 - [MESSAGE][PASSED] - Delayed 1 second(s)

2022-06-17 18:28:40 - [TEST_STEP][PASSED] - I.SelectFromList_Value("//*[@id="var_75"]", "26"): Delayed 2 second(s)

2022-06-17 18:28:40 - [MESSAGE][PASSED] - All options with value '26' are selected in object 'Object Repository/1. Constant/xpath' 

2022-06-17 18:28:42 - [MESSAGE][PASSED] - Delayed 2 second(s)

2022-06-17 18:28:42 - [TEST_STEP][PASSED] - click(findTestObject("HL Full Lifecycle/7 ModifyRefPage_button_Save")): Object: 'Object Repository/HL Full Lifecycle/7 ModifyRefPage_button_Save' is clicked on

2022-06-17 18:28:47 - [MESSAGE][PASSED] - Object: 'Object Repository/HL Full Lifecycle/7 ModifyRefPage_button_Save' is clicked on

2022-06-17 18:28:47 - [TEST_STEP][PASSED] - I.Logout(): Delayed 3 second(s)

2022-06-17 18:28:50 - [MESSAGE][PASSED] - Delayed 3 second(s)

2022-06-17 18:28:51 - [MESSAGE][PASSED] - Object: 'Object Repository/1. Constant/xpath' is clicked on

2022-06-17 18:28:54 - [MESSAGE][PASSED] - Delayed 3 second(s)

2022-06-17 18:28:55 - [MESSAGE][PASSED] - Object: 'Object Repository/1. Constant/xpath' is clicked on

2022-06-17 18:28:58 - [MESSAGE][PASSED] - Delayed 3 second(s)

2022-06-17 18:28:58 - [TEST_STEP][PASSED] - I.Login_password("suser", password_suser): Object: 'Object Repository/1. Constant/xpath' is clicked on

2022-06-17 18:28:59 - [MESSAGE][PASSED] - Text 'suser' is set on object 'Object Repository/1. Constant/xpath'

2022-06-17 18:29:00 - [MESSAGE][PASSED] - Delayed 1 second(s)

2022-06-17 18:29:00 - [MESSAGE][PASSED] - Text 'diadeis' is set on object 'Object Repository/1. Constant/xpath'

2022-06-17 18:29:01 - [MESSAGE][PASSED] - Delayed 1 second(s)

2022-06-17 18:29:04 - [MESSAGE][PASSED] - Object: 'Object Repository/1. Constant/xpath' is clicked on

2022-06-17 18:29:04 - [TEST_STEP][PASSED] - takeScreenshot(): Taking screenshot successfully

2022-06-17 18:29:04 - [MESSAGE][PASSED] - Taking screenshot successfully
[[ATTACHMENT|D:\\Projet Test Auto\\Mediabox Test Automation [Test]\\Reports\\20220617_181206\\z01. Test Suites\\202. TestStarPack Full Lifecycle _Change of Rights_SAS\\20220617_181211\\1655483344022.png]]

2022-06-17 18:29:04 - [TEST_STEP][PASSED] - click(findTestObject("1. Constant/02_LHSMenu_Projects")): Object: 'Object Repository/1. Constant/02_LHSMenu_Projects' is clicked on

2022-06-17 18:29:12 - [MESSAGE][PASSED] - Object: 'Object Repository/1. Constant/02_LHSMenu_Projects' is clicked on

2022-06-17 18:29:12 - [TEST_STEP][PASSED] - I.SearchProjectNo(Project_No, findTestObject("HL Full Lifecycle/9 Filter_Button_Apply")): Delayed 5 second(s)

2022-06-17 18:29:12 - [MESSAGE][PASSED] - Text 'MI000936' is set on object 'Object Repository/1. Constant/xpath'

2022-06-17 18:29:15 - [MESSAGE][PASSED] - Delayed 3 second(s)

2022-06-17 18:29:18 - [MESSAGE][PASSED] - Object: 'Object Repository/HL Full Lifecycle/9 Filter_Button_Apply' is clicked on

2022-06-17 18:29:23 - [MESSAGE][PASSED] - Delayed 5 second(s)

2022-06-17 18:29:23 - [TEST_STEP][PASSED] - I.superedit_ref(findTestObject("Object Repository/StarPack - Full Lifecycle (AWIS)/3.02 Suser super edit", ["refID":"source_" + refID]), findTestObject("Object Repository/StarPack - Full Lifecycle (AWIS)/3.03 Suser super edit (option)", ["refID":"source_" + refID])): Object: 'Object Repository/StarPack - Full Lifecycle (AWIS)/3.03 Suser super edit (option)' is clicked on

2022-06-17 18:29:24 - [MESSAGE][PASSED] - Object: 'Object Repository/StarPack - Full Lifecycle (AWIS)/3.02 Suser super edit' is clicked on

2022-06-17 18:29:27 - [MESSAGE][PASSED] - Delayed 3 second(s)

2022-06-17 18:29:29 - [MESSAGE][PASSED] - Object: 'Object Repository/StarPack - Full Lifecycle (AWIS)/3.03 Suser super edit (option)' is clicked on

2022-06-17 18:29:29 - [TEST_STEP][PASSED] - takeScreenshot(): Taking screenshot successfully

2022-06-17 18:29:30 - [MESSAGE][PASSED] - Taking screenshot successfully
[[ATTACHMENT|D:\\Projet Test Auto\\Mediabox Test Automation [Test]\\Reports\\20220617_181206\\z01. Test Suites\\202. TestStarPack Full Lifecycle _Change of Rights_SAS\\20220617_181211\\1655483370184.png]]

2022-06-17 18:29:30 - [TEST_STEP][PASSED] - I.click_button_javascript(findTestObject("Object Repository/StarPack - Full Lifecycle (AWIS)/3.04 Suser select option button(yes)", ["field_ID":"field_var_40"])): Execute JavaScript 'arguments[0].click()' successfully

2022-06-17 18:29:30 - [MESSAGE][PASSED] - Execute JavaScript 'arguments[0].click()' successfully

2022-06-17 18:29:30 - [TEST_STEP][PASSED] - I.click_button_javascript(findTestObject("Object Repository/StarPack - Full Lifecycle (AWIS)/3.04 Suser select option button(yes)", ["field_ID":"field_var_41"])): Execute JavaScript 'arguments[0].click()' successfully

2022-06-17 18:29:30 - [MESSAGE][PASSED] - Execute JavaScript 'arguments[0].click()' successfully

2022-06-17 18:29:30 - [TEST_STEP][PASSED] - I.click_button_javascript(findTestObject("Object Repository/StarPack - Full Lifecycle (AWIS)/3.04 Suser select option button(yes)", ["field_ID":"field_var_42"])): Execute JavaScript 'arguments[0].click()' successfully

2022-06-17 18:29:31 - [MESSAGE][PASSED] - Execute JavaScript 'arguments[0].click()' successfully

2022-06-17 18:29:31 - [TEST_STEP][PASSED] - I.click_button_javascript(findTestObject("Object Repository/StarPack - Full Lifecycle (AWIS)/3.04 Suser select option button(yes)", ["field_ID":"field_var_43"])): Execute JavaScript 'arguments[0].click()' successfully

2022-06-17 18:29:31 - [MESSAGE][PASSED] - Execute JavaScript 'arguments[0].click()' successfully

2022-06-17 18:29:31 - [TEST_STEP][PASSED] - I.click_button_javascript(findTestObject("Object Repository/StarPack - Full Lifecycle (AWIS)/3.04 Suser select option button(No)", ["field_ID":"field_var_44"])): Execute JavaScript 'arguments[0].click()' successfully

2022-06-17 18:29:31 - [MESSAGE][PASSED] - Execute JavaScript 'arguments[0].click()' successfully

2022-06-17 18:29:31 - [TEST_STEP][PASSED] - I.click_button_javascript(findTestObject("Object Repository/StarPack - Full Lifecycle (AWIS)/3.04 Suser select option button(No)", ["field_ID":"field_var_45"])): Execute JavaScript 'arguments[0].click()' successfully

2022-06-17 18:29:31 - [MESSAGE][PASSED] - Execute JavaScript 'arguments[0].click()' successfully

2022-06-17 18:29:31 - [TEST_STEP][PASSED] - I.click_button_javascript(findTestObject("Object Repository/StarPack - Full Lifecycle (AWIS)/3.04 Suser select option button(No)", ["field_ID":"field_var_99"])): Execute JavaScript 'arguments[0].click()' successfully

2022-06-17 18:29:31 - [MESSAGE][PASSED] - Execute JavaScript 'arguments[0].click()' successfully

2022-06-17 18:29:31 - [TEST_STEP][PASSED] - click(findTestObject("Object Repository/StarPack - Full Lifecycle (AWIS)/3.05 Suser saves for super edit ref")): Object: 'Object Repository/StarPack - Full Lifecycle (AWIS)/3.05 Suser saves for super edit ref' is clicked on

2022-06-17 18:29:38 - [MESSAGE][PASSED] - Object: 'Object Repository/StarPack - Full Lifecycle (AWIS)/3.05 Suser saves for super edit ref' is clicked on

2022-06-17 18:29:38 - [TEST_STEP][PASSED] - I.Logout(): Delayed 3 second(s)

2022-06-17 18:29:41 - [MESSAGE][PASSED] - Delayed 3 second(s)

2022-06-17 18:29:41 - [MESSAGE][PASSED] - Object: 'Object Repository/1. Constant/xpath' is clicked on

2022-06-17 18:29:44 - [MESSAGE][PASSED] - Delayed 3 second(s)

2022-06-17 18:29:46 - [MESSAGE][PASSED] - Object: 'Object Repository/1. Constant/xpath' is clicked on

2022-06-17 18:29:49 - [MESSAGE][PASSED] - Delayed 3 second(s)

2022-06-17 18:29:49 - [TEST_STEP][PASSED] - I.Login_password("adelamatanieves", password_adelamatanieves): Object: 'Object Repository/1. Constant/xpath' is clicked on

2022-06-17 18:29:49 - [MESSAGE][PASSED] - Text 'adelamatanieves' is set on object 'Object Repository/1. Constant/xpath'

2022-06-17 18:29:50 - [MESSAGE][PASSED] - Delayed 1 second(s)

2022-06-17 18:29:51 - [MESSAGE][PASSED] - Text 'diadeis' is set on object 'Object Repository/1. Constant/xpath'

2022-06-17 18:29:52 - [MESSAGE][PASSED] - Delayed 1 second(s)

2022-06-17 18:29:55 - [MESSAGE][PASSED] - Object: 'Object Repository/1. Constant/xpath' is clicked on

2022-06-17 18:29:55 - [TEST_STEP][PASSED] - takeScreenshot(): Taking screenshot successfully

2022-06-17 18:29:56 - [MESSAGE][PASSED] - Taking screenshot successfully
[[ATTACHMENT|D:\\Projet Test Auto\\Mediabox Test Automation [Test]\\Reports\\20220617_181206\\z01. Test Suites\\202. TestStarPack Full Lifecycle _Change of Rights_SAS\\20220617_181211\\1655483395808.png]]

2022-06-17 18:29:56 - [TEST_STEP][PASSED] - click(findTestObject("1. Constant/02_LHSMenu_Projects")): Object: 'Object Repository/1. Constant/02_LHSMenu_Projects' is clicked on

2022-06-17 18:29:59 - [MESSAGE][PASSED] - Object: 'Object Repository/1. Constant/02_LHSMenu_Projects' is clicked on

2022-06-17 18:29:59 - [TEST_STEP][PASSED] - I.SearchProjectNo(Project_No, findTestObject("HL Full Lifecycle/9 Filter_Button_Apply")): Delayed 5 second(s)

2022-06-17 18:30:00 - [MESSAGE][PASSED] - Text 'MI000936' is set on object 'Object Repository/1. Constant/xpath'

2022-06-17 18:30:03 - [MESSAGE][PASSED] - Delayed 3 second(s)

2022-06-17 18:30:07 - [MESSAGE][PASSED] - Object: 'Object Repository/HL Full Lifecycle/9 Filter_Button_Apply' is clicked on

2022-06-17 18:30:12 - [MESSAGE][PASSED] - Delayed 5 second(s)

2022-06-17 18:30:12 - [TEST_STEP][PASSED] - click(findTestObject("1. Constant/xpath", ["xpath":"/html/body/div[1]/div[2]/div[4]/div[3]/div/div[2]/div[2]/div[1]/table/tbody/tr[2]/td[10]/a[3]"])): Object: 'Object Repository/1. Constant/xpath' is clicked on

2022-06-17 18:30:15 - [MESSAGE][PASSED] - Object: 'Object Repository/1. Constant/xpath' is clicked on

2022-06-17 18:30:15 - [TEST_STEP][PASSED] - click(findTestObject("Object Repository/StarPack - Full Lifecycle (AWIS)/2.031 RefPg_AnnaSubmit", ["id":"1"])): Object: 'Object Repository/StarPack - Full Lifecycle (AWIS)/2.031 RefPg_AnnaSubmit' is clicked on

2022-06-17 18:30:26 - [MESSAGE][PASSED] - Object: 'Object Repository/StarPack - Full Lifecycle (AWIS)/2.031 RefPg_AnnaSubmit' is clicked on

2022-06-17 18:30:26 - [TEST_STEP][PASSED] - click(findTestObject("Object Repository/StarPack - Full Lifecycle (AWIS)/2.03 Block anna")): Object: 'Object Repository/StarPack - Full Lifecycle (AWIS)/2.03 Block anna' is clicked on

2022-06-17 18:30:29 - [MESSAGE][PASSED] - Object: 'Object Repository/StarPack - Full Lifecycle (AWIS)/2.03 Block anna' is clicked on

2022-06-17 18:30:29 - [TEST_STEP][PASSED] - I.click_button_javascript(findTestObject("Object Repository/StarPack - Full Lifecycle (AWIS)/2.04 Field yes_No (Auto Daughter ref)", ["id":"1"])): Execute JavaScript 'arguments[0].click()' successfully

2022-06-17 18:30:30 - [MESSAGE][PASSED] - Execute JavaScript 'arguments[0].click()' successfully

2022-06-17 18:30:30 - [TEST_STEP][PASSED] - I.click_button_javascript(findTestObject("Object Repository/StarPack - Full Lifecycle (AWIS)/2.04 Field yes_No (Auto Daughter ref)", ["id":"2"])): Execute JavaScript 'arguments[0].click()' successfully

2022-06-17 18:30:30 - [MESSAGE][PASSED] - Execute JavaScript 'arguments[0].click()' successfully

2022-06-17 18:30:30 - [TEST_STEP][PASSED] - I.click_button_javascript(findTestObject("Object Repository/StarPack - Full Lifecycle (AWIS)/2.04 Field yes_No (Auto Daughter ref)", ["id":"3"])): Execute JavaScript 'arguments[0].click()' successfully

2022-06-17 18:30:31 - [MESSAGE][PASSED] - Execute JavaScript 'arguments[0].click()' successfully

2022-06-17 18:30:31 - [TEST_STEP][PASSED] - I.Pagedown(): Execute JavaScript 'window.scrollTo(0, document.body.scrollHeight)' successfully

2022-06-17 18:30:31 - [MESSAGE][PASSED] - Execute JavaScript 'window.scrollTo(0, document.body.scrollHeight)' successfully

2022-06-17 18:30:31 - [TEST_STEP][PASSED] - click(findTestObject("Object Repository/StarPack - Full Lifecycle (AWIS)/2.05 RefPg_submit")): Object: 'Object Repository/StarPack - Full Lifecycle (AWIS)/2.05 RefPg_submit' is clicked on

2022-06-17 18:30:45 - [MESSAGE][PASSED] - Object: 'Object Repository/StarPack - Full Lifecycle (AWIS)/2.05 RefPg_submit' is clicked on

2022-06-17 18:30:45 - [TEST_STEP][PASSED] - delay(2): Delayed 2 second(s)

2022-06-17 18:30:47 - [MESSAGE][PASSED] - Delayed 2 second(s)

2022-06-17 18:30:47 - [TEST_STEP][PASSED] - takeScreenshot(): Taking screenshot successfully

2022-06-17 18:30:48 - [MESSAGE][PASSED] - Taking screenshot successfully
[[ATTACHMENT|D:\\Projet Test Auto\\Mediabox Test Automation [Test]\\Reports\\20220617_181206\\z01. Test Suites\\202. TestStarPack Full Lifecycle _Change of Rights_SAS\\20220617_181211\\1655483448164.png]]

2022-06-17 18:30:48 - [TEST_STEP][PASSED] - I.Logout(): Delayed 3 second(s)

2022-06-17 18:30:51 - [MESSAGE][PASSED] - Delayed 3 second(s)

2022-06-17 18:30:52 - [MESSAGE][PASSED] - Object: 'Object Repository/1. Constant/xpath' is clicked on

2022-06-17 18:30:55 - [MESSAGE][PASSED] - Delayed 3 second(s)

2022-06-17 18:30:57 - [MESSAGE][PASSED] - Object: 'Object Repository/1. Constant/xpath' is clicked on

2022-06-17 18:31:00 - [MESSAGE][PASSED] - Delayed 3 second(s)

2022-06-17 18:31:00 - [TEST_STEP][PASSED] - refID_PTS = Integer.parseInt(refID) + 1: null

2022-06-17 18:31:00 - [TEST_STEP][PASSED] - refID_PS = Integer.parseInt(refID) + 2: null

2022-06-17 18:31:00 - [TEST_STEP][PASSED] - refID_TD = Integer.parseInt(refID) + 3: null

2022-06-17 18:31:00 - [TEST_STEP][PASSED] - I.writenotepad("D:\Upoad_File\zTest_Auto\Test_Projet_ Login\StarPack\202.01 StarPack _Project_No\202.01_StarPack_ProjectNo.txt", Project_No): null

2022-06-17 18:31:00 - [TEST_STEP][PASSED] - I.writenotepad("D:\Upoad_File\zTest_Auto\Test_Projet_ Login\StarPack\202.01 StarPack _Project_No\202.01_StarPack_refID.txt", refID): null

2022-06-17 18:31:00 - [TEST_STEP][PASSED] - I.writenotepad("D:\Upoad_File\zTest_Auto\Test_Projet_ Login\StarPack\202.01 StarPack _Project_No\202.01_StarPack_refID_PS.txt", refID_PS): null

2022-06-17 18:31:00 - [TEST_STEP][PASSED] - I.writenotepad("D:\Upoad_File\zTest_Auto\Test_Projet_ Login\StarPack\202.01 StarPack _Project_No\202.01_StarPack_refID_PTS.txt", refID_PTS): null

2022-06-17 18:31:00 - [TEST_STEP][PASSED] - I.writenotepad("D:\Upoad_File\zTest_Auto\Test_Projet_ Login\StarPack\202.01 StarPack _Project_No\202.01_StarPack_refID_TD.txt", refID_TD): null

2022-06-17 18:31:00 - [TEST_STEP][PASSED] - I.Login_password("suser", password_suser): Object: 'Object Repository/1. Constant/xpath' is clicked on

2022-06-17 18:31:01 - [MESSAGE][PASSED] - Text 'suser' is set on object 'Object Repository/1. Constant/xpath'

2022-06-17 18:31:02 - [MESSAGE][PASSED] - Delayed 1 second(s)

2022-06-17 18:31:02 - [MESSAGE][PASSED] - Text 'diadeis' is set on object 'Object Repository/1. Constant/xpath'

2022-06-17 18:31:03 - [MESSAGE][PASSED] - Delayed 1 second(s)

2022-06-17 18:31:07 - [MESSAGE][PASSED] - Object: 'Object Repository/1. Constant/xpath' is clicked on

2022-06-17 18:31:07 - [TEST_STEP][PASSED] - takeScreenshot(): Taking screenshot successfully

2022-06-17 18:31:07 - [MESSAGE][PASSED] - Taking screenshot successfully
[[ATTACHMENT|D:\\Projet Test Auto\\Mediabox Test Automation [Test]\\Reports\\20220617_181206\\z01. Test Suites\\202. TestStarPack Full Lifecycle _Change of Rights_SAS\\20220617_181211\\1655483467207.png]]

2022-06-17 18:31:07 - [TEST_STEP][PASSED] - click(findTestObject("1. Constant/02_LHSMenu_Projects")): Object: 'Object Repository/1. Constant/02_LHSMenu_Projects' is clicked on

2022-06-17 18:31:15 - [MESSAGE][PASSED] - Object: 'Object Repository/1. Constant/02_LHSMenu_Projects' is clicked on

2022-06-17 18:31:15 - [TEST_STEP][PASSED] - I.SearchProjectNo(Project_No, findTestObject("HL Full Lifecycle/9 Filter_Button_Apply")): Delayed 5 second(s)

2022-06-17 18:31:16 - [MESSAGE][PASSED] - Text 'MI000936' is set on object 'Object Repository/1. Constant/xpath'

2022-06-17 18:31:19 - [MESSAGE][PASSED] - Delayed 3 second(s)

2022-06-17 18:31:23 - [MESSAGE][PASSED] - Object: 'Object Repository/HL Full Lifecycle/9 Filter_Button_Apply' is clicked on

2022-06-17 18:31:28 - [MESSAGE][PASSED] - Delayed 5 second(s)

2022-06-17 18:31:28 - [TEST_STEP][PASSED] - takeScreenshot(): Taking screenshot successfully

2022-06-17 18:31:28 - [MESSAGE][PASSED] - Taking screenshot successfully
[[ATTACHMENT|D:\\Projet Test Auto\\Mediabox Test Automation [Test]\\Reports\\20220617_181206\\z01. Test Suites\\202. TestStarPack Full Lifecycle _Change of Rights_SAS\\20220617_181211\\1655483488448.png]]

2022-06-17 18:31:28 - [TEST_STEP][PASSED] - I.verifyDaughterrefCreated(findTestObject("Object Repository/StarPack - Full Lifecycle (AWIS)/3.01 Suser Ref Daughter verification", ["refID_PTS":"source_" + refID_PTS]), "PTS", log): Text of object 'Object Repository/StarPack - Full Lifecycle (AWIS)/3.01 Suser Ref Daughter verification' is: 'PTS'

2022-06-17 18:31:29 - [MESSAGE][PASSED] - Text of object 'Object Repository/StarPack - Full Lifecycle (AWIS)/3.01 Suser Ref Daughter verification' is: 'PTS'

2022-06-17 18:31:29 - [TEST_STEP][PASSED] - I.verifyDaughterrefCreated(findTestObject("Object Repository/StarPack - Full Lifecycle (AWIS)/3.01 Suser Ref Daughter verification", ["refID_PTS":"source_" + refID_PS]), "Product Sample", log): Text of object 'Object Repository/StarPack - Full Lifecycle (AWIS)/3.01 Suser Ref Daughter verification' is: 'Product Sample'

2022-06-17 18:31:29 - [MESSAGE][PASSED] - Text of object 'Object Repository/StarPack - Full Lifecycle (AWIS)/3.01 Suser Ref Daughter verification' is: 'Product Sample'

2022-06-17 18:31:29 - [TEST_STEP][PASSED] - I.verifyDaughterrefCreated(findTestObject("Object Repository/StarPack - Full Lifecycle (AWIS)/3.01 Suser Ref Daughter verification", ["refID_PTS":"source_" + refID_TD]), "Technical Drawing", log): Text of object 'Object Repository/StarPack - Full Lifecycle (AWIS)/3.01 Suser Ref Daughter verification' is: 'Technical Drawing'

2022-06-17 18:31:30 - [MESSAGE][PASSED] - Text of object 'Object Repository/StarPack - Full Lifecycle (AWIS)/3.01 Suser Ref Daughter verification' is: 'Technical Drawing'

2022-06-17 18:31:30 - [TEST_STEP][PASSED] - I.Logout(): Delayed 3 second(s)

2022-06-17 18:31:33 - [MESSAGE][PASSED] - Delayed 3 second(s)

2022-06-17 18:31:33 - [MESSAGE][PASSED] - Object: 'Object Repository/1. Constant/xpath' is clicked on

2022-06-17 18:31:36 - [MESSAGE][PASSED] - Delayed 3 second(s)

2022-06-17 18:31:38 - [MESSAGE][PASSED] - Object: 'Object Repository/1. Constant/xpath' is clicked on

2022-06-17 18:31:41 - [MESSAGE][PASSED] - Delayed 3 second(s)

2022-06-17 18:31:41 - [TEST_STEP][PASSED] - I.Login_password("aherms", password_aherms): Object: 'Object Repository/1. Constant/xpath' is clicked on

2022-06-17 18:31:41 - [MESSAGE][PASSED] - Text 'aherms' is set on object 'Object Repository/1. Constant/xpath'

2022-06-17 18:31:42 - [MESSAGE][PASSED] - Delayed 1 second(s)

2022-06-17 18:31:43 - [MESSAGE][PASSED] - Text 'diadeis' is set on object 'Object Repository/1. Constant/xpath'

2022-06-17 18:31:44 - [MESSAGE][PASSED] - Delayed 1 second(s)

2022-06-17 18:31:47 - [MESSAGE][PASSED] - Object: 'Object Repository/1. Constant/xpath' is clicked on

2022-06-17 18:31:47 - [TEST_STEP][PASSED] - takeScreenshot(): Taking screenshot successfully

2022-06-17 18:31:47 - [MESSAGE][PASSED] - Taking screenshot successfully
[[ATTACHMENT|D:\\Projet Test Auto\\Mediabox Test Automation [Test]\\Reports\\20220617_181206\\z01. Test Suites\\202. TestStarPack Full Lifecycle _Change of Rights_SAS\\20220617_181211\\1655483507191.png]]

2022-06-17 18:31:47 - [TEST_STEP][PASSED] - click(findTestObject("1. Constant/02_LHSMenu_Projects")): Object: 'Object Repository/1. Constant/02_LHSMenu_Projects' is clicked on

2022-06-17 18:31:55 - [MESSAGE][PASSED] - Object: 'Object Repository/1. Constant/02_LHSMenu_Projects' is clicked on

2022-06-17 18:31:55 - [TEST_STEP][PASSED] - I.SearchProjectNo(Project_No, findTestObject("HL Full Lifecycle/9 Filter_Button_Apply")): Delayed 5 second(s)

2022-06-17 18:31:56 - [MESSAGE][PASSED] - Text 'MI000936' is set on object 'Object Repository/1. Constant/xpath'

2022-06-17 18:31:59 - [MESSAGE][PASSED] - Delayed 3 second(s)

2022-06-17 18:32:01 - [MESSAGE][PASSED] - Object: 'Object Repository/HL Full Lifecycle/9 Filter_Button_Apply' is clicked on

2022-06-17 18:32:06 - [MESSAGE][PASSED] - Delayed 5 second(s)

2022-06-17 18:32:06 - [TEST_STEP][PASSED] - click(findTestObject("Object Repository/StarPack - Full Lifecycle (AWIS)/4.01 Supplier proceed to next phase(PTS)", ["field_id":"ancre_" + refID_TD])): Object: 'Object Repository/StarPack - Full Lifecycle (AWIS)/4.01 Supplier proceed to next phase(PTS)' is clicked on

2022-06-17 18:32:09 - [MESSAGE][PASSED] - Object: 'Object Repository/StarPack - Full Lifecycle (AWIS)/4.01 Supplier proceed to next phase(PTS)' is clicked on

2022-06-17 18:32:09 - [TEST_STEP][PASSED] - takeScreenshot(): Taking screenshot successfully

2022-06-17 18:32:10 - [MESSAGE][PASSED] - Taking screenshot successfully
[[ATTACHMENT|D:\\Projet Test Auto\\Mediabox Test Automation [Test]\\Reports\\20220617_181206\\z01. Test Suites\\202. TestStarPack Full Lifecycle _Change of Rights_SAS\\20220617_181211\\1655483529975.png]]

2022-06-17 18:32:10 - [TEST_STEP][PASSED] - I.UploadDoc_sendkey_field("//*[@id="var_77"]", "D:\Upoad_File\Upload doc\testdata1.pdf", "testdata1"): Text 'testdata1' is present on page 

2022-06-17 18:32:12 - [MESSAGE][PASSED] - Delayed 2 second(s)

2022-06-17 18:32:12 - [MESSAGE][PASSED] - Keys 'D:\Upoad_File\Upload doc\testdata1.pdf' sent to object: 'Object Repository/1. Constant/xpath'

2022-06-17 18:32:12 - [MESSAGE][PASSED] - Text 'testdata1' is present on page 

2022-06-17 18:32:12 - [TEST_STEP][PASSED] - setText(findTestObject("1. Constant/01_id_field_id", ["field_id":"var_46"]), "Datos de contacto del proveedor - Text Field"): Text 'Datos de contacto del proveedor - Text Field' is set on object 'Object Repository/1. Constant/01_id_field_id'

2022-06-17 18:32:13 - [MESSAGE][PASSED] - Text 'Datos de contacto del proveedor - Text Field' is set on object 'Object Repository/1. Constant/01_id_field_id'

2022-06-17 18:32:13 - [TEST_STEP][PASSED] - I.Pagedown(): Execute JavaScript 'window.scrollTo(0, document.body.scrollHeight)' successfully

2022-06-17 18:32:13 - [MESSAGE][PASSED] - Execute JavaScript 'window.scrollTo(0, document.body.scrollHeight)' successfully

2022-06-17 18:32:13 - [TEST_STEP][PASSED] - click(findTestObject("1. Constant/xpath", ["xpath":"//*[@id="ModifFiche"]/div[3]/div/button[2]"])): Object: 'Object Repository/1. Constant/xpath' is clicked on

2022-06-17 18:32:20 - [MESSAGE][PASSED] - Object: 'Object Repository/1. Constant/xpath' is clicked on

2022-06-17 18:32:20 - [TEST_STEP][PASSED] - takeScreenshot(): Taking screenshot successfully

2022-06-17 18:32:20 - [MESSAGE][PASSED] - Taking screenshot successfully
[[ATTACHMENT|D:\\Projet Test Auto\\Mediabox Test Automation [Test]\\Reports\\20220617_181206\\z01. Test Suites\\202. TestStarPack Full Lifecycle _Change of Rights_SAS\\20220617_181211\\1655483540474.png]]

2022-06-17 18:32:20 - [TEST_STEP][PASSED] - click(findTestObject("Object Repository/StarPack - Full Lifecycle (AWIS)/4.012 Supploer proceed to next phase (PS)", ["refID":"source_" + refID_PS])): Object: 'Object Repository/StarPack - Full Lifecycle (AWIS)/4.012 Supploer proceed to next phase (PS)' is clicked on

2022-06-17 18:32:23 - [MESSAGE][PASSED] - Object: 'Object Repository/StarPack - Full Lifecycle (AWIS)/4.012 Supploer proceed to next phase (PS)' is clicked on

2022-06-17 18:32:23 - [TEST_STEP][PASSED] - takeScreenshot(): Taking screenshot successfully

2022-06-17 18:32:23 - [MESSAGE][PASSED] - Taking screenshot successfully
[[ATTACHMENT|D:\\Projet Test Auto\\Mediabox Test Automation [Test]\\Reports\\20220617_181206\\z01. Test Suites\\202. TestStarPack Full Lifecycle _Change of Rights_SAS\\20220617_181211\\1655483543105.png]]

2022-06-17 18:32:23 - [TEST_STEP][PASSED] - setText(findTestObject("1. Constant/01_id_field_id", ["field_id":"var_24"]), "Número de seguimiento del envío de la muestra de producto- Text Field"): Text 'Número de seguimiento del envío de la muestra de producto- Text Field' is set on object 'Object Repository/1. Constant/01_id_field_id'

2022-06-17 18:32:23 - [MESSAGE][PASSED] - Text 'Número de seguimiento del envío de la muestra de producto- Text Field' is set on object 'Object Repository/1. Constant/01_id_field_id'

2022-06-17 18:32:23 - [TEST_STEP][PASSED] - click(findTestObject("1. Constant/xpath", ["xpath":"//*[@id="ModifFiche"]/div[3]/div/button[2]"])): Object: 'Object Repository/1. Constant/xpath' is clicked on

2022-06-17 18:32:30 - [MESSAGE][PASSED] - Object: 'Object Repository/1. Constant/xpath' is clicked on

2022-06-17 18:32:30 - [TEST_STEP][PASSED] - takeScreenshot(): Taking screenshot successfully

2022-06-17 18:32:31 - [MESSAGE][PASSED] - Taking screenshot successfully
[[ATTACHMENT|D:\\Projet Test Auto\\Mediabox Test Automation [Test]\\Reports\\20220617_181206\\z01. Test Suites\\202. TestStarPack Full Lifecycle _Change of Rights_SAS\\20220617_181211\\1655483551038.png]]

2022-06-17 18:32:31 - [TEST_STEP][PASSED] - delay(1): Delayed 1 second(s)

2022-06-17 18:32:32 - [MESSAGE][PASSED] - Delayed 1 second(s)

2022-06-17 18:32:32 - [TEST_STEP][PASSED] - click(findTestObject("1. Constant/xpath", ["xpath":"/html/body/div[1]/div[2]/div[4]/div[3]/div/div[2]/div[2]/div[1]/table/tbody/tr[1]/td[4]/a[2]"])): Object: 'Object Repository/1. Constant/xpath' is clicked on

2022-06-17 18:32:32 - [MESSAGE][PASSED] - Object: 'Object Repository/1. Constant/xpath' is clicked on

2022-06-17 18:32:32 - [TEST_STEP][PASSED] - delay(1): Delayed 1 second(s)

2022-06-17 18:32:33 - [MESSAGE][PASSED] - Delayed 1 second(s)

2022-06-17 18:32:33 - [TEST_STEP][PASSED] - verifyElementNotVisible(findTestObject("1. Constant/xpath", ["xpath":"/html/body/div[1]/div[2]/div[4]/div[3]/div/div[2]/div[2]/div[1]/table/tbody/tr[2]/td[4]/a"]), STOP_ON_FAILURE): Object 'Object Repository/1. Constant/xpath' is NOT visible

2022-06-17 18:32:33 - [MESSAGE][PASSED] - Object 'Object Repository/1. Constant/xpath' is NOT visible

2022-06-17 18:32:33 - [TEST_STEP][PASSED] - verifyElementNotVisible(findTestObject("1. Constant/xpath", ["xpath":"/html/body/div[1]/div[2]/div[4]/div[3]/div/div[2]/div[2]/div[1]/table/tbody/tr[3]/td[4]/a"]), STOP_ON_FAILURE): Object 'Object Repository/1. Constant/xpath' is NOT visible

2022-06-17 18:32:33 - [MESSAGE][PASSED] - Object 'Object Repository/1. Constant/xpath' is NOT visible

2022-06-17 18:32:33 - [TEST_STEP][PASSED] - verifyElementNotVisible(findTestObject("1. Constant/xpath", ["xpath":"/html/body/div[1]/div[2]/div[4]/div[3]/div/div[2]/div[2]/div[1]/table/tbody/tr[4]/td[4]/a"]), STOP_ON_FAILURE): Object 'Object Repository/1. Constant/xpath' is NOT visible

2022-06-17 18:32:34 - [MESSAGE][PASSED] - Object 'Object Repository/1. Constant/xpath' is NOT visible

2022-06-17 18:32:34 - [TEST_STEP][PASSED] - takeScreenshot(): Taking screenshot successfully

2022-06-17 18:32:34 - [MESSAGE][PASSED] - Taking screenshot successfully
[[ATTACHMENT|D:\\Projet Test Auto\\Mediabox Test Automation [Test]\\Reports\\20220617_181206\\z01. Test Suites\\202. TestStarPack Full Lifecycle _Change of Rights_SAS\\20220617_181211\\1655483554073.png]]

2022-06-17 18:32:34 - [TEST_STEP][PASSED] - click(findTestObject("1. Constant/xpath", ["xpath":"/html/body/div[1]/div[2]/div[4]/div[3]/div/div[2]/div[2]/div[1]/table/tbody/tr[1]/td[4]/a[2]"])): Object: 'Object Repository/1. Constant/xpath' is clicked on

2022-06-17 18:32:34 - [MESSAGE][PASSED] - Object: 'Object Repository/1. Constant/xpath' is clicked on

2022-06-17 18:32:34 - [TEST_STEP][PASSED] - delay(1): Delayed 1 second(s)

2022-06-17 18:32:35 - [MESSAGE][PASSED] - Delayed 1 second(s)

2022-06-17 18:32:35 - [TEST_STEP][PASSED] - verifyElementVisible(findTestObject("1. Constant/xpath", ["xpath":"/html/body/div[1]/div[2]/div[4]/div[3]/div/div[2]/div[2]/div[1]/table/tbody/tr[2]/td[4]/a"]), STOP_ON_FAILURE): Object 'Object Repository/1. Constant/xpath' is visible

2022-06-17 18:32:35 - [MESSAGE][PASSED] - Object 'Object Repository/1. Constant/xpath' is visible

2022-06-17 18:32:35 - [TEST_STEP][PASSED] - verifyElementVisible(findTestObject("1. Constant/xpath", ["xpath":"/html/body/div[1]/div[2]/div[4]/div[3]/div/div[2]/div[2]/div[1]/table/tbody/tr[3]/td[4]/a"]), STOP_ON_FAILURE): Object 'Object Repository/1. Constant/xpath' is visible

2022-06-17 18:32:35 - [MESSAGE][PASSED] - Object 'Object Repository/1. Constant/xpath' is visible

2022-06-17 18:32:35 - [TEST_STEP][PASSED] - verifyElementVisible(findTestObject("1. Constant/xpath", ["xpath":"/html/body/div[1]/div[2]/div[4]/div[3]/div/div[2]/div[2]/div[1]/table/tbody/tr[4]/td[4]/a"]), STOP_ON_FAILURE): Object 'Object Repository/1. Constant/xpath' is visible

2022-06-17 18:32:35 - [MESSAGE][PASSED] - Object 'Object Repository/1. Constant/xpath' is visible

2022-06-17 18:32:35 - [TEST_STEP][PASSED] - takeScreenshot(): Taking screenshot successfully

2022-06-17 18:32:36 - [MESSAGE][PASSED] - Taking screenshot successfully
[[ATTACHMENT|D:\\Projet Test Auto\\Mediabox Test Automation [Test]\\Reports\\20220617_181206\\z01. Test Suites\\202. TestStarPack Full Lifecycle _Change of Rights_SAS\\20220617_181211\\1655483555992.png]]

2022-06-17 18:32:36 - [TEST_STEP][PASSED] - delay(1): Delayed 1 second(s)

2022-06-17 18:32:37 - [MESSAGE][PASSED] - Delayed 1 second(s)

2022-06-17 18:32:37 - [TEST_STEP][PASSED] - click(findTestObject("1. Constant/xpath", ["xpath":"//*[@id="all_a"]"])): Object: 'Object Repository/1. Constant/xpath' is clicked on

2022-06-17 18:32:37 - [MESSAGE][PASSED] - Object: 'Object Repository/1. Constant/xpath' is clicked on

2022-06-17 18:32:37 - [TEST_STEP][PASSED] - delay(1): Delayed 1 second(s)

2022-06-17 18:32:38 - [MESSAGE][PASSED] - Delayed 1 second(s)

2022-06-17 18:32:38 - [TEST_STEP][PASSED] - verifyElementVisible(findTestObject("1. Constant/xpath", ["xpath":"/html/body/div[1]/div[2]/div[4]/div[3]/div/div[2]/div[2]/div[1]/table/tbody/tr[1]/td[4]/a[1]"]), STOP_ON_FAILURE): Object 'Object Repository/1. Constant/xpath' is visible

2022-06-17 18:32:38 - [MESSAGE][PASSED] - Object 'Object Repository/1. Constant/xpath' is visible

2022-06-17 18:32:38 - [TEST_STEP][PASSED] - verifyElementNotVisible(findTestObject("1. Constant/xpath", ["xpath":"/html/body/div[1]/div[2]/div[4]/div[3]/div/div[2]/div[2]/div[1]/table/tbody/tr[2]/td[4]/a"]), STOP_ON_FAILURE): Object 'Object Repository/1. Constant/xpath' is NOT visible

2022-06-17 18:32:39 - [MESSAGE][PASSED] - Object 'Object Repository/1. Constant/xpath' is NOT visible

2022-06-17 18:32:39 - [TEST_STEP][PASSED] - verifyElementNotVisible(findTestObject("1. Constant/xpath", ["xpath":"/html/body/div[1]/div[2]/div[4]/div[3]/div/div[2]/div[2]/div[1]/table/tbody/tr[3]/td[4]/a"]), STOP_ON_FAILURE): Object 'Object Repository/1. Constant/xpath' is NOT visible

2022-06-17 18:32:39 - [MESSAGE][PASSED] - Object 'Object Repository/1. Constant/xpath' is NOT visible

2022-06-17 18:32:39 - [TEST_STEP][PASSED] - verifyElementNotVisible(findTestObject("1. Constant/xpath", ["xpath":"/html/body/div[1]/div[2]/div[4]/div[3]/div/div[2]/div[2]/div[1]/table/tbody/tr[4]/td[4]/a"]), STOP_ON_FAILURE): Object 'Object Repository/1. Constant/xpath' is NOT visible

2022-06-17 18:32:39 - [MESSAGE][PASSED] - Object 'Object Repository/1. Constant/xpath' is NOT visible

2022-06-17 18:32:39 - [TEST_STEP][PASSED] - takeScreenshot(): Taking screenshot successfully

2022-06-17 18:32:39 - [MESSAGE][PASSED] - Taking screenshot successfully
[[ATTACHMENT|D:\\Projet Test Auto\\Mediabox Test Automation [Test]\\Reports\\20220617_181206\\z01. Test Suites\\202. TestStarPack Full Lifecycle _Change of Rights_SAS\\20220617_181211\\1655483559338.png]]

2022-06-17 18:32:39 - [TEST_STEP][PASSED] - click(findTestObject("1. Constant/xpath", ["xpath":"//*[@id="all_a"]"])): Object: 'Object Repository/1. Constant/xpath' is clicked on

2022-06-17 18:32:39 - [MESSAGE][PASSED] - Object: 'Object Repository/1. Constant/xpath' is clicked on

2022-06-17 18:32:39 - [TEST_STEP][PASSED] - delay(1): Delayed 1 second(s)

2022-06-17 18:32:40 - [MESSAGE][PASSED] - Delayed 1 second(s)

2022-06-17 18:32:40 - [TEST_STEP][PASSED] - verifyElementVisible(findTestObject("1. Constant/xpath", ["xpath":"/html/body/div[1]/div[2]/div[4]/div[3]/div/div[2]/div[2]/div[1]/table/tbody/tr[1]/td[4]/a[1]"]), STOP_ON_FAILURE): Object 'Object Repository/1. Constant/xpath' is visible

2022-06-17 18:32:41 - [MESSAGE][PASSED] - Object 'Object Repository/1. Constant/xpath' is visible

2022-06-17 18:32:41 - [TEST_STEP][PASSED] - verifyElementVisible(findTestObject("1. Constant/xpath", ["xpath":"/html/body/div[1]/div[2]/div[4]/div[3]/div/div[2]/div[2]/div[1]/table/tbody/tr[2]/td[4]/a"]), STOP_ON_FAILURE): Object 'Object Repository/1. Constant/xpath' is visible

2022-06-17 18:32:41 - [MESSAGE][PASSED] - Object 'Object Repository/1. Constant/xpath' is visible

2022-06-17 18:32:41 - [TEST_STEP][PASSED] - verifyElementVisible(findTestObject("1. Constant/xpath", ["xpath":"/html/body/div[1]/div[2]/div[4]/div[3]/div/div[2]/div[2]/div[1]/table/tbody/tr[3]/td[4]/a"]), STOP_ON_FAILURE): Object 'Object Repository/1. Constant/xpath' is visible

2022-06-17 18:32:41 - [MESSAGE][PASSED] - Object 'Object Repository/1. Constant/xpath' is visible

2022-06-17 18:32:41 - [TEST_STEP][PASSED] - verifyElementVisible(findTestObject("1. Constant/xpath", ["xpath":"/html/body/div[1]/div[2]/div[4]/div[3]/div/div[2]/div[2]/div[1]/table/tbody/tr[4]/td[4]/a"]), STOP_ON_FAILURE): Object 'Object Repository/1. Constant/xpath' is visible

2022-06-17 18:32:41 - [MESSAGE][PASSED] - Object 'Object Repository/1. Constant/xpath' is visible

2022-06-17 18:32:41 - [TEST_STEP][PASSED] - color1 = getCSSValue(findTestObject("Object Repository/StarPack - Full Lifecycle (AWIS)/4.012 Supploer proceed to next phase (PS)", ["refID":"source_" + refID_TD]), "color", OPTIONAL): Get CSS 'color' value on 'Object Repository/StarPack - Full Lifecycle (AWIS)/4.012 Supploer proceed to next phase (PS)' successfully: 'rgba(255, 255, 255, 1)'.

2022-06-17 18:32:41 - [MESSAGE][PASSED] - Get CSS 'color' value on 'Object Repository/StarPack - Full Lifecycle (AWIS)/4.012 Supploer proceed to next phase (PS)' successfully: 'rgba(255, 255, 255, 1)'.

2022-06-17 18:32:41 - [TEST_STEP][PASSED] - while (color1 == "rgba(255, 255, 255, 1)"): null

2022-06-17 18:32:41 - [TEST_STEP][PASSED] - click(findTestObject("Object Repository/StarPack - Full Lifecycle (AWIS)/4.012 Supploer proceed to next phase (PS)", ["refID":"source_" + refID_TD])): Object: 'Object Repository/StarPack - Full Lifecycle (AWIS)/4.012 Supploer proceed to next phase (PS)' is clicked on

2022-06-17 18:32:43 - [MESSAGE][PASSED] - Object: 'Object Repository/StarPack - Full Lifecycle (AWIS)/4.012 Supploer proceed to next phase (PS)' is clicked on

2022-06-17 18:32:43 - [TEST_STEP][PASSED] - takeScreenshot(): Taking screenshot successfully

2022-06-17 18:32:44 - [MESSAGE][PASSED] - Taking screenshot successfully
[[ATTACHMENT|D:\\Projet Test Auto\\Mediabox Test Automation [Test]\\Reports\\20220617_181206\\z01. Test Suites\\202. TestStarPack Full Lifecycle _Change of Rights_SAS\\20220617_181211\\1655483563737.png]]

2022-06-17 18:32:44 - [TEST_STEP][PASSED] - I.UploadDoc_sendkey_Prod(findTestObject("1. Constant/xpath", ["xpath":"//*[@id="kt_body"]/input[2]"]), "D:\Upoad_File\Upload doc\testdataaddition1.jpg", "testdataaddition1.jpg"): Delayed 5 second(s)

2022-06-17 18:32:44 - [MESSAGE][PASSED] - Scroll to object 'Object Repository/1. Constant/xpath' successfully

2022-06-17 18:32:49 - [MESSAGE][PASSED] - Delayed 5 second(s)

2022-06-17 18:32:49 - [MESSAGE][PASSED] - File 'D:\Upoad_File\Upload doc\testdataaddition1.jpg' sent to object: 'Object Repository/1. Constant/xpath'

2022-06-17 18:32:54 - [MESSAGE][PASSED] - Delayed 5 second(s)

2022-06-17 18:32:54 - [MESSAGE][PASSED] - Text 'testdataaddition1.jpg' is present on page 

2022-06-17 18:32:59 - [MESSAGE][PASSED] - Delayed 5 second(s)

2022-06-17 18:33:04 - [MESSAGE][PASSED] - Delayed 5 second(s)

2022-06-17 18:33:04 - [TEST_STEP][PASSED] - takeScreenshot(): Taking screenshot successfully

2022-06-17 18:33:04 - [MESSAGE][PASSED] - Taking screenshot successfully
[[ATTACHMENT|D:\\Projet Test Auto\\Mediabox Test Automation [Test]\\Reports\\20220617_181206\\z01. Test Suites\\202. TestStarPack Full Lifecycle _Change of Rights_SAS\\20220617_181211\\1655483584597.png]]

2022-06-17 18:33:04 - [TEST_STEP][PASSED] - delay(10): Delayed 10 second(s)

2022-06-17 18:33:14 - [MESSAGE][PASSED] - Delayed 10 second(s)

2022-06-17 18:33:14 - [TEST_STEP][PASSED] - I.click_button_javascript(findTestObject("Object Repository/HL Full Lifecycle/12 ReferncePage_Button_Updatensenddoc")): Execute JavaScript 'arguments[0].click()' successfully

2022-06-17 18:33:23 - [MESSAGE][PASSED] - Execute JavaScript 'arguments[0].click()' successfully

2022-06-17 18:33:23 - [TEST_STEP][PASSED] - delay(5): Delayed 5 second(s)

2022-06-17 18:33:28 - [MESSAGE][PASSED] - Delayed 5 second(s)

2022-06-17 18:33:28 - [TEST_STEP][PASSED] - if (verifyElementPresent(findTestObject("Object Repository/StarPack - Full Lifecycle (AWIS)/4.012 Supploer proceed to next phase (PS)", ["refID":"source_" + refID_TD]), 10, OPTIONAL)): com.kms.katalon.core.webui.exception.WebElementNotFoundException: Web element with id: 'Object Repository/StarPack - Full Lifecycle (AWIS)/4.012 Supploer proceed to next phase (PS)' located by '//*[@id='source_5882']/td[9]/a[2]' not found (Root cause: com.kms.katalon.core.exception.StepFailedException: com.kms.katalon.core.webui.exception.WebElementNotFoundException: Web element with id: 'Object Repository/StarPack - Full Lifecycle (AWIS)/4.012 Supploer proceed to next phase (PS)' located by '//*[@id='source_5882']/td[9]/a[2]' not found
	at com.kms.katalon.core.webui.keyword.internal.WebUIKeywordMain.stepFailed(WebUIKeywordMain.groovy:64)
	at com.kms.katalon.core.webui.keyword.builtin.VerifyElementPresentKeyword$_verifyElementPresent_closure1.doCall(VerifyElementPresentKeyword.groovy:85)
	at com.kms.katalon.core.webui.keyword.builtin.VerifyElementPresentKeyword$_verifyElementPresent_closure1.call(VerifyElementPresentKeyword.groovy)
	at com.kms.katalon.core.webui.keyword.internal.WebUIKeywordMain.runKeyword(WebUIKeywordMain.groovy:20)
	at com.kms.katalon.core.webui.keyword.builtin.VerifyElementPresentKeyword.verifyElementPresent(VerifyElementPresentKeyword.groovy:92)
	at com.kms.katalon.core.webui.keyword.builtin.VerifyElementPresentKeyword.execute(VerifyElementPresentKeyword.groovy:68)
	at com.kms.katalon.core.keyword.internal.KeywordExecutor.executeKeywordForPlatform(KeywordExecutor.groovy:74)
	at com.kms.katalon.core.webui.keyword.WebUiBuiltInKeywords.verifyElementPresent(WebUiBuiltInKeywords.groovy:1448)
	at com.kms.katalon.core.webui.keyword.WebUiBuiltInKeywords$verifyElementPresent$18.call(Unknown Source)
	at 202.01 TestStarPack Full Lifecycle CreationDaughRef 202.02 P2.run(202.01 TestStarPack Full Lifecycle CreationDaughRef 202.02 P2:529)
	at com.kms.katalon.core.main.ScriptEngine.run(ScriptEngine.java:194)
	at com.kms.katalon.core.main.ScriptEngine.runScriptAsRawText(ScriptEngine.java:119)
	at com.kms.katalon.core.main.TestCaseExecutor.runScript(TestCaseExecutor.java:445)
	at com.kms.katalon.core.main.TestCaseExecutor.doExecute(TestCaseExecutor.java:436)
	at com.kms.katalon.core.main.TestCaseExecutor.processExecutionPhase(TestCaseExecutor.java:415)
	at com.kms.katalon.core.main.TestCaseExecutor.accessMainPhase(TestCaseExecutor.java:407)
	at com.kms.katalon.core.main.TestCaseExecutor.execute(TestCaseExecutor.java:284)
	at com.kms.katalon.core.common.CommonExecutor.accessTestCaseMainPhase(CommonExecutor.java:65)
	at com.kms.katalon.core.main.TestSuiteExecutor.accessTestSuiteMainPhase(TestSuiteExecutor.java:144)
	at com.kms.katalon.core.main.TestSuiteExecutor.execute(TestSuiteExecutor.java:106)
	at com.kms.katalon.core.main.TestCaseMain.startTestSuite(TestCaseMain.java:185)
	at com.kms.katalon.core.main.TestCaseMain$startTestSuite$0.call(Unknown Source)
	at TempTestSuite1655482331260.run(TempTestSuite1655482331260.groovy:36)
)

2022-06-17 18:33:39 - [MESSAGE][INFO] - Unable to find the element located by 'By.xpath: //*[@id='source_5882']/td[9]/a[2]'. Please recheck the objects properties to make sure the desired element is located. 

2022-06-17 18:33:39 - [MESSAGE][WARNING] - com.kms.katalon.core.webui.exception.WebElementNotFoundException: Web element with id: 'Object Repository/StarPack - Full Lifecycle (AWIS)/4.012 Supploer proceed to next phase (PS)' located by '//*[@id='source_5882']/td[9]/a[2]' not found (Root cause: com.kms.katalon.core.exception.StepFailedException: com.kms.katalon.core.webui.exception.WebElementNotFoundException: Web element with id: 'Object Repository/StarPack - Full Lifecycle (AWIS)/4.012 Supploer proceed to next phase (PS)' located by '//*[@id='source_5882']/td[9]/a[2]' not found
	at com.kms.katalon.core.webui.keyword.internal.WebUIKeywordMain.stepFailed(WebUIKeywordMain.groovy:64)
	at com.kms.katalon.core.webui.keyword.builtin.VerifyElementPresentKeyword$_verifyElementPresent_closure1.doCall(VerifyElementPresentKeyword.groovy:85)
	at com.kms.katalon.core.webui.keyword.builtin.VerifyElementPresentKeyword$_verifyElementPresent_closure1.call(VerifyElementPresentKeyword.groovy)
	at com.kms.katalon.core.webui.keyword.internal.WebUIKeywordMain.runKeyword(WebUIKeywordMain.groovy:20)
	at com.kms.katalon.core.webui.keyword.builtin.VerifyElementPresentKeyword.verifyElementPresent(VerifyElementPresentKeyword.groovy:92)
	at com.kms.katalon.core.webui.keyword.builtin.VerifyElementPresentKeyword.execute(VerifyElementPresentKeyword.groovy:68)
	at com.kms.katalon.core.keyword.internal.KeywordExecutor.executeKeywordForPlatform(KeywordExecutor.groovy:74)
	at com.kms.katalon.core.webui.keyword.WebUiBuiltInKeywords.verifyElementPresent(WebUiBuiltInKeywords.groovy:1448)
	at com.kms.katalon.core.webui.keyword.WebUiBuiltInKeywords$verifyElementPresent$18.call(Unknown Source)
	at 202.01 TestStarPack Full Lifecycle CreationDaughRef 202.02 P2.run(202.01 TestStarPack Full Lifecycle CreationDaughRef 202.02 P2:529)
	at com.kms.katalon.core.main.ScriptEngine.run(ScriptEngine.java:194)
	at com.kms.katalon.core.main.ScriptEngine.runScriptAsRawText(ScriptEngine.java:119)
	at com.kms.katalon.core.main.TestCaseExecutor.runScript(TestCaseExecutor.java:445)
	at com.kms.katalon.core.main.TestCaseExecutor.doExecute(TestCaseExecutor.java:436)
	at com.kms.katalon.core.main.TestCaseExecutor.processExecutionPhase(TestCaseExecutor.java:415)
	at com.kms.katalon.core.main.TestCaseExecutor.accessMainPhase(TestCaseExecutor.java:407)
	at com.kms.katalon.core.main.TestCaseExecutor.execute(TestCaseExecutor.java:284)
	at com.kms.katalon.core.common.CommonExecutor.accessTestCaseMainPhase(CommonExecutor.java:65)
	at com.kms.katalon.core.main.TestSuiteExecutor.accessTestSuiteMainPhase(TestSuiteExecutor.java:144)
	at com.kms.katalon.core.main.TestSuiteExecutor.execute(TestSuiteExecutor.java:106)
	at com.kms.katalon.core.main.TestCaseMain.startTestSuite(TestCaseMain.java:185)
	at com.kms.katalon.core.main.TestCaseMain$startTestSuite$0.call(Unknown Source)
	at TempTestSuite1655482331260.run(TempTestSuite1655482331260.groovy:36)
)
[[ATTACHMENT|D:\\Projet Test Auto\\Mediabox Test Automation [Test]\\Reports\\20220617_181206\\z01. Test Suites\\202. TestStarPack Full Lifecycle _Change of Rights_SAS\\20220617_181211\\1655483619329.png]]

2022-06-17 18:33:39 - [TEST_STEP][PASSED] - else: null

2022-06-17 18:33:39 - [TEST_STEP][PASSED] - color1 = "white": null

2022-06-17 18:33:39 - [TEST_STEP][PASSED] - I.Logout(): Delayed 3 second(s)

2022-06-17 18:33:42 - [MESSAGE][PASSED] - Delayed 3 second(s)

2022-06-17 18:33:43 - [MESSAGE][PASSED] - Object: 'Object Repository/1. Constant/xpath' is clicked on

2022-06-17 18:33:46 - [MESSAGE][PASSED] - Delayed 3 second(s)

2022-06-17 18:33:48 - [MESSAGE][PASSED] - Object: 'Object Repository/1. Constant/xpath' is clicked on

2022-06-17 18:33:51 - [MESSAGE][PASSED] - Delayed 3 second(s)

2022-06-17 18:33:51 - [TEST_STEP][PASSED] - I.Login_password("agluszczynska", password_agluszczynska): Object: 'Object Repository/1. Constant/xpath' is clicked on

2022-06-17 18:33:51 - [MESSAGE][PASSED] - Text 'agluszczynska' is set on object 'Object Repository/1. Constant/xpath'

2022-06-17 18:33:52 - [MESSAGE][PASSED] - Delayed 1 second(s)

2022-06-17 18:33:52 - [MESSAGE][PASSED] - Text 'diadeis' is set on object 'Object Repository/1. Constant/xpath'

2022-06-17 18:33:53 - [MESSAGE][PASSED] - Delayed 1 second(s)

2022-06-17 18:33:57 - [MESSAGE][PASSED] - Object: 'Object Repository/1. Constant/xpath' is clicked on

2022-06-17 18:33:57 - [TEST_STEP][PASSED] - takeScreenshot(): Taking screenshot successfully

2022-06-17 18:33:57 - [MESSAGE][PASSED] - Taking screenshot successfully
[[ATTACHMENT|D:\\Projet Test Auto\\Mediabox Test Automation [Test]\\Reports\\20220617_181206\\z01. Test Suites\\202. TestStarPack Full Lifecycle _Change of Rights_SAS\\20220617_181211\\1655483637041.png]]

2022-06-17 18:33:57 - [TEST_STEP][PASSED] - click(findTestObject("1. Constant/02_LHSMenu_Projects")): Object: 'Object Repository/1. Constant/02_LHSMenu_Projects' is clicked on

2022-06-17 18:33:59 - [MESSAGE][PASSED] - Object: 'Object Repository/1. Constant/02_LHSMenu_Projects' is clicked on

2022-06-17 18:33:59 - [TEST_STEP][PASSED] - I.SearchProjectNo(Project_No, findTestObject("HL Full Lifecycle/9 Filter_Button_Apply")): Delayed 5 second(s)

2022-06-17 18:34:00 - [MESSAGE][PASSED] - Text 'MI000936' is set on object 'Object Repository/1. Constant/xpath'

2022-06-17 18:34:03 - [MESSAGE][PASSED] - Delayed 3 second(s)

2022-06-17 18:34:06 - [MESSAGE][PASSED] - Object: 'Object Repository/HL Full Lifecycle/9 Filter_Button_Apply' is clicked on

2022-06-17 18:34:11 - [MESSAGE][PASSED] - Delayed 5 second(s)

2022-06-17 18:34:11 - [TEST_STEP][PASSED] - click(findTestObject("Object Repository/StarPack - Full Lifecycle (AWIS)/5.01 agency_2 RefPg_Prodbutton(Eye)", ["refID":"source_" + refID_TD])): Object: 'Object Repository/StarPack - Full Lifecycle (AWIS)/5.01 agency_2 RefPg_Prodbutton(Eye)' is clicked on

2022-06-17 18:34:13 - [MESSAGE][PASSED] - Object: 'Object Repository/StarPack - Full Lifecycle (AWIS)/5.01 agency_2 RefPg_Prodbutton(Eye)' is clicked on

2022-06-17 18:34:14 - [TEST_STEP][PASSED] - I.AWF_approve_view(): Object: 'Object Repository/HL Full Lifecycle/Function_Appbutton2' is clicked on

2022-06-17 18:34:15 - [MESSAGE][PASSED] - Wait for page load successfully

2022-06-17 18:34:25 - [MESSAGE][PASSED] - Delayed 10 second(s)

2022-06-17 18:34:25 - [MESSAGE][PASSED] - Object: 'Object Repository/HL Full Lifecycle/Function_access Viewer2' is hovered

2022-06-17 18:34:28 - [MESSAGE][PASSED] - Delayed 3 second(s)

2022-06-17 18:34:28 - [MESSAGE][PASSED] - Object: 'Object Repository/HL Full Lifecycle/Function_access Viewer2' is clicked on

2022-06-17 18:34:33 - [MESSAGE][PASSED] - Delayed 5 second(s)

2022-06-17 18:34:34 - [MESSAGE][PASSED] - Object: 'Object Repository/HL Full Lifecycle/Function_AppButton' is clicked on

2022-06-17 18:34:39 - [MESSAGE][PASSED] - Delayed 5 second(s)

2022-06-17 18:34:43 - [MESSAGE][PASSED] - Object: 'Object Repository/HL Full Lifecycle/Function_Appbutton2' is clicked on

2022-06-17 18:34:43 - [TEST_STEP][PASSED] - delay(1): Delayed 1 second(s)

2022-06-17 18:34:44 - [MESSAGE][PASSED] - Delayed 1 second(s)

2022-06-17 18:34:44 - [TEST_STEP][PASSED] - click(findTestObject("1. Constant/xpath", ["xpath":"//*[@id="source_" + refID_TD + ""]/td[9]/a"])): Object: 'Object Repository/1. Constant/xpath' is clicked on

2022-06-17 18:34:48 - [MESSAGE][PASSED] - Object: 'Object Repository/1. Constant/xpath' is clicked on

2022-06-17 18:34:48 - [TEST_STEP][PASSED] - I.VerifyMatchText("//*[@id="source_" + refID_TD + ""]/td[6]/span", "Complete"): Actual text 'Complete' and expected text 'Complete' are matched 

2022-06-17 18:34:49 - [MESSAGE][PASSED] - Text of object 'Object Repository/1. Constant/xpath' is: 'Complete'

2022-06-17 18:34:50 - [MESSAGE][PASSED] - Delayed 1 second(s)

2022-06-17 18:34:50 - [MESSAGE][PASSED] - Actual text 'Complete' and expected text 'Complete' are matched 

2022-06-17 18:34:50 - [TEST_STEP][PASSED] - takeScreenshot(): Taking screenshot successfully

2022-06-17 18:34:50 - [MESSAGE][PASSED] - Taking screenshot successfully
[[ATTACHMENT|D:\\Projet Test Auto\\Mediabox Test Automation [Test]\\Reports\\20220617_181206\\z01. Test Suites\\202. TestStarPack Full Lifecycle _Change of Rights_SAS\\20220617_181211\\1655483690140.png]]

2022-06-17 18:34:50 - [TEST_STEP][PASSED] - click(findTestObject("Object Repository/StarPack - Full Lifecycle (AWIS)/5.02 Agency_2_refPg_questionbutton", ["ref_ID":"ancre_" + refID_TD])): Object: 'Object Repository/StarPack - Full Lifecycle (AWIS)/5.02 Agency_2_refPg_questionbutton' is clicked on

2022-06-17 18:34:50 - [MESSAGE][PASSED] - Object: 'Object Repository/StarPack - Full Lifecycle (AWIS)/5.02 Agency_2_refPg_questionbutton' is clicked on

2022-06-17 18:34:50 - [TEST_STEP][PASSED] - click(findTestObject("Object Repository/StarPack - Full Lifecycle (AWIS)/5.021 Agency_2_RefPg_question_approve", ["ref_ID":"ancre_" + refID_TD])): Object: 'Object Repository/StarPack - Full Lifecycle (AWIS)/5.021 Agency_2_RefPg_question_approve' is clicked on

2022-06-17 18:34:51 - [MESSAGE][PASSED] - Object: 'Object Repository/StarPack - Full Lifecycle (AWIS)/5.021 Agency_2_RefPg_question_approve' is clicked on

2022-06-17 18:34:51 - [TEST_STEP][PASSED] - delay(1): Delayed 1 second(s)

2022-06-17 18:34:52 - [MESSAGE][PASSED] - Delayed 1 second(s)

2022-06-17 18:34:52 - [TEST_STEP][PASSED] - takeScreenshot(): Taking screenshot successfully

2022-06-17 18:34:52 - [MESSAGE][PASSED] - Taking screenshot successfully
[[ATTACHMENT|D:\\Projet Test Auto\\Mediabox Test Automation [Test]\\Reports\\20220617_181206\\z01. Test Suites\\202. TestStarPack Full Lifecycle _Change of Rights_SAS\\20220617_181211\\1655483692241.png]]

2022-06-17 18:34:52 - [TEST_STEP][PASSED] - click(findTestObject("1. Constant/xpath", ["xpath":"//*[@id="kt_body"]/div[9]/div/div/div[2]/button[2]"])): Object: 'Object Repository/1. Constant/xpath' is clicked on

2022-06-17 18:35:04 - [MESSAGE][PASSED] - Object: 'Object Repository/1. Constant/xpath' is clicked on

2022-06-17 18:35:04 - [TEST_STEP][PASSED] - delay(1): Delayed 1 second(s)

2022-06-17 18:35:05 - [MESSAGE][PASSED] - Delayed 1 second(s)

2022-06-17 18:35:05 - [TEST_STEP][PASSED] - click(findTestObject("Object Repository/StarPack - Full Lifecycle (AWIS)/5.03 id_refID_a", ["refID":"ancre_" + refID_TD])): Object: 'Object Repository/StarPack - Full Lifecycle (AWIS)/5.03 id_refID_a' is clicked on

2022-06-17 18:35:09 - [MESSAGE][PASSED] - Object: 'Object Repository/StarPack - Full Lifecycle (AWIS)/5.03 id_refID_a' is clicked on

2022-06-17 18:35:09 - [TEST_STEP][PASSED] - I.VerifyMatchText("//*[@id="source_" + refID_PTS + ""]/td[6]/span", "Complete"): Actual text 'Complete' and expected text 'Complete' are matched 

2022-06-17 18:35:09 - [MESSAGE][PASSED] - Text of object 'Object Repository/1. Constant/xpath' is: 'Complete'

2022-06-17 18:35:10 - [MESSAGE][PASSED] - Delayed 1 second(s)

2022-06-17 18:35:10 - [MESSAGE][PASSED] - Actual text 'Complete' and expected text 'Complete' are matched 

2022-06-17 18:35:10 - [TEST_STEP][PASSED] - takeScreenshot(): Taking screenshot successfully

2022-06-17 18:35:11 - [MESSAGE][PASSED] - Taking screenshot successfully
[[ATTACHMENT|D:\\Projet Test Auto\\Mediabox Test Automation [Test]\\Reports\\20220617_181206\\z01. Test Suites\\202. TestStarPack Full Lifecycle _Change of Rights_SAS\\20220617_181211\\1655483710833.png]]

2022-06-17 18:35:11 - [TEST_STEP][PASSED] - click(findTestObject("1. Constant/xpath", ["xpath":"//*[@id="source_" + refID_PS + ""]/td[9]/a"])): Object: 'Object Repository/1. Constant/xpath' is clicked on

2022-06-17 18:35:19 - [MESSAGE][PASSED] - Object: 'Object Repository/1. Constant/xpath' is clicked on

2022-06-17 18:35:19 - [TEST_STEP][PASSED] - I.VerifyMatchText("//*[@id="source_" + refID + ""]/td[6]/span[2]", "Wait for PTS/Sample/Tech drawing"): Actual text 'Wait for PTS/Sample/Tech drawing' and expected text 'Wait for PTS/Sample/Tech drawing' are matched 

2022-06-17 18:35:20 - [MESSAGE][PASSED] - Text of object 'Object Repository/1. Constant/xpath' is: 'Wait for PTS/Sample/Tech drawing'

2022-06-17 18:35:21 - [MESSAGE][PASSED] - Delayed 1 second(s)

2022-06-17 18:35:21 - [MESSAGE][PASSED] - Actual text 'Wait for PTS/Sample/Tech drawing' and expected text 'Wait for PTS/Sample/Tech drawing' are matched 

2022-06-17 18:35:21 - [TEST_STEP][PASSED] - click(findTestObject("Object Repository/StarPack - Full Lifecycle (AWIS)/5.04 Agency1 id_refID_td9_a2", ["refID":"source_" + refID_PS])): Object: 'Object Repository/StarPack - Full Lifecycle (AWIS)/5.04 Agency1 id_refID_td9_a2' is clicked on

2022-06-17 18:35:23 - [MESSAGE][PASSED] - Object: 'Object Repository/StarPack - Full Lifecycle (AWIS)/5.04 Agency1 id_refID_td9_a2' is clicked on

2022-06-17 18:35:23 - [TEST_STEP][PASSED] - I.UploadDoc_sendkey_field("//*[@id="var_47"]", "D:\Upoad_File\Upload doc\testdata1.pdf", "testdata1"): Text 'testdata1' is present on page 

2022-06-17 18:35:25 - [MESSAGE][PASSED] - Delayed 2 second(s)

2022-06-17 18:35:25 - [MESSAGE][PASSED] - Keys 'D:\Upoad_File\Upload doc\testdata1.pdf' sent to object: 'Object Repository/1. Constant/xpath'

2022-06-17 18:35:25 - [MESSAGE][PASSED] - Text 'testdata1' is present on page 

2022-06-17 18:35:25 - [TEST_STEP][PASSED] - click(findTestObject("1. Constant/xpath", ["xpath":"//*[@id="ModifFiche"]/div[3]/div/button[2]"])): Object: 'Object Repository/1. Constant/xpath' is clicked on

2022-06-17 18:35:34 - [MESSAGE][PASSED] - Object: 'Object Repository/1. Constant/xpath' is clicked on

2022-06-17 18:35:34 - [TEST_STEP][PASSED] - I.VerifyMatchText("//*[@id="source_" + refID + ""]/td[6]/span[2]", "PAF"): Actual text 'PAF' and expected text 'PAF' are matched 

2022-06-17 18:35:34 - [MESSAGE][PASSED] - Text of object 'Object Repository/1. Constant/xpath' is: 'PAF'

2022-06-17 18:35:35 - [MESSAGE][PASSED] - Delayed 1 second(s)

2022-06-17 18:35:35 - [MESSAGE][PASSED] - Actual text 'PAF' and expected text 'PAF' are matched 

2022-06-17 18:35:35 - [TEST_STEP][PASSED] - color2 = getCSSValue(findTestObject("Object Repository/StarPack - Full Lifecycle (AWIS)/5.06 Agency1 id_refID_a", ["refID":"ancre_" + refID_PS]), "color", OPTIONAL): Get CSS 'color' value on 'Object Repository/StarPack - Full Lifecycle (AWIS)/5.06 Agency1 id_refID_a' successfully: 'rgba(255, 255, 255, 1)'.

2022-06-17 18:35:35 - [MESSAGE][PASSED] - Get CSS 'color' value on 'Object Repository/StarPack - Full Lifecycle (AWIS)/5.06 Agency1 id_refID_a' successfully: 'rgba(255, 255, 255, 1)'.

2022-06-17 18:35:35 - [TEST_STEP][PASSED] - while (color2 == "rgba(255, 255, 255, 1)"): null

2022-06-17 18:35:35 - [TEST_STEP][PASSED] - click(findTestObject("Object Repository/StarPack - Full Lifecycle (AWIS)/5.06 Agency1 id_refID_a", ["refID":"ancre_" + refID_PS])): Object: 'Object Repository/StarPack - Full Lifecycle (AWIS)/5.06 Agency1 id_refID_a' is clicked on

2022-06-17 18:35:37 - [MESSAGE][PASSED] - Object: 'Object Repository/StarPack - Full Lifecycle (AWIS)/5.06 Agency1 id_refID_a' is clicked on

2022-06-17 18:35:37 - [TEST_STEP][PASSED] - takeScreenshot(): Taking screenshot successfully

2022-06-17 18:35:38 - [MESSAGE][PASSED] - Taking screenshot successfully
[[ATTACHMENT|D:\\Projet Test Auto\\Mediabox Test Automation [Test]\\Reports\\20220617_181206\\z01. Test Suites\\202. TestStarPack Full Lifecycle _Change of Rights_SAS\\20220617_181211\\1655483737660.png]]

2022-06-17 18:35:38 - [TEST_STEP][PASSED] - I.UploadDoc_sendkey_Prod(findTestObject("1. Constant/xpath", ["xpath":"//*[@id="kt_body"]/input[2]"]), "D:\Upoad_File\Upload doc\testdataaddition1.jpg", "testdataaddition1.jpg"): Delayed 5 second(s)

2022-06-17 18:35:38 - [MESSAGE][PASSED] - Scroll to object 'Object Repository/1. Constant/xpath' successfully

2022-06-17 18:35:43 - [MESSAGE][PASSED] - Delayed 5 second(s)

2022-06-17 18:35:43 - [MESSAGE][PASSED] - File 'D:\Upoad_File\Upload doc\testdataaddition1.jpg' sent to object: 'Object Repository/1. Constant/xpath'

2022-06-17 18:35:48 - [MESSAGE][PASSED] - Delayed 5 second(s)

2022-06-17 18:35:49 - [MESSAGE][PASSED] - Text 'testdataaddition1.jpg' is present on page 

2022-06-17 18:35:54 - [MESSAGE][PASSED] - Delayed 5 second(s)

2022-06-17 18:35:59 - [MESSAGE][PASSED] - Delayed 5 second(s)

2022-06-17 18:35:59 - [TEST_STEP][PASSED] - takeScreenshot(): Taking screenshot successfully

2022-06-17 18:35:59 - [MESSAGE][PASSED] - Taking screenshot successfully
[[ATTACHMENT|D:\\Projet Test Auto\\Mediabox Test Automation [Test]\\Reports\\20220617_181206\\z01. Test Suites\\202. TestStarPack Full Lifecycle _Change of Rights_SAS\\20220617_181211\\1655483759073.png]]

2022-06-17 18:35:59 - [TEST_STEP][PASSED] - delay(10): Delayed 10 second(s)

2022-06-17 18:36:09 - [MESSAGE][PASSED] - Delayed 10 second(s)

2022-06-17 18:36:09 - [TEST_STEP][PASSED] - click(findTestObject("1. Constant/xpath", ["xpath":"//*[@id="ModifFiche"]/div[1]/div/button"])): Object: 'Object Repository/1. Constant/xpath' is clicked on

2022-06-17 18:36:18 - [MESSAGE][PASSED] - Object: 'Object Repository/1. Constant/xpath' is clicked on

2022-06-17 18:36:18 - [TEST_STEP][PASSED] - delay(5): Delayed 5 second(s)

2022-06-17 18:36:23 - [MESSAGE][PASSED] - Delayed 5 second(s)

2022-06-17 18:36:23 - [TEST_STEP][PASSED] - if (verifyElementPresent(findTestObject("Object Repository/StarPack - Full Lifecycle (AWIS)/4.012 Supploer proceed to next phase (PS)", ["refID":"source_" + refID_TD]), 10, OPTIONAL)): com.kms.katalon.core.webui.exception.WebElementNotFoundException: Web element with id: 'Object Repository/StarPack - Full Lifecycle (AWIS)/4.012 Supploer proceed to next phase (PS)' located by '//*[@id='source_5882']/td[9]/a[2]' not found (Root cause: com.kms.katalon.core.exception.StepFailedException: com.kms.katalon.core.webui.exception.WebElementNotFoundException: Web element with id: 'Object Repository/StarPack - Full Lifecycle (AWIS)/4.012 Supploer proceed to next phase (PS)' located by '//*[@id='source_5882']/td[9]/a[2]' not found
	at com.kms.katalon.core.webui.keyword.internal.WebUIKeywordMain.stepFailed(WebUIKeywordMain.groovy:64)
	at com.kms.katalon.core.webui.keyword.builtin.VerifyElementPresentKeyword$_verifyElementPresent_closure1.doCall(VerifyElementPresentKeyword.groovy:85)
	at com.kms.katalon.core.webui.keyword.builtin.VerifyElementPresentKeyword$_verifyElementPresent_closure1.call(VerifyElementPresentKeyword.groovy)
	at com.kms.katalon.core.webui.keyword.internal.WebUIKeywordMain.runKeyword(WebUIKeywordMain.groovy:20)
	at com.kms.katalon.core.webui.keyword.builtin.VerifyElementPresentKeyword.verifyElementPresent(VerifyElementPresentKeyword.groovy:92)
	at com.kms.katalon.core.webui.keyword.builtin.VerifyElementPresentKeyword.execute(VerifyElementPresentKeyword.groovy:68)
	at com.kms.katalon.core.keyword.internal.KeywordExecutor.executeKeywordForPlatform(KeywordExecutor.groovy:74)
	at com.kms.katalon.core.webui.keyword.WebUiBuiltInKeywords.verifyElementPresent(WebUiBuiltInKeywords.groovy:1448)
	at com.kms.katalon.core.webui.keyword.WebUiBuiltInKeywords$verifyElementPresent$18.call(Unknown Source)
	at 202.01 TestStarPack Full Lifecycle CreationDaughRef 202.02 P2.run(202.01 TestStarPack Full Lifecycle CreationDaughRef 202.02 P2:649)
	at com.kms.katalon.core.main.ScriptEngine.run(ScriptEngine.java:194)
	at com.kms.katalon.core.main.ScriptEngine.runScriptAsRawText(ScriptEngine.java:119)
	at com.kms.katalon.core.main.TestCaseExecutor.runScript(TestCaseExecutor.java:445)
	at com.kms.katalon.core.main.TestCaseExecutor.doExecute(TestCaseExecutor.java:436)
	at com.kms.katalon.core.main.TestCaseExecutor.processExecutionPhase(TestCaseExecutor.java:415)
	at com.kms.katalon.core.main.TestCaseExecutor.accessMainPhase(TestCaseExecutor.java:407)
	at com.kms.katalon.core.main.TestCaseExecutor.execute(TestCaseExecutor.java:284)
	at com.kms.katalon.core.common.CommonExecutor.accessTestCaseMainPhase(CommonExecutor.java:65)
	at com.kms.katalon.core.main.TestSuiteExecutor.accessTestSuiteMainPhase(TestSuiteExecutor.java:144)
	at com.kms.katalon.core.main.TestSuiteExecutor.execute(TestSuiteExecutor.java:106)
	at com.kms.katalon.core.main.TestCaseMain.startTestSuite(TestCaseMain.java:185)
	at com.kms.katalon.core.main.TestCaseMain$startTestSuite$0.call(Unknown Source)
	at TempTestSuite1655482331260.run(TempTestSuite1655482331260.groovy:36)
)

2022-06-17 18:36:34 - [MESSAGE][INFO] - Unable to find the element located by 'By.xpath: //*[@id='source_5882']/td[9]/a[2]'. Please recheck the objects properties to make sure the desired element is located. 

2022-06-17 18:36:35 - [MESSAGE][WARNING] - com.kms.katalon.core.webui.exception.WebElementNotFoundException: Web element with id: 'Object Repository/StarPack - Full Lifecycle (AWIS)/4.012 Supploer proceed to next phase (PS)' located by '//*[@id='source_5882']/td[9]/a[2]' not found (Root cause: com.kms.katalon.core.exception.StepFailedException: com.kms.katalon.core.webui.exception.WebElementNotFoundException: Web element with id: 'Object Repository/StarPack - Full Lifecycle (AWIS)/4.012 Supploer proceed to next phase (PS)' located by '//*[@id='source_5882']/td[9]/a[2]' not found
	at com.kms.katalon.core.webui.keyword.internal.WebUIKeywordMain.stepFailed(WebUIKeywordMain.groovy:64)
	at com.kms.katalon.core.webui.keyword.builtin.VerifyElementPresentKeyword$_verifyElementPresent_closure1.doCall(VerifyElementPresentKeyword.groovy:85)
	at com.kms.katalon.core.webui.keyword.builtin.VerifyElementPresentKeyword$_verifyElementPresent_closure1.call(VerifyElementPresentKeyword.groovy)
	at com.kms.katalon.core.webui.keyword.internal.WebUIKeywordMain.runKeyword(WebUIKeywordMain.groovy:20)
	at com.kms.katalon.core.webui.keyword.builtin.VerifyElementPresentKeyword.verifyElementPresent(VerifyElementPresentKeyword.groovy:92)
	at com.kms.katalon.core.webui.keyword.builtin.VerifyElementPresentKeyword.execute(VerifyElementPresentKeyword.groovy:68)
	at com.kms.katalon.core.keyword.internal.KeywordExecutor.executeKeywordForPlatform(KeywordExecutor.groovy:74)
	at com.kms.katalon.core.webui.keyword.WebUiBuiltInKeywords.verifyElementPresent(WebUiBuiltInKeywords.groovy:1448)
	at com.kms.katalon.core.webui.keyword.WebUiBuiltInKeywords$verifyElementPresent$18.call(Unknown Source)
	at 202.01 TestStarPack Full Lifecycle CreationDaughRef 202.02 P2.run(202.01 TestStarPack Full Lifecycle CreationDaughRef 202.02 P2:649)
	at com.kms.katalon.core.main.ScriptEngine.run(ScriptEngine.java:194)
	at com.kms.katalon.core.main.ScriptEngine.runScriptAsRawText(ScriptEngine.java:119)
	at com.kms.katalon.core.main.TestCaseExecutor.runScript(TestCaseExecutor.java:445)
	at com.kms.katalon.core.main.TestCaseExecutor.doExecute(TestCaseExecutor.java:436)
	at com.kms.katalon.core.main.TestCaseExecutor.processExecutionPhase(TestCaseExecutor.java:415)
	at com.kms.katalon.core.main.TestCaseExecutor.accessMainPhase(TestCaseExecutor.java:407)
	at com.kms.katalon.core.main.TestCaseExecutor.execute(TestCaseExecutor.java:284)
	at com.kms.katalon.core.common.CommonExecutor.accessTestCaseMainPhase(CommonExecutor.java:65)
	at com.kms.katalon.core.main.TestSuiteExecutor.accessTestSuiteMainPhase(TestSuiteExecutor.java:144)
	at com.kms.katalon.core.main.TestSuiteExecutor.execute(TestSuiteExecutor.java:106)
	at com.kms.katalon.core.main.TestCaseMain.startTestSuite(TestCaseMain.java:185)
	at com.kms.katalon.core.main.TestCaseMain$startTestSuite$0.call(Unknown Source)
	at TempTestSuite1655482331260.run(TempTestSuite1655482331260.groovy:36)
)
[[ATTACHMENT|D:\\Projet Test Auto\\Mediabox Test Automation [Test]\\Reports\\20220617_181206\\z01. Test Suites\\202. TestStarPack Full Lifecycle _Change of Rights_SAS\\20220617_181211\\1655483794455.png]]

2022-06-17 18:36:35 - [TEST_STEP][PASSED] - else: null

2022-06-17 18:36:35 - [TEST_STEP][PASSED] - color2 = "white": null

2022-06-17 18:36:35 - [TEST_STEP][PASSED] - I.Logout(): Delayed 3 second(s)

2022-06-17 18:36:38 - [MESSAGE][PASSED] - Delayed 3 second(s)

2022-06-17 18:36:38 - [MESSAGE][PASSED] - Object: 'Object Repository/1. Constant/xpath' is clicked on

2022-06-17 18:36:41 - [MESSAGE][PASSED] - Delayed 3 second(s)

2022-06-17 18:36:42 - [MESSAGE][PASSED] - Object: 'Object Repository/1. Constant/xpath' is clicked on

2022-06-17 18:36:45 - [MESSAGE][PASSED] - Delayed 3 second(s)

2022-06-17 18:36:45 - [TEST_STEP][PASSED] - I.Login_password("aterreshernandez", password_aterreshernandez): Object: 'Object Repository/1. Constant/xpath' is clicked on

2022-06-17 18:36:46 - [MESSAGE][PASSED] - Text 'aterreshernandez' is set on object 'Object Repository/1. Constant/xpath'

2022-06-17 18:36:47 - [MESSAGE][PASSED] - Delayed 1 second(s)

2022-06-17 18:36:47 - [MESSAGE][PASSED] - Text 'diadeis' is set on object 'Object Repository/1. Constant/xpath'

2022-06-17 18:36:48 - [MESSAGE][PASSED] - Delayed 1 second(s)

2022-06-17 18:36:52 - [MESSAGE][PASSED] - Object: 'Object Repository/1. Constant/xpath' is clicked on

2022-06-17 18:36:52 - [TEST_STEP][PASSED] - takeScreenshot(): Taking screenshot successfully

2022-06-17 18:36:53 - [MESSAGE][PASSED] - Taking screenshot successfully
[[ATTACHMENT|D:\\Projet Test Auto\\Mediabox Test Automation [Test]\\Reports\\20220617_181206\\z01. Test Suites\\202. TestStarPack Full Lifecycle _Change of Rights_SAS\\20220617_181211\\1655483812993.png]]

2022-06-17 18:36:53 - [TEST_STEP][PASSED] - click(findTestObject("1. Constant/02_LHSMenu_Projects")): Object: 'Object Repository/1. Constant/02_LHSMenu_Projects' is clicked on

2022-06-17 18:36:56 - [MESSAGE][PASSED] - Object: 'Object Repository/1. Constant/02_LHSMenu_Projects' is clicked on

2022-06-17 18:36:56 - [TEST_STEP][PASSED] - I.SearchProjectNo(Project_No, findTestObject("1. Constant/xpath", ["xpath":"//*[@id="form_filters"]/div[7]/button"])): Delayed 5 second(s)

2022-06-17 18:36:56 - [MESSAGE][PASSED] - Text 'MI000936' is set on object 'Object Repository/1. Constant/xpath'

2022-06-17 18:36:59 - [MESSAGE][PASSED] - Delayed 3 second(s)

2022-06-17 18:37:03 - [MESSAGE][PASSED] - Object: 'Object Repository/1. Constant/xpath' is clicked on

2022-06-17 18:37:08 - [MESSAGE][PASSED] - Delayed 5 second(s)

2022-06-17 18:37:08 - [TEST_STEP][PASSED] - click(findTestObject("1. Constant/xpath", ["xpath":"//*[@id="ancre_" + refID_PS + ""]/a[2]"])): Object: 'Object Repository/1. Constant/xpath' is clicked on

2022-06-17 18:37:12 - [MESSAGE][PASSED] - Object: 'Object Repository/1. Constant/xpath' is clicked on

2022-06-17 18:37:12 - [TEST_STEP][PASSED] - I.AWF_approve_view(): Object: 'Object Repository/HL Full Lifecycle/Function_Appbutton2' is clicked on

2022-06-17 18:37:14 - [MESSAGE][PASSED] - Wait for page load successfully

2022-06-17 18:37:24 - [MESSAGE][PASSED] - Delayed 10 second(s)

2022-06-17 18:37:24 - [MESSAGE][PASSED] - Object: 'Object Repository/HL Full Lifecycle/Function_access Viewer2' is hovered

2022-06-17 18:37:27 - [MESSAGE][PASSED] - Delayed 3 second(s)

2022-06-17 18:37:27 - [MESSAGE][PASSED] - Object: 'Object Repository/HL Full Lifecycle/Function_access Viewer2' is clicked on

2022-06-17 18:37:32 - [MESSAGE][PASSED] - Delayed 5 second(s)

2022-06-17 18:37:32 - [MESSAGE][PASSED] - Object: 'Object Repository/HL Full Lifecycle/Function_AppButton' is clicked on

2022-06-17 18:37:37 - [MESSAGE][PASSED] - Delayed 5 second(s)

2022-06-17 18:37:44 - [MESSAGE][PASSED] - Object: 'Object Repository/HL Full Lifecycle/Function_Appbutton2' is clicked on

2022-06-17 18:37:44 - [TEST_STEP][PASSED] - I.Logout(): Delayed 3 second(s)

2022-06-17 18:37:47 - [MESSAGE][PASSED] - Delayed 3 second(s)

2022-06-17 18:37:47 - [MESSAGE][PASSED] - Object: 'Object Repository/1. Constant/xpath' is clicked on

2022-06-17 18:37:50 - [MESSAGE][PASSED] - Delayed 3 second(s)

2022-06-17 18:37:52 - [MESSAGE][PASSED] - Object: 'Object Repository/1. Constant/xpath' is clicked on

2022-06-17 18:37:55 - [MESSAGE][PASSED] - Delayed 3 second(s)

2022-06-17 18:37:55 - [TEST_STEP][PASSED] - I.Login_password("suser", password_suser): Object: 'Object Repository/1. Constant/xpath' is clicked on

2022-06-17 18:37:55 - [MESSAGE][PASSED] - Text 'suser' is set on object 'Object Repository/1. Constant/xpath'

2022-06-17 18:37:56 - [MESSAGE][PASSED] - Delayed 1 second(s)

2022-06-17 18:37:56 - [MESSAGE][PASSED] - Text 'diadeis' is set on object 'Object Repository/1. Constant/xpath'

2022-06-17 18:37:57 - [MESSAGE][PASSED] - Delayed 1 second(s)

2022-06-17 18:38:00 - [MESSAGE][PASSED] - Object: 'Object Repository/1. Constant/xpath' is clicked on

2022-06-17 18:38:00 - [TEST_STEP][PASSED] - takeScreenshot(): Taking screenshot successfully

2022-06-17 18:38:00 - [MESSAGE][PASSED] - Taking screenshot successfully
[[ATTACHMENT|D:\\Projet Test Auto\\Mediabox Test Automation [Test]\\Reports\\20220617_181206\\z01. Test Suites\\202. TestStarPack Full Lifecycle _Change of Rights_SAS\\20220617_181211\\1655483880590.png]]

2022-06-17 18:38:00 - [TEST_STEP][PASSED] - click(findTestObject("1. Constant/02_LHSMenu_Projects")): Object: 'Object Repository/1. Constant/02_LHSMenu_Projects' is clicked on

2022-06-17 18:38:09 - [MESSAGE][PASSED] - Object: 'Object Repository/1. Constant/02_LHSMenu_Projects' is clicked on

2022-06-17 18:38:09 - [TEST_STEP][PASSED] - I.SearchProjectNo(Project_No, findTestObject("HL Full Lifecycle/9 Filter_Button_Apply")): Delayed 5 second(s)

2022-06-17 18:38:09 - [MESSAGE][PASSED] - Text 'MI000936' is set on object 'Object Repository/1. Constant/xpath'

2022-06-17 18:38:12 - [MESSAGE][PASSED] - Delayed 3 second(s)

2022-06-17 18:38:16 - [MESSAGE][PASSED] - Object: 'Object Repository/HL Full Lifecycle/9 Filter_Button_Apply' is clicked on

2022-06-17 18:38:21 - [MESSAGE][PASSED] - Delayed 5 second(s)

2022-06-17 18:38:21 - [TEST_STEP][PASSED] - click(findTestObject("Object Repository/StarPack - Full Lifecycle (AWIS)/6.02 suser id_source_refID__td4_a1", ["refID":"source_" + refID])): Object: 'Object Repository/StarPack - Full Lifecycle (AWIS)/6.02 suser id_source_refID__td4_a1' is clicked on

2022-06-17 18:38:23 - [MESSAGE][PASSED] - Object: 'Object Repository/StarPack - Full Lifecycle (AWIS)/6.02 suser id_source_refID__td4_a1' is clicked on

2022-06-17 18:38:23 - [TEST_STEP][PASSED] - I.Approvepermanentlyforothers("//*[@id="level_apl_1"]/div[2]/div[4]/div/div", "//*[@id="level_apl_1"]/div[2]/div[4]/div/div/div[6]/a[2]/span"): Object: 'Object Repository/1. Constant/xpath' is clicked on

2022-06-17 18:38:25 - [MESSAGE][PASSED] - Object: 'Object Repository/1. Constant/xpath' is clicked on

2022-06-17 18:38:26 - [MESSAGE][PASSED] - Delayed 1 second(s)

2022-06-17 18:38:26 - [MESSAGE][PASSED] - Object: 'Object Repository/1. Constant/xpath' is clicked on

2022-06-17 18:38:27 - [MESSAGE][PASSED] - Delayed 1 second(s)

2022-06-17 18:38:28 - [MESSAGE][PASSED] - Object: 'Object Repository/1. Constant/xpath' is hovered

2022-06-17 18:38:29 - [MESSAGE][PASSED] - Object: 'Object Repository/1. Constant/xpath' is clicked on

2022-06-17 18:38:30 - [MESSAGE][PASSED] - Delayed 1 second(s)

2022-06-17 18:38:33 - [MESSAGE][PASSED] - Object: 'Object Repository/1. Constant/xpath' is clicked on

2022-06-17 18:38:33 - [TEST_STEP][PASSED] - delay(1): Delayed 1 second(s)

2022-06-17 18:38:34 - [MESSAGE][PASSED] - Delayed 1 second(s)

2022-06-17 18:38:34 - [TEST_STEP][PASSED] - I.Approveforothers("//*[@id="level_apl_1"]/div[2]/div[2]/div/div/div[1]/img", "//*[@id="level_apl_1"]/div[2]/div[2]/div/div/div[6]/a[2]/span"): Object: 'Object Repository/1. Constant/xpath' is clicked on

2022-06-17 18:38:35 - [MESSAGE][PASSED] - Object: 'Object Repository/1. Constant/xpath' is clicked on

2022-06-17 18:38:36 - [MESSAGE][PASSED] - Delayed 1 second(s)

2022-06-17 18:38:36 - [MESSAGE][PASSED] - Object: 'Object Repository/1. Constant/xpath' is clicked on

2022-06-17 18:38:37 - [MESSAGE][PASSED] - Delayed 1 second(s)

2022-06-17 18:38:37 - [MESSAGE][PASSED] - Object: 'Object Repository/1. Constant/xpath' is hovered

2022-06-17 18:38:38 - [MESSAGE][PASSED] - Object: 'Object Repository/1. Constant/xpath' is clicked on

2022-06-17 18:38:39 - [MESSAGE][PASSED] - Delayed 1 second(s)

2022-06-17 18:38:43 - [MESSAGE][PASSED] - Object: 'Object Repository/1. Constant/xpath' is clicked on

2022-06-17 18:38:43 - [TEST_STEP][PASSED] - delay(1): Delayed 1 second(s)

2022-06-17 18:38:44 - [MESSAGE][PASSED] - Delayed 1 second(s)

2022-06-17 18:38:44 - [TEST_STEP][PASSED] - I.Approveforothers("//*[@id="level_apl_2"]/div[2]/div[2]/div/div", "//*[@id="level_apl_2"]/div[2]/div[2]/div/div/div[6]/a[2]/span"): Object: 'Object Repository/1. Constant/xpath' is clicked on

2022-06-17 18:38:44 - [MESSAGE][PASSED] - Object: 'Object Repository/1. Constant/xpath' is clicked on

2022-06-17 18:38:45 - [MESSAGE][PASSED] - Delayed 1 second(s)

2022-06-17 18:38:45 - [MESSAGE][PASSED] - Object: 'Object Repository/1. Constant/xpath' is clicked on

2022-06-17 18:38:46 - [MESSAGE][PASSED] - Delayed 1 second(s)

2022-06-17 18:38:47 - [MESSAGE][PASSED] - Object: 'Object Repository/1. Constant/xpath' is hovered

2022-06-17 18:38:47 - [MESSAGE][PASSED] - Object: 'Object Repository/1. Constant/xpath' is clicked on

2022-06-17 18:38:48 - [MESSAGE][PASSED] - Delayed 1 second(s)

2022-06-17 18:38:52 - [MESSAGE][PASSED] - Object: 'Object Repository/1. Constant/xpath' is clicked on

2022-06-17 18:38:52 - [TEST_STEP][PASSED] - delay(1): Delayed 1 second(s)

2022-06-17 18:38:53 - [MESSAGE][PASSED] - Delayed 1 second(s)

2022-06-17 18:38:53 - [TEST_STEP][PASSED] - I.Logout(): Delayed 3 second(s)

2022-06-17 18:38:56 - [MESSAGE][PASSED] - Delayed 3 second(s)

2022-06-17 18:38:57 - [MESSAGE][PASSED] - Object: 'Object Repository/1. Constant/xpath' is clicked on

2022-06-17 18:39:00 - [MESSAGE][PASSED] - Delayed 3 second(s)

2022-06-17 18:39:01 - [MESSAGE][PASSED] - Object: 'Object Repository/1. Constant/xpath' is clicked on

2022-06-17 18:39:04 - [MESSAGE][PASSED] - Delayed 3 second(s)

2022-06-17 18:39:04 - [TEST_STEP][PASSED] - I.Login_password("agluszczynska", password_agluszczynska): Object: 'Object Repository/1. Constant/xpath' is clicked on

2022-06-17 18:39:04 - [MESSAGE][PASSED] - Text 'agluszczynska' is set on object 'Object Repository/1. Constant/xpath'

2022-06-17 18:39:05 - [MESSAGE][PASSED] - Delayed 1 second(s)

2022-06-17 18:39:05 - [MESSAGE][PASSED] - Text 'diadeis' is set on object 'Object Repository/1. Constant/xpath'

2022-06-17 18:39:06 - [MESSAGE][PASSED] - Delayed 1 second(s)

2022-06-17 18:39:09 - [MESSAGE][PASSED] - Object: 'Object Repository/1. Constant/xpath' is clicked on

2022-06-17 18:39:09 - [TEST_STEP][PASSED] - takeScreenshot(): Taking screenshot successfully

2022-06-17 18:39:10 - [MESSAGE][PASSED] - Taking screenshot successfully
[[ATTACHMENT|D:\\Projet Test Auto\\Mediabox Test Automation [Test]\\Reports\\20220617_181206\\z01. Test Suites\\202. TestStarPack Full Lifecycle _Change of Rights_SAS\\20220617_181211\\1655483950017.png]]

2022-06-17 18:39:10 - [TEST_STEP][PASSED] - click(findTestObject("1. Constant/02_LHSMenu_Projects")): Object: 'Object Repository/1. Constant/02_LHSMenu_Projects' is clicked on

2022-06-17 18:39:12 - [MESSAGE][PASSED] - Object: 'Object Repository/1. Constant/02_LHSMenu_Projects' is clicked on

2022-06-17 18:39:12 - [TEST_STEP][PASSED] - I.SearchProjectNo(Project_No, findTestObject("HL Full Lifecycle/9 Filter_Button_Apply")): Delayed 5 second(s)

2022-06-17 18:39:13 - [MESSAGE][PASSED] - Text 'MI000936' is set on object 'Object Repository/1. Constant/xpath'

2022-06-17 18:39:16 - [MESSAGE][PASSED] - Delayed 3 second(s)

2022-06-17 18:39:19 - [MESSAGE][PASSED] - Object: 'Object Repository/HL Full Lifecycle/9 Filter_Button_Apply' is clicked on

2022-06-17 18:39:24 - [MESSAGE][PASSED] - Delayed 5 second(s)

2022-06-17 18:39:24 - [TEST_STEP][PASSED] - click(findTestObject("Object Repository/StarPack - Full Lifecycle (AWIS)/6.01 Anais id_refID_a2", ["refID":"ancre_" + refID_PS])): Object: 'Object Repository/StarPack - Full Lifecycle (AWIS)/6.01 Anais id_refID_a2' is clicked on

2022-06-17 18:39:26 - [MESSAGE][PASSED] - Object: 'Object Repository/StarPack - Full Lifecycle (AWIS)/6.01 Anais id_refID_a2' is clicked on

2022-06-17 18:39:26 - [TEST_STEP][PASSED] - I.UploadDoc_sendkey_field("//*[@id="var_25"]", "D:\Upoad_File\Upload doc\testdata1.pdf", "testdata1"): Text 'testdata1' is present on page 

2022-06-17 18:39:28 - [MESSAGE][PASSED] - Delayed 2 second(s)

2022-06-17 18:39:28 - [MESSAGE][PASSED] - Keys 'D:\Upoad_File\Upload doc\testdata1.pdf' sent to object: 'Object Repository/1. Constant/xpath'

2022-06-17 18:39:28 - [MESSAGE][PASSED] - Text 'testdata1' is present on page 

2022-06-17 18:39:28 - [TEST_STEP][PASSED] - click(findTestObject("1. Constant/xpath", ["xpath":"//*[@id="ModifFiche"]/div[3]/div/button[2]"])): Object: 'Object Repository/1. Constant/xpath' is clicked on

2022-06-17 18:39:36 - [MESSAGE][PASSED] - Object: 'Object Repository/1. Constant/xpath' is clicked on

2022-06-17 18:39:36 - [TEST_STEP][PASSED] - I.Logout(): Delayed 3 second(s)

2022-06-17 18:39:39 - [MESSAGE][PASSED] - Delayed 3 second(s)

2022-06-17 18:39:39 - [MESSAGE][PASSED] - Object: 'Object Repository/1. Constant/xpath' is clicked on

2022-06-17 18:39:42 - [MESSAGE][PASSED] - Delayed 3 second(s)

2022-06-17 18:39:44 - [MESSAGE][PASSED] - Object: 'Object Repository/1. Constant/xpath' is clicked on

2022-06-17 18:39:47 - [MESSAGE][PASSED] - Delayed 3 second(s)

2022-06-17 18:39:47 - [TEST_STEP][PASSED] - I.Login_password("aherms", password_aherms): Object: 'Object Repository/1. Constant/xpath' is clicked on

2022-06-17 18:39:47 - [MESSAGE][PASSED] - Text 'aherms' is set on object 'Object Repository/1. Constant/xpath'

2022-06-17 18:39:48 - [MESSAGE][PASSED] - Delayed 1 second(s)

2022-06-17 18:39:48 - [MESSAGE][PASSED] - Text 'diadeis' is set on object 'Object Repository/1. Constant/xpath'

2022-06-17 18:39:49 - [MESSAGE][PASSED] - Delayed 1 second(s)

2022-06-17 18:39:52 - [MESSAGE][PASSED] - Object: 'Object Repository/1. Constant/xpath' is clicked on

2022-06-17 18:39:52 - [TEST_STEP][PASSED] - takeScreenshot(): Taking screenshot successfully

2022-06-17 18:39:52 - [MESSAGE][PASSED] - Taking screenshot successfully
[[ATTACHMENT|D:\\Projet Test Auto\\Mediabox Test Automation [Test]\\Reports\\20220617_181206\\z01. Test Suites\\202. TestStarPack Full Lifecycle _Change of Rights_SAS\\20220617_181211\\1655483992616.png]]

2022-06-17 18:39:52 - [TEST_STEP][PASSED] - click(findTestObject("1. Constant/02_LHSMenu_Projects")): Object: 'Object Repository/1. Constant/02_LHSMenu_Projects' is clicked on

2022-06-17 18:40:01 - [MESSAGE][PASSED] - Object: 'Object Repository/1. Constant/02_LHSMenu_Projects' is clicked on

2022-06-17 18:40:01 - [TEST_STEP][PASSED] - I.SearchProjectNo(Project_No, findTestObject("HL Full Lifecycle/9 Filter_Button_Apply")): Delayed 5 second(s)

2022-06-17 18:40:02 - [MESSAGE][PASSED] - Text 'MI000936' is set on object 'Object Repository/1. Constant/xpath'

2022-06-17 18:40:05 - [MESSAGE][PASSED] - Delayed 3 second(s)

2022-06-17 18:40:08 - [MESSAGE][PASSED] - Object: 'Object Repository/HL Full Lifecycle/9 Filter_Button_Apply' is clicked on

2022-06-17 18:40:13 - [MESSAGE][PASSED] - Delayed 5 second(s)

2022-06-17 18:40:13 - [TEST_STEP][PASSED] - color3 = getCSSValue(findTestObject("Object Repository/StarPack - Full Lifecycle (AWIS)/6.01 Anais id_refID_a2", ["refID":"ancre_" + refID_PS]), "color", OPTIONAL): Get CSS 'color' value on 'Object Repository/StarPack - Full Lifecycle (AWIS)/6.01 Anais id_refID_a2' successfully: 'rgba(255, 255, 255, 1)'.

2022-06-17 18:40:13 - [MESSAGE][PASSED] - Get CSS 'color' value on 'Object Repository/StarPack - Full Lifecycle (AWIS)/6.01 Anais id_refID_a2' successfully: 'rgba(255, 255, 255, 1)'.

2022-06-17 18:40:13 - [TEST_STEP][PASSED] - while (color3 == "rgba(255, 255, 255, 1)"): null

2022-06-17 18:40:13 - [TEST_STEP][PASSED] - click(findTestObject("Object Repository/StarPack - Full Lifecycle (AWIS)/6.01 Anais id_refID_a2", ["refID":"ancre_" + refID_PS])): Object: 'Object Repository/StarPack - Full Lifecycle (AWIS)/6.01 Anais id_refID_a2' is clicked on

2022-06-17 18:40:16 - [MESSAGE][PASSED] - Object: 'Object Repository/StarPack - Full Lifecycle (AWIS)/6.01 Anais id_refID_a2' is clicked on

2022-06-17 18:40:16 - [TEST_STEP][PASSED] - takeScreenshot(): Taking screenshot successfully

2022-06-17 18:40:17 - [MESSAGE][PASSED] - Taking screenshot successfully
[[ATTACHMENT|D:\\Projet Test Auto\\Mediabox Test Automation [Test]\\Reports\\20220617_181206\\z01. Test Suites\\202. TestStarPack Full Lifecycle _Change of Rights_SAS\\20220617_181211\\1655484016903.png]]

2022-06-17 18:40:17 - [TEST_STEP][PASSED] - I.UploadDoc_sendkey_Prod(findTestObject("1. Constant/xpath", ["xpath":"//*[@id="kt_body"]/input[2]"]), "D:\Upoad_File\Upload doc\testdataaddition1.jpg", "testdataaddition1.jpg"): Delayed 5 second(s)

2022-06-17 18:40:17 - [MESSAGE][PASSED] - Scroll to object 'Object Repository/1. Constant/xpath' successfully

2022-06-17 18:40:22 - [MESSAGE][PASSED] - Delayed 5 second(s)

2022-06-17 18:40:22 - [MESSAGE][PASSED] - File 'D:\Upoad_File\Upload doc\testdataaddition1.jpg' sent to object: 'Object Repository/1. Constant/xpath'

2022-06-17 18:40:27 - [MESSAGE][PASSED] - Delayed 5 second(s)

2022-06-17 18:40:28 - [MESSAGE][PASSED] - Text 'testdataaddition1.jpg' is present on page 

2022-06-17 18:40:33 - [MESSAGE][PASSED] - Delayed 5 second(s)

2022-06-17 18:40:38 - [MESSAGE][PASSED] - Delayed 5 second(s)

2022-06-17 18:40:38 - [TEST_STEP][PASSED] - takeScreenshot(): Taking screenshot successfully

2022-06-17 18:40:38 - [MESSAGE][PASSED] - Taking screenshot successfully
[[ATTACHMENT|D:\\Projet Test Auto\\Mediabox Test Automation [Test]\\Reports\\20220617_181206\\z01. Test Suites\\202. TestStarPack Full Lifecycle _Change of Rights_SAS\\20220617_181211\\1655484038267.png]]

2022-06-17 18:40:38 - [TEST_STEP][PASSED] - delay(10): Delayed 10 second(s)

2022-06-17 18:40:48 - [MESSAGE][PASSED] - Delayed 10 second(s)

2022-06-17 18:40:48 - [TEST_STEP][PASSED] - I.click_button_javascript(findTestObject("Object Repository/HL Full Lifecycle/12 ReferncePage_Button_Updatensenddoc")): Execute JavaScript 'arguments[0].click()' successfully

2022-06-17 18:40:57 - [MESSAGE][PASSED] - Execute JavaScript 'arguments[0].click()' successfully

2022-06-17 18:40:57 - [TEST_STEP][PASSED] - delay(5): Delayed 5 second(s)

2022-06-17 18:41:02 - [MESSAGE][PASSED] - Delayed 5 second(s)

2022-06-17 18:41:02 - [TEST_STEP][PASSED] - if (verifyElementPresent(findTestObject("Object Repository/StarPack - Full Lifecycle (AWIS)/6.01 Anais id_refID_a2", ["refID":"ancre_" + refID_PS]), 10, OPTIONAL)): com.kms.katalon.core.webui.exception.WebElementNotFoundException: Web element with id: 'Object Repository/StarPack - Full Lifecycle (AWIS)/6.01 Anais id_refID_a2' located by '//*[@id="ancre_5881"]/a[2]' not found (Root cause: com.kms.katalon.core.exception.StepFailedException: com.kms.katalon.core.webui.exception.WebElementNotFoundException: Web element with id: 'Object Repository/StarPack - Full Lifecycle (AWIS)/6.01 Anais id_refID_a2' located by '//*[@id="ancre_5881"]/a[2]' not found
	at com.kms.katalon.core.webui.keyword.internal.WebUIKeywordMain.stepFailed(WebUIKeywordMain.groovy:64)
	at com.kms.katalon.core.webui.keyword.builtin.VerifyElementPresentKeyword$_verifyElementPresent_closure1.doCall(VerifyElementPresentKeyword.groovy:85)
	at com.kms.katalon.core.webui.keyword.builtin.VerifyElementPresentKeyword$_verifyElementPresent_closure1.call(VerifyElementPresentKeyword.groovy)
	at com.kms.katalon.core.webui.keyword.internal.WebUIKeywordMain.runKeyword(WebUIKeywordMain.groovy:20)
	at com.kms.katalon.core.webui.keyword.builtin.VerifyElementPresentKeyword.verifyElementPresent(VerifyElementPresentKeyword.groovy:92)
	at com.kms.katalon.core.webui.keyword.builtin.VerifyElementPresentKeyword.execute(VerifyElementPresentKeyword.groovy:68)
	at com.kms.katalon.core.keyword.internal.KeywordExecutor.executeKeywordForPlatform(KeywordExecutor.groovy:74)
	at com.kms.katalon.core.webui.keyword.WebUiBuiltInKeywords.verifyElementPresent(WebUiBuiltInKeywords.groovy:1448)
	at com.kms.katalon.core.webui.keyword.WebUiBuiltInKeywords$verifyElementPresent$18.call(Unknown Source)
	at 202.01 TestStarPack Full Lifecycle CreationDaughRef 202.02 P2.run(202.01 TestStarPack Full Lifecycle CreationDaughRef 202.02 P2:794)
	at com.kms.katalon.core.main.ScriptEngine.run(ScriptEngine.java:194)
	at com.kms.katalon.core.main.ScriptEngine.runScriptAsRawText(ScriptEngine.java:119)
	at com.kms.katalon.core.main.TestCaseExecutor.runScript(TestCaseExecutor.java:445)
	at com.kms.katalon.core.main.TestCaseExecutor.doExecute(TestCaseExecutor.java:436)
	at com.kms.katalon.core.main.TestCaseExecutor.processExecutionPhase(TestCaseExecutor.java:415)
	at com.kms.katalon.core.main.TestCaseExecutor.accessMainPhase(TestCaseExecutor.java:407)
	at com.kms.katalon.core.main.TestCaseExecutor.execute(TestCaseExecutor.java:284)
	at com.kms.katalon.core.common.CommonExecutor.accessTestCaseMainPhase(CommonExecutor.java:65)
	at com.kms.katalon.core.main.TestSuiteExecutor.accessTestSuiteMainPhase(TestSuiteExecutor.java:144)
	at com.kms.katalon.core.main.TestSuiteExecutor.execute(TestSuiteExecutor.java:106)
	at com.kms.katalon.core.main.TestCaseMain.startTestSuite(TestCaseMain.java:185)
	at com.kms.katalon.core.main.TestCaseMain$startTestSuite$0.call(Unknown Source)
	at TempTestSuite1655482331260.run(TempTestSuite1655482331260.groovy:36)
)

2022-06-17 18:41:13 - [MESSAGE][INFO] - Unable to find the element located by 'By.xpath: //*[@id="ancre_5881"]/a[2]'. Please recheck the objects properties to make sure the desired element is located. 

2022-06-17 18:41:14 - [MESSAGE][WARNING] - com.kms.katalon.core.webui.exception.WebElementNotFoundException: Web element with id: 'Object Repository/StarPack - Full Lifecycle (AWIS)/6.01 Anais id_refID_a2' located by '//*[@id="ancre_5881"]/a[2]' not found (Root cause: com.kms.katalon.core.exception.StepFailedException: com.kms.katalon.core.webui.exception.WebElementNotFoundException: Web element with id: 'Object Repository/StarPack - Full Lifecycle (AWIS)/6.01 Anais id_refID_a2' located by '//*[@id="ancre_5881"]/a[2]' not found
	at com.kms.katalon.core.webui.keyword.internal.WebUIKeywordMain.stepFailed(WebUIKeywordMain.groovy:64)
	at com.kms.katalon.core.webui.keyword.builtin.VerifyElementPresentKeyword$_verifyElementPresent_closure1.doCall(VerifyElementPresentKeyword.groovy:85)
	at com.kms.katalon.core.webui.keyword.builtin.VerifyElementPresentKeyword$_verifyElementPresent_closure1.call(VerifyElementPresentKeyword.groovy)
	at com.kms.katalon.core.webui.keyword.internal.WebUIKeywordMain.runKeyword(WebUIKeywordMain.groovy:20)
	at com.kms.katalon.core.webui.keyword.builtin.VerifyElementPresentKeyword.verifyElementPresent(VerifyElementPresentKeyword.groovy:92)
	at com.kms.katalon.core.webui.keyword.builtin.VerifyElementPresentKeyword.execute(VerifyElementPresentKeyword.groovy:68)
	at com.kms.katalon.core.keyword.internal.KeywordExecutor.executeKeywordForPlatform(KeywordExecutor.groovy:74)
	at com.kms.katalon.core.webui.keyword.WebUiBuiltInKeywords.verifyElementPresent(WebUiBuiltInKeywords.groovy:1448)
	at com.kms.katalon.core.webui.keyword.WebUiBuiltInKeywords$verifyElementPresent$18.call(Unknown Source)
	at 202.01 TestStarPack Full Lifecycle CreationDaughRef 202.02 P2.run(202.01 TestStarPack Full Lifecycle CreationDaughRef 202.02 P2:794)
	at com.kms.katalon.core.main.ScriptEngine.run(ScriptEngine.java:194)
	at com.kms.katalon.core.main.ScriptEngine.runScriptAsRawText(ScriptEngine.java:119)
	at com.kms.katalon.core.main.TestCaseExecutor.runScript(TestCaseExecutor.java:445)
	at com.kms.katalon.core.main.TestCaseExecutor.doExecute(TestCaseExecutor.java:436)
	at com.kms.katalon.core.main.TestCaseExecutor.processExecutionPhase(TestCaseExecutor.java:415)
	at com.kms.katalon.core.main.TestCaseExecutor.accessMainPhase(TestCaseExecutor.java:407)
	at com.kms.katalon.core.main.TestCaseExecutor.execute(TestCaseExecutor.java:284)
	at com.kms.katalon.core.common.CommonExecutor.accessTestCaseMainPhase(CommonExecutor.java:65)
	at com.kms.katalon.core.main.TestSuiteExecutor.accessTestSuiteMainPhase(TestSuiteExecutor.java:144)
	at com.kms.katalon.core.main.TestSuiteExecutor.execute(TestSuiteExecutor.java:106)
	at com.kms.katalon.core.main.TestCaseMain.startTestSuite(TestCaseMain.java:185)
	at com.kms.katalon.core.main.TestCaseMain$startTestSuite$0.call(Unknown Source)
	at TempTestSuite1655482331260.run(TempTestSuite1655482331260.groovy:36)
)
[[ATTACHMENT|D:\\Projet Test Auto\\Mediabox Test Automation [Test]\\Reports\\20220617_181206\\z01. Test Suites\\202. TestStarPack Full Lifecycle _Change of Rights_SAS\\20220617_181211\\1655484073570.png]]

2022-06-17 18:41:14 - [TEST_STEP][PASSED] - else: null

2022-06-17 18:41:14 - [TEST_STEP][PASSED] - color3 = "white": null

2022-06-17 18:41:14 - [TEST_STEP][PASSED] - I.Logout(): Delayed 3 second(s)

2022-06-17 18:41:17 - [MESSAGE][PASSED] - Delayed 3 second(s)

2022-06-17 18:41:17 - [MESSAGE][PASSED] - Object: 'Object Repository/1. Constant/xpath' is clicked on

2022-06-17 18:41:20 - [MESSAGE][PASSED] - Delayed 3 second(s)

2022-06-17 18:41:22 - [MESSAGE][PASSED] - Object: 'Object Repository/1. Constant/xpath' is clicked on

2022-06-17 18:41:25 - [MESSAGE][PASSED] - Delayed 3 second(s)

2022-06-17 18:41:25 - [TEST_STEP][PASSED] - I.Login_password("aterreshernandez", password_aterreshernandez): Object: 'Object Repository/1. Constant/xpath' is clicked on

2022-06-17 18:41:26 - [MESSAGE][PASSED] - Text 'aterreshernandez' is set on object 'Object Repository/1. Constant/xpath'

2022-06-17 18:41:27 - [MESSAGE][PASSED] - Delayed 1 second(s)

2022-06-17 18:41:27 - [MESSAGE][PASSED] - Text 'diadeis' is set on object 'Object Repository/1. Constant/xpath'

2022-06-17 18:41:28 - [MESSAGE][PASSED] - Delayed 1 second(s)

2022-06-17 18:41:33 - [MESSAGE][PASSED] - Object: 'Object Repository/1. Constant/xpath' is clicked on

2022-06-17 18:41:33 - [TEST_STEP][PASSED] - takeScreenshot(): Taking screenshot successfully

2022-06-17 18:41:33 - [MESSAGE][PASSED] - Taking screenshot successfully
[[ATTACHMENT|D:\\Projet Test Auto\\Mediabox Test Automation [Test]\\Reports\\20220617_181206\\z01. Test Suites\\202. TestStarPack Full Lifecycle _Change of Rights_SAS\\20220617_181211\\1655484093298.png]]

2022-06-17 18:41:33 - [TEST_STEP][PASSED] - click(findTestObject("1. Constant/02_LHSMenu_Projects")): Object: 'Object Repository/1. Constant/02_LHSMenu_Projects' is clicked on

2022-06-17 18:41:37 - [MESSAGE][PASSED] - Object: 'Object Repository/1. Constant/02_LHSMenu_Projects' is clicked on

2022-06-17 18:41:37 - [TEST_STEP][PASSED] - I.SearchProjectNo(Project_No, findTestObject("1. Constant/xpath", ["xpath":"//*[@id="form_filters"]/div[7]/button"])): Delayed 5 second(s)

2022-06-17 18:41:37 - [MESSAGE][PASSED] - Text 'MI000936' is set on object 'Object Repository/1. Constant/xpath'

2022-06-17 18:41:40 - [MESSAGE][PASSED] - Delayed 3 second(s)

2022-06-17 18:41:45 - [MESSAGE][PASSED] - Object: 'Object Repository/1. Constant/xpath' is clicked on

2022-06-17 18:41:50 - [MESSAGE][PASSED] - Delayed 5 second(s)

2022-06-17 18:41:50 - [TEST_STEP][PASSED] - click(findTestObject("Object Repository/StarPack - Full Lifecycle (AWIS)/6.01 Anais id_refID_a2", ["refID":"ancre_" + refID_PS])): Object: 'Object Repository/StarPack - Full Lifecycle (AWIS)/6.01 Anais id_refID_a2' is clicked on

2022-06-17 18:41:53 - [MESSAGE][PASSED] - Object: 'Object Repository/StarPack - Full Lifecycle (AWIS)/6.01 Anais id_refID_a2' is clicked on

2022-06-17 18:41:53 - [TEST_STEP][PASSED] - I.AWF_approve_view(): Object: 'Object Repository/HL Full Lifecycle/Function_Appbutton2' is clicked on

2022-06-17 18:41:55 - [MESSAGE][PASSED] - Wait for page load successfully

2022-06-17 18:42:05 - [MESSAGE][PASSED] - Delayed 10 second(s)

2022-06-17 18:42:05 - [MESSAGE][PASSED] - Object: 'Object Repository/HL Full Lifecycle/Function_access Viewer2' is hovered

2022-06-17 18:42:08 - [MESSAGE][PASSED] - Delayed 3 second(s)

2022-06-17 18:42:08 - [MESSAGE][PASSED] - Object: 'Object Repository/HL Full Lifecycle/Function_access Viewer2' is clicked on

2022-06-17 18:42:14 - [MESSAGE][PASSED] - Delayed 5 second(s)

2022-06-17 18:42:14 - [MESSAGE][PASSED] - Object: 'Object Repository/HL Full Lifecycle/Function_AppButton' is clicked on

2022-06-17 18:42:19 - [MESSAGE][PASSED] - Delayed 5 second(s)

2022-06-17 18:42:26 - [MESSAGE][PASSED] - Object: 'Object Repository/HL Full Lifecycle/Function_Appbutton2' is clicked on

2022-06-17 18:42:26 - [TEST_STEP][PASSED] - I.Logout(): Delayed 3 second(s)

2022-06-17 18:42:29 - [MESSAGE][PASSED] - Delayed 3 second(s)

2022-06-17 18:42:30 - [MESSAGE][PASSED] - Object: 'Object Repository/1. Constant/xpath' is clicked on

2022-06-17 18:42:33 - [MESSAGE][PASSED] - Delayed 3 second(s)

2022-06-17 18:42:34 - [MESSAGE][PASSED] - Object: 'Object Repository/1. Constant/xpath' is clicked on

2022-06-17 18:42:37 - [MESSAGE][PASSED] - Delayed 3 second(s)

2022-06-17 18:42:37 - [TEST_STEP][PASSED] - I.Login_password("aherms", password_aherms): Object: 'Object Repository/1. Constant/xpath' is clicked on

2022-06-17 18:42:37 - [MESSAGE][PASSED] - Text 'aherms' is set on object 'Object Repository/1. Constant/xpath'

2022-06-17 18:42:39 - [MESSAGE][PASSED] - Delayed 1 second(s)

2022-06-17 18:42:39 - [MESSAGE][PASSED] - Text 'diadeis' is set on object 'Object Repository/1. Constant/xpath'

2022-06-17 18:42:40 - [MESSAGE][PASSED] - Delayed 1 second(s)

2022-06-17 18:42:42 - [MESSAGE][PASSED] - Object: 'Object Repository/1. Constant/xpath' is clicked on

2022-06-17 18:42:42 - [TEST_STEP][PASSED] - takeScreenshot(): Taking screenshot successfully

2022-06-17 18:42:43 - [MESSAGE][PASSED] - Taking screenshot successfully
[[ATTACHMENT|D:\\Projet Test Auto\\Mediabox Test Automation [Test]\\Reports\\20220617_181206\\z01. Test Suites\\202. TestStarPack Full Lifecycle _Change of Rights_SAS\\20220617_181211\\1655484162715.png]]

2022-06-17 18:42:43 - [TEST_STEP][PASSED] - click(findTestObject("1. Constant/02_LHSMenu_Projects")): Object: 'Object Repository/1. Constant/02_LHSMenu_Projects' is clicked on

2022-06-17 18:42:51 - [MESSAGE][PASSED] - Object: 'Object Repository/1. Constant/02_LHSMenu_Projects' is clicked on

2022-06-17 18:42:51 - [TEST_STEP][PASSED] - I.SearchProjectNo(Project_No, findTestObject("HL Full Lifecycle/9 Filter_Button_Apply")): Delayed 5 second(s)

2022-06-17 18:42:52 - [MESSAGE][PASSED] - Text 'MI000936' is set on object 'Object Repository/1. Constant/xpath'

2022-06-17 18:42:55 - [MESSAGE][PASSED] - Delayed 3 second(s)

2022-06-17 18:42:58 - [MESSAGE][PASSED] - Object: 'Object Repository/HL Full Lifecycle/9 Filter_Button_Apply' is clicked on

2022-06-17 18:43:03 - [MESSAGE][PASSED] - Delayed 5 second(s)

2022-06-17 18:43:03 - [TEST_STEP][PASSED] - click(findTestObject("Object Repository/StarPack - Full Lifecycle (AWIS)/6.01 Anais id_refID_a2", ["refID":"ancre_" + refID_PS])): Object: 'Object Repository/StarPack - Full Lifecycle (AWIS)/6.01 Anais id_refID_a2' is clicked on

2022-06-17 18:43:05 - [MESSAGE][PASSED] - Object: 'Object Repository/StarPack - Full Lifecycle (AWIS)/6.01 Anais id_refID_a2' is clicked on

2022-06-17 18:43:05 - [TEST_STEP][PASSED] - setText(findTestObject("1. Constant/01_id_field_id", ["field_id":"var_48"]), "Número de seguimiento del envío de la muestra de packagingmandatory"): Text 'Número de seguimiento del envío de la muestra de packagingmandatory' is set on object 'Object Repository/1. Constant/01_id_field_id'

2022-06-17 18:43:05 - [MESSAGE][PASSED] - Text 'Número de seguimiento del envío de la muestra de packagingmandatory' is set on object 'Object Repository/1. Constant/01_id_field_id'

2022-06-17 18:43:05 - [TEST_STEP][PASSED] - click(findTestObject("1. Constant/xpath", ["xpath":"//*[@id="ModifFiche"]/div[3]/div/button[2]"])): Object: 'Object Repository/1. Constant/xpath' is clicked on

2022-06-17 18:43:13 - [MESSAGE][PASSED] - Object: 'Object Repository/1. Constant/xpath' is clicked on

2022-06-17 18:43:13 - [TEST_STEP][PASSED] - I.Logout(): Delayed 3 second(s)

2022-06-17 18:43:16 - [MESSAGE][PASSED] - Delayed 3 second(s)

2022-06-17 18:43:16 - [MESSAGE][PASSED] - Object: 'Object Repository/1. Constant/xpath' is clicked on

2022-06-17 18:43:19 - [MESSAGE][PASSED] - Delayed 3 second(s)

2022-06-17 18:43:21 - [MESSAGE][PASSED] - Object: 'Object Repository/1. Constant/xpath' is clicked on

2022-06-17 18:43:24 - [MESSAGE][PASSED] - Delayed 3 second(s)

2022-06-17 18:43:24 - [TEST_STEP][PASSED] - I.Login_password("aterreshernandez", password_aterreshernandez): Object: 'Object Repository/1. Constant/xpath' is clicked on

2022-06-17 18:43:25 - [MESSAGE][PASSED] - Text 'aterreshernandez' is set on object 'Object Repository/1. Constant/xpath'

2022-06-17 18:43:26 - [MESSAGE][PASSED] - Delayed 1 second(s)

2022-06-17 18:43:26 - [MESSAGE][PASSED] - Text 'diadeis' is set on object 'Object Repository/1. Constant/xpath'

2022-06-17 18:43:27 - [MESSAGE][PASSED] - Delayed 1 second(s)

2022-06-17 18:43:31 - [MESSAGE][PASSED] - Object: 'Object Repository/1. Constant/xpath' is clicked on

2022-06-17 18:43:31 - [TEST_STEP][PASSED] - takeScreenshot(): Taking screenshot successfully

2022-06-17 18:43:31 - [MESSAGE][PASSED] - Taking screenshot successfully
[[ATTACHMENT|D:\\Projet Test Auto\\Mediabox Test Automation [Test]\\Reports\\20220617_181206\\z01. Test Suites\\202. TestStarPack Full Lifecycle _Change of Rights_SAS\\20220617_181211\\1655484211342.png]]

2022-06-17 18:43:31 - [TEST_STEP][PASSED] - click(findTestObject("1. Constant/02_LHSMenu_Projects")): Object: 'Object Repository/1. Constant/02_LHSMenu_Projects' is clicked on

2022-06-17 18:43:34 - [MESSAGE][PASSED] - Object: 'Object Repository/1. Constant/02_LHSMenu_Projects' is clicked on

2022-06-17 18:43:34 - [TEST_STEP][PASSED] - I.SearchProjectNo(Project_No, findTestObject("1. Constant/xpath", ["xpath":"//*[@id="form_filters"]/div[7]/button"])): Delayed 5 second(s)

2022-06-17 18:43:35 - [MESSAGE][PASSED] - Text 'MI000936' is set on object 'Object Repository/1. Constant/xpath'

2022-06-17 18:43:38 - [MESSAGE][PASSED] - Delayed 3 second(s)

2022-06-17 18:43:42 - [MESSAGE][PASSED] - Object: 'Object Repository/1. Constant/xpath' is clicked on

2022-06-17 18:43:47 - [MESSAGE][PASSED] - Delayed 5 second(s)

2022-06-17 18:43:47 - [TEST_STEP][PASSED] - click(findTestObject("Object Repository/StarPack - Full Lifecycle (AWIS)/6.01 Anais id_refID_a2", ["refID":"ancre_" + refID_PS])): Object: 'Object Repository/StarPack - Full Lifecycle (AWIS)/6.01 Anais id_refID_a2' is clicked on

2022-06-17 18:43:53 - [MESSAGE][PASSED] - Object: 'Object Repository/StarPack - Full Lifecycle (AWIS)/6.01 Anais id_refID_a2' is clicked on

2022-06-17 18:43:53 - [TEST_STEP][PASSED] - I.status_lifecycle(findTestObject("1. Constant/xpath", ["xpath":"/html/body/div[1]/div[2]/div[4]/div[3]/div/div[2]/div[2]/div[1]/table/tbody/tr[2]/td[7]/span"]), "Completado"): Status contain Completado.

2022-06-17 18:43:53 - [MESSAGE][PASSED] - Text of object 'Object Repository/1. Constant/xpath' is: 'Completado'

2022-06-17 18:43:53 - [MESSAGE][PASSED] - Status contain Completado.

2022-06-17 18:43:53 - [TEST_STEP][PASSED] - takeScreenshot(): Taking screenshot successfully

2022-06-17 18:43:54 - [MESSAGE][PASSED] - Taking screenshot successfully
[[ATTACHMENT|D:\\Projet Test Auto\\Mediabox Test Automation [Test]\\Reports\\20220617_181206\\z01. Test Suites\\202. TestStarPack Full Lifecycle _Change of Rights_SAS\\20220617_181211\\1655484233508.png]]

2022-06-17 18:43:54 - [TEST_STEP][PASSED] - closeBrowser(): Browser is closed

2022-06-17 18:43:54 - [MESSAGE][PASSED] - Browser is closed

2022-06-17 18:43:54 - [TEST_STEP][PASSED] - Start listener action : sampleAfterTestCase: null]]></system-out>
         <system-err><![CDATA[]]></system-err>
      </testcase>
      <testcase name="Test Cases/202. TestStarPack Full Lifecycle _Change of Rights_SAS/202.02 TestStarpack Add Phase group (Completed) - Existing ref 202.01 P2" time="207.027" classname="Test Cases/202. TestStarPack Full Lifecycle _Change of Rights_SAS/202.02 TestStarpack Add Phase group (Completed) - Existing ref 202.01 P2" status="PASSED">
         <system-out><![CDATA[2022-06-17 18:43:54 - [TEST_CASE][PASSED] - Test Cases/202. TestStarPack Full Lifecycle _Change of Rights_SAS/202.02 TestStarpack Add Phase group (Completed) - Existing ref 202.01 P2: Test Cases/202. TestStarPack Full Lifecycle _Change of Rights_SAS/202.02 TestStarpack Add Phase group (Completed) - Existing ref 202.01 P2

2022-06-17 18:43:55 - [TEST_STEP][PASSED] - data = findTestData("Data Files/Username_Password/Test_Starpack"): null

2022-06-17 18:43:55 - [TEST_STEP][PASSED] - password_suser = data.getValue(2, 1): null

2022-06-17 18:43:55 - [TEST_STEP][PASSED] - password_aherms = data.getValue(2, 2): null

2022-06-17 18:43:55 - [TEST_STEP][PASSED] - data_urlTestAUTO = findTestData("Data Files/URL/URL_testauto"): null

2022-06-17 18:43:55 - [TEST_STEP][PASSED] - Url_Starpack = data_urlTestAUTO.getValue(2, 2): null

2022-06-17 18:43:55 - [TEST_STEP][PASSED] - Project_No = I.readnotepad("D:\Upoad_File\zTest_Auto\Test_Projet_ Login\StarPack\202.01 StarPack _Project_No\202.01_StarPack_ProjectNo.txt"): null

2022-06-17 18:43:55 - [TEST_STEP][PASSED] - refID = I.readnotepad("D:\Upoad_File\zTest_Auto\Test_Projet_ Login\StarPack\202.01 StarPack _Project_No\202.01_StarPack_refID.txt"): null

2022-06-17 18:43:55 - [TEST_STEP][PASSED] - refID_PS = I.readnotepad("D:\Upoad_File\zTest_Auto\Test_Projet_ Login\StarPack\202.01 StarPack _Project_No\202.01_StarPack_refID_PS.txt"): null

2022-06-17 18:43:55 - [TEST_STEP][PASSED] - refID_PTS = I.readnotepad("D:\Upoad_File\zTest_Auto\Test_Projet_ Login\StarPack\202.01 StarPack _Project_No\202.01_StarPack_refID_PTS.txt"): null

2022-06-17 18:43:55 - [TEST_STEP][PASSED] - refID_TD = I.readnotepad("D:\Upoad_File\zTest_Auto\Test_Projet_ Login\StarPack\202.01 StarPack _Project_No\202.01_StarPack_refID_TD.txt"): null

2022-06-17 18:43:55 - [TEST_STEP][PASSED] - openBrowser(Url_Starpack): Browser is opened with url: 'https://mdb-v3-test.diadeis.com/MediaboxIndependence/?MBI_datasource=RELTEST_STARPACK'

2022-06-17 18:43:55 - [MESSAGE][INFO] - Starting 'Chrome (headless)' driver

2022-06-17 18:43:55 - [MESSAGE][INFO] - User set preference: ['args', '[--window-size=1920,1080, --headless]']

2022-06-17 18:43:55 - [MESSAGE][INFO] - Action delay is set to 0 milliseconds

2022-06-17 18:44:00 - [MESSAGE][PASSED] - Browser is opened with url: 'https://mdb-v3-test.diadeis.com/MediaboxIndependence/?MBI_datasource=RELTEST_STARPACK'

2022-06-17 18:44:00 - [TEST_STEP][PASSED] - maximizeWindow(): Current window maximized

2022-06-17 18:44:00 - [MESSAGE][PASSED] - Current window maximized

2022-06-17 18:44:00 - [TEST_STEP][PASSED] - I.Login_password("suser", password_suser): Object: 'Object Repository/1. Constant/xpath' is clicked on

2022-06-17 18:44:00 - [MESSAGE][PASSED] - Text 'suser' is set on object 'Object Repository/1. Constant/xpath'

2022-06-17 18:44:01 - [MESSAGE][PASSED] - Delayed 1 second(s)

2022-06-17 18:44:02 - [MESSAGE][PASSED] - Text 'diadeis' is set on object 'Object Repository/1. Constant/xpath'

2022-06-17 18:44:03 - [MESSAGE][PASSED] - Delayed 1 second(s)

2022-06-17 18:44:06 - [MESSAGE][PASSED] - Object: 'Object Repository/1. Constant/xpath' is clicked on

2022-06-17 18:44:06 - [TEST_STEP][PASSED] - takeScreenshot(): Taking screenshot successfully

2022-06-17 18:44:07 - [MESSAGE][PASSED] - Taking screenshot successfully
[[ATTACHMENT|D:\\Projet Test Auto\\Mediabox Test Automation [Test]\\Reports\\20220617_181206\\z01. Test Suites\\202. TestStarPack Full Lifecycle _Change of Rights_SAS\\20220617_181211\\1655484246922.png]]

2022-06-17 18:44:07 - [TEST_STEP][PASSED] - click(findTestObject("1. Constant/02_LHSMenu_Projects")): Object: 'Object Repository/1. Constant/02_LHSMenu_Projects' is clicked on

2022-06-17 18:44:15 - [MESSAGE][PASSED] - Object: 'Object Repository/1. Constant/02_LHSMenu_Projects' is clicked on

2022-06-17 18:44:15 - [TEST_STEP][PASSED] - I.SearchProjectNo_xpath(Project_No, "//*[@id="keynum_project"]", "//*[@id="form_filters"]/div[4]/button"): Delayed 5 second(s)

2022-06-17 18:44:16 - [MESSAGE][PASSED] - Delayed 1 second(s)

2022-06-17 18:44:17 - [MESSAGE][PASSED] - Text 'MI000936' is set on object 'Object Repository/1. Constant/xpath'

2022-06-17 18:44:20 - [MESSAGE][PASSED] - Delayed 3 second(s)

2022-06-17 18:44:20 - [MESSAGE][PASSED] - Scroll to object 'Object Repository/1. Constant/xpath' successfully

2022-06-17 18:44:25 - [MESSAGE][PASSED] - Object: 'Object Repository/1. Constant/xpath' is clicked on

2022-06-17 18:44:30 - [MESSAGE][PASSED] - Delayed 5 second(s)

2022-06-17 18:44:30 - [TEST_STEP][PASSED] - takeScreenshot(): Taking screenshot successfully

2022-06-17 18:44:30 - [MESSAGE][PASSED] - Taking screenshot successfully
[[ATTACHMENT|D:\\Projet Test Auto\\Mediabox Test Automation [Test]\\Reports\\20220617_181206\\z01. Test Suites\\202. TestStarPack Full Lifecycle _Change of Rights_SAS\\20220617_181211\\1655484270540.png]]

2022-06-17 18:44:30 - [TEST_STEP][PASSED] - delay(1): Delayed 1 second(s)

2022-06-17 18:44:31 - [MESSAGE][PASSED] - Delayed 1 second(s)

2022-06-17 18:44:31 - [TEST_STEP][PASSED] - setText(findTestObject("1. Constant/xpath", ["xpath":"//*[@id="fiche_filter_keywords11"]"]), "PTS"): Text 'PTS' is set on object 'Object Repository/1. Constant/xpath'

2022-06-17 18:44:32 - [MESSAGE][PASSED] - Text 'PTS' is set on object 'Object Repository/1. Constant/xpath'

2022-06-17 18:44:32 - [TEST_STEP][PASSED] - takeScreenshot(): Taking screenshot successfully

2022-06-17 18:44:32 - [MESSAGE][PASSED] - Taking screenshot successfully
[[ATTACHMENT|D:\\Projet Test Auto\\Mediabox Test Automation [Test]\\Reports\\20220617_181206\\z01. Test Suites\\202. TestStarPack Full Lifecycle _Change of Rights_SAS\\20220617_181211\\1655484272267.png]]

2022-06-17 18:44:32 - [TEST_STEP][PASSED] - click(findTestObject("1. Constant/xpath", ["xpath":"//*[@id="source_" + refID_PTS + ""]/td[4]/a"])): Object: 'Object Repository/1. Constant/xpath' is clicked on

2022-06-17 18:44:35 - [MESSAGE][PASSED] - Object: 'Object Repository/1. Constant/xpath' is clicked on

2022-06-17 18:44:35 - [TEST_STEP][PASSED] - click(findTestObject("1. Constant/xpath", ["xpath":"//*[@id="kt_content"]/div[3]/div/ul/li[3]/a"])): Object: 'Object Repository/1. Constant/xpath' is clicked on

2022-06-17 18:44:36 - [MESSAGE][PASSED] - Object: 'Object Repository/1. Constant/xpath' is clicked on

2022-06-17 18:44:36 - [TEST_STEP][PASSED] - takeScreenshot(): Taking screenshot successfully

2022-06-17 18:44:36 - [MESSAGE][PASSED] - Taking screenshot successfully
[[ATTACHMENT|D:\\Projet Test Auto\\Mediabox Test Automation [Test]\\Reports\\20220617_181206\\z01. Test Suites\\202. TestStarPack Full Lifecycle _Change of Rights_SAS\\20220617_181211\\1655484276755.png]]

2022-06-17 18:44:37 - [TEST_STEP][PASSED] - click(findTestObject("1. Constant/xpath", ["xpath":"/html/body/div[1]/div[2]/div[8]/div[3]/div/div[3]/div[3]/div/ul/li/a"])): Object: 'Object Repository/1. Constant/xpath' is clicked on

2022-06-17 18:44:37 - [MESSAGE][PASSED] - Object: 'Object Repository/1. Constant/xpath' is clicked on

2022-06-17 18:44:37 - [TEST_STEP][PASSED] - takeScreenshot(): Taking screenshot successfully

2022-06-17 18:44:37 - [MESSAGE][PASSED] - Taking screenshot successfully
[[ATTACHMENT|D:\\Projet Test Auto\\Mediabox Test Automation [Test]\\Reports\\20220617_181206\\z01. Test Suites\\202. TestStarPack Full Lifecycle _Change of Rights_SAS\\20220617_181211\\1655484277181.png]]

2022-06-17 18:44:37 - [TEST_STEP][PASSED] - click(findTestObject("1. Constant/xpath", ["xpath":"/html/body/div[1]/div[2]/div[8]/div[3]/div/div[3]/div[3]/div/div/div/div/div[3]/div/div[1]/div[2]/div/a[1]"])): Object: 'Object Repository/1. Constant/xpath' is clicked on

2022-06-17 18:44:37 - [MESSAGE][PASSED] - Object: 'Object Repository/1. Constant/xpath' is clicked on

2022-06-17 18:44:37 - [TEST_STEP][PASSED] - delay(1): Delayed 1 second(s)

2022-06-17 18:44:38 - [MESSAGE][PASSED] - Delayed 1 second(s)

2022-06-17 18:44:38 - [TEST_STEP][PASSED] - takeScreenshot(): Taking screenshot successfully

2022-06-17 18:44:39 - [MESSAGE][PASSED] - Taking screenshot successfully
[[ATTACHMENT|D:\\Projet Test Auto\\Mediabox Test Automation [Test]\\Reports\\20220617_181206\\z01. Test Suites\\202. TestStarPack Full Lifecycle _Change of Rights_SAS\\20220617_181211\\1655484278846.png]]

2022-06-17 18:44:39 - [TEST_STEP][PASSED] - I.SelectFromList_Value("//*[@id="added_grp_phase"]", "9"): Delayed 2 second(s)

2022-06-17 18:44:39 - [MESSAGE][PASSED] - All options with value '9' are selected in object 'Object Repository/1. Constant/xpath' 

2022-06-17 18:44:41 - [MESSAGE][PASSED] - Delayed 2 second(s)

2022-06-17 18:44:41 - [TEST_STEP][PASSED] - delay(1): Delayed 1 second(s)

2022-06-17 18:44:42 - [MESSAGE][PASSED] - Delayed 1 second(s)

2022-06-17 18:44:42 - [TEST_STEP][PASSED] - takeScreenshot(): Taking screenshot successfully

2022-06-17 18:44:42 - [MESSAGE][PASSED] - Taking screenshot successfully
[[ATTACHMENT|D:\\Projet Test Auto\\Mediabox Test Automation [Test]\\Reports\\20220617_181206\\z01. Test Suites\\202. TestStarPack Full Lifecycle _Change of Rights_SAS\\20220617_181211\\1655484282417.png]]

2022-06-17 18:44:42 - [TEST_STEP][PASSED] - click(findTestObject("1. Constant/xpath", ["xpath":"//*[@id="modal_addphase"]/div/div/div[3]/button[2]"])): Object: 'Object Repository/1. Constant/xpath' is clicked on

2022-06-17 18:44:48 - [MESSAGE][PASSED] - Object: 'Object Repository/1. Constant/xpath' is clicked on

2022-06-17 18:44:48 - [TEST_STEP][PASSED] - delay(1): Delayed 1 second(s)

2022-06-17 18:44:49 - [MESSAGE][PASSED] - Delayed 1 second(s)

2022-06-17 18:44:49 - [TEST_STEP][PASSED] - I.Pagedown(): Execute JavaScript 'window.scrollTo(0, document.body.scrollHeight)' successfully

2022-06-17 18:44:49 - [MESSAGE][PASSED] - Execute JavaScript 'window.scrollTo(0, document.body.scrollHeight)' successfully

2022-06-17 18:44:49 - [TEST_STEP][PASSED] - I.VerifyMatchText("/html/body/div[1]/div[2]/div[8]/div[3]/div/div[3]/div[3]/div/div/div/div/div[4]/div/div[1]", "PTS"): Actual text 'PTS' and expected text 'PTS' are matched 

2022-06-17 18:44:49 - [MESSAGE][PASSED] - Text of object 'Object Repository/1. Constant/xpath' is: 'PTS'

2022-06-17 18:44:50 - [MESSAGE][PASSED] - Delayed 1 second(s)

2022-06-17 18:44:50 - [MESSAGE][PASSED] - Actual text 'PTS' and expected text 'PTS' are matched 

2022-06-17 18:44:50 - [TEST_STEP][PASSED] - I.VerifyMatchText("/html/body/div[1]/div[2]/div[8]/div[3]/div/div[3]/div[3]/div/div/div/div/div[5]/div/div[1]/div[1]", "PTS Approval"): Actual text 'PTS Approval' and expected text 'PTS Approval' are matched 

2022-06-17 18:44:50 - [MESSAGE][PASSED] - Text of object 'Object Repository/1. Constant/xpath' is: 'PTS Approval'

2022-06-17 18:44:51 - [MESSAGE][PASSED] - Delayed 1 second(s)

2022-06-17 18:44:51 - [MESSAGE][PASSED] - Actual text 'PTS Approval' and expected text 'PTS Approval' are matched 

2022-06-17 18:44:51 - [TEST_STEP][PASSED] - takeScreenshot(): Taking screenshot successfully

2022-06-17 18:44:52 - [MESSAGE][PASSED] - Taking screenshot successfully
[[ATTACHMENT|D:\\Projet Test Auto\\Mediabox Test Automation [Test]\\Reports\\20220617_181206\\z01. Test Suites\\202. TestStarPack Full Lifecycle _Change of Rights_SAS\\20220617_181211\\1655484291831.png]]

2022-06-17 18:44:52 - [TEST_STEP][PASSED] - click(findTestObject("1. Constant/xpath", ["xpath":"/html/body/div[1]/div[2]/div[8]/div[3]/div/div[3]/div[3]/div/div/div/div/div[4]/div/div[1]/div[2]/div/a[1]"])): Object: 'Object Repository/1. Constant/xpath' is clicked on

2022-06-17 18:44:52 - [MESSAGE][PASSED] - Object: 'Object Repository/1. Constant/xpath' is clicked on

2022-06-17 18:44:52 - [TEST_STEP][PASSED] - delay(1): Delayed 1 second(s)

2022-06-17 18:44:53 - [MESSAGE][PASSED] - Delayed 1 second(s)

2022-06-17 18:44:53 - [TEST_STEP][PASSED] - Entries1 = getNumberOfTotalOption(findTestObject("1. Constant/xpath", ["xpath":"//*[@id="added_phase"]"])): 4 options of object 'Object Repository/1. Constant/xpath' counted

2022-06-17 18:44:53 - [MESSAGE][PASSED] - 4 options of object 'Object Repository/1. Constant/xpath' counted

2022-06-17 18:44:53 - [TEST_STEP][PASSED] - verifyEqual(Entries1, 4): Actual object '4' and expected object '4' are equal

2022-06-17 18:44:53 - [MESSAGE][PASSED] - Actual object '4' and expected object '4' are equal

2022-06-17 18:44:53 - [TEST_STEP][PASSED] - Entries2 = getNumberOfTotalOption(findTestObject("1. Constant/xpath", ["xpath":"//*[@id="added_grp_phase"]"])): 2 options of object 'Object Repository/1. Constant/xpath' counted

2022-06-17 18:44:54 - [MESSAGE][PASSED] - 2 options of object 'Object Repository/1. Constant/xpath' counted

2022-06-17 18:44:54 - [TEST_STEP][PASSED] - verifyEqual(Entries2, 2): Actual object '2' and expected object '2' are equal

2022-06-17 18:44:54 - [MESSAGE][PASSED] - Actual object '2' and expected object '2' are equal

2022-06-17 18:44:54 - [TEST_STEP][PASSED] - I.SelectFromList_Value("//*[@id="added_phase"]", "112"): Delayed 2 second(s)

2022-06-17 18:44:54 - [MESSAGE][PASSED] - All options with value '112' are selected in object 'Object Repository/1. Constant/xpath' 

2022-06-17 18:44:56 - [MESSAGE][PASSED] - Delayed 2 second(s)

2022-06-17 18:44:56 - [TEST_STEP][PASSED] - click(findTestObject("1. Constant/xpath", ["xpath":"//*[@id="modal_addphase"]/div/div/div[3]/button[2]"])): Object: 'Object Repository/1. Constant/xpath' is clicked on

2022-06-17 18:44:59 - [MESSAGE][PASSED] - Object: 'Object Repository/1. Constant/xpath' is clicked on

2022-06-17 18:44:59 - [TEST_STEP][PASSED] - I.Pagedown(): Execute JavaScript 'window.scrollTo(0, document.body.scrollHeight)' successfully

2022-06-17 18:45:01 - [MESSAGE][PASSED] - Execute JavaScript 'window.scrollTo(0, document.body.scrollHeight)' successfully

2022-06-17 18:45:01 - [TEST_STEP][PASSED] - takeScreenshot(): Taking screenshot successfully

2022-06-17 18:45:01 - [MESSAGE][PASSED] - Taking screenshot successfully
[[ATTACHMENT|D:\\Projet Test Auto\\Mediabox Test Automation [Test]\\Reports\\20220617_181206\\z01. Test Suites\\202. TestStarPack Full Lifecycle _Change of Rights_SAS\\20220617_181211\\1655484301212.png]]

2022-06-17 18:45:01 - [TEST_STEP][PASSED] - delay(1): Delayed 1 second(s)

2022-06-17 18:45:02 - [MESSAGE][PASSED] - Delayed 1 second(s)

2022-06-17 18:45:02 - [TEST_STEP][PASSED] - I.VerifyMatchText("/html/body/div[1]/div[2]/div[8]/div[3]/div/div[3]/div[3]/div/div/div/div/div[5]/div/div[1]", "Complete PTS"): Actual text 'Complete PTS' and expected text 'Complete PTS' are matched 

2022-06-17 18:45:02 - [MESSAGE][PASSED] - Text of object 'Object Repository/1. Constant/xpath' is: 'Complete PTS'

2022-06-17 18:45:03 - [MESSAGE][PASSED] - Delayed 1 second(s)

2022-06-17 18:45:03 - [MESSAGE][PASSED] - Actual text 'Complete PTS' and expected text 'Complete PTS' are matched 

2022-06-17 18:45:03 - [TEST_STEP][PASSED] - I.VerifyMatchText("/html/body/div[1]/div[2]/div[8]/div[3]/div/div[3]/div[3]/div/div/div/div/div[6]/div/div[1]/div[1]", "PTS Approval"): Actual text 'PTS Approval' and expected text 'PTS Approval' are matched 

2022-06-17 18:45:04 - [MESSAGE][PASSED] - Text of object 'Object Repository/1. Constant/xpath' is: 'PTS Approval'

2022-06-17 18:45:05 - [MESSAGE][PASSED] - Delayed 1 second(s)

2022-06-17 18:45:05 - [MESSAGE][PASSED] - Actual text 'PTS Approval' and expected text 'PTS Approval' are matched 

2022-06-17 18:45:05 - [TEST_STEP][PASSED] - click(findTestObject("1. Constant/xpath", ["xpath":"/html/body/div[1]/div[2]/div[8]/div[3]/div/div[3]/div[3]/div/div/div/div/div[6]/div/div[1]/div[2]/div/a[2]"])): Object: 'Object Repository/1. Constant/xpath' is clicked on

2022-06-17 18:45:05 - [MESSAGE][PASSED] - Object: 'Object Repository/1. Constant/xpath' is clicked on

2022-06-17 18:45:05 - [TEST_STEP][PASSED] - delay(2): Delayed 2 second(s)

2022-06-17 18:45:07 - [MESSAGE][PASSED] - Delayed 2 second(s)

2022-06-17 18:45:07 - [TEST_STEP][PASSED] - takeScreenshot(): Taking screenshot successfully

2022-06-17 18:45:07 - [MESSAGE][PASSED] - Taking screenshot successfully
[[ATTACHMENT|D:\\Projet Test Auto\\Mediabox Test Automation [Test]\\Reports\\20220617_181206\\z01. Test Suites\\202. TestStarPack Full Lifecycle _Change of Rights_SAS\\20220617_181211\\1655484307541.png]]

2022-06-17 18:45:07 - [TEST_STEP][PASSED] - delay(1): Delayed 1 second(s)

2022-06-17 18:45:08 - [MESSAGE][PASSED] - Delayed 1 second(s)

2022-06-17 18:45:08 - [TEST_STEP][PASSED] - click(findTestObject("1. Constant/xpath", ["xpath":"//*[@id="kt_body"]/div[9]/div/div/div[2]/button[2]"])): Object: 'Object Repository/1. Constant/xpath' is clicked on

2022-06-17 18:45:14 - [MESSAGE][PASSED] - Object: 'Object Repository/1. Constant/xpath' is clicked on

2022-06-17 18:45:14 - [TEST_STEP][PASSED] - delay(1): Delayed 1 second(s)

2022-06-17 18:45:15 - [MESSAGE][PASSED] - Delayed 1 second(s)

2022-06-17 18:45:15 - [TEST_STEP][PASSED] - click(findTestObject("1. Constant/xpath", ["xpath":"/html/body/div[1]/div[2]/div[8]/div[3]/div/div[3]/div[3]/div/div/div/div/div[5]/div/div[1]/div[2]/div/a[1]"])): Object: 'Object Repository/1. Constant/xpath' is clicked on

2022-06-17 18:45:16 - [MESSAGE][PASSED] - Object: 'Object Repository/1. Constant/xpath' is clicked on

2022-06-17 18:45:16 - [TEST_STEP][PASSED] - Entries3 = getNumberOfTotalOption(findTestObject("1. Constant/xpath", ["xpath":"//*[@id="added_phase"]"])): 67 options of object 'Object Repository/1. Constant/xpath' counted

2022-06-17 18:45:17 - [MESSAGE][PASSED] - 67 options of object 'Object Repository/1. Constant/xpath' counted

2022-06-17 18:45:17 - [TEST_STEP][PASSED] - Entries4 = getNumberOfTotalOption(findTestObject("1. Constant/xpath", ["xpath":"//*[@id="added_grp_phase"]"])): 5 options of object 'Object Repository/1. Constant/xpath' counted

2022-06-17 18:45:17 - [MESSAGE][PASSED] - 5 options of object 'Object Repository/1. Constant/xpath' counted

2022-06-17 18:45:17 - [TEST_STEP][PASSED] - I.SelectFromList_Value("//*[@id="added_grp_phase"]", "6"): Delayed 2 second(s)

2022-06-17 18:45:17 - [MESSAGE][PASSED] - All options with value '6' are selected in object 'Object Repository/1. Constant/xpath' 

2022-06-17 18:45:19 - [MESSAGE][PASSED] - Delayed 2 second(s)

2022-06-17 18:45:19 - [TEST_STEP][PASSED] - takeScreenshot(): Taking screenshot successfully

2022-06-17 18:45:19 - [MESSAGE][PASSED] - Taking screenshot successfully
[[ATTACHMENT|D:\\Projet Test Auto\\Mediabox Test Automation [Test]\\Reports\\20220617_181206\\z01. Test Suites\\202. TestStarPack Full Lifecycle _Change of Rights_SAS\\20220617_181211\\1655484319548.png]]

2022-06-17 18:45:19 - [TEST_STEP][PASSED] - click(findTestObject("1. Constant/xpath", ["xpath":"//*[@id="modal_addphase"]/div/div/div[3]/button[2]"])): Object: 'Object Repository/1. Constant/xpath' is clicked on

2022-06-17 18:45:23 - [MESSAGE][PASSED] - Object: 'Object Repository/1. Constant/xpath' is clicked on

2022-06-17 18:45:23 - [TEST_STEP][PASSED] - click(findTestObject("1. Constant/xpath", ["xpath":"/html/body/div[1]/div[2]/div[8]/div[3]/div/div[3]/div[3]/div/ul/li[2]/a"])): Object: 'Object Repository/1. Constant/xpath' is clicked on

2022-06-17 18:45:25 - [MESSAGE][PASSED] - Object: 'Object Repository/1. Constant/xpath' is clicked on

2022-06-17 18:45:25 - [TEST_STEP][PASSED] - takeScreenshot(): Taking screenshot successfully

2022-06-17 18:45:25 - [MESSAGE][PASSED] - Taking screenshot successfully
[[ATTACHMENT|D:\\Projet Test Auto\\Mediabox Test Automation [Test]\\Reports\\20220617_181206\\z01. Test Suites\\202. TestStarPack Full Lifecycle _Change of Rights_SAS\\20220617_181211\\1655484325527.png]]

2022-06-17 18:45:25 - [TEST_STEP][PASSED] - I.VerifyMatchText("/html/body/div[1]/div[2]/div[8]/div[3]/div/div[3]/div[3]/div/div/div[2]/div/div[1]/div/div[1]", "PAF"): Actual text 'PAF' and expected text 'PAF' are matched 

2022-06-17 18:45:26 - [MESSAGE][PASSED] - Text of object 'Object Repository/1. Constant/xpath' is: 'PAF'

2022-06-17 18:45:27 - [MESSAGE][PASSED] - Delayed 1 second(s)

2022-06-17 18:45:27 - [MESSAGE][PASSED] - Actual text 'PAF' and expected text 'PAF' are matched 

2022-06-17 18:45:27 - [TEST_STEP][PASSED] - I.VerifyMatchText("/html/body/div[1]/div[2]/div[8]/div[3]/div/div[3]/div[3]/div/div/div[2]/div/div[2]/div/div[1]", "Final artworks"): Actual text 'Final artworks' and expected text 'Final artworks' are matched 

2022-06-17 18:45:27 - [MESSAGE][PASSED] - Text of object 'Object Repository/1. Constant/xpath' is: 'Final artworks'

2022-06-17 18:45:28 - [MESSAGE][PASSED] - Delayed 1 second(s)

2022-06-17 18:45:28 - [MESSAGE][PASSED] - Actual text 'Final artworks' and expected text 'Final artworks' are matched 

2022-06-17 18:45:28 - [TEST_STEP][PASSED] - I.Logout(): Delayed 3 second(s)

2022-06-17 18:45:31 - [MESSAGE][PASSED] - Delayed 3 second(s)

2022-06-17 18:45:32 - [MESSAGE][PASSED] - Object: 'Object Repository/1. Constant/xpath' is clicked on

2022-06-17 18:45:35 - [MESSAGE][PASSED] - Delayed 3 second(s)

2022-06-17 18:45:37 - [MESSAGE][PASSED] - Object: 'Object Repository/1. Constant/xpath' is clicked on

2022-06-17 18:45:40 - [MESSAGE][PASSED] - Delayed 3 second(s)

2022-06-17 18:45:40 - [TEST_STEP][PASSED] - I.Login_password("aherms", password_aherms): Object: 'Object Repository/1. Constant/xpath' is clicked on

2022-06-17 18:45:41 - [MESSAGE][PASSED] - Text 'aherms' is set on object 'Object Repository/1. Constant/xpath'

2022-06-17 18:45:42 - [MESSAGE][PASSED] - Delayed 1 second(s)

2022-06-17 18:45:42 - [MESSAGE][PASSED] - Text 'diadeis' is set on object 'Object Repository/1. Constant/xpath'

2022-06-17 18:45:43 - [MESSAGE][PASSED] - Delayed 1 second(s)

2022-06-17 18:45:46 - [MESSAGE][PASSED] - Object: 'Object Repository/1. Constant/xpath' is clicked on

2022-06-17 18:45:46 - [TEST_STEP][PASSED] - takeScreenshot(): Taking screenshot successfully

2022-06-17 18:45:47 - [MESSAGE][PASSED] - Taking screenshot successfully
[[ATTACHMENT|D:\\Projet Test Auto\\Mediabox Test Automation [Test]\\Reports\\20220617_181206\\z01. Test Suites\\202. TestStarPack Full Lifecycle _Change of Rights_SAS\\20220617_181211\\1655484347105.png]]

2022-06-17 18:45:47 - [TEST_STEP][PASSED] - click(findTestObject("1. Constant/02_LHSMenu_Projects")): Object: 'Object Repository/1. Constant/02_LHSMenu_Projects' is clicked on

2022-06-17 18:45:55 - [MESSAGE][PASSED] - Object: 'Object Repository/1. Constant/02_LHSMenu_Projects' is clicked on

2022-06-17 18:45:55 - [TEST_STEP][PASSED] - I.SearchProjectNo_xpath(Project_No, "//*[@id="keynum_project"]", "//*[@id="form_filters"]/div[4]/button"): Delayed 5 second(s)

2022-06-17 18:45:57 - [MESSAGE][PASSED] - Delayed 1 second(s)

2022-06-17 18:45:57 - [MESSAGE][PASSED] - Text 'MI000936' is set on object 'Object Repository/1. Constant/xpath'

2022-06-17 18:46:00 - [MESSAGE][PASSED] - Delayed 3 second(s)

2022-06-17 18:46:01 - [MESSAGE][PASSED] - Scroll to object 'Object Repository/1. Constant/xpath' successfully

2022-06-17 18:46:05 - [MESSAGE][PASSED] - Object: 'Object Repository/1. Constant/xpath' is clicked on

2022-06-17 18:46:10 - [MESSAGE][PASSED] - Delayed 5 second(s)

2022-06-17 18:46:10 - [TEST_STEP][PASSED] - takeScreenshot(): Taking screenshot successfully

2022-06-17 18:46:10 - [MESSAGE][PASSED] - Taking screenshot successfully
[[ATTACHMENT|D:\\Projet Test Auto\\Mediabox Test Automation [Test]\\Reports\\20220617_181206\\z01. Test Suites\\202. TestStarPack Full Lifecycle _Change of Rights_SAS\\20220617_181211\\1655484370242.png]]

2022-06-17 18:46:10 - [TEST_STEP][PASSED] - delay(1): Delayed 1 second(s)

2022-06-17 18:46:11 - [MESSAGE][PASSED] - Delayed 1 second(s)

2022-06-17 18:46:11 - [TEST_STEP][PASSED] - takeScreenshot(): Taking screenshot successfully

2022-06-17 18:46:12 - [MESSAGE][PASSED] - Taking screenshot successfully
[[ATTACHMENT|D:\\Projet Test Auto\\Mediabox Test Automation [Test]\\Reports\\20220617_181206\\z01. Test Suites\\202. TestStarPack Full Lifecycle _Change of Rights_SAS\\20220617_181211\\1655484372014.png]]

2022-06-17 18:46:12 - [TEST_STEP][PASSED] - click(findTestObject("1. Constant/xpath", ["xpath":"/html/body/div[1]/div[2]/div[4]/div[3]/div/div[2]/div[2]/div[1]/table/tbody/tr[2]/td[9]/a[2]"])): Object: 'Object Repository/1. Constant/xpath' is clicked on

2022-06-17 18:46:15 - [MESSAGE][PASSED] - Object: 'Object Repository/1. Constant/xpath' is clicked on

2022-06-17 18:46:15 - [TEST_STEP][PASSED] - click(findTestObject("1. Constant/xpath", ["xpath":"//*[@id="ModifFiche"]/div[1]/div/button[2]"])): Object: 'Object Repository/1. Constant/xpath' is clicked on

2022-06-17 18:46:24 - [MESSAGE][PASSED] - Object: 'Object Repository/1. Constant/xpath' is clicked on

2022-06-17 18:46:24 - [TEST_STEP][PASSED] - delay(1): Delayed 1 second(s)

2022-06-17 18:46:25 - [MESSAGE][PASSED] - Delayed 1 second(s)

2022-06-17 18:46:25 - [TEST_STEP][PASSED] - takeScreenshot(): Taking screenshot successfully

2022-06-17 18:46:25 - [MESSAGE][PASSED] - Taking screenshot successfully
[[ATTACHMENT|D:\\Projet Test Auto\\Mediabox Test Automation [Test]\\Reports\\20220617_181206\\z01. Test Suites\\202. TestStarPack Full Lifecycle _Change of Rights_SAS\\20220617_181211\\1655484385301.png]]

2022-06-17 18:46:25 - [TEST_STEP][PASSED] - I.VerifyMatchText("//*[@id="source_" + refID_PTS + ""]/td[6]/span[2]", "Complete PTS"): Actual text 'Complete PTS' and expected text 'Complete PTS' are matched 

2022-06-17 18:46:26 - [MESSAGE][PASSED] - Text of object 'Object Repository/1. Constant/xpath' is: 'Complete PTS'

2022-06-17 18:46:27 - [MESSAGE][PASSED] - Delayed 1 second(s)

2022-06-17 18:46:27 - [MESSAGE][PASSED] - Actual text 'Complete PTS' and expected text 'Complete PTS' are matched 

2022-06-17 18:46:27 - [TEST_STEP][PASSED] - I.Logout(): Delayed 3 second(s)

2022-06-17 18:46:30 - [MESSAGE][PASSED] - Delayed 3 second(s)

2022-06-17 18:46:30 - [MESSAGE][PASSED] - Object: 'Object Repository/1. Constant/xpath' is clicked on

2022-06-17 18:46:33 - [MESSAGE][PASSED] - Delayed 3 second(s)

2022-06-17 18:46:35 - [MESSAGE][PASSED] - Object: 'Object Repository/1. Constant/xpath' is clicked on

2022-06-17 18:46:38 - [MESSAGE][PASSED] - Delayed 3 second(s)

2022-06-17 18:46:38 - [TEST_STEP][PASSED] - I.Login_password("suser", password_suser): Object: 'Object Repository/1. Constant/xpath' is clicked on

2022-06-17 18:46:39 - [MESSAGE][PASSED] - Text 'suser' is set on object 'Object Repository/1. Constant/xpath'

2022-06-17 18:46:40 - [MESSAGE][PASSED] - Delayed 1 second(s)

2022-06-17 18:46:40 - [MESSAGE][PASSED] - Text 'diadeis' is set on object 'Object Repository/1. Constant/xpath'

2022-06-17 18:46:41 - [MESSAGE][PASSED] - Delayed 1 second(s)

2022-06-17 18:46:45 - [MESSAGE][PASSED] - Object: 'Object Repository/1. Constant/xpath' is clicked on

2022-06-17 18:46:45 - [TEST_STEP][PASSED] - takeScreenshot(): Taking screenshot successfully

2022-06-17 18:46:45 - [MESSAGE][PASSED] - Taking screenshot successfully
[[ATTACHMENT|D:\\Projet Test Auto\\Mediabox Test Automation [Test]\\Reports\\20220617_181206\\z01. Test Suites\\202. TestStarPack Full Lifecycle _Change of Rights_SAS\\20220617_181211\\1655484405249.png]]

2022-06-17 18:46:45 - [TEST_STEP][PASSED] - click(findTestObject("1. Constant/02_LHSMenu_Projects")): Object: 'Object Repository/1. Constant/02_LHSMenu_Projects' is clicked on

2022-06-17 18:46:53 - [MESSAGE][PASSED] - Object: 'Object Repository/1. Constant/02_LHSMenu_Projects' is clicked on

2022-06-17 18:46:53 - [TEST_STEP][PASSED] - takeScreenshot(): Taking screenshot successfully

2022-06-17 18:46:53 - [MESSAGE][PASSED] - Taking screenshot successfully
[[ATTACHMENT|D:\\Projet Test Auto\\Mediabox Test Automation [Test]\\Reports\\20220617_181206\\z01. Test Suites\\202. TestStarPack Full Lifecycle _Change of Rights_SAS\\20220617_181211\\1655484413237.png]]

2022-06-17 18:46:53 - [TEST_STEP][PASSED] - I.SearchProjectNo_xpath(Project_No, "//*[@id="keynum_project"]", "//*[@id="form_filters"]/div[4]/button"): Delayed 5 second(s)

2022-06-17 18:46:54 - [MESSAGE][PASSED] - Delayed 1 second(s)

2022-06-17 18:46:54 - [MESSAGE][PASSED] - Text 'MI000936' is set on object 'Object Repository/1. Constant/xpath'

2022-06-17 18:46:57 - [MESSAGE][PASSED] - Delayed 3 second(s)

2022-06-17 18:46:58 - [MESSAGE][PASSED] - Scroll to object 'Object Repository/1. Constant/xpath' successfully

2022-06-17 18:47:02 - [MESSAGE][PASSED] - Object: 'Object Repository/1. Constant/xpath' is clicked on

2022-06-17 18:47:07 - [MESSAGE][PASSED] - Delayed 5 second(s)

2022-06-17 18:47:07 - [TEST_STEP][PASSED] - delay(1): Delayed 1 second(s)

2022-06-17 18:47:08 - [MESSAGE][PASSED] - Delayed 1 second(s)

2022-06-17 18:47:08 - [TEST_STEP][PASSED] - takeScreenshot(): Taking screenshot successfully

2022-06-17 18:47:08 - [MESSAGE][PASSED] - Taking screenshot successfully
[[ATTACHMENT|D:\\Projet Test Auto\\Mediabox Test Automation [Test]\\Reports\\20220617_181206\\z01. Test Suites\\202. TestStarPack Full Lifecycle _Change of Rights_SAS\\20220617_181211\\1655484428269.png]]

2022-06-17 18:47:08 - [TEST_STEP][PASSED] - click(findTestObject("1. Constant/xpath", ["xpath":"//*[@id="source_" + refID_PTS + ""]/td[4]/a"])): Object: 'Object Repository/1. Constant/xpath' is clicked on

2022-06-17 18:47:10 - [MESSAGE][PASSED] - Object: 'Object Repository/1. Constant/xpath' is clicked on

2022-06-17 18:47:10 - [TEST_STEP][PASSED] - click(findTestObject("1. Constant/xpath", ["xpath":"//*[@id="kt_content"]/div[3]/div/ul/li[3]/a"])): Object: 'Object Repository/1. Constant/xpath' is clicked on

2022-06-17 18:47:12 - [MESSAGE][PASSED] - Object: 'Object Repository/1. Constant/xpath' is clicked on

2022-06-17 18:47:12 - [TEST_STEP][PASSED] - I.Pagedown(): Execute JavaScript 'window.scrollTo(0, document.body.scrollHeight)' successfully

2022-06-17 18:47:12 - [MESSAGE][PASSED] - Execute JavaScript 'window.scrollTo(0, document.body.scrollHeight)' successfully

2022-06-17 18:47:12 - [TEST_STEP][PASSED] - takeScreenshot(): Taking screenshot successfully

2022-06-17 18:47:12 - [MESSAGE][PASSED] - Taking screenshot successfully
[[ATTACHMENT|D:\\Projet Test Auto\\Mediabox Test Automation [Test]\\Reports\\20220617_181206\\z01. Test Suites\\202. TestStarPack Full Lifecycle _Change of Rights_SAS\\20220617_181211\\1655484432454.png]]

2022-06-17 18:47:12 - [TEST_STEP][PASSED] - click(findTestObject("1. Constant/xpath", ["xpath":"/html/body/div[1]/div[2]/div[8]/div[3]/div/div[3]/div[3]/div/div/div[1]/div/div[5]/div/div[1]/div[2]/div/a[1]"])): Object: 'Object Repository/1. Constant/xpath' is clicked on

2022-06-17 18:47:13 - [MESSAGE][PASSED] - Object: 'Object Repository/1. Constant/xpath' is clicked on

2022-06-17 18:47:13 - [TEST_STEP][PASSED] - I.SelectFromList_Value("//*[@id="added_grp_phase"]", "6"): Delayed 2 second(s)

2022-06-17 18:47:13 - [MESSAGE][PASSED] - All options with value '6' are selected in object 'Object Repository/1. Constant/xpath' 

2022-06-17 18:47:15 - [MESSAGE][PASSED] - Delayed 2 second(s)

2022-06-17 18:47:15 - [TEST_STEP][PASSED] - click(findTestObject("1. Constant/xpath", ["xpath":"//*[@id="modal_addphase"]/div/div/div[3]/button[2]"])): Object: 'Object Repository/1. Constant/xpath' is clicked on

2022-06-17 18:47:19 - [MESSAGE][PASSED] - Object: 'Object Repository/1. Constant/xpath' is clicked on

2022-06-17 18:47:19 - [TEST_STEP][PASSED] - takeScreenshot(): Taking screenshot successfully

2022-06-17 18:47:21 - [MESSAGE][PASSED] - Taking screenshot successfully
[[ATTACHMENT|D:\\Projet Test Auto\\Mediabox Test Automation [Test]\\Reports\\20220617_181206\\z01. Test Suites\\202. TestStarPack Full Lifecycle _Change of Rights_SAS\\20220617_181211\\1655484440705.png]]

2022-06-17 18:47:21 - [TEST_STEP][PASSED] - verifyElementNotPresent(findTestObject("1. Constant/xpath", ["xpath":"/html/body/div[1]/div[2]/div[8]/div[3]/div/div[3]/div[3]/div/ul/li[3]/a"]), 0): Web element with id: 'Object Repository/1. Constant/xpath' located by 'By.xpath: /html/body/div[1]/div[2]/div[8]/div[3]/div/div[3]/div[3]/div/ul/li[3]/a' is not present after '30' second(s)

2022-06-17 18:47:21 - [MESSAGE][WARNING] - Timeout '0' is invalid. Using default page load timeout: '30'

2022-06-17 18:47:21 - [MESSAGE][PASSED] - Web element with id: 'Object Repository/1. Constant/xpath' located by 'By.xpath: /html/body/div[1]/div[2]/div[8]/div[3]/div/div[3]/div[3]/div/ul/li[3]/a' is not present after '30' second(s)

2022-06-17 18:47:21 - [TEST_STEP][PASSED] - closeBrowser(): Browser is closed

2022-06-17 18:47:21 - [MESSAGE][PASSED] - Browser is closed

2022-06-17 18:47:21 - [TEST_STEP][PASSED] - Start listener action : sampleAfterTestCase: null]]></system-out>
         <system-err><![CDATA[]]></system-err>
      </testcase>
      <testcase name="Test Cases/202. TestStarPack Full Lifecycle _Change of Rights_SAS/202.03 TestStarpack Support action (Completed ref) Existing ref 202.01_202.02_ P3" time="0.379" classname="Test Cases/202. TestStarPack Full Lifecycle _Change of Rights_SAS/202.03 TestStarpack Support action (Completed ref) Existing ref 202.01_202.02_ P3" status="ERROR">
         <error type="ERROR" message="Test Cases/202. TestStarPack Full Lifecycle _Change of Rights_SAS/202.03 TestStarpack Support action (Completed ref) Existing ref 202.01_202.02_ P3 FAILED.
Reason:
java.io.FileNotFoundException: File 'D:\Upoad_File\zTest_Auto\Test_Projet_ Login\StarPack.01 StarPack _Project_No\202.01_StarPack_ProjectNo.txt' does not exist
	at org.apache.commons.io.FileUtils.openInputStream(FileUtils.java:297)
	at org.apache.commons.io.FileUtils.readFileToString(FileUtils.java:1805)
	at org.apache.commons.io.FileUtils.readFileToString(FileUtils.java:1838)
	at org.apache.commons.io.FileUtils$readFileToString.call(Unknown Source)
	at functions.I.readnotepad(I.groovy:1181)
	at functions.I$readnotepad$19.call(Unknown Source)
	at 202.03 TestStarpack Support action (Completed ref) Existing ref 202.01_202.02_ P3.run(202.03 TestStarpack Support action (Completed ref) Existing ref 202.01_202.02_ P3:33)
	at com.kms.katalon.core.main.ScriptEngine.run(ScriptEngine.java:194)
	at com.kms.katalon.core.main.ScriptEngine.runScriptAsRawText(ScriptEngine.java:119)
	at com.kms.katalon.core.main.TestCaseExecutor.runScript(TestCaseExecutor.java:445)
	at com.kms.katalon.core.main.TestCaseExecutor.doExecute(TestCaseExecutor.java:436)
	at com.kms.katalon.core.main.TestCaseExecutor.processExecutionPhase(TestCaseExecutor.java:415)
	at com.kms.katalon.core.main.TestCaseExecutor.accessMainPhase(TestCaseExecutor.java:407)
	at com.kms.katalon.core.main.TestCaseExecutor.execute(TestCaseExecutor.java:284)
	at com.kms.katalon.core.common.CommonExecutor.accessTestCaseMainPhase(CommonExecutor.java:65)
	at com.kms.katalon.core.main.TestSuiteExecutor.accessTestSuiteMainPhase(TestSuiteExecutor.java:144)
	at com.kms.katalon.core.main.TestSuiteExecutor.execute(TestSuiteExecutor.java:106)
	at com.kms.katalon.core.main.TestCaseMain.startTestSuite(TestCaseMain.java:185)
	at com.kms.katalon.core.main.TestCaseMain$startTestSuite$0.call(Unknown Source)
	at TempTestSuite1655482331260.run(TempTestSuite1655482331260.groovy:36)
"/>
         <system-out><![CDATA[2022-06-17 18:47:21 - [TEST_CASE][ERROR] - Test Cases/202. TestStarPack Full Lifecycle _Change of Rights_SAS/202.03 TestStarpack Support action (Completed ref) Existing ref 202.01_202.02_ P3: Test Cases/202. TestStarPack Full Lifecycle _Change of Rights_SAS/202.03 TestStarpack Support action (Completed ref) Existing ref 202.01_202.02_ P3 FAILED.
Reason:
java.io.FileNotFoundException: File 'D:\Upoad_File\zTest_Auto\Test_Projet_ Login\StarPack.01 StarPack _Project_No\202.01_StarPack_ProjectNo.txt' does not exist
	at org.apache.commons.io.FileUtils.openInputStream(FileUtils.java:297)
	at org.apache.commons.io.FileUtils.readFileToString(FileUtils.java:1805)
	at org.apache.commons.io.FileUtils.readFileToString(FileUtils.java:1838)
	at org.apache.commons.io.FileUtils$readFileToString.call(Unknown Source)
	at functions.I.readnotepad(I.groovy:1181)
	at functions.I$readnotepad$19.call(Unknown Source)
	at 202.03 TestStarpack Support action (Completed ref) Existing ref 202.01_202.02_ P3.run(202.03 TestStarpack Support action (Completed ref) Existing ref 202.01_202.02_ P3:33)
	at com.kms.katalon.core.main.ScriptEngine.run(ScriptEngine.java:194)
	at com.kms.katalon.core.main.ScriptEngine.runScriptAsRawText(ScriptEngine.java:119)
	at com.kms.katalon.core.main.TestCaseExecutor.runScript(TestCaseExecutor.java:445)
	at com.kms.katalon.core.main.TestCaseExecutor.doExecute(TestCaseExecutor.java:436)
	at com.kms.katalon.core.main.TestCaseExecutor.processExecutionPhase(TestCaseExecutor.java:415)
	at com.kms.katalon.core.main.TestCaseExecutor.accessMainPhase(TestCaseExecutor.java:407)
	at com.kms.katalon.core.main.TestCaseExecutor.execute(TestCaseExecutor.java:284)
	at com.kms.katalon.core.common.CommonExecutor.accessTestCaseMainPhase(CommonExecutor.java:65)
	at com.kms.katalon.core.main.TestSuiteExecutor.accessTestSuiteMainPhase(TestSuiteExecutor.java:144)
	at com.kms.katalon.core.main.TestSuiteExecutor.execute(TestSuiteExecutor.java:106)
	at com.kms.katalon.core.main.TestCaseMain.startTestSuite(TestCaseMain.java:185)
	at com.kms.katalon.core.main.TestCaseMain$startTestSuite$0.call(Unknown Source)
	at TempTestSuite1655482331260.run(TempTestSuite1655482331260.groovy:36)


2022-06-17 18:47:22 - [TEST_STEP][PASSED] - data = findTestData("Data Files/Username_Password/Test_Starpack"): null

2022-06-17 18:47:22 - [TEST_STEP][PASSED] - password_aterreshernandez = data.getValue(2, 5): null

2022-06-17 18:47:22 - [TEST_STEP][PASSED] - data_urlTestAUTO = findTestData("Data Files/URL/URL_testauto"): null

2022-06-17 18:47:22 - [TEST_STEP][PASSED] - Url_Starpack = data_urlTestAUTO.getValue(2, 2): null

2022-06-17 18:47:22 - [TEST_STEP][ERROR] - Project_No = I.readnotepad("D:\Upoad_File\zTest_Auto\Test_Projet_ Login\StarPack.01 StarPack _Project_No\202.01_StarPack_ProjectNo.txt"): Test Cases/202. TestStarPack Full Lifecycle _Change of Rights_SAS/202.03 TestStarpack Support action (Completed ref) Existing ref 202.01_202.02_ P3 FAILED.
Reason:
java.io.FileNotFoundException: File 'D:\Upoad_File\zTest_Auto\Test_Projet_ Login\StarPack.01 StarPack _Project_No\202.01_StarPack_ProjectNo.txt' does not exist
	at org.apache.commons.io.FileUtils.openInputStream(FileUtils.java:297)
	at org.apache.commons.io.FileUtils.readFileToString(FileUtils.java:1805)
	at org.apache.commons.io.FileUtils.readFileToString(FileUtils.java:1838)
	at org.apache.commons.io.FileUtils$readFileToString.call(Unknown Source)
	at functions.I.readnotepad(I.groovy:1181)
	at functions.I$readnotepad$19.call(Unknown Source)
	at 202.03 TestStarpack Support action (Completed ref) Existing ref 202.01_202.02_ P3.run(202.03 TestStarpack Support action (Completed ref) Existing ref 202.01_202.02_ P3:33)
	at com.kms.katalon.core.main.ScriptEngine.run(ScriptEngine.java:194)
	at com.kms.katalon.core.main.ScriptEngine.runScriptAsRawText(ScriptEngine.java:119)
	at com.kms.katalon.core.main.TestCaseExecutor.runScript(TestCaseExecutor.java:445)
	at com.kms.katalon.core.main.TestCaseExecutor.doExecute(TestCaseExecutor.java:436)
	at com.kms.katalon.core.main.TestCaseExecutor.processExecutionPhase(TestCaseExecutor.java:415)
	at com.kms.katalon.core.main.TestCaseExecutor.accessMainPhase(TestCaseExecutor.java:407)
	at com.kms.katalon.core.main.TestCaseExecutor.execute(TestCaseExecutor.java:284)
	at com.kms.katalon.core.common.CommonExecutor.accessTestCaseMainPhase(CommonExecutor.java:65)
	at com.kms.katalon.core.main.TestSuiteExecutor.accessTestSuiteMainPhase(TestSuiteExecutor.java:144)
	at com.kms.katalon.core.main.TestSuiteExecutor.execute(TestSuiteExecutor.java:106)
	at com.kms.katalon.core.main.TestCaseMain.startTestSuite(TestCaseMain.java:185)
	at com.kms.katalon.core.main.TestCaseMain$startTestSuite$0.call(Unknown Source)
	at TempTestSuite1655482331260.run(TempTestSuite1655482331260.groovy:36)


2022-06-17 18:47:22 - [MESSAGE][ERROR] - Test Cases/202. TestStarPack Full Lifecycle _Change of Rights_SAS/202.03 TestStarpack Support action (Completed ref) Existing ref 202.01_202.02_ P3 FAILED.
Reason:
java.io.FileNotFoundException: File 'D:\Upoad_File\zTest_Auto\Test_Projet_ Login\StarPack.01 StarPack _Project_No\202.01_StarPack_ProjectNo.txt' does not exist
	at org.apache.commons.io.FileUtils.openInputStream(FileUtils.java:297)
	at org.apache.commons.io.FileUtils.readFileToString(FileUtils.java:1805)
	at org.apache.commons.io.FileUtils.readFileToString(FileUtils.java:1838)
	at org.apache.commons.io.FileUtils$readFileToString.call(Unknown Source)
	at functions.I.readnotepad(I.groovy:1181)
	at functions.I$readnotepad$19.call(Unknown Source)
	at 202.03 TestStarpack Support action (Completed ref) Existing ref 202.01_202.02_ P3.run(202.03 TestStarpack Support action (Completed ref) Existing ref 202.01_202.02_ P3:33)
	at com.kms.katalon.core.main.ScriptEngine.run(ScriptEngine.java:194)
	at com.kms.katalon.core.main.ScriptEngine.runScriptAsRawText(ScriptEngine.java:119)
	at com.kms.katalon.core.main.TestCaseExecutor.runScript(TestCaseExecutor.java:445)
	at com.kms.katalon.core.main.TestCaseExecutor.doExecute(TestCaseExecutor.java:436)
	at com.kms.katalon.core.main.TestCaseExecutor.processExecutionPhase(TestCaseExecutor.java:415)
	at com.kms.katalon.core.main.TestCaseExecutor.accessMainPhase(TestCaseExecutor.java:407)
	at com.kms.katalon.core.main.TestCaseExecutor.execute(TestCaseExecutor.java:284)
	at com.kms.katalon.core.common.CommonExecutor.accessTestCaseMainPhase(CommonExecutor.java:65)
	at com.kms.katalon.core.main.TestSuiteExecutor.accessTestSuiteMainPhase(TestSuiteExecutor.java:144)
	at com.kms.katalon.core.main.TestSuiteExecutor.execute(TestSuiteExecutor.java:106)
	at com.kms.katalon.core.main.TestCaseMain.startTestSuite(TestCaseMain.java:185)
	at com.kms.katalon.core.main.TestCaseMain$startTestSuite$0.call(Unknown Source)
	at TempTestSuite1655482331260.run(TempTestSuite1655482331260.groovy:36)


2022-06-17 18:47:22 - [TEST_STEP][PASSED] - Start listener action : sampleAfterTestCase: null]]></system-out>
         <system-err><![CDATA[2022-06-17 18:47:21 - [TEST_CASE][ERROR] - Test Cases/202. TestStarPack Full Lifecycle _Change of Rights_SAS/202.03 TestStarpack Support action (Completed ref) Existing ref 202.01_202.02_ P3: Test Cases/202. TestStarPack Full Lifecycle _Change of Rights_SAS/202.03 TestStarpack Support action (Completed ref) Existing ref 202.01_202.02_ P3 FAILED.
Reason:
java.io.FileNotFoundException: File 'D:\Upoad_File\zTest_Auto\Test_Projet_ Login\StarPack.01 StarPack _Project_No\202.01_StarPack_ProjectNo.txt' does not exist
	at org.apache.commons.io.FileUtils.openInputStream(FileUtils.java:297)
	at org.apache.commons.io.FileUtils.readFileToString(FileUtils.java:1805)
	at org.apache.commons.io.FileUtils.readFileToString(FileUtils.java:1838)
	at org.apache.commons.io.FileUtils$readFileToString.call(Unknown Source)
	at functions.I.readnotepad(I.groovy:1181)
	at functions.I$readnotepad$19.call(Unknown Source)
	at 202.03 TestStarpack Support action (Completed ref) Existing ref 202.01_202.02_ P3.run(202.03 TestStarpack Support action (Completed ref) Existing ref 202.01_202.02_ P3:33)
	at com.kms.katalon.core.main.ScriptEngine.run(ScriptEngine.java:194)
	at com.kms.katalon.core.main.ScriptEngine.runScriptAsRawText(ScriptEngine.java:119)
	at com.kms.katalon.core.main.TestCaseExecutor.runScript(TestCaseExecutor.java:445)
	at com.kms.katalon.core.main.TestCaseExecutor.doExecute(TestCaseExecutor.java:436)
	at com.kms.katalon.core.main.TestCaseExecutor.processExecutionPhase(TestCaseExecutor.java:415)
	at com.kms.katalon.core.main.TestCaseExecutor.accessMainPhase(TestCaseExecutor.java:407)
	at com.kms.katalon.core.main.TestCaseExecutor.execute(TestCaseExecutor.java:284)
	at com.kms.katalon.core.common.CommonExecutor.accessTestCaseMainPhase(CommonExecutor.java:65)
	at com.kms.katalon.core.main.TestSuiteExecutor.accessTestSuiteMainPhase(TestSuiteExecutor.java:144)
	at com.kms.katalon.core.main.TestSuiteExecutor.execute(TestSuiteExecutor.java:106)
	at com.kms.katalon.core.main.TestCaseMain.startTestSuite(TestCaseMain.java:185)
	at com.kms.katalon.core.main.TestCaseMain$startTestSuite$0.call(Unknown Source)
	at TempTestSuite1655482331260.run(TempTestSuite1655482331260.groovy:36)]]></system-err>
      </testcase>
      <testcase name="Test Cases/202. TestStarPack Full Lifecycle _Change of Rights_SAS/202.04 TestStarPack Full Lifecycle - AWIS (Chrome)_Sans_Ref_filles" time="710.698" classname="Test Cases/202. TestStarPack Full Lifecycle _Change of Rights_SAS/202.04 TestStarPack Full Lifecycle - AWIS (Chrome)_Sans_Ref_filles" status="PASSED">
         <system-out><![CDATA[2022-06-17 18:47:22 - [TEST_CASE][PASSED] - Test Cases/202. TestStarPack Full Lifecycle _Change of Rights_SAS/202.04 TestStarPack Full Lifecycle - AWIS (Chrome)_Sans_Ref_filles: Test Cases/202. TestStarPack Full Lifecycle _Change of Rights_SAS/202.04 TestStarPack Full Lifecycle - AWIS (Chrome)_Sans_Ref_filles

2022-06-17 18:47:22 - [TEST_STEP][PASSED] - data = findTestData("Data Files/Username_Password/Test_Starpack"): null

2022-06-17 18:47:22 - [TEST_STEP][PASSED] - password_suser = data.getValue(2, 1): null

2022-06-17 18:47:22 - [TEST_STEP][PASSED] - password_aherms = data.getValue(2, 2): null

2022-06-17 18:47:22 - [TEST_STEP][PASSED] - password_agluszczynska = data.getValue(2, 3): null

2022-06-17 18:47:22 - [TEST_STEP][PASSED] - password_jmaciaszczyk = data.getValue(2, 4): null

2022-06-17 18:47:22 - [TEST_STEP][PASSED] - password_aterreshernandez = data.getValue(2, 5): null

2022-06-17 18:47:22 - [TEST_STEP][PASSED] - password_amartin_arbol = data.getValue(2, 6): null

2022-06-17 18:47:22 - [TEST_STEP][PASSED] - password_kcannoosamy_dia = data.getValue(2, 8): null

2022-06-17 18:47:22 - [TEST_STEP][PASSED] - data_urlTestAUTO = findTestData("Data Files/URL/URL_testauto"): null

2022-06-17 18:47:22 - [TEST_STEP][PASSED] - Url_Starpack = data_urlTestAUTO.getValue(2, 2): null

2022-06-17 18:47:22 - [TEST_STEP][PASSED] - log = new com.kms.katalon.core.logging.KeywordLogger(): null

2022-06-17 18:47:22 - [TEST_STEP][PASSED] - openBrowser(Url_Starpack): Browser is opened with url: 'https://mdb-v3-test.diadeis.com/MediaboxIndependence/?MBI_datasource=RELTEST_STARPACK'

2022-06-17 18:47:22 - [MESSAGE][INFO] - Starting 'Chrome (headless)' driver

2022-06-17 18:47:22 - [MESSAGE][INFO] - User set preference: ['args', '[--window-size=1920,1080, --headless]']

2022-06-17 18:47:22 - [MESSAGE][INFO] - Action delay is set to 0 milliseconds

2022-06-17 18:47:26 - [MESSAGE][PASSED] - Browser is opened with url: 'https://mdb-v3-test.diadeis.com/MediaboxIndependence/?MBI_datasource=RELTEST_STARPACK'

2022-06-17 18:47:26 - [TEST_STEP][PASSED] - maximizeWindow(): Current window maximized

2022-06-17 18:47:26 - [MESSAGE][PASSED] - Current window maximized

2022-06-17 18:47:26 - [TEST_STEP][PASSED] - password_adelamatanieves = data.getValue(2, 7): null

2022-06-17 18:47:26 - [TEST_STEP][PASSED] - I.Login_password("adelamatanieves", password_adelamatanieves): Object: 'Object Repository/1. Constant/xpath' is clicked on

2022-06-17 18:47:26 - [MESSAGE][PASSED] - Text 'adelamatanieves' is set on object 'Object Repository/1. Constant/xpath'

2022-06-17 18:47:27 - [MESSAGE][PASSED] - Delayed 1 second(s)

2022-06-17 18:47:28 - [MESSAGE][PASSED] - Text 'diadeis' is set on object 'Object Repository/1. Constant/xpath'

2022-06-17 18:47:29 - [MESSAGE][PASSED] - Delayed 1 second(s)

2022-06-17 18:47:33 - [MESSAGE][PASSED] - Object: 'Object Repository/1. Constant/xpath' is clicked on

2022-06-17 18:47:33 - [TEST_STEP][PASSED] - takeScreenshot(): Taking screenshot successfully

2022-06-17 18:47:34 - [MESSAGE][PASSED] - Taking screenshot successfully
[[ATTACHMENT|D:\\Projet Test Auto\\Mediabox Test Automation [Test]\\Reports\\20220617_181206\\z01. Test Suites\\202. TestStarPack Full Lifecycle _Change of Rights_SAS\\20220617_181211\\1655484453870.png]]

2022-06-17 18:47:34 - [TEST_STEP][PASSED] - click(findTestObject("1. Constant/02_LHSMenu_Projects")): Object: 'Object Repository/1. Constant/02_LHSMenu_Projects' is clicked on

2022-06-17 18:47:39 - [MESSAGE][PASSED] - Object: 'Object Repository/1. Constant/02_LHSMenu_Projects' is clicked on

2022-06-17 18:47:39 - [TEST_STEP][PASSED] - click(findTestObject("Object Repository/1. Constant/xpath", ["xpath":"//*[@id="kt_content"]/div[3]/div/div/div[1]/div[2]/a[1]"])): Object: 'Object Repository/1. Constant/xpath' is clicked on

2022-06-17 18:47:40 - [MESSAGE][PASSED] - Object: 'Object Repository/1. Constant/xpath' is clicked on

2022-06-17 18:47:40 - [TEST_STEP][PASSED] - takeScreenshot(): Taking screenshot successfully

2022-06-17 18:47:41 - [MESSAGE][PASSED] - Taking screenshot successfully
[[ATTACHMENT|D:\\Projet Test Auto\\Mediabox Test Automation [Test]\\Reports\\20220617_181206\\z01. Test Suites\\202. TestStarPack Full Lifecycle _Change of Rights_SAS\\20220617_181211\\1655484460634.png]]

2022-06-17 18:47:41 - [TEST_STEP][PASSED] - project_name0 = "TC4.02_AutoTest_Chrome_Starpack_" + RandomStringUtils.randomAlphanumeric(10) + "_" + I.gettimedate(): null

2022-06-17 18:47:41 - [TEST_STEP][PASSED] - setText(findTestObject("HL Full Lifecycle/4 CreateProjPage_inputProjectname"), project_name0): Text 'TC4.02_AutoTest_Chrome_Starpack_JeIzfp4kQP_juin172022_184741' is set on object 'Object Repository/HL Full Lifecycle/4 CreateProjPage_inputProjectname'

2022-06-17 18:47:41 - [MESSAGE][PASSED] - Text 'TC4.02_AutoTest_Chrome_Starpack_JeIzfp4kQP_juin172022_184741' is set on object 'Object Repository/HL Full Lifecycle/4 CreateProjPage_inputProjectname'

2022-06-17 18:47:41 - [TEST_STEP][PASSED] - click(findTestObject("HL Full Lifecycle/4 CreateProjPage_Create Project_Bluebutton")): Object: 'Object Repository/HL Full Lifecycle/4 CreateProjPage_Create Project_Bluebutton' is clicked on

2022-06-17 18:47:45 - [MESSAGE][PASSED] - Object: 'Object Repository/HL Full Lifecycle/4 CreateProjPage_Create Project_Bluebutton' is clicked on

2022-06-17 18:47:45 - [TEST_STEP][PASSED] - delay(1): Delayed 1 second(s)

2022-06-17 18:47:46 - [MESSAGE][PASSED] - Delayed 1 second(s)

2022-06-17 18:47:46 - [TEST_STEP][PASSED] - takeScreenshot(): Taking screenshot successfully

2022-06-17 18:47:46 - [MESSAGE][PASSED] - Taking screenshot successfully
[[ATTACHMENT|D:\\Projet Test Auto\\Mediabox Test Automation [Test]\\Reports\\20220617_181206\\z01. Test Suites\\202. TestStarPack Full Lifecycle _Change of Rights_SAS\\20220617_181211\\1655484466222.png]]

2022-06-17 18:47:46 - [TEST_STEP][PASSED] - selectOptionByValue(findTestObject("1. Constant/01_id_field_id", ["field_id":"var_98"]), "122", false): All options with value '122' are selected in object 'Object Repository/1. Constant/01_id_field_id' 

2022-06-17 18:47:46 - [MESSAGE][PASSED] - All options with value '122' are selected in object 'Object Repository/1. Constant/01_id_field_id' 

2022-06-17 18:47:46 - [TEST_STEP][PASSED] - delay(2): Delayed 2 second(s)

2022-06-17 18:47:48 - [MESSAGE][PASSED] - Delayed 2 second(s)

2022-06-17 18:47:48 - [TEST_STEP][PASSED] - selectOptionByValue(findTestObject("1. Constant/01_id_field_id", ["field_id":"var_9"]), "amartin_arbol", false): All options with value 'amartin_arbol' are selected in object 'Object Repository/1. Constant/01_id_field_id' 

2022-06-17 18:47:49 - [MESSAGE][PASSED] - All options with value 'amartin_arbol' are selected in object 'Object Repository/1. Constant/01_id_field_id' 

2022-06-17 18:47:49 - [TEST_STEP][PASSED] - delay(1): Delayed 1 second(s)

2022-06-17 18:47:50 - [MESSAGE][PASSED] - Delayed 1 second(s)

2022-06-17 18:47:50 - [TEST_STEP][PASSED] - selectOptionByValue(findTestObject("1. Constant/01_id_field_id", ["field_id":"var_10"]), "aterreshernandez", false): All options with value 'aterreshernandez' are selected in object 'Object Repository/1. Constant/01_id_field_id' 

2022-06-17 18:47:50 - [MESSAGE][PASSED] - All options with value 'aterreshernandez' are selected in object 'Object Repository/1. Constant/01_id_field_id' 

2022-06-17 18:47:50 - [TEST_STEP][PASSED] - delay(1): Delayed 1 second(s)

2022-06-17 18:47:51 - [MESSAGE][PASSED] - Delayed 1 second(s)

2022-06-17 18:47:51 - [TEST_STEP][PASSED] - selectOptionByValue(findTestObject("Object Repository/xxx Todelete/1.4 ModifyProPage_MF(IDP)"), "nalonsobermejo", true): All options with value 'nalonsobermejo' are selected in object 'Object Repository/xxx Todelete/1.4 ModifyProPage_MF(IDP)'  using regular expression

2022-06-17 18:47:51 - [MESSAGE][PASSED] - All options with value 'nalonsobermejo' are selected in object 'Object Repository/xxx Todelete/1.4 ModifyProPage_MF(IDP)'  using regular expression

2022-06-17 18:47:51 - [TEST_STEP][PASSED] - delay(1): Delayed 1 second(s)

2022-06-17 18:47:52 - [MESSAGE][PASSED] - Delayed 1 second(s)

2022-06-17 18:47:52 - [TEST_STEP][PASSED] - click(findTestObject("Object Repository/xxx Todelete/1.41 ModifyProPage_AddMF")): Object: 'Object Repository/xxx Todelete/1.41 ModifyProPage_AddMF' is clicked on

2022-06-17 18:47:53 - [MESSAGE][PASSED] - Object: 'Object Repository/xxx Todelete/1.41 ModifyProPage_AddMF' is clicked on

2022-06-17 18:47:53 - [TEST_STEP][PASSED] - delay(1): Delayed 1 second(s)

2022-06-17 18:47:54 - [MESSAGE][PASSED] - Delayed 1 second(s)

2022-06-17 18:47:54 - [TEST_STEP][PASSED] - selectOptionByValue(findTestObject("1. Constant/01_id_field_id", ["field_id":"var_15"]), "292", false): All options with value '292' are selected in object 'Object Repository/1. Constant/01_id_field_id' 

2022-06-17 18:47:54 - [MESSAGE][PASSED] - All options with value '292' are selected in object 'Object Repository/1. Constant/01_id_field_id' 

2022-06-17 18:47:54 - [TEST_STEP][PASSED] - delay(1): Delayed 1 second(s)

2022-06-17 18:47:55 - [MESSAGE][PASSED] - Delayed 1 second(s)

2022-06-17 18:47:55 - [TEST_STEP][PASSED] - selectOptionByValue(findTestObject("1. Constant/01_id_field_id", ["field_id":"var_26"]), "94", false): All options with value '94' are selected in object 'Object Repository/1. Constant/01_id_field_id' 

2022-06-17 18:47:55 - [MESSAGE][PASSED] - All options with value '94' are selected in object 'Object Repository/1. Constant/01_id_field_id' 

2022-06-17 18:47:55 - [TEST_STEP][PASSED] - delay(1): Delayed 1 second(s)

2022-06-17 18:47:56 - [MESSAGE][PASSED] - Delayed 1 second(s)

2022-06-17 18:47:56 - [TEST_STEP][PASSED] - selectOptionByValue(findTestObject("1. Constant/01_id_field_id", ["field_id":"var_12"]), "94", false): All options with value '94' are selected in object 'Object Repository/1. Constant/01_id_field_id' 

2022-06-17 18:47:57 - [MESSAGE][PASSED] - All options with value '94' are selected in object 'Object Repository/1. Constant/01_id_field_id' 

2022-06-17 18:47:57 - [TEST_STEP][PASSED] - delay(1): Delayed 1 second(s)

2022-06-17 18:47:58 - [MESSAGE][PASSED] - Delayed 1 second(s)

2022-06-17 18:47:58 - [TEST_STEP][PASSED] - selectOptionByValue(findTestObject("1. Constant/01_id_field_id", ["field_id":"var_27"]), "734", false): All options with value '734' are selected in object 'Object Repository/1. Constant/01_id_field_id' 

2022-06-17 18:47:58 - [MESSAGE][PASSED] - All options with value '734' are selected in object 'Object Repository/1. Constant/01_id_field_id' 

2022-06-17 18:47:58 - [TEST_STEP][PASSED] - delay(1): Delayed 1 second(s)

2022-06-17 18:47:59 - [MESSAGE][PASSED] - Delayed 1 second(s)

2022-06-17 18:47:59 - [TEST_STEP][PASSED] - selectOptionByValue(findTestObject("1. Constant/01_id_field_id", ["field_id":"var_71"]), "efood", false): All options with value 'efood' are selected in object 'Object Repository/1. Constant/01_id_field_id' 

2022-06-17 18:47:59 - [MESSAGE][PASSED] - All options with value 'efood' are selected in object 'Object Repository/1. Constant/01_id_field_id' 

2022-06-17 18:47:59 - [TEST_STEP][PASSED] - delay(1): Delayed 1 second(s)

2022-06-17 18:48:00 - [MESSAGE][PASSED] - Delayed 1 second(s)

2022-06-17 18:48:00 - [TEST_STEP][PASSED] - takeScreenshot(): Taking screenshot successfully

2022-06-17 18:48:01 - [MESSAGE][PASSED] - Taking screenshot successfully
[[ATTACHMENT|D:\\Projet Test Auto\\Mediabox Test Automation [Test]\\Reports\\20220617_181206\\z01. Test Suites\\202. TestStarPack Full Lifecycle _Change of Rights_SAS\\20220617_181211\\1655484481034.png]]

2022-06-17 18:48:01 - [TEST_STEP][PASSED] - delay(5): Delayed 5 second(s)

2022-06-17 18:48:06 - [MESSAGE][PASSED] - Delayed 5 second(s)

2022-06-17 18:48:06 - [TEST_STEP][PASSED] - click(findTestObject("HL Full Lifecycle/5 ModifyProjPage_button_Update")): Object: 'Object Repository/HL Full Lifecycle/5 ModifyProjPage_button_Update' is clicked on

2022-06-17 18:48:09 - [MESSAGE][PASSED] - Object: 'Object Repository/HL Full Lifecycle/5 ModifyProjPage_button_Update' is clicked on

2022-06-17 18:48:09 - [TEST_STEP][PASSED] - delay(2): Delayed 2 second(s)

2022-06-17 18:48:11 - [MESSAGE][PASSED] - Delayed 2 second(s)

2022-06-17 18:48:11 - [TEST_STEP][PASSED] - Project_No = I.ProjectNo(): Current window's url is: 'https://mdb-v3-test.diadeis.com/MediaboxIndependence/Base/ExecAction?IDSession=MBI%21RELTEST_STARPACK%21PRZ75LL6KOXISDRJPIV1S5CWMSVFJF1A74XCBI35&default_action=AfficheFichesProjet&id_project=MI000937'

2022-06-17 18:48:16 - [MESSAGE][PASSED] - Delayed 5 second(s)

2022-06-17 18:48:16 - [MESSAGE][PASSED] - Current window's url is: 'https://mdb-v3-test.diadeis.com/MediaboxIndependence/Base/ExecAction?IDSession=MBI%21RELTEST_STARPACK%21PRZ75LL6KOXISDRJPIV1S5CWMSVFJF1A74XCBI35&default_action=AfficheFichesProjet&id_project=MI000937'

2022-06-17 18:48:16 - [TEST_STEP][PASSED] - delay(2): Delayed 2 second(s)

2022-06-17 18:48:18 - [MESSAGE][PASSED] - Delayed 2 second(s)

2022-06-17 18:48:18 - [TEST_STEP][PASSED] - click(findTestObject("HL Full Lifecycle/6 ReferenceListPage_createrefbutton")): Object: 'Object Repository/HL Full Lifecycle/6 ReferenceListPage_createrefbutton' is clicked on

2022-06-17 18:48:18 - [MESSAGE][PASSED] - Object: 'Object Repository/HL Full Lifecycle/6 ReferenceListPage_createrefbutton' is clicked on

2022-06-17 18:48:18 - [TEST_STEP][PASSED] - click(findTestObject("HL Full Lifecycle/6 ReferenceListPaga_Create a component_button")): Object: 'Object Repository/HL Full Lifecycle/6 ReferenceListPaga_Create a component_button' is clicked on

2022-06-17 18:48:20 - [MESSAGE][PASSED] - Object: 'Object Repository/HL Full Lifecycle/6 ReferenceListPaga_Create a component_button' is clicked on

2022-06-17 18:48:20 - [TEST_STEP][PASSED] - waitForPageLoad(10): Wait for page load successfully

2022-06-17 18:48:20 - [MESSAGE][PASSED] - Wait for page load successfully

2022-06-17 18:48:20 - [TEST_STEP][PASSED] - takeScreenshot(): Taking screenshot successfully

2022-06-17 18:48:21 - [MESSAGE][PASSED] - Taking screenshot successfully
[[ATTACHMENT|D:\\Projet Test Auto\\Mediabox Test Automation [Test]\\Reports\\20220617_181206\\z01. Test Suites\\202. TestStarPack Full Lifecycle _Change of Rights_SAS\\20220617_181211\\1655484500761.png]]

2022-06-17 18:48:21 - [TEST_STEP][PASSED] - selectOptionByValue(findTestObject("1. Constant/01_id_field_id", ["field_id":"ref_type"]), "6", false): All options with value '6' are selected in object 'Object Repository/1. Constant/01_id_field_id' 

2022-06-17 18:48:23 - [MESSAGE][PASSED] - All options with value '6' are selected in object 'Object Repository/1. Constant/01_id_field_id' 

2022-06-17 18:48:23 - [TEST_STEP][PASSED] - click(findTestObject("HL Full Lifecycle/6 ReferencePg_Create a component_bluebutton")): Object: 'Object Repository/HL Full Lifecycle/6 ReferencePg_Create a component_bluebutton' is clicked on

2022-06-17 18:48:29 - [MESSAGE][PASSED] - Object: 'Object Repository/HL Full Lifecycle/6 ReferencePg_Create a component_bluebutton' is clicked on

2022-06-17 18:48:29 - [TEST_STEP][PASSED] - refID = I.RefID(): Current window's url is: 'https://mdb-v3-test.diadeis.com/MediaboxIndependence/Base/ExecAction?IDSession=MBI%21RELTEST_STARPACK%21PRZ75LL6KOXISDRJPIV1S5CWMSVFJF1A74XCBI35&default_action=ModifierRef&id_project=MI000937&id_ref=5883&action_from=create_ref'

2022-06-17 18:48:34 - [MESSAGE][PASSED] - Delayed 5 second(s)

2022-06-17 18:48:34 - [MESSAGE][PASSED] - Current window's url is: 'https://mdb-v3-test.diadeis.com/MediaboxIndependence/Base/ExecAction?IDSession=MBI%21RELTEST_STARPACK%21PRZ75LL6KOXISDRJPIV1S5CWMSVFJF1A74XCBI35&default_action=ModifierRef&id_project=MI000937&id_ref=5883&action_from=create_ref'

2022-06-17 18:48:34 - [TEST_STEP][PASSED] - out.println(refID): null

2022-06-17 18:48:34 - [TEST_STEP][PASSED] - takeScreenshot(): Taking screenshot successfully

2022-06-17 18:48:34 - [MESSAGE][PASSED] - Taking screenshot successfully
[[ATTACHMENT|D:\\Projet Test Auto\\Mediabox Test Automation [Test]\\Reports\\20220617_181206\\z01. Test Suites\\202. TestStarPack Full Lifecycle _Change of Rights_SAS\\20220617_181211\\1655484514297.png]]

2022-06-17 18:48:34 - [TEST_STEP][PASSED] - sendKeys(findTestObject("1. Constant/01_id_field_id", ["field_id":"var_28"]), "209293"): Keys '209293' sent to object: 'Object Repository/1. Constant/01_id_field_id'

2022-06-17 18:48:34 - [MESSAGE][PASSED] - Keys '209293' sent to object: 'Object Repository/1. Constant/01_id_field_id'

2022-06-17 18:48:34 - [TEST_STEP][PASSED] - sendKeys(findTestObject("1. Constant/01_id_field_id", ["field_id":"var_30"]), "test Submarca"): Keys 'test Submarca' sent to object: 'Object Repository/1. Constant/01_id_field_id'

2022-06-17 18:48:35 - [MESSAGE][PASSED] - Keys 'test Submarca' sent to object: 'Object Repository/1. Constant/01_id_field_id'

2022-06-17 18:48:35 - [TEST_STEP][PASSED] - sendKeys(findTestObject("1. Constant/01_id_field_id", ["field_id":"var_31"]), "test Submarca Vínculo con bulto: test Submarca"): Keys 'test Submarca Vínculo con bulto: test Submarca' sent to object: 'Object Repository/1. Constant/01_id_field_id'

2022-06-17 18:48:35 - [MESSAGE][PASSED] - Keys 'test Submarca Vínculo con bulto: test Submarca' sent to object: 'Object Repository/1. Constant/01_id_field_id'

2022-06-17 18:48:35 - [TEST_STEP][PASSED] - selectOptionByValue(findTestObject("1. Constant/01_id_field_id", ["field_id":"var_38"]), "24", false): All options with value '24' are selected in object 'Object Repository/1. Constant/01_id_field_id' 

2022-06-17 18:48:35 - [MESSAGE][PASSED] - All options with value '24' are selected in object 'Object Repository/1. Constant/01_id_field_id' 

2022-06-17 18:48:35 - [TEST_STEP][PASSED] - sendKeys(findTestObject("1. Constant/01_id_field_id", ["field_id":"var_39"]), "8480017155061"): Keys '8480017155061' sent to object: 'Object Repository/1. Constant/01_id_field_id'

2022-06-17 18:48:36 - [MESSAGE][PASSED] - Keys '8480017155061' sent to object: 'Object Repository/1. Constant/01_id_field_id'

2022-06-17 18:48:36 - [TEST_STEP][PASSED] - selectOptionByValue(findTestObject("1. Constant/01_id_field_id", ["field_id":"selSource_19"]), "22", false): All options with value '22' are selected in object 'Object Repository/1. Constant/01_id_field_id' 

2022-06-17 18:48:36 - [MESSAGE][PASSED] - All options with value '22' are selected in object 'Object Repository/1. Constant/01_id_field_id' 

2022-06-17 18:48:36 - [TEST_STEP][PASSED] - click(findTestObject("Object Repository/xxx Todelete/2.01 ModifyRef_Pais")): Object: 'Object Repository/xxx Todelete/2.01 ModifyRef_Pais' is clicked on

2022-06-17 18:48:36 - [MESSAGE][PASSED] - Object: 'Object Repository/xxx Todelete/2.01 ModifyRef_Pais' is clicked on

2022-06-17 18:48:36 - [TEST_STEP][PASSED] - selectOptionByValue(findTestObject("1. Constant/01_id_field_id", ["field_id":"var_75"]), "26", false): All options with value '26' are selected in object 'Object Repository/1. Constant/01_id_field_id' 

2022-06-17 18:48:37 - [MESSAGE][PASSED] - All options with value '26' are selected in object 'Object Repository/1. Constant/01_id_field_id' 

2022-06-17 18:48:37 - [TEST_STEP][PASSED] - click(findTestObject("HL Full Lifecycle/7 ModifyRefPage_button_Save")): Object: 'Object Repository/HL Full Lifecycle/7 ModifyRefPage_button_Save' is clicked on

2022-06-17 18:48:42 - [MESSAGE][PASSED] - Object: 'Object Repository/HL Full Lifecycle/7 ModifyRefPage_button_Save' is clicked on

2022-06-17 18:48:42 - [TEST_STEP][PASSED] - click(findTestObject("1. Constant/xpath", ["xpath":"/html/body/div[1]/div[2]/div[4]/div[3]/div/div[2]/div[2]/div[1]/table/tbody/tr[2]/td[10]/a[3]"])): Object: 'Object Repository/1. Constant/xpath' is clicked on

2022-06-17 18:48:45 - [MESSAGE][PASSED] - Object: 'Object Repository/1. Constant/xpath' is clicked on

2022-06-17 18:48:45 - [TEST_STEP][PASSED] - click(findTestObject("Object Repository/StarPack - Full Lifecycle (AWIS)/2.031 RefPg_AnnaSubmit", ["id":"1"])): Object: 'Object Repository/StarPack - Full Lifecycle (AWIS)/2.031 RefPg_AnnaSubmit' is clicked on

2022-06-17 18:48:54 - [MESSAGE][PASSED] - Object: 'Object Repository/StarPack - Full Lifecycle (AWIS)/2.031 RefPg_AnnaSubmit' is clicked on

2022-06-17 18:48:54 - [TEST_STEP][PASSED] - click(findTestObject("Object Repository/StarPack - Full Lifecycle (AWIS)/2.03 Block anna")): Object: 'Object Repository/StarPack - Full Lifecycle (AWIS)/2.03 Block anna' is clicked on

2022-06-17 18:48:56 - [MESSAGE][PASSED] - Object: 'Object Repository/StarPack - Full Lifecycle (AWIS)/2.03 Block anna' is clicked on

2022-06-17 18:48:56 - [TEST_STEP][PASSED] - I.click_button_javascript(findTestObject("Object Repository/StarPack - Full Lifecycle (AWIS)/2.041 Field daughter (NO)", ["id":"1"])): Execute JavaScript 'arguments[0].click()' successfully

2022-06-17 18:48:57 - [MESSAGE][PASSED] - Execute JavaScript 'arguments[0].click()' successfully

2022-06-17 18:48:57 - [TEST_STEP][PASSED] - I.click_button_javascript(findTestObject("Object Repository/StarPack - Full Lifecycle (AWIS)/2.041 Field daughter (NO)", ["id":"2"])): Execute JavaScript 'arguments[0].click()' successfully

2022-06-17 18:48:57 - [MESSAGE][PASSED] - Execute JavaScript 'arguments[0].click()' successfully

2022-06-17 18:48:57 - [TEST_STEP][PASSED] - I.click_button_javascript(findTestObject("Object Repository/StarPack - Full Lifecycle (AWIS)/2.041 Field daughter (NO)", ["id":"3"])): Execute JavaScript 'arguments[0].click()' successfully

2022-06-17 18:48:57 - [MESSAGE][PASSED] - Execute JavaScript 'arguments[0].click()' successfully

2022-06-17 18:48:57 - [TEST_STEP][PASSED] - I.Pagedown(): Execute JavaScript 'window.scrollTo(0, document.body.scrollHeight)' successfully

2022-06-17 18:48:57 - [MESSAGE][PASSED] - Execute JavaScript 'window.scrollTo(0, document.body.scrollHeight)' successfully

2022-06-17 18:48:57 - [TEST_STEP][PASSED] - click(findTestObject("Object Repository/StarPack - Full Lifecycle (AWIS)/2.05 RefPg_submit")): Object: 'Object Repository/StarPack - Full Lifecycle (AWIS)/2.05 RefPg_submit' is clicked on

2022-06-17 18:49:05 - [MESSAGE][PASSED] - Object: 'Object Repository/StarPack - Full Lifecycle (AWIS)/2.05 RefPg_submit' is clicked on

2022-06-17 18:49:05 - [TEST_STEP][PASSED] - delay(2): Delayed 2 second(s)

2022-06-17 18:49:07 - [MESSAGE][PASSED] - Delayed 2 second(s)

2022-06-17 18:49:07 - [TEST_STEP][PASSED] - takeScreenshot(): Taking screenshot successfully

2022-06-17 18:49:08 - [MESSAGE][PASSED] - Taking screenshot successfully
[[ATTACHMENT|D:\\Projet Test Auto\\Mediabox Test Automation [Test]\\Reports\\20220617_181206\\z01. Test Suites\\202. TestStarPack Full Lifecycle _Change of Rights_SAS\\20220617_181211\\1655484547799.png]]

2022-06-17 18:49:08 - [TEST_STEP][PASSED] - color1 = getCSSValue(findTestObject("1. Constant/xpath", ["xpath":"/html/body/div[1]/div[2]/div[4]/div[3]/div/div[2]/div[2]/div[1]/table/tbody/tr[2]/td[10]/a[2]"]), "color", OPTIONAL): Get CSS 'color' value on 'Object Repository/1. Constant/xpath' successfully: 'rgba(255, 255, 255, 1)'.

2022-06-17 18:49:08 - [MESSAGE][PASSED] - Get CSS 'color' value on 'Object Repository/1. Constant/xpath' successfully: 'rgba(255, 255, 255, 1)'.

2022-06-17 18:49:08 - [TEST_STEP][PASSED] - I.print(color1): null

2022-06-17 18:49:08 - [TEST_STEP][PASSED] - while (color1 == "rgba(255, 255, 255, 1)"): null

2022-06-17 18:49:08 - [TEST_STEP][PASSED] - click(findTestObject("1. Constant/xpath", ["xpath":"/html/body/div[1]/div[2]/div[4]/div[3]/div/div[2]/div[2]/div[1]/table/tbody/tr[2]/td[10]/a[2]"])): Object: 'Object Repository/1. Constant/xpath' is clicked on

2022-06-17 18:49:09 - [MESSAGE][PASSED] - Object: 'Object Repository/1. Constant/xpath' is clicked on

2022-06-17 18:49:09 - [TEST_STEP][PASSED] - takeScreenshot(): Taking screenshot successfully

2022-06-17 18:49:10 - [MESSAGE][PASSED] - Taking screenshot successfully
[[ATTACHMENT|D:\\Projet Test Auto\\Mediabox Test Automation [Test]\\Reports\\20220617_181206\\z01. Test Suites\\202. TestStarPack Full Lifecycle _Change of Rights_SAS\\20220617_181211\\1655484549996.png]]

2022-06-17 18:49:10 - [TEST_STEP][PASSED] - I.UploadDoc_sendkey_Prod(findTestObject("1. Constant/xpath", ["xpath":"//*[@id="kt_body"]/input[2]"]), "D:\Upoad_File\Upload doc\testdataaddition1.jpg", "testdataaddition1.jpg"): Delayed 5 second(s)

2022-06-17 18:49:10 - [MESSAGE][PASSED] - Scroll to object 'Object Repository/1. Constant/xpath' successfully

2022-06-17 18:49:15 - [MESSAGE][PASSED] - Delayed 5 second(s)

2022-06-17 18:49:16 - [MESSAGE][PASSED] - File 'D:\Upoad_File\Upload doc\testdataaddition1.jpg' sent to object: 'Object Repository/1. Constant/xpath'

2022-06-17 18:49:21 - [MESSAGE][PASSED] - Delayed 5 second(s)

2022-06-17 18:49:21 - [MESSAGE][PASSED] - Text 'testdataaddition1.jpg' is present on page 

2022-06-17 18:49:26 - [MESSAGE][PASSED] - Delayed 5 second(s)

2022-06-17 18:49:31 - [MESSAGE][PASSED] - Delayed 5 second(s)

2022-06-17 18:49:31 - [TEST_STEP][PASSED] - takeScreenshot(): Taking screenshot successfully

2022-06-17 18:49:31 - [MESSAGE][PASSED] - Taking screenshot successfully
[[ATTACHMENT|D:\\Projet Test Auto\\Mediabox Test Automation [Test]\\Reports\\20220617_181206\\z01. Test Suites\\202. TestStarPack Full Lifecycle _Change of Rights_SAS\\20220617_181211\\1655484571482.png]]

2022-06-17 18:49:31 - [TEST_STEP][PASSED] - delay(10): Delayed 10 second(s)

2022-06-17 18:49:41 - [MESSAGE][PASSED] - Delayed 10 second(s)

2022-06-17 18:49:41 - [TEST_STEP][PASSED] - I.click_button_javascript(findTestObject("1. Constant/xpath", ["xpath":"//*[@id="ModifFiche"]/div[1]/div/button"])): Execute JavaScript 'arguments[0].click()' successfully

2022-06-17 18:49:50 - [MESSAGE][PASSED] - Execute JavaScript 'arguments[0].click()' successfully

2022-06-17 18:49:50 - [TEST_STEP][PASSED] - delay(5): Delayed 5 second(s)

2022-06-17 18:49:55 - [MESSAGE][PASSED] - Delayed 5 second(s)

2022-06-17 18:49:55 - [TEST_STEP][PASSED] - if (verifyElementPresent(findTestObject("1. Constant/xpath", ["xpath":"/html/body/div[1]/div[2]/div[4]/div[3]/div/div[2]/div[2]/div[1]/table/tbody/tr[2]/td[10]/a[2]"]), 10, OPTIONAL)): null

2022-06-17 18:49:55 - [MESSAGE][PASSED] - Object 'Object Repository/1. Constant/xpath' is present

2022-06-17 18:49:55 - [TEST_STEP][PASSED] - color1 = getCSSValue(findTestObject("1. Constant/xpath", ["xpath":"/html/body/div[1]/div[2]/div[4]/div[3]/div/div[2]/div[2]/div[1]/table/tbody/tr[2]/td[10]/a[2]"]), "color", OPTIONAL): Get CSS 'color' value on 'Object Repository/1. Constant/xpath' successfully: 'rgba(54, 153, 255, 1)'.

2022-06-17 18:49:55 - [MESSAGE][PASSED] - Get CSS 'color' value on 'Object Repository/1. Constant/xpath' successfully: 'rgba(54, 153, 255, 1)'.

2022-06-17 18:49:55 - [TEST_STEP][PASSED] - I.Logout(): Delayed 3 second(s)

2022-06-17 18:49:58 - [MESSAGE][PASSED] - Delayed 3 second(s)

2022-06-17 18:49:59 - [MESSAGE][PASSED] - Object: 'Object Repository/1. Constant/xpath' is clicked on

2022-06-17 18:50:02 - [MESSAGE][PASSED] - Delayed 3 second(s)

2022-06-17 18:50:04 - [MESSAGE][PASSED] - Object: 'Object Repository/1. Constant/xpath' is clicked on

2022-06-17 18:50:07 - [MESSAGE][PASSED] - Delayed 3 second(s)

2022-06-17 18:50:07 - [TEST_STEP][PASSED] - I.Login_password("aterreshernandez", password_aterreshernandez): Object: 'Object Repository/1. Constant/xpath' is clicked on

2022-06-17 18:50:07 - [MESSAGE][PASSED] - Text 'aterreshernandez' is set on object 'Object Repository/1. Constant/xpath'

2022-06-17 18:50:08 - [MESSAGE][PASSED] - Delayed 1 second(s)

2022-06-17 18:50:09 - [MESSAGE][PASSED] - Text 'diadeis' is set on object 'Object Repository/1. Constant/xpath'

2022-06-17 18:50:10 - [MESSAGE][PASSED] - Delayed 1 second(s)

2022-06-17 18:50:15 - [MESSAGE][PASSED] - Object: 'Object Repository/1. Constant/xpath' is clicked on

2022-06-17 18:50:15 - [TEST_STEP][PASSED] - takeScreenshot(): Taking screenshot successfully

2022-06-17 18:50:15 - [MESSAGE][PASSED] - Taking screenshot successfully
[[ATTACHMENT|D:\\Projet Test Auto\\Mediabox Test Automation [Test]\\Reports\\20220617_181206\\z01. Test Suites\\202. TestStarPack Full Lifecycle _Change of Rights_SAS\\20220617_181211\\1655484615342.png]]

2022-06-17 18:50:15 - [TEST_STEP][PASSED] - click(findTestObject("1. Constant/02_LHSMenu_Projects")): Object: 'Object Repository/1. Constant/02_LHSMenu_Projects' is clicked on

2022-06-17 18:50:20 - [MESSAGE][PASSED] - Object: 'Object Repository/1. Constant/02_LHSMenu_Projects' is clicked on

2022-06-17 18:50:20 - [TEST_STEP][PASSED] - I.SearchProjectNo(Project_No, findTestObject("1. Constant/xpath", ["xpath":"//*[@id="form_filters"]/div[7]/button"])): Delayed 5 second(s)

2022-06-17 18:50:20 - [MESSAGE][PASSED] - Text 'MI000937' is set on object 'Object Repository/1. Constant/xpath'

2022-06-17 18:50:23 - [MESSAGE][PASSED] - Delayed 3 second(s)

2022-06-17 18:50:27 - [MESSAGE][PASSED] - Object: 'Object Repository/1. Constant/xpath' is clicked on

2022-06-17 18:50:32 - [MESSAGE][PASSED] - Delayed 5 second(s)

2022-06-17 18:50:32 - [TEST_STEP][PASSED] - click(findTestObject("1. Constant/xpath", ["xpath":"/html/body/div[1]/div[2]/div[4]/div[3]/div/div[2]/div[2]/div[1]/table/tbody/tr[2]/td[12]/a[2]"])): Object: 'Object Repository/1. Constant/xpath' is clicked on

2022-06-17 18:50:36 - [MESSAGE][PASSED] - Object: 'Object Repository/1. Constant/xpath' is clicked on

2022-06-17 18:50:36 - [TEST_STEP][PASSED] - delay(2): Delayed 2 second(s)

2022-06-17 18:50:38 - [MESSAGE][PASSED] - Delayed 2 second(s)

2022-06-17 18:50:38 - [TEST_STEP][PASSED] - I.AWF_approve_view(): Object: 'Object Repository/HL Full Lifecycle/Function_Appbutton2' is clicked on

2022-06-17 18:50:38 - [MESSAGE][PASSED] - Wait for page load successfully

2022-06-17 18:50:48 - [MESSAGE][PASSED] - Delayed 10 second(s)

2022-06-17 18:50:49 - [MESSAGE][PASSED] - Object: 'Object Repository/HL Full Lifecycle/Function_access Viewer2' is hovered

2022-06-17 18:50:52 - [MESSAGE][PASSED] - Delayed 3 second(s)

2022-06-17 18:50:52 - [MESSAGE][PASSED] - Object: 'Object Repository/HL Full Lifecycle/Function_access Viewer2' is clicked on

2022-06-17 18:50:57 - [MESSAGE][PASSED] - Delayed 5 second(s)

2022-06-17 18:50:58 - [MESSAGE][PASSED] - Object: 'Object Repository/HL Full Lifecycle/Function_AppButton' is clicked on

2022-06-17 18:51:03 - [MESSAGE][PASSED] - Delayed 5 second(s)

2022-06-17 18:51:09 - [MESSAGE][PASSED] - Object: 'Object Repository/HL Full Lifecycle/Function_Appbutton2' is clicked on

2022-06-17 18:51:09 - [TEST_STEP][PASSED] - I.Logout(): Delayed 3 second(s)

2022-06-17 18:51:12 - [MESSAGE][PASSED] - Delayed 3 second(s)

2022-06-17 18:51:12 - [MESSAGE][PASSED] - Object: 'Object Repository/1. Constant/xpath' is clicked on

2022-06-17 18:51:15 - [MESSAGE][PASSED] - Delayed 3 second(s)

2022-06-17 18:51:17 - [MESSAGE][PASSED] - Object: 'Object Repository/1. Constant/xpath' is clicked on

2022-06-17 18:51:20 - [MESSAGE][PASSED] - Delayed 3 second(s)

2022-06-17 18:51:20 - [TEST_STEP][PASSED] - I.Login_password("aherms", password_aherms): Object: 'Object Repository/1. Constant/xpath' is clicked on

2022-06-17 18:51:21 - [MESSAGE][PASSED] - Text 'aherms' is set on object 'Object Repository/1. Constant/xpath'

2022-06-17 18:51:22 - [MESSAGE][PASSED] - Delayed 1 second(s)

2022-06-17 18:51:22 - [MESSAGE][PASSED] - Text 'diadeis' is set on object 'Object Repository/1. Constant/xpath'

2022-06-17 18:51:23 - [MESSAGE][PASSED] - Delayed 1 second(s)

2022-06-17 18:51:28 - [MESSAGE][PASSED] - Object: 'Object Repository/1. Constant/xpath' is clicked on

2022-06-17 18:51:28 - [TEST_STEP][PASSED] - takeScreenshot(): Taking screenshot successfully

2022-06-17 18:51:28 - [MESSAGE][PASSED] - Taking screenshot successfully
[[ATTACHMENT|D:\\Projet Test Auto\\Mediabox Test Automation [Test]\\Reports\\20220617_181206\\z01. Test Suites\\202. TestStarPack Full Lifecycle _Change of Rights_SAS\\20220617_181211\\1655484688303.png]]

2022-06-17 18:51:28 - [TEST_STEP][PASSED] - click(findTestObject("1. Constant/02_LHSMenu_Projects")): Object: 'Object Repository/1. Constant/02_LHSMenu_Projects' is clicked on

2022-06-17 18:51:36 - [MESSAGE][PASSED] - Object: 'Object Repository/1. Constant/02_LHSMenu_Projects' is clicked on

2022-06-17 18:51:36 - [TEST_STEP][PASSED] - I.SearchProjectNo(Project_No, findTestObject("HL Full Lifecycle/9 Filter_Button_Apply")): Delayed 5 second(s)

2022-06-17 18:51:37 - [MESSAGE][PASSED] - Text 'MI000937' is set on object 'Object Repository/1. Constant/xpath'

2022-06-17 18:51:40 - [MESSAGE][PASSED] - Delayed 3 second(s)

2022-06-17 18:51:43 - [MESSAGE][PASSED] - Object: 'Object Repository/HL Full Lifecycle/9 Filter_Button_Apply' is clicked on

2022-06-17 18:51:48 - [MESSAGE][PASSED] - Delayed 5 second(s)

2022-06-17 18:51:48 - [TEST_STEP][PASSED] - click(findTestObject("Object Repository/StarPack - Full Lifecycle (AWIS)/5.07 Agency1 id_refID_td8", ["refID":"source_" + refID])): Object: 'Object Repository/StarPack - Full Lifecycle (AWIS)/5.07 Agency1 id_refID_td8' is clicked on

2022-06-17 18:51:50 - [MESSAGE][PASSED] - Object: 'Object Repository/StarPack - Full Lifecycle (AWIS)/5.07 Agency1 id_refID_td8' is clicked on

2022-06-17 18:51:50 - [TEST_STEP][PASSED] - waitForPageLoad(5): Wait for page load successfully

2022-06-17 18:51:52 - [MESSAGE][PASSED] - Wait for page load successfully

2022-06-17 18:51:52 - [TEST_STEP][PASSED] - mouseOver(findTestObject("Object Repository/HL Full Lifecycle/Function_access Viewer2")): Object: 'Object Repository/HL Full Lifecycle/Function_access Viewer2' is hovered

2022-06-17 18:51:52 - [MESSAGE][PASSED] - Object: 'Object Repository/HL Full Lifecycle/Function_access Viewer2' is hovered

2022-06-17 18:51:52 - [TEST_STEP][PASSED] - delay(1): Delayed 1 second(s)

2022-06-17 18:51:53 - [MESSAGE][PASSED] - Delayed 1 second(s)

2022-06-17 18:51:53 - [TEST_STEP][PASSED] - click(findTestObject("Object Repository/HL Full Lifecycle/Function_access Viewer2")): Object: 'Object Repository/HL Full Lifecycle/Function_access Viewer2' is clicked on

2022-06-17 18:51:53 - [MESSAGE][PASSED] - Object: 'Object Repository/HL Full Lifecycle/Function_access Viewer2' is clicked on

2022-06-17 18:51:53 - [TEST_STEP][PASSED] - delay(1): Delayed 1 second(s)

2022-06-17 18:51:54 - [MESSAGE][PASSED] - Delayed 1 second(s)

2022-06-17 18:51:54 - [TEST_STEP][PASSED] - click(findTestObject("HL Full Lifecycle/Function_AppButton")): Object: 'Object Repository/HL Full Lifecycle/Function_AppButton' is clicked on

2022-06-17 18:51:55 - [MESSAGE][PASSED] - Object: 'Object Repository/HL Full Lifecycle/Function_AppButton' is clicked on

2022-06-17 18:51:55 - [TEST_STEP][PASSED] - delay(1): Delayed 1 second(s)

2022-06-17 18:51:56 - [MESSAGE][PASSED] - Delayed 1 second(s)

2022-06-17 18:51:56 - [TEST_STEP][PASSED] - click(findTestObject("xxx Todelete/xpath", ["xpath":"//*[@id="approvePermButton"]"])): Object: 'Object Repository/xxx Todelete/xpath' is clicked on

2022-06-17 18:52:01 - [MESSAGE][PASSED] - Object: 'Object Repository/xxx Todelete/xpath' is clicked on

2022-06-17 18:52:01 - [TEST_STEP][PASSED] - delay(1): Delayed 1 second(s)

2022-06-17 18:52:02 - [MESSAGE][PASSED] - Delayed 1 second(s)

2022-06-17 18:52:02 - [TEST_STEP][PASSED] - I.Logout(): Delayed 3 second(s)

2022-06-17 18:52:05 - [MESSAGE][PASSED] - Delayed 3 second(s)

2022-06-17 18:52:05 - [MESSAGE][PASSED] - Object: 'Object Repository/1. Constant/xpath' is clicked on

2022-06-17 18:52:08 - [MESSAGE][PASSED] - Delayed 3 second(s)

2022-06-17 18:52:09 - [MESSAGE][PASSED] - Object: 'Object Repository/1. Constant/xpath' is clicked on

2022-06-17 18:52:12 - [MESSAGE][PASSED] - Delayed 3 second(s)

2022-06-17 18:52:12 - [TEST_STEP][PASSED] - I.Login_password("amartin_arbol", password_amartin_arbol): Object: 'Object Repository/1. Constant/xpath' is clicked on

2022-06-17 18:52:13 - [MESSAGE][PASSED] - Text 'amartin_arbol' is set on object 'Object Repository/1. Constant/xpath'

2022-06-17 18:52:14 - [MESSAGE][PASSED] - Delayed 1 second(s)

2022-06-17 18:52:14 - [MESSAGE][PASSED] - Text 'diadeis' is set on object 'Object Repository/1. Constant/xpath'

2022-06-17 18:52:15 - [MESSAGE][PASSED] - Delayed 1 second(s)

2022-06-17 18:52:18 - [MESSAGE][PASSED] - Object: 'Object Repository/1. Constant/xpath' is clicked on

2022-06-17 18:52:18 - [TEST_STEP][PASSED] - takeScreenshot(): Taking screenshot successfully

2022-06-17 18:52:18 - [MESSAGE][PASSED] - Taking screenshot successfully
[[ATTACHMENT|D:\\Projet Test Auto\\Mediabox Test Automation [Test]\\Reports\\20220617_181206\\z01. Test Suites\\202. TestStarPack Full Lifecycle _Change of Rights_SAS\\20220617_181211\\1655484738601.png]]

2022-06-17 18:52:18 - [TEST_STEP][PASSED] - click(findTestObject("1. Constant/02_LHSMenu_Projects")): Object: 'Object Repository/1. Constant/02_LHSMenu_Projects' is clicked on

2022-06-17 18:52:21 - [MESSAGE][PASSED] - Object: 'Object Repository/1. Constant/02_LHSMenu_Projects' is clicked on

2022-06-17 18:52:21 - [TEST_STEP][PASSED] - I.SearchProjectNo(Project_No, findTestObject("HL Full Lifecycle/9 Filter_Button_Apply")): Delayed 5 second(s)

2022-06-17 18:52:22 - [MESSAGE][PASSED] - Text 'MI000937' is set on object 'Object Repository/1. Constant/xpath'

2022-06-17 18:52:25 - [MESSAGE][PASSED] - Delayed 3 second(s)

2022-06-17 18:52:28 - [MESSAGE][PASSED] - Object: 'Object Repository/HL Full Lifecycle/9 Filter_Button_Apply' is clicked on

2022-06-17 18:52:33 - [MESSAGE][PASSED] - Delayed 5 second(s)

2022-06-17 18:52:33 - [TEST_STEP][PASSED] - click(findTestObject("1. Constant/02_LHSMenu_Projects")): Object: 'Object Repository/1. Constant/02_LHSMenu_Projects' is clicked on

2022-06-17 18:52:33 - [MESSAGE][PASSED] - Object: 'Object Repository/1. Constant/02_LHSMenu_Projects' is clicked on

2022-06-17 18:52:33 - [TEST_STEP][PASSED] - click(findTestObject("Object Repository/StarPack - Full Lifecycle (AWIS)/5.04 Agency1 id_refID_td9_a2", ["refID":"source_" + refID])): Object: 'Object Repository/StarPack - Full Lifecycle (AWIS)/5.04 Agency1 id_refID_td9_a2' is clicked on

2022-06-17 18:52:36 - [MESSAGE][PASSED] - Object: 'Object Repository/StarPack - Full Lifecycle (AWIS)/5.04 Agency1 id_refID_td9_a2' is clicked on

2022-06-17 18:52:36 - [TEST_STEP][PASSED] - I.AWF_approve_view(): Object: 'Object Repository/HL Full Lifecycle/Function_Appbutton2' is clicked on

2022-06-17 18:52:37 - [MESSAGE][PASSED] - Wait for page load successfully

2022-06-17 18:52:47 - [MESSAGE][PASSED] - Delayed 10 second(s)

2022-06-17 18:52:47 - [MESSAGE][PASSED] - Object: 'Object Repository/HL Full Lifecycle/Function_access Viewer2' is hovered

2022-06-17 18:52:50 - [MESSAGE][PASSED] - Delayed 3 second(s)

2022-06-17 18:52:51 - [MESSAGE][PASSED] - Object: 'Object Repository/HL Full Lifecycle/Function_access Viewer2' is clicked on

2022-06-17 18:52:56 - [MESSAGE][PASSED] - Delayed 5 second(s)

2022-06-17 18:52:56 - [MESSAGE][PASSED] - Object: 'Object Repository/HL Full Lifecycle/Function_AppButton' is clicked on

2022-06-17 18:53:01 - [MESSAGE][PASSED] - Delayed 5 second(s)

2022-06-17 18:53:06 - [MESSAGE][PASSED] - Object: 'Object Repository/HL Full Lifecycle/Function_Appbutton2' is clicked on

2022-06-17 18:53:06 - [TEST_STEP][PASSED] - I.Logout(): Delayed 3 second(s)

2022-06-17 18:53:09 - [MESSAGE][PASSED] - Delayed 3 second(s)

2022-06-17 18:53:09 - [MESSAGE][PASSED] - Object: 'Object Repository/1. Constant/xpath' is clicked on

2022-06-17 18:53:12 - [MESSAGE][PASSED] - Delayed 3 second(s)

2022-06-17 18:53:14 - [MESSAGE][PASSED] - Object: 'Object Repository/1. Constant/xpath' is clicked on

2022-06-17 18:53:17 - [MESSAGE][PASSED] - Delayed 3 second(s)

2022-06-17 18:53:17 - [TEST_STEP][PASSED] - I.Login_password("aterreshernandez", password_aterreshernandez): Object: 'Object Repository/1. Constant/xpath' is clicked on

2022-06-17 18:53:17 - [MESSAGE][PASSED] - Text 'aterreshernandez' is set on object 'Object Repository/1. Constant/xpath'

2022-06-17 18:53:18 - [MESSAGE][PASSED] - Delayed 1 second(s)

2022-06-17 18:53:18 - [MESSAGE][PASSED] - Text 'diadeis' is set on object 'Object Repository/1. Constant/xpath'

2022-06-17 18:53:19 - [MESSAGE][PASSED] - Delayed 1 second(s)

2022-06-17 18:53:23 - [MESSAGE][PASSED] - Object: 'Object Repository/1. Constant/xpath' is clicked on

2022-06-17 18:53:23 - [TEST_STEP][PASSED] - takeScreenshot(): Taking screenshot successfully

2022-06-17 18:53:24 - [MESSAGE][PASSED] - Taking screenshot successfully
[[ATTACHMENT|D:\\Projet Test Auto\\Mediabox Test Automation [Test]\\Reports\\20220617_181206\\z01. Test Suites\\202. TestStarPack Full Lifecycle _Change of Rights_SAS\\20220617_181211\\1655484804012.png]]

2022-06-17 18:53:24 - [TEST_STEP][PASSED] - click(findTestObject("1. Constant/02_LHSMenu_Projects")): Object: 'Object Repository/1. Constant/02_LHSMenu_Projects' is clicked on

2022-06-17 18:53:27 - [MESSAGE][PASSED] - Object: 'Object Repository/1. Constant/02_LHSMenu_Projects' is clicked on

2022-06-17 18:53:27 - [TEST_STEP][PASSED] - I.SearchProjectNo(Project_No, findTestObject("1. Constant/xpath", ["xpath":"//*[@id="form_filters"]/div[7]/button"])): Delayed 5 second(s)

2022-06-17 18:53:28 - [MESSAGE][PASSED] - Text 'MI000937' is set on object 'Object Repository/1. Constant/xpath'

2022-06-17 18:53:31 - [MESSAGE][PASSED] - Delayed 3 second(s)

2022-06-17 18:53:35 - [MESSAGE][PASSED] - Object: 'Object Repository/1. Constant/xpath' is clicked on

2022-06-17 18:53:40 - [MESSAGE][PASSED] - Delayed 5 second(s)

2022-06-17 18:53:40 - [TEST_STEP][PASSED] - click(findTestObject("1. Constant/xpath", ["xpath":"/html/body/div[1]/div[2]/div[4]/div[3]/div/div[2]/div[2]/div[1]/table/tbody/tr[2]/td[12]/a[2]"])): Object: 'Object Repository/1. Constant/xpath' is clicked on

2022-06-17 18:53:43 - [MESSAGE][PASSED] - Object: 'Object Repository/1. Constant/xpath' is clicked on

2022-06-17 18:53:43 - [TEST_STEP][PASSED] - delay(3): Delayed 3 second(s)

2022-06-17 18:53:46 - [MESSAGE][PASSED] - Delayed 3 second(s)

2022-06-17 18:53:46 - [TEST_STEP][PASSED] - I.AWF_approve_view(): Object: 'Object Repository/HL Full Lifecycle/Function_Appbutton2' is clicked on

2022-06-17 18:53:46 - [MESSAGE][PASSED] - Wait for page load successfully

2022-06-17 18:53:56 - [MESSAGE][PASSED] - Delayed 10 second(s)

2022-06-17 18:53:56 - [MESSAGE][PASSED] - Object: 'Object Repository/HL Full Lifecycle/Function_access Viewer2' is hovered

2022-06-17 18:53:59 - [MESSAGE][PASSED] - Delayed 3 second(s)

2022-06-17 18:53:59 - [MESSAGE][PASSED] - Object: 'Object Repository/HL Full Lifecycle/Function_access Viewer2' is clicked on

2022-06-17 18:54:04 - [MESSAGE][PASSED] - Delayed 5 second(s)

2022-06-17 18:54:05 - [MESSAGE][PASSED] - Object: 'Object Repository/HL Full Lifecycle/Function_AppButton' is clicked on

2022-06-17 18:54:10 - [MESSAGE][PASSED] - Delayed 5 second(s)

2022-06-17 18:54:15 - [MESSAGE][PASSED] - Object: 'Object Repository/HL Full Lifecycle/Function_Appbutton2' is clicked on

2022-06-17 18:54:15 - [TEST_STEP][PASSED] - I.Logout(): Delayed 3 second(s)

2022-06-17 18:54:18 - [MESSAGE][PASSED] - Delayed 3 second(s)

2022-06-17 18:54:18 - [MESSAGE][PASSED] - Object: 'Object Repository/1. Constant/xpath' is clicked on

2022-06-17 18:54:21 - [MESSAGE][PASSED] - Delayed 3 second(s)

2022-06-17 18:54:22 - [MESSAGE][PASSED] - Object: 'Object Repository/1. Constant/xpath' is clicked on

2022-06-17 18:54:25 - [MESSAGE][PASSED] - Delayed 3 second(s)

2022-06-17 18:54:25 - [TEST_STEP][PASSED] - I.Login_password("agluszczynska", password_agluszczynska): Object: 'Object Repository/1. Constant/xpath' is clicked on

2022-06-17 18:54:25 - [MESSAGE][PASSED] - Text 'agluszczynska' is set on object 'Object Repository/1. Constant/xpath'

2022-06-17 18:54:26 - [MESSAGE][PASSED] - Delayed 1 second(s)

2022-06-17 18:54:27 - [MESSAGE][PASSED] - Text 'diadeis' is set on object 'Object Repository/1. Constant/xpath'

2022-06-17 18:54:28 - [MESSAGE][PASSED] - Delayed 1 second(s)

2022-06-17 18:54:31 - [MESSAGE][PASSED] - Object: 'Object Repository/1. Constant/xpath' is clicked on

2022-06-17 18:54:31 - [TEST_STEP][PASSED] - takeScreenshot(): Taking screenshot successfully

2022-06-17 18:54:31 - [MESSAGE][PASSED] - Taking screenshot successfully
[[ATTACHMENT|D:\\Projet Test Auto\\Mediabox Test Automation [Test]\\Reports\\20220617_181206\\z01. Test Suites\\202. TestStarPack Full Lifecycle _Change of Rights_SAS\\20220617_181211\\1655484871122.png]]

2022-06-17 18:54:31 - [TEST_STEP][PASSED] - click(findTestObject("1. Constant/02_LHSMenu_Projects")): Object: 'Object Repository/1. Constant/02_LHSMenu_Projects' is clicked on

2022-06-17 18:54:34 - [MESSAGE][PASSED] - Object: 'Object Repository/1. Constant/02_LHSMenu_Projects' is clicked on

2022-06-17 18:54:34 - [TEST_STEP][PASSED] - I.SearchProjectNo(Project_No, findTestObject("HL Full Lifecycle/9 Filter_Button_Apply")): Delayed 5 second(s)

2022-06-17 18:54:34 - [MESSAGE][PASSED] - Text 'MI000937' is set on object 'Object Repository/1. Constant/xpath'

2022-06-17 18:54:37 - [MESSAGE][PASSED] - Delayed 3 second(s)

2022-06-17 18:54:40 - [MESSAGE][PASSED] - Object: 'Object Repository/HL Full Lifecycle/9 Filter_Button_Apply' is clicked on

2022-06-17 18:54:45 - [MESSAGE][PASSED] - Delayed 5 second(s)

2022-06-17 18:54:45 - [TEST_STEP][PASSED] - click(findTestObject("Object Repository/StarPack - Full Lifecycle (AWIS)/5.04 Agency1 id_refID_td9_a2", ["refID":"source_" + refID])): Object: 'Object Repository/StarPack - Full Lifecycle (AWIS)/5.04 Agency1 id_refID_td9_a2' is clicked on

2022-06-17 18:54:47 - [MESSAGE][PASSED] - Object: 'Object Repository/StarPack - Full Lifecycle (AWIS)/5.04 Agency1 id_refID_td9_a2' is clicked on

2022-06-17 18:54:47 - [TEST_STEP][PASSED] - I.UploadDoc_sendkey_field("//*[@id="var_25"]", "D:\Upoad_File\Upload doc\testdata1.pdf", "testdata1"): Text 'testdata1' is present on page 

2022-06-17 18:54:49 - [MESSAGE][PASSED] - Delayed 2 second(s)

2022-06-17 18:54:49 - [MESSAGE][PASSED] - Keys 'D:\Upoad_File\Upload doc\testdata1.pdf' sent to object: 'Object Repository/1. Constant/xpath'

2022-06-17 18:54:49 - [MESSAGE][PASSED] - Text 'testdata1' is present on page 

2022-06-17 18:54:49 - [TEST_STEP][PASSED] - click(findTestObject("1. Constant/xpath", ["xpath":"//*[@id="ModifFiche"]/div[3]/div/button[2]"])): Object: 'Object Repository/1. Constant/xpath' is clicked on

2022-06-17 18:54:57 - [MESSAGE][PASSED] - Object: 'Object Repository/1. Constant/xpath' is clicked on

2022-06-17 18:54:57 - [TEST_STEP][PASSED] - I.Logout(): Delayed 3 second(s)

2022-06-17 18:55:00 - [MESSAGE][PASSED] - Delayed 3 second(s)

2022-06-17 18:55:01 - [MESSAGE][PASSED] - Object: 'Object Repository/1. Constant/xpath' is clicked on

2022-06-17 18:55:04 - [MESSAGE][PASSED] - Delayed 3 second(s)

2022-06-17 18:55:05 - [MESSAGE][PASSED] - Object: 'Object Repository/1. Constant/xpath' is clicked on

2022-06-17 18:55:08 - [MESSAGE][PASSED] - Delayed 3 second(s)

2022-06-17 18:55:08 - [TEST_STEP][PASSED] - I.Login_password("aherms", password_aherms): Object: 'Object Repository/1. Constant/xpath' is clicked on

2022-06-17 18:55:09 - [MESSAGE][PASSED] - Text 'aherms' is set on object 'Object Repository/1. Constant/xpath'

2022-06-17 18:55:10 - [MESSAGE][PASSED] - Delayed 1 second(s)

2022-06-17 18:55:11 - [MESSAGE][PASSED] - Text 'diadeis' is set on object 'Object Repository/1. Constant/xpath'

2022-06-17 18:55:12 - [MESSAGE][PASSED] - Delayed 1 second(s)

2022-06-17 18:55:15 - [MESSAGE][PASSED] - Object: 'Object Repository/1. Constant/xpath' is clicked on

2022-06-17 18:55:15 - [TEST_STEP][PASSED] - takeScreenshot(): Taking screenshot successfully

2022-06-17 18:55:16 - [MESSAGE][PASSED] - Taking screenshot successfully
[[ATTACHMENT|D:\\Projet Test Auto\\Mediabox Test Automation [Test]\\Reports\\20220617_181206\\z01. Test Suites\\202. TestStarPack Full Lifecycle _Change of Rights_SAS\\20220617_181211\\1655484915698.png]]

2022-06-17 18:55:16 - [TEST_STEP][PASSED] - click(findTestObject("1. Constant/02_LHSMenu_Projects")): Object: 'Object Repository/1. Constant/02_LHSMenu_Projects' is clicked on

2022-06-17 18:55:24 - [MESSAGE][PASSED] - Object: 'Object Repository/1. Constant/02_LHSMenu_Projects' is clicked on

2022-06-17 18:55:24 - [TEST_STEP][PASSED] - I.SearchProjectNo(Project_No, findTestObject("HL Full Lifecycle/9 Filter_Button_Apply")): Delayed 5 second(s)

2022-06-17 18:55:25 - [MESSAGE][PASSED] - Text 'MI000937' is set on object 'Object Repository/1. Constant/xpath'

2022-06-17 18:55:28 - [MESSAGE][PASSED] - Delayed 3 second(s)

2022-06-17 18:55:31 - [MESSAGE][PASSED] - Object: 'Object Repository/HL Full Lifecycle/9 Filter_Button_Apply' is clicked on

2022-06-17 18:55:36 - [MESSAGE][PASSED] - Delayed 5 second(s)

2022-06-17 18:55:36 - [TEST_STEP][PASSED] - color2 = getCSSValue(findTestObject("Object Repository/StarPack - Full Lifecycle (AWIS)/5.04 Agency1 id_refID_td9_a2", ["refID":"source_" + refID]), "color", OPTIONAL): Get CSS 'color' value on 'Object Repository/StarPack - Full Lifecycle (AWIS)/5.04 Agency1 id_refID_td9_a2' successfully: 'rgba(255, 255, 255, 1)'.

2022-06-17 18:55:36 - [MESSAGE][PASSED] - Get CSS 'color' value on 'Object Repository/StarPack - Full Lifecycle (AWIS)/5.04 Agency1 id_refID_td9_a2' successfully: 'rgba(255, 255, 255, 1)'.

2022-06-17 18:55:36 - [TEST_STEP][PASSED] - I.print(color2): null

2022-06-17 18:55:36 - [TEST_STEP][PASSED] - while (color2 == "rgba(255, 255, 255, 1)"): null

2022-06-17 18:55:36 - [TEST_STEP][PASSED] - click(findTestObject("Object Repository/StarPack - Full Lifecycle (AWIS)/5.04 Agency1 id_refID_td9_a2", ["refID":"source_" + refID])): Object: 'Object Repository/StarPack - Full Lifecycle (AWIS)/5.04 Agency1 id_refID_td9_a2' is clicked on

2022-06-17 18:55:39 - [MESSAGE][PASSED] - Object: 'Object Repository/StarPack - Full Lifecycle (AWIS)/5.04 Agency1 id_refID_td9_a2' is clicked on

2022-06-17 18:55:39 - [TEST_STEP][PASSED] - takeScreenshot(): Taking screenshot successfully

2022-06-17 18:55:39 - [MESSAGE][PASSED] - Taking screenshot successfully
[[ATTACHMENT|D:\\Projet Test Auto\\Mediabox Test Automation [Test]\\Reports\\20220617_181206\\z01. Test Suites\\202. TestStarPack Full Lifecycle _Change of Rights_SAS\\20220617_181211\\1655484939106.png]]

2022-06-17 18:55:39 - [TEST_STEP][PASSED] - I.UploadDoc_sendkey_Prod(findTestObject("1. Constant/xpath", ["xpath":"//*[@id="kt_body"]/input[2]"]), "D:\Upoad_File\Upload doc\testdataaddition1.jpg", "testdataaddition1.jpg"): Delayed 5 second(s)

2022-06-17 18:55:39 - [MESSAGE][PASSED] - Scroll to object 'Object Repository/1. Constant/xpath' successfully

2022-06-17 18:55:44 - [MESSAGE][PASSED] - Delayed 5 second(s)

2022-06-17 18:55:45 - [MESSAGE][PASSED] - File 'D:\Upoad_File\Upload doc\testdataaddition1.jpg' sent to object: 'Object Repository/1. Constant/xpath'

2022-06-17 18:55:50 - [MESSAGE][PASSED] - Delayed 5 second(s)

2022-06-17 18:55:50 - [MESSAGE][PASSED] - Text 'testdataaddition1.jpg' is present on page 

2022-06-17 18:55:55 - [MESSAGE][PASSED] - Delayed 5 second(s)

2022-06-17 18:56:00 - [MESSAGE][PASSED] - Delayed 5 second(s)

2022-06-17 18:56:00 - [TEST_STEP][PASSED] - takeScreenshot(): Taking screenshot successfully

2022-06-17 18:56:01 - [MESSAGE][PASSED] - Taking screenshot successfully
[[ATTACHMENT|D:\\Projet Test Auto\\Mediabox Test Automation [Test]\\Reports\\20220617_181206\\z01. Test Suites\\202. TestStarPack Full Lifecycle _Change of Rights_SAS\\20220617_181211\\1655484960788.png]]

2022-06-17 18:56:01 - [TEST_STEP][PASSED] - delay(10): Delayed 10 second(s)

2022-06-17 18:56:11 - [MESSAGE][PASSED] - Delayed 10 second(s)

2022-06-17 18:56:11 - [TEST_STEP][PASSED] - I.click_button_javascript(findTestObject("1. Constant/xpath", ["xpath":"//*[@id="ModifFiche"]/div[1]/div/button"])): Execute JavaScript 'arguments[0].click()' successfully

2022-06-17 18:56:18 - [MESSAGE][PASSED] - Execute JavaScript 'arguments[0].click()' successfully

2022-06-17 18:56:18 - [TEST_STEP][PASSED] - delay(5): Delayed 5 second(s)

2022-06-17 18:56:23 - [MESSAGE][PASSED] - Delayed 5 second(s)

2022-06-17 18:56:23 - [TEST_STEP][PASSED] - if (verifyElementPresent(findTestObject("Object Repository/StarPack - Full Lifecycle (AWIS)/5.04 Agency1 id_refID_td9_a2", ["refID":"source_" + refID]), 10, OPTIONAL)): com.kms.katalon.core.webui.exception.WebElementNotFoundException: Web element with id: 'Object Repository/StarPack - Full Lifecycle (AWIS)/5.04 Agency1 id_refID_td9_a2' located by '//*[@id="source_5883"]/td[9]/a[2] ' not found (Root cause: com.kms.katalon.core.exception.StepFailedException: com.kms.katalon.core.webui.exception.WebElementNotFoundException: Web element with id: 'Object Repository/StarPack - Full Lifecycle (AWIS)/5.04 Agency1 id_refID_td9_a2' located by '//*[@id="source_5883"]/td[9]/a[2] ' not found
	at com.kms.katalon.core.webui.keyword.internal.WebUIKeywordMain.stepFailed(WebUIKeywordMain.groovy:64)
	at com.kms.katalon.core.webui.keyword.builtin.VerifyElementPresentKeyword$_verifyElementPresent_closure1.doCall(VerifyElementPresentKeyword.groovy:85)
	at com.kms.katalon.core.webui.keyword.builtin.VerifyElementPresentKeyword$_verifyElementPresent_closure1.call(VerifyElementPresentKeyword.groovy)
	at com.kms.katalon.core.webui.keyword.internal.WebUIKeywordMain.runKeyword(WebUIKeywordMain.groovy:20)
	at com.kms.katalon.core.webui.keyword.builtin.VerifyElementPresentKeyword.verifyElementPresent(VerifyElementPresentKeyword.groovy:92)
	at com.kms.katalon.core.webui.keyword.builtin.VerifyElementPresentKeyword.execute(VerifyElementPresentKeyword.groovy:68)
	at com.kms.katalon.core.keyword.internal.KeywordExecutor.executeKeywordForPlatform(KeywordExecutor.groovy:74)
	at com.kms.katalon.core.webui.keyword.WebUiBuiltInKeywords.verifyElementPresent(WebUiBuiltInKeywords.groovy:1448)
	at com.kms.katalon.core.webui.keyword.WebUiBuiltInKeywords$verifyElementPresent$18.call(Unknown Source)
	at 202.04 TestStarPack Full Lifecycle - AWIS (Chrome)_Sans_Ref_filles.run(202.04 TestStarPack Full Lifecycle - AWIS (Chrome)_Sans_Ref_filles:508)
	at com.kms.katalon.core.main.ScriptEngine.run(ScriptEngine.java:194)
	at com.kms.katalon.core.main.ScriptEngine.runScriptAsRawText(ScriptEngine.java:119)
	at com.kms.katalon.core.main.TestCaseExecutor.runScript(TestCaseExecutor.java:445)
	at com.kms.katalon.core.main.TestCaseExecutor.doExecute(TestCaseExecutor.java:436)
	at com.kms.katalon.core.main.TestCaseExecutor.processExecutionPhase(TestCaseExecutor.java:415)
	at com.kms.katalon.core.main.TestCaseExecutor.accessMainPhase(TestCaseExecutor.java:407)
	at com.kms.katalon.core.main.TestCaseExecutor.execute(TestCaseExecutor.java:284)
	at com.kms.katalon.core.common.CommonExecutor.accessTestCaseMainPhase(CommonExecutor.java:65)
	at com.kms.katalon.core.main.TestSuiteExecutor.accessTestSuiteMainPhase(TestSuiteExecutor.java:144)
	at com.kms.katalon.core.main.TestSuiteExecutor.execute(TestSuiteExecutor.java:106)
	at com.kms.katalon.core.main.TestCaseMain.startTestSuite(TestCaseMain.java:185)
	at com.kms.katalon.core.main.TestCaseMain$startTestSuite$0.call(Unknown Source)
	at TempTestSuite1655482331260.run(TempTestSuite1655482331260.groovy:36)
)

2022-06-17 18:56:34 - [MESSAGE][INFO] - Unable to find the element located by 'By.xpath: //*[@id="source_5883"]/td[9]/a[2] '. Please recheck the objects properties to make sure the desired element is located. 

2022-06-17 18:56:35 - [MESSAGE][WARNING] - com.kms.katalon.core.webui.exception.WebElementNotFoundException: Web element with id: 'Object Repository/StarPack - Full Lifecycle (AWIS)/5.04 Agency1 id_refID_td9_a2' located by '//*[@id="source_5883"]/td[9]/a[2] ' not found (Root cause: com.kms.katalon.core.exception.StepFailedException: com.kms.katalon.core.webui.exception.WebElementNotFoundException: Web element with id: 'Object Repository/StarPack - Full Lifecycle (AWIS)/5.04 Agency1 id_refID_td9_a2' located by '//*[@id="source_5883"]/td[9]/a[2] ' not found
	at com.kms.katalon.core.webui.keyword.internal.WebUIKeywordMain.stepFailed(WebUIKeywordMain.groovy:64)
	at com.kms.katalon.core.webui.keyword.builtin.VerifyElementPresentKeyword$_verifyElementPresent_closure1.doCall(VerifyElementPresentKeyword.groovy:85)
	at com.kms.katalon.core.webui.keyword.builtin.VerifyElementPresentKeyword$_verifyElementPresent_closure1.call(VerifyElementPresentKeyword.groovy)
	at com.kms.katalon.core.webui.keyword.internal.WebUIKeywordMain.runKeyword(WebUIKeywordMain.groovy:20)
	at com.kms.katalon.core.webui.keyword.builtin.VerifyElementPresentKeyword.verifyElementPresent(VerifyElementPresentKeyword.groovy:92)
	at com.kms.katalon.core.webui.keyword.builtin.VerifyElementPresentKeyword.execute(VerifyElementPresentKeyword.groovy:68)
	at com.kms.katalon.core.keyword.internal.KeywordExecutor.executeKeywordForPlatform(KeywordExecutor.groovy:74)
	at com.kms.katalon.core.webui.keyword.WebUiBuiltInKeywords.verifyElementPresent(WebUiBuiltInKeywords.groovy:1448)
	at com.kms.katalon.core.webui.keyword.WebUiBuiltInKeywords$verifyElementPresent$18.call(Unknown Source)
	at 202.04 TestStarPack Full Lifecycle - AWIS (Chrome)_Sans_Ref_filles.run(202.04 TestStarPack Full Lifecycle - AWIS (Chrome)_Sans_Ref_filles:508)
	at com.kms.katalon.core.main.ScriptEngine.run(ScriptEngine.java:194)
	at com.kms.katalon.core.main.ScriptEngine.runScriptAsRawText(ScriptEngine.java:119)
	at com.kms.katalon.core.main.TestCaseExecutor.runScript(TestCaseExecutor.java:445)
	at com.kms.katalon.core.main.TestCaseExecutor.doExecute(TestCaseExecutor.java:436)
	at com.kms.katalon.core.main.TestCaseExecutor.processExecutionPhase(TestCaseExecutor.java:415)
	at com.kms.katalon.core.main.TestCaseExecutor.accessMainPhase(TestCaseExecutor.java:407)
	at com.kms.katalon.core.main.TestCaseExecutor.execute(TestCaseExecutor.java:284)
	at com.kms.katalon.core.common.CommonExecutor.accessTestCaseMainPhase(CommonExecutor.java:65)
	at com.kms.katalon.core.main.TestSuiteExecutor.accessTestSuiteMainPhase(TestSuiteExecutor.java:144)
	at com.kms.katalon.core.main.TestSuiteExecutor.execute(TestSuiteExecutor.java:106)
	at com.kms.katalon.core.main.TestCaseMain.startTestSuite(TestCaseMain.java:185)
	at com.kms.katalon.core.main.TestCaseMain$startTestSuite$0.call(Unknown Source)
	at TempTestSuite1655482331260.run(TempTestSuite1655482331260.groovy:36)
)
[[ATTACHMENT|D:\\Projet Test Auto\\Mediabox Test Automation [Test]\\Reports\\20220617_181206\\z01. Test Suites\\202. TestStarPack Full Lifecycle _Change of Rights_SAS\\20220617_181211\\1655484994678.png]]

2022-06-17 18:56:35 - [TEST_STEP][PASSED] - else: null

2022-06-17 18:56:35 - [TEST_STEP][PASSED] - color2 = "white": null

2022-06-17 18:56:35 - [TEST_STEP][PASSED] - I.Logout(): Delayed 3 second(s)

2022-06-17 18:56:38 - [MESSAGE][PASSED] - Delayed 3 second(s)

2022-06-17 18:56:38 - [MESSAGE][PASSED] - Object: 'Object Repository/1. Constant/xpath' is clicked on

2022-06-17 18:56:41 - [MESSAGE][PASSED] - Delayed 3 second(s)

2022-06-17 18:56:43 - [MESSAGE][PASSED] - Object: 'Object Repository/1. Constant/xpath' is clicked on

2022-06-17 18:56:46 - [MESSAGE][PASSED] - Delayed 3 second(s)

2022-06-17 18:56:46 - [TEST_STEP][PASSED] - I.Login_password("aterreshernandez", password_aterreshernandez): Object: 'Object Repository/1. Constant/xpath' is clicked on

2022-06-17 18:56:46 - [MESSAGE][PASSED] - Text 'aterreshernandez' is set on object 'Object Repository/1. Constant/xpath'

2022-06-17 18:56:47 - [MESSAGE][PASSED] - Delayed 1 second(s)

2022-06-17 18:56:48 - [MESSAGE][PASSED] - Text 'diadeis' is set on object 'Object Repository/1. Constant/xpath'

2022-06-17 18:56:49 - [MESSAGE][PASSED] - Delayed 1 second(s)

2022-06-17 18:56:54 - [MESSAGE][PASSED] - Object: 'Object Repository/1. Constant/xpath' is clicked on

2022-06-17 18:56:54 - [TEST_STEP][PASSED] - takeScreenshot(): Taking screenshot successfully

2022-06-17 18:56:54 - [MESSAGE][PASSED] - Taking screenshot successfully
[[ATTACHMENT|D:\\Projet Test Auto\\Mediabox Test Automation [Test]\\Reports\\20220617_181206\\z01. Test Suites\\202. TestStarPack Full Lifecycle _Change of Rights_SAS\\20220617_181211\\1655485014469.png]]

2022-06-17 18:56:54 - [TEST_STEP][PASSED] - click(findTestObject("1. Constant/02_LHSMenu_Projects")): Object: 'Object Repository/1. Constant/02_LHSMenu_Projects' is clicked on

2022-06-17 18:56:57 - [MESSAGE][PASSED] - Object: 'Object Repository/1. Constant/02_LHSMenu_Projects' is clicked on

2022-06-17 18:56:57 - [TEST_STEP][PASSED] - I.SearchProjectNo(Project_No, findTestObject("1. Constant/xpath", ["xpath":"//*[@id="form_filters"]/div[7]/button"])): Delayed 5 second(s)

2022-06-17 18:56:58 - [MESSAGE][PASSED] - Text 'MI000937' is set on object 'Object Repository/1. Constant/xpath'

2022-06-17 18:57:01 - [MESSAGE][PASSED] - Delayed 3 second(s)

2022-06-17 18:57:05 - [MESSAGE][PASSED] - Object: 'Object Repository/1. Constant/xpath' is clicked on

2022-06-17 18:57:10 - [MESSAGE][PASSED] - Delayed 5 second(s)

2022-06-17 18:57:10 - [TEST_STEP][PASSED] - click(findTestObject("1. Constant/xpath", ["xpath":"/html/body/div[1]/div[2]/div[4]/div[3]/div/div[2]/div[2]/div[1]/table/tbody/tr[2]/td[12]/a[2]"])): Object: 'Object Repository/1. Constant/xpath' is clicked on

2022-06-17 18:57:13 - [MESSAGE][PASSED] - Object: 'Object Repository/1. Constant/xpath' is clicked on

2022-06-17 18:57:13 - [TEST_STEP][PASSED] - I.AWF_approve_view(): Object: 'Object Repository/HL Full Lifecycle/Function_Appbutton2' is clicked on

2022-06-17 18:57:15 - [MESSAGE][PASSED] - Wait for page load successfully

2022-06-17 18:57:25 - [MESSAGE][PASSED] - Delayed 10 second(s)

2022-06-17 18:57:25 - [MESSAGE][PASSED] - Object: 'Object Repository/HL Full Lifecycle/Function_access Viewer2' is hovered

2022-06-17 18:57:28 - [MESSAGE][PASSED] - Delayed 3 second(s)

2022-06-17 18:57:28 - [MESSAGE][PASSED] - Object: 'Object Repository/HL Full Lifecycle/Function_access Viewer2' is clicked on

2022-06-17 18:57:33 - [MESSAGE][PASSED] - Delayed 5 second(s)

2022-06-17 18:57:33 - [MESSAGE][PASSED] - Object: 'Object Repository/HL Full Lifecycle/Function_AppButton' is clicked on

2022-06-17 18:57:38 - [MESSAGE][PASSED] - Delayed 5 second(s)

2022-06-17 18:57:47 - [MESSAGE][PASSED] - Object: 'Object Repository/HL Full Lifecycle/Function_Appbutton2' is clicked on

2022-06-17 18:57:47 - [TEST_STEP][PASSED] - I.Logout(): Delayed 3 second(s)

2022-06-17 18:57:50 - [MESSAGE][PASSED] - Delayed 3 second(s)

2022-06-17 18:57:50 - [MESSAGE][PASSED] - Object: 'Object Repository/1. Constant/xpath' is clicked on

2022-06-17 18:57:53 - [MESSAGE][PASSED] - Delayed 3 second(s)

2022-06-17 18:57:54 - [MESSAGE][PASSED] - Object: 'Object Repository/1. Constant/xpath' is clicked on

2022-06-17 18:57:57 - [MESSAGE][PASSED] - Delayed 3 second(s)

2022-06-17 18:57:57 - [TEST_STEP][PASSED] - I.Login_password("aherms", password_aherms): Object: 'Object Repository/1. Constant/xpath' is clicked on

2022-06-17 18:57:57 - [MESSAGE][PASSED] - Text 'aherms' is set on object 'Object Repository/1. Constant/xpath'

2022-06-17 18:57:58 - [MESSAGE][PASSED] - Delayed 1 second(s)

2022-06-17 18:57:59 - [MESSAGE][PASSED] - Text 'diadeis' is set on object 'Object Repository/1. Constant/xpath'

2022-06-17 18:58:00 - [MESSAGE][PASSED] - Delayed 1 second(s)

2022-06-17 18:58:03 - [MESSAGE][PASSED] - Object: 'Object Repository/1. Constant/xpath' is clicked on

2022-06-17 18:58:03 - [TEST_STEP][PASSED] - takeScreenshot(): Taking screenshot successfully

2022-06-17 18:58:03 - [MESSAGE][PASSED] - Taking screenshot successfully
[[ATTACHMENT|D:\\Projet Test Auto\\Mediabox Test Automation [Test]\\Reports\\20220617_181206\\z01. Test Suites\\202. TestStarPack Full Lifecycle _Change of Rights_SAS\\20220617_181211\\1655485083050.png]]

2022-06-17 18:58:03 - [TEST_STEP][PASSED] - click(findTestObject("1. Constant/02_LHSMenu_Projects")): Object: 'Object Repository/1. Constant/02_LHSMenu_Projects' is clicked on

2022-06-17 18:58:11 - [MESSAGE][PASSED] - Object: 'Object Repository/1. Constant/02_LHSMenu_Projects' is clicked on

2022-06-17 18:58:11 - [TEST_STEP][PASSED] - I.SearchProjectNo(Project_No, findTestObject("HL Full Lifecycle/9 Filter_Button_Apply")): Delayed 5 second(s)

2022-06-17 18:58:12 - [MESSAGE][PASSED] - Text 'MI000937' is set on object 'Object Repository/1. Constant/xpath'

2022-06-17 18:58:15 - [MESSAGE][PASSED] - Delayed 3 second(s)

2022-06-17 18:58:18 - [MESSAGE][PASSED] - Object: 'Object Repository/HL Full Lifecycle/9 Filter_Button_Apply' is clicked on

2022-06-17 18:58:23 - [MESSAGE][PASSED] - Delayed 5 second(s)

2022-06-17 18:58:23 - [TEST_STEP][PASSED] - click(findTestObject("Object Repository/StarPack - Full Lifecycle (AWIS)/5.04 Agency1 id_refID_td9_a2", ["refID":"source_" + refID])): Object: 'Object Repository/StarPack - Full Lifecycle (AWIS)/5.04 Agency1 id_refID_td9_a2' is clicked on

2022-06-17 18:58:25 - [MESSAGE][PASSED] - Object: 'Object Repository/StarPack - Full Lifecycle (AWIS)/5.04 Agency1 id_refID_td9_a2' is clicked on

2022-06-17 18:58:25 - [TEST_STEP][PASSED] - setText(findTestObject("1. Constant/01_id_field_id", ["field_id":"var_48"]), "Número de seguimiento del envío de la muestra de packagingmandatory"): Text 'Número de seguimiento del envío de la muestra de packagingmandatory' is set on object 'Object Repository/1. Constant/01_id_field_id'

2022-06-17 18:58:26 - [MESSAGE][PASSED] - Text 'Número de seguimiento del envío de la muestra de packagingmandatory' is set on object 'Object Repository/1. Constant/01_id_field_id'

2022-06-17 18:58:26 - [TEST_STEP][PASSED] - click(findTestObject("1. Constant/xpath", ["xpath":"//*[@id="ModifFiche"]/div[3]/div/button[2]"])): Object: 'Object Repository/1. Constant/xpath' is clicked on

2022-06-17 18:58:32 - [MESSAGE][PASSED] - Object: 'Object Repository/1. Constant/xpath' is clicked on

2022-06-17 18:58:32 - [TEST_STEP][PASSED] - I.Logout(): Delayed 3 second(s)

2022-06-17 18:58:35 - [MESSAGE][PASSED] - Delayed 3 second(s)

2022-06-17 18:58:35 - [MESSAGE][PASSED] - Object: 'Object Repository/1. Constant/xpath' is clicked on

2022-06-17 18:58:38 - [MESSAGE][PASSED] - Delayed 3 second(s)

2022-06-17 18:58:40 - [MESSAGE][PASSED] - Object: 'Object Repository/1. Constant/xpath' is clicked on

2022-06-17 18:58:43 - [MESSAGE][PASSED] - Delayed 3 second(s)

2022-06-17 18:58:43 - [TEST_STEP][PASSED] - I.Login_password("aterreshernandez", password_aterreshernandez): Object: 'Object Repository/1. Constant/xpath' is clicked on

2022-06-17 18:58:43 - [MESSAGE][PASSED] - Text 'aterreshernandez' is set on object 'Object Repository/1. Constant/xpath'

2022-06-17 18:58:44 - [MESSAGE][PASSED] - Delayed 1 second(s)

2022-06-17 18:58:44 - [MESSAGE][PASSED] - Text 'diadeis' is set on object 'Object Repository/1. Constant/xpath'

2022-06-17 18:58:45 - [MESSAGE][PASSED] - Delayed 1 second(s)

2022-06-17 18:58:51 - [MESSAGE][PASSED] - Object: 'Object Repository/1. Constant/xpath' is clicked on

2022-06-17 18:58:51 - [TEST_STEP][PASSED] - takeScreenshot(): Taking screenshot successfully

2022-06-17 18:58:51 - [MESSAGE][PASSED] - Taking screenshot successfully
[[ATTACHMENT|D:\\Projet Test Auto\\Mediabox Test Automation [Test]\\Reports\\20220617_181206\\z01. Test Suites\\202. TestStarPack Full Lifecycle _Change of Rights_SAS\\20220617_181211\\1655485131223.png]]

2022-06-17 18:58:51 - [TEST_STEP][PASSED] - click(findTestObject("1. Constant/02_LHSMenu_Projects")): Object: 'Object Repository/1. Constant/02_LHSMenu_Projects' is clicked on

2022-06-17 18:58:54 - [MESSAGE][PASSED] - Object: 'Object Repository/1. Constant/02_LHSMenu_Projects' is clicked on

2022-06-17 18:58:54 - [TEST_STEP][PASSED] - I.SearchProjectNo(Project_No, findTestObject("1. Constant/xpath", ["xpath":"//*[@id="form_filters"]/div[7]/button"])): Delayed 5 second(s)

2022-06-17 18:58:54 - [MESSAGE][PASSED] - Text 'MI000937' is set on object 'Object Repository/1. Constant/xpath'

2022-06-17 18:58:57 - [MESSAGE][PASSED] - Delayed 3 second(s)

2022-06-17 18:59:01 - [MESSAGE][PASSED] - Object: 'Object Repository/1. Constant/xpath' is clicked on

2022-06-17 18:59:06 - [MESSAGE][PASSED] - Delayed 5 second(s)

2022-06-17 18:59:06 - [TEST_STEP][PASSED] - click(findTestObject("1. Constant/xpath", ["xpath":"/html/body/div[1]/div[2]/div[4]/div[3]/div/div[2]/div[2]/div[1]/table/tbody/tr[2]/td[12]/a[2]"])): Object: 'Object Repository/1. Constant/xpath' is clicked on

2022-06-17 18:59:11 - [MESSAGE][PASSED] - Object: 'Object Repository/1. Constant/xpath' is clicked on

2022-06-17 18:59:11 - [TEST_STEP][PASSED] - I.status_lifecycle(findTestObject("1. Constant/xpath", ["xpath":"/html/body/div[1]/div[2]/div[4]/div[3]/div/div[2]/div[2]/div[1]/table/tbody/tr[2]/td[7]/span"]), "Completado"): Status contain Completado.

2022-06-17 18:59:11 - [MESSAGE][PASSED] - Text of object 'Object Repository/1. Constant/xpath' is: 'Completado'

2022-06-17 18:59:11 - [MESSAGE][PASSED] - Status contain Completado.

2022-06-17 18:59:11 - [TEST_STEP][PASSED] - takeScreenshot(): Taking screenshot successfully

2022-06-17 18:59:12 - [MESSAGE][PASSED] - Taking screenshot successfully
[[ATTACHMENT|D:\\Projet Test Auto\\Mediabox Test Automation [Test]\\Reports\\20220617_181206\\z01. Test Suites\\202. TestStarPack Full Lifecycle _Change of Rights_SAS\\20220617_181211\\1655485151909.png]]

2022-06-17 18:59:12 - [TEST_STEP][PASSED] - closeBrowser(): Browser is closed

2022-06-17 18:59:13 - [MESSAGE][PASSED] - Browser is closed

2022-06-17 18:59:13 - [TEST_STEP][PASSED] - Start listener action : sampleAfterTestCase: null]]></system-out>
         <system-err><![CDATA[]]></system-err>
      </testcase>
      <testcase name="Test Cases/202. TestStarPack Full Lifecycle _Change of Rights_SAS/202.05 TestStarPack- Project Name (255) _ Ref Name (80)" time="284.713" classname="Test Cases/202. TestStarPack Full Lifecycle _Change of Rights_SAS/202.05 TestStarPack- Project Name (255) _ Ref Name (80)" status="PASSED">
         <system-out><![CDATA[2022-06-17 18:59:13 - [TEST_CASE][PASSED] - Test Cases/202. TestStarPack Full Lifecycle _Change of Rights_SAS/202.05 TestStarPack- Project Name (255) _ Ref Name (80): Test Cases/202. TestStarPack Full Lifecycle _Change of Rights_SAS/202.05 TestStarPack- Project Name (255) _ Ref Name (80)

2022-06-17 18:59:13 - [TEST_STEP][PASSED] - data = findTestData("Data Files/Username_Password/Test_Starpack"): null

2022-06-17 18:59:13 - [TEST_STEP][PASSED] - password_suser = data.getValue(2, 1): null

2022-06-17 18:59:13 - [TEST_STEP][PASSED] - password_aherms = data.getValue(2, 2): null

2022-06-17 18:59:13 - [TEST_STEP][PASSED] - password_agluszczynska = data.getValue(2, 3): null

2022-06-17 18:59:13 - [TEST_STEP][PASSED] - password_jmaciaszczyk = data.getValue(2, 4): null

2022-06-17 18:59:13 - [TEST_STEP][PASSED] - password_aterreshernandez = data.getValue(2, 5): null

2022-06-17 18:59:13 - [TEST_STEP][PASSED] - password_amartin_arbol = data.getValue(2, 6): null

2022-06-17 18:59:13 - [TEST_STEP][PASSED] - password_adelamatanieves = data.getValue(2, 7): null

2022-06-17 18:59:13 - [TEST_STEP][PASSED] - password_kcannoosamy_dia = data.getValue(2, 8): null

2022-06-17 18:59:13 - [TEST_STEP][PASSED] - data_urlTestAUTO = findTestData("Data Files/URL/URL_testauto"): null

2022-06-17 18:59:13 - [TEST_STEP][PASSED] - Url_Starpack = data_urlTestAUTO.getValue(2, 2): null

2022-06-17 18:59:13 - [TEST_STEP][PASSED] - openBrowser(Url_Starpack): Browser is opened with url: 'https://mdb-v3-test.diadeis.com/MediaboxIndependence/?MBI_datasource=RELTEST_STARPACK'

2022-06-17 18:59:13 - [MESSAGE][INFO] - Starting 'Chrome (headless)' driver

2022-06-17 18:59:13 - [MESSAGE][INFO] - User set preference: ['args', '[--window-size=1920,1080, --headless]']

2022-06-17 18:59:13 - [MESSAGE][INFO] - Action delay is set to 0 milliseconds

2022-06-17 18:59:25 - [MESSAGE][PASSED] - Browser is opened with url: 'https://mdb-v3-test.diadeis.com/MediaboxIndependence/?MBI_datasource=RELTEST_STARPACK'

2022-06-17 18:59:25 - [TEST_STEP][PASSED] - maximizeWindow(): Current window maximized

2022-06-17 18:59:25 - [MESSAGE][PASSED] - Current window maximized

2022-06-17 18:59:25 - [TEST_STEP][PASSED] - I.Login_password("adelamatanieves", password_adelamatanieves): Object: 'Object Repository/1. Constant/xpath' is clicked on

2022-06-17 18:59:26 - [MESSAGE][PASSED] - Text 'adelamatanieves' is set on object 'Object Repository/1. Constant/xpath'

2022-06-17 18:59:27 - [MESSAGE][PASSED] - Delayed 1 second(s)

2022-06-17 18:59:27 - [MESSAGE][PASSED] - Text 'diadeis' is set on object 'Object Repository/1. Constant/xpath'

2022-06-17 18:59:28 - [MESSAGE][PASSED] - Delayed 1 second(s)

2022-06-17 18:59:34 - [MESSAGE][PASSED] - Object: 'Object Repository/1. Constant/xpath' is clicked on

2022-06-17 18:59:34 - [TEST_STEP][PASSED] - takeScreenshot(): Taking screenshot successfully

2022-06-17 18:59:35 - [MESSAGE][PASSED] - Taking screenshot successfully
[[ATTACHMENT|D:\\Projet Test Auto\\Mediabox Test Automation [Test]\\Reports\\20220617_181206\\z01. Test Suites\\202. TestStarPack Full Lifecycle _Change of Rights_SAS\\20220617_181211\\1655485174726.png]]

2022-06-17 18:59:35 - [TEST_STEP][PASSED] - click(findTestObject("1. Constant/02_LHSMenu_Projects")): Object: 'Object Repository/1. Constant/02_LHSMenu_Projects' is clicked on

2022-06-17 18:59:39 - [MESSAGE][PASSED] - Object: 'Object Repository/1. Constant/02_LHSMenu_Projects' is clicked on

2022-06-17 18:59:39 - [TEST_STEP][PASSED] - click(findTestObject("Object Repository/1. Constant/xpath", ["xpath":"//*[@id="kt_content"]/div[3]/div/div/div[1]/div[2]/a[1]"])): Object: 'Object Repository/1. Constant/xpath' is clicked on

2022-06-17 18:59:40 - [MESSAGE][PASSED] - Object: 'Object Repository/1. Constant/xpath' is clicked on

2022-06-17 18:59:40 - [TEST_STEP][PASSED] - takeScreenshot(): Taking screenshot successfully

2022-06-17 18:59:41 - [MESSAGE][PASSED] - Taking screenshot successfully
[[ATTACHMENT|D:\\Projet Test Auto\\Mediabox Test Automation [Test]\\Reports\\20220617_181206\\z01. Test Suites\\202. TestStarPack Full Lifecycle _Change of Rights_SAS\\20220617_181211\\1655485181054.png]]

2022-06-17 18:59:41 - [TEST_STEP][PASSED] - project_name0 = "AutoTest_Chrome_Starpack_Long_ProjectName_" + RandomStringUtils.randomAlphanumeric(10) + "_" + I.gettimedate(): null

2022-06-17 18:59:41 - [TEST_STEP][PASSED] - setText(findTestObject("HL Full Lifecycle/4 CreateProjPage_inputProjectname"), project_name0): Text 'AutoTest_Chrome_Starpack_Long_ProjectName_PWSmS1iUup_juin172022_185941' is set on object 'Object Repository/HL Full Lifecycle/4 CreateProjPage_inputProjectname'

2022-06-17 18:59:42 - [MESSAGE][PASSED] - Text 'AutoTest_Chrome_Starpack_Long_ProjectName_PWSmS1iUup_juin172022_185941' is set on object 'Object Repository/HL Full Lifecycle/4 CreateProjPage_inputProjectname'

2022-06-17 18:59:42 - [TEST_STEP][PASSED] - click(findTestObject("HL Full Lifecycle/4 CreateProjPage_Create Project_Bluebutton")): Object: 'Object Repository/HL Full Lifecycle/4 CreateProjPage_Create Project_Bluebutton' is clicked on

2022-06-17 18:59:47 - [MESSAGE][PASSED] - Object: 'Object Repository/HL Full Lifecycle/4 CreateProjPage_Create Project_Bluebutton' is clicked on

2022-06-17 18:59:47 - [TEST_STEP][PASSED] - delay(1): Delayed 1 second(s)

2022-06-17 18:59:48 - [MESSAGE][PASSED] - Delayed 1 second(s)

2022-06-17 18:59:48 - [TEST_STEP][PASSED] - takeScreenshot(): Taking screenshot successfully

2022-06-17 18:59:49 - [MESSAGE][PASSED] - Taking screenshot successfully
[[ATTACHMENT|D:\\Projet Test Auto\\Mediabox Test Automation [Test]\\Reports\\20220617_181206\\z01. Test Suites\\202. TestStarPack Full Lifecycle _Change of Rights_SAS\\20220617_181211\\1655485188871.png]]

2022-06-17 18:59:49 - [TEST_STEP][PASSED] - project_name1 = "AutoTest_Chrome_Starpack__Long_ProjectName_" + RandomStringUtils.randomAlphanumeric(195) + "_" + I.gettimedate() + "_tesst": null

2022-06-17 18:59:49 - [TEST_STEP][PASSED] - setText(findTestObject("HL Full Lifecycle/4 CreateProjPage_inputProjectname"), project_name1): Text 'AutoTest_Chrome_Starpack__Long_ProjectName_CR1tSA3kjornddQqzL81rGm5UwpCO1YvbW4WHlVzpt4dRQeXSZ9O6IaX2yWxoxTr3He7R64Fp9XywWzf7wZzNc4bQOSVesxVCMozmcHhCbSZx49kL8XxRHNEJlWBSJwNxx7PcK3yT718lUIJACW8zJSBg4tqqfUtiaSWoOOA1lFCjkNnM6jtdJuUe1eriipiorW_juin172022_185949_tesst' is set on object 'Object Repository/HL Full Lifecycle/4 CreateProjPage_inputProjectname'

2022-06-17 18:59:50 - [MESSAGE][PASSED] - Text 'AutoTest_Chrome_Starpack__Long_ProjectName_CR1tSA3kjornddQqzL81rGm5UwpCO1YvbW4WHlVzpt4dRQeXSZ9O6IaX2yWxoxTr3He7R64Fp9XywWzf7wZzNc4bQOSVesxVCMozmcHhCbSZx49kL8XxRHNEJlWBSJwNxx7PcK3yT718lUIJACW8zJSBg4tqqfUtiaSWoOOA1lFCjkNnM6jtdJuUe1eriipiorW_juin172022_185949_tesst' is set on object 'Object Repository/HL Full Lifecycle/4 CreateProjPage_inputProjectname'

2022-06-17 18:59:50 - [TEST_STEP][PASSED] - selectOptionByValue(findTestObject("1. Constant/01_id_field_id", ["field_id":"var_98"]), "122", false): All options with value '122' are selected in object 'Object Repository/1. Constant/01_id_field_id' 

2022-06-17 18:59:52 - [MESSAGE][PASSED] - All options with value '122' are selected in object 'Object Repository/1. Constant/01_id_field_id' 

2022-06-17 18:59:52 - [TEST_STEP][PASSED] - delay(1): Delayed 1 second(s)

2022-06-17 18:59:53 - [MESSAGE][PASSED] - Delayed 1 second(s)

2022-06-17 18:59:53 - [TEST_STEP][PASSED] - selectOptionByValue(findTestObject("1. Constant/01_id_field_id", ["field_id":"var_9"]), "amartin_arbol", false): All options with value 'amartin_arbol' are selected in object 'Object Repository/1. Constant/01_id_field_id' 

2022-06-17 18:59:54 - [MESSAGE][PASSED] - All options with value 'amartin_arbol' are selected in object 'Object Repository/1. Constant/01_id_field_id' 

2022-06-17 18:59:54 - [TEST_STEP][PASSED] - delay(1): Delayed 1 second(s)

2022-06-17 18:59:55 - [MESSAGE][PASSED] - Delayed 1 second(s)

2022-06-17 18:59:55 - [TEST_STEP][PASSED] - selectOptionByValue(findTestObject("1. Constant/01_id_field_id", ["field_id":"var_10"]), "aterreshernandez", false): All options with value 'aterreshernandez' are selected in object 'Object Repository/1. Constant/01_id_field_id' 

2022-06-17 18:59:56 - [MESSAGE][PASSED] - All options with value 'aterreshernandez' are selected in object 'Object Repository/1. Constant/01_id_field_id' 

2022-06-17 18:59:56 - [TEST_STEP][PASSED] - delay(1): Delayed 1 second(s)

2022-06-17 18:59:57 - [MESSAGE][PASSED] - Delayed 1 second(s)

2022-06-17 18:59:57 - [TEST_STEP][PASSED] - selectOptionByValue(findTestObject("Object Repository/xxx Todelete/1.4 ModifyProPage_MF(IDP)"), "nalonsobermejo", true): All options with value 'nalonsobermejo' are selected in object 'Object Repository/xxx Todelete/1.4 ModifyProPage_MF(IDP)'  using regular expression

2022-06-17 18:59:57 - [MESSAGE][PASSED] - All options with value 'nalonsobermejo' are selected in object 'Object Repository/xxx Todelete/1.4 ModifyProPage_MF(IDP)'  using regular expression

2022-06-17 18:59:57 - [TEST_STEP][PASSED] - delay(1): Delayed 1 second(s)

2022-06-17 18:59:58 - [MESSAGE][PASSED] - Delayed 1 second(s)

2022-06-17 18:59:58 - [TEST_STEP][PASSED] - click(findTestObject("Object Repository/xxx Todelete/1.41 ModifyProPage_AddMF")): Object: 'Object Repository/xxx Todelete/1.41 ModifyProPage_AddMF' is clicked on

2022-06-17 18:59:58 - [MESSAGE][PASSED] - Object: 'Object Repository/xxx Todelete/1.41 ModifyProPage_AddMF' is clicked on

2022-06-17 18:59:58 - [TEST_STEP][PASSED] - delay(1): Delayed 1 second(s)

2022-06-17 18:59:59 - [MESSAGE][PASSED] - Delayed 1 second(s)

2022-06-17 18:59:59 - [TEST_STEP][PASSED] - selectOptionByValue(findTestObject("1. Constant/01_id_field_id", ["field_id":"var_15"]), "292", false): All options with value '292' are selected in object 'Object Repository/1. Constant/01_id_field_id' 

2022-06-17 19:00:00 - [MESSAGE][PASSED] - All options with value '292' are selected in object 'Object Repository/1. Constant/01_id_field_id' 

2022-06-17 19:00:00 - [TEST_STEP][PASSED] - delay(1): Delayed 1 second(s)

2022-06-17 19:00:01 - [MESSAGE][PASSED] - Delayed 1 second(s)

2022-06-17 19:00:01 - [TEST_STEP][PASSED] - selectOptionByValue(findTestObject("1. Constant/01_id_field_id", ["field_id":"var_26"]), "94", false): All options with value '94' are selected in object 'Object Repository/1. Constant/01_id_field_id' 

2022-06-17 19:00:02 - [MESSAGE][PASSED] - All options with value '94' are selected in object 'Object Repository/1. Constant/01_id_field_id' 

2022-06-17 19:00:02 - [TEST_STEP][PASSED] - delay(1): Delayed 1 second(s)

2022-06-17 19:00:03 - [MESSAGE][PASSED] - Delayed 1 second(s)

2022-06-17 19:00:03 - [TEST_STEP][PASSED] - selectOptionByValue(findTestObject("1. Constant/01_id_field_id", ["field_id":"var_12"]), "94", false): All options with value '94' are selected in object 'Object Repository/1. Constant/01_id_field_id' 

2022-06-17 19:00:04 - [MESSAGE][PASSED] - All options with value '94' are selected in object 'Object Repository/1. Constant/01_id_field_id' 

2022-06-17 19:00:04 - [TEST_STEP][PASSED] - delay(1): Delayed 1 second(s)

2022-06-17 19:00:05 - [MESSAGE][PASSED] - Delayed 1 second(s)

2022-06-17 19:00:05 - [TEST_STEP][PASSED] - selectOptionByValue(findTestObject("1. Constant/01_id_field_id", ["field_id":"var_27"]), "734", false): All options with value '734' are selected in object 'Object Repository/1. Constant/01_id_field_id' 

2022-06-17 19:00:06 - [MESSAGE][PASSED] - All options with value '734' are selected in object 'Object Repository/1. Constant/01_id_field_id' 

2022-06-17 19:00:06 - [TEST_STEP][PASSED] - delay(1): Delayed 1 second(s)

2022-06-17 19:00:07 - [MESSAGE][PASSED] - Delayed 1 second(s)

2022-06-17 19:00:07 - [TEST_STEP][PASSED] - selectOptionByValue(findTestObject("1. Constant/01_id_field_id", ["field_id":"var_71"]), "efood", false): All options with value 'efood' are selected in object 'Object Repository/1. Constant/01_id_field_id' 

2022-06-17 19:00:08 - [MESSAGE][PASSED] - All options with value 'efood' are selected in object 'Object Repository/1. Constant/01_id_field_id' 

2022-06-17 19:00:08 - [TEST_STEP][PASSED] - delay(5): Delayed 5 second(s)

2022-06-17 19:00:13 - [MESSAGE][PASSED] - Delayed 5 second(s)

2022-06-17 19:00:13 - [TEST_STEP][PASSED] - takeScreenshot(): Taking screenshot successfully

2022-06-17 19:00:13 - [MESSAGE][PASSED] - Taking screenshot successfully
[[ATTACHMENT|D:\\Projet Test Auto\\Mediabox Test Automation [Test]\\Reports\\20220617_181206\\z01. Test Suites\\202. TestStarPack Full Lifecycle _Change of Rights_SAS\\20220617_181211\\1655485213482.png]]

2022-06-17 19:00:13 - [TEST_STEP][PASSED] - click(findTestObject("HL Full Lifecycle/5 ModifyProjPage_button_Update")): Object: 'Object Repository/HL Full Lifecycle/5 ModifyProjPage_button_Update' is clicked on

2022-06-17 19:00:17 - [MESSAGE][PASSED] - Object: 'Object Repository/HL Full Lifecycle/5 ModifyProjPage_button_Update' is clicked on

2022-06-17 19:00:17 - [TEST_STEP][PASSED] - delay(5): Delayed 5 second(s)

2022-06-17 19:00:22 - [MESSAGE][PASSED] - Delayed 5 second(s)

2022-06-17 19:00:22 - [TEST_STEP][PASSED] - Project_No = I.ProjectNo(): Current window's url is: 'https://mdb-v3-test.diadeis.com/MediaboxIndependence/Base/ExecAction?IDSession=MBI%21RELTEST_STARPACK%218I9X7K1KP97OQLIQY215XKXKYG4XRONRKN2Q48I7&default_action=AfficheFichesProjet&id_project=MI000938'

2022-06-17 19:00:27 - [MESSAGE][PASSED] - Delayed 5 second(s)

2022-06-17 19:00:28 - [MESSAGE][PASSED] - Current window's url is: 'https://mdb-v3-test.diadeis.com/MediaboxIndependence/Base/ExecAction?IDSession=MBI%21RELTEST_STARPACK%218I9X7K1KP97OQLIQY215XKXKYG4XRONRKN2Q48I7&default_action=AfficheFichesProjet&id_project=MI000938'

2022-06-17 19:00:28 - [TEST_STEP][PASSED] - click(findTestObject("Object Repository/StarPack - Full Lifecycle (AWIS)/1.01 View Project id_card_project_div2_div_div3a3")): Object: 'Object Repository/StarPack - Full Lifecycle (AWIS)/1.01 View Project id_card_project_div2_div_div3a3' is clicked on

2022-06-17 19:00:31 - [MESSAGE][PASSED] - Object: 'Object Repository/StarPack - Full Lifecycle (AWIS)/1.01 View Project id_card_project_div2_div_div3a3' is clicked on

2022-06-17 19:00:31 - [TEST_STEP][PASSED] - project_name = getText(findTestObject("1. Constant/xpath", ["xpath":"//*[@id="common_details"]/div[2]/div/div"])): Text of object 'Object Repository/1. Constant/xpath' is: 'AutoTest_Chrome_Starpack__Long_ProjectName_CR1tSA3kjornddQqzL81rGm5UwpCO1YvbW4WHlVzpt4dRQeXSZ9O6IaX2yWxoxTr3He7R64Fp9XywWzf7wZzNc4bQOSVesxVCMozmcHhCbSZx49kL8XxRHNEJlWBSJwNxx7PcK3yT718lUIJACW8zJSBg4tqqfUtiaSWoOOA1lFCjkNnM6jtdJuUe1eriipiorW_juin172022_18594'

2022-06-17 19:00:32 - [MESSAGE][PASSED] - Text of object 'Object Repository/1. Constant/xpath' is: 'AutoTest_Chrome_Starpack__Long_ProjectName_CR1tSA3kjornddQqzL81rGm5UwpCO1YvbW4WHlVzpt4dRQeXSZ9O6IaX2yWxoxTr3He7R64Fp9XywWzf7wZzNc4bQOSVesxVCMozmcHhCbSZx49kL8XxRHNEJlWBSJwNxx7PcK3yT718lUIJACW8zJSBg4tqqfUtiaSWoOOA1lFCjkNnM6jtdJuUe1eriipiorW_juin172022_18594'

2022-06-17 19:00:32 - [TEST_STEP][PASSED] - I.print("No. of char for the project " + project_name + "  >   " + project_name.length()): null

2022-06-17 19:00:32 - [TEST_STEP][PASSED] - if (project_name.length() != 255): null

2022-06-17 19:00:32 - [TEST_STEP][PASSED] - click(findTestObject("1. Constant/xpath", ["xpath":"//*[@id="kt_subheader"]/div/nav/ol/li[2]"])): Object: 'Object Repository/1. Constant/xpath' is clicked on

2022-06-17 19:00:35 - [MESSAGE][PASSED] - Object: 'Object Repository/1. Constant/xpath' is clicked on

2022-06-17 19:00:35 - [TEST_STEP][PASSED] - click(findTestObject("HL Full Lifecycle/6 ReferenceListPage_createrefbutton")): Object: 'Object Repository/HL Full Lifecycle/6 ReferenceListPage_createrefbutton' is clicked on

2022-06-17 19:00:35 - [MESSAGE][PASSED] - Object: 'Object Repository/HL Full Lifecycle/6 ReferenceListPage_createrefbutton' is clicked on

2022-06-17 19:00:35 - [TEST_STEP][PASSED] - click(findTestObject("HL Full Lifecycle/6 ReferenceListPaga_Create a component_button")): Object: 'Object Repository/HL Full Lifecycle/6 ReferenceListPaga_Create a component_button' is clicked on

2022-06-17 19:00:37 - [MESSAGE][PASSED] - Object: 'Object Repository/HL Full Lifecycle/6 ReferenceListPaga_Create a component_button' is clicked on

2022-06-17 19:00:37 - [TEST_STEP][PASSED] - waitForPageLoad(10): Wait for page load successfully

2022-06-17 19:00:37 - [MESSAGE][PASSED] - Wait for page load successfully

2022-06-17 19:00:37 - [TEST_STEP][PASSED] - takeScreenshot(): Taking screenshot successfully

2022-06-17 19:00:38 - [MESSAGE][PASSED] - Taking screenshot successfully
[[ATTACHMENT|D:\\Projet Test Auto\\Mediabox Test Automation [Test]\\Reports\\20220617_181206\\z01. Test Suites\\202. TestStarPack Full Lifecycle _Change of Rights_SAS\\20220617_181211\\1655485237807.png]]

2022-06-17 19:00:38 - [TEST_STEP][PASSED] - selectOptionByValue(findTestObject("1. Constant/01_id_field_id", ["field_id":"ref_type"]), "11", false): All options with value '11' are selected in object 'Object Repository/1. Constant/01_id_field_id' 

2022-06-17 19:00:40 - [MESSAGE][PASSED] - All options with value '11' are selected in object 'Object Repository/1. Constant/01_id_field_id' 

2022-06-17 19:00:40 - [TEST_STEP][PASSED] - ref_name1 = "Long _name_Ref_" + RandomStringUtils.randomAlphanumeric(47) + "_" + I.gettimedate() + "_testttt": null

2022-06-17 19:00:40 - [TEST_STEP][PASSED] - setText(findTestObject("1. Constant/01_id_field_id", ["field_id":"var_name"]), ref_name1): Text 'Long _name_Ref_jLjwVjeJeqfIl6opbJvGh98ZxbgBh6dgLzhgZWuGxfLANEl_juin172022_190040_testttt' is set on object 'Object Repository/1. Constant/01_id_field_id'

2022-06-17 19:00:41 - [MESSAGE][PASSED] - Text 'Long _name_Ref_jLjwVjeJeqfIl6opbJvGh98ZxbgBh6dgLzhgZWuGxfLANEl_juin172022_190040_testttt' is set on object 'Object Repository/1. Constant/01_id_field_id'

2022-06-17 19:00:41 - [TEST_STEP][PASSED] - text_ref_name1 = getAttribute(findTestObject("1. Constant/01_id_field_id", ["field_id":"var_name"]), "value"): Attribute 'value' of object 'Object Repository/1. Constant/01_id_field_id' is: 'Long _name_Ref_jLjwVjeJeqfIl6opbJvGh98ZxbgBh6dgLzhgZWuGxfLANEl_juin172022_190040'

2022-06-17 19:00:41 - [MESSAGE][PASSED] - Attribute 'value' of object 'Object Repository/1. Constant/01_id_field_id' is: 'Long _name_Ref_jLjwVjeJeqfIl6opbJvGh98ZxbgBh6dgLzhgZWuGxfLANEl_juin172022_190040'

2022-06-17 19:00:41 - [TEST_STEP][PASSED] - I.print("No. of char for the ref " + text_ref_name1 + "  >   " + text_ref_name1.length()): null

2022-06-17 19:00:41 - [TEST_STEP][PASSED] - if (text_ref_name1.length() != 80): null

2022-06-17 19:00:41 - [TEST_STEP][PASSED] - click(findTestObject("HL Full Lifecycle/6 ReferencePg_Create a component_bluebutton")): Object: 'Object Repository/HL Full Lifecycle/6 ReferencePg_Create a component_bluebutton' is clicked on

2022-06-17 19:00:46 - [MESSAGE][PASSED] - Object: 'Object Repository/HL Full Lifecycle/6 ReferencePg_Create a component_bluebutton' is clicked on

2022-06-17 19:00:46 - [TEST_STEP][PASSED] - refID = I.RefID(): Current window's url is: 'https://mdb-v3-test.diadeis.com/MediaboxIndependence/Base/ExecAction?IDSession=MBI%21RELTEST_STARPACK%218I9X7K1KP97OQLIQY215XKXKYG4XRONRKN2Q48I7&default_action=ModifierRef&id_project=MI000938&id_ref=5884&action_from=create_ref'

2022-06-17 19:00:51 - [MESSAGE][PASSED] - Delayed 5 second(s)

2022-06-17 19:00:51 - [MESSAGE][PASSED] - Current window's url is: 'https://mdb-v3-test.diadeis.com/MediaboxIndependence/Base/ExecAction?IDSession=MBI%21RELTEST_STARPACK%218I9X7K1KP97OQLIQY215XKXKYG4XRONRKN2Q48I7&default_action=ModifierRef&id_project=MI000938&id_ref=5884&action_from=create_ref'

2022-06-17 19:00:51 - [TEST_STEP][PASSED] - out.println(refID): null

2022-06-17 19:00:51 - [TEST_STEP][PASSED] - delay(1): Delayed 1 second(s)

2022-06-17 19:00:52 - [MESSAGE][PASSED] - Delayed 1 second(s)

2022-06-17 19:00:52 - [TEST_STEP][PASSED] - takeScreenshot(): Taking screenshot successfully

2022-06-17 19:00:53 - [MESSAGE][PASSED] - Taking screenshot successfully
[[ATTACHMENT|D:\\Projet Test Auto\\Mediabox Test Automation [Test]\\Reports\\20220617_181206\\z01. Test Suites\\202. TestStarPack Full Lifecycle _Change of Rights_SAS\\20220617_181211\\1655485252962.png]]

2022-06-17 19:00:53 - [TEST_STEP][PASSED] - sendKeys(findTestObject("1. Constant/01_id_field_id", ["field_id":"var_28"]), "209293"): Keys '209293' sent to object: 'Object Repository/1. Constant/01_id_field_id'

2022-06-17 19:00:53 - [MESSAGE][PASSED] - Keys '209293' sent to object: 'Object Repository/1. Constant/01_id_field_id'

2022-06-17 19:00:53 - [TEST_STEP][PASSED] - delay(20): Delayed 20 second(s)

2022-06-17 19:01:13 - [MESSAGE][PASSED] - Delayed 20 second(s)

2022-06-17 19:01:13 - [TEST_STEP][PASSED] - sendKeys(findTestObject("1. Constant/01_id_field_id", ["field_id":"var_30"]), "test Submarca"): Keys 'test Submarca' sent to object: 'Object Repository/1. Constant/01_id_field_id'

2022-06-17 19:01:14 - [MESSAGE][PASSED] - Keys 'test Submarca' sent to object: 'Object Repository/1. Constant/01_id_field_id'

2022-06-17 19:01:14 - [TEST_STEP][PASSED] - sendKeys(findTestObject("1. Constant/01_id_field_id", ["field_id":"var_31"]), "test Submarca Vínculo con bulto: test Submarca"): Keys 'test Submarca Vínculo con bulto: test Submarca' sent to object: 'Object Repository/1. Constant/01_id_field_id'

2022-06-17 19:01:14 - [MESSAGE][PASSED] - Keys 'test Submarca Vínculo con bulto: test Submarca' sent to object: 'Object Repository/1. Constant/01_id_field_id'

2022-06-17 19:01:14 - [TEST_STEP][PASSED] - selectOptionByValue(findTestObject("1. Constant/01_id_field_id", ["field_id":"var_38"]), "24", false): All options with value '24' are selected in object 'Object Repository/1. Constant/01_id_field_id' 

2022-06-17 19:01:15 - [MESSAGE][PASSED] - All options with value '24' are selected in object 'Object Repository/1. Constant/01_id_field_id' 

2022-06-17 19:01:15 - [TEST_STEP][PASSED] - sendKeys(findTestObject("1. Constant/01_id_field_id", ["field_id":"var_39"]), "8480017155061"): Keys '8480017155061' sent to object: 'Object Repository/1. Constant/01_id_field_id'

2022-06-17 19:01:16 - [MESSAGE][PASSED] - Keys '8480017155061' sent to object: 'Object Repository/1. Constant/01_id_field_id'

2022-06-17 19:01:16 - [TEST_STEP][PASSED] - selectOptionByValue(findTestObject("1. Constant/01_id_field_id", ["field_id":"selSource_19"]), "22", false): All options with value '22' are selected in object 'Object Repository/1. Constant/01_id_field_id' 

2022-06-17 19:01:17 - [MESSAGE][PASSED] - All options with value '22' are selected in object 'Object Repository/1. Constant/01_id_field_id' 

2022-06-17 19:01:17 - [TEST_STEP][PASSED] - click(findTestObject("Object Repository/xxx Todelete/2.01 ModifyRef_Pais")): Object: 'Object Repository/xxx Todelete/2.01 ModifyRef_Pais' is clicked on

2022-06-17 19:01:17 - [MESSAGE][PASSED] - Object: 'Object Repository/xxx Todelete/2.01 ModifyRef_Pais' is clicked on

2022-06-17 19:01:17 - [TEST_STEP][PASSED] - selectOptionByValue(findTestObject("1. Constant/01_id_field_id", ["field_id":"var_75"]), "26", false): All options with value '26' are selected in object 'Object Repository/1. Constant/01_id_field_id' 

2022-06-17 19:01:18 - [MESSAGE][PASSED] - All options with value '26' are selected in object 'Object Repository/1. Constant/01_id_field_id' 

2022-06-17 19:01:18 - [TEST_STEP][PASSED] - click(findTestObject("HL Full Lifecycle/7 ModifyRefPage_button_Save")): Object: 'Object Repository/HL Full Lifecycle/7 ModifyRefPage_button_Save' is clicked on

2022-06-17 19:01:24 - [MESSAGE][PASSED] - Object: 'Object Repository/HL Full Lifecycle/7 ModifyRefPage_button_Save' is clicked on

2022-06-17 19:01:24 - [TEST_STEP][PASSED] - click(findTestObject("1. Constant/xpath", ["xpath":"/html/body/div[1]/div[2]/div[4]/div[3]/div/div[2]/div[2]/div[1]/table/tbody/tr[2]/td[10]/a[3]"])): Object: 'Object Repository/1. Constant/xpath' is clicked on

2022-06-17 19:01:27 - [MESSAGE][PASSED] - Object: 'Object Repository/1. Constant/xpath' is clicked on

2022-06-17 19:01:27 - [TEST_STEP][PASSED] - delay(1): Delayed 1 second(s)

2022-06-17 19:01:28 - [MESSAGE][PASSED] - Delayed 1 second(s)

2022-06-17 19:01:28 - [TEST_STEP][PASSED] - click(findTestObject("Object Repository/StarPack - Full Lifecycle (AWIS)/2.031 RefPg_AnnaSubmit", ["id":"1"])): Object: 'Object Repository/StarPack - Full Lifecycle (AWIS)/2.031 RefPg_AnnaSubmit' is clicked on

2022-06-17 19:01:35 - [MESSAGE][PASSED] - Object: 'Object Repository/StarPack - Full Lifecycle (AWIS)/2.031 RefPg_AnnaSubmit' is clicked on

2022-06-17 19:01:35 - [TEST_STEP][PASSED] - click(findTestObject("1. Constant/xpath", ["xpath":"/html/body/div[1]/div[2]/div[4]/div[3]/div/div[2]/div[2]/div[1]/table/tbody/tr[2]/td[4]/a"])): Object: 'Object Repository/1. Constant/xpath' is clicked on

2022-06-17 19:01:38 - [MESSAGE][PASSED] - Object: 'Object Repository/1. Constant/xpath' is clicked on

2022-06-17 19:01:38 - [TEST_STEP][PASSED] - click(findTestObject("1. Constant/xpath", ["xpath":"//*[@id="kt_content"]/div[3]/div/ul/li[3]/a"])): Object: 'Object Repository/1. Constant/xpath' is clicked on

2022-06-17 19:01:41 - [MESSAGE][PASSED] - Object: 'Object Repository/1. Constant/xpath' is clicked on

2022-06-17 19:01:41 - [TEST_STEP][PASSED] - click(findTestObject("1. Constant/xpath", ["xpath":"/html/body/div[1]/div[2]/div[8]/div[3]/div/div[3]/div[3]/div/div/div[1]/div/div[2]/div/div[1]/div[2]/div/a[3]"])): Object: 'Object Repository/1. Constant/xpath' is clicked on

2022-06-17 19:01:42 - [MESSAGE][PASSED] - Object: 'Object Repository/1. Constant/xpath' is clicked on

2022-06-17 19:01:42 - [TEST_STEP][PASSED] - takeScreenshot(): Taking screenshot successfully

2022-06-17 19:01:42 - [MESSAGE][PASSED] - Taking screenshot successfully
[[ATTACHMENT|D:\\Projet Test Auto\\Mediabox Test Automation [Test]\\Reports\\20220617_181206\\z01. Test Suites\\202. TestStarPack Full Lifecycle _Change of Rights_SAS\\20220617_181211\\1655485302474.png]]

2022-06-17 19:01:42 - [TEST_STEP][PASSED] - click(findTestObject("1. Constant/xpath", ["xpath":"//*[@id="modal_skip_phase"]/div/div/div[3]/button[2]"])): Object: 'Object Repository/1. Constant/xpath' is clicked on

2022-06-17 19:01:46 - [MESSAGE][PASSED] - Object: 'Object Repository/1. Constant/xpath' is clicked on

2022-06-17 19:01:46 - [TEST_STEP][PASSED] - click(findTestObject("1. Constant/xpath", ["xpath":"/html/body/div[1]/div[2]/div[8]/div[3]/div/div[3]/div[3]/div/ul/li[1]/a"])): Object: 'Object Repository/1. Constant/xpath' is clicked on

2022-06-17 19:01:47 - [MESSAGE][PASSED] - Object: 'Object Repository/1. Constant/xpath' is clicked on

2022-06-17 19:01:47 - [TEST_STEP][PASSED] - click(findTestObject("1. Constant/xpath", ["xpath":"/html/body/div[1]/div[2]/div[8]/div[3]/div/div[3]/div[3]/div/div/div[1]/div/div[2]/div/div[1]/div[2]/a"])): Object: 'Object Repository/1. Constant/xpath' is clicked on

2022-06-17 19:01:48 - [MESSAGE][PASSED] - Object: 'Object Repository/1. Constant/xpath' is clicked on

2022-06-17 19:01:48 - [TEST_STEP][PASSED] - takeScreenshot(): Taking screenshot successfully

2022-06-17 19:01:48 - [MESSAGE][PASSED] - Taking screenshot successfully
[[ATTACHMENT|D:\\Projet Test Auto\\Mediabox Test Automation [Test]\\Reports\\20220617_181206\\z01. Test Suites\\202. TestStarPack Full Lifecycle _Change of Rights_SAS\\20220617_181211\\1655485308303.png]]

2022-06-17 19:01:48 - [TEST_STEP][PASSED] - A_Skip_Anna = getText(findTestObject("1. Constant/xpath", ["xpath":"/html/body/div[1]/div[2]/div[8]/div[3]/div/div[3]/div[3]/div/div/div[1]/div/div[2]/div/div[2]/h5"])): Text of object 'Object Repository/1. Constant/xpath' is: 'Omitido por ANA DELAMATANIEVES'

2022-06-17 19:01:48 - [MESSAGE][PASSED] - Text of object 'Object Repository/1. Constant/xpath' is: 'Omitido por ANA DELAMATANIEVES'

2022-06-17 19:01:48 - [TEST_STEP][PASSED] - I.print("Skip this phase - " + A_Skip_Anna): null

2022-06-17 19:01:49 - [TEST_STEP][PASSED] - E_Skip_Anna = "Omitido por ANA DELAMATANIEVES": null

2022-06-17 19:01:49 - [TEST_STEP][PASSED] - verifyMatch(E_Skip_Anna, A_Skip_Anna, false): Actual text 'Omitido por ANA DELAMATANIEVES' and expected text 'Omitido por ANA DELAMATANIEVES' are matched 

2022-06-17 19:01:49 - [MESSAGE][PASSED] - Actual text 'Omitido por ANA DELAMATANIEVES' and expected text 'Omitido por ANA DELAMATANIEVES' are matched 

2022-06-17 19:01:49 - [TEST_STEP][PASSED] - click(findTestObject("1. Constant/xpath", ["xpath":"/html/body/div[1]/div[2]/div[8]/div[3]/div/div[3]/div[3]/div/ul/li[2]/a"])): Object: 'Object Repository/1. Constant/xpath' is clicked on

2022-06-17 19:01:49 - [MESSAGE][PASSED] - Object: 'Object Repository/1. Constant/xpath' is clicked on

2022-06-17 19:01:49 - [TEST_STEP][PASSED] - click(findTestObject("1. Constant/xpath", ["xpath":"/html/body/div[1]/div[2]/div[8]/div[3]/div/div[3]/div[3]/div/div/div[2]/div/div[2]/div/div[1]/div[2]/div/a[2]"])): Object: 'Object Repository/1. Constant/xpath' is clicked on

2022-06-17 19:01:49 - [MESSAGE][PASSED] - Object: 'Object Repository/1. Constant/xpath' is clicked on

2022-06-17 19:01:49 - [TEST_STEP][PASSED] - click(findTestObject("1. Constant/xpath", ["xpath":"//*[@id="kt_body"]/div[9]/div/div/div[2]/button[2]"])): Object: 'Object Repository/1. Constant/xpath' is clicked on

2022-06-17 19:01:59 - [MESSAGE][PASSED] - Object: 'Object Repository/1. Constant/xpath' is clicked on

2022-06-17 19:01:59 - [TEST_STEP][PASSED] - click(findTestObject("1. Constant/xpath", ["xpath":"/html/body/div[1]/div[2]/div[8]/div[3]/div/div[3]/div[3]/div/div/div[2]/div/div/div/div[1]/div[2]/div/a[3]"])): Object: 'Object Repository/1. Constant/xpath' is clicked on

2022-06-17 19:02:01 - [MESSAGE][PASSED] - Object: 'Object Repository/1. Constant/xpath' is clicked on

2022-06-17 19:02:01 - [TEST_STEP][PASSED] - click(findTestObject("1. Constant/xpath", ["xpath":"//*[@id="modal_skip_phase"]/div/div/div[3]/button[2]"])): Object: 'Object Repository/1. Constant/xpath' is clicked on

2022-06-17 19:02:06 - [MESSAGE][PASSED] - Object: 'Object Repository/1. Constant/xpath' is clicked on

2022-06-17 19:02:06 - [TEST_STEP][PASSED] - click(findTestObject("1. Constant/xpath", ["xpath":"//*[@id="kt_subheader"]/div/nav/ol/li[2]"])): Object: 'Object Repository/1. Constant/xpath' is clicked on

2022-06-17 19:02:09 - [MESSAGE][PASSED] - Object: 'Object Repository/1. Constant/xpath' is clicked on

2022-06-17 19:02:09 - [TEST_STEP][PASSED] - delay(1): Delayed 1 second(s)

2022-06-17 19:02:10 - [MESSAGE][PASSED] - Delayed 1 second(s)

2022-06-17 19:02:10 - [TEST_STEP][PASSED] - color1 = getCSSValue(findTestObject("1. Constant/xpath", ["xpath":"/html/body/div[1]/div[2]/div[4]/div[3]/div/div[2]/div[2]/div[1]/table/tbody/tr[2]/td[10]/a[3]"]), "color", OPTIONAL): Get CSS 'color' value on 'Object Repository/1. Constant/xpath' successfully: 'rgba(255, 255, 255, 1)'.

2022-06-17 19:02:10 - [MESSAGE][PASSED] - Get CSS 'color' value on 'Object Repository/1. Constant/xpath' successfully: 'rgba(255, 255, 255, 1)'.

2022-06-17 19:02:10 - [TEST_STEP][PASSED] - I.print(color1): null

2022-06-17 19:02:10 - [TEST_STEP][PASSED] - while (color1 == "rgba(255, 255, 255, 1)"): null

2022-06-17 19:02:10 - [TEST_STEP][PASSED] - click(findTestObject("1. Constant/xpath", ["xpath":"/html/body/div[1]/div[2]/div[4]/div[3]/div/div[2]/div[2]/div[1]/table/tbody/tr[2]/td[10]/a[3]"])): Object: 'Object Repository/1. Constant/xpath' is clicked on

2022-06-17 19:02:12 - [MESSAGE][PASSED] - Object: 'Object Repository/1. Constant/xpath' is clicked on

2022-06-17 19:02:12 - [TEST_STEP][PASSED] - takeScreenshot(): Taking screenshot successfully

2022-06-17 19:02:12 - [MESSAGE][PASSED] - Taking screenshot successfully
[[ATTACHMENT|D:\\Projet Test Auto\\Mediabox Test Automation [Test]\\Reports\\20220617_181206\\z01. Test Suites\\202. TestStarPack Full Lifecycle _Change of Rights_SAS\\20220617_181211\\1655485332109.png]]

2022-06-17 19:02:12 - [TEST_STEP][PASSED] - I.UploadDoc_sendkey_Prod(findTestObject("1. Constant/xpath", ["xpath":"//*[@id="kt_body"]/input[2]"]), "D:\Upoad_File\Upload doc\testdataaddition1.jpg", "testdataaddition1.jpg"): Delayed 5 second(s)

2022-06-17 19:02:12 - [MESSAGE][PASSED] - Scroll to object 'Object Repository/1. Constant/xpath' successfully

2022-06-17 19:02:17 - [MESSAGE][PASSED] - Delayed 5 second(s)

2022-06-17 19:02:17 - [MESSAGE][PASSED] - File 'D:\Upoad_File\Upload doc\testdataaddition1.jpg' sent to object: 'Object Repository/1. Constant/xpath'

2022-06-17 19:02:22 - [MESSAGE][PASSED] - Delayed 5 second(s)

2022-06-17 19:02:23 - [MESSAGE][PASSED] - Text 'testdataaddition1.jpg' is present on page 

2022-06-17 19:02:28 - [MESSAGE][PASSED] - Delayed 5 second(s)

2022-06-17 19:02:33 - [MESSAGE][PASSED] - Delayed 5 second(s)

2022-06-17 19:02:33 - [TEST_STEP][PASSED] - takeScreenshot(): Taking screenshot successfully

2022-06-17 19:02:33 - [MESSAGE][PASSED] - Taking screenshot successfully
[[ATTACHMENT|D:\\Projet Test Auto\\Mediabox Test Automation [Test]\\Reports\\20220617_181206\\z01. Test Suites\\202. TestStarPack Full Lifecycle _Change of Rights_SAS\\20220617_181211\\1655485353139.png]]

2022-06-17 19:02:33 - [TEST_STEP][PASSED] - delay(10): Delayed 10 second(s)

2022-06-17 19:02:43 - [MESSAGE][PASSED] - Delayed 10 second(s)

2022-06-17 19:02:43 - [TEST_STEP][PASSED] - I.click_button_javascript(findTestObject("1. Constant/xpath", ["xpath":"//*[@id="ModifFiche"]/div[1]/div/button"])): Execute JavaScript 'arguments[0].click()' successfully

2022-06-17 19:02:51 - [MESSAGE][PASSED] - Execute JavaScript 'arguments[0].click()' successfully

2022-06-17 19:02:51 - [TEST_STEP][PASSED] - delay(5): Delayed 5 second(s)

2022-06-17 19:02:56 - [MESSAGE][PASSED] - Delayed 5 second(s)

2022-06-17 19:02:56 - [TEST_STEP][PASSED] - if (verifyElementPresent(findTestObject("1. Constant/xpath", ["xpath":"/html/body/div[1]/div[2]/div[4]/div[3]/div/div[2]/div[2]/div[1]/table/tbody/tr[2]/td[10]/a[3]"]), 10, OPTIONAL)): com.kms.katalon.core.webui.exception.WebElementNotFoundException: Web element with id: 'Object Repository/1. Constant/xpath' located by '/html/body/div[1]/div[2]/div[4]/div[3]/div/div[2]/div[2]/div[1]/table/tbody/tr[2]/td[10]/a[3]' not found (Root cause: com.kms.katalon.core.exception.StepFailedException: com.kms.katalon.core.webui.exception.WebElementNotFoundException: Web element with id: 'Object Repository/1. Constant/xpath' located by '/html/body/div[1]/div[2]/div[4]/div[3]/div/div[2]/div[2]/div[1]/table/tbody/tr[2]/td[10]/a[3]' not found
	at com.kms.katalon.core.webui.keyword.internal.WebUIKeywordMain.stepFailed(WebUIKeywordMain.groovy:64)
	at com.kms.katalon.core.webui.keyword.builtin.VerifyElementPresentKeyword$_verifyElementPresent_closure1.doCall(VerifyElementPresentKeyword.groovy:85)
	at com.kms.katalon.core.webui.keyword.builtin.VerifyElementPresentKeyword$_verifyElementPresent_closure1.call(VerifyElementPresentKeyword.groovy)
	at com.kms.katalon.core.webui.keyword.internal.WebUIKeywordMain.runKeyword(WebUIKeywordMain.groovy:20)
	at com.kms.katalon.core.webui.keyword.builtin.VerifyElementPresentKeyword.verifyElementPresent(VerifyElementPresentKeyword.groovy:92)
	at com.kms.katalon.core.webui.keyword.builtin.VerifyElementPresentKeyword.execute(VerifyElementPresentKeyword.groovy:68)
	at com.kms.katalon.core.keyword.internal.KeywordExecutor.executeKeywordForPlatform(KeywordExecutor.groovy:74)
	at com.kms.katalon.core.webui.keyword.WebUiBuiltInKeywords.verifyElementPresent(WebUiBuiltInKeywords.groovy:1448)
	at com.kms.katalon.core.webui.keyword.WebUiBuiltInKeywords$verifyElementPresent$18.call(Unknown Source)
	at 202.05 TestStarPack- Project Name (255) _ Ref Name (80).run(202.05 TestStarPack- Project Name (255) _ Ref Name (80):343)
	at com.kms.katalon.core.main.ScriptEngine.run(ScriptEngine.java:194)
	at com.kms.katalon.core.main.ScriptEngine.runScriptAsRawText(ScriptEngine.java:119)
	at com.kms.katalon.core.main.TestCaseExecutor.runScript(TestCaseExecutor.java:445)
	at com.kms.katalon.core.main.TestCaseExecutor.doExecute(TestCaseExecutor.java:436)
	at com.kms.katalon.core.main.TestCaseExecutor.processExecutionPhase(TestCaseExecutor.java:415)
	at com.kms.katalon.core.main.TestCaseExecutor.accessMainPhase(TestCaseExecutor.java:407)
	at com.kms.katalon.core.main.TestCaseExecutor.execute(TestCaseExecutor.java:284)
	at com.kms.katalon.core.common.CommonExecutor.accessTestCaseMainPhase(CommonExecutor.java:65)
	at com.kms.katalon.core.main.TestSuiteExecutor.accessTestSuiteMainPhase(TestSuiteExecutor.java:144)
	at com.kms.katalon.core.main.TestSuiteExecutor.execute(TestSuiteExecutor.java:106)
	at com.kms.katalon.core.main.TestCaseMain.startTestSuite(TestCaseMain.java:185)
	at com.kms.katalon.core.main.TestCaseMain$startTestSuite$0.call(Unknown Source)
	at TempTestSuite1655482331260.run(TempTestSuite1655482331260.groovy:36)
)

2022-06-17 19:03:07 - [MESSAGE][INFO] - Unable to find the element located by 'By.xpath: /html/body/div[1]/div[2]/div[4]/div[3]/div/div[2]/div[2]/div[1]/table/tbody/tr[2]/td[10]/a[3]'. Please recheck the objects properties to make sure the desired element is located. 

2022-06-17 19:03:08 - [MESSAGE][WARNING] - com.kms.katalon.core.webui.exception.WebElementNotFoundException: Web element with id: 'Object Repository/1. Constant/xpath' located by '/html/body/div[1]/div[2]/div[4]/div[3]/div/div[2]/div[2]/div[1]/table/tbody/tr[2]/td[10]/a[3]' not found (Root cause: com.kms.katalon.core.exception.StepFailedException: com.kms.katalon.core.webui.exception.WebElementNotFoundException: Web element with id: 'Object Repository/1. Constant/xpath' located by '/html/body/div[1]/div[2]/div[4]/div[3]/div/div[2]/div[2]/div[1]/table/tbody/tr[2]/td[10]/a[3]' not found
	at com.kms.katalon.core.webui.keyword.internal.WebUIKeywordMain.stepFailed(WebUIKeywordMain.groovy:64)
	at com.kms.katalon.core.webui.keyword.builtin.VerifyElementPresentKeyword$_verifyElementPresent_closure1.doCall(VerifyElementPresentKeyword.groovy:85)
	at com.kms.katalon.core.webui.keyword.builtin.VerifyElementPresentKeyword$_verifyElementPresent_closure1.call(VerifyElementPresentKeyword.groovy)
	at com.kms.katalon.core.webui.keyword.internal.WebUIKeywordMain.runKeyword(WebUIKeywordMain.groovy:20)
	at com.kms.katalon.core.webui.keyword.builtin.VerifyElementPresentKeyword.verifyElementPresent(VerifyElementPresentKeyword.groovy:92)
	at com.kms.katalon.core.webui.keyword.builtin.VerifyElementPresentKeyword.execute(VerifyElementPresentKeyword.groovy:68)
	at com.kms.katalon.core.keyword.internal.KeywordExecutor.executeKeywordForPlatform(KeywordExecutor.groovy:74)
	at com.kms.katalon.core.webui.keyword.WebUiBuiltInKeywords.verifyElementPresent(WebUiBuiltInKeywords.groovy:1448)
	at com.kms.katalon.core.webui.keyword.WebUiBuiltInKeywords$verifyElementPresent$18.call(Unknown Source)
	at 202.05 TestStarPack- Project Name (255) _ Ref Name (80).run(202.05 TestStarPack- Project Name (255) _ Ref Name (80):343)
	at com.kms.katalon.core.main.ScriptEngine.run(ScriptEngine.java:194)
	at com.kms.katalon.core.main.ScriptEngine.runScriptAsRawText(ScriptEngine.java:119)
	at com.kms.katalon.core.main.TestCaseExecutor.runScript(TestCaseExecutor.java:445)
	at com.kms.katalon.core.main.TestCaseExecutor.doExecute(TestCaseExecutor.java:436)
	at com.kms.katalon.core.main.TestCaseExecutor.processExecutionPhase(TestCaseExecutor.java:415)
	at com.kms.katalon.core.main.TestCaseExecutor.accessMainPhase(TestCaseExecutor.java:407)
	at com.kms.katalon.core.main.TestCaseExecutor.execute(TestCaseExecutor.java:284)
	at com.kms.katalon.core.common.CommonExecutor.accessTestCaseMainPhase(CommonExecutor.java:65)
	at com.kms.katalon.core.main.TestSuiteExecutor.accessTestSuiteMainPhase(TestSuiteExecutor.java:144)
	at com.kms.katalon.core.main.TestSuiteExecutor.execute(TestSuiteExecutor.java:106)
	at com.kms.katalon.core.main.TestCaseMain.startTestSuite(TestCaseMain.java:185)
	at com.kms.katalon.core.main.TestCaseMain$startTestSuite$0.call(Unknown Source)
	at TempTestSuite1655482331260.run(TempTestSuite1655482331260.groovy:36)
)
[[ATTACHMENT|D:\\Projet Test Auto\\Mediabox Test Automation [Test]\\Reports\\20220617_181206\\z01. Test Suites\\202. TestStarPack Full Lifecycle _Change of Rights_SAS\\20220617_181211\\1655485387929.png]]

2022-06-17 19:03:08 - [TEST_STEP][PASSED] - else: null

2022-06-17 19:03:08 - [TEST_STEP][PASSED] - color1 = "white": null

2022-06-17 19:03:08 - [TEST_STEP][PASSED] - click(findTestObject("1. Constant/xpath", ["xpath":"/html/body/div[1]/div[2]/div[4]/div[3]/div/div[2]/div[2]/div[1]/table/tbody/tr[2]/td[4]/a"])): Object: 'Object Repository/1. Constant/xpath' is clicked on

2022-06-17 19:03:10 - [MESSAGE][PASSED] - Object: 'Object Repository/1. Constant/xpath' is clicked on

2022-06-17 19:03:10 - [TEST_STEP][PASSED] - click(findTestObject("1. Constant/xpath", ["xpath":"//*[@id="kt_content"]/div[3]/div/ul/li[3]/a"])): Object: 'Object Repository/1. Constant/xpath' is clicked on

2022-06-17 19:03:13 - [MESSAGE][PASSED] - Object: 'Object Repository/1. Constant/xpath' is clicked on

2022-06-17 19:03:13 - [TEST_STEP][PASSED] - click(findTestObject("1. Constant/xpath", ["xpath":"/html/body/div[1]/div[2]/div[8]/div[3]/div/div[3]/div[3]/div/div/div[3]/div/div[3]/div/div[1]/div[2]/div/a[2]"])): Object: 'Object Repository/1. Constant/xpath' is clicked on

2022-06-17 19:03:13 - [MESSAGE][PASSED] - Object: 'Object Repository/1. Constant/xpath' is clicked on

2022-06-17 19:03:13 - [TEST_STEP][PASSED] - click(findTestObject("1. Constant/xpath", ["xpath":"//*[@id="kt_body"]/div[9]/div/div/div[2]/button[2]"])): Object: 'Object Repository/1. Constant/xpath' is clicked on

2022-06-17 19:03:17 - [MESSAGE][PASSED] - Object: 'Object Repository/1. Constant/xpath' is clicked on

2022-06-17 19:03:17 - [TEST_STEP][PASSED] - click(findTestObject("1. Constant/xpath", ["xpath":"/html/body/div[1]/div[2]/div[8]/div[3]/div/div[3]/div[3]/div/div/div[3]/div/div[3]/div/div[1]/div[2]/div/a[2]"])): Object: 'Object Repository/1. Constant/xpath' is clicked on

2022-06-17 19:03:18 - [MESSAGE][PASSED] - Object: 'Object Repository/1. Constant/xpath' is clicked on

2022-06-17 19:03:18 - [TEST_STEP][PASSED] - click(findTestObject("1. Constant/xpath", ["xpath":"//*[@id="kt_body"]/div[9]/div/div/div[2]/button[2]"])): Object: 'Object Repository/1. Constant/xpath' is clicked on

2022-06-17 19:03:31 - [MESSAGE][PASSED] - Object: 'Object Repository/1. Constant/xpath' is clicked on

2022-06-17 19:03:31 - [TEST_STEP][PASSED] - click(findTestObject("1. Constant/xpath", ["xpath":"//*[@id="kt_content"]/div[3]/div/ul/li[2]/a"])): Object: 'Object Repository/1. Constant/xpath' is clicked on

2022-06-17 19:03:33 - [MESSAGE][PASSED] - Object: 'Object Repository/1. Constant/xpath' is clicked on

2022-06-17 19:03:33 - [TEST_STEP][PASSED] - click(findTestObject("1. Constant/xpath", ["xpath":"//*[@id="aff_doc_AW"]"])): Object: 'Object Repository/1. Constant/xpath' is clicked on

2022-06-17 19:03:34 - [MESSAGE][PASSED] - Object: 'Object Repository/1. Constant/xpath' is clicked on

2022-06-17 19:03:34 - [TEST_STEP][PASSED] - I.Approveforothers("//*[@id="level_apl_0"]/div[2]/div[2]/div/div", "//*[@id="level_apl_0"]/div[2]/div[2]/div/div/div[6]/a[2]/span"): Object: 'Object Repository/1. Constant/xpath' is clicked on

2022-06-17 19:03:34 - [MESSAGE][PASSED] - Object: 'Object Repository/1. Constant/xpath' is clicked on

2022-06-17 19:03:35 - [MESSAGE][PASSED] - Delayed 1 second(s)

2022-06-17 19:03:35 - [MESSAGE][PASSED] - Object: 'Object Repository/1. Constant/xpath' is clicked on

2022-06-17 19:03:36 - [MESSAGE][PASSED] - Delayed 1 second(s)

2022-06-17 19:03:37 - [MESSAGE][PASSED] - Object: 'Object Repository/1. Constant/xpath' is hovered

2022-06-17 19:03:37 - [MESSAGE][PASSED] - Object: 'Object Repository/1. Constant/xpath' is clicked on

2022-06-17 19:03:38 - [MESSAGE][PASSED] - Delayed 1 second(s)

2022-06-17 19:03:43 - [MESSAGE][PASSED] - Object: 'Object Repository/1. Constant/xpath' is clicked on

2022-06-17 19:03:43 - [TEST_STEP][PASSED] - click(findTestObject("1. Constant/xpath", ["xpath":"//*[@id="kt_subheader"]/div/nav/ol/li[2]/a"])): Object: 'Object Repository/1. Constant/xpath' is clicked on

2022-06-17 19:03:56 - [MESSAGE][PASSED] - Object: 'Object Repository/1. Constant/xpath' is clicked on

2022-06-17 19:03:56 - [TEST_STEP][PASSED] - status = getText(findTestObject("1. Constant/xpath", ["xpath":"/html/body/div[1]/div[2]/div[4]/div[3]/div/div[2]/div[2]/div[1]/table/tbody/tr[2]/td[7]/span"])): Text of object 'Object Repository/1. Constant/xpath' is: 'Completado'

2022-06-17 19:03:57 - [MESSAGE][PASSED] - Text of object 'Object Repository/1. Constant/xpath' is: 'Completado'

2022-06-17 19:03:57 - [TEST_STEP][PASSED] - verifyMatch(status, "Completado", false): Actual text 'Completado' and expected text 'Completado' are matched 

2022-06-17 19:03:57 - [MESSAGE][PASSED] - Actual text 'Completado' and expected text 'Completado' are matched 

2022-06-17 19:03:57 - [TEST_STEP][PASSED] - closeBrowser(): Browser is closed

2022-06-17 19:03:57 - [MESSAGE][PASSED] - Browser is closed

2022-06-17 19:03:57 - [TEST_STEP][PASSED] - Start listener action : sampleAfterTestCase: null]]></system-out>
         <system-err><![CDATA[]]></system-err>
      </testcase>
      <testcase name="Test Cases/202. TestStarPack Full Lifecycle _Change of Rights_SAS/202.06 TestStarPack Support action _ flashback" time="530.127" classname="Test Cases/202. TestStarPack Full Lifecycle _Change of Rights_SAS/202.06 TestStarPack Support action _ flashback" status="PASSED">
         <system-out><![CDATA[2022-06-17 19:03:57 - [TEST_CASE][PASSED] - Test Cases/202. TestStarPack Full Lifecycle _Change of Rights_SAS/202.06 TestStarPack Support action _ flashback: Test Cases/202. TestStarPack Full Lifecycle _Change of Rights_SAS/202.06 TestStarPack Support action _ flashback

2022-06-17 19:03:58 - [TEST_STEP][PASSED] - data = findTestData("Data Files/Username_Password/Test_Starpack"): null

2022-06-17 19:03:58 - [TEST_STEP][PASSED] - password_aherms = data.getValue(2, 2): null

2022-06-17 19:03:58 - [TEST_STEP][PASSED] - password_agluszczynska = data.getValue(2, 3): null

2022-06-17 19:03:58 - [TEST_STEP][PASSED] - password_suser = data.getValue(2, 1): null

2022-06-17 19:03:58 - [TEST_STEP][PASSED] - password_jmaciaszczyk = data.getValue(2, 4): null

2022-06-17 19:03:58 - [TEST_STEP][PASSED] - password_aterreshernandez = data.getValue(2, 5): null

2022-06-17 19:03:58 - [TEST_STEP][PASSED] - password_amartin_arbol = data.getValue(2, 6): null

2022-06-17 19:03:58 - [TEST_STEP][PASSED] - password_adelamatanieves = data.getValue(2, 7): null

2022-06-17 19:03:58 - [TEST_STEP][PASSED] - password_kcannoosamy_dia = data.getValue(2, 8): null

2022-06-17 19:03:58 - [TEST_STEP][PASSED] - data_urlTestAUTO = findTestData("Data Files/URL/URL_testauto"): null

2022-06-17 19:03:58 - [TEST_STEP][PASSED] - Url_Starpack = data_urlTestAUTO.getValue(2, 2): null

2022-06-17 19:03:58 - [TEST_STEP][PASSED] - log = new com.kms.katalon.core.logging.KeywordLogger(): null

2022-06-17 19:03:58 - [TEST_STEP][PASSED] - openBrowser(Url_Starpack): Browser is opened with url: 'https://mdb-v3-test.diadeis.com/MediaboxIndependence/?MBI_datasource=RELTEST_STARPACK'

2022-06-17 19:03:58 - [MESSAGE][INFO] - Starting 'Chrome (headless)' driver

2022-06-17 19:03:58 - [MESSAGE][INFO] - User set preference: ['args', '[--window-size=1920,1080, --headless]']

2022-06-17 19:03:58 - [MESSAGE][INFO] - Action delay is set to 0 milliseconds

2022-06-17 19:04:02 - [MESSAGE][PASSED] - Browser is opened with url: 'https://mdb-v3-test.diadeis.com/MediaboxIndependence/?MBI_datasource=RELTEST_STARPACK'

2022-06-17 19:04:02 - [TEST_STEP][PASSED] - maximizeWindow(): Current window maximized

2022-06-17 19:04:02 - [MESSAGE][PASSED] - Current window maximized

2022-06-17 19:04:02 - [TEST_STEP][PASSED] - I.Login_password("adelamatanieves", password_adelamatanieves): Object: 'Object Repository/1. Constant/xpath' is clicked on

2022-06-17 19:04:03 - [MESSAGE][PASSED] - Text 'adelamatanieves' is set on object 'Object Repository/1. Constant/xpath'

2022-06-17 19:04:04 - [MESSAGE][PASSED] - Delayed 1 second(s)

2022-06-17 19:04:04 - [MESSAGE][PASSED] - Text 'diadeis' is set on object 'Object Repository/1. Constant/xpath'

2022-06-17 19:04:05 - [MESSAGE][PASSED] - Delayed 1 second(s)

2022-06-17 19:04:10 - [MESSAGE][PASSED] - Object: 'Object Repository/1. Constant/xpath' is clicked on

2022-06-17 19:04:10 - [TEST_STEP][PASSED] - takeScreenshot(): Taking screenshot successfully

2022-06-17 19:04:11 - [MESSAGE][PASSED] - Taking screenshot successfully
[[ATTACHMENT|D:\\Projet Test Auto\\Mediabox Test Automation [Test]\\Reports\\20220617_181206\\z01. Test Suites\\202. TestStarPack Full Lifecycle _Change of Rights_SAS\\20220617_181211\\1655485450958.png]]

2022-06-17 19:04:11 - [TEST_STEP][PASSED] - click(findTestObject("1. Constant/02_LHSMenu_Projects")): Object: 'Object Repository/1. Constant/02_LHSMenu_Projects' is clicked on

2022-06-17 19:04:14 - [MESSAGE][PASSED] - Object: 'Object Repository/1. Constant/02_LHSMenu_Projects' is clicked on

2022-06-17 19:04:14 - [TEST_STEP][PASSED] - click(findTestObject("Object Repository/1. Constant/xpath", ["xpath":"//*[@id="kt_content"]/div[3]/div/div/div[1]/div[2]/a[1]"])): Object: 'Object Repository/1. Constant/xpath' is clicked on

2022-06-17 19:04:15 - [MESSAGE][PASSED] - Object: 'Object Repository/1. Constant/xpath' is clicked on

2022-06-17 19:04:15 - [TEST_STEP][PASSED] - takeScreenshot(): Taking screenshot successfully

2022-06-17 19:04:16 - [MESSAGE][PASSED] - Taking screenshot successfully
[[ATTACHMENT|D:\\Projet Test Auto\\Mediabox Test Automation [Test]\\Reports\\20220617_181206\\z01. Test Suites\\202. TestStarPack Full Lifecycle _Change of Rights_SAS\\20220617_181211\\1655485455941.png]]

2022-06-17 19:04:16 - [TEST_STEP][PASSED] - project_name0 = "AutoTest_Chrome_Starpack_" + RandomStringUtils.randomAlphanumeric(10) + "_" + I.gettimedate(): null

2022-06-17 19:04:16 - [TEST_STEP][PASSED] - setText(findTestObject("HL Full Lifecycle/4 CreateProjPage_inputProjectname"), project_name0): Text 'AutoTest_Chrome_Starpack_WMxFWJde5f_juin172022_190416' is set on object 'Object Repository/HL Full Lifecycle/4 CreateProjPage_inputProjectname'

2022-06-17 19:04:17 - [MESSAGE][PASSED] - Text 'AutoTest_Chrome_Starpack_WMxFWJde5f_juin172022_190416' is set on object 'Object Repository/HL Full Lifecycle/4 CreateProjPage_inputProjectname'

2022-06-17 19:04:17 - [TEST_STEP][PASSED] - click(findTestObject("HL Full Lifecycle/4 CreateProjPage_Create Project_Bluebutton")): Object: 'Object Repository/HL Full Lifecycle/4 CreateProjPage_Create Project_Bluebutton' is clicked on

2022-06-17 19:04:20 - [MESSAGE][PASSED] - Object: 'Object Repository/HL Full Lifecycle/4 CreateProjPage_Create Project_Bluebutton' is clicked on

2022-06-17 19:04:20 - [TEST_STEP][PASSED] - delay(1): Delayed 1 second(s)

2022-06-17 19:04:21 - [MESSAGE][PASSED] - Delayed 1 second(s)

2022-06-17 19:04:21 - [TEST_STEP][PASSED] - takeScreenshot(): Taking screenshot successfully

2022-06-17 19:04:22 - [MESSAGE][PASSED] - Taking screenshot successfully
[[ATTACHMENT|D:\\Projet Test Auto\\Mediabox Test Automation [Test]\\Reports\\20220617_181206\\z01. Test Suites\\202. TestStarPack Full Lifecycle _Change of Rights_SAS\\20220617_181211\\1655485461980.png]]

2022-06-17 19:04:22 - [TEST_STEP][PASSED] - project_name1 = "AutoTest_Chrome_Starpack_" + RandomStringUtils.randomAlphanumeric(20) + "_" + I.gettimedate(): null

2022-06-17 19:04:22 - [TEST_STEP][PASSED] - setText(findTestObject("HL Full Lifecycle/4 CreateProjPage_inputProjectname"), project_name1): Text 'AutoTest_Chrome_Starpack_3TBVxBgAQ46iKT2mBiif_juin172022_190422' is set on object 'Object Repository/HL Full Lifecycle/4 CreateProjPage_inputProjectname'

2022-06-17 19:04:22 - [MESSAGE][PASSED] - Text 'AutoTest_Chrome_Starpack_3TBVxBgAQ46iKT2mBiif_juin172022_190422' is set on object 'Object Repository/HL Full Lifecycle/4 CreateProjPage_inputProjectname'

2022-06-17 19:04:22 - [TEST_STEP][PASSED] - delay(1): Delayed 1 second(s)

2022-06-17 19:04:23 - [MESSAGE][PASSED] - Delayed 1 second(s)

2022-06-17 19:04:23 - [TEST_STEP][PASSED] - selectOptionByValue(findTestObject("1. Constant/01_id_field_id", ["field_id":"var_98"]), "122", false): All options with value '122' are selected in object 'Object Repository/1. Constant/01_id_field_id' 

2022-06-17 19:04:24 - [MESSAGE][PASSED] - All options with value '122' are selected in object 'Object Repository/1. Constant/01_id_field_id' 

2022-06-17 19:04:24 - [TEST_STEP][PASSED] - delay(1): Delayed 1 second(s)

2022-06-17 19:04:25 - [MESSAGE][PASSED] - Delayed 1 second(s)

2022-06-17 19:04:25 - [TEST_STEP][PASSED] - selectOptionByValue(findTestObject("1. Constant/01_id_field_id", ["field_id":"var_9"]), "amartin_arbol", false): All options with value 'amartin_arbol' are selected in object 'Object Repository/1. Constant/01_id_field_id' 

2022-06-17 19:04:25 - [MESSAGE][PASSED] - All options with value 'amartin_arbol' are selected in object 'Object Repository/1. Constant/01_id_field_id' 

2022-06-17 19:04:25 - [TEST_STEP][PASSED] - delay(1): Delayed 1 second(s)

2022-06-17 19:04:26 - [MESSAGE][PASSED] - Delayed 1 second(s)

2022-06-17 19:04:26 - [TEST_STEP][PASSED] - selectOptionByValue(findTestObject("1. Constant/01_id_field_id", ["field_id":"var_10"]), "aterreshernandez", false): All options with value 'aterreshernandez' are selected in object 'Object Repository/1. Constant/01_id_field_id' 

2022-06-17 19:04:26 - [MESSAGE][PASSED] - All options with value 'aterreshernandez' are selected in object 'Object Repository/1. Constant/01_id_field_id' 

2022-06-17 19:04:26 - [TEST_STEP][PASSED] - delay(1): Delayed 1 second(s)

2022-06-17 19:04:27 - [MESSAGE][PASSED] - Delayed 1 second(s)

2022-06-17 19:04:27 - [TEST_STEP][PASSED] - selectOptionByValue(findTestObject("Object Repository/xxx Todelete/1.4 ModifyProPage_MF(IDP)"), "nalonsobermejo", true): All options with value 'nalonsobermejo' are selected in object 'Object Repository/xxx Todelete/1.4 ModifyProPage_MF(IDP)'  using regular expression

2022-06-17 19:04:28 - [MESSAGE][PASSED] - All options with value 'nalonsobermejo' are selected in object 'Object Repository/xxx Todelete/1.4 ModifyProPage_MF(IDP)'  using regular expression

2022-06-17 19:04:28 - [TEST_STEP][PASSED] - delay(1): Delayed 1 second(s)

2022-06-17 19:04:29 - [MESSAGE][PASSED] - Delayed 1 second(s)

2022-06-17 19:04:29 - [TEST_STEP][PASSED] - click(findTestObject("Object Repository/xxx Todelete/1.41 ModifyProPage_AddMF")): Object: 'Object Repository/xxx Todelete/1.41 ModifyProPage_AddMF' is clicked on

2022-06-17 19:04:29 - [MESSAGE][PASSED] - Object: 'Object Repository/xxx Todelete/1.41 ModifyProPage_AddMF' is clicked on

2022-06-17 19:04:29 - [TEST_STEP][PASSED] - delay(1): Delayed 1 second(s)

2022-06-17 19:04:30 - [MESSAGE][PASSED] - Delayed 1 second(s)

2022-06-17 19:04:30 - [TEST_STEP][PASSED] - selectOptionByValue(findTestObject("1. Constant/01_id_field_id", ["field_id":"var_15"]), "292", false): All options with value '292' are selected in object 'Object Repository/1. Constant/01_id_field_id' 

2022-06-17 19:04:30 - [MESSAGE][PASSED] - All options with value '292' are selected in object 'Object Repository/1. Constant/01_id_field_id' 

2022-06-17 19:04:30 - [TEST_STEP][PASSED] - delay(1): Delayed 1 second(s)

2022-06-17 19:04:31 - [MESSAGE][PASSED] - Delayed 1 second(s)

2022-06-17 19:04:31 - [TEST_STEP][PASSED] - selectOptionByValue(findTestObject("1. Constant/01_id_field_id", ["field_id":"var_26"]), "94", false): All options with value '94' are selected in object 'Object Repository/1. Constant/01_id_field_id' 

2022-06-17 19:04:32 - [MESSAGE][PASSED] - All options with value '94' are selected in object 'Object Repository/1. Constant/01_id_field_id' 

2022-06-17 19:04:32 - [TEST_STEP][PASSED] - delay(1): Delayed 1 second(s)

2022-06-17 19:04:33 - [MESSAGE][PASSED] - Delayed 1 second(s)

2022-06-17 19:04:33 - [TEST_STEP][PASSED] - selectOptionByValue(findTestObject("1. Constant/01_id_field_id", ["field_id":"var_12"]), "94", false): All options with value '94' are selected in object 'Object Repository/1. Constant/01_id_field_id' 

2022-06-17 19:04:33 - [MESSAGE][PASSED] - All options with value '94' are selected in object 'Object Repository/1. Constant/01_id_field_id' 

2022-06-17 19:04:33 - [TEST_STEP][PASSED] - delay(1): Delayed 1 second(s)

2022-06-17 19:04:34 - [MESSAGE][PASSED] - Delayed 1 second(s)

2022-06-17 19:04:34 - [TEST_STEP][PASSED] - selectOptionByValue(findTestObject("1. Constant/01_id_field_id", ["field_id":"var_27"]), "734", false): All options with value '734' are selected in object 'Object Repository/1. Constant/01_id_field_id' 

2022-06-17 19:04:34 - [MESSAGE][PASSED] - All options with value '734' are selected in object 'Object Repository/1. Constant/01_id_field_id' 

2022-06-17 19:04:34 - [TEST_STEP][PASSED] - delay(1): Delayed 1 second(s)

2022-06-17 19:04:35 - [MESSAGE][PASSED] - Delayed 1 second(s)

2022-06-17 19:04:35 - [TEST_STEP][PASSED] - selectOptionByValue(findTestObject("1. Constant/01_id_field_id", ["field_id":"var_71"]), "efood", false): All options with value 'efood' are selected in object 'Object Repository/1. Constant/01_id_field_id' 

2022-06-17 19:04:36 - [MESSAGE][PASSED] - All options with value 'efood' are selected in object 'Object Repository/1. Constant/01_id_field_id' 

2022-06-17 19:04:36 - [TEST_STEP][PASSED] - takeScreenshot(): Taking screenshot successfully

2022-06-17 19:04:36 - [MESSAGE][PASSED] - Taking screenshot successfully
[[ATTACHMENT|D:\\Projet Test Auto\\Mediabox Test Automation [Test]\\Reports\\20220617_181206\\z01. Test Suites\\202. TestStarPack Full Lifecycle _Change of Rights_SAS\\20220617_181211\\1655485476066.png]]

2022-06-17 19:04:36 - [TEST_STEP][PASSED] - delay(5): Delayed 5 second(s)

2022-06-17 19:04:41 - [MESSAGE][PASSED] - Delayed 5 second(s)

2022-06-17 19:04:41 - [TEST_STEP][PASSED] - click(findTestObject("HL Full Lifecycle/5 ModifyProjPage_button_Update")): Object: 'Object Repository/HL Full Lifecycle/5 ModifyProjPage_button_Update' is clicked on

2022-06-17 19:04:45 - [MESSAGE][PASSED] - Object: 'Object Repository/HL Full Lifecycle/5 ModifyProjPage_button_Update' is clicked on

2022-06-17 19:04:45 - [TEST_STEP][PASSED] - delay(10): Delayed 10 second(s)

2022-06-17 19:04:55 - [MESSAGE][PASSED] - Delayed 10 second(s)

2022-06-17 19:04:55 - [TEST_STEP][PASSED] - Project_No = I.ProjectNo(): Current window's url is: 'https://mdb-v3-test.diadeis.com/MediaboxIndependence/Base/ExecAction?IDSession=MBI%21RELTEST_STARPACK%217GVPKE2WQT0RDK3P8ENA5WE9N9XNY4IOIKV8LKHE&default_action=AfficheFichesProjet&id_project=MI000939'

2022-06-17 19:05:00 - [MESSAGE][PASSED] - Delayed 5 second(s)

2022-06-17 19:05:00 - [MESSAGE][PASSED] - Current window's url is: 'https://mdb-v3-test.diadeis.com/MediaboxIndependence/Base/ExecAction?IDSession=MBI%21RELTEST_STARPACK%217GVPKE2WQT0RDK3P8ENA5WE9N9XNY4IOIKV8LKHE&default_action=AfficheFichesProjet&id_project=MI000939'

2022-06-17 19:05:00 - [TEST_STEP][PASSED] - click(findTestObject("HL Full Lifecycle/6 ReferenceListPage_createrefbutton")): Object: 'Object Repository/HL Full Lifecycle/6 ReferenceListPage_createrefbutton' is clicked on

2022-06-17 19:05:00 - [MESSAGE][PASSED] - Object: 'Object Repository/HL Full Lifecycle/6 ReferenceListPage_createrefbutton' is clicked on

2022-06-17 19:05:00 - [TEST_STEP][PASSED] - click(findTestObject("HL Full Lifecycle/6 ReferenceListPaga_Create a component_button")): Object: 'Object Repository/HL Full Lifecycle/6 ReferenceListPaga_Create a component_button' is clicked on

2022-06-17 19:05:02 - [MESSAGE][PASSED] - Object: 'Object Repository/HL Full Lifecycle/6 ReferenceListPaga_Create a component_button' is clicked on

2022-06-17 19:05:02 - [TEST_STEP][PASSED] - waitForPageLoad(10): Wait for page load successfully

2022-06-17 19:05:03 - [MESSAGE][PASSED] - Wait for page load successfully

2022-06-17 19:05:03 - [TEST_STEP][PASSED] - takeScreenshot(): Taking screenshot successfully

2022-06-17 19:05:03 - [MESSAGE][PASSED] - Taking screenshot successfully
[[ATTACHMENT|D:\\Projet Test Auto\\Mediabox Test Automation [Test]\\Reports\\20220617_181206\\z01. Test Suites\\202. TestStarPack Full Lifecycle _Change of Rights_SAS\\20220617_181211\\1655485503185.png]]

2022-06-17 19:05:03 - [TEST_STEP][PASSED] - selectOptionByValue(findTestObject("1. Constant/01_id_field_id", ["field_id":"ref_type"]), "6", false): All options with value '6' are selected in object 'Object Repository/1. Constant/01_id_field_id' 

2022-06-17 19:05:05 - [MESSAGE][PASSED] - All options with value '6' are selected in object 'Object Repository/1. Constant/01_id_field_id' 

2022-06-17 19:05:05 - [TEST_STEP][PASSED] - click(findTestObject("HL Full Lifecycle/6 ReferencePg_Create a component_bluebutton")): Object: 'Object Repository/HL Full Lifecycle/6 ReferencePg_Create a component_bluebutton' is clicked on

2022-06-17 19:05:10 - [MESSAGE][PASSED] - Object: 'Object Repository/HL Full Lifecycle/6 ReferencePg_Create a component_bluebutton' is clicked on

2022-06-17 19:05:10 - [TEST_STEP][PASSED] - refID = I.RefID(): Current window's url is: 'https://mdb-v3-test.diadeis.com/MediaboxIndependence/Base/ExecAction?IDSession=MBI%21RELTEST_STARPACK%217GVPKE2WQT0RDK3P8ENA5WE9N9XNY4IOIKV8LKHE&default_action=ModifierRef&id_project=MI000939&id_ref=5885&action_from=create_ref'

2022-06-17 19:05:15 - [MESSAGE][PASSED] - Delayed 5 second(s)

2022-06-17 19:05:15 - [MESSAGE][PASSED] - Current window's url is: 'https://mdb-v3-test.diadeis.com/MediaboxIndependence/Base/ExecAction?IDSession=MBI%21RELTEST_STARPACK%217GVPKE2WQT0RDK3P8ENA5WE9N9XNY4IOIKV8LKHE&default_action=ModifierRef&id_project=MI000939&id_ref=5885&action_from=create_ref'

2022-06-17 19:05:15 - [TEST_STEP][PASSED] - out.println(refID): null

2022-06-17 19:05:15 - [TEST_STEP][PASSED] - takeScreenshot(): Taking screenshot successfully

2022-06-17 19:05:15 - [MESSAGE][PASSED] - Taking screenshot successfully
[[ATTACHMENT|D:\\Projet Test Auto\\Mediabox Test Automation [Test]\\Reports\\20220617_181206\\z01. Test Suites\\202. TestStarPack Full Lifecycle _Change of Rights_SAS\\20220617_181211\\1655485515646.png]]

2022-06-17 19:05:15 - [TEST_STEP][PASSED] - sendKeys(findTestObject("1. Constant/01_id_field_id", ["field_id":"var_28"]), "209293"): Keys '209293' sent to object: 'Object Repository/1. Constant/01_id_field_id'

2022-06-17 19:05:17 - [MESSAGE][PASSED] - Keys '209293' sent to object: 'Object Repository/1. Constant/01_id_field_id'

2022-06-17 19:05:17 - [TEST_STEP][PASSED] - sendKeys(findTestObject("1. Constant/01_id_field_id", ["field_id":"var_30"]), "test Submarca"): Keys 'test Submarca' sent to object: 'Object Repository/1. Constant/01_id_field_id'

2022-06-17 19:05:17 - [MESSAGE][PASSED] - Keys 'test Submarca' sent to object: 'Object Repository/1. Constant/01_id_field_id'

2022-06-17 19:05:17 - [TEST_STEP][PASSED] - sendKeys(findTestObject("1. Constant/01_id_field_id", ["field_id":"var_31"]), "test Submarca Vínculo con bulto: test Submarca"): Keys 'test Submarca Vínculo con bulto: test Submarca' sent to object: 'Object Repository/1. Constant/01_id_field_id'

2022-06-17 19:05:18 - [MESSAGE][PASSED] - Keys 'test Submarca Vínculo con bulto: test Submarca' sent to object: 'Object Repository/1. Constant/01_id_field_id'

2022-06-17 19:05:18 - [TEST_STEP][PASSED] - selectOptionByValue(findTestObject("1. Constant/01_id_field_id", ["field_id":"var_38"]), "24", false): All options with value '24' are selected in object 'Object Repository/1. Constant/01_id_field_id' 

2022-06-17 19:05:18 - [MESSAGE][PASSED] - All options with value '24' are selected in object 'Object Repository/1. Constant/01_id_field_id' 

2022-06-17 19:05:18 - [TEST_STEP][PASSED] - sendKeys(findTestObject("1. Constant/01_id_field_id", ["field_id":"var_39"]), "8480017155061"): Keys '8480017155061' sent to object: 'Object Repository/1. Constant/01_id_field_id'

2022-06-17 19:05:19 - [MESSAGE][PASSED] - Keys '8480017155061' sent to object: 'Object Repository/1. Constant/01_id_field_id'

2022-06-17 19:05:19 - [TEST_STEP][PASSED] - selectOptionByValue(findTestObject("1. Constant/01_id_field_id", ["field_id":"selSource_19"]), "22", false): All options with value '22' are selected in object 'Object Repository/1. Constant/01_id_field_id' 

2022-06-17 19:05:19 - [MESSAGE][PASSED] - All options with value '22' are selected in object 'Object Repository/1. Constant/01_id_field_id' 

2022-06-17 19:05:19 - [TEST_STEP][PASSED] - click(findTestObject("Object Repository/xxx Todelete/2.01 ModifyRef_Pais")): Object: 'Object Repository/xxx Todelete/2.01 ModifyRef_Pais' is clicked on

2022-06-17 19:05:20 - [MESSAGE][PASSED] - Object: 'Object Repository/xxx Todelete/2.01 ModifyRef_Pais' is clicked on

2022-06-17 19:05:20 - [TEST_STEP][PASSED] - selectOptionByValue(findTestObject("1. Constant/01_id_field_id", ["field_id":"var_75"]), "26", false): All options with value '26' are selected in object 'Object Repository/1. Constant/01_id_field_id' 

2022-06-17 19:05:20 - [MESSAGE][PASSED] - All options with value '26' are selected in object 'Object Repository/1. Constant/01_id_field_id' 

2022-06-17 19:05:20 - [TEST_STEP][PASSED] - click(findTestObject("HL Full Lifecycle/7 ModifyRefPage_button_Save")): Object: 'Object Repository/HL Full Lifecycle/7 ModifyRefPage_button_Save' is clicked on

2022-06-17 19:05:26 - [MESSAGE][PASSED] - Object: 'Object Repository/HL Full Lifecycle/7 ModifyRefPage_button_Save' is clicked on

2022-06-17 19:05:26 - [TEST_STEP][PASSED] - takeScreenshot(): Taking screenshot successfully

2022-06-17 19:05:26 - [MESSAGE][PASSED] - Taking screenshot successfully
[[ATTACHMENT|D:\\Projet Test Auto\\Mediabox Test Automation [Test]\\Reports\\20220617_181206\\z01. Test Suites\\202. TestStarPack Full Lifecycle _Change of Rights_SAS\\20220617_181211\\1655485526390.png]]

2022-06-17 19:05:26 - [TEST_STEP][PASSED] - click(findTestObject("1. Constant/xpath", ["xpath":"/html/body/div[1]/div[2]/div[4]/div[3]/div/div[2]/div[2]/div[1]/table/tbody/tr[2]/td[10]/a[3]"])): Object: 'Object Repository/1. Constant/xpath' is clicked on

2022-06-17 19:05:30 - [MESSAGE][PASSED] - Object: 'Object Repository/1. Constant/xpath' is clicked on

2022-06-17 19:05:30 - [TEST_STEP][PASSED] - takeScreenshot(): Taking screenshot successfully

2022-06-17 19:05:30 - [MESSAGE][PASSED] - Taking screenshot successfully
[[ATTACHMENT|D:\\Projet Test Auto\\Mediabox Test Automation [Test]\\Reports\\20220617_181206\\z01. Test Suites\\202. TestStarPack Full Lifecycle _Change of Rights_SAS\\20220617_181211\\1655485530174.png]]

2022-06-17 19:05:30 - [TEST_STEP][PASSED] - click(findTestObject("Object Repository/StarPack - Full Lifecycle (AWIS)/2.031 RefPg_AnnaSubmit", ["id":"1"])): Object: 'Object Repository/StarPack - Full Lifecycle (AWIS)/2.031 RefPg_AnnaSubmit' is clicked on

2022-06-17 19:05:41 - [MESSAGE][PASSED] - Object: 'Object Repository/StarPack - Full Lifecycle (AWIS)/2.031 RefPg_AnnaSubmit' is clicked on

2022-06-17 19:05:41 - [TEST_STEP][PASSED] - takeScreenshot(): Taking screenshot successfully

2022-06-17 19:05:42 - [MESSAGE][PASSED] - Taking screenshot successfully
[[ATTACHMENT|D:\\Projet Test Auto\\Mediabox Test Automation [Test]\\Reports\\20220617_181206\\z01. Test Suites\\202. TestStarPack Full Lifecycle _Change of Rights_SAS\\20220617_181211\\1655485541645.png]]

2022-06-17 19:05:42 - [TEST_STEP][PASSED] - click(findTestObject("1. Constant/xpath", ["xpath":"/html/body/div[1]/div[2]/div[4]/div[3]/div/div[2]/div[2]/div[1]/table/tbody/tr[2]/td[4]/a"])): Object: 'Object Repository/1. Constant/xpath' is clicked on

2022-06-17 19:05:45 - [MESSAGE][PASSED] - Object: 'Object Repository/1. Constant/xpath' is clicked on

2022-06-17 19:05:45 - [TEST_STEP][PASSED] - delay(5): Delayed 5 second(s)

2022-06-17 19:05:50 - [MESSAGE][PASSED] - Delayed 5 second(s)

2022-06-17 19:05:50 - [TEST_STEP][PASSED] - takeScreenshot(): Taking screenshot successfully

2022-06-17 19:05:50 - [MESSAGE][PASSED] - Taking screenshot successfully
[[ATTACHMENT|D:\\Projet Test Auto\\Mediabox Test Automation [Test]\\Reports\\20220617_181206\\z01. Test Suites\\202. TestStarPack Full Lifecycle _Change of Rights_SAS\\20220617_181211\\1655485550620.png]]

2022-06-17 19:05:50 - [TEST_STEP][PASSED] - click(findTestObject("1. Constant/xpath", ["xpath":"//*[@id="kt_content"]/div[3]/div/ul/li[3]/a"])): Object: 'Object Repository/1. Constant/xpath' is clicked on

2022-06-17 19:05:53 - [MESSAGE][PASSED] - Object: 'Object Repository/1. Constant/xpath' is clicked on

2022-06-17 19:05:53 - [TEST_STEP][PASSED] - delay(2): Delayed 2 second(s)

2022-06-17 19:05:55 - [MESSAGE][PASSED] - Delayed 2 second(s)

2022-06-17 19:05:55 - [TEST_STEP][PASSED] - mouseOver(findTestObject("1. Constant/xpath", ["xpath":"/html/body/div[1]/div[2]/div[8]/div[3]/div/div[3]/div[3]/div/div/div[1]/div/div[2]/div/div[1]/div[2]/div/a[3]"])): Object: 'Object Repository/1. Constant/xpath' is hovered

2022-06-17 19:05:56 - [MESSAGE][PASSED] - Object: 'Object Repository/1. Constant/xpath' is hovered

2022-06-17 19:05:56 - [TEST_STEP][PASSED] - Atooltip_skip = getText(findTestObject("1. Constant/xpath", ["xpath":"/html/body/div[9]/div[2]"])): Text of object 'Object Repository/1. Constant/xpath' is: 'Saltar esta fase'

2022-06-17 19:05:56 - [MESSAGE][PASSED] - Text of object 'Object Repository/1. Constant/xpath' is: 'Saltar esta fase'

2022-06-17 19:05:56 - [TEST_STEP][PASSED] - I.print("Atooltip_skip " + Atooltip_skip): null

2022-06-17 19:05:56 - [TEST_STEP][PASSED] - Etooltip_skip = "Saltar esta fase": null

2022-06-17 19:05:56 - [TEST_STEP][PASSED] - verifyMatch(Atooltip_skip, Etooltip_skip, false): Actual text 'Saltar esta fase' and expected text 'Saltar esta fase' are matched 

2022-06-17 19:05:56 - [MESSAGE][PASSED] - Actual text 'Saltar esta fase' and expected text 'Saltar esta fase' are matched 

2022-06-17 19:05:56 - [TEST_STEP][PASSED] - takeScreenshot(): Taking screenshot successfully

2022-06-17 19:05:56 - [MESSAGE][PASSED] - Taking screenshot successfully
[[ATTACHMENT|D:\\Projet Test Auto\\Mediabox Test Automation [Test]\\Reports\\20220617_181206\\z01. Test Suites\\202. TestStarPack Full Lifecycle _Change of Rights_SAS\\20220617_181211\\1655485556373.png]]

2022-06-17 19:05:56 - [TEST_STEP][PASSED] - click(findTestObject("1. Constant/xpath", ["xpath":"/html/body/div[1]/div[2]/div[8]/div[3]/div/div[3]/div[3]/div/div/div[1]/div/div[2]/div/div[1]/div[2]/div/a[3]"])): Object: 'Object Repository/1. Constant/xpath' is clicked on

2022-06-17 19:05:57 - [MESSAGE][PASSED] - Object: 'Object Repository/1. Constant/xpath' is clicked on

2022-06-17 19:05:57 - [TEST_STEP][PASSED] - takeScreenshot(): Taking screenshot successfully

2022-06-17 19:05:57 - [MESSAGE][PASSED] - Taking screenshot successfully
[[ATTACHMENT|D:\\Projet Test Auto\\Mediabox Test Automation [Test]\\Reports\\20220617_181206\\z01. Test Suites\\202. TestStarPack Full Lifecycle _Change of Rights_SAS\\20220617_181211\\1655485557495.png]]

2022-06-17 19:05:57 - [TEST_STEP][PASSED] - click(findTestObject("1. Constant/xpath", ["xpath":"//*[@id="modal_skip_phase"]/div/div/div[3]/button[1]"])): Object: 'Object Repository/1. Constant/xpath' is clicked on

2022-06-17 19:05:58 - [MESSAGE][PASSED] - Object: 'Object Repository/1. Constant/xpath' is clicked on

2022-06-17 19:05:58 - [TEST_STEP][PASSED] - takeScreenshot(): Taking screenshot successfully

2022-06-17 19:05:58 - [MESSAGE][PASSED] - Taking screenshot successfully
[[ATTACHMENT|D:\\Projet Test Auto\\Mediabox Test Automation [Test]\\Reports\\20220617_181206\\z01. Test Suites\\202. TestStarPack Full Lifecycle _Change of Rights_SAS\\20220617_181211\\1655485558561.png]]

2022-06-17 19:05:58 - [TEST_STEP][PASSED] - click(findTestObject("1. Constant/xpath", ["xpath":"/html/body/div[1]/div[2]/div[8]/div[3]/div/div[3]/div[3]/div/div/div[1]/div/div[2]/div/div[1]/div[2]/div/a[3]"])): Object: 'Object Repository/1. Constant/xpath' is clicked on

2022-06-17 19:05:59 - [MESSAGE][PASSED] - Object: 'Object Repository/1. Constant/xpath' is clicked on

2022-06-17 19:05:59 - [TEST_STEP][PASSED] - takeScreenshot(): Taking screenshot successfully

2022-06-17 19:06:00 - [MESSAGE][PASSED] - Taking screenshot successfully
[[ATTACHMENT|D:\\Projet Test Auto\\Mediabox Test Automation [Test]\\Reports\\20220617_181206\\z01. Test Suites\\202. TestStarPack Full Lifecycle _Change of Rights_SAS\\20220617_181211\\1655485559963.png]]

2022-06-17 19:06:00 - [TEST_STEP][PASSED] - click(findTestObject("1. Constant/xpath", ["xpath":"//*[@id="modal_skip_phase"]/div/div/div[3]/button[2]"])): Object: 'Object Repository/1. Constant/xpath' is clicked on

2022-06-17 19:06:04 - [MESSAGE][PASSED] - Object: 'Object Repository/1. Constant/xpath' is clicked on

2022-06-17 19:06:04 - [TEST_STEP][PASSED] - takeScreenshot(): Taking screenshot successfully

2022-06-17 19:06:06 - [MESSAGE][PASSED] - Taking screenshot successfully
[[ATTACHMENT|D:\\Projet Test Auto\\Mediabox Test Automation [Test]\\Reports\\20220617_181206\\z01. Test Suites\\202. TestStarPack Full Lifecycle _Change of Rights_SAS\\20220617_181211\\1655485565950.png]]

2022-06-17 19:06:06 - [TEST_STEP][PASSED] - Actual_Successmsg = getText(findTestObject("1. Constant/xpath", ["xpath":"//*[@id="toast-container"]/div/div[2]"])): Text of object 'Object Repository/1. Constant/xpath' is: 'Se ha omitido la fase Briefing'

2022-06-17 19:06:06 - [MESSAGE][PASSED] - Text of object 'Object Repository/1. Constant/xpath' is: 'Se ha omitido la fase Briefing'

2022-06-17 19:06:06 - [TEST_STEP][PASSED] - Expected_Successmsg = "Se ha omitido la fase Briefing": null

2022-06-17 19:06:06 - [TEST_STEP][PASSED] - I.print("Actual error msg - " + Actual_Successmsg): null

2022-06-17 19:06:06 - [TEST_STEP][PASSED] - verifyMatch(Actual_Successmsg, Expected_Successmsg, false): Actual text 'Se ha omitido la fase Briefing' and expected text 'Se ha omitido la fase Briefing' are matched 

2022-06-17 19:06:06 - [MESSAGE][PASSED] - Actual text 'Se ha omitido la fase Briefing' and expected text 'Se ha omitido la fase Briefing' are matched 

2022-06-17 19:06:06 - [TEST_STEP][PASSED] - click(findTestObject("1. Constant/xpath", ["xpath":"/html/body/div[1]/div[2]/div[8]/div[3]/div/div[3]/div[3]/div/ul/li[1]/a"])): Object: 'Object Repository/1. Constant/xpath' is clicked on

2022-06-17 19:06:07 - [MESSAGE][PASSED] - Object: 'Object Repository/1. Constant/xpath' is clicked on

2022-06-17 19:06:07 - [TEST_STEP][PASSED] - click(findTestObject("1. Constant/xpath", ["xpath":"/html/body/div[1]/div[2]/div[8]/div[3]/div/div[3]/div[3]/div/div/div[1]/div/div[2]/div/div[1]/div[2]/a"])): Object: 'Object Repository/1. Constant/xpath' is clicked on

2022-06-17 19:06:07 - [MESSAGE][PASSED] - Object: 'Object Repository/1. Constant/xpath' is clicked on

2022-06-17 19:06:07 - [TEST_STEP][PASSED] - delay(1): Delayed 1 second(s)

2022-06-17 19:06:08 - [MESSAGE][PASSED] - Delayed 1 second(s)

2022-06-17 19:06:08 - [TEST_STEP][PASSED] - takeScreenshot(): Taking screenshot successfully

2022-06-17 19:06:09 - [MESSAGE][PASSED] - Taking screenshot successfully
[[ATTACHMENT|D:\\Projet Test Auto\\Mediabox Test Automation [Test]\\Reports\\20220617_181206\\z01. Test Suites\\202. TestStarPack Full Lifecycle _Change of Rights_SAS\\20220617_181211\\1655485568729.png]]

2022-06-17 19:06:09 - [TEST_STEP][PASSED] - ActualSkip_ES = getText(findTestObject("1. Constant/xpath", ["xpath":"/html/body/div[1]/div[2]/div[8]/div[3]/div/div[3]/div[3]/div/div/div[1]/div/div[2]/div/div[2]/h5"])): Text of object 'Object Repository/1. Constant/xpath' is: 'Omitido por ANA DELAMATANIEVES'

2022-06-17 19:06:09 - [MESSAGE][PASSED] - Text of object 'Object Repository/1. Constant/xpath' is: 'Omitido por ANA DELAMATANIEVES'

2022-06-17 19:06:09 - [TEST_STEP][PASSED] - I.print("Skip is displayed - " + ActualSkip_ES): null

2022-06-17 19:06:09 - [TEST_STEP][PASSED] - ExpectSkip_ES = "Omitido por ANA DELAMATANIEVES": null

2022-06-17 19:06:09 - [TEST_STEP][PASSED] - verifyMatch(ExpectSkip_ES, ActualSkip_ES, false): Actual text 'Omitido por ANA DELAMATANIEVES' and expected text 'Omitido por ANA DELAMATANIEVES' are matched 

2022-06-17 19:06:09 - [MESSAGE][PASSED] - Actual text 'Omitido por ANA DELAMATANIEVES' and expected text 'Omitido por ANA DELAMATANIEVES' are matched 

2022-06-17 19:06:09 - [TEST_STEP][PASSED] - click(findTestObject("1. Constant/xpath", ["xpath":"/html/body/div[1]/div[2]/div[8]/div[3]/div/div[3]/div[3]/div/ul/li[2]/a"])): Object: 'Object Repository/1. Constant/xpath' is clicked on

2022-06-17 19:06:09 - [MESSAGE][PASSED] - Object: 'Object Repository/1. Constant/xpath' is clicked on

2022-06-17 19:06:09 - [TEST_STEP][PASSED] - delay(5): Delayed 5 second(s)

2022-06-17 19:06:14 - [MESSAGE][PASSED] - Delayed 5 second(s)

2022-06-17 19:06:14 - [TEST_STEP][PASSED] - click(findTestObject("1. Constant/xpath", ["xpath":"/html/body/div[1]/div[2]/div[8]/div[3]/div/div[3]/div[3]/div/div/div[2]/div/div[1]/div/div[1]/div[2]/a"])): Object: 'Object Repository/1. Constant/xpath' is clicked on

2022-06-17 19:06:15 - [MESSAGE][PASSED] - Object: 'Object Repository/1. Constant/xpath' is clicked on

2022-06-17 19:06:15 - [TEST_STEP][PASSED] - delay(5): Delayed 5 second(s)

2022-06-17 19:06:20 - [MESSAGE][PASSED] - Delayed 5 second(s)

2022-06-17 19:06:20 - [TEST_STEP][PASSED] - takeScreenshot(): Taking screenshot successfully

2022-06-17 19:06:20 - [MESSAGE][PASSED] - Taking screenshot successfully
[[ATTACHMENT|D:\\Projet Test Auto\\Mediabox Test Automation [Test]\\Reports\\20220617_181206\\z01. Test Suites\\202. TestStarPack Full Lifecycle _Change of Rights_SAS\\20220617_181211\\1655485580388.png]]

2022-06-17 19:06:20 - [TEST_STEP][PASSED] - ActualSkipAuto_ES = getText(findTestObject("1. Constant/xpath", ["xpath":"/html/body/div[1]/div[2]/div[8]/div[3]/div/div[3]/div[3]/div/div/div[2]/div/div[1]/div/div[2]/h5"])): Text of object 'Object Repository/1. Constant/xpath' is: 'Skipped automatically (empty group)'

2022-06-17 19:06:21 - [MESSAGE][PASSED] - Text of object 'Object Repository/1. Constant/xpath' is: 'Skipped automatically (empty group)'

2022-06-17 19:06:21 - [TEST_STEP][PASSED] - I.print("Skip is displayed - " + ActualSkipAuto_ES): null

2022-06-17 19:06:21 - [TEST_STEP][PASSED] - ExpectSkipAuto_ES = "Skipped automatically (empty group)": null

2022-06-17 19:06:21 - [TEST_STEP][PASSED] - verifyMatch(ExpectSkipAuto_ES, ActualSkipAuto_ES, false): Actual text 'Skipped automatically (empty group)' and expected text 'Skipped automatically (empty group)' are matched 

2022-06-17 19:06:21 - [MESSAGE][PASSED] - Actual text 'Skipped automatically (empty group)' and expected text 'Skipped automatically (empty group)' are matched 

2022-06-17 19:06:21 - [TEST_STEP][PASSED] - click(findTestObject("1. Constant/xpath", ["xpath":"/html/body/div[1]/div[2]/div[8]/div[2]/div/nav/ol/li[2]/a"])): Object: 'Object Repository/1. Constant/xpath' is clicked on

2022-06-17 19:06:23 - [MESSAGE][PASSED] - Object: 'Object Repository/1. Constant/xpath' is clicked on

2022-06-17 19:06:23 - [TEST_STEP][PASSED] - takeScreenshot(): Taking screenshot successfully

2022-06-17 19:06:24 - [MESSAGE][PASSED] - Taking screenshot successfully
[[ATTACHMENT|D:\\Projet Test Auto\\Mediabox Test Automation [Test]\\Reports\\20220617_181206\\z01. Test Suites\\202. TestStarPack Full Lifecycle _Change of Rights_SAS\\20220617_181211\\1655485583926.png]]

2022-06-17 19:06:24 - [TEST_STEP][PASSED] - Alifecycle_PAF = getText(findTestObject("1. Constant/xpath", ["xpath":"/html/body/div[1]/div[2]/div[4]/div[3]/div/div[2]/div[2]/div[1]/table/tbody/tr[2]/td[7]/span[2]"])): Text of object 'Object Repository/1. Constant/xpath' is: 'PAF'

2022-06-17 19:06:24 - [MESSAGE][PASSED] - Text of object 'Object Repository/1. Constant/xpath' is: 'PAF'

2022-06-17 19:06:24 - [TEST_STEP][PASSED] - I.print("Lifecycle - " + Alifecycle_PAF): null

2022-06-17 19:06:24 - [TEST_STEP][PASSED] - Elifecycle_PAF = "PAF": null

2022-06-17 19:06:24 - [TEST_STEP][PASSED] - verifyMatch(Alifecycle_PAF, Elifecycle_PAF, false): Actual text 'PAF' and expected text 'PAF' are matched 

2022-06-17 19:06:24 - [MESSAGE][PASSED] - Actual text 'PAF' and expected text 'PAF' are matched 

2022-06-17 19:06:24 - [TEST_STEP][PASSED] - click(findTestObject("1. Constant/xpath", ["xpath":"/html/body/div[1]/div[2]/div[4]/div[3]/div/div[2]/div[2]/div[1]/table/tbody/tr[2]/td[4]/a"])): Object: 'Object Repository/1. Constant/xpath' is clicked on

2022-06-17 19:06:27 - [MESSAGE][PASSED] - Object: 'Object Repository/1. Constant/xpath' is clicked on

2022-06-17 19:06:27 - [TEST_STEP][PASSED] - click(findTestObject("1. Constant/xpath", ["xpath":"//*[@id="kt_content"]/div[3]/div/ul/li[3]/a"])): Object: 'Object Repository/1. Constant/xpath' is clicked on

2022-06-17 19:06:30 - [MESSAGE][PASSED] - Object: 'Object Repository/1. Constant/xpath' is clicked on

2022-06-17 19:06:30 - [TEST_STEP][PASSED] - I.Pagedown(): Execute JavaScript 'window.scrollTo(0, document.body.scrollHeight)' successfully

2022-06-17 19:06:30 - [MESSAGE][PASSED] - Execute JavaScript 'window.scrollTo(0, document.body.scrollHeight)' successfully

2022-06-17 19:06:30 - [TEST_STEP][PASSED] - mouseOver(findTestObject("1. Constant/xpath", ["xpath":"/html/body/div[1]/div[2]/div[8]/div[3]/div/div[3]/div[3]/div/div/div[2]/div/div[3]/div/div[1]/div[2]/div/a[2]"])): Object: 'Object Repository/1. Constant/xpath' is hovered

2022-06-17 19:06:31 - [MESSAGE][PASSED] - Object: 'Object Repository/1. Constant/xpath' is hovered

2022-06-17 19:06:31 - [TEST_STEP][PASSED] - takeScreenshot(): Taking screenshot successfully

2022-06-17 19:06:31 - [MESSAGE][PASSED] - Taking screenshot successfully
[[ATTACHMENT|D:\\Projet Test Auto\\Mediabox Test Automation [Test]\\Reports\\20220617_181206\\z01. Test Suites\\202. TestStarPack Full Lifecycle _Change of Rights_SAS\\20220617_181211\\1655485591167.png]]

2022-06-17 19:06:31 - [TEST_STEP][PASSED] - Atooltip_del = getText(findTestObject("1. Constant/xpath", ["xpath":"/html/body/div[9]/div[2]"])): Text of object 'Object Repository/1. Constant/xpath' is: 'Borrar esta fase'

2022-06-17 19:06:31 - [MESSAGE][PASSED] - Text of object 'Object Repository/1. Constant/xpath' is: 'Borrar esta fase'

2022-06-17 19:06:31 - [TEST_STEP][PASSED] - Etooltip_del = "Borrar esta fase": null

2022-06-17 19:06:31 - [TEST_STEP][PASSED] - verifyMatch(Atooltip_del, Etooltip_del, false): Actual text 'Borrar esta fase' and expected text 'Borrar esta fase' are matched 

2022-06-17 19:06:31 - [MESSAGE][PASSED] - Actual text 'Borrar esta fase' and expected text 'Borrar esta fase' are matched 

2022-06-17 19:06:31 - [TEST_STEP][PASSED] - click(findTestObject("1. Constant/xpath", ["xpath":"/html/body/div[1]/div[2]/div[8]/div[3]/div/div[3]/div[3]/div/div/div[2]/div/div[3]/div/div[1]/div[2]/div/a[2]"])): Object: 'Object Repository/1. Constant/xpath' is clicked on

2022-06-17 19:06:32 - [MESSAGE][PASSED] - Object: 'Object Repository/1. Constant/xpath' is clicked on

2022-06-17 19:06:32 - [TEST_STEP][PASSED] - takeScreenshot(): Taking screenshot successfully

2022-06-17 19:06:32 - [MESSAGE][PASSED] - Taking screenshot successfully
[[ATTACHMENT|D:\\Projet Test Auto\\Mediabox Test Automation [Test]\\Reports\\20220617_181206\\z01. Test Suites\\202. TestStarPack Full Lifecycle _Change of Rights_SAS\\20220617_181211\\1655485592353.png]]

2022-06-17 19:06:32 - [TEST_STEP][PASSED] - click(findTestObject("1. Constant/xpath", ["xpath":"//*[@id="kt_body"]/div[9]/div/div/div[2]/button[2]"])): Object: 'Object Repository/1. Constant/xpath' is clicked on

2022-06-17 19:06:35 - [MESSAGE][PASSED] - Object: 'Object Repository/1. Constant/xpath' is clicked on

2022-06-17 19:06:35 - [TEST_STEP][PASSED] - takeScreenshot(): Taking screenshot successfully

2022-06-17 19:06:37 - [MESSAGE][PASSED] - Taking screenshot successfully
[[ATTACHMENT|D:\\Projet Test Auto\\Mediabox Test Automation [Test]\\Reports\\20220617_181206\\z01. Test Suites\\202. TestStarPack Full Lifecycle _Change of Rights_SAS\\20220617_181211\\1655485596831.png]]

2022-06-17 19:06:37 - [TEST_STEP][PASSED] - ActualSuceessDel = getText(findTestObject("1. Constant/xpath", ["xpath":"//*[@id="toast-container"]/div/div[2]"])): Text of object 'Object Repository/1. Constant/xpath' is: 'The phase Final artworks has been removed'

2022-06-17 19:06:37 - [MESSAGE][PASSED] - Text of object 'Object Repository/1. Constant/xpath' is: 'The phase Final artworks has been removed'

2022-06-17 19:06:37 - [TEST_STEP][PASSED] - I.print("Skip is displayed - " + ActualSuceessDel): null

2022-06-17 19:06:37 - [TEST_STEP][PASSED] - Exp_SuceessDel = "The phase Final artworks has been removed": null

2022-06-17 19:06:37 - [TEST_STEP][PASSED] - verifyMatch(ActualSuceessDel, Exp_SuceessDel, false): Actual text 'The phase Final artworks has been removed' and expected text 'The phase Final artworks has been removed' are matched 

2022-06-17 19:06:37 - [MESSAGE][PASSED] - Actual text 'The phase Final artworks has been removed' and expected text 'The phase Final artworks has been removed' are matched 

2022-06-17 19:06:37 - [TEST_STEP][PASSED] - takeScreenshot(): Taking screenshot successfully

2022-06-17 19:06:38 - [MESSAGE][PASSED] - Taking screenshot successfully
[[ATTACHMENT|D:\\Projet Test Auto\\Mediabox Test Automation [Test]\\Reports\\20220617_181206\\z01. Test Suites\\202. TestStarPack Full Lifecycle _Change of Rights_SAS\\20220617_181211\\1655485597591.png]]

2022-06-17 19:06:38 - [TEST_STEP][PASSED] - delay(1): Delayed 1 second(s)

2022-06-17 19:06:39 - [MESSAGE][PASSED] - Delayed 1 second(s)

2022-06-17 19:06:39 - [TEST_STEP][PASSED] - I.Logout(): Delayed 3 second(s)

2022-06-17 19:06:42 - [MESSAGE][PASSED] - Delayed 3 second(s)

2022-06-17 19:06:42 - [MESSAGE][PASSED] - Object: 'Object Repository/1. Constant/xpath' is clicked on

2022-06-17 19:06:45 - [MESSAGE][PASSED] - Delayed 3 second(s)

2022-06-17 19:06:47 - [MESSAGE][PASSED] - Object: 'Object Repository/1. Constant/xpath' is clicked on

2022-06-17 19:06:50 - [MESSAGE][PASSED] - Delayed 3 second(s)

2022-06-17 19:06:50 - [TEST_STEP][PASSED] - I.Login_password("suser", password_suser): Object: 'Object Repository/1. Constant/xpath' is clicked on

2022-06-17 19:06:51 - [MESSAGE][PASSED] - Text 'suser' is set on object 'Object Repository/1. Constant/xpath'

2022-06-17 19:06:52 - [MESSAGE][PASSED] - Delayed 1 second(s)

2022-06-17 19:06:52 - [MESSAGE][PASSED] - Text 'diadeis' is set on object 'Object Repository/1. Constant/xpath'

2022-06-17 19:06:53 - [MESSAGE][PASSED] - Delayed 1 second(s)

2022-06-17 19:06:56 - [MESSAGE][PASSED] - Object: 'Object Repository/1. Constant/xpath' is clicked on

2022-06-17 19:06:56 - [TEST_STEP][PASSED] - takeScreenshot(): Taking screenshot successfully

2022-06-17 19:06:56 - [MESSAGE][PASSED] - Taking screenshot successfully
[[ATTACHMENT|D:\\Projet Test Auto\\Mediabox Test Automation [Test]\\Reports\\20220617_181206\\z01. Test Suites\\202. TestStarPack Full Lifecycle _Change of Rights_SAS\\20220617_181211\\1655485616202.png]]

2022-06-17 19:06:56 - [TEST_STEP][PASSED] - click(findTestObject("1. Constant/02_LHSMenu_Projects")): Object: 'Object Repository/1. Constant/02_LHSMenu_Projects' is clicked on

2022-06-17 19:07:04 - [MESSAGE][PASSED] - Object: 'Object Repository/1. Constant/02_LHSMenu_Projects' is clicked on

2022-06-17 19:07:04 - [TEST_STEP][PASSED] - I.SearchProjectNo(Project_No, findTestObject("1. Constant/xpath", ["xpath":"//*[@id="form_filters"]/div[4]/button"])): Delayed 5 second(s)

2022-06-17 19:07:04 - [MESSAGE][PASSED] - Text 'MI000939' is set on object 'Object Repository/1. Constant/xpath'

2022-06-17 19:07:07 - [MESSAGE][PASSED] - Delayed 3 second(s)

2022-06-17 19:07:10 - [MESSAGE][PASSED] - Object: 'Object Repository/1. Constant/xpath' is clicked on

2022-06-17 19:07:15 - [MESSAGE][PASSED] - Delayed 5 second(s)

2022-06-17 19:07:15 - [TEST_STEP][PASSED] - takeScreenshot(): Taking screenshot successfully

2022-06-17 19:07:16 - [MESSAGE][PASSED] - Taking screenshot successfully
[[ATTACHMENT|D:\\Projet Test Auto\\Mediabox Test Automation [Test]\\Reports\\20220617_181206\\z01. Test Suites\\202. TestStarPack Full Lifecycle _Change of Rights_SAS\\20220617_181211\\1655485636007.png]]

2022-06-17 19:07:16 - [TEST_STEP][PASSED] - click(findTestObject("Object Repository/StarPack - Full Lifecycle (AWIS)/6.03 suser id_source_refID__td4_a", ["refID":"source_" + refID])): Object: 'Object Repository/StarPack - Full Lifecycle (AWIS)/6.03 suser id_source_refID__td4_a' is clicked on

2022-06-17 19:07:18 - [MESSAGE][PASSED] - Object: 'Object Repository/StarPack - Full Lifecycle (AWIS)/6.03 suser id_source_refID__td4_a' is clicked on

2022-06-17 19:07:18 - [TEST_STEP][PASSED] - click(findTestObject("1. Constant/xpath", ["xpath":"//*[@id="kt_content"]/div[3]/div/ul/li[3]/a"])): Object: 'Object Repository/1. Constant/xpath' is clicked on

2022-06-17 19:07:21 - [MESSAGE][PASSED] - Object: 'Object Repository/1. Constant/xpath' is clicked on

2022-06-17 19:07:21 - [TEST_STEP][PASSED] - mouseOver(findTestObject("1. Constant/xpath", ["xpath":"/html/body/div[1]/div[2]/div[8]/div[3]/div/div[3]/div[3]/div/div/div[2]/div/div[2]/div/div[1]/div[2]/div/a[1]"])): Object: 'Object Repository/1. Constant/xpath' is hovered

2022-06-17 19:07:21 - [MESSAGE][PASSED] - Object: 'Object Repository/1. Constant/xpath' is hovered

2022-06-17 19:07:21 - [TEST_STEP][PASSED] - takeScreenshot(): Taking screenshot successfully

2022-06-17 19:07:22 - [MESSAGE][PASSED] - Taking screenshot successfully
[[ATTACHMENT|D:\\Projet Test Auto\\Mediabox Test Automation [Test]\\Reports\\20220617_181206\\z01. Test Suites\\202. TestStarPack Full Lifecycle _Change of Rights_SAS\\20220617_181211\\1655485641751.png]]

2022-06-17 19:07:22 - [TEST_STEP][PASSED] - Atooltip_AddPhase = getText(findTestObject("1. Constant/xpath", ["xpath":"/html/body/div[9]/div[2]"])): Text of object 'Object Repository/1. Constant/xpath' is: 'Add phases'

2022-06-17 19:07:22 - [MESSAGE][PASSED] - Text of object 'Object Repository/1. Constant/xpath' is: 'Add phases'

2022-06-17 19:07:22 - [TEST_STEP][PASSED] - I.print("tooltip Actual for Add phase -" + Atooltip_AddPhase): null

2022-06-17 19:07:22 - [TEST_STEP][PASSED] - Etooltip_AddPhase = "Add phases": null

2022-06-17 19:07:22 - [TEST_STEP][PASSED] - verifyMatch(Atooltip_AddPhase, Etooltip_AddPhase, false): Actual text 'Add phases' and expected text 'Add phases' are matched 

2022-06-17 19:07:22 - [MESSAGE][PASSED] - Actual text 'Add phases' and expected text 'Add phases' are matched 

2022-06-17 19:07:22 - [TEST_STEP][PASSED] - click(findTestObject("1. Constant/xpath", ["xpath":"/html/body/div[1]/div[2]/div[8]/div[3]/div/div[3]/div[3]/div/div/div[2]/div/div[2]/div/div[1]/div[2]/div/a[1]"])): Object: 'Object Repository/1. Constant/xpath' is clicked on

2022-06-17 19:07:22 - [MESSAGE][PASSED] - Object: 'Object Repository/1. Constant/xpath' is clicked on

2022-06-17 19:07:22 - [TEST_STEP][PASSED] - delay(1): Delayed 1 second(s)

2022-06-17 19:07:23 - [MESSAGE][PASSED] - Delayed 1 second(s)

2022-06-17 19:07:23 - [TEST_STEP][PASSED] - selectOptionByValue(findTestObject("1. Constant/01_id_field_id", ["field_id":"added_phase"]), "52", false): All options with value '52' are selected in object 'Object Repository/1. Constant/01_id_field_id' 

2022-06-17 19:07:24 - [MESSAGE][PASSED] - All options with value '52' are selected in object 'Object Repository/1. Constant/01_id_field_id' 

2022-06-17 19:07:24 - [TEST_STEP][PASSED] - takeScreenshot(): Taking screenshot successfully

2022-06-17 19:07:24 - [MESSAGE][PASSED] - Taking screenshot successfully
[[ATTACHMENT|D:\\Projet Test Auto\\Mediabox Test Automation [Test]\\Reports\\20220617_181206\\z01. Test Suites\\202. TestStarPack Full Lifecycle _Change of Rights_SAS\\20220617_181211\\1655485644150.png]]

2022-06-17 19:07:24 - [TEST_STEP][PASSED] - click(findTestObject("1. Constant/xpath", ["xpath":"//*[@id="modal_addphase"]/div/div/div[3]/button[2]"])): Object: 'Object Repository/1. Constant/xpath' is clicked on

2022-06-17 19:07:27 - [MESSAGE][PASSED] - Object: 'Object Repository/1. Constant/xpath' is clicked on

2022-06-17 19:07:27 - [TEST_STEP][PASSED] - Asuccess_AddPhase = getText(findTestObject("1. Constant/xpath", ["xpath":"//*[@id="toast-container"]/div/div[2]"])): Text of object 'Object Repository/1. Constant/xpath' is: 'The phase Final artworks has been added after the phase PAF'

2022-06-17 19:07:29 - [MESSAGE][PASSED] - Text of object 'Object Repository/1. Constant/xpath' is: 'The phase Final artworks has been added after the phase PAF'

2022-06-17 19:07:29 - [TEST_STEP][PASSED] - I.print("tooltip Actual for Add phase -" + Asuccess_AddPhase): null

2022-06-17 19:07:29 - [TEST_STEP][PASSED] - Esuccess_AddPhase = "The phase Final artworks has been added after the phase PAF": null

2022-06-17 19:07:29 - [TEST_STEP][PASSED] - verifyMatch(Asuccess_AddPhase, Esuccess_AddPhase, false): Actual text 'The phase Final artworks has been added after the phase PAF' and expected text 'The phase Final artworks has been added after the phase PAF' are matched 

2022-06-17 19:07:29 - [MESSAGE][PASSED] - Actual text 'The phase Final artworks has been added after the phase PAF' and expected text 'The phase Final artworks has been added after the phase PAF' are matched 

2022-06-17 19:07:29 - [TEST_STEP][PASSED] - takeScreenshot(): Taking screenshot successfully

2022-06-17 19:07:29 - [MESSAGE][PASSED] - Taking screenshot successfully
[[ATTACHMENT|D:\\Projet Test Auto\\Mediabox Test Automation [Test]\\Reports\\20220617_181206\\z01. Test Suites\\202. TestStarPack Full Lifecycle _Change of Rights_SAS\\20220617_181211\\1655485649177.png]]

2022-06-17 19:07:29 - [TEST_STEP][PASSED] - APhase = getText(findTestObject("1. Constant/xpath", ["xpath":"/html/body/div[1]/div[2]/div[8]/div[3]/div/div[3]/div[3]/div/div/div[2]/div/div[3]/div/div[1]/div[1]/h3"])): Text of object 'Object Repository/1. Constant/xpath' is: 'Final artworks'

2022-06-17 19:07:29 - [MESSAGE][PASSED] - Text of object 'Object Repository/1. Constant/xpath' is: 'Final artworks'

2022-06-17 19:07:29 - [TEST_STEP][PASSED] - EPhase = "Final artworks": null

2022-06-17 19:07:29 - [TEST_STEP][PASSED] - verifyMatch(APhase, EPhase, false): Actual text 'Final artworks' and expected text 'Final artworks' are matched 

2022-06-17 19:07:29 - [MESSAGE][PASSED] - Actual text 'Final artworks' and expected text 'Final artworks' are matched 

2022-06-17 19:07:29 - [TEST_STEP][PASSED] - click(findTestObject("1. Constant/xpath", ["xpath":"/html/body/div[1]/div[2]/div[8]/div[3]/div/div[3]/div[3]/div/div/div[2]/div/div[3]/div/div[1]/div[2]/a"])): Object: 'Object Repository/1. Constant/xpath' is clicked on

2022-06-17 19:07:30 - [MESSAGE][PASSED] - Object: 'Object Repository/1. Constant/xpath' is clicked on

2022-06-17 19:07:30 - [TEST_STEP][PASSED] - delay(1): Delayed 1 second(s)

2022-06-17 19:07:31 - [MESSAGE][PASSED] - Delayed 1 second(s)

2022-06-17 19:07:31 - [TEST_STEP][PASSED] - takeScreenshot(): Taking screenshot successfully

2022-06-17 19:07:31 - [MESSAGE][PASSED] - Taking screenshot successfully
[[ATTACHMENT|D:\\Projet Test Auto\\Mediabox Test Automation [Test]\\Reports\\20220617_181206\\z01. Test Suites\\202. TestStarPack Full Lifecycle _Change of Rights_SAS\\20220617_181211\\1655485651078.png]]

2022-06-17 19:07:31 - [TEST_STEP][PASSED] - AddedPhase_A = getText(findTestObject("1. Constant/xpath", ["xpath":"/html/body/div[1]/div[2]/div[8]/div[3]/div/div[3]/div[3]/div/div/div[2]/div/div[3]/div/div[2]/h6"])): Text of object 'Object Repository/1. Constant/xpath' is: 'Added manually 17/06/2022 19:07 By s user'

2022-06-17 19:07:31 - [MESSAGE][PASSED] - Text of object 'Object Repository/1. Constant/xpath' is: 'Added manually 17/06/2022 19:07 By s user'

2022-06-17 19:07:31 - [TEST_STEP][PASSED] - I.print("added manually -" + AddedPhase_A): null

2022-06-17 19:07:31 - [TEST_STEP][PASSED] - date = I.gettimedate_Format(): null

2022-06-17 19:07:31 - [TEST_STEP][PASSED] - AddedPhase_E = " Added manually " + date: null

2022-06-17 19:07:31 - [TEST_STEP][PASSED] - if (AddedPhase_A.contains(AddedPhase_E)): null

2022-06-17 19:07:31 - [TEST_STEP][PASSED] - delay(5): Delayed 5 second(s)

2022-06-17 19:07:36 - [MESSAGE][PASSED] - Delayed 5 second(s)

2022-06-17 19:07:36 - [TEST_STEP][PASSED] - I.Pagedown(): Execute JavaScript 'window.scrollTo(0, document.body.scrollHeight)' successfully

2022-06-17 19:07:36 - [MESSAGE][PASSED] - Execute JavaScript 'window.scrollTo(0, document.body.scrollHeight)' successfully

2022-06-17 19:07:36 - [TEST_STEP][PASSED] - mouseOver(findTestObject("1. Constant/xpath", ["xpath":"/html/body/div[1]/div[2]/div[8]/div[3]/div/div[3]/div[3]/div/div/div[2]/div/div[2]/div/div[1]/div[2]/div/a[3]"])): Object: 'Object Repository/1. Constant/xpath' is hovered

2022-06-17 19:07:36 - [MESSAGE][PASSED] - Object: 'Object Repository/1. Constant/xpath' is hovered

2022-06-17 19:07:36 - [TEST_STEP][PASSED] - delay(1): Delayed 1 second(s)

2022-06-17 19:07:37 - [MESSAGE][PASSED] - Delayed 1 second(s)

2022-06-17 19:07:37 - [TEST_STEP][PASSED] - A_SkipPhase_480 = getText(findTestObject("1. Constant/xpath", ["xpath":"/html/body/div[9]/div[2]"])): Text of object 'Object Repository/1. Constant/xpath' is: 'View infos'

2022-06-17 19:07:38 - [MESSAGE][PASSED] - Text of object 'Object Repository/1. Constant/xpath' is: 'View infos'

2022-06-17 19:07:38 - [TEST_STEP][PASSED] - I.print("tooltip Actual for Skip phase -" + A_SkipPhase_480): null

2022-06-17 19:07:38 - [TEST_STEP][PASSED] - E_SkipPhase_480 = "Skip this phase": null

2022-06-17 19:07:38 - [TEST_STEP][PASSED] - "180": null

2022-06-17 19:07:38 - [TEST_STEP][PASSED] - click(findTestObject("1. Constant/xpath", ["xpath":"/html/body/div[1]/div[2]/div[8]/div[3]/div/div[3]/div[3]/div/div/div[2]/div/div[2]/div/div[1]/div[2]/div/a[3]"])): Object: 'Object Repository/1. Constant/xpath' is clicked on

2022-06-17 19:07:38 - [MESSAGE][PASSED] - Object: 'Object Repository/1. Constant/xpath' is clicked on

2022-06-17 19:07:38 - [TEST_STEP][PASSED] - takeScreenshot(): Taking screenshot successfully

2022-06-17 19:07:39 - [MESSAGE][PASSED] - Taking screenshot successfully
[[ATTACHMENT|D:\\Projet Test Auto\\Mediabox Test Automation [Test]\\Reports\\20220617_181206\\z01. Test Suites\\202. TestStarPack Full Lifecycle _Change of Rights_SAS\\20220617_181211\\1655485658808.png]]

2022-06-17 19:07:39 - [TEST_STEP][PASSED] - click(findTestObject("1. Constant/xpath", ["xpath":"/html/body/div[1]/div[2]/div[8]/div[3]/div/form[4]/div/div/div/div[3]/button[2]"])): Object: 'Object Repository/1. Constant/xpath' is clicked on

2022-06-17 19:07:41 - [MESSAGE][PASSED] - Object: 'Object Repository/1. Constant/xpath' is clicked on

2022-06-17 19:07:41 - [TEST_STEP][PASSED] - delay(5): Delayed 5 second(s)

2022-06-17 19:07:46 - [MESSAGE][PASSED] - Delayed 5 second(s)

2022-06-17 19:07:46 - [TEST_STEP][PASSED] - verifyElementClickable(findTestObject("1. Constant/xpath", ["xpath":"/html/body/div[1]/div[2]/div[8]/div[3]/div/div[3]/div[3]/div/div/div[2]/div/div[3]/div/div[1]/div[2]/div/a[4]"])): Object 'Object Repository/1. Constant/xpath' is clickable

2022-06-17 19:07:47 - [MESSAGE][PASSED] - Object 'Object Repository/1. Constant/xpath' is clickable

2022-06-17 19:07:47 - [TEST_STEP][PASSED] - delay(2): Delayed 2 second(s)

2022-06-17 19:07:49 - [MESSAGE][PASSED] - Delayed 2 second(s)

2022-06-17 19:07:49 - [TEST_STEP][PASSED] - mouseOver(findTestObject("1. Constant/xpath", ["xpath":"/html/body/div[1]/div[2]/div[8]/div[3]/div/div[3]/div[3]/div/div/div[2]/div/div[3]/div/div[1]/div[2]/div/a[4]"])): Object: 'Object Repository/1. Constant/xpath' is hovered

2022-06-17 19:07:50 - [MESSAGE][PASSED] - Object: 'Object Repository/1. Constant/xpath' is hovered

2022-06-17 19:07:50 - [TEST_STEP][PASSED] - delay(1): Delayed 1 second(s)

2022-06-17 19:07:51 - [MESSAGE][PASSED] - Delayed 1 second(s)

2022-06-17 19:07:51 - [TEST_STEP][PASSED] - Atooltip_SA = getText(findTestObject("1. Constant/xpath", ["xpath":"/html/body/div[9]/div[2]"])): Text of object 'Object Repository/1. Constant/xpath' is: 'Go back to PAF'

2022-06-17 19:07:52 - [MESSAGE][PASSED] - Text of object 'Object Repository/1. Constant/xpath' is: 'Go back to PAF'

2022-06-17 19:07:52 - [TEST_STEP][PASSED] - I.print("tooltip Actual for Add phase -" + Atooltip_SA): null

2022-06-17 19:07:52 - [TEST_STEP][PASSED] - Etooltip_SA = "Go back to PAF": null

2022-06-17 19:07:52 - [TEST_STEP][PASSED] - takeScreenshot(): Taking screenshot successfully

2022-06-17 19:07:53 - [MESSAGE][PASSED] - Taking screenshot successfully
[[ATTACHMENT|D:\\Projet Test Auto\\Mediabox Test Automation [Test]\\Reports\\20220617_181206\\z01. Test Suites\\202. TestStarPack Full Lifecycle _Change of Rights_SAS\\20220617_181211\\1655485673020.png]]

2022-06-17 19:07:53 - [TEST_STEP][PASSED] - verifyMatch(Atooltip_SA, Etooltip_SA, false): Actual text 'Go back to PAF' and expected text 'Go back to PAF' are matched 

2022-06-17 19:07:53 - [MESSAGE][PASSED] - Actual text 'Go back to PAF' and expected text 'Go back to PAF' are matched 

2022-06-17 19:07:53 - [TEST_STEP][PASSED] - click(findTestObject("1. Constant/xpath", ["xpath":"//*[@id="kt_subheader"]/div/nav/ol/li[2]"])): Object: 'Object Repository/1. Constant/xpath' is clicked on

2022-06-17 19:07:56 - [MESSAGE][PASSED] - Object: 'Object Repository/1. Constant/xpath' is clicked on

2022-06-17 19:07:56 - [TEST_STEP][PASSED] - verifyElementClickable(findTestObject("Object Repository/StarPack - Full Lifecycle (AWIS)/6.04 suser id_refID_td9_a4", ["refID":"source_" + refID])): Object 'Object Repository/StarPack - Full Lifecycle (AWIS)/6.04 suser id_refID_td9_a4' is clickable

2022-06-17 19:07:56 - [MESSAGE][PASSED] - Object 'Object Repository/StarPack - Full Lifecycle (AWIS)/6.04 suser id_refID_td9_a4' is clickable

2022-06-17 19:07:56 - [TEST_STEP][PASSED] - mouseOver(findTestObject("Object Repository/StarPack - Full Lifecycle (AWIS)/6.04 suser id_refID_td9_a4", ["refID":"source_" + refID])): Object: 'Object Repository/StarPack - Full Lifecycle (AWIS)/6.04 suser id_refID_td9_a4' is hovered

2022-06-17 19:07:57 - [MESSAGE][PASSED] - Object: 'Object Repository/StarPack - Full Lifecycle (AWIS)/6.04 suser id_refID_td9_a4' is hovered

2022-06-17 19:07:57 - [TEST_STEP][PASSED] - takeScreenshot(): Taking screenshot successfully

2022-06-17 19:07:57 - [MESSAGE][PASSED] - Taking screenshot successfully
[[ATTACHMENT|D:\\Projet Test Auto\\Mediabox Test Automation [Test]\\Reports\\20220617_181206\\z01. Test Suites\\202. TestStarPack Full Lifecycle _Change of Rights_SAS\\20220617_181211\\1655485677146.png]]

2022-06-17 19:07:57 - [TEST_STEP][PASSED] - delay(1): Delayed 1 second(s)

2022-06-17 19:07:58 - [MESSAGE][PASSED] - Delayed 1 second(s)

2022-06-17 19:07:58 - [TEST_STEP][PASSED] - Atooltip_SA2 = getText(findTestObject("1. Constant/xpath", ["xpath":"/html/body/div[9]/div[2]"])): Text of object 'Object Repository/1. Constant/xpath' is: 'Go back to PAF'

2022-06-17 19:07:58 - [MESSAGE][PASSED] - Text of object 'Object Repository/1. Constant/xpath' is: 'Go back to PAF'

2022-06-17 19:07:58 - [TEST_STEP][PASSED] - I.print("tooltip Actual for SA -" + Atooltip_SA2): null

2022-06-17 19:07:58 - [TEST_STEP][PASSED] - Etooltip_SA2 = "Go back to PAF": null

2022-06-17 19:07:58 - [TEST_STEP][PASSED] - verifyMatch(Atooltip_SA2, Etooltip_SA2, false): Actual text 'Go back to PAF' and expected text 'Go back to PAF' are matched 

2022-06-17 19:07:58 - [MESSAGE][PASSED] - Actual text 'Go back to PAF' and expected text 'Go back to PAF' are matched 

2022-06-17 19:07:58 - [TEST_STEP][PASSED] - I.Logout(): Delayed 3 second(s)

2022-06-17 19:08:01 - [MESSAGE][PASSED] - Delayed 3 second(s)

2022-06-17 19:08:01 - [MESSAGE][PASSED] - Object: 'Object Repository/1. Constant/xpath' is clicked on

2022-06-17 19:08:04 - [MESSAGE][PASSED] - Delayed 3 second(s)

2022-06-17 19:08:06 - [MESSAGE][PASSED] - Object: 'Object Repository/1. Constant/xpath' is clicked on

2022-06-17 19:08:09 - [MESSAGE][PASSED] - Delayed 3 second(s)

2022-06-17 19:08:09 - [TEST_STEP][PASSED] - I.Login_password("aherms", password_aherms): Object: 'Object Repository/1. Constant/xpath' is clicked on

2022-06-17 19:08:09 - [MESSAGE][PASSED] - Text 'aherms' is set on object 'Object Repository/1. Constant/xpath'

2022-06-17 19:08:10 - [MESSAGE][PASSED] - Delayed 1 second(s)

2022-06-17 19:08:10 - [MESSAGE][PASSED] - Text 'diadeis' is set on object 'Object Repository/1. Constant/xpath'

2022-06-17 19:08:11 - [MESSAGE][PASSED] - Delayed 1 second(s)

2022-06-17 19:08:14 - [MESSAGE][PASSED] - Object: 'Object Repository/1. Constant/xpath' is clicked on

2022-06-17 19:08:14 - [TEST_STEP][PASSED] - delay(2): Delayed 2 second(s)

2022-06-17 19:08:16 - [MESSAGE][PASSED] - Delayed 2 second(s)

2022-06-17 19:08:16 - [TEST_STEP][PASSED] - click(findTestObject("1. Constant/02_LHSMenu_Projects")): Object: 'Object Repository/1. Constant/02_LHSMenu_Projects' is clicked on

2022-06-17 19:08:25 - [MESSAGE][PASSED] - Object: 'Object Repository/1. Constant/02_LHSMenu_Projects' is clicked on

2022-06-17 19:08:25 - [TEST_STEP][PASSED] - I.SearchProjectNo(Project_No, findTestObject("1. Constant/xpath", ["xpath":"//*[@id="form_filters"]/div[4]/button"])): Delayed 5 second(s)

2022-06-17 19:08:25 - [MESSAGE][PASSED] - Text 'MI000939' is set on object 'Object Repository/1. Constant/xpath'

2022-06-17 19:08:28 - [MESSAGE][PASSED] - Delayed 3 second(s)

2022-06-17 19:08:31 - [MESSAGE][PASSED] - Object: 'Object Repository/1. Constant/xpath' is clicked on

2022-06-17 19:08:36 - [MESSAGE][PASSED] - Delayed 5 second(s)

2022-06-17 19:08:36 - [TEST_STEP][PASSED] - verifyElementNotPresent(findTestObject("Object Repository/StarPack - Full Lifecycle (AWIS)/5.07 Agency1 id_refID_td8", ["refID":"source_" + refID]), 10): Web element with id: 'Object Repository/StarPack - Full Lifecycle (AWIS)/5.07 Agency1 id_refID_td8' located by 'By.xpath: //*[@id="source_5885"]/td[8]/a' is not present after '10' second(s)

2022-06-17 19:08:37 - [MESSAGE][PASSED] - Web element with id: 'Object Repository/StarPack - Full Lifecycle (AWIS)/5.07 Agency1 id_refID_td8' located by 'By.xpath: //*[@id="source_5885"]/td[8]/a' is not present after '10' second(s)

2022-06-17 19:08:37 - [TEST_STEP][PASSED] - takeScreenshot(): Taking screenshot successfully

2022-06-17 19:08:37 - [MESSAGE][PASSED] - Taking screenshot successfully
[[ATTACHMENT|D:\\Projet Test Auto\\Mediabox Test Automation [Test]\\Reports\\20220617_181206\\z01. Test Suites\\202. TestStarPack Full Lifecycle _Change of Rights_SAS\\20220617_181211\\1655485717134.png]]

2022-06-17 19:08:37 - [TEST_STEP][PASSED] - click(findTestObject("1. Constant/xpath", ["xpath":"//*[@id="source_" + refID + ""]/td[4]/a"])): Object: 'Object Repository/1. Constant/xpath' is clicked on

2022-06-17 19:08:39 - [MESSAGE][PASSED] - Object: 'Object Repository/1. Constant/xpath' is clicked on

2022-06-17 19:08:39 - [TEST_STEP][PASSED] - click(findTestObject("1. Constant/xpath", ["xpath":"//*[@id="kt_content"]/div[3]/div/ul/li[3]/a"])): Object: 'Object Repository/1. Constant/xpath' is clicked on

2022-06-17 19:08:41 - [MESSAGE][PASSED] - Object: 'Object Repository/1. Constant/xpath' is clicked on

2022-06-17 19:08:41 - [TEST_STEP][PASSED] - delay(5): Delayed 5 second(s)

2022-06-17 19:08:46 - [MESSAGE][PASSED] - Delayed 5 second(s)

2022-06-17 19:08:46 - [TEST_STEP][PASSED] - takeScreenshot(): Taking screenshot successfully

2022-06-17 19:08:47 - [MESSAGE][PASSED] - Taking screenshot successfully
[[ATTACHMENT|D:\\Projet Test Auto\\Mediabox Test Automation [Test]\\Reports\\20220617_181206\\z01. Test Suites\\202. TestStarPack Full Lifecycle _Change of Rights_SAS\\20220617_181211\\1655485726867.png]]

2022-06-17 19:08:47 - [TEST_STEP][PASSED] - verifyElementNotPresent(findTestObject("1. Constant/xpath", ["xpath":"/html/body/div[1]/div[2]/div[8]/div[3]/div/div[3]/div[3]/div/div/div[2]/div/div[3]/div/div[1]/div[2]/div/a[5]"]), 10): Web element with id: 'Object Repository/1. Constant/xpath' located by 'By.xpath: /html/body/div[1]/div[2]/div[8]/div[3]/div/div[3]/div[3]/div/div/div[2]/div/div[3]/div/div[1]/div[2]/div/a[5]' is not present after '10' second(s)

2022-06-17 19:08:47 - [MESSAGE][PASSED] - Web element with id: 'Object Repository/1. Constant/xpath' located by 'By.xpath: /html/body/div[1]/div[2]/div[8]/div[3]/div/div[3]/div[3]/div/div/div[2]/div/div[3]/div/div[1]/div[2]/div/a[5]' is not present after '10' second(s)

2022-06-17 19:08:47 - [TEST_STEP][PASSED] - verifyElementNotPresent(findTestObject("1. Constant/xpath", ["xpath":"/html/body/div[1]/div[2]/div[8]/div[3]/div/div[3]/div[3]/div/div/div[2]/div/div[3]/div/div[1]/div[2]/div/a[6]"]), 10): Web element with id: 'Object Repository/1. Constant/xpath' located by 'By.xpath: /html/body/div[1]/div[2]/div[8]/div[3]/div/div[3]/div[3]/div/div/div[2]/div/div[3]/div/div[1]/div[2]/div/a[6]' is not present after '10' second(s)

2022-06-17 19:08:47 - [MESSAGE][PASSED] - Web element with id: 'Object Repository/1. Constant/xpath' located by 'By.xpath: /html/body/div[1]/div[2]/div[8]/div[3]/div/div[3]/div[3]/div/div/div[2]/div/div[3]/div/div[1]/div[2]/div/a[6]' is not present after '10' second(s)

2022-06-17 19:08:47 - [TEST_STEP][PASSED] - I.Logout(): Delayed 3 second(s)

2022-06-17 19:08:50 - [MESSAGE][PASSED] - Delayed 3 second(s)

2022-06-17 19:08:50 - [MESSAGE][PASSED] - Object: 'Object Repository/1. Constant/xpath' is clicked on

2022-06-17 19:08:53 - [MESSAGE][PASSED] - Delayed 3 second(s)

2022-06-17 19:08:54 - [MESSAGE][PASSED] - Object: 'Object Repository/1. Constant/xpath' is clicked on

2022-06-17 19:08:57 - [MESSAGE][PASSED] - Delayed 3 second(s)

2022-06-17 19:08:57 - [TEST_STEP][PASSED] - I.Login_password("kcannoosamy_dia", password_kcannoosamy_dia): Object: 'Object Repository/1. Constant/xpath' is clicked on

2022-06-17 19:08:58 - [MESSAGE][PASSED] - Text 'kcannoosamy_dia' is set on object 'Object Repository/1. Constant/xpath'

2022-06-17 19:08:59 - [MESSAGE][PASSED] - Delayed 1 second(s)

2022-06-17 19:08:59 - [MESSAGE][PASSED] - Text 'diadeis' is set on object 'Object Repository/1. Constant/xpath'

2022-06-17 19:09:00 - [MESSAGE][PASSED] - Delayed 1 second(s)

2022-06-17 19:09:02 - [MESSAGE][PASSED] - Object: 'Object Repository/1. Constant/xpath' is clicked on

2022-06-17 19:09:02 - [TEST_STEP][PASSED] - click(findTestObject("1. Constant/02_LHSMenu_Projects")): Object: 'Object Repository/1. Constant/02_LHSMenu_Projects' is clicked on

2022-06-17 19:09:05 - [MESSAGE][PASSED] - Object: 'Object Repository/1. Constant/02_LHSMenu_Projects' is clicked on

2022-06-17 19:09:05 - [TEST_STEP][PASSED] - takeScreenshot(): Taking screenshot successfully

2022-06-17 19:09:06 - [MESSAGE][PASSED] - Taking screenshot successfully
[[ATTACHMENT|D:\\Projet Test Auto\\Mediabox Test Automation [Test]\\Reports\\20220617_181206\\z01. Test Suites\\202. TestStarPack Full Lifecycle _Change of Rights_SAS\\20220617_181211\\1655485745726.png]]

2022-06-17 19:09:06 - [TEST_STEP][PASSED] - I.SearchProjectNo(Project_No, findTestObject("1. Constant/xpath", ["xpath":"//*[@id="form_filters"]/div[4]/button"])): Delayed 5 second(s)

2022-06-17 19:09:06 - [MESSAGE][PASSED] - Text 'MI000939' is set on object 'Object Repository/1. Constant/xpath'

2022-06-17 19:09:09 - [MESSAGE][PASSED] - Delayed 3 second(s)

2022-06-17 19:09:11 - [MESSAGE][PASSED] - Object: 'Object Repository/1. Constant/xpath' is clicked on

2022-06-17 19:09:16 - [MESSAGE][PASSED] - Delayed 5 second(s)

2022-06-17 19:09:16 - [TEST_STEP][PASSED] - verifyElementPresent(findTestObject("1. Constant/xpath", ["xpath":"//*[@id="source_" + refID + ""]/td[9]/a"]), 10): Object 'Object Repository/1. Constant/xpath' is present

2022-06-17 19:09:16 - [MESSAGE][PASSED] - Object 'Object Repository/1. Constant/xpath' is present

2022-06-17 19:09:16 - [TEST_STEP][PASSED] - takeScreenshot(): Taking screenshot successfully

2022-06-17 19:09:17 - [MESSAGE][PASSED] - Taking screenshot successfully
[[ATTACHMENT|D:\\Projet Test Auto\\Mediabox Test Automation [Test]\\Reports\\20220617_181206\\z01. Test Suites\\202. TestStarPack Full Lifecycle _Change of Rights_SAS\\20220617_181211\\1655485756962.png]]

2022-06-17 19:09:17 - [TEST_STEP][PASSED] - mouseOver(findTestObject("1. Constant/xpath", ["xpath":"//*[@id="source_" + refID + ""]/td[9]/a"])): Object: 'Object Repository/1. Constant/xpath' is hovered

2022-06-17 19:09:17 - [MESSAGE][PASSED] - Object: 'Object Repository/1. Constant/xpath' is hovered

2022-06-17 19:09:17 - [TEST_STEP][PASSED] - Atooltip_SkipPhase_Support = getText(findTestObject("1. Constant/xpath", ["xpath":"/html/body/div[9]/div[2]"])): Text of object 'Object Repository/1. Constant/xpath' is: 'Go back to PAF'

2022-06-17 19:09:17 - [MESSAGE][PASSED] - Text of object 'Object Repository/1. Constant/xpath' is: 'Go back to PAF'

2022-06-17 19:09:17 - [TEST_STEP][PASSED] - I.print("tooltip Actual for Add phase -" + Atooltip_SkipPhase_Support): null

2022-06-17 19:09:17 - [TEST_STEP][PASSED] - Etooltip_SkipPhase_Support = "Go back to PAF": null

2022-06-17 19:09:17 - [TEST_STEP][PASSED] - verifyMatch(Atooltip_SkipPhase_Support, Etooltip_SkipPhase_Support, false): Actual text 'Go back to PAF' and expected text 'Go back to PAF' are matched 

2022-06-17 19:09:17 - [MESSAGE][PASSED] - Actual text 'Go back to PAF' and expected text 'Go back to PAF' are matched 

2022-06-17 19:09:17 - [TEST_STEP][PASSED] - takeScreenshot(): Taking screenshot successfully

2022-06-17 19:09:18 - [MESSAGE][PASSED] - Taking screenshot successfully
[[ATTACHMENT|D:\\Projet Test Auto\\Mediabox Test Automation [Test]\\Reports\\20220617_181206\\z01. Test Suites\\202. TestStarPack Full Lifecycle _Change of Rights_SAS\\20220617_181211\\1655485757815.png]]

2022-06-17 19:09:18 - [TEST_STEP][PASSED] - click(findTestObject("1. Constant/xpath", ["xpath":"//*[@id="source_" + refID + ""]/td[4]/a"])): Object: 'Object Repository/1. Constant/xpath' is clicked on

2022-06-17 19:09:20 - [MESSAGE][PASSED] - Object: 'Object Repository/1. Constant/xpath' is clicked on

2022-06-17 19:09:20 - [TEST_STEP][PASSED] - delay(5): Delayed 5 second(s)

2022-06-17 19:09:25 - [MESSAGE][PASSED] - Delayed 5 second(s)

2022-06-17 19:09:25 - [TEST_STEP][PASSED] - click(findTestObject("1. Constant/xpath", ["xpath":"//*[@id="kt_content"]/div[3]/div/ul/li[3]/a"])): Object: 'Object Repository/1. Constant/xpath' is clicked on

2022-06-17 19:09:26 - [MESSAGE][PASSED] - Object: 'Object Repository/1. Constant/xpath' is clicked on

2022-06-17 19:09:26 - [TEST_STEP][PASSED] - delay(5): Delayed 5 second(s)

2022-06-17 19:09:31 - [MESSAGE][PASSED] - Delayed 5 second(s)

2022-06-17 19:09:31 - [TEST_STEP][PASSED] - takeScreenshot(): Taking screenshot successfully

2022-06-17 19:09:32 - [MESSAGE][PASSED] - Taking screenshot successfully
[[ATTACHMENT|D:\\Projet Test Auto\\Mediabox Test Automation [Test]\\Reports\\20220617_181206\\z01. Test Suites\\202. TestStarPack Full Lifecycle _Change of Rights_SAS\\20220617_181211\\1655485771777.png]]

2022-06-17 19:09:32 - [TEST_STEP][PASSED] - mouseOver(findTestObject("1. Constant/xpath", ["xpath":"/html/body/div[1]/div[2]/div[8]/div[3]/div/div[3]/div[3]/div/div/div[2]/div/div[3]/div/div[1]/div[2]/div/a[4]"])): Object: 'Object Repository/1. Constant/xpath' is hovered

2022-06-17 19:09:32 - [MESSAGE][PASSED] - Object: 'Object Repository/1. Constant/xpath' is hovered

2022-06-17 19:09:32 - [TEST_STEP][PASSED] - ALtooltip_SkipPhase_Support = getText(findTestObject("1. Constant/xpath", ["xpath":"/html/body/div[9]/div[2]"])): Text of object 'Object Repository/1. Constant/xpath' is: 'Go back to PAF'

2022-06-17 19:09:32 - [MESSAGE][PASSED] - Text of object 'Object Repository/1. Constant/xpath' is: 'Go back to PAF'

2022-06-17 19:09:32 - [TEST_STEP][PASSED] - I.print("tooltip Actual for Add phase -" + ALtooltip_SkipPhase_Support): null

2022-06-17 19:09:32 - [TEST_STEP][PASSED] - ELtooltip_SkipPhase_Support = "Go back to PAF": null

2022-06-17 19:09:32 - [TEST_STEP][PASSED] - verifyMatch(ALtooltip_SkipPhase_Support, ELtooltip_SkipPhase_Support, false): Actual text 'Go back to PAF' and expected text 'Go back to PAF' are matched 

2022-06-17 19:09:32 - [MESSAGE][PASSED] - Actual text 'Go back to PAF' and expected text 'Go back to PAF' are matched 

2022-06-17 19:09:32 - [TEST_STEP][PASSED] - click(findTestObject("1. Constant/xpath", ["xpath":"/html/body/div[1]/div[2]/div[8]/div[3]/div/div[3]/div[3]/div/div/div[2]/div/div[3]/div/div[1]/div[2]/div/a[4]"])): Object: 'Object Repository/1. Constant/xpath' is clicked on

2022-06-17 19:09:32 - [MESSAGE][PASSED] - Object: 'Object Repository/1. Constant/xpath' is clicked on

2022-06-17 19:09:32 - [TEST_STEP][PASSED] - delay(1): Delayed 1 second(s)

2022-06-17 19:09:33 - [MESSAGE][PASSED] - Delayed 1 second(s)

2022-06-17 19:09:33 - [TEST_STEP][PASSED] - takeScreenshot(): Taking screenshot successfully

2022-06-17 19:09:34 - [MESSAGE][PASSED] - Taking screenshot successfully
[[ATTACHMENT|D:\\Projet Test Auto\\Mediabox Test Automation [Test]\\Reports\\20220617_181206\\z01. Test Suites\\202. TestStarPack Full Lifecycle _Change of Rights_SAS\\20220617_181211\\1655485773768.png]]

2022-06-17 19:09:34 - [TEST_STEP][PASSED] - click(findTestObject("1. Constant/xpath", ["xpath":"//*[@id="modal_support_action_shortcut"]/div/div/div[3]/button[2]"])): Object: 'Object Repository/1. Constant/xpath' is clicked on

2022-06-17 19:09:39 - [MESSAGE][PASSED] - Object: 'Object Repository/1. Constant/xpath' is clicked on

2022-06-17 19:09:39 - [TEST_STEP][PASSED] - click(findTestObject("1. Constant/xpath", ["xpath":"//*[@id="kt_content"]/div[3]/div/ul/li[3]/a"])): Object: 'Object Repository/1. Constant/xpath' is clicked on

2022-06-17 19:09:40 - [MESSAGE][PASSED] - Object: 'Object Repository/1. Constant/xpath' is clicked on

2022-06-17 19:09:40 - [TEST_STEP][PASSED] - delay(2): Delayed 2 second(s)

2022-06-17 19:09:42 - [MESSAGE][PASSED] - Delayed 2 second(s)

2022-06-17 19:09:42 - [TEST_STEP][PASSED] - takeScreenshot(): Taking screenshot successfully

2022-06-17 19:09:43 - [MESSAGE][PASSED] - Taking screenshot successfully
[[ATTACHMENT|D:\\Projet Test Auto\\Mediabox Test Automation [Test]\\Reports\\20220617_181206\\z01. Test Suites\\202. TestStarPack Full Lifecycle _Change of Rights_SAS\\20220617_181211\\1655485783067.png]]

2022-06-17 19:09:43 - [TEST_STEP][PASSED] - I.Pagedown(): Execute JavaScript 'window.scrollTo(0, document.body.scrollHeight)' successfully

2022-06-17 19:09:43 - [MESSAGE][PASSED] - Execute JavaScript 'window.scrollTo(0, document.body.scrollHeight)' successfully

2022-06-17 19:09:43 - [TEST_STEP][PASSED] - LAddedPhase_A1 = getText(findTestObject("1. Constant/xpath", ["xpath":"/html/body/div[1]/div[2]/div[8]/div[3]/div/div[3]/div[3]/div/div/div[2]/div/div[4]/div/div[2]/h6"])): Text of object 'Object Repository/1. Constant/xpath' is: 'Added manually 17/06/2022 19:09 By Kormaley Cannoosamy'

2022-06-17 19:09:43 - [MESSAGE][PASSED] - Text of object 'Object Repository/1. Constant/xpath' is: 'Added manually 17/06/2022 19:09 By Kormaley Cannoosamy'

2022-06-17 19:09:43 - [TEST_STEP][PASSED] - date1 = I.gettimedate_Format(): null

2022-06-17 19:09:43 - [TEST_STEP][PASSED] - LAddedPhase_E1 = " Added manually " + date1: null

2022-06-17 19:09:43 - [TEST_STEP][PASSED] - if (LAddedPhase_A1.contains(LAddedPhase_E1)): null

2022-06-17 19:09:43 - [TEST_STEP][PASSED] - delay(1): Delayed 1 second(s)

2022-06-17 19:09:44 - [MESSAGE][PASSED] - Delayed 1 second(s)

2022-06-17 19:09:44 - [TEST_STEP][PASSED] - click(findTestObject("1. Constant/xpath", ["xpath":"/html/body/div[1]/div[2]/div[8]/div[3]/div/div[3]/div[3]/div/div/div[2]/div/div[5]/div/div[1]/div[2]/a"])): Object: 'Object Repository/1. Constant/xpath' is clicked on

2022-06-17 19:09:44 - [MESSAGE][PASSED] - Object: 'Object Repository/1. Constant/xpath' is clicked on

2022-06-17 19:09:44 - [TEST_STEP][PASSED] - I.Pagedown(): Execute JavaScript 'window.scrollTo(0, document.body.scrollHeight)' successfully

2022-06-17 19:09:45 - [MESSAGE][PASSED] - Execute JavaScript 'window.scrollTo(0, document.body.scrollHeight)' successfully

2022-06-17 19:09:45 - [TEST_STEP][PASSED] - delay(2): Delayed 2 second(s)

2022-06-17 19:09:47 - [MESSAGE][PASSED] - Delayed 2 second(s)

2022-06-17 19:09:47 - [TEST_STEP][PASSED] - takeScreenshot(): Taking screenshot successfully

2022-06-17 19:09:47 - [MESSAGE][PASSED] - Taking screenshot successfully
[[ATTACHMENT|D:\\Projet Test Auto\\Mediabox Test Automation [Test]\\Reports\\20220617_181206\\z01. Test Suites\\202. TestStarPack Full Lifecycle _Change of Rights_SAS\\20220617_181211\\1655485787146.png]]

2022-06-17 19:09:47 - [TEST_STEP][PASSED] - LAddedPhase_A2 = getText(findTestObject("1. Constant/xpath", ["xpath":"/html/body/div[1]/div[2]/div[8]/div[3]/div/div[3]/div[3]/div/div/div[2]/div/div[5]/div/div[2]/h6"])): Text of object 'Object Repository/1. Constant/xpath' is: 'Added manually 17/06/2022 19:09 By Kormaley Cannoosamy'

2022-06-17 19:09:47 - [MESSAGE][PASSED] - Text of object 'Object Repository/1. Constant/xpath' is: 'Added manually 17/06/2022 19:09 By Kormaley Cannoosamy'

2022-06-17 19:09:47 - [TEST_STEP][PASSED] - date2 = I.gettimedate_Format(): null

2022-06-17 19:09:47 - [TEST_STEP][PASSED] - LAddedPhase_E2 = " Added manually " + date2: null

2022-06-17 19:09:47 - [TEST_STEP][PASSED] - if (LAddedPhase_A2.contains(LAddedPhase_E2)): null

2022-06-17 19:09:47 - [TEST_STEP][PASSED] - takeScreenshot(): Taking screenshot successfully

2022-06-17 19:09:47 - [MESSAGE][PASSED] - Taking screenshot successfully
[[ATTACHMENT|D:\\Projet Test Auto\\Mediabox Test Automation [Test]\\Reports\\20220617_181206\\z01. Test Suites\\202. TestStarPack Full Lifecycle _Change of Rights_SAS\\20220617_181211\\1655485787576.png]]

2022-06-17 19:09:47 - [TEST_STEP][PASSED] - I.Logout(): Delayed 3 second(s)

2022-06-17 19:09:50 - [MESSAGE][PASSED] - Delayed 3 second(s)

2022-06-17 19:09:51 - [MESSAGE][PASSED] - Object: 'Object Repository/1. Constant/xpath' is clicked on

2022-06-17 19:09:54 - [MESSAGE][PASSED] - Delayed 3 second(s)

2022-06-17 19:09:55 - [MESSAGE][PASSED] - Object: 'Object Repository/1. Constant/xpath' is clicked on

2022-06-17 19:09:58 - [MESSAGE][PASSED] - Delayed 3 second(s)

2022-06-17 19:09:58 - [TEST_STEP][PASSED] - I.Login_password("suser", password_suser): Object: 'Object Repository/1. Constant/xpath' is clicked on

2022-06-17 19:09:58 - [MESSAGE][PASSED] - Text 'suser' is set on object 'Object Repository/1. Constant/xpath'

2022-06-17 19:09:59 - [MESSAGE][PASSED] - Delayed 1 second(s)

2022-06-17 19:09:59 - [MESSAGE][PASSED] - Text 'diadeis' is set on object 'Object Repository/1. Constant/xpath'

2022-06-17 19:10:00 - [MESSAGE][PASSED] - Delayed 1 second(s)

2022-06-17 19:10:03 - [MESSAGE][PASSED] - Object: 'Object Repository/1. Constant/xpath' is clicked on

2022-06-17 19:10:03 - [TEST_STEP][PASSED] - click(findTestObject("1. Constant/02_LHSMenu_Projects")): Object: 'Object Repository/1. Constant/02_LHSMenu_Projects' is clicked on

2022-06-17 19:10:12 - [MESSAGE][PASSED] - Object: 'Object Repository/1. Constant/02_LHSMenu_Projects' is clicked on

2022-06-17 19:10:12 - [TEST_STEP][PASSED] - takeScreenshot(): Taking screenshot successfully

2022-06-17 19:10:13 - [MESSAGE][PASSED] - Taking screenshot successfully
[[ATTACHMENT|D:\\Projet Test Auto\\Mediabox Test Automation [Test]\\Reports\\20220617_181206\\z01. Test Suites\\202. TestStarPack Full Lifecycle _Change of Rights_SAS\\20220617_181211\\1655485812725.png]]

2022-06-17 19:10:13 - [TEST_STEP][PASSED] - click(findTestObject("1. Constant/xpath", ["xpath":"//*[@id="kt_subheader"]/div/nav/ol/li[1]/a"])): Object: 'Object Repository/1. Constant/xpath' is clicked on

2022-06-17 19:10:21 - [MESSAGE][PASSED] - Object: 'Object Repository/1. Constant/xpath' is clicked on

2022-06-17 19:10:21 - [TEST_STEP][PASSED] - I.SearchProjectNo(Project_No, findTestObject("1. Constant/xpath", ["xpath":"//*[@id="form_filters"]/div[4]/button"])): Delayed 5 second(s)

2022-06-17 19:10:21 - [MESSAGE][PASSED] - Text 'MI000939' is set on object 'Object Repository/1. Constant/xpath'

2022-06-17 19:10:24 - [MESSAGE][PASSED] - Delayed 3 second(s)

2022-06-17 19:10:28 - [MESSAGE][PASSED] - Object: 'Object Repository/1. Constant/xpath' is clicked on

2022-06-17 19:10:33 - [MESSAGE][PASSED] - Delayed 5 second(s)

2022-06-17 19:10:33 - [TEST_STEP][PASSED] - delay(1): Delayed 1 second(s)

2022-06-17 19:10:34 - [MESSAGE][PASSED] - Delayed 1 second(s)

2022-06-17 19:10:34 - [TEST_STEP][PASSED] - click(findTestObject("Object Repository/StarPack - Full Lifecycle (AWIS)/6.03 suser id_source_refID__td4_a", ["refID":"source_" + refID])): Object: 'Object Repository/StarPack - Full Lifecycle (AWIS)/6.03 suser id_source_refID__td4_a' is clicked on

2022-06-17 19:10:36 - [MESSAGE][PASSED] - Object: 'Object Repository/StarPack - Full Lifecycle (AWIS)/6.03 suser id_source_refID__td4_a' is clicked on

2022-06-17 19:10:36 - [TEST_STEP][PASSED] - click(findTestObject("1. Constant/xpath", ["xpath":"//*[@id="kt_content"]/div[3]/div/ul/li[3]/a"])): Object: 'Object Repository/1. Constant/xpath' is clicked on

2022-06-17 19:10:39 - [MESSAGE][PASSED] - Object: 'Object Repository/1. Constant/xpath' is clicked on

2022-06-17 19:10:39 - [TEST_STEP][PASSED] - delay(2): Delayed 2 second(s)

2022-06-17 19:10:41 - [MESSAGE][PASSED] - Delayed 2 second(s)

2022-06-17 19:10:41 - [TEST_STEP][PASSED] - click(findTestObject("1. Constant/xpath", ["xpath":"/html/body/div[1]/div[2]/div[8]/div[3]/div/div[3]/div[3]/div/div/div[2]/div/div[4]/div/div[1]/div[2]/div/a[3]"])): Object: 'Object Repository/1. Constant/xpath' is clicked on

2022-06-17 19:10:41 - [MESSAGE][PASSED] - Object: 'Object Repository/1. Constant/xpath' is clicked on

2022-06-17 19:10:41 - [TEST_STEP][PASSED] - click(findTestObject("1. Constant/xpath", ["xpath":"//*[@id="modal_skip_phase"]/div/div/div[3]/button[2]"])): Object: 'Object Repository/1. Constant/xpath' is clicked on

2022-06-17 19:10:45 - [MESSAGE][PASSED] - Object: 'Object Repository/1. Constant/xpath' is clicked on

2022-06-17 19:10:45 - [TEST_STEP][PASSED] - delay(1): Delayed 1 second(s)

2022-06-17 19:10:46 - [MESSAGE][PASSED] - Delayed 1 second(s)

2022-06-17 19:10:46 - [TEST_STEP][PASSED] - click(findTestObject("1. Constant/xpath", ["xpath":"//*[@id="kt_subheader"]/div/nav/ol/li[2]/a"])): Object: 'Object Repository/1. Constant/xpath' is clicked on

2022-06-17 19:10:50 - [MESSAGE][PASSED] - Object: 'Object Repository/1. Constant/xpath' is clicked on

2022-06-17 19:10:50 - [TEST_STEP][PASSED] - delay(1): Delayed 1 second(s)

2022-06-17 19:10:51 - [MESSAGE][PASSED] - Delayed 1 second(s)

2022-06-17 19:10:51 - [TEST_STEP][PASSED] - takeScreenshot(): Taking screenshot successfully

2022-06-17 19:10:51 - [MESSAGE][PASSED] - Taking screenshot successfully
[[ATTACHMENT|D:\\Projet Test Auto\\Mediabox Test Automation [Test]\\Reports\\20220617_181206\\z01. Test Suites\\202. TestStarPack Full Lifecycle _Change of Rights_SAS\\20220617_181211\\1655485851362.png]]

2022-06-17 19:10:51 - [TEST_STEP][PASSED] - click(findTestObject("Object Repository/StarPack - Full Lifecycle (AWIS)/6.04 suser id_refID_td9_a4", ["refID":"source_" + refID])): Object: 'Object Repository/StarPack - Full Lifecycle (AWIS)/6.04 suser id_refID_td9_a4' is clicked on

2022-06-17 19:10:52 - [MESSAGE][PASSED] - Object: 'Object Repository/StarPack - Full Lifecycle (AWIS)/6.04 suser id_refID_td9_a4' is clicked on

2022-06-17 19:10:52 - [TEST_STEP][PASSED] - takeScreenshot(): Taking screenshot successfully

2022-06-17 19:10:53 - [MESSAGE][PASSED] - Taking screenshot successfully
[[ATTACHMENT|D:\\Projet Test Auto\\Mediabox Test Automation [Test]\\Reports\\20220617_181206\\z01. Test Suites\\202. TestStarPack Full Lifecycle _Change of Rights_SAS\\20220617_181211\\1655485852888.png]]

2022-06-17 19:10:53 - [TEST_STEP][PASSED] - click(findTestObject("1. Constant/xpath", ["xpath":"//*[@id="modal_support_action_shortcut"]/div/div/div[2]/button[2]"])): Object: 'Object Repository/1. Constant/xpath' is clicked on

2022-06-17 19:10:57 - [MESSAGE][PASSED] - Object: 'Object Repository/1. Constant/xpath' is clicked on

2022-06-17 19:10:57 - [TEST_STEP][PASSED] - click(findTestObject("1. Constant/xpath", ["xpath":"//*[@id="kt_subheader"]/div/nav/ol/li[1]/a"])): Object: 'Object Repository/1. Constant/xpath' is clicked on

2022-06-17 19:11:05 - [MESSAGE][PASSED] - Object: 'Object Repository/1. Constant/xpath' is clicked on

2022-06-17 19:11:05 - [TEST_STEP][PASSED] - I.SearchProjectNo(Project_No, findTestObject("1. Constant/xpath", ["xpath":"//*[@id="form_filters"]/div[4]/button"])): Delayed 5 second(s)

2022-06-17 19:11:07 - [MESSAGE][PASSED] - Text 'MI000939' is set on object 'Object Repository/1. Constant/xpath'

2022-06-17 19:11:10 - [MESSAGE][PASSED] - Delayed 3 second(s)

2022-06-17 19:11:14 - [MESSAGE][PASSED] - Object: 'Object Repository/1. Constant/xpath' is clicked on

2022-06-17 19:11:19 - [MESSAGE][PASSED] - Delayed 5 second(s)

2022-06-17 19:11:19 - [TEST_STEP][PASSED] - delay(1): Delayed 1 second(s)

2022-06-17 19:11:20 - [MESSAGE][PASSED] - Delayed 1 second(s)

2022-06-17 19:11:20 - [TEST_STEP][PASSED] - A_Status_Lifecycle = getText(findTestObject("Object Repository/StarPack - Full Lifecycle (AWIS)/5.08 Agency2 Lifecycle status id_refID_td6_span2", ["refID":"source_" + refID])): Text of object 'Object Repository/StarPack - Full Lifecycle (AWIS)/5.08 Agency2 Lifecycle status id_refID_td6_span2' is: 'PAF'

2022-06-17 19:11:20 - [MESSAGE][PASSED] - Text of object 'Object Repository/StarPack - Full Lifecycle (AWIS)/5.08 Agency2 Lifecycle status id_refID_td6_span2' is: 'PAF'

2022-06-17 19:11:20 - [TEST_STEP][PASSED] - I.print("tooltip Actual for Add phase -" + A_Status_Lifecycle): null

2022-06-17 19:11:20 - [TEST_STEP][PASSED] - E_Status_Lifecycle = "PAF": null

2022-06-17 19:11:20 - [TEST_STEP][PASSED] - verifyMatch(A_Status_Lifecycle, E_Status_Lifecycle, false): Actual text 'PAF' and expected text 'PAF' are matched 

2022-06-17 19:11:20 - [MESSAGE][PASSED] - Actual text 'PAF' and expected text 'PAF' are matched 

2022-06-17 19:11:20 - [TEST_STEP][PASSED] - takeScreenshot(): Taking screenshot successfully

2022-06-17 19:11:21 - [MESSAGE][PASSED] - Taking screenshot successfully
[[ATTACHMENT|D:\\Projet Test Auto\\Mediabox Test Automation [Test]\\Reports\\20220617_181206\\z01. Test Suites\\202. TestStarPack Full Lifecycle _Change of Rights_SAS\\20220617_181211\\1655485881081.png]]

2022-06-17 19:11:21 - [TEST_STEP][PASSED] - click(findTestObject("Object Repository/StarPack - Full Lifecycle (AWIS)/6.03 suser id_source_refID__td4_a", ["refID":"source_" + refID])): Object: 'Object Repository/StarPack - Full Lifecycle (AWIS)/6.03 suser id_source_refID__td4_a' is clicked on

2022-06-17 19:11:23 - [MESSAGE][PASSED] - Object: 'Object Repository/StarPack - Full Lifecycle (AWIS)/6.03 suser id_source_refID__td4_a' is clicked on

2022-06-17 19:11:23 - [TEST_STEP][PASSED] - click(findTestObject("1. Constant/xpath", ["xpath":"//*[@id="kt_content"]/div[3]/div/ul/li[3]/a"])): Object: 'Object Repository/1. Constant/xpath' is clicked on

2022-06-17 19:11:27 - [MESSAGE][PASSED] - Object: 'Object Repository/1. Constant/xpath' is clicked on

2022-06-17 19:11:27 - [TEST_STEP][PASSED] - click(findTestObject("1. Constant/xpath", ["xpath":"/html/body/div[1]/div[2]/div[8]/div[3]/div/div[3]/div[3]/div/div/div[2]/div/div[7]/div/div[1]/div[2]/div/a[2]"])): Object: 'Object Repository/1. Constant/xpath' is clicked on

2022-06-17 19:11:27 - [MESSAGE][PASSED] - Object: 'Object Repository/1. Constant/xpath' is clicked on

2022-06-17 19:11:27 - [TEST_STEP][PASSED] - click(findTestObject("1. Constant/xpath", ["xpath":"//*[@id="kt_body"]/div[9]/div/div/div[2]/button[2]"])): Object: 'Object Repository/1. Constant/xpath' is clicked on

2022-06-17 19:11:30 - [MESSAGE][PASSED] - Object: 'Object Repository/1. Constant/xpath' is clicked on

2022-06-17 19:11:30 - [TEST_STEP][PASSED] - takeScreenshot(): Taking screenshot successfully

2022-06-17 19:11:32 - [MESSAGE][PASSED] - Taking screenshot successfully
[[ATTACHMENT|D:\\Projet Test Auto\\Mediabox Test Automation [Test]\\Reports\\20220617_181206\\z01. Test Suites\\202. TestStarPack Full Lifecycle _Change of Rights_SAS\\20220617_181211\\1655485891957.png]]

2022-06-17 19:11:32 - [TEST_STEP][PASSED] - click(findTestObject("1. Constant/xpath", ["xpath":"/html/body/div[1]/div[2]/div[8]/div[3]/div/div[3]/div[3]/div/div/div[2]/div/div[6]/div/div[1]/div[2]/div/a[3]"])): Object: 'Object Repository/1. Constant/xpath' is clicked on

2022-06-17 19:11:32 - [MESSAGE][PASSED] - Object: 'Object Repository/1. Constant/xpath' is clicked on

2022-06-17 19:11:32 - [TEST_STEP][PASSED] - click(findTestObject("1. Constant/xpath", ["xpath":"//*[@id="modal_skip_phase"]/div/div/div[3]/button[2]"])): Object: 'Object Repository/1. Constant/xpath' is clicked on

2022-06-17 19:11:37 - [MESSAGE][PASSED] - Object: 'Object Repository/1. Constant/xpath' is clicked on

2022-06-17 19:11:37 - [TEST_STEP][PASSED] - takeScreenshot(): Taking screenshot successfully

2022-06-17 19:11:38 - [MESSAGE][PASSED] - Taking screenshot successfully
[[ATTACHMENT|D:\\Projet Test Auto\\Mediabox Test Automation [Test]\\Reports\\20220617_181206\\z01. Test Suites\\202. TestStarPack Full Lifecycle _Change of Rights_SAS\\20220617_181211\\1655485898597.png]]

2022-06-17 19:11:38 - [TEST_STEP][PASSED] - click(findTestObject("1. Constant/xpath", ["xpath":"/html/body/div[1]/div[2]/div[8]/div[3]/div/div[3]/div[3]/div/ul/li[3]/a"])): Object: 'Object Repository/1. Constant/xpath' is clicked on

2022-06-17 19:11:39 - [MESSAGE][PASSED] - Object: 'Object Repository/1. Constant/xpath' is clicked on

2022-06-17 19:11:39 - [TEST_STEP][PASSED] - click(findTestObject("1. Constant/xpath", ["xpath":"/html/body/div[1]/div[2]/div[8]/div[3]/div/div[3]/div[3]/div/div/div[3]/div/div[2]/div/div[1]/div[2]/div/a[2]"])): Object: 'Object Repository/1. Constant/xpath' is clicked on

2022-06-17 19:11:39 - [MESSAGE][PASSED] - Object: 'Object Repository/1. Constant/xpath' is clicked on

2022-06-17 19:11:39 - [TEST_STEP][PASSED] - click(findTestObject("1. Constant/xpath", ["xpath":"//*[@id="kt_body"]/div[9]/div/div/div[2]/button[2]"])): Object: 'Object Repository/1. Constant/xpath' is clicked on

2022-06-17 19:11:50 - [MESSAGE][PASSED] - Object: 'Object Repository/1. Constant/xpath' is clicked on

2022-06-17 19:11:50 - [TEST_STEP][PASSED] - takeScreenshot(): Taking screenshot successfully

2022-06-17 19:11:52 - [MESSAGE][PASSED] - Taking screenshot successfully
[[ATTACHMENT|D:\\Projet Test Auto\\Mediabox Test Automation [Test]\\Reports\\20220617_181206\\z01. Test Suites\\202. TestStarPack Full Lifecycle _Change of Rights_SAS\\20220617_181211\\1655485912563.png]]

2022-06-17 19:11:52 - [TEST_STEP][PASSED] - click(findTestObject("1. Constant/xpath", ["xpath":"/html/body/div[1]/div[2]/div[8]/div[3]/div/div[3]/div[3]/div/div/div[3]/div/div[1]/div/div[1]/div[2]/div/a[3]"])): Object: 'Object Repository/1. Constant/xpath' is clicked on

2022-06-17 19:11:53 - [MESSAGE][PASSED] - Object: 'Object Repository/1. Constant/xpath' is clicked on

2022-06-17 19:11:53 - [TEST_STEP][PASSED] - click(findTestObject("1. Constant/xpath", ["xpath":"//*[@id="modal_skip_phase"]/div/div/div[3]/button[2]"])): Object: 'Object Repository/1. Constant/xpath' is clicked on

2022-06-17 19:11:56 - [MESSAGE][PASSED] - Object: 'Object Repository/1. Constant/xpath' is clicked on

2022-06-17 19:11:56 - [TEST_STEP][PASSED] - click(findTestObject("1. Constant/xpath", ["xpath":"//*[@id="kt_subheader"]/div/nav/ol/li[2]/a"])): Object: 'Object Repository/1. Constant/xpath' is clicked on

2022-06-17 19:12:01 - [MESSAGE][PASSED] - Object: 'Object Repository/1. Constant/xpath' is clicked on

2022-06-17 19:12:01 - [TEST_STEP][PASSED] - verifyElementPresent(findTestObject("Object Repository/StarPack - Full Lifecycle (AWIS)/6.06 suser id_refID_td9_a3", ["refID":"source_" + refID]), 10): Object 'Object Repository/StarPack - Full Lifecycle (AWIS)/6.06 suser id_refID_td9_a3' is present

2022-06-17 19:12:01 - [MESSAGE][PASSED] - Object 'Object Repository/StarPack - Full Lifecycle (AWIS)/6.06 suser id_refID_td9_a3' is present

2022-06-17 19:12:01 - [TEST_STEP][PASSED] - mouseOver(findTestObject("Object Repository/StarPack - Full Lifecycle (AWIS)/6.06 suser id_refID_td9_a3", ["refID":"source_" + refID])): Object: 'Object Repository/StarPack - Full Lifecycle (AWIS)/6.06 suser id_refID_td9_a3' is hovered

2022-06-17 19:12:01 - [MESSAGE][PASSED] - Object: 'Object Repository/StarPack - Full Lifecycle (AWIS)/6.06 suser id_refID_td9_a3' is hovered

2022-06-17 19:12:01 - [TEST_STEP][PASSED] - A_Status_Lifecycle_Completed = getText(findTestObject("1. Constant/xpath", ["xpath":"/html/body/div[9]/div[2]"])): Text of object 'Object Repository/1. Constant/xpath' is: 'Go back to PAF'

2022-06-17 19:12:01 - [MESSAGE][PASSED] - Text of object 'Object Repository/1. Constant/xpath' is: 'Go back to PAF'

2022-06-17 19:12:01 - [TEST_STEP][PASSED] - I.print("tooltip Actual for Status -" + A_Status_Lifecycle_Completed): null

2022-06-17 19:12:01 - [TEST_STEP][PASSED] - E_Status_Lifecycle_Completed = "Go back to PAF": null

2022-06-17 19:12:01 - [TEST_STEP][PASSED] - verifyMatch(A_Status_Lifecycle_Completed, E_Status_Lifecycle_Completed, false): Actual text 'Go back to PAF' and expected text 'Go back to PAF' are matched 

2022-06-17 19:12:01 - [MESSAGE][PASSED] - Actual text 'Go back to PAF' and expected text 'Go back to PAF' are matched 

2022-06-17 19:12:01 - [TEST_STEP][PASSED] - click(findTestObject("Object Repository/StarPack - Full Lifecycle (AWIS)/6.06 suser id_refID_td9_a3", ["refID":"source_" + refID])): Object: 'Object Repository/StarPack - Full Lifecycle (AWIS)/6.06 suser id_refID_td9_a3' is clicked on

2022-06-17 19:12:02 - [MESSAGE][PASSED] - Object: 'Object Repository/StarPack - Full Lifecycle (AWIS)/6.06 suser id_refID_td9_a3' is clicked on

2022-06-17 19:12:02 - [TEST_STEP][PASSED] - click(findTestObject("1. Constant/xpath", ["xpath":"//*[@id="modal_support_action_shortcut"]/div/div/div[2]/button[2]"])): Object: 'Object Repository/1. Constant/xpath' is clicked on

2022-06-17 19:12:06 - [MESSAGE][PASSED] - Object: 'Object Repository/1. Constant/xpath' is clicked on

2022-06-17 19:12:06 - [TEST_STEP][PASSED] - click(findTestObject("1. Constant/xpath", ["xpath":"//*[@id="kt_content"]/div[3]/div/ul/li[3]/a"])): Object: 'Object Repository/1. Constant/xpath' is clicked on

2022-06-17 19:12:08 - [MESSAGE][PASSED] - Object: 'Object Repository/1. Constant/xpath' is clicked on

2022-06-17 19:12:08 - [TEST_STEP][PASSED] - click(findTestObject("1. Constant/xpath", ["xpath":"/html/body/div[1]/div[2]/div[8]/div[3]/div/div[3]/div[3]/div/div/div[4]/div/div[1]/div/div[1]/div[2]/div/a[3]"])): Object: 'Object Repository/1. Constant/xpath' is clicked on

2022-06-17 19:12:09 - [MESSAGE][PASSED] - Object: 'Object Repository/1. Constant/xpath' is clicked on

2022-06-17 19:12:09 - [TEST_STEP][PASSED] - click(findTestObject("1. Constant/xpath", ["xpath":"//*[@id="modal_skip_phase"]/div/div/div[3]/button[2]"])): Object: 'Object Repository/1. Constant/xpath' is clicked on

2022-06-17 19:12:12 - [MESSAGE][PASSED] - Object: 'Object Repository/1. Constant/xpath' is clicked on

2022-06-17 19:12:12 - [TEST_STEP][PASSED] - click(findTestObject("1. Constant/xpath", ["xpath":"/html/body/div[1]/div[2]/div[8]/div[3]/div/div[3]/div[3]/div/div/div[4]/div/div[2]/div/div[1]/div[2]/div/a[3]"])): Object: 'Object Repository/1. Constant/xpath' is clicked on

2022-06-17 19:12:13 - [MESSAGE][PASSED] - Object: 'Object Repository/1. Constant/xpath' is clicked on

2022-06-17 19:12:13 - [TEST_STEP][PASSED] - click(findTestObject("1. Constant/xpath", ["xpath":"//*[@id="modal_skip_phase"]/div/div/div[3]/button[2]"])): Object: 'Object Repository/1. Constant/xpath' is clicked on

2022-06-17 19:12:18 - [MESSAGE][PASSED] - Object: 'Object Repository/1. Constant/xpath' is clicked on

2022-06-17 19:12:18 - [TEST_STEP][PASSED] - click(findTestObject("1. Constant/xpath", ["xpath":"/html/body/div[1]/div[2]/div[8]/div[3]/div/div[3]/div[3]/div/ul/li[5]/a"])): Object: 'Object Repository/1. Constant/xpath' is clicked on

2022-06-17 19:12:20 - [MESSAGE][PASSED] - Object: 'Object Repository/1. Constant/xpath' is clicked on

2022-06-17 19:12:20 - [TEST_STEP][PASSED] - click(findTestObject("1. Constant/xpath", ["xpath":"/html/body/div[1]/div[2]/div[8]/div[3]/div/div[3]/div[3]/div/div/div[5]/div/div[2]/div/div[1]/div[2]/div/a[2]"])): Object: 'Object Repository/1. Constant/xpath' is clicked on

2022-06-17 19:12:20 - [MESSAGE][PASSED] - Object: 'Object Repository/1. Constant/xpath' is clicked on

2022-06-17 19:12:20 - [TEST_STEP][PASSED] - click(findTestObject("1. Constant/xpath", ["xpath":"//*[@id="kt_body"]/div[9]/div/div/div[2]/button[2]"])): Object: 'Object Repository/1. Constant/xpath' is clicked on

2022-06-17 19:12:32 - [MESSAGE][PASSED] - Object: 'Object Repository/1. Constant/xpath' is clicked on

2022-06-17 19:12:32 - [TEST_STEP][PASSED] - click(findTestObject("1. Constant/xpath", ["xpath":"/html/body/div[1]/div[2]/div[8]/div[3]/div/div[3]/div[3]/div/div/div[5]/div/div[1]/div/div[1]/div[2]/div/a[3]"])): Object: 'Object Repository/1. Constant/xpath' is clicked on

2022-06-17 19:12:34 - [MESSAGE][PASSED] - Object: 'Object Repository/1. Constant/xpath' is clicked on

2022-06-17 19:12:34 - [TEST_STEP][PASSED] - click(findTestObject("1. Constant/xpath", ["xpath":"//*[@id="modal_skip_phase"]/div/div/div[3]/button[2]"])): Object: 'Object Repository/1. Constant/xpath' is clicked on

2022-06-17 19:12:37 - [MESSAGE][PASSED] - Object: 'Object Repository/1. Constant/xpath' is clicked on

2022-06-17 19:12:37 - [TEST_STEP][PASSED] - click(findTestObject("1. Constant/xpath", ["xpath":"//*[@id="kt_subheader"]/div/nav/ol/li[2]/a"])): Object: 'Object Repository/1. Constant/xpath' is clicked on

2022-06-17 19:12:42 - [MESSAGE][PASSED] - Object: 'Object Repository/1. Constant/xpath' is clicked on

2022-06-17 19:12:42 - [TEST_STEP][PASSED] - click(findTestObject("Object Repository/StarPack - Full Lifecycle (AWIS)/5.04 Agency1 id_refID_td9_a2", ["refID":"source_" + refID])): Object: 'Object Repository/StarPack - Full Lifecycle (AWIS)/5.04 Agency1 id_refID_td9_a2' is clicked on

2022-06-17 19:12:46 - [MESSAGE][PASSED] - Object: 'Object Repository/StarPack - Full Lifecycle (AWIS)/5.04 Agency1 id_refID_td9_a2' is clicked on

2022-06-17 19:12:46 - [TEST_STEP][PASSED] - verifyElementPresent(findTestObject("Object Repository/StarPack - Full Lifecycle (AWIS)/5.04 Agency1 id_refID_td9_a2", ["refID":"source_" + refID]), 10): Object 'Object Repository/StarPack - Full Lifecycle (AWIS)/5.04 Agency1 id_refID_td9_a2' is present

2022-06-17 19:12:46 - [MESSAGE][PASSED] - Object 'Object Repository/StarPack - Full Lifecycle (AWIS)/5.04 Agency1 id_refID_td9_a2' is present

2022-06-17 19:12:46 - [TEST_STEP][PASSED] - closeBrowser(): Browser is closed

2022-06-17 19:12:47 - [MESSAGE][PASSED] - Browser is closed

2022-06-17 19:12:47 - [TEST_STEP][PASSED] - Start listener action : sampleAfterTestCase: null]]></system-out>
         <system-err><![CDATA[]]></system-err>
      </testcase>
      <testcase name="Test Cases/202. TestStarPack Full Lifecycle _Change of Rights_SAS/202.07 TestStarPack change of rights (Prod)_Ticket4757" time="304.423" classname="Test Cases/202. TestStarPack Full Lifecycle _Change of Rights_SAS/202.07 TestStarPack change of rights (Prod)_Ticket4757" status="FAILED">
         <failure type="FAILED" message="Test Cases/202. TestStarPack Full Lifecycle _Change of Rights_SAS/202.07 TestStarPack change of rights (Prod)_Ticket4757 FAILED.
Reason:
com.kms.katalon.core.exception.StepFailedException: Unable to select option by value '651' of object 'Object Repository/1. Constant/xpath' 
	at com.kms.katalon.core.webui.keyword.internal.WebUIKeywordMain.stepFailed(WebUIKeywordMain.groovy:64)
	at com.kms.katalon.core.webui.keyword.internal.WebUIKeywordMain.runKeyword(WebUIKeywordMain.groovy:26)
	at com.kms.katalon.core.webui.keyword.builtin.SelectOptionByValueKeyword.selectOptionByValue(SelectOptionByValueKeyword.groovy:99)
	at com.kms.katalon.core.webui.keyword.builtin.SelectOptionByValueKeyword.execute(SelectOptionByValueKeyword.groovy:71)
	at com.kms.katalon.core.keyword.internal.KeywordExecutor.executeKeywordForPlatform(KeywordExecutor.groovy:74)
	at com.kms.katalon.core.webui.keyword.WebUiBuiltInKeywords.selectOptionByValue(WebUiBuiltInKeywords.groovy:1168)
	at com.kms.katalon.core.webui.keyword.WebUiBuiltInKeywords$selectOptionByValue$5.call(Unknown Source)
	at 202.07 TestStarPack change of rights (Prod)_Ticket4757.run(202.07 TestStarPack change of rights (Prod)_Ticket4757:397)
	at com.kms.katalon.core.main.ScriptEngine.run(ScriptEngine.java:194)
	at com.kms.katalon.core.main.ScriptEngine.runScriptAsRawText(ScriptEngine.java:119)
	at com.kms.katalon.core.main.TestCaseExecutor.runScript(TestCaseExecutor.java:445)
	at com.kms.katalon.core.main.TestCaseExecutor.doExecute(TestCaseExecutor.java:436)
	at com.kms.katalon.core.main.TestCaseExecutor.processExecutionPhase(TestCaseExecutor.java:415)
	at com.kms.katalon.core.main.TestCaseExecutor.accessMainPhase(TestCaseExecutor.java:407)
	at com.kms.katalon.core.main.TestCaseExecutor.execute(TestCaseExecutor.java:284)
	at com.kms.katalon.core.common.CommonExecutor.accessTestCaseMainPhase(CommonExecutor.java:65)
	at com.kms.katalon.core.main.TestSuiteExecutor.accessTestSuiteMainPhase(TestSuiteExecutor.java:144)
	at com.kms.katalon.core.main.TestSuiteExecutor.execute(TestSuiteExecutor.java:106)
	at com.kms.katalon.core.main.TestCaseMain.startTestSuite(TestCaseMain.java:185)
	at com.kms.katalon.core.main.TestCaseMain$startTestSuite$0.call(Unknown Source)
	at TempTestSuite1655482331260.run(TempTestSuite1655482331260.groovy:36)
Caused by: com.kms.katalon.core.webui.exception.WebElementNotFoundException: Web element with id: 'Object Repository/1. Constant/xpath' located by '//*[@id=&quot;var_27&quot;]' not found
	at com.kms.katalon.core.webui.common.WebUiCommonHelper.findWebElement(WebUiCommonHelper.java:1370)
	at com.kms.katalon.core.webui.keyword.internal.WebUIAbstractKeyword.findWebElement(WebUIAbstractKeyword.groovy:27)
	at com.kms.katalon.core.webui.keyword.internal.WebUIAbstractKeyword.findWebElement(WebUIAbstractKeyword.groovy:26)
	at com.kms.katalon.core.webui.keyword.builtin.SelectOptionByValueKeyword$_selectOptionByValue_closure1.doCall(SelectOptionByValueKeyword.groovy:86)
	at com.kms.katalon.core.webui.keyword.builtin.SelectOptionByValueKeyword$_selectOptionByValue_closure1.call(SelectOptionByValueKeyword.groovy)
	at com.kms.katalon.core.webui.keyword.internal.WebUIKeywordMain.runKeyword(WebUIKeywordMain.groovy:20)
	... 19 more
"/>
         <system-out><![CDATA[2022-06-17 19:12:47 - [TEST_CASE][FAILED] - Test Cases/202. TestStarPack Full Lifecycle _Change of Rights_SAS/202.07 TestStarPack change of rights (Prod)_Ticket4757: Test Cases/202. TestStarPack Full Lifecycle _Change of Rights_SAS/202.07 TestStarPack change of rights (Prod)_Ticket4757 FAILED.
Reason:
com.kms.katalon.core.exception.StepFailedException: Unable to select option by value '651' of object 'Object Repository/1. Constant/xpath' 
	at com.kms.katalon.core.webui.keyword.internal.WebUIKeywordMain.stepFailed(WebUIKeywordMain.groovy:64)
	at com.kms.katalon.core.webui.keyword.internal.WebUIKeywordMain.runKeyword(WebUIKeywordMain.groovy:26)
	at com.kms.katalon.core.webui.keyword.builtin.SelectOptionByValueKeyword.selectOptionByValue(SelectOptionByValueKeyword.groovy:99)
	at com.kms.katalon.core.webui.keyword.builtin.SelectOptionByValueKeyword.execute(SelectOptionByValueKeyword.groovy:71)
	at com.kms.katalon.core.keyword.internal.KeywordExecutor.executeKeywordForPlatform(KeywordExecutor.groovy:74)
	at com.kms.katalon.core.webui.keyword.WebUiBuiltInKeywords.selectOptionByValue(WebUiBuiltInKeywords.groovy:1168)
	at com.kms.katalon.core.webui.keyword.WebUiBuiltInKeywords$selectOptionByValue$5.call(Unknown Source)
	at 202.07 TestStarPack change of rights (Prod)_Ticket4757.run(202.07 TestStarPack change of rights (Prod)_Ticket4757:397)
	at com.kms.katalon.core.main.ScriptEngine.run(ScriptEngine.java:194)
	at com.kms.katalon.core.main.ScriptEngine.runScriptAsRawText(ScriptEngine.java:119)
	at com.kms.katalon.core.main.TestCaseExecutor.runScript(TestCaseExecutor.java:445)
	at com.kms.katalon.core.main.TestCaseExecutor.doExecute(TestCaseExecutor.java:436)
	at com.kms.katalon.core.main.TestCaseExecutor.processExecutionPhase(TestCaseExecutor.java:415)
	at com.kms.katalon.core.main.TestCaseExecutor.accessMainPhase(TestCaseExecutor.java:407)
	at com.kms.katalon.core.main.TestCaseExecutor.execute(TestCaseExecutor.java:284)
	at com.kms.katalon.core.common.CommonExecutor.accessTestCaseMainPhase(CommonExecutor.java:65)
	at com.kms.katalon.core.main.TestSuiteExecutor.accessTestSuiteMainPhase(TestSuiteExecutor.java:144)
	at com.kms.katalon.core.main.TestSuiteExecutor.execute(TestSuiteExecutor.java:106)
	at com.kms.katalon.core.main.TestCaseMain.startTestSuite(TestCaseMain.java:185)
	at com.kms.katalon.core.main.TestCaseMain$startTestSuite$0.call(Unknown Source)
	at TempTestSuite1655482331260.run(TempTestSuite1655482331260.groovy:36)
Caused by: com.kms.katalon.core.webui.exception.WebElementNotFoundException: Web element with id: 'Object Repository/1. Constant/xpath' located by '//*[@id="var_27"]' not found
	at com.kms.katalon.core.webui.common.WebUiCommonHelper.findWebElement(WebUiCommonHelper.java:1370)
	at com.kms.katalon.core.webui.keyword.internal.WebUIAbstractKeyword.findWebElement(WebUIAbstractKeyword.groovy:27)
	at com.kms.katalon.core.webui.keyword.internal.WebUIAbstractKeyword.findWebElement(WebUIAbstractKeyword.groovy:26)
	at com.kms.katalon.core.webui.keyword.builtin.SelectOptionByValueKeyword$_selectOptionByValue_closure1.doCall(SelectOptionByValueKeyword.groovy:86)
	at com.kms.katalon.core.webui.keyword.builtin.SelectOptionByValueKeyword$_selectOptionByValue_closure1.call(SelectOptionByValueKeyword.groovy)
	at com.kms.katalon.core.webui.keyword.internal.WebUIKeywordMain.runKeyword(WebUIKeywordMain.groovy:20)
	... 19 more


2022-06-17 19:12:48 - [TEST_STEP][PASSED] - data = findTestData("Data Files/Username_Password/Test_Starpack"): null

2022-06-17 19:12:48 - [TEST_STEP][PASSED] - password_suser = data.getValue(2, 1): null

2022-06-17 19:12:48 - [TEST_STEP][PASSED] - password_aherms = data.getValue(2, 2): null

2022-06-17 19:12:48 - [TEST_STEP][PASSED] - password_agluszczynska = data.getValue(2, 3): null

2022-06-17 19:12:48 - [TEST_STEP][PASSED] - password_jmaciaszczyk = data.getValue(2, 4): null

2022-06-17 19:12:48 - [TEST_STEP][PASSED] - password_aterreshernandez = data.getValue(2, 5): null

2022-06-17 19:12:48 - [TEST_STEP][PASSED] - password_amartin_arbol = data.getValue(2, 6): null

2022-06-17 19:12:48 - [TEST_STEP][PASSED] - password_adelamatanieves = data.getValue(2, 7): null

2022-06-17 19:12:48 - [TEST_STEP][PASSED] - password_kcannoosamy_dia = data.getValue(2, 8): null

2022-06-17 19:12:48 - [TEST_STEP][PASSED] - password_ysanzmonedero = data.getValue(2, 16): null

2022-06-17 19:12:48 - [TEST_STEP][PASSED] - password_bsolletbravo = data.getValue(2, 17): null

2022-06-17 19:12:48 - [TEST_STEP][PASSED] - password_agarciasanchez = data.getValue(2, 18): null

2022-06-17 19:12:48 - [TEST_STEP][PASSED] - data_urlTestAUTO = findTestData("Data Files/URL/URL_testauto"): null

2022-06-17 19:12:48 - [TEST_STEP][PASSED] - Url_Starpack = data_urlTestAUTO.getValue(2, 2): null

2022-06-17 19:12:48 - [TEST_STEP][PASSED] - openBrowser(Url_Starpack): Browser is opened with url: 'https://mdb-v3-test.diadeis.com/MediaboxIndependence/?MBI_datasource=RELTEST_STARPACK'

2022-06-17 19:12:48 - [MESSAGE][INFO] - Starting 'Chrome (headless)' driver

2022-06-17 19:12:48 - [MESSAGE][INFO] - User set preference: ['args', '[--window-size=1920,1080, --headless]']

2022-06-17 19:12:48 - [MESSAGE][INFO] - Action delay is set to 0 milliseconds

2022-06-17 19:12:52 - [MESSAGE][PASSED] - Browser is opened with url: 'https://mdb-v3-test.diadeis.com/MediaboxIndependence/?MBI_datasource=RELTEST_STARPACK'

2022-06-17 19:12:52 - [TEST_STEP][PASSED] - maximizeWindow(): Current window maximized

2022-06-17 19:12:52 - [MESSAGE][PASSED] - Current window maximized

2022-06-17 19:12:52 - [TEST_STEP][PASSED] - I.Login_password("adelamatanieves", password_adelamatanieves): Object: 'Object Repository/1. Constant/xpath' is clicked on

2022-06-17 19:12:52 - [MESSAGE][PASSED] - Text 'adelamatanieves' is set on object 'Object Repository/1. Constant/xpath'

2022-06-17 19:12:53 - [MESSAGE][PASSED] - Delayed 1 second(s)

2022-06-17 19:12:54 - [MESSAGE][PASSED] - Text 'diadeis' is set on object 'Object Repository/1. Constant/xpath'

2022-06-17 19:12:55 - [MESSAGE][PASSED] - Delayed 1 second(s)

2022-06-17 19:12:59 - [MESSAGE][PASSED] - Object: 'Object Repository/1. Constant/xpath' is clicked on

2022-06-17 19:12:59 - [TEST_STEP][PASSED] - takeScreenshot(): Taking screenshot successfully

2022-06-17 19:12:59 - [MESSAGE][PASSED] - Taking screenshot successfully
[[ATTACHMENT|D:\\Projet Test Auto\\Mediabox Test Automation [Test]\\Reports\\20220617_181206\\z01. Test Suites\\202. TestStarPack Full Lifecycle _Change of Rights_SAS\\20220617_181211\\1655485979446.png]]

2022-06-17 19:12:59 - [TEST_STEP][PASSED] - click(findTestObject("1. Constant/02_LHSMenu_Projects")): Object: 'Object Repository/1. Constant/02_LHSMenu_Projects' is clicked on

2022-06-17 19:13:03 - [MESSAGE][PASSED] - Object: 'Object Repository/1. Constant/02_LHSMenu_Projects' is clicked on

2022-06-17 19:13:03 - [TEST_STEP][PASSED] - click(findTestObject("xxx Todelete/3 ProjectListPage_Create_Project_Button")): Object: 'Object Repository/xxx Todelete/3 ProjectListPage_Create_Project_Button' is clicked on

2022-06-17 19:13:05 - [MESSAGE][PASSED] - Object: 'Object Repository/xxx Todelete/3 ProjectListPage_Create_Project_Button' is clicked on

2022-06-17 19:13:05 - [TEST_STEP][PASSED] - takeScreenshot(): Taking screenshot successfully

2022-06-17 19:13:06 - [MESSAGE][PASSED] - Taking screenshot successfully
[[ATTACHMENT|D:\\Projet Test Auto\\Mediabox Test Automation [Test]\\Reports\\20220617_181206\\z01. Test Suites\\202. TestStarPack Full Lifecycle _Change of Rights_SAS\\20220617_181211\\1655485985744.png]]

2022-06-17 19:13:06 - [TEST_STEP][PASSED] - project_name = "AutoTest_Chrome_Starpack" + RandomStringUtils.randomAlphanumeric(10) + "_" + I.gettimedate(): null

2022-06-17 19:13:06 - [TEST_STEP][PASSED] - setText(findTestObject("HL Full Lifecycle/4 CreateProjPage_inputProjectname"), project_name): Text 'AutoTest_Chrome_Starpack7B3GSaRkob_juin172022_191306' is set on object 'Object Repository/HL Full Lifecycle/4 CreateProjPage_inputProjectname'

2022-06-17 19:13:06 - [MESSAGE][PASSED] - Text 'AutoTest_Chrome_Starpack7B3GSaRkob_juin172022_191306' is set on object 'Object Repository/HL Full Lifecycle/4 CreateProjPage_inputProjectname'

2022-06-17 19:13:06 - [TEST_STEP][PASSED] - click(findTestObject("HL Full Lifecycle/4 CreateProjPage_Create Project_Bluebutton")): Object: 'Object Repository/HL Full Lifecycle/4 CreateProjPage_Create Project_Bluebutton' is clicked on

2022-06-17 19:13:09 - [MESSAGE][PASSED] - Object: 'Object Repository/HL Full Lifecycle/4 CreateProjPage_Create Project_Bluebutton' is clicked on

2022-06-17 19:13:09 - [TEST_STEP][PASSED] - delay(1): Delayed 1 second(s)

2022-06-17 19:13:11 - [MESSAGE][PASSED] - Delayed 1 second(s)

2022-06-17 19:13:11 - [TEST_STEP][PASSED] - takeScreenshot(): Taking screenshot successfully

2022-06-17 19:13:11 - [MESSAGE][PASSED] - Taking screenshot successfully
[[ATTACHMENT|D:\\Projet Test Auto\\Mediabox Test Automation [Test]\\Reports\\20220617_181206\\z01. Test Suites\\202. TestStarPack Full Lifecycle _Change of Rights_SAS\\20220617_181211\\1655485991016.png]]

2022-06-17 19:13:11 - [TEST_STEP][PASSED] - selectOptionByValue(findTestObject("1. Constant/01_id_field_id", ["field_id":"var_98"]), "122", false): All options with value '122' are selected in object 'Object Repository/1. Constant/01_id_field_id' 

2022-06-17 19:13:11 - [MESSAGE][PASSED] - All options with value '122' are selected in object 'Object Repository/1. Constant/01_id_field_id' 

2022-06-17 19:13:11 - [TEST_STEP][PASSED] - delay(1): Delayed 1 second(s)

2022-06-17 19:13:12 - [MESSAGE][PASSED] - Delayed 1 second(s)

2022-06-17 19:13:12 - [TEST_STEP][PASSED] - selectOptionByValue(findTestObject("1. Constant/01_id_field_id", ["field_id":"var_9"]), "amartin_arbol", false): All options with value 'amartin_arbol' are selected in object 'Object Repository/1. Constant/01_id_field_id' 

2022-06-17 19:13:12 - [MESSAGE][PASSED] - All options with value 'amartin_arbol' are selected in object 'Object Repository/1. Constant/01_id_field_id' 

2022-06-17 19:13:12 - [TEST_STEP][PASSED] - delay(1): Delayed 1 second(s)

2022-06-17 19:13:13 - [MESSAGE][PASSED] - Delayed 1 second(s)

2022-06-17 19:13:13 - [TEST_STEP][PASSED] - selectOptionByValue(findTestObject("1. Constant/01_id_field_id", ["field_id":"var_10"]), "aterreshernandez", false): All options with value 'aterreshernandez' are selected in object 'Object Repository/1. Constant/01_id_field_id' 

2022-06-17 19:13:14 - [MESSAGE][PASSED] - All options with value 'aterreshernandez' are selected in object 'Object Repository/1. Constant/01_id_field_id' 

2022-06-17 19:13:14 - [TEST_STEP][PASSED] - delay(1): Delayed 1 second(s)

2022-06-17 19:13:15 - [MESSAGE][PASSED] - Delayed 1 second(s)

2022-06-17 19:13:15 - [TEST_STEP][PASSED] - selectOptionByValue(findTestObject("Object Repository/xxx Todelete/1.4 ModifyProPage_MF(IDP)"), "nalonsobermejo", true): All options with value 'nalonsobermejo' are selected in object 'Object Repository/xxx Todelete/1.4 ModifyProPage_MF(IDP)'  using regular expression

2022-06-17 19:13:15 - [MESSAGE][PASSED] - All options with value 'nalonsobermejo' are selected in object 'Object Repository/xxx Todelete/1.4 ModifyProPage_MF(IDP)'  using regular expression

2022-06-17 19:13:15 - [TEST_STEP][PASSED] - delay(1): Delayed 1 second(s)

2022-06-17 19:13:16 - [MESSAGE][PASSED] - Delayed 1 second(s)

2022-06-17 19:13:16 - [TEST_STEP][PASSED] - click(findTestObject("Object Repository/xxx Todelete/1.41 ModifyProPage_AddMF")): Object: 'Object Repository/xxx Todelete/1.41 ModifyProPage_AddMF' is clicked on

2022-06-17 19:13:16 - [MESSAGE][PASSED] - Object: 'Object Repository/xxx Todelete/1.41 ModifyProPage_AddMF' is clicked on

2022-06-17 19:13:16 - [TEST_STEP][PASSED] - delay(1): Delayed 1 second(s)

2022-06-17 19:13:17 - [MESSAGE][PASSED] - Delayed 1 second(s)

2022-06-17 19:13:17 - [TEST_STEP][PASSED] - selectOptionByValue(findTestObject("1. Constant/01_id_field_id", ["field_id":"var_15"]), "292", false): All options with value '292' are selected in object 'Object Repository/1. Constant/01_id_field_id' 

2022-06-17 19:13:18 - [MESSAGE][PASSED] - All options with value '292' are selected in object 'Object Repository/1. Constant/01_id_field_id' 

2022-06-17 19:13:18 - [TEST_STEP][PASSED] - delay(1): Delayed 1 second(s)

2022-06-17 19:13:19 - [MESSAGE][PASSED] - Delayed 1 second(s)

2022-06-17 19:13:19 - [TEST_STEP][PASSED] - value = getAttribute(findTestObject("Object Repository/StarPack - Full Lifecycle (AWIS)/1.6 ModifyProPage _NDP"), "value"): Attribute 'value' of object 'Object Repository/StarPack - Full Lifecycle (AWIS)/1.6 ModifyProPage _NDP' is: 'MCBRIDE, S.A.'

2022-06-17 19:13:19 - [MESSAGE][PASSED] - Attribute 'value' of object 'Object Repository/StarPack - Full Lifecycle (AWIS)/1.6 ModifyProPage _NDP' is: 'MCBRIDE, S.A.'

2022-06-17 19:13:19 - [TEST_STEP][PASSED] - delay(1): Delayed 1 second(s)

2022-06-17 19:13:20 - [MESSAGE][PASSED] - Delayed 1 second(s)

2022-06-17 19:13:20 - [TEST_STEP][PASSED] - delay(1): Delayed 1 second(s)

2022-06-17 19:13:21 - [MESSAGE][PASSED] - Delayed 1 second(s)

2022-06-17 19:13:21 - [TEST_STEP][PASSED] - selectOptionByValue(findTestObject("1. Constant/01_id_field_id", ["field_id":"var_26"]), "94", false): All options with value '94' are selected in object 'Object Repository/1. Constant/01_id_field_id' 

2022-06-17 19:13:21 - [MESSAGE][PASSED] - All options with value '94' are selected in object 'Object Repository/1. Constant/01_id_field_id' 

2022-06-17 19:13:21 - [TEST_STEP][PASSED] - delay(1): Delayed 1 second(s)

2022-06-17 19:13:22 - [MESSAGE][PASSED] - Delayed 1 second(s)

2022-06-17 19:13:22 - [TEST_STEP][PASSED] - selectOptionByValue(findTestObject("1. Constant/01_id_field_id", ["field_id":"var_12"]), "94", false): All options with value '94' are selected in object 'Object Repository/1. Constant/01_id_field_id' 

2022-06-17 19:13:23 - [MESSAGE][PASSED] - All options with value '94' are selected in object 'Object Repository/1. Constant/01_id_field_id' 

2022-06-17 19:13:23 - [TEST_STEP][PASSED] - delay(1): Delayed 1 second(s)

2022-06-17 19:13:24 - [MESSAGE][PASSED] - Delayed 1 second(s)

2022-06-17 19:13:24 - [TEST_STEP][PASSED] - selectOptionByValue(findTestObject("1. Constant/01_id_field_id", ["field_id":"var_27"]), "734", false): All options with value '734' are selected in object 'Object Repository/1. Constant/01_id_field_id' 

2022-06-17 19:13:24 - [MESSAGE][PASSED] - All options with value '734' are selected in object 'Object Repository/1. Constant/01_id_field_id' 

2022-06-17 19:13:24 - [TEST_STEP][PASSED] - delay(1): Delayed 1 second(s)

2022-06-17 19:13:25 - [MESSAGE][PASSED] - Delayed 1 second(s)

2022-06-17 19:13:25 - [TEST_STEP][PASSED] - selectOptionByValue(findTestObject("1. Constant/01_id_field_id", ["field_id":"var_71"]), "efood", false): All options with value 'efood' are selected in object 'Object Repository/1. Constant/01_id_field_id' 

2022-06-17 19:13:25 - [MESSAGE][PASSED] - All options with value 'efood' are selected in object 'Object Repository/1. Constant/01_id_field_id' 

2022-06-17 19:13:25 - [TEST_STEP][PASSED] - delay(1): Delayed 1 second(s)

2022-06-17 19:13:26 - [MESSAGE][PASSED] - Delayed 1 second(s)

2022-06-17 19:13:26 - [TEST_STEP][PASSED] - takeScreenshot(): Taking screenshot successfully

2022-06-17 19:13:27 - [MESSAGE][PASSED] - Taking screenshot successfully
[[ATTACHMENT|D:\\Projet Test Auto\\Mediabox Test Automation [Test]\\Reports\\20220617_181206\\z01. Test Suites\\202. TestStarPack Full Lifecycle _Change of Rights_SAS\\20220617_181211\\1655486006741.png]]

2022-06-17 19:13:27 - [TEST_STEP][PASSED] - delay(10): Delayed 10 second(s)

2022-06-17 19:13:37 - [MESSAGE][PASSED] - Delayed 10 second(s)

2022-06-17 19:13:37 - [TEST_STEP][PASSED] - click(findTestObject("HL Full Lifecycle/5 ModifyProjPage_button_Update")): Object: 'Object Repository/HL Full Lifecycle/5 ModifyProjPage_button_Update' is clicked on

2022-06-17 19:13:40 - [MESSAGE][PASSED] - Object: 'Object Repository/HL Full Lifecycle/5 ModifyProjPage_button_Update' is clicked on

2022-06-17 19:13:40 - [TEST_STEP][PASSED] - waitForPageLoad(10): Wait for page load successfully

2022-06-17 19:13:40 - [MESSAGE][PASSED] - Wait for page load successfully

2022-06-17 19:13:40 - [TEST_STEP][PASSED] - delay(5): Delayed 5 second(s)

2022-06-17 19:13:45 - [MESSAGE][PASSED] - Delayed 5 second(s)

2022-06-17 19:13:45 - [TEST_STEP][PASSED] - Project_No = I.ProjectNo(): Current window's url is: 'https://mdb-v3-test.diadeis.com/MediaboxIndependence/Base/ExecAction?IDSession=MBI%21RELTEST_STARPACK%219KVM5ERJI6OMJIZ4TAKTXCTV6GW4C6RQLQ8SV47P&default_action=AfficheFichesProjet&id_project=MI000940'

2022-06-17 19:13:50 - [MESSAGE][PASSED] - Delayed 5 second(s)

2022-06-17 19:13:50 - [MESSAGE][PASSED] - Current window's url is: 'https://mdb-v3-test.diadeis.com/MediaboxIndependence/Base/ExecAction?IDSession=MBI%21RELTEST_STARPACK%219KVM5ERJI6OMJIZ4TAKTXCTV6GW4C6RQLQ8SV47P&default_action=AfficheFichesProjet&id_project=MI000940'

2022-06-17 19:13:50 - [TEST_STEP][PASSED] - click(findTestObject("HL Full Lifecycle/6 ReferenceListPage_createrefbutton")): Object: 'Object Repository/HL Full Lifecycle/6 ReferenceListPage_createrefbutton' is clicked on

2022-06-17 19:13:50 - [MESSAGE][PASSED] - Object: 'Object Repository/HL Full Lifecycle/6 ReferenceListPage_createrefbutton' is clicked on

2022-06-17 19:13:50 - [TEST_STEP][PASSED] - click(findTestObject("HL Full Lifecycle/6 ReferenceListPaga_Create a component_button")): Object: 'Object Repository/HL Full Lifecycle/6 ReferenceListPaga_Create a component_button' is clicked on

2022-06-17 19:13:52 - [MESSAGE][PASSED] - Object: 'Object Repository/HL Full Lifecycle/6 ReferenceListPaga_Create a component_button' is clicked on

2022-06-17 19:13:52 - [TEST_STEP][PASSED] - waitForPageLoad(10): Wait for page load successfully

2022-06-17 19:13:52 - [MESSAGE][PASSED] - Wait for page load successfully

2022-06-17 19:13:52 - [TEST_STEP][PASSED] - takeScreenshot(): Taking screenshot successfully

2022-06-17 19:13:52 - [MESSAGE][PASSED] - Taking screenshot successfully
[[ATTACHMENT|D:\\Projet Test Auto\\Mediabox Test Automation [Test]\\Reports\\20220617_181206\\z01. Test Suites\\202. TestStarPack Full Lifecycle _Change of Rights_SAS\\20220617_181211\\1655486032442.png]]

2022-06-17 19:13:52 - [TEST_STEP][PASSED] - selectOptionByValue(findTestObject("1. Constant/01_id_field_id", ["field_id":"ref_type"]), "6", false): All options with value '6' are selected in object 'Object Repository/1. Constant/01_id_field_id' 

2022-06-17 19:13:54 - [MESSAGE][PASSED] - All options with value '6' are selected in object 'Object Repository/1. Constant/01_id_field_id' 

2022-06-17 19:13:54 - [TEST_STEP][PASSED] - click(findTestObject("HL Full Lifecycle/6 ReferencePg_Create a component_bluebutton")): Object: 'Object Repository/HL Full Lifecycle/6 ReferencePg_Create a component_bluebutton' is clicked on

2022-06-17 19:13:59 - [MESSAGE][PASSED] - Object: 'Object Repository/HL Full Lifecycle/6 ReferencePg_Create a component_bluebutton' is clicked on

2022-06-17 19:13:59 - [TEST_STEP][PASSED] - refID = I.RefID(): Current window's url is: 'https://mdb-v3-test.diadeis.com/MediaboxIndependence/Base/ExecAction?IDSession=MBI%21RELTEST_STARPACK%219KVM5ERJI6OMJIZ4TAKTXCTV6GW4C6RQLQ8SV47P&default_action=ModifierRef&id_project=MI000940&id_ref=5886&action_from=create_ref'

2022-06-17 19:14:04 - [MESSAGE][PASSED] - Delayed 5 second(s)

2022-06-17 19:14:04 - [MESSAGE][PASSED] - Current window's url is: 'https://mdb-v3-test.diadeis.com/MediaboxIndependence/Base/ExecAction?IDSession=MBI%21RELTEST_STARPACK%219KVM5ERJI6OMJIZ4TAKTXCTV6GW4C6RQLQ8SV47P&default_action=ModifierRef&id_project=MI000940&id_ref=5886&action_from=create_ref'

2022-06-17 19:14:04 - [TEST_STEP][PASSED] - out.println(refID): null

2022-06-17 19:14:04 - [TEST_STEP][PASSED] - takeScreenshot(): Taking screenshot successfully

2022-06-17 19:14:05 - [MESSAGE][PASSED] - Taking screenshot successfully
[[ATTACHMENT|D:\\Projet Test Auto\\Mediabox Test Automation [Test]\\Reports\\20220617_181206\\z01. Test Suites\\202. TestStarPack Full Lifecycle _Change of Rights_SAS\\20220617_181211\\1655486044887.png]]

2022-06-17 19:14:05 - [TEST_STEP][PASSED] - sendKeys(findTestObject("1. Constant/01_id_field_id", ["field_id":"var_28"]), "209293"): Keys '209293' sent to object: 'Object Repository/1. Constant/01_id_field_id'

2022-06-17 19:14:05 - [MESSAGE][PASSED] - Keys '209293' sent to object: 'Object Repository/1. Constant/01_id_field_id'

2022-06-17 19:14:05 - [TEST_STEP][PASSED] - sendKeys(findTestObject("1. Constant/01_id_field_id", ["field_id":"var_30"]), "test Submarca"): Keys 'test Submarca' sent to object: 'Object Repository/1. Constant/01_id_field_id'

2022-06-17 19:14:05 - [MESSAGE][PASSED] - Keys 'test Submarca' sent to object: 'Object Repository/1. Constant/01_id_field_id'

2022-06-17 19:14:05 - [TEST_STEP][PASSED] - sendKeys(findTestObject("1. Constant/01_id_field_id", ["field_id":"var_31"]), "test Submarca Vínculo con bulto: test Submarca"): Keys 'test Submarca Vínculo con bulto: test Submarca' sent to object: 'Object Repository/1. Constant/01_id_field_id'

2022-06-17 19:14:06 - [MESSAGE][PASSED] - Keys 'test Submarca Vínculo con bulto: test Submarca' sent to object: 'Object Repository/1. Constant/01_id_field_id'

2022-06-17 19:14:06 - [TEST_STEP][PASSED] - selectOptionByValue(findTestObject("1. Constant/01_id_field_id", ["field_id":"var_38"]), "24", false): All options with value '24' are selected in object 'Object Repository/1. Constant/01_id_field_id' 

2022-06-17 19:14:06 - [MESSAGE][PASSED] - All options with value '24' are selected in object 'Object Repository/1. Constant/01_id_field_id' 

2022-06-17 19:14:06 - [TEST_STEP][PASSED] - sendKeys(findTestObject("1. Constant/01_id_field_id", ["field_id":"var_39"]), "8480017155061"): Keys '8480017155061' sent to object: 'Object Repository/1. Constant/01_id_field_id'

2022-06-17 19:14:06 - [MESSAGE][PASSED] - Keys '8480017155061' sent to object: 'Object Repository/1. Constant/01_id_field_id'

2022-06-17 19:14:06 - [TEST_STEP][PASSED] - selectOptionByValue(findTestObject("1. Constant/01_id_field_id", ["field_id":"selSource_19"]), "22", false): All options with value '22' are selected in object 'Object Repository/1. Constant/01_id_field_id' 

2022-06-17 19:14:06 - [MESSAGE][PASSED] - All options with value '22' are selected in object 'Object Repository/1. Constant/01_id_field_id' 

2022-06-17 19:14:06 - [TEST_STEP][PASSED] - click(findTestObject("Object Repository/xxx Todelete/2.01 ModifyRef_Pais")): Object: 'Object Repository/xxx Todelete/2.01 ModifyRef_Pais' is clicked on

2022-06-17 19:14:07 - [MESSAGE][PASSED] - Object: 'Object Repository/xxx Todelete/2.01 ModifyRef_Pais' is clicked on

2022-06-17 19:14:07 - [TEST_STEP][PASSED] - selectOptionByValue(findTestObject("1. Constant/01_id_field_id", ["field_id":"var_75"]), "26", false): All options with value '26' are selected in object 'Object Repository/1. Constant/01_id_field_id' 

2022-06-17 19:14:07 - [MESSAGE][PASSED] - All options with value '26' are selected in object 'Object Repository/1. Constant/01_id_field_id' 

2022-06-17 19:14:07 - [TEST_STEP][PASSED] - click(findTestObject("HL Full Lifecycle/7 ModifyRefPage_button_Save")): Object: 'Object Repository/HL Full Lifecycle/7 ModifyRefPage_button_Save' is clicked on

2022-06-17 19:14:13 - [MESSAGE][PASSED] - Object: 'Object Repository/HL Full Lifecycle/7 ModifyRefPage_button_Save' is clicked on

2022-06-17 19:14:13 - [TEST_STEP][PASSED] - I.Logout(): Delayed 3 second(s)

2022-06-17 19:14:16 - [MESSAGE][PASSED] - Delayed 3 second(s)

2022-06-17 19:14:17 - [MESSAGE][PASSED] - Object: 'Object Repository/1. Constant/xpath' is clicked on

2022-06-17 19:14:20 - [MESSAGE][PASSED] - Delayed 3 second(s)

2022-06-17 19:14:21 - [MESSAGE][PASSED] - Object: 'Object Repository/1. Constant/xpath' is clicked on

2022-06-17 19:14:24 - [MESSAGE][PASSED] - Delayed 3 second(s)

2022-06-17 19:14:24 - [TEST_STEP][PASSED] - I.Login_password("suser", password_suser): Object: 'Object Repository/1. Constant/xpath' is clicked on

2022-06-17 19:14:25 - [MESSAGE][PASSED] - Text 'suser' is set on object 'Object Repository/1. Constant/xpath'

2022-06-17 19:14:26 - [MESSAGE][PASSED] - Delayed 1 second(s)

2022-06-17 19:14:27 - [MESSAGE][PASSED] - Text 'diadeis' is set on object 'Object Repository/1. Constant/xpath'

2022-06-17 19:14:28 - [MESSAGE][PASSED] - Delayed 1 second(s)

2022-06-17 19:14:31 - [MESSAGE][PASSED] - Object: 'Object Repository/1. Constant/xpath' is clicked on

2022-06-17 19:14:31 - [TEST_STEP][PASSED] - takeScreenshot(): Taking screenshot successfully

2022-06-17 19:14:31 - [MESSAGE][PASSED] - Taking screenshot successfully
[[ATTACHMENT|D:\\Projet Test Auto\\Mediabox Test Automation [Test]\\Reports\\20220617_181206\\z01. Test Suites\\202. TestStarPack Full Lifecycle _Change of Rights_SAS\\20220617_181211\\1655486071341.png]]

2022-06-17 19:14:31 - [TEST_STEP][PASSED] - click(findTestObject("1. Constant/02_LHSMenu_Projects")): Object: 'Object Repository/1. Constant/02_LHSMenu_Projects' is clicked on

2022-06-17 19:14:39 - [MESSAGE][PASSED] - Object: 'Object Repository/1. Constant/02_LHSMenu_Projects' is clicked on

2022-06-17 19:14:39 - [TEST_STEP][PASSED] - I.SearchProjectNo(Project_No, findTestObject("HL Full Lifecycle/9 Filter_Button_Apply")): Delayed 5 second(s)

2022-06-17 19:14:39 - [MESSAGE][PASSED] - Text 'MI000940' is set on object 'Object Repository/1. Constant/xpath'

2022-06-17 19:14:42 - [MESSAGE][PASSED] - Delayed 3 second(s)

2022-06-17 19:14:45 - [MESSAGE][PASSED] - Object: 'Object Repository/HL Full Lifecycle/9 Filter_Button_Apply' is clicked on

2022-06-17 19:14:50 - [MESSAGE][PASSED] - Delayed 5 second(s)

2022-06-17 19:14:50 - [TEST_STEP][PASSED] - I.superedit_ref(findTestObject("Object Repository/StarPack - Full Lifecycle (AWIS)/3.02 Suser super edit", ["refID":"source_" + refID]), findTestObject("Object Repository/StarPack - Full Lifecycle (AWIS)/3.03 Suser super edit (option)", ["refID":"source_" + refID])): Object: 'Object Repository/StarPack - Full Lifecycle (AWIS)/3.03 Suser super edit (option)' is clicked on

2022-06-17 19:14:50 - [MESSAGE][PASSED] - Object: 'Object Repository/StarPack - Full Lifecycle (AWIS)/3.02 Suser super edit' is clicked on

2022-06-17 19:14:53 - [MESSAGE][PASSED] - Delayed 3 second(s)

2022-06-17 19:14:56 - [MESSAGE][PASSED] - Object: 'Object Repository/StarPack - Full Lifecycle (AWIS)/3.03 Suser super edit (option)' is clicked on

2022-06-17 19:14:56 - [TEST_STEP][PASSED] - takeScreenshot(): Taking screenshot successfully

2022-06-17 19:14:56 - [MESSAGE][PASSED] - Taking screenshot successfully
[[ATTACHMENT|D:\\Projet Test Auto\\Mediabox Test Automation [Test]\\Reports\\20220617_181206\\z01. Test Suites\\202. TestStarPack Full Lifecycle _Change of Rights_SAS\\20220617_181211\\1655486096531.png]]

2022-06-17 19:14:56 - [TEST_STEP][PASSED] - I.click_button_javascript(findTestObject("Object Repository/StarPack - Full Lifecycle (AWIS)/3.04 Suser select option button(yes)", ["field_ID":"field_var_40"])): Execute JavaScript 'arguments[0].click()' successfully

2022-06-17 19:14:56 - [MESSAGE][PASSED] - Execute JavaScript 'arguments[0].click()' successfully

2022-06-17 19:14:56 - [TEST_STEP][PASSED] - I.click_button_javascript(findTestObject("Object Repository/StarPack - Full Lifecycle (AWIS)/3.04 Suser select option button(yes)", ["field_ID":"field_var_41"])): Execute JavaScript 'arguments[0].click()' successfully

2022-06-17 19:14:57 - [MESSAGE][PASSED] - Execute JavaScript 'arguments[0].click()' successfully

2022-06-17 19:14:57 - [TEST_STEP][PASSED] - I.click_button_javascript(findTestObject("Object Repository/StarPack - Full Lifecycle (AWIS)/3.04 Suser select option button(yes)", ["field_ID":"field_var_42"])): Execute JavaScript 'arguments[0].click()' successfully

2022-06-17 19:14:57 - [MESSAGE][PASSED] - Execute JavaScript 'arguments[0].click()' successfully

2022-06-17 19:14:57 - [TEST_STEP][PASSED] - I.click_button_javascript(findTestObject("Object Repository/StarPack - Full Lifecycle (AWIS)/3.04 Suser select option button(yes)", ["field_ID":"field_var_43"])): Execute JavaScript 'arguments[0].click()' successfully

2022-06-17 19:14:57 - [MESSAGE][PASSED] - Execute JavaScript 'arguments[0].click()' successfully

2022-06-17 19:14:57 - [TEST_STEP][PASSED] - I.click_button_javascript(findTestObject("Object Repository/StarPack - Full Lifecycle (AWIS)/3.04 Suser select option button(No)", ["field_ID":"field_var_44"])): Execute JavaScript 'arguments[0].click()' successfully

2022-06-17 19:14:57 - [MESSAGE][PASSED] - Execute JavaScript 'arguments[0].click()' successfully

2022-06-17 19:14:57 - [TEST_STEP][PASSED] - I.click_button_javascript(findTestObject("Object Repository/StarPack - Full Lifecycle (AWIS)/3.04 Suser select option button(No)", ["field_ID":"field_var_45"])): Execute JavaScript 'arguments[0].click()' successfully

2022-06-17 19:14:58 - [MESSAGE][PASSED] - Execute JavaScript 'arguments[0].click()' successfully

2022-06-17 19:14:58 - [TEST_STEP][PASSED] - I.click_button_javascript(findTestObject("Object Repository/StarPack - Full Lifecycle (AWIS)/3.04 Suser select option button(No)", ["field_ID":"field_var_99"])): Execute JavaScript 'arguments[0].click()' successfully

2022-06-17 19:14:58 - [MESSAGE][PASSED] - Execute JavaScript 'arguments[0].click()' successfully

2022-06-17 19:14:58 - [TEST_STEP][PASSED] - click(findTestObject("Object Repository/StarPack - Full Lifecycle (AWIS)/3.05 Suser saves for super edit ref")): Object: 'Object Repository/StarPack - Full Lifecycle (AWIS)/3.05 Suser saves for super edit ref' is clicked on

2022-06-17 19:15:02 - [MESSAGE][PASSED] - Object: 'Object Repository/StarPack - Full Lifecycle (AWIS)/3.05 Suser saves for super edit ref' is clicked on

2022-06-17 19:15:02 - [TEST_STEP][PASSED] - I.Logout(): Delayed 3 second(s)

2022-06-17 19:15:05 - [MESSAGE][PASSED] - Delayed 3 second(s)

2022-06-17 19:15:06 - [MESSAGE][PASSED] - Object: 'Object Repository/1. Constant/xpath' is clicked on

2022-06-17 19:15:09 - [MESSAGE][PASSED] - Delayed 3 second(s)

2022-06-17 19:15:11 - [MESSAGE][PASSED] - Object: 'Object Repository/1. Constant/xpath' is clicked on

2022-06-17 19:15:14 - [MESSAGE][PASSED] - Delayed 3 second(s)

2022-06-17 19:15:14 - [TEST_STEP][PASSED] - I.Login_password("adelamatanieves", password_adelamatanieves): Object: 'Object Repository/1. Constant/xpath' is clicked on

2022-06-17 19:15:14 - [MESSAGE][PASSED] - Text 'adelamatanieves' is set on object 'Object Repository/1. Constant/xpath'

2022-06-17 19:15:15 - [MESSAGE][PASSED] - Delayed 1 second(s)

2022-06-17 19:15:16 - [MESSAGE][PASSED] - Text 'diadeis' is set on object 'Object Repository/1. Constant/xpath'

2022-06-17 19:15:17 - [MESSAGE][PASSED] - Delayed 1 second(s)

2022-06-17 19:15:22 - [MESSAGE][PASSED] - Object: 'Object Repository/1. Constant/xpath' is clicked on

2022-06-17 19:15:22 - [TEST_STEP][PASSED] - takeScreenshot(): Taking screenshot successfully

2022-06-17 19:15:23 - [MESSAGE][PASSED] - Taking screenshot successfully
[[ATTACHMENT|D:\\Projet Test Auto\\Mediabox Test Automation [Test]\\Reports\\20220617_181206\\z01. Test Suites\\202. TestStarPack Full Lifecycle _Change of Rights_SAS\\20220617_181211\\1655486122888.png]]

2022-06-17 19:15:23 - [TEST_STEP][PASSED] - click(findTestObject("1. Constant/02_LHSMenu_Projects")): Object: 'Object Repository/1. Constant/02_LHSMenu_Projects' is clicked on

2022-06-17 19:15:26 - [MESSAGE][PASSED] - Object: 'Object Repository/1. Constant/02_LHSMenu_Projects' is clicked on

2022-06-17 19:15:26 - [TEST_STEP][PASSED] - I.SearchProjectNo(Project_No, findTestObject("HL Full Lifecycle/9 Filter_Button_Apply")): Delayed 5 second(s)

2022-06-17 19:15:26 - [MESSAGE][PASSED] - Text 'MI000940' is set on object 'Object Repository/1. Constant/xpath'

2022-06-17 19:15:29 - [MESSAGE][PASSED] - Delayed 3 second(s)

2022-06-17 19:15:33 - [MESSAGE][PASSED] - Object: 'Object Repository/HL Full Lifecycle/9 Filter_Button_Apply' is clicked on

2022-06-17 19:15:38 - [MESSAGE][PASSED] - Delayed 5 second(s)

2022-06-17 19:15:38 - [TEST_STEP][PASSED] - click(findTestObject("1. Constant/xpath", ["xpath":"/html/body/div[1]/div[2]/div[4]/div[3]/div/div[2]/div[2]/div[1]/table/tbody/tr[2]/td[10]/a[3]"])): Object: 'Object Repository/1. Constant/xpath' is clicked on

2022-06-17 19:15:41 - [MESSAGE][PASSED] - Object: 'Object Repository/1. Constant/xpath' is clicked on

2022-06-17 19:15:41 - [TEST_STEP][PASSED] - click(findTestObject("Object Repository/StarPack - Full Lifecycle (AWIS)/2.031 RefPg_AnnaSubmit", ["id":"1"])): Object: 'Object Repository/StarPack - Full Lifecycle (AWIS)/2.031 RefPg_AnnaSubmit' is clicked on

2022-06-17 19:15:51 - [MESSAGE][PASSED] - Object: 'Object Repository/StarPack - Full Lifecycle (AWIS)/2.031 RefPg_AnnaSubmit' is clicked on

2022-06-17 19:15:51 - [TEST_STEP][PASSED] - click(findTestObject("Object Repository/StarPack - Full Lifecycle (AWIS)/2.03 Block anna")): Object: 'Object Repository/StarPack - Full Lifecycle (AWIS)/2.03 Block anna' is clicked on

2022-06-17 19:15:55 - [MESSAGE][PASSED] - Object: 'Object Repository/StarPack - Full Lifecycle (AWIS)/2.03 Block anna' is clicked on

2022-06-17 19:15:55 - [TEST_STEP][PASSED] - I.click_button_javascript(findTestObject("1. Constant/xpath", ["xpath":"//*[@id="card_phase_group_2464_ModifFiche"]/div[2]/div[1]/div/div[1]/label[2]"])): Execute JavaScript 'arguments[0].click()' successfully

2022-06-17 19:15:55 - [MESSAGE][PASSED] - Execute JavaScript 'arguments[0].click()' successfully

2022-06-17 19:15:55 - [TEST_STEP][PASSED] - I.click_button_javascript(findTestObject("1. Constant/xpath", ["xpath":"//*[@id="card_phase_group_2464_ModifFiche"]/div[2]/div[2]/div/div[1]/label[2]"])): Execute JavaScript 'arguments[0].click()' successfully

2022-06-17 19:15:55 - [MESSAGE][PASSED] - Execute JavaScript 'arguments[0].click()' successfully

2022-06-17 19:15:55 - [TEST_STEP][PASSED] - I.click_button_javascript(findTestObject("1. Constant/xpath", ["xpath":"//*[@id="card_phase_group_2464_ModifFiche"]/div[2]/div[3]/div/div[1]/label[1]"])): Execute JavaScript 'arguments[0].click()' successfully

2022-06-17 19:15:56 - [MESSAGE][PASSED] - Execute JavaScript 'arguments[0].click()' successfully

2022-06-17 19:15:56 - [TEST_STEP][PASSED] - I.Pagedown(): Execute JavaScript 'window.scrollTo(0, document.body.scrollHeight)' successfully

2022-06-17 19:15:56 - [MESSAGE][PASSED] - Execute JavaScript 'window.scrollTo(0, document.body.scrollHeight)' successfully

2022-06-17 19:15:56 - [TEST_STEP][PASSED] - click(findTestObject("Object Repository/StarPack - Full Lifecycle (AWIS)/2.05 RefPg_submit")): Object: 'Object Repository/StarPack - Full Lifecycle (AWIS)/2.05 RefPg_submit' is clicked on

2022-06-17 19:16:05 - [MESSAGE][PASSED] - Object: 'Object Repository/StarPack - Full Lifecycle (AWIS)/2.05 RefPg_submit' is clicked on

2022-06-17 19:16:05 - [TEST_STEP][PASSED] - delay(2): Delayed 2 second(s)

2022-06-17 19:16:07 - [MESSAGE][PASSED] - Delayed 2 second(s)

2022-06-17 19:16:07 - [TEST_STEP][PASSED] - takeScreenshot(): Taking screenshot successfully

2022-06-17 19:16:08 - [MESSAGE][PASSED] - Taking screenshot successfully
[[ATTACHMENT|D:\\Projet Test Auto\\Mediabox Test Automation [Test]\\Reports\\20220617_181206\\z01. Test Suites\\202. TestStarPack Full Lifecycle _Change of Rights_SAS\\20220617_181211\\1655486167769.png]]

2022-06-17 19:16:08 - [TEST_STEP][PASSED] - I.Logout(): Delayed 3 second(s)

2022-06-17 19:16:11 - [MESSAGE][PASSED] - Delayed 3 second(s)

2022-06-17 19:16:11 - [MESSAGE][PASSED] - Object: 'Object Repository/1. Constant/xpath' is clicked on

2022-06-17 19:16:14 - [MESSAGE][PASSED] - Delayed 3 second(s)

2022-06-17 19:16:16 - [MESSAGE][PASSED] - Object: 'Object Repository/1. Constant/xpath' is clicked on

2022-06-17 19:16:19 - [MESSAGE][PASSED] - Delayed 3 second(s)

2022-06-17 19:16:19 - [TEST_STEP][PASSED] - refID_TD = Integer.parseInt(refID) + 1: null

2022-06-17 19:16:19 - [TEST_STEP][PASSED] - I.Login_password("suser", password_suser): Object: 'Object Repository/1. Constant/xpath' is clicked on

2022-06-17 19:16:20 - [MESSAGE][PASSED] - Text 'suser' is set on object 'Object Repository/1. Constant/xpath'

2022-06-17 19:16:21 - [MESSAGE][PASSED] - Delayed 1 second(s)

2022-06-17 19:16:22 - [MESSAGE][PASSED] - Text 'diadeis' is set on object 'Object Repository/1. Constant/xpath'

2022-06-17 19:16:23 - [MESSAGE][PASSED] - Delayed 1 second(s)

2022-06-17 19:16:26 - [MESSAGE][PASSED] - Object: 'Object Repository/1. Constant/xpath' is clicked on

2022-06-17 19:16:26 - [TEST_STEP][PASSED] - takeScreenshot(): Taking screenshot successfully

2022-06-17 19:16:26 - [MESSAGE][PASSED] - Taking screenshot successfully
[[ATTACHMENT|D:\\Projet Test Auto\\Mediabox Test Automation [Test]\\Reports\\20220617_181206\\z01. Test Suites\\202. TestStarPack Full Lifecycle _Change of Rights_SAS\\20220617_181211\\1655486186142.png]]

2022-06-17 19:16:26 - [TEST_STEP][PASSED] - click(findTestObject("1. Constant/02_LHSMenu_Projects")): Object: 'Object Repository/1. Constant/02_LHSMenu_Projects' is clicked on

2022-06-17 19:16:35 - [MESSAGE][PASSED] - Object: 'Object Repository/1. Constant/02_LHSMenu_Projects' is clicked on

2022-06-17 19:16:35 - [TEST_STEP][PASSED] - I.SearchProjectNo(Project_No, findTestObject("HL Full Lifecycle/9 Filter_Button_Apply")): Delayed 5 second(s)

2022-06-17 19:16:35 - [MESSAGE][PASSED] - Text 'MI000940' is set on object 'Object Repository/1. Constant/xpath'

2022-06-17 19:16:38 - [MESSAGE][PASSED] - Delayed 3 second(s)

2022-06-17 19:16:42 - [MESSAGE][PASSED] - Object: 'Object Repository/HL Full Lifecycle/9 Filter_Button_Apply' is clicked on

2022-06-17 19:16:47 - [MESSAGE][PASSED] - Delayed 5 second(s)

2022-06-17 19:16:47 - [TEST_STEP][PASSED] - color1 = getCSSValue(findTestObject("Object Repository/StarPack - Full Lifecycle (AWIS)/4.012 Supploer proceed to next phase (PS)", ["refID":"source_" + refID_TD]), "color", OPTIONAL): Get CSS 'color' value on 'Object Repository/StarPack - Full Lifecycle (AWIS)/4.012 Supploer proceed to next phase (PS)' successfully: 'rgba(255, 255, 255, 1)'.

2022-06-17 19:16:47 - [MESSAGE][PASSED] - Get CSS 'color' value on 'Object Repository/StarPack - Full Lifecycle (AWIS)/4.012 Supploer proceed to next phase (PS)' successfully: 'rgba(255, 255, 255, 1)'.

2022-06-17 19:16:47 - [TEST_STEP][PASSED] - I.print(color1): null

2022-06-17 19:16:47 - [TEST_STEP][FAILED] - while (color1 == "rgba(255, 255, 255, 1)"): Unable to select option by value '651' of object 'Object Repository/1. Constant/xpath'  (Root cause: com.kms.katalon.core.exception.StepFailedException: Unable to select option by value '651' of object 'Object Repository/1. Constant/xpath' 
	at com.kms.katalon.core.webui.keyword.internal.WebUIKeywordMain.stepFailed(WebUIKeywordMain.groovy:64)
	at com.kms.katalon.core.webui.keyword.internal.WebUIKeywordMain.runKeyword(WebUIKeywordMain.groovy:26)
	at com.kms.katalon.core.webui.keyword.builtin.SelectOptionByValueKeyword.selectOptionByValue(SelectOptionByValueKeyword.groovy:99)
	at com.kms.katalon.core.webui.keyword.builtin.SelectOptionByValueKeyword.execute(SelectOptionByValueKeyword.groovy:71)
	at com.kms.katalon.core.keyword.internal.KeywordExecutor.executeKeywordForPlatform(KeywordExecutor.groovy:74)
	at com.kms.katalon.core.webui.keyword.WebUiBuiltInKeywords.selectOptionByValue(WebUiBuiltInKeywords.groovy:1168)
	at com.kms.katalon.core.webui.keyword.WebUiBuiltInKeywords$selectOptionByValue$5.call(Unknown Source)
	at 202.07 TestStarPack change of rights (Prod)_Ticket4757.run(202.07 TestStarPack change of rights (Prod)_Ticket4757:397)
	at com.kms.katalon.core.main.ScriptEngine.run(ScriptEngine.java:194)
	at com.kms.katalon.core.main.ScriptEngine.runScriptAsRawText(ScriptEngine.java:119)
	at com.kms.katalon.core.main.TestCaseExecutor.runScript(TestCaseExecutor.java:445)
	at com.kms.katalon.core.main.TestCaseExecutor.doExecute(TestCaseExecutor.java:436)
	at com.kms.katalon.core.main.TestCaseExecutor.processExecutionPhase(TestCaseExecutor.java:415)
	at com.kms.katalon.core.main.TestCaseExecutor.accessMainPhase(TestCaseExecutor.java:407)
	at com.kms.katalon.core.main.TestCaseExecutor.execute(TestCaseExecutor.java:284)
	at com.kms.katalon.core.common.CommonExecutor.accessTestCaseMainPhase(CommonExecutor.java:65)
	at com.kms.katalon.core.main.TestSuiteExecutor.accessTestSuiteMainPhase(TestSuiteExecutor.java:144)
	at com.kms.katalon.core.main.TestSuiteExecutor.execute(TestSuiteExecutor.java:106)
	at com.kms.katalon.core.main.TestCaseMain.startTestSuite(TestCaseMain.java:185)
	at com.kms.katalon.core.main.TestCaseMain$startTestSuite$0.call(Unknown Source)
	at TempTestSuite1655482331260.run(TempTestSuite1655482331260.groovy:36)
Caused by: com.kms.katalon.core.webui.exception.WebElementNotFoundException: Web element with id: 'Object Repository/1. Constant/xpath' located by '//*[@id="var_27"]' not found
	at com.kms.katalon.core.webui.common.WebUiCommonHelper.findWebElement(WebUiCommonHelper.java:1370)
	at com.kms.katalon.core.webui.keyword.internal.WebUIAbstractKeyword.findWebElement(WebUIAbstractKeyword.groovy:27)
	at com.kms.katalon.core.webui.keyword.internal.WebUIAbstractKeyword.findWebElement(WebUIAbstractKeyword.groovy:26)
	at com.kms.katalon.core.webui.keyword.builtin.SelectOptionByValueKeyword$_selectOptionByValue_closure1.doCall(SelectOptionByValueKeyword.groovy:86)
	at com.kms.katalon.core.webui.keyword.builtin.SelectOptionByValueKeyword$_selectOptionByValue_closure1.call(SelectOptionByValueKeyword.groovy)
	at com.kms.katalon.core.webui.keyword.internal.WebUIKeywordMain.runKeyword(WebUIKeywordMain.groovy:20)
	at com.kms.katalon.core.webui.keyword.builtin.SelectOptionByValueKeyword.selectOptionByValue(SelectOptionByValueKeyword.groovy:99)
	at com.kms.katalon.core.webui.keyword.builtin.SelectOptionByValueKeyword.execute(SelectOptionByValueKeyword.groovy:71)
	at com.kms.katalon.core.keyword.internal.KeywordExecutor.executeKeywordForPlatform(KeywordExecutor.groovy:74)
	at com.kms.katalon.core.webui.keyword.WebUiBuiltInKeywords.selectOptionByValue(WebUiBuiltInKeywords.groovy:1168)
	at com.kms.katalon.core.webui.keyword.WebUiBuiltInKeywords$selectOptionByValue$5.call(Unknown Source)
	at Script1655480497748.run(Script1655480497748.groovy:397)
	... 13 more
)

2022-06-17 19:16:47 - [TEST_STEP][PASSED] - click(findTestObject("Object Repository/StarPack - Full Lifecycle (AWIS)/4.012 Supploer proceed to next phase (PS)", ["refID":"source_" + refID_TD])): Object: 'Object Repository/StarPack - Full Lifecycle (AWIS)/4.012 Supploer proceed to next phase (PS)' is clicked on

2022-06-17 19:16:49 - [MESSAGE][PASSED] - Object: 'Object Repository/StarPack - Full Lifecycle (AWIS)/4.012 Supploer proceed to next phase (PS)' is clicked on

2022-06-17 19:16:49 - [TEST_STEP][PASSED] - takeScreenshot(): Taking screenshot successfully

2022-06-17 19:16:49 - [MESSAGE][PASSED] - Taking screenshot successfully
[[ATTACHMENT|D:\\Projet Test Auto\\Mediabox Test Automation [Test]\\Reports\\20220617_181206\\z01. Test Suites\\202. TestStarPack Full Lifecycle _Change of Rights_SAS\\20220617_181211\\1655486209442.png]]

2022-06-17 19:16:49 - [TEST_STEP][PASSED] - I.UploadDoc_sendkey_Prod(findTestObject("1. Constant/xpath", ["xpath":"//*[@id="kt_body"]/input[2]"]), "D:\Upoad_File\Upload doc\testdataaddition1.jpg", "testdataaddition1.jpg"): Delayed 5 second(s)

2022-06-17 19:16:49 - [MESSAGE][PASSED] - Scroll to object 'Object Repository/1. Constant/xpath' successfully

2022-06-17 19:16:54 - [MESSAGE][PASSED] - Delayed 5 second(s)

2022-06-17 19:16:55 - [MESSAGE][PASSED] - File 'D:\Upoad_File\Upload doc\testdataaddition1.jpg' sent to object: 'Object Repository/1. Constant/xpath'

2022-06-17 19:17:00 - [MESSAGE][PASSED] - Delayed 5 second(s)

2022-06-17 19:17:00 - [MESSAGE][PASSED] - Text 'testdataaddition1.jpg' is present on page 

2022-06-17 19:17:05 - [MESSAGE][PASSED] - Delayed 5 second(s)

2022-06-17 19:17:10 - [MESSAGE][PASSED] - Delayed 5 second(s)

2022-06-17 19:17:10 - [TEST_STEP][PASSED] - takeScreenshot(): Taking screenshot successfully

2022-06-17 19:17:10 - [MESSAGE][PASSED] - Taking screenshot successfully
[[ATTACHMENT|D:\\Projet Test Auto\\Mediabox Test Automation [Test]\\Reports\\20220617_181206\\z01. Test Suites\\202. TestStarPack Full Lifecycle _Change of Rights_SAS\\20220617_181211\\1655486230642.png]]

2022-06-17 19:17:10 - [TEST_STEP][PASSED] - delay(10): Delayed 10 second(s)

2022-06-17 19:17:20 - [MESSAGE][PASSED] - Delayed 10 second(s)

2022-06-17 19:17:20 - [TEST_STEP][FAILED] - selectOptionByValue(findTestObject("1. Constant/xpath", ["xpath":"//*[@id="var_27"]"]), "651", false): Unable to select option by value '651' of object 'Object Repository/1. Constant/xpath'  (Root cause: com.kms.katalon.core.exception.StepFailedException: Unable to select option by value '651' of object 'Object Repository/1. Constant/xpath' 
	at com.kms.katalon.core.webui.keyword.internal.WebUIKeywordMain.stepFailed(WebUIKeywordMain.groovy:64)
	at com.kms.katalon.core.webui.keyword.internal.WebUIKeywordMain.runKeyword(WebUIKeywordMain.groovy:26)
	at com.kms.katalon.core.webui.keyword.builtin.SelectOptionByValueKeyword.selectOptionByValue(SelectOptionByValueKeyword.groovy:99)
	at com.kms.katalon.core.webui.keyword.builtin.SelectOptionByValueKeyword.execute(SelectOptionByValueKeyword.groovy:71)
	at com.kms.katalon.core.keyword.internal.KeywordExecutor.executeKeywordForPlatform(KeywordExecutor.groovy:74)
	at com.kms.katalon.core.webui.keyword.WebUiBuiltInKeywords.selectOptionByValue(WebUiBuiltInKeywords.groovy:1168)
	at com.kms.katalon.core.webui.keyword.WebUiBuiltInKeywords$selectOptionByValue$5.call(Unknown Source)
	at 202.07 TestStarPack change of rights (Prod)_Ticket4757.run(202.07 TestStarPack change of rights (Prod)_Ticket4757:397)
	at com.kms.katalon.core.main.ScriptEngine.run(ScriptEngine.java:194)
	at com.kms.katalon.core.main.ScriptEngine.runScriptAsRawText(ScriptEngine.java:119)
	at com.kms.katalon.core.main.TestCaseExecutor.runScript(TestCaseExecutor.java:445)
	at com.kms.katalon.core.main.TestCaseExecutor.doExecute(TestCaseExecutor.java:436)
	at com.kms.katalon.core.main.TestCaseExecutor.processExecutionPhase(TestCaseExecutor.java:415)
	at com.kms.katalon.core.main.TestCaseExecutor.accessMainPhase(TestCaseExecutor.java:407)
	at com.kms.katalon.core.main.TestCaseExecutor.execute(TestCaseExecutor.java:284)
	at com.kms.katalon.core.common.CommonExecutor.accessTestCaseMainPhase(CommonExecutor.java:65)
	at com.kms.katalon.core.main.TestSuiteExecutor.accessTestSuiteMainPhase(TestSuiteExecutor.java:144)
	at com.kms.katalon.core.main.TestSuiteExecutor.execute(TestSuiteExecutor.java:106)
	at com.kms.katalon.core.main.TestCaseMain.startTestSuite(TestCaseMain.java:185)
	at com.kms.katalon.core.main.TestCaseMain$startTestSuite$0.call(Unknown Source)
	at TempTestSuite1655482331260.run(TempTestSuite1655482331260.groovy:36)
Caused by: com.kms.katalon.core.webui.exception.WebElementNotFoundException: Web element with id: 'Object Repository/1. Constant/xpath' located by '//*[@id="var_27"]' not found
	at com.kms.katalon.core.webui.common.WebUiCommonHelper.findWebElement(WebUiCommonHelper.java:1370)
	at com.kms.katalon.core.webui.keyword.internal.WebUIAbstractKeyword.findWebElement(WebUIAbstractKeyword.groovy:27)
	at com.kms.katalon.core.webui.keyword.internal.WebUIAbstractKeyword.findWebElement(WebUIAbstractKeyword.groovy:26)
	at com.kms.katalon.core.webui.keyword.builtin.SelectOptionByValueKeyword$_selectOptionByValue_closure1.doCall(SelectOptionByValueKeyword.groovy:86)
	at com.kms.katalon.core.webui.keyword.builtin.SelectOptionByValueKeyword$_selectOptionByValue_closure1.call(SelectOptionByValueKeyword.groovy)
	at com.kms.katalon.core.webui.keyword.internal.WebUIKeywordMain.runKeyword(WebUIKeywordMain.groovy:20)
	at com.kms.katalon.core.webui.keyword.builtin.SelectOptionByValueKeyword.selectOptionByValue(SelectOptionByValueKeyword.groovy:99)
	at com.kms.katalon.core.webui.keyword.builtin.SelectOptionByValueKeyword.execute(SelectOptionByValueKeyword.groovy:71)
	at com.kms.katalon.core.keyword.internal.KeywordExecutor.executeKeywordForPlatform(KeywordExecutor.groovy:74)
	at com.kms.katalon.core.webui.keyword.WebUiBuiltInKeywords.selectOptionByValue(WebUiBuiltInKeywords.groovy:1168)
	at com.kms.katalon.core.webui.keyword.WebUiBuiltInKeywords$selectOptionByValue$5.call(Unknown Source)
	at Script1655480497748.run(Script1655480497748.groovy:397)
	... 13 more
)

2022-06-17 19:17:52 - [MESSAGE][INFO] - Unable to find the element located by 'By.xpath: //*[@id="var_27"]'. Please recheck the objects properties to make sure the desired element is located. 

2022-06-17 19:17:52 - [MESSAGE][FAILED] - Unable to select option by value '651' of object 'Object Repository/1. Constant/xpath'  (Root cause: com.kms.katalon.core.exception.StepFailedException: Unable to select option by value '651' of object 'Object Repository/1. Constant/xpath' 
	at com.kms.katalon.core.webui.keyword.internal.WebUIKeywordMain.stepFailed(WebUIKeywordMain.groovy:64)
	at com.kms.katalon.core.webui.keyword.internal.WebUIKeywordMain.runKeyword(WebUIKeywordMain.groovy:26)
	at com.kms.katalon.core.webui.keyword.builtin.SelectOptionByValueKeyword.selectOptionByValue(SelectOptionByValueKeyword.groovy:99)
	at com.kms.katalon.core.webui.keyword.builtin.SelectOptionByValueKeyword.execute(SelectOptionByValueKeyword.groovy:71)
	at com.kms.katalon.core.keyword.internal.KeywordExecutor.executeKeywordForPlatform(KeywordExecutor.groovy:74)
	at com.kms.katalon.core.webui.keyword.WebUiBuiltInKeywords.selectOptionByValue(WebUiBuiltInKeywords.groovy:1168)
	at com.kms.katalon.core.webui.keyword.WebUiBuiltInKeywords$selectOptionByValue$5.call(Unknown Source)
	at 202.07 TestStarPack change of rights (Prod)_Ticket4757.run(202.07 TestStarPack change of rights (Prod)_Ticket4757:397)
	at com.kms.katalon.core.main.ScriptEngine.run(ScriptEngine.java:194)
	at com.kms.katalon.core.main.ScriptEngine.runScriptAsRawText(ScriptEngine.java:119)
	at com.kms.katalon.core.main.TestCaseExecutor.runScript(TestCaseExecutor.java:445)
	at com.kms.katalon.core.main.TestCaseExecutor.doExecute(TestCaseExecutor.java:436)
	at com.kms.katalon.core.main.TestCaseExecutor.processExecutionPhase(TestCaseExecutor.java:415)
	at com.kms.katalon.core.main.TestCaseExecutor.accessMainPhase(TestCaseExecutor.java:407)
	at com.kms.katalon.core.main.TestCaseExecutor.execute(TestCaseExecutor.java:284)
	at com.kms.katalon.core.common.CommonExecutor.accessTestCaseMainPhase(CommonExecutor.java:65)
	at com.kms.katalon.core.main.TestSuiteExecutor.accessTestSuiteMainPhase(TestSuiteExecutor.java:144)
	at com.kms.katalon.core.main.TestSuiteExecutor.execute(TestSuiteExecutor.java:106)
	at com.kms.katalon.core.main.TestCaseMain.startTestSuite(TestCaseMain.java:185)
	at com.kms.katalon.core.main.TestCaseMain$startTestSuite$0.call(Unknown Source)
	at TempTestSuite1655482331260.run(TempTestSuite1655482331260.groovy:36)
Caused by: com.kms.katalon.core.webui.exception.WebElementNotFoundException: Web element with id: 'Object Repository/1. Constant/xpath' located by '//*[@id="var_27"]' not found
	at com.kms.katalon.core.webui.common.WebUiCommonHelper.findWebElement(WebUiCommonHelper.java:1370)
	at com.kms.katalon.core.webui.keyword.internal.WebUIAbstractKeyword.findWebElement(WebUIAbstractKeyword.groovy:27)
	at com.kms.katalon.core.webui.keyword.internal.WebUIAbstractKeyword.findWebElement(WebUIAbstractKeyword.groovy:26)
	at com.kms.katalon.core.webui.keyword.builtin.SelectOptionByValueKeyword$_selectOptionByValue_closure1.doCall(SelectOptionByValueKeyword.groovy:86)
	at com.kms.katalon.core.webui.keyword.builtin.SelectOptionByValueKeyword$_selectOptionByValue_closure1.call(SelectOptionByValueKeyword.groovy)
	at com.kms.katalon.core.webui.keyword.internal.WebUIKeywordMain.runKeyword(WebUIKeywordMain.groovy:20)
	at com.kms.katalon.core.webui.keyword.builtin.SelectOptionByValueKeyword.selectOptionByValue(SelectOptionByValueKeyword.groovy:99)
	at com.kms.katalon.core.webui.keyword.builtin.SelectOptionByValueKeyword.execute(SelectOptionByValueKeyword.groovy:71)
	at com.kms.katalon.core.keyword.internal.KeywordExecutor.executeKeywordForPlatform(KeywordExecutor.groovy:74)
	at com.kms.katalon.core.webui.keyword.WebUiBuiltInKeywords.selectOptionByValue(WebUiBuiltInKeywords.groovy:1168)
	at com.kms.katalon.core.webui.keyword.WebUiBuiltInKeywords$selectOptionByValue$5.call(Unknown Source)
	at Script1655480497748.run(Script1655480497748.groovy:397)
	... 13 more
)
[[ATTACHMENT|D:\\Projet Test Auto\\Mediabox Test Automation [Test]\\Reports\\20220617_181206\\z01. Test Suites\\202. TestStarPack Full Lifecycle _Change of Rights_SAS\\20220617_181211\\1655486272032.png]]

2022-06-17 19:17:52 - [TEST_STEP][PASSED] - Start listener action : sampleAfterTestCase: null]]></system-out>
         <system-err><![CDATA[2022-06-17 19:12:47 - [TEST_CASE][FAILED] - Test Cases/202. TestStarPack Full Lifecycle _Change of Rights_SAS/202.07 TestStarPack change of rights (Prod)_Ticket4757: Test Cases/202. TestStarPack Full Lifecycle _Change of Rights_SAS/202.07 TestStarPack change of rights (Prod)_Ticket4757 FAILED.
Reason:
com.kms.katalon.core.exception.StepFailedException: Unable to select option by value '651' of object 'Object Repository/1. Constant/xpath' 
	at com.kms.katalon.core.webui.keyword.internal.WebUIKeywordMain.stepFailed(WebUIKeywordMain.groovy:64)
	at com.kms.katalon.core.webui.keyword.internal.WebUIKeywordMain.runKeyword(WebUIKeywordMain.groovy:26)
	at com.kms.katalon.core.webui.keyword.builtin.SelectOptionByValueKeyword.selectOptionByValue(SelectOptionByValueKeyword.groovy:99)
	at com.kms.katalon.core.webui.keyword.builtin.SelectOptionByValueKeyword.execute(SelectOptionByValueKeyword.groovy:71)
	at com.kms.katalon.core.keyword.internal.KeywordExecutor.executeKeywordForPlatform(KeywordExecutor.groovy:74)
	at com.kms.katalon.core.webui.keyword.WebUiBuiltInKeywords.selectOptionByValue(WebUiBuiltInKeywords.groovy:1168)
	at com.kms.katalon.core.webui.keyword.WebUiBuiltInKeywords$selectOptionByValue$5.call(Unknown Source)
	at 202.07 TestStarPack change of rights (Prod)_Ticket4757.run(202.07 TestStarPack change of rights (Prod)_Ticket4757:397)
	at com.kms.katalon.core.main.ScriptEngine.run(ScriptEngine.java:194)
	at com.kms.katalon.core.main.ScriptEngine.runScriptAsRawText(ScriptEngine.java:119)
	at com.kms.katalon.core.main.TestCaseExecutor.runScript(TestCaseExecutor.java:445)
	at com.kms.katalon.core.main.TestCaseExecutor.doExecute(TestCaseExecutor.java:436)
	at com.kms.katalon.core.main.TestCaseExecutor.processExecutionPhase(TestCaseExecutor.java:415)
	at com.kms.katalon.core.main.TestCaseExecutor.accessMainPhase(TestCaseExecutor.java:407)
	at com.kms.katalon.core.main.TestCaseExecutor.execute(TestCaseExecutor.java:284)
	at com.kms.katalon.core.common.CommonExecutor.accessTestCaseMainPhase(CommonExecutor.java:65)
	at com.kms.katalon.core.main.TestSuiteExecutor.accessTestSuiteMainPhase(TestSuiteExecutor.java:144)
	at com.kms.katalon.core.main.TestSuiteExecutor.execute(TestSuiteExecutor.java:106)
	at com.kms.katalon.core.main.TestCaseMain.startTestSuite(TestCaseMain.java:185)
	at com.kms.katalon.core.main.TestCaseMain$startTestSuite$0.call(Unknown Source)
	at TempTestSuite1655482331260.run(TempTestSuite1655482331260.groovy:36)
Caused by: com.kms.katalon.core.webui.exception.WebElementNotFoundException: Web element with id: 'Object Repository/1. Constant/xpath' located by '//*[@id="var_27"]' not found
	at com.kms.katalon.core.webui.common.WebUiCommonHelper.findWebElement(WebUiCommonHelper.java:1370)
	at com.kms.katalon.core.webui.keyword.internal.WebUIAbstractKeyword.findWebElement(WebUIAbstractKeyword.groovy:27)
	at com.kms.katalon.core.webui.keyword.internal.WebUIAbstractKeyword.findWebElement(WebUIAbstractKeyword.groovy:26)
	at com.kms.katalon.core.webui.keyword.builtin.SelectOptionByValueKeyword$_selectOptionByValue_closure1.doCall(SelectOptionByValueKeyword.groovy:86)
	at com.kms.katalon.core.webui.keyword.builtin.SelectOptionByValueKeyword$_selectOptionByValue_closure1.call(SelectOptionByValueKeyword.groovy)
	at com.kms.katalon.core.webui.keyword.internal.WebUIKeywordMain.runKeyword(WebUIKeywordMain.groovy:20)
	... 19 more]]></system-err>
      </testcase>
      <system-out><![CDATA[2022-06-17 18:26:52 - [TEST_SUITE][ERROR] - 202. TestStarPack Full Lifecycle _Change of Rights_SAS: Test Cases/202. TestStarPack Full Lifecycle _Change of Rights_SAS/202.03 TestStarpack Support action (Completed ref) Existing ref 202.01_202.02_ P3 FAILED.
Reason:
java.io.FileNotFoundException: File 'D:\Upoad_File\zTest_Auto\Test_Projet_ Login\StarPack.01 StarPack _Project_No\202.01_StarPack_ProjectNo.txt' does not exist
	at org.apache.commons.io.FileUtils.openInputStream(FileUtils.java:297)
	at org.apache.commons.io.FileUtils.readFileToString(FileUtils.java:1805)
	at org.apache.commons.io.FileUtils.readFileToString(FileUtils.java:1838)
	at org.apache.commons.io.FileUtils$readFileToString.call(Unknown Source)
	at functions.I.readnotepad(I.groovy:1181)
	at functions.I$readnotepad$19.call(Unknown Source)
	at 202.03 TestStarpack Support action (Completed ref) Existing ref 202.01_202.02_ P3.run(202.03 TestStarpack Support action (Completed ref) Existing ref 202.01_202.02_ P3:33)
	at com.kms.katalon.core.main.ScriptEngine.run(ScriptEngine.java:194)
	at com.kms.katalon.core.main.ScriptEngine.runScriptAsRawText(ScriptEngine.java:119)
	at com.kms.katalon.core.main.TestCaseExecutor.runScript(TestCaseExecutor.java:445)
	at com.kms.katalon.core.main.TestCaseExecutor.doExecute(TestCaseExecutor.java:436)
	at com.kms.katalon.core.main.TestCaseExecutor.processExecutionPhase(TestCaseExecutor.java:415)
	at com.kms.katalon.core.main.TestCaseExecutor.accessMainPhase(TestCaseExecutor.java:407)
	at com.kms.katalon.core.main.TestCaseExecutor.execute(TestCaseExecutor.java:284)
	at com.kms.katalon.core.common.CommonExecutor.accessTestCaseMainPhase(CommonExecutor.java:65)
	at com.kms.katalon.core.main.TestSuiteExecutor.accessTestSuiteMainPhase(TestSuiteExecutor.java:144)
	at com.kms.katalon.core.main.TestSuiteExecutor.execute(TestSuiteExecutor.java:106)
	at com.kms.katalon.core.main.TestCaseMain.startTestSuite(TestCaseMain.java:185)
	at com.kms.katalon.core.main.TestCaseMain$startTestSuite$0.call(Unknown Source)
	at TempTestSuite1655482331260.run(TempTestSuite1655482331260.groovy:36)]]></system-out>
      <system-err><![CDATA[2022-06-17 18:26:52 - [TEST_SUITE][ERROR] - 202. TestStarPack Full Lifecycle _Change of Rights_SAS: Test Cases/202. TestStarPack Full Lifecycle _Change of Rights_SAS/202.03 TestStarpack Support action (Completed ref) Existing ref 202.01_202.02_ P3 FAILED.
Reason:
java.io.FileNotFoundException: File 'D:\Upoad_File\zTest_Auto\Test_Projet_ Login\StarPack.01 StarPack _Project_No\202.01_StarPack_ProjectNo.txt' does not exist
	at org.apache.commons.io.FileUtils.openInputStream(FileUtils.java:297)
	at org.apache.commons.io.FileUtils.readFileToString(FileUtils.java:1805)
	at org.apache.commons.io.FileUtils.readFileToString(FileUtils.java:1838)
	at org.apache.commons.io.FileUtils$readFileToString.call(Unknown Source)
	at functions.I.readnotepad(I.groovy:1181)
	at functions.I$readnotepad$19.call(Unknown Source)
	at 202.03 TestStarpack Support action (Completed ref) Existing ref 202.01_202.02_ P3.run(202.03 TestStarpack Support action (Completed ref) Existing ref 202.01_202.02_ P3:33)
	at com.kms.katalon.core.main.ScriptEngine.run(ScriptEngine.java:194)
	at com.kms.katalon.core.main.ScriptEngine.runScriptAsRawText(ScriptEngine.java:119)
	at com.kms.katalon.core.main.TestCaseExecutor.runScript(TestCaseExecutor.java:445)
	at com.kms.katalon.core.main.TestCaseExecutor.doExecute(TestCaseExecutor.java:436)
	at com.kms.katalon.core.main.TestCaseExecutor.processExecutionPhase(TestCaseExecutor.java:415)
	at com.kms.katalon.core.main.TestCaseExecutor.accessMainPhase(TestCaseExecutor.java:407)
	at com.kms.katalon.core.main.TestCaseExecutor.execute(TestCaseExecutor.java:284)
	at com.kms.katalon.core.common.CommonExecutor.accessTestCaseMainPhase(CommonExecutor.java:65)
	at com.kms.katalon.core.main.TestSuiteExecutor.accessTestSuiteMainPhase(TestSuiteExecutor.java:144)
	at com.kms.katalon.core.main.TestSuiteExecutor.execute(TestSuiteExecutor.java:106)
	at com.kms.katalon.core.main.TestCaseMain.startTestSuite(TestCaseMain.java:185)
	at com.kms.katalon.core.main.TestCaseMain$startTestSuite$0.call(Unknown Source)
	at TempTestSuite1655482331260.run(TempTestSuite1655482331260.groovy:36)]]></system-err>
   </testsuite>
</testsuites>
