<?xml version="1.0" encoding="UTF-8"?>
<testsuites name="203. TestStarpack _ Tag Mediabase" time="181.913" tests="2" failures="0" errors="0">
   <testsuite name="203. TestStarpack _ Tag Mediabase" tests="2" failures="0" errors="0" time="181.913" skipped="0" timestamp="2022-06-20 16:22:59" hostname="lamhe - DPF-MBI-VERIF.ad.sgsco.int" id="Test Suites/z01. Test Suites/203. TestStarpack _ Tag Mediabase">
      <properties>
         <property name="deviceName" value=""/>
         <property name="devicePlatform" value=""/>
         <property name="logFolder" value="D:\\Projet Test Auto\\Mediabox Test Automation [Test]\\Reports\\20220620_162249\\z01. Test Suites\\203. TestStarpack _ Tag Mediabase\\20220620_162250"/>
         <property name="logFiles" value="D:\\Projet Test Auto\\Mediabox Test Automation [Test]\\Reports\\20220620_162249\\z01. Test Suites\\203. TestStarpack _ Tag Mediabase\\20220620_162250\\execution0.log"/>
         <property name="attachments" value="D:\\Projet Test Auto\\Mediabox Test Automation [Test]\\Reports\\20220620_162249\\z01. Test Suites\\203. TestStarpack _ Tag Mediabase\\20220620_162250\\1655734997394.png, D:\\Projet Test Auto\\Mediabox Test Automation [Test]\\Reports\\20220620_162249\\z01. Test Suites\\203. TestStarpack _ Tag Mediabase\\20220620_162250\\1655735007435.png, D:\\Projet Test Auto\\Mediabox Test Automation [Test]\\Reports\\20220620_162249\\z01. Test Suites\\203. TestStarpack _ Tag Mediabase\\20220620_162250\\1655735009831.png, D:\\Projet Test Auto\\Mediabox Test Automation [Test]\\Reports\\20220620_162249\\z01. Test Suites\\203. TestStarpack _ Tag Mediabase\\20220620_162250\\1655735010967.png, D:\\Projet Test Auto\\Mediabox Test Automation [Test]\\Reports\\20220620_162249\\z01. Test Suites\\203. TestStarpack _ Tag Mediabase\\20220620_162250\\1655735011728.png, D:\\Projet Test Auto\\Mediabox Test Automation [Test]\\Reports\\20220620_162249\\z01. Test Suites\\203. TestStarpack _ Tag Mediabase\\20220620_162250\\1655735015987.png, D:\\Projet Test Auto\\Mediabox Test Automation [Test]\\Reports\\20220620_162249\\z01. Test Suites\\203. TestStarpack _ Tag Mediabase\\20220620_162250\\1655735018223.png, D:\\Projet Test Auto\\Mediabox Test Automation [Test]\\Reports\\20220620_162249\\z01. Test Suites\\203. TestStarpack _ Tag Mediabase\\20220620_162250\\1655735019470.png, D:\\Projet Test Auto\\Mediabox Test Automation [Test]\\Reports\\20220620_162249\\z01. Test Suites\\203. TestStarpack _ Tag Mediabase\\20220620_162250\\1655735020144.png, D:\\Projet Test Auto\\Mediabox Test Automation [Test]\\Reports\\20220620_162249\\z01. Test Suites\\203. TestStarpack _ Tag Mediabase\\20220620_162250\\1655735026476.png, D:\\Projet Test Auto\\Mediabox Test Automation [Test]\\Reports\\20220620_162249\\z01. Test Suites\\203. TestStarpack _ Tag Mediabase\\20220620_162250\\1655735027116.png, D:\\Projet Test Auto\\Mediabox Test Automation [Test]\\Reports\\20220620_162249\\z01. Test Suites\\203. TestStarpack _ Tag Mediabase\\20220620_162250\\1655735031087.png, D:\\Projet Test Auto\\Mediabox Test Automation [Test]\\Reports\\20220620_162249\\z01. Test Suites\\203. TestStarpack _ Tag Mediabase\\20220620_162250\\1655735032396.png, D:\\Projet Test Auto\\Mediabox Test Automation [Test]\\Reports\\20220620_162249\\z01. Test Suites\\203. TestStarpack _ Tag Mediabase\\20220620_162250\\1655735036268.png, D:\\Projet Test Auto\\Mediabox Test Automation [Test]\\Reports\\20220620_162249\\z01. Test Suites\\203. TestStarpack _ Tag Mediabase\\20220620_162250\\1655735039907.png, D:\\Projet Test Auto\\Mediabox Test Automation [Test]\\Reports\\20220620_162249\\z01. Test Suites\\203. TestStarpack _ Tag Mediabase\\20220620_162250\\1655735040960.png, D:\\Projet Test Auto\\Mediabox Test Automation [Test]\\Reports\\20220620_162249\\z01. Test Suites\\203. TestStarpack _ Tag Mediabase\\20220620_162250\\1655735042372.png, D:\\Projet Test Auto\\Mediabox Test Automation [Test]\\Reports\\20220620_162249\\z01. Test Suites\\203. TestStarpack _ Tag Mediabase\\20220620_162250\\1655735043955.png, D:\\Projet Test Auto\\Mediabox Test Automation [Test]\\Reports\\20220620_162249\\z01. Test Suites\\203. TestStarpack _ Tag Mediabase\\20220620_162250\\1655735046951.png, D:\\Projet Test Auto\\Mediabox Test Automation [Test]\\Reports\\20220620_162249\\z01. Test Suites\\203. TestStarpack _ Tag Mediabase\\20220620_162250\\1655735048646.png, D:\\Projet Test Auto\\Mediabox Test Automation [Test]\\Reports\\20220620_162249\\z01. Test Suites\\203. TestStarpack _ Tag Mediabase\\20220620_162250\\1655735058446.png, D:\\Projet Test Auto\\Mediabox Test Automation [Test]\\Reports\\20220620_162249\\z01. Test Suites\\203. TestStarpack _ Tag Mediabase\\20220620_162250\\1655735060462.png, D:\\Projet Test Auto\\Mediabox Test Automation [Test]\\Reports\\20220620_162249\\z01. Test Suites\\203. TestStarpack _ Tag Mediabase\\20220620_162250\\1655735076089.png, D:\\Projet Test Auto\\Mediabox Test Automation [Test]\\Reports\\20220620_162249\\z01. Test Suites\\203. TestStarpack _ Tag Mediabase\\20220620_162250\\1655735080064.png, D:\\Projet Test Auto\\Mediabox Test Automation [Test]\\Reports\\20220620_162249\\z01. Test Suites\\203. TestStarpack _ Tag Mediabase\\20220620_162250\\1655735101275.png, D:\\Projet Test Auto\\Mediabox Test Automation [Test]\\Reports\\20220620_162249\\z01. Test Suites\\203. TestStarpack _ Tag Mediabase\\20220620_162250\\1655735109021.png, D:\\Projet Test Auto\\Mediabox Test Automation [Test]\\Reports\\20220620_162249\\z01. Test Suites\\203. TestStarpack _ Tag Mediabase\\20220620_162250\\1655735112416.png, D:\\Projet Test Auto\\Mediabox Test Automation [Test]\\Reports\\20220620_162249\\z01. Test Suites\\203. TestStarpack _ Tag Mediabase\\20220620_162250\\1655735159535.png, D:\\Projet Test Auto\\Mediabox Test Automation [Test]\\Reports\\20220620_162249\\z01. Test Suites\\203. TestStarpack _ Tag Mediabase\\20220620_162250\\1655735160541.png"/>
         <property name="hostName" value="lamhe - DPF-MBI-VERIF.ad.sgsco.int"/>
         <property name="os" value="Windows 10 64bit"/>
         <property name="katalonVersion" value="8.3.0.208"/>
         <property name="browser" value="Chrome 102.0.5005.115"/>
         <property name="hostAddress" value="10.15.10.53"/>
         <property name="sessionId" value="50945e355feacf384cb3326f663a1c84"/>
         <property name="seleniumVersion" value="3.141.59"/>
         <property name="proxyInformation" value="ProxyInformation { proxyOption=NO_PROXY, proxyServerType=HTTP, username=, password=********, proxyServerAddress=, proxyServerPort=0, executionList=&quot;&quot;, isApplyToDesiredCapabilities=true }"/>
         <property name="platform" value="Windows 10"/>
      </properties>
      <testcase name="Test Cases/203. TestStarpack _ Tag Mediabase/203.01 TestStarpack Mediabase Selection" time="81.33" classname="Test Cases/203. TestStarpack _ Tag Mediabase/203.01 TestStarpack Mediabase Selection" status="PASSED">
         <system-out><![CDATA[2022-06-20 16:23:00 - [TEST_CASE][PASSED] - Test Cases/203. TestStarpack _ Tag Mediabase/203.01 TestStarpack Mediabase Selection: Test Cases/203. TestStarpack _ Tag Mediabase/203.01 TestStarpack Mediabase Selection

2022-06-20 16:23:01 - [TEST_STEP][PASSED] - data = findTestData("Data Files/Username_Password/Test_Starpack"): null

2022-06-20 16:23:01 - [TEST_STEP][PASSED] - password_suser = data.getValue(2, 1): null

2022-06-20 16:23:01 - [TEST_STEP][PASSED] - data_urlTestAUTO = findTestData("Data Files/URL/URL_testauto"): null

2022-06-20 16:23:01 - [TEST_STEP][PASSED] - Url_Starpack = data_urlTestAUTO.getValue(2, 2): null

2022-06-20 16:23:01 - [TEST_STEP][PASSED] - log = new com.kms.katalon.core.logging.KeywordLogger(): null

2022-06-20 16:23:01 - [TEST_STEP][PASSED] - openBrowser(Url_Starpack): Browser is opened with url: 'https://mdb-v3-test.diadeis.com/MediaboxIndependence/?MBI_datasource=RELTEST_STARPACK'

2022-06-20 16:23:02 - [MESSAGE][INFO] - Starting 'Chrome (headless)' driver

2022-06-20 16:23:02 - [MESSAGE][INFO] - User set preference: ['args', '[--window-size=1920,1080, --headless]']

2022-06-20 16:23:02 - [MESSAGE][INFO] - Action delay is set to 0 milliseconds

2022-06-20 16:23:09 - [MESSAGE][PASSED] - Browser is opened with url: 'https://mdb-v3-test.diadeis.com/MediaboxIndependence/?MBI_datasource=RELTEST_STARPACK'

2022-06-20 16:23:09 - [TEST_STEP][PASSED] - maximizeWindow(): Current window maximized

2022-06-20 16:23:10 - [MESSAGE][PASSED] - Current window maximized

2022-06-20 16:23:10 - [TEST_STEP][PASSED] - I.Login_password("suser", password_suser): Object: 'Object Repository/1. Constant/xpath' is clicked on

2022-06-20 16:23:11 - [MESSAGE][PASSED] - Text 'suser' is set on object 'Object Repository/1. Constant/xpath'

2022-06-20 16:23:12 - [MESSAGE][PASSED] - Delayed 1 second(s)

2022-06-20 16:23:12 - [MESSAGE][PASSED] - Text 'diadeis' is set on object 'Object Repository/1. Constant/xpath'

2022-06-20 16:23:13 - [MESSAGE][PASSED] - Delayed 1 second(s)

2022-06-20 16:23:17 - [MESSAGE][PASSED] - Object: 'Object Repository/1. Constant/xpath' is clicked on

2022-06-20 16:23:17 - [TEST_STEP][PASSED] - takeScreenshot(): Taking screenshot successfully

2022-06-20 16:23:17 - [MESSAGE][PASSED] - Taking screenshot successfully
[[ATTACHMENT|D:\\Projet Test Auto\\Mediabox Test Automation [Test]\\Reports\\20220620_162249\\z01. Test Suites\\203. TestStarpack _ Tag Mediabase\\20220620_162250\\1655734997394.png]]

2022-06-20 16:23:17 - [TEST_STEP][PASSED] - click(findTestObject("Object Repository/Starpack Mediabase/Starpack Mediabase id_menu_medibase_tab_1a")): Object: 'Object Repository/Starpack Mediabase/Starpack Mediabase id_menu_medibase_tab_1a' is clicked on

2022-06-20 16:23:27 - [MESSAGE][PASSED] - Object: 'Object Repository/Starpack Mediabase/Starpack Mediabase id_menu_medibase_tab_1a' is clicked on

2022-06-20 16:23:27 - [TEST_STEP][PASSED] - takeScreenshot(): Taking screenshot successfully

2022-06-20 16:23:27 - [MESSAGE][PASSED] - Taking screenshot successfully
[[ATTACHMENT|D:\\Projet Test Auto\\Mediabox Test Automation [Test]\\Reports\\20220620_162249\\z01. Test Suites\\203. TestStarpack _ Tag Mediabase\\20220620_162250\\1655735007435.png]]

2022-06-20 16:23:27 - [TEST_STEP][PASSED] - click(findTestObject("1. Constant/xpath", ["xpath":"//*[@id="mediabase-panel-cards"]/div/div[1]/div/div[1]/div/a"])): Object: 'Object Repository/1. Constant/xpath' is clicked on

2022-06-20 16:23:29 - [MESSAGE][PASSED] - Object: 'Object Repository/1. Constant/xpath' is clicked on

2022-06-20 16:23:29 - [TEST_STEP][PASSED] - takeScreenshot(): Taking screenshot successfully

2022-06-20 16:23:30 - [MESSAGE][PASSED] - Taking screenshot successfully
[[ATTACHMENT|D:\\Projet Test Auto\\Mediabox Test Automation [Test]\\Reports\\20220620_162249\\z01. Test Suites\\203. TestStarpack _ Tag Mediabase\\20220620_162250\\1655735009831.png]]

2022-06-20 16:23:30 - [TEST_STEP][PASSED] - value_title1 = getText(findTestObject("1. Constant/xpath", ["xpath":"/html/body/div/div[4]/div[3]/div[3]/div[2]/div/div/div[1]/div[1]/div/div[2]/div/div[1]/div/div[2]/h3/label"])): Text of object 'Object Repository/1. Constant/xpath' is: 'MILK_PORTUGAL.pdf'

2022-06-20 16:23:30 - [MESSAGE][PASSED] - Text of object 'Object Repository/1. Constant/xpath' is: 'MILK_PORTUGAL.pdf'

2022-06-20 16:23:30 - [TEST_STEP][PASSED] - I.print("value for the doc - " + value_title1): null

2022-06-20 16:23:30 - [TEST_STEP][PASSED] - value_selection_no1 = getText(findTestObject("1. Constant/xpath", ["xpath":"//*[@id="mediabase-basket"]/div[1]/div[1]/h1"])): Text of object 'Object Repository/1. Constant/xpath' is: 'Selection (0)'

2022-06-20 16:23:30 - [MESSAGE][PASSED] - Text of object 'Object Repository/1. Constant/xpath' is: 'Selection (0)'

2022-06-20 16:23:30 - [TEST_STEP][PASSED] - I.print("Value for selection no:" + value_selection_no1): null

2022-06-20 16:23:30 - [TEST_STEP][PASSED] - expected_selected1 = "Selection (0)": null

2022-06-20 16:23:30 - [TEST_STEP][PASSED] - verifyEqual(value_selection_no1, expected_selected1): Actual object 'Selection (0)' and expected object 'Selection (0)' are equal

2022-06-20 16:23:30 - [MESSAGE][PASSED] - Actual object 'Selection (0)' and expected object 'Selection (0)' are equal

2022-06-20 16:23:30 - [TEST_STEP][PASSED] - mouseOver(findTestObject("1. Constant/xpath", ["xpath":"/html/body/div/div[4]/div[3]/div[3]/div[2]/div/div/div[1]/div[1]/div/div[2]/div/div[1]/div/div[1]"])): Object: 'Object Repository/1. Constant/xpath' is hovered

2022-06-20 16:23:30 - [MESSAGE][PASSED] - Object: 'Object Repository/1. Constant/xpath' is hovered

2022-06-20 16:23:30 - [TEST_STEP][PASSED] - takeScreenshot(): Taking screenshot successfully

2022-06-20 16:23:31 - [MESSAGE][PASSED] - Taking screenshot successfully
[[ATTACHMENT|D:\\Projet Test Auto\\Mediabox Test Automation [Test]\\Reports\\20220620_162249\\z01. Test Suites\\203. TestStarpack _ Tag Mediabase\\20220620_162250\\1655735010967.png]]

2022-06-20 16:23:31 - [TEST_STEP][PASSED] - mouseOver(findTestObject("1. Constant/xpath", ["xpath":"/html/body/div[1]/div[4]/div[3]/div[3]/div[2]/div/div/div[1]/div[1]/div/div[2]/div/div[1]/div/div[1]/div[2]/div/a[1]"])): Object: 'Object Repository/1. Constant/xpath' is hovered

2022-06-20 16:23:31 - [MESSAGE][PASSED] - Object: 'Object Repository/1. Constant/xpath' is hovered

2022-06-20 16:23:31 - [TEST_STEP][PASSED] - takeScreenshot(): Taking screenshot successfully

2022-06-20 16:23:32 - [MESSAGE][PASSED] - Taking screenshot successfully
[[ATTACHMENT|D:\\Projet Test Auto\\Mediabox Test Automation [Test]\\Reports\\20220620_162249\\z01. Test Suites\\203. TestStarpack _ Tag Mediabase\\20220620_162250\\1655735011728.png]]

2022-06-20 16:23:32 - [TEST_STEP][PASSED] - value1 = getText(findTestObject("1. Constant/xpath", ["xpath":"/html/body/div[2]/div[2]"])): Text of object 'Object Repository/1. Constant/xpath' is: 'Select'

2022-06-20 16:23:32 - [MESSAGE][PASSED] - Text of object 'Object Repository/1. Constant/xpath' is: 'Select'

2022-06-20 16:23:32 - [TEST_STEP][PASSED] - verifyEqual(value1, "Select"): Actual object 'Select' and expected object 'Select' are equal

2022-06-20 16:23:32 - [MESSAGE][PASSED] - Actual object 'Select' and expected object 'Select' are equal

2022-06-20 16:23:32 - [TEST_STEP][PASSED] - verifyElementClickable(findTestObject("1. Constant/xpath", ["xpath":"/html/body/div[2]/div[2]"])): Object 'Object Repository/1. Constant/xpath' is clickable

2022-06-20 16:23:33 - [MESSAGE][PASSED] - Object 'Object Repository/1. Constant/xpath' is clickable

2022-06-20 16:23:33 - [TEST_STEP][PASSED] - click(findTestObject("1. Constant/xpath", ["xpath":"/html/body/div[1]/div[4]/div[3]/div[3]/div[2]/div/div/div[1]/div[1]/div/div[2]/div/div[1]/div/div[1]/div[2]/div/a[1]"])): Object: 'Object Repository/1. Constant/xpath' is clicked on

2022-06-20 16:23:33 - [MESSAGE][PASSED] - Object: 'Object Repository/1. Constant/xpath' is clicked on

2022-06-20 16:23:33 - [TEST_STEP][PASSED] - value_toastr = getText(findTestObject("1. Constant/xpath", ["xpath":"//*[@id="toast-container"]/div/div[2]"])): Text of object 'Object Repository/1. Constant/xpath' is: 'Media added: MILK_PORTUGAL.pdf'

2022-06-20 16:23:35 - [MESSAGE][PASSED] - Text of object 'Object Repository/1. Constant/xpath' is: 'Media added: MILK_PORTUGAL.pdf'

2022-06-20 16:23:35 - [TEST_STEP][PASSED] - value2_Expectedtoastr = "Media added: " + value_title1: null

2022-06-20 16:23:35 - [TEST_STEP][PASSED] - takeScreenshot(): Taking screenshot successfully

2022-06-20 16:23:36 - [MESSAGE][PASSED] - Taking screenshot successfully
[[ATTACHMENT|D:\\Projet Test Auto\\Mediabox Test Automation [Test]\\Reports\\20220620_162249\\z01. Test Suites\\203. TestStarpack _ Tag Mediabase\\20220620_162250\\1655735015987.png]]

2022-06-20 16:23:36 - [TEST_STEP][PASSED] - verifyMatch(value_toastr, value2_Expectedtoastr, false): Actual text 'Media added: MILK_PORTUGAL.pdf' and expected text 'Media added: MILK_PORTUGAL.pdf' are matched 

2022-06-20 16:23:36 - [MESSAGE][PASSED] - Actual text 'Media added: MILK_PORTUGAL.pdf' and expected text 'Media added: MILK_PORTUGAL.pdf' are matched 

2022-06-20 16:23:36 - [TEST_STEP][PASSED] - value_selection_no = getText(findTestObject("1. Constant/xpath", ["xpath":"//*[@id="mediabase-basket"]/div[1]/div[1]/h1"])): Text of object 'Object Repository/1. Constant/xpath' is: 'Selection (1)'

2022-06-20 16:23:36 - [MESSAGE][PASSED] - Text of object 'Object Repository/1. Constant/xpath' is: 'Selection (1)'

2022-06-20 16:23:36 - [TEST_STEP][PASSED] - expected_selected = "Selection (1)": null

2022-06-20 16:23:36 - [TEST_STEP][PASSED] - verifyEqual(value_selection_no, expected_selected): Actual object 'Selection (1)' and expected object 'Selection (1)' are equal

2022-06-20 16:23:36 - [MESSAGE][PASSED] - Actual object 'Selection (1)' and expected object 'Selection (1)' are equal

2022-06-20 16:23:36 - [TEST_STEP][PASSED] - verifyElementVisible(findTestObject("1. Constant/xpath", ["xpath":"//*[@id="basket_content_right"]/div/label"])): Object 'Object Repository/1. Constant/xpath' is visible

2022-06-20 16:23:37 - [MESSAGE][PASSED] - Object 'Object Repository/1. Constant/xpath' is visible

2022-06-20 16:23:37 - [TEST_STEP][PASSED] - verifyOptionNotPresentByLabel(findTestObject("1. Constant/xpath", ["xpath":"//*[@id="id_mediabasket"]"]), "No selection", false, 10): null

2022-06-20 16:23:38 - [TEST_STEP][PASSED] - takeScreenshot(): Taking screenshot successfully

2022-06-20 16:23:38 - [MESSAGE][PASSED] - Taking screenshot successfully
[[ATTACHMENT|D:\\Projet Test Auto\\Mediabox Test Automation [Test]\\Reports\\20220620_162249\\z01. Test Suites\\203. TestStarpack _ Tag Mediabase\\20220620_162250\\1655735018223.png]]

2022-06-20 16:23:38 - [TEST_STEP][PASSED] - verifyElementNotClickable(findTestObject("1. Constant/xpath", ["xpath":"//*[@id="addSelectionToBasket"]"])): Object 'Object Repository/1. Constant/xpath' is NOT clickable

2022-06-20 16:23:38 - [MESSAGE][PASSED] - Object 'Object Repository/1. Constant/xpath' is NOT clickable

2022-06-20 16:23:38 - [TEST_STEP][PASSED] - check(findTestObject("1. Constant/xpath", ["xpath":"/html/body/div/div[4]/div[3]/div[3]/div[2]/div/div/div[1]/div[1]/div/div[2]/div/div[2]/div/div[2]/h3/label"])): Object 'Object Repository/1. Constant/xpath' is checked

2022-06-20 16:23:39 - [MESSAGE][PASSED] - Object 'Object Repository/1. Constant/xpath' is checked

2022-06-20 16:23:39 - [TEST_STEP][PASSED] - verifyElementChecked(findTestObject("1. Constant/xpath", ["xpath":"/html/body/div/div[4]/div[3]/div[3]/div[2]/div/div/div[1]/div[1]/div/div[2]/div/div[2]/div/div[2]/h3/label/input"]), 5): Object 'Object Repository/1. Constant/xpath' is checked

2022-06-20 16:23:39 - [MESSAGE][PASSED] - Object 'Object Repository/1. Constant/xpath' is checked

2022-06-20 16:23:39 - [TEST_STEP][PASSED] - takeScreenshot(): Taking screenshot successfully

2022-06-20 16:23:39 - [MESSAGE][PASSED] - Taking screenshot successfully
[[ATTACHMENT|D:\\Projet Test Auto\\Mediabox Test Automation [Test]\\Reports\\20220620_162249\\z01. Test Suites\\203. TestStarpack _ Tag Mediabase\\20220620_162250\\1655735019470.png]]

2022-06-20 16:23:39 - [TEST_STEP][PASSED] - click(findTestObject("1. Constant/xpath", ["xpath":"/html/body/div/div[4]/div[3]/div[3]/div[2]/div/div/div[1]/div[1]/div/div[2]/div/div[2]/div/div[2]/h3/label"])): Object: 'Object Repository/1. Constant/xpath' is clicked on

2022-06-20 16:23:39 - [MESSAGE][PASSED] - Object: 'Object Repository/1. Constant/xpath' is clicked on

2022-06-20 16:23:39 - [TEST_STEP][PASSED] - verifyElementNotChecked(findTestObject("1. Constant/xpath", ["xpath":"/html/body/div/div[4]/div[3]/div[3]/div[2]/div/div/div[1]/div[1]/div/div[2]/div/div[2]/div/div[2]/h3/label/input"]), 5): Object 'Object Repository/1. Constant/xpath' is not checked

2022-06-20 16:23:40 - [MESSAGE][PASSED] - Object 'Object Repository/1. Constant/xpath' is not checked

2022-06-20 16:23:40 - [TEST_STEP][PASSED] - takeScreenshot(): Taking screenshot successfully

2022-06-20 16:23:40 - [MESSAGE][PASSED] - Taking screenshot successfully
[[ATTACHMENT|D:\\Projet Test Auto\\Mediabox Test Automation [Test]\\Reports\\20220620_162249\\z01. Test Suites\\203. TestStarpack _ Tag Mediabase\\20220620_162250\\1655735020144.png]]

2022-06-20 16:23:40 - [TEST_STEP][PASSED] - check(findTestObject("1. Constant/xpath", ["xpath":"/html/body/div/div[4]/div[3]/div[3]/div[2]/div/div/div[1]/div[1]/div/div[2]/div/div[2]/div/div[2]/h3/label"])): Object 'Object Repository/1. Constant/xpath' is checked

2022-06-20 16:23:40 - [MESSAGE][PASSED] - Object 'Object Repository/1. Constant/xpath' is checked

2022-06-20 16:23:40 - [TEST_STEP][PASSED] - check(findTestObject("1. Constant/xpath", ["xpath":"/html/body/div/div[4]/div[3]/div[3]/div[2]/div/div/div[1]/div[1]/div/div[2]/div/div[3]/div/div[2]/h3/label"])): Object 'Object Repository/1. Constant/xpath' is checked

2022-06-20 16:23:41 - [MESSAGE][PASSED] - Object 'Object Repository/1. Constant/xpath' is checked

2022-06-20 16:23:41 - [TEST_STEP][PASSED] - delay(5): Delayed 5 second(s)

2022-06-20 16:23:46 - [MESSAGE][PASSED] - Delayed 5 second(s)

2022-06-20 16:23:46 - [TEST_STEP][PASSED] - verifyElementAttributeValue(findTestObject("1. Constant/xpath", ["xpath":"/html/body/div/div[4]/div[3]/div[3]/div[2]/div/div/div[1]/div[1]/div/div[2]/div/div[2]/div"]), "class", "card card-custom overlay card-mediabase checked", 20): Object 'Object Repository/1. Constant/xpath' has attribute 'class' with value 'card card-custom overlay card-mediabase checked'

2022-06-20 16:23:46 - [MESSAGE][PASSED] - Object 'Object Repository/1. Constant/xpath' has attribute 'class' with value 'card card-custom overlay card-mediabase checked'

2022-06-20 16:23:46 - [TEST_STEP][PASSED] - verifyElementAttributeValue(findTestObject("1. Constant/xpath", ["xpath":"/html/body/div/div[4]/div[3]/div[3]/div[2]/div/div/div[1]/div[1]/div/div[2]/div/div[3]/div"]), "class", "card card-custom overlay card-mediabase checked", 20): Object 'Object Repository/1. Constant/xpath' has attribute 'class' with value 'card card-custom overlay card-mediabase checked'

2022-06-20 16:23:46 - [MESSAGE][PASSED] - Object 'Object Repository/1. Constant/xpath' has attribute 'class' with value 'card card-custom overlay card-mediabase checked'

2022-06-20 16:23:46 - [TEST_STEP][PASSED] - verifyElementClickable(findTestObject("1. Constant/xpath", ["xpath":"//*[@id="addSelectionToBasket"]"])): Object 'Object Repository/1. Constant/xpath' is clickable

2022-06-20 16:23:46 - [MESSAGE][PASSED] - Object 'Object Repository/1. Constant/xpath' is clickable

2022-06-20 16:23:46 - [TEST_STEP][PASSED] - takeScreenshot(): Taking screenshot successfully

2022-06-20 16:23:46 - [MESSAGE][PASSED] - Taking screenshot successfully
[[ATTACHMENT|D:\\Projet Test Auto\\Mediabox Test Automation [Test]\\Reports\\20220620_162249\\z01. Test Suites\\203. TestStarpack _ Tag Mediabase\\20220620_162250\\1655735026476.png]]

2022-06-20 16:23:46 - [TEST_STEP][PASSED] - mouseOver(findTestObject("1. Constant/xpath", ["xpath":"//*[@id="addSelectionToBasket"]"])): Object: 'Object Repository/1. Constant/xpath' is hovered

2022-06-20 16:23:47 - [MESSAGE][PASSED] - Object: 'Object Repository/1. Constant/xpath' is hovered

2022-06-20 16:23:47 - [TEST_STEP][PASSED] - takeScreenshot(): Taking screenshot successfully

2022-06-20 16:23:47 - [MESSAGE][PASSED] - Taking screenshot successfully
[[ATTACHMENT|D:\\Projet Test Auto\\Mediabox Test Automation [Test]\\Reports\\20220620_162249\\z01. Test Suites\\203. TestStarpack _ Tag Mediabase\\20220620_162250\\1655735027116.png]]

2022-06-20 16:23:47 - [TEST_STEP][PASSED] - tooltip_addtoselection = getText(findTestObject("1. Constant/xpath", ["xpath":"/html/body/div[2]/div[2]"])): Text of object 'Object Repository/1. Constant/xpath' is: 'Add to selection'

2022-06-20 16:23:47 - [MESSAGE][PASSED] - Text of object 'Object Repository/1. Constant/xpath' is: 'Add to selection'

2022-06-20 16:23:47 - [TEST_STEP][PASSED] - verifyEqual(tooltip_addtoselection, "Add to selection"): Actual object 'Add to selection' and expected object 'Add to selection' are equal

2022-06-20 16:23:47 - [MESSAGE][PASSED] - Actual object 'Add to selection' and expected object 'Add to selection' are equal

2022-06-20 16:23:47 - [TEST_STEP][PASSED] - click(findTestObject("1. Constant/xpath", ["xpath":"//*[@id="addSelectionToBasket"]"])): Object: 'Object Repository/1. Constant/xpath' is clicked on

2022-06-20 16:23:50 - [MESSAGE][PASSED] - Object: 'Object Repository/1. Constant/xpath' is clicked on

2022-06-20 16:23:50 - [TEST_STEP][PASSED] - ToastrSucess1 = getText(findTestObject("1. Constant/xpath", ["xpath":"//*[@id="toast-container"]/div/div[2]"])): Text of object 'Object Repository/1. Constant/xpath' is: 'Selected media added'

2022-06-20 16:23:51 - [MESSAGE][PASSED] - Text of object 'Object Repository/1. Constant/xpath' is: 'Selected media added'

2022-06-20 16:23:51 - [TEST_STEP][PASSED] - takeScreenshot(): Taking screenshot successfully

2022-06-20 16:23:51 - [MESSAGE][PASSED] - Taking screenshot successfully
[[ATTACHMENT|D:\\Projet Test Auto\\Mediabox Test Automation [Test]\\Reports\\20220620_162249\\z01. Test Suites\\203. TestStarpack _ Tag Mediabase\\20220620_162250\\1655735031087.png]]

2022-06-20 16:23:51 - [TEST_STEP][PASSED] - verifyEqual(ToastrSucess1, "Selected media added"): Actual object 'Selected media added' and expected object 'Selected media added' are equal

2022-06-20 16:23:51 - [MESSAGE][PASSED] - Actual object 'Selected media added' and expected object 'Selected media added' are equal

2022-06-20 16:23:51 - [TEST_STEP][PASSED] - value_selection_no3 = getText(findTestObject("1. Constant/xpath", ["xpath":"//*[@id="mediabase-basket"]/div[1]/div[1]/h1"])): Text of object 'Object Repository/1. Constant/xpath' is: 'Selection (3)'

2022-06-20 16:23:51 - [MESSAGE][PASSED] - Text of object 'Object Repository/1. Constant/xpath' is: 'Selection (3)'

2022-06-20 16:23:51 - [TEST_STEP][PASSED] - I.print("Value for selection no:" + value_selection_no3): null

2022-06-20 16:23:51 - [TEST_STEP][PASSED] - expected_selected3 = "Selection (3)": null

2022-06-20 16:23:51 - [TEST_STEP][PASSED] - verifyEqual(value_selection_no3, expected_selected3): Actual object 'Selection (3)' and expected object 'Selection (3)' are equal

2022-06-20 16:23:51 - [MESSAGE][PASSED] - Actual object 'Selection (3)' and expected object 'Selection (3)' are equal

2022-06-20 16:23:51 - [TEST_STEP][PASSED] - verifyElementAttributeValue(findTestObject("1. Constant/xpath", ["xpath":"/html/body/div/div[4]/div[3]/div[3]/div[2]/div/div/div[1]/div[1]/div/div[2]/div/div[2]/div"]), "class", "card card-custom overlay card-mediabase", 20): Object 'Object Repository/1. Constant/xpath' has attribute 'class' with value 'card card-custom overlay card-mediabase'

2022-06-20 16:23:51 - [MESSAGE][PASSED] - Object 'Object Repository/1. Constant/xpath' has attribute 'class' with value 'card card-custom overlay card-mediabase'

2022-06-20 16:23:51 - [TEST_STEP][PASSED] - verifyElementAttributeValue(findTestObject("1. Constant/xpath", ["xpath":"/html/body/div/div[4]/div[3]/div[3]/div[2]/div/div/div[1]/div[1]/div/div[2]/div/div[3]/div"]), "class", "card card-custom overlay card-mediabase", 20): Object 'Object Repository/1. Constant/xpath' has attribute 'class' with value 'card card-custom overlay card-mediabase'

2022-06-20 16:23:52 - [MESSAGE][PASSED] - Object 'Object Repository/1. Constant/xpath' has attribute 'class' with value 'card card-custom overlay card-mediabase'

2022-06-20 16:23:52 - [TEST_STEP][PASSED] - click(findTestObject("1. Constant/xpath", ["xpath":"//*[@id="mediabase-basket"]/div[1]/div[2]/button"])): Object: 'Object Repository/1. Constant/xpath' is clicked on

2022-06-20 16:23:52 - [MESSAGE][PASSED] - Object: 'Object Repository/1. Constant/xpath' is clicked on

2022-06-20 16:23:52 - [TEST_STEP][PASSED] - takeScreenshot(): Taking screenshot successfully

2022-06-20 16:23:52 - [MESSAGE][PASSED] - Taking screenshot successfully
[[ATTACHMENT|D:\\Projet Test Auto\\Mediabox Test Automation [Test]\\Reports\\20220620_162249\\z01. Test Suites\\203. TestStarpack _ Tag Mediabase\\20220620_162250\\1655735032396.png]]

2022-06-20 16:23:52 - [TEST_STEP][PASSED] - click(findTestObject("1. Constant/xpath", ["xpath":"//*[@id="basket_content_right"]/div/div[2]/a[1]"])): Object: 'Object Repository/1. Constant/xpath' is clicked on

2022-06-20 16:23:53 - [MESSAGE][PASSED] - Object: 'Object Repository/1. Constant/xpath' is clicked on

2022-06-20 16:23:53 - [TEST_STEP][PASSED] - delay(2): Delayed 2 second(s)

2022-06-20 16:23:55 - [MESSAGE][PASSED] - Delayed 2 second(s)

2022-06-20 16:23:55 - [TEST_STEP][PASSED] - clearText(findTestObject("1. Constant/xpath", ["xpath":"//*[@id="EditPanier"]/div[1]/input"])): Text of object 'Object Repository/1. Constant/xpath' is cleared

2022-06-20 16:23:55 - [MESSAGE][PASSED] - Text of object 'Object Repository/1. Constant/xpath' is cleared

2022-06-20 16:23:55 - [TEST_STEP][PASSED] - setText(findTestObject("1. Constant/xpath", ["xpath":"//*[@id="EditPanier"]/div[1]/input"]), "Edit Selection name"): Text 'Edit Selection name' is set on object 'Object Repository/1. Constant/xpath'

2022-06-20 16:23:55 - [MESSAGE][PASSED] - Text 'Edit Selection name' is set on object 'Object Repository/1. Constant/xpath'

2022-06-20 16:23:55 - [TEST_STEP][PASSED] - setText(findTestObject("1. Constant/xpath", ["xpath":"//*[@id="EditPanier"]/div[2]/textarea"]), "Comment on this text area"): Text 'Comment on this text area' is set on object 'Object Repository/1. Constant/xpath'

2022-06-20 16:23:56 - [MESSAGE][PASSED] - Text 'Comment on this text area' is set on object 'Object Repository/1. Constant/xpath'

2022-06-20 16:23:56 - [TEST_STEP][PASSED] - takeScreenshot(): Taking screenshot successfully

2022-06-20 16:23:56 - [MESSAGE][PASSED] - Taking screenshot successfully
[[ATTACHMENT|D:\\Projet Test Auto\\Mediabox Test Automation [Test]\\Reports\\20220620_162249\\z01. Test Suites\\203. TestStarpack _ Tag Mediabase\\20220620_162250\\1655735036268.png]]

2022-06-20 16:23:56 - [TEST_STEP][PASSED] - delay(1): Delayed 1 second(s)

2022-06-20 16:23:57 - [MESSAGE][PASSED] - Delayed 1 second(s)

2022-06-20 16:23:57 - [TEST_STEP][PASSED] - I.click_button_javascript(findTestObject("1. Constant/xpath", ["xpath":"//*[@id="DivEditPanier"]/div/div/div[3]/button[2]"])): Execute JavaScript 'arguments[0].click()' successfully

2022-06-20 16:23:59 - [MESSAGE][PASSED] - Execute JavaScript 'arguments[0].click()' successfully

2022-06-20 16:23:59 - [TEST_STEP][PASSED] - Sucessmsg = getText(findTestObject("1. Constant/xpath", ["xpath":"//*[@id="toast-container"]/div/div[2]"])): Text of object 'Object Repository/1. Constant/xpath' is: 'The basket Edit Selection name has successfully been updated !'

2022-06-20 16:23:59 - [MESSAGE][PASSED] - Text of object 'Object Repository/1. Constant/xpath' is: 'The basket Edit Selection name has successfully been updated !'

2022-06-20 16:23:59 - [TEST_STEP][PASSED] - takeScreenshot(): Taking screenshot successfully

2022-06-20 16:24:00 - [MESSAGE][PASSED] - Taking screenshot successfully
[[ATTACHMENT|D:\\Projet Test Auto\\Mediabox Test Automation [Test]\\Reports\\20220620_162249\\z01. Test Suites\\203. TestStarpack _ Tag Mediabase\\20220620_162250\\1655735039907.png]]

2022-06-20 16:24:00 - [TEST_STEP][PASSED] - verifyEqual(Sucessmsg, "The basket Edit Selection name has successfully been updated !"): Actual object 'The basket Edit Selection name has successfully been updated !' and expected object 'The basket Edit Selection name has successfully been updated !' are equal

2022-06-20 16:24:00 - [MESSAGE][PASSED] - Actual object 'The basket Edit Selection name has successfully been updated !' and expected object 'The basket Edit Selection name has successfully been updated !' are equal

2022-06-20 16:24:00 - [TEST_STEP][PASSED] - click(findTestObject("1. Constant/xpath", ["xpath":"//*[@id="toast-container"]/div/button"])): Object: 'Object Repository/1. Constant/xpath' is clicked on

2022-06-20 16:24:00 - [MESSAGE][PASSED] - Object: 'Object Repository/1. Constant/xpath' is clicked on

2022-06-20 16:24:00 - [TEST_STEP][PASSED] - click(findTestObject("1. Constant/xpath", ["xpath":"//*[@id="mediabase-basket"]/div[1]/div[2]/button"])): Object: 'Object Repository/1. Constant/xpath' is clicked on

2022-06-20 16:24:00 - [MESSAGE][PASSED] - Object: 'Object Repository/1. Constant/xpath' is clicked on

2022-06-20 16:24:00 - [TEST_STEP][PASSED] - takeScreenshot(): Taking screenshot successfully

2022-06-20 16:24:01 - [MESSAGE][PASSED] - Taking screenshot successfully
[[ATTACHMENT|D:\\Projet Test Auto\\Mediabox Test Automation [Test]\\Reports\\20220620_162249\\z01. Test Suites\\203. TestStarpack _ Tag Mediabase\\20220620_162250\\1655735040960.png]]

2022-06-20 16:24:01 - [TEST_STEP][PASSED] - verifyOptionSelectedByLabel(findTestObject("1. Constant/xpath", ["xpath":"/html/body/div/div[4]/div[6]/div[6]/div[2]/div/div/div/div[2]/div/div[1]/form/div/select"]), "Edit Selection name", false, 20): All options with label 'Edit Selection name' are selected in object 'Object Repository/1. Constant/xpath' 

2022-06-20 16:24:01 - [MESSAGE][PASSED] - All options with label 'Edit Selection name' are selected in object 'Object Repository/1. Constant/xpath' 

2022-06-20 16:24:01 - [TEST_STEP][PASSED] - click(findTestObject("1. Constant/xpath", ["xpath":"//*[@id="basket_content_right"]/div/div[2]/a[2]"])): Object: 'Object Repository/1. Constant/xpath' is clicked on

2022-06-20 16:24:02 - [MESSAGE][PASSED] - Object: 'Object Repository/1. Constant/xpath' is clicked on

2022-06-20 16:24:02 - [TEST_STEP][PASSED] - takeScreenshot(): Taking screenshot successfully

2022-06-20 16:24:02 - [MESSAGE][PASSED] - Taking screenshot successfully
[[ATTACHMENT|D:\\Projet Test Auto\\Mediabox Test Automation [Test]\\Reports\\20220620_162249\\z01. Test Suites\\203. TestStarpack _ Tag Mediabase\\20220620_162250\\1655735042372.png]]

2022-06-20 16:24:02 - [TEST_STEP][PASSED] - click(findTestObject("1. Constant/xpath", ["xpath":"//*[@id="DivSupprimerPanier"]/div/div/div[3]/button[2]"])): Object: 'Object Repository/1. Constant/xpath' is clicked on

2022-06-20 16:24:03 - [MESSAGE][PASSED] - Object: 'Object Repository/1. Constant/xpath' is clicked on

2022-06-20 16:24:03 - [TEST_STEP][PASSED] - value_selection_no00 = getText(findTestObject("1. Constant/xpath", ["xpath":"//*[@id="mediabase-basket"]/div[1]/div[1]/h1"])): Text of object 'Object Repository/1. Constant/xpath' is: 'Selection (0)'

2022-06-20 16:24:03 - [MESSAGE][PASSED] - Text of object 'Object Repository/1. Constant/xpath' is: 'Selection (0)'

2022-06-20 16:24:03 - [TEST_STEP][PASSED] - takeScreenshot(): Taking screenshot successfully

2022-06-20 16:24:04 - [MESSAGE][PASSED] - Taking screenshot successfully
[[ATTACHMENT|D:\\Projet Test Auto\\Mediabox Test Automation [Test]\\Reports\\20220620_162249\\z01. Test Suites\\203. TestStarpack _ Tag Mediabase\\20220620_162250\\1655735043955.png]]

2022-06-20 16:24:04 - [TEST_STEP][PASSED] - expected_selected00 = "Selection (0)": null

2022-06-20 16:24:04 - [TEST_STEP][PASSED] - verifyEqual(value_selection_no00, expected_selected00): Actual object 'Selection (0)' and expected object 'Selection (0)' are equal

2022-06-20 16:24:04 - [MESSAGE][PASSED] - Actual object 'Selection (0)' and expected object 'Selection (0)' are equal

2022-06-20 16:24:04 - [TEST_STEP][PASSED] - value_selection_noAll = getText(findTestObject("1. Constant/xpath", ["xpath":" //*[@id="kt_content"]/div[3]/div[1]/div[1]/h1/span"])): Text of object 'Object Repository/1. Constant/xpath' is: '3'

2022-06-20 16:24:04 - [MESSAGE][PASSED] - Text of object 'Object Repository/1. Constant/xpath' is: '3'

2022-06-20 16:24:04 - [TEST_STEP][PASSED] - Int_SelectAll = value_selection_noAll.toInteger(): null

2022-06-20 16:24:04 - [TEST_STEP][PASSED] - I.print("Section All: " + Int_SelectAll): null

2022-06-20 16:24:04 - [TEST_STEP][PASSED] - click(findTestObject("1. Constant/xpath", ["xpath":"//*[@id="allRefs"]"])): Object: 'Object Repository/1. Constant/xpath' is clicked on

2022-06-20 16:24:04 - [MESSAGE][PASSED] - Object: 'Object Repository/1. Constant/xpath' is clicked on

2022-06-20 16:24:04 - [TEST_STEP][PASSED] - delay(2): Delayed 2 second(s)

2022-06-20 16:24:06 - [MESSAGE][PASSED] - Delayed 2 second(s)

2022-06-20 16:24:06 - [TEST_STEP][PASSED] - takeScreenshot(): Taking screenshot successfully

2022-06-20 16:24:07 - [MESSAGE][PASSED] - Taking screenshot successfully
[[ATTACHMENT|D:\\Projet Test Auto\\Mediabox Test Automation [Test]\\Reports\\20220620_162249\\z01. Test Suites\\203. TestStarpack _ Tag Mediabase\\20220620_162250\\1655735046951.png]]

2022-06-20 16:24:07 - [TEST_STEP][PASSED] - for ([i = 1, i <= Int_SelectAll, (i++)]): Object 'Object Repository/Starpack Mediabase/Starpack Mediabase checkbox' is checked

2022-06-20 16:24:07 - [TEST_STEP][PASSED] - I.VerifyCheckboxChecked("checkbox 1", findTestObject("Object Repository/Starpack Mediabase/Starpack Mediabase checkbox", ["No":i])): Object 'Object Repository/Starpack Mediabase/Starpack Mediabase checkbox' is checked

2022-06-20 16:24:07 - [MESSAGE][PASSED] - Object 'Object Repository/Starpack Mediabase/Starpack Mediabase checkbox' is checked

2022-06-20 16:24:07 - [TEST_STEP][PASSED] - I.VerifyCheckboxChecked("checkbox 1", findTestObject("Object Repository/Starpack Mediabase/Starpack Mediabase checkbox", ["No":i])): Object 'Object Repository/Starpack Mediabase/Starpack Mediabase checkbox' is checked

2022-06-20 16:24:07 - [MESSAGE][PASSED] - Object 'Object Repository/Starpack Mediabase/Starpack Mediabase checkbox' is checked

2022-06-20 16:24:07 - [TEST_STEP][PASSED] - I.VerifyCheckboxChecked("checkbox 1", findTestObject("Object Repository/Starpack Mediabase/Starpack Mediabase checkbox", ["No":i])): Object 'Object Repository/Starpack Mediabase/Starpack Mediabase checkbox' is checked

2022-06-20 16:24:07 - [MESSAGE][PASSED] - Object 'Object Repository/Starpack Mediabase/Starpack Mediabase checkbox' is checked

2022-06-20 16:24:07 - [TEST_STEP][PASSED] - click(findTestObject("1. Constant/xpath", ["xpath":"//*[@id="allRefs"]"])): Object: 'Object Repository/1. Constant/xpath' is clicked on

2022-06-20 16:24:08 - [MESSAGE][PASSED] - Object: 'Object Repository/1. Constant/xpath' is clicked on

2022-06-20 16:24:08 - [TEST_STEP][PASSED] - for ([i = 1, i <= Int_SelectAll, (i++)]): Object 'Object Repository/1. Constant/xpath' has attribute 'class' with value 'card card-custom overlay card-mediabase'

2022-06-20 16:24:08 - [TEST_STEP][PASSED] - verifyElementAttributeValue(findTestObject("1. Constant/xpath", ["xpath":"/html/body/div[1]/div[4]/div[3]/div[3]/div[2]/div/div/div[1]/div[1]/div/div[2]/div/div[" + i + "]/div"]), "class", "card card-custom overlay card-mediabase", 20): Object 'Object Repository/1. Constant/xpath' has attribute 'class' with value 'card card-custom overlay card-mediabase'

2022-06-20 16:24:08 - [MESSAGE][PASSED] - Object 'Object Repository/1. Constant/xpath' has attribute 'class' with value 'card card-custom overlay card-mediabase'

2022-06-20 16:24:08 - [TEST_STEP][PASSED] - verifyElementAttributeValue(findTestObject("1. Constant/xpath", ["xpath":"/html/body/div[1]/div[4]/div[3]/div[3]/div[2]/div/div/div[1]/div[1]/div/div[2]/div/div[" + i + "]/div"]), "class", "card card-custom overlay card-mediabase", 20): Object 'Object Repository/1. Constant/xpath' has attribute 'class' with value 'card card-custom overlay card-mediabase'

2022-06-20 16:24:08 - [MESSAGE][PASSED] - Object 'Object Repository/1. Constant/xpath' has attribute 'class' with value 'card card-custom overlay card-mediabase'

2022-06-20 16:24:08 - [TEST_STEP][PASSED] - verifyElementAttributeValue(findTestObject("1. Constant/xpath", ["xpath":"/html/body/div[1]/div[4]/div[3]/div[3]/div[2]/div/div/div[1]/div[1]/div/div[2]/div/div[" + i + "]/div"]), "class", "card card-custom overlay card-mediabase", 20): Object 'Object Repository/1. Constant/xpath' has attribute 'class' with value 'card card-custom overlay card-mediabase'

2022-06-20 16:24:08 - [MESSAGE][PASSED] - Object 'Object Repository/1. Constant/xpath' has attribute 'class' with value 'card card-custom overlay card-mediabase'

2022-06-20 16:24:08 - [TEST_STEP][PASSED] - takeScreenshot(): Taking screenshot successfully

2022-06-20 16:24:08 - [MESSAGE][PASSED] - Taking screenshot successfully
[[ATTACHMENT|D:\\Projet Test Auto\\Mediabox Test Automation [Test]\\Reports\\20220620_162249\\z01. Test Suites\\203. TestStarpack _ Tag Mediabase\\20220620_162250\\1655735048646.png]]

2022-06-20 16:24:08 - [TEST_STEP][PASSED] - click(findTestObject("1. Constant/xpath", ["xpath":"//*[@id="allRefs"]"])): Object: 'Object Repository/1. Constant/xpath' is clicked on

2022-06-20 16:24:09 - [MESSAGE][PASSED] - Object: 'Object Repository/1. Constant/xpath' is clicked on

2022-06-20 16:24:09 - [TEST_STEP][PASSED] - delay(2): Delayed 2 second(s)

2022-06-20 16:24:11 - [MESSAGE][PASSED] - Delayed 2 second(s)

2022-06-20 16:24:11 - [TEST_STEP][PASSED] - click(findTestObject("1. Constant/xpath", ["xpath":"//*[@id="addSelectionToBasket"]"])): Object: 'Object Repository/1. Constant/xpath' is clicked on

2022-06-20 16:24:15 - [MESSAGE][PASSED] - Object: 'Object Repository/1. Constant/xpath' is clicked on

2022-06-20 16:24:15 - [TEST_STEP][PASSED] - delay(2): Delayed 2 second(s)

2022-06-20 16:24:17 - [MESSAGE][PASSED] - Delayed 2 second(s)

2022-06-20 16:24:17 - [TEST_STEP][PASSED] - for ([i = 1, i <= Int_SelectAll, (i++)]): Object 'Object Repository/1. Constant/xpath' has attribute 'class' with value 'card card-custom overlay card-mediabase'

2022-06-20 16:24:17 - [TEST_STEP][PASSED] - verifyElementAttributeValue(findTestObject("1. Constant/xpath", ["xpath":"/html/body/div[1]/div[4]/div[3]/div[3]/div[2]/div/div/div[1]/div[1]/div/div[2]/div/div[" + i + "]/div"]), "class", "card card-custom overlay card-mediabase", 20): Object 'Object Repository/1. Constant/xpath' has attribute 'class' with value 'card card-custom overlay card-mediabase'

2022-06-20 16:24:17 - [MESSAGE][PASSED] - Object 'Object Repository/1. Constant/xpath' has attribute 'class' with value 'card card-custom overlay card-mediabase'

2022-06-20 16:24:17 - [TEST_STEP][PASSED] - verifyElementAttributeValue(findTestObject("1. Constant/xpath", ["xpath":"/html/body/div[1]/div[4]/div[3]/div[3]/div[2]/div/div/div[1]/div[1]/div/div[2]/div/div[" + i + "]/div"]), "class", "card card-custom overlay card-mediabase", 20): Object 'Object Repository/1. Constant/xpath' has attribute 'class' with value 'card card-custom overlay card-mediabase'

2022-06-20 16:24:18 - [MESSAGE][PASSED] - Object 'Object Repository/1. Constant/xpath' has attribute 'class' with value 'card card-custom overlay card-mediabase'

2022-06-20 16:24:18 - [TEST_STEP][PASSED] - verifyElementAttributeValue(findTestObject("1. Constant/xpath", ["xpath":"/html/body/div[1]/div[4]/div[3]/div[3]/div[2]/div/div/div[1]/div[1]/div/div[2]/div/div[" + i + "]/div"]), "class", "card card-custom overlay card-mediabase", 20): Object 'Object Repository/1. Constant/xpath' has attribute 'class' with value 'card card-custom overlay card-mediabase'

2022-06-20 16:24:18 - [MESSAGE][PASSED] - Object 'Object Repository/1. Constant/xpath' has attribute 'class' with value 'card card-custom overlay card-mediabase'

2022-06-20 16:24:18 - [TEST_STEP][PASSED] - value_selection_noalll = getText(findTestObject("1. Constant/xpath", ["xpath":"//*[@id="mediabase-basket"]/div[1]/div[1]/h1"])): Text of object 'Object Repository/1. Constant/xpath' is: 'Selection (3)'

2022-06-20 16:24:18 - [MESSAGE][PASSED] - Text of object 'Object Repository/1. Constant/xpath' is: 'Selection (3)'

2022-06-20 16:24:18 - [TEST_STEP][PASSED] - I.print("Value for selection no:" + value_selection_noalll): null

2022-06-20 16:24:18 - [TEST_STEP][PASSED] - verifyEqual(value_selection_noalll, "Selection (" + value_selection_noAll + ")"): Actual object 'Selection (3)' and expected object 'Selection (3)' are equal

2022-06-20 16:24:18 - [MESSAGE][PASSED] - Actual object 'Selection (3)' and expected object 'Selection (3)' are equal

2022-06-20 16:24:18 - [TEST_STEP][PASSED] - takeScreenshot(): Taking screenshot successfully

2022-06-20 16:24:18 - [MESSAGE][PASSED] - Taking screenshot successfully
[[ATTACHMENT|D:\\Projet Test Auto\\Mediabox Test Automation [Test]\\Reports\\20220620_162249\\z01. Test Suites\\203. TestStarpack _ Tag Mediabase\\20220620_162250\\1655735058446.png]]

2022-06-20 16:24:18 - [TEST_STEP][PASSED] - click(findTestObject("1. Constant/xpath", ["xpath":"//*[@id="mediabase-basket"]/div[1]/div[2]/button"])): Object: 'Object Repository/1. Constant/xpath' is clicked on

2022-06-20 16:24:18 - [MESSAGE][PASSED] - Object: 'Object Repository/1. Constant/xpath' is clicked on

2022-06-20 16:24:18 - [TEST_STEP][PASSED] - click(findTestObject("1. Constant/xpath", ["xpath":"//*[@id="basket_content_right"]/div/div[2]/a[2]"])): Object: 'Object Repository/1. Constant/xpath' is clicked on

2022-06-20 16:24:19 - [MESSAGE][PASSED] - Object: 'Object Repository/1. Constant/xpath' is clicked on

2022-06-20 16:24:19 - [TEST_STEP][PASSED] - click(findTestObject("1. Constant/xpath", ["xpath":"//*[@id="DivSupprimerPanier"]/div/div/div[3]/button[2]"])): Object: 'Object Repository/1. Constant/xpath' is clicked on

2022-06-20 16:24:20 - [MESSAGE][PASSED] - Object: 'Object Repository/1. Constant/xpath' is clicked on

2022-06-20 16:24:20 - [TEST_STEP][PASSED] - value_selection_no000 = getText(findTestObject("1. Constant/xpath", ["xpath":"//*[@id="mediabase-basket"]/div[1]/div[1]/h1"])): Text of object 'Object Repository/1. Constant/xpath' is: 'Selection (0)'

2022-06-20 16:24:20 - [MESSAGE][PASSED] - Text of object 'Object Repository/1. Constant/xpath' is: 'Selection (0)'

2022-06-20 16:24:20 - [TEST_STEP][PASSED] - I.print("Value for selection no:" + value_selection_no000): null

2022-06-20 16:24:20 - [TEST_STEP][PASSED] - verifyEqual(value_selection_no000, "Selection (0)"): Actual object 'Selection (0)' and expected object 'Selection (0)' are equal

2022-06-20 16:24:20 - [MESSAGE][PASSED] - Actual object 'Selection (0)' and expected object 'Selection (0)' are equal

2022-06-20 16:24:20 - [TEST_STEP][PASSED] - takeScreenshot(): Taking screenshot successfully

2022-06-20 16:24:20 - [MESSAGE][PASSED] - Taking screenshot successfully
[[ATTACHMENT|D:\\Projet Test Auto\\Mediabox Test Automation [Test]\\Reports\\20220620_162249\\z01. Test Suites\\203. TestStarpack _ Tag Mediabase\\20220620_162250\\1655735060462.png]]

2022-06-20 16:24:20 - [TEST_STEP][PASSED] - closeBrowser(): Browser is closed

2022-06-20 16:24:21 - [MESSAGE][PASSED] - Browser is closed

2022-06-20 16:24:21 - [TEST_STEP][PASSED] - Start listener action : sampleAfterTestCase: null]]></system-out>
         <system-err><![CDATA[]]></system-err>
      </testcase>
      <testcase name="Test Cases/203. TestStarpack _ Tag Mediabase/203.02 TestStarpack Mediabase Download" time="99.867" classname="Test Cases/203. TestStarpack _ Tag Mediabase/203.02 TestStarpack Mediabase Download" status="PASSED">
         <system-out><![CDATA[2022-06-20 16:24:22 - [TEST_CASE][PASSED] - Test Cases/203. TestStarpack _ Tag Mediabase/203.02 TestStarpack Mediabase Download: Test Cases/203. TestStarpack _ Tag Mediabase/203.02 TestStarpack Mediabase Download

2022-06-20 16:24:22 - [TEST_STEP][PASSED] - data = findTestData("Data Files/Username_Password/Test_Starpack"): null

2022-06-20 16:24:22 - [TEST_STEP][PASSED] - password_suser = data.getValue(2, 1): null

2022-06-20 16:24:22 - [TEST_STEP][PASSED] - password_aherms = data.getValue(2, 2): null

2022-06-20 16:24:22 - [TEST_STEP][PASSED] - password_agluszczynska = data.getValue(2, 3): null

2022-06-20 16:24:22 - [TEST_STEP][PASSED] - password_jmaciaszczyk = data.getValue(2, 4): null

2022-06-20 16:24:22 - [TEST_STEP][PASSED] - password_aterreshernandez = data.getValue(2, 5): null

2022-06-20 16:24:22 - [TEST_STEP][PASSED] - password_amartin_arbol = data.getValue(2, 6): null

2022-06-20 16:24:22 - [TEST_STEP][PASSED] - password_adelamatanieves = data.getValue(2, 7): null

2022-06-20 16:24:22 - [TEST_STEP][PASSED] - password_kcannoosamy_dia = data.getValue(2, 8): null

2022-06-20 16:24:22 - [TEST_STEP][PASSED] - data_urlTestAUTO = findTestData("Data Files/URL/URL_testauto"): null

2022-06-20 16:24:22 - [TEST_STEP][PASSED] - Url_Starpack = data_urlTestAUTO.getValue(2, 2): null

2022-06-20 16:24:22 - [TEST_STEP][PASSED] - log = new com.kms.katalon.core.logging.KeywordLogger(): null

2022-06-20 16:24:22 - [TEST_STEP][PASSED] - openBrowser(Url_Starpack): Browser is opened with url: 'https://mdb-v3-test.diadeis.com/MediaboxIndependence/?MBI_datasource=RELTEST_STARPACK'

2022-06-20 16:24:22 - [MESSAGE][INFO] - Starting 'Chrome (headless)' driver

2022-06-20 16:24:22 - [MESSAGE][INFO] - User set preference: ['args', '[--window-size=1920,1080, --headless]']

2022-06-20 16:24:22 - [MESSAGE][INFO] - Action delay is set to 0 milliseconds

2022-06-20 16:24:27 - [MESSAGE][PASSED] - Browser is opened with url: 'https://mdb-v3-test.diadeis.com/MediaboxIndependence/?MBI_datasource=RELTEST_STARPACK'

2022-06-20 16:24:27 - [TEST_STEP][PASSED] - maximizeWindow(): Current window maximized

2022-06-20 16:24:27 - [MESSAGE][PASSED] - Current window maximized

2022-06-20 16:24:27 - [TEST_STEP][PASSED] - I.Login_password("amartin_arbol", password_amartin_arbol): Object: 'Object Repository/1. Constant/xpath' is clicked on

2022-06-20 16:24:28 - [MESSAGE][PASSED] - Text 'amartin_arbol' is set on object 'Object Repository/1. Constant/xpath'

2022-06-20 16:24:29 - [MESSAGE][PASSED] - Delayed 1 second(s)

2022-06-20 16:24:29 - [MESSAGE][PASSED] - Text 'diadeis' is set on object 'Object Repository/1. Constant/xpath'

2022-06-20 16:24:30 - [MESSAGE][PASSED] - Delayed 1 second(s)

2022-06-20 16:24:36 - [MESSAGE][PASSED] - Object: 'Object Repository/1. Constant/xpath' is clicked on

2022-06-20 16:24:36 - [TEST_STEP][PASSED] - takeScreenshot(): Taking screenshot successfully

2022-06-20 16:24:36 - [MESSAGE][PASSED] - Taking screenshot successfully
[[ATTACHMENT|D:\\Projet Test Auto\\Mediabox Test Automation [Test]\\Reports\\20220620_162249\\z01. Test Suites\\203. TestStarpack _ Tag Mediabase\\20220620_162250\\1655735076089.png]]

2022-06-20 16:24:36 - [TEST_STEP][PASSED] - click(findTestObject("Object Repository/Starpack Mediabase/Starpack Mediabase id_menu_medibase_tab_1a")): Object: 'Object Repository/Starpack Mediabase/Starpack Mediabase id_menu_medibase_tab_1a' is clicked on

2022-06-20 16:24:39 - [MESSAGE][PASSED] - Object: 'Object Repository/Starpack Mediabase/Starpack Mediabase id_menu_medibase_tab_1a' is clicked on

2022-06-20 16:24:39 - [TEST_STEP][PASSED] - takeScreenshot(): Taking screenshot successfully

2022-06-20 16:24:40 - [MESSAGE][PASSED] - Taking screenshot successfully
[[ATTACHMENT|D:\\Projet Test Auto\\Mediabox Test Automation [Test]\\Reports\\20220620_162249\\z01. Test Suites\\203. TestStarpack _ Tag Mediabase\\20220620_162250\\1655735080064.png]]

2022-06-20 16:24:40 - [TEST_STEP][PASSED] - click(findTestObject("1. Constant/xpath", ["xpath":"//*[@id="mediabase-panel-cards"]/div/div[1]/div/div[3]/div/a"])): Object: 'Object Repository/1. Constant/xpath' is clicked on

2022-06-20 16:24:42 - [MESSAGE][PASSED] - Object: 'Object Repository/1. Constant/xpath' is clicked on

2022-06-20 16:24:42 - [TEST_STEP][PASSED] - click(findTestObject("1. Constant/xpath", ["xpath":"//*[@id="mediabase-panel-cards"]/div/div[1]/div/div/div/a"])): Object: 'Object Repository/1. Constant/xpath' is clicked on

2022-06-20 16:24:44 - [MESSAGE][PASSED] - Object: 'Object Repository/1. Constant/xpath' is clicked on

2022-06-20 16:24:44 - [TEST_STEP][PASSED] - "Verify that the download button is not clickable": null

2022-06-20 16:24:44 - [TEST_STEP][PASSED] - mouseOver(findTestObject("1. Constant/xpath", ["xpath":"//*[@id="20200422-140327-318-9EBHJIEHAI"]"])): Object: 'Object Repository/1. Constant/xpath' is hovered

2022-06-20 16:24:44 - [MESSAGE][PASSED] - Object: 'Object Repository/1. Constant/xpath' is hovered

2022-06-20 16:24:44 - [TEST_STEP][PASSED] - test0 = getAttribute(findTestObject("1. Constant/xpath", ["xpath":"//*[@id="20200422-140327-318-9EBHJIEHAI"]/div[1]/div[2]/div/a[2]"]), "href"): Attribute 'href' of object 'Object Repository/1. Constant/xpath' is: ''

2022-06-20 16:24:44 - [MESSAGE][PASSED] - Attribute 'href' of object 'Object Repository/1. Constant/xpath' is: ''

2022-06-20 16:24:44 - [TEST_STEP][PASSED] - if (test0 != ""): null

2022-06-20 16:24:44 - [TEST_STEP][PASSED] - else: Download link is Empty 

2022-06-20 16:24:44 - [TEST_STEP][PASSED] - I.print("Download link is: " + test0): null

2022-06-20 16:24:44 - [TEST_STEP][PASSED] - comment("Download link is Empty "): Download link is Empty 

2022-06-20 16:24:44 - [MESSAGE][INFO] - Download link is Empty 

2022-06-20 16:24:44 - [TEST_STEP][PASSED] - I.Logout(): Delayed 3 second(s)

2022-06-20 16:24:47 - [MESSAGE][PASSED] - Delayed 3 second(s)

2022-06-20 16:24:48 - [MESSAGE][PASSED] - Object: 'Object Repository/1. Constant/xpath' is clicked on

2022-06-20 16:24:51 - [MESSAGE][PASSED] - Delayed 3 second(s)

2022-06-20 16:24:52 - [MESSAGE][PASSED] - Object: 'Object Repository/1. Constant/xpath' is clicked on

2022-06-20 16:24:55 - [MESSAGE][PASSED] - Delayed 3 second(s)

2022-06-20 16:24:55 - [TEST_STEP][PASSED] - I.Login_password("suser", password_suser): Object: 'Object Repository/1. Constant/xpath' is clicked on

2022-06-20 16:24:56 - [MESSAGE][PASSED] - Text 'suser' is set on object 'Object Repository/1. Constant/xpath'

2022-06-20 16:24:57 - [MESSAGE][PASSED] - Delayed 1 second(s)

2022-06-20 16:24:57 - [MESSAGE][PASSED] - Text 'diadeis' is set on object 'Object Repository/1. Constant/xpath'

2022-06-20 16:24:58 - [MESSAGE][PASSED] - Delayed 1 second(s)

2022-06-20 16:25:01 - [MESSAGE][PASSED] - Object: 'Object Repository/1. Constant/xpath' is clicked on

2022-06-20 16:25:01 - [TEST_STEP][PASSED] - takeScreenshot(): Taking screenshot successfully

2022-06-20 16:25:01 - [MESSAGE][PASSED] - Taking screenshot successfully
[[ATTACHMENT|D:\\Projet Test Auto\\Mediabox Test Automation [Test]\\Reports\\20220620_162249\\z01. Test Suites\\203. TestStarpack _ Tag Mediabase\\20220620_162250\\1655735101275.png]]

2022-06-20 16:25:01 - [TEST_STEP][PASSED] - click(findTestObject("Object Repository/Starpack Mediabase/Starpack Mediabase id_menu_medibase_tab_1a")): Object: 'Object Repository/Starpack Mediabase/Starpack Mediabase id_menu_medibase_tab_1a' is clicked on

2022-06-20 16:25:08 - [MESSAGE][PASSED] - Object: 'Object Repository/Starpack Mediabase/Starpack Mediabase id_menu_medibase_tab_1a' is clicked on

2022-06-20 16:25:08 - [TEST_STEP][PASSED] - takeScreenshot(): Taking screenshot successfully

2022-06-20 16:25:09 - [MESSAGE][PASSED] - Taking screenshot successfully
[[ATTACHMENT|D:\\Projet Test Auto\\Mediabox Test Automation [Test]\\Reports\\20220620_162249\\z01. Test Suites\\203. TestStarpack _ Tag Mediabase\\20220620_162250\\1655735109021.png]]

2022-06-20 16:25:09 - [TEST_STEP][PASSED] - click(findTestObject("1. Constant/xpath", ["xpath":"//*[@id="mediabase-panel-cards"]/div/div[1]/div/div[4]/div/a"])): Object: 'Object Repository/1. Constant/xpath' is clicked on

2022-06-20 16:25:11 - [MESSAGE][PASSED] - Object: 'Object Repository/1. Constant/xpath' is clicked on

2022-06-20 16:25:11 - [TEST_STEP][PASSED] - mouseOver(findTestObject("1. Constant/xpath", ["xpath":"/html/body/div/div[4]/div[3]/div[3]/div[2]/div/div/div[1]/div[1]/div/div[2]/div/div[1]/div"])): Object: 'Object Repository/1. Constant/xpath' is hovered

2022-06-20 16:25:12 - [MESSAGE][PASSED] - Object: 'Object Repository/1. Constant/xpath' is hovered

2022-06-20 16:25:12 - [TEST_STEP][PASSED] - mouseOver(findTestObject("1. Constant/xpath", ["xpath":"/html/body/div/div[4]/div[3]/div[3]/div[2]/div/div/div[1]/div[1]/div/div[2]/div/div[1]/div/div[1]/div[2]/div/a[2]"])): Object: 'Object Repository/1. Constant/xpath' is hovered

2022-06-20 16:25:12 - [MESSAGE][PASSED] - Object: 'Object Repository/1. Constant/xpath' is hovered

2022-06-20 16:25:12 - [TEST_STEP][PASSED] - takeScreenshot(): Taking screenshot successfully

2022-06-20 16:25:12 - [MESSAGE][PASSED] - Taking screenshot successfully
[[ATTACHMENT|D:\\Projet Test Auto\\Mediabox Test Automation [Test]\\Reports\\20220620_162249\\z01. Test Suites\\203. TestStarpack _ Tag Mediabase\\20220620_162250\\1655735112416.png]]

2022-06-20 16:25:12 - [TEST_STEP][PASSED] - value_download = getText(findTestObject("1. Constant/xpath", ["xpath":"/html/body/div[2]/div[2]"])): Text of object 'Object Repository/1. Constant/xpath' is: 'Download'

2022-06-20 16:25:12 - [MESSAGE][PASSED] - Text of object 'Object Repository/1. Constant/xpath' is: 'Download'

2022-06-20 16:25:12 - [TEST_STEP][PASSED] - verifyEqual(value_download, "Download"): Actual object 'Download' and expected object 'Download' are equal

2022-06-20 16:25:12 - [MESSAGE][PASSED] - Actual object 'Download' and expected object 'Download' are equal

2022-06-20 16:25:12 - [TEST_STEP][PASSED] - verifyElementClickable(findTestObject("1. Constant/xpath", ["xpath":"/html/body/div/div[4]/div[3]/div[3]/div[2]/div/div/div[1]/div[1]/div/div[2]/div/div[1]/div/div[1]/div[2]/div/a[2]"]), STOP_ON_FAILURE): Object 'Object Repository/1. Constant/xpath' is clickable

2022-06-20 16:25:13 - [MESSAGE][PASSED] - Object 'Object Repository/1. Constant/xpath' is clickable

2022-06-20 16:25:13 - [TEST_STEP][PASSED] - click(findTestObject("1. Constant/xpath", ["xpath":"/html/body/div/div[4]/div[3]/div[3]/div[2]/div/div/div[1]/div[1]/div/div[2]/div/div[1]/div/div[1]/div[2]/div/a[2]"]), STOP_ON_FAILURE): Object: 'Object Repository/1. Constant/xpath' is clicked on

2022-06-20 16:25:14 - [MESSAGE][PASSED] - Object: 'Object Repository/1. Constant/xpath' is clicked on

2022-06-20 16:25:14 - [TEST_STEP][PASSED] - delay(1): Delayed 1 second(s)

2022-06-20 16:25:15 - [MESSAGE][PASSED] - Delayed 1 second(s)

2022-06-20 16:25:15 - [TEST_STEP][PASSED] - test = getAttribute(findTestObject("1. Constant/xpath", ["xpath":"/html/body/div/div[4]/div[3]/div[3]/div[2]/div/div/div[1]/div[1]/div/div[2]/div/div[1]/div/div[1]/div[2]/div/a[2]"]), "href"): Attribute 'href' of object 'Object Repository/1. Constant/xpath' is: 'https://mdb-v3-test.diadeis.com/MediaboxIndependence/Base/ExecAction?action=MbiDownloadDoc&IDSession=MBI!RELTEST_STARPACK!C3C0SZAH9OXU9IXRHGJAPAU2FC5M83IPOGCVX1KM&num=V9W2U7HCB7&id_document=20200529-132819-643-EDV4X8WTY9&id_project='

2022-06-20 16:25:15 - [MESSAGE][PASSED] - Attribute 'href' of object 'Object Repository/1. Constant/xpath' is: 'https://mdb-v3-test.diadeis.com/MediaboxIndependence/Base/ExecAction?action=MbiDownloadDoc&IDSession=MBI!RELTEST_STARPACK!C3C0SZAH9OXU9IXRHGJAPAU2FC5M83IPOGCVX1KM&num=V9W2U7HCB7&id_document=20200529-132819-643-EDV4X8WTY9&id_project='

2022-06-20 16:25:15 - [TEST_STEP][PASSED] - if (test == ""): null

2022-06-20 16:25:15 - [TEST_STEP][PASSED] - delay(25): Delayed 25 second(s)

2022-06-20 16:25:40 - [MESSAGE][PASSED] - Delayed 25 second(s)

2022-06-20 16:25:40 - [TEST_STEP][PASSED] - test3 = I.isFileDownloaded("C:\Users\lamhe\Downloads", "Userguide_CommercialSupport_v1.pdf"): null

2022-06-20 16:25:40 - [TEST_STEP][PASSED] - I.print(test3): null

2022-06-20 16:25:40 - [TEST_STEP][PASSED] - if (test == "false"): null

2022-06-20 16:25:40 - [TEST_STEP][PASSED] - click(findTestObject("1. Constant/xpath", ["xpath":"//*[@id="menu_mediabase_tab_current"]/a"])): Object: 'Object Repository/1. Constant/xpath' is clicked on

2022-06-20 16:25:49 - [MESSAGE][PASSED] - Object: 'Object Repository/1. Constant/xpath' is clicked on

2022-06-20 16:25:49 - [TEST_STEP][PASSED] - click(findTestObject("1. Constant/xpath", ["xpath":"//*[@id="mediabase-panel-cards"]/div/div[1]/div/div[2]/div/a"])): Object: 'Object Repository/1. Constant/xpath' is clicked on

2022-06-20 16:25:57 - [MESSAGE][PASSED] - Object: 'Object Repository/1. Constant/xpath' is clicked on

2022-06-20 16:25:57 - [TEST_STEP][PASSED] - click(findTestObject("1. Constant/xpath", ["xpath":"/html/body/div/div[4]/div[3]/div[3]/div[2]/div/div/div[1]/div[1]/div/div[2]/div/div[1]/div/div[1]/div[2]/div/a[2]"]), STOP_ON_FAILURE): Object: 'Object Repository/1. Constant/xpath' is clicked on

2022-06-20 16:25:59 - [MESSAGE][PASSED] - Object: 'Object Repository/1. Constant/xpath' is clicked on

2022-06-20 16:25:59 - [TEST_STEP][PASSED] - takeScreenshot(): Taking screenshot successfully

2022-06-20 16:25:59 - [MESSAGE][PASSED] - Taking screenshot successfully
[[ATTACHMENT|D:\\Projet Test Auto\\Mediabox Test Automation [Test]\\Reports\\20220620_162249\\z01. Test Suites\\203. TestStarpack _ Tag Mediabase\\20220620_162250\\1655735159535.png]]

2022-06-20 16:25:59 - [TEST_STEP][PASSED] - test1 = getAttribute(findTestObject("1. Constant/xpath", ["xpath":"/html/body/div/div[4]/div[3]/div[3]/div[2]/div/div/div[1]/div[1]/div/div[2]/div/div[1]/div/div[1]/div[2]/div/a[2]"]), "href"): Attribute 'href' of object 'Object Repository/1. Constant/xpath' is: 'javascript:getDownloadAWS('20201218-125707-862-U27374VQDN','267965 Iceberg Hierbabuena 44g.pdf');'

2022-06-20 16:25:59 - [MESSAGE][PASSED] - Attribute 'href' of object 'Object Repository/1. Constant/xpath' is: 'javascript:getDownloadAWS('20201218-125707-862-U27374VQDN','267965 Iceberg Hierbabuena 44g.pdf');'

2022-06-20 16:25:59 - [TEST_STEP][PASSED] - if (test1 == ""): null

2022-06-20 16:25:59 - [TEST_STEP][PASSED] - else: Taking screenshot successfully

2022-06-20 16:25:59 - [TEST_STEP][PASSED] - I.print("Download link is: " + test1): null

2022-06-20 16:25:59 - [TEST_STEP][PASSED] - comment("Download link is: " + test1): Download link is: javascript:getDownloadAWS('20201218-125707-862-U27374VQDN','267965 Iceberg Hierbabuena 44g.pdf');

2022-06-20 16:25:59 - [MESSAGE][INFO] - Download link is: javascript:getDownloadAWS('20201218-125707-862-U27374VQDN','267965 Iceberg Hierbabuena 44g.pdf');

2022-06-20 16:25:59 - [TEST_STEP][PASSED] - test2 = "javascript:getDownloadAWS('20201218-125707-862-U27374VQDN','267965 Iceberg Hierbabuena 44g.pdf');": null

2022-06-20 16:25:59 - [TEST_STEP][PASSED] - if (test1 == test2): Taking screenshot successfully

2022-06-20 16:25:59 - [TEST_STEP][PASSED] - I.print("OK. link is same as " + test2): null

2022-06-20 16:25:59 - [TEST_STEP][PASSED] - comment("link is same as " + test2): link is same as javascript:getDownloadAWS('20201218-125707-862-U27374VQDN','267965 Iceberg Hierbabuena 44g.pdf');

2022-06-20 16:25:59 - [MESSAGE][INFO] - link is same as javascript:getDownloadAWS('20201218-125707-862-U27374VQDN','267965 Iceberg Hierbabuena 44g.pdf');

2022-06-20 16:25:59 - [TEST_STEP][PASSED] - switchToWindowIndex(1): Switched to window with index: '1'

2022-06-20 16:26:00 - [MESSAGE][PASSED] - Switched to window with index: '1'

2022-06-20 16:26:00 - [TEST_STEP][PASSED] - urltest = getUrl(): Current window's url is: 'about:blank'

2022-06-20 16:26:00 - [MESSAGE][PASSED] - Current window's url is: 'about:blank'

2022-06-20 16:26:00 - [TEST_STEP][PASSED] - I.print("url > " + urltest): null

2022-06-20 16:26:00 - [TEST_STEP][PASSED] - takeScreenshot(): Taking screenshot successfully

2022-06-20 16:26:00 - [MESSAGE][PASSED] - Taking screenshot successfully
[[ATTACHMENT|D:\\Projet Test Auto\\Mediabox Test Automation [Test]\\Reports\\20220620_162249\\z01. Test Suites\\203. TestStarpack _ Tag Mediabase\\20220620_162250\\1655735160541.png]]

2022-06-20 16:26:00 - [TEST_STEP][PASSED] - closeBrowser(): Browser is closed

2022-06-20 16:26:01 - [MESSAGE][PASSED] - Browser is closed

2022-06-20 16:26:01 - [TEST_STEP][PASSED] - Start listener action : sampleAfterTestCase: null]]></system-out>
         <system-err><![CDATA[]]></system-err>
      </testcase>
      <system-out><![CDATA[2022-06-20 16:22:59 - [TEST_SUITE][PASSED] - 203. TestStarpack _ Tag Mediabase: Test Cases/203. TestStarpack _ Tag Mediabase/203.02 TestStarpack Mediabase Download]]></system-out>
      <system-err><![CDATA[]]></system-err>
   </testsuite>
</testsuites>
