<?xml version="1.0" encoding="UTF-8"?>
<testsuites name="202. TestStarPack Full Lifecycle _Change of Rights_SAS" time="2617.941" tests="7" failures="3" errors="0">
   <testsuite name="202. TestStarPack Full Lifecycle _Change of Rights_SAS" tests="7" failures="3" errors="0" time="2617.941" skipped="0" timestamp="2022-06-20 11:28:27" hostname="lamhe - DPF-MBI-VERIF.ad.sgsco.int" id="Test Suites/z01. Test Suites/202. TestStarPack Full Lifecycle _Change of Rights_SAS">
      <properties>
         <property name="deviceName" value=""/>
         <property name="devicePlatform" value=""/>
         <property name="logFolder" value="D:\\Projet Test Auto\\Mediabox Test Automation [Test]\\Reports\\20220620_112818\\z01. Test Suites\\202. TestStarPack Full Lifecycle _Change of Rights_SAS\\20220620_112819"/>
         <property name="logFiles" value="D:\\Projet Test Auto\\Mediabox Test Automation [Test]\\Reports\\20220620_112818\\z01. Test Suites\\202. TestStarPack Full Lifecycle _Change of Rights_SAS\\20220620_112819\\execution0.log"/>
         <property name="attachments" value="D:\\Projet Test Auto\\Mediabox Test Automation [Test]\\Reports\\20220620_112818\\z01. Test Suites\\202. TestStarPack Full Lifecycle _Change of Rights_SAS\\20220620_112819\\1655717328848.png, D:\\Projet Test Auto\\Mediabox Test Automation [Test]\\Reports\\20220620_112818\\z01. Test Suites\\202. TestStarPack Full Lifecycle _Change of Rights_SAS\\20220620_112819\\1655717335038.png, D:\\Projet Test Auto\\Mediabox Test Automation [Test]\\Reports\\20220620_112818\\z01. Test Suites\\202. TestStarPack Full Lifecycle _Change of Rights_SAS\\20220620_112819\\1655717342226.png, D:\\Projet Test Auto\\Mediabox Test Automation [Test]\\Reports\\20220620_112818\\z01. Test Suites\\202. TestStarPack Full Lifecycle _Change of Rights_SAS\\20220620_112819\\1655717358999.png, D:\\Projet Test Auto\\Mediabox Test Automation [Test]\\Reports\\20220620_112818\\z01. Test Suites\\202. TestStarPack Full Lifecycle _Change of Rights_SAS\\20220620_112819\\1655717386190.png, D:\\Projet Test Auto\\Mediabox Test Automation [Test]\\Reports\\20220620_112818\\z01. Test Suites\\202. TestStarPack Full Lifecycle _Change of Rights_SAS\\20220620_112819\\1655717400586.png, D:\\Projet Test Auto\\Mediabox Test Automation [Test]\\Reports\\20220620_112818\\z01. Test Suites\\202. TestStarPack Full Lifecycle _Change of Rights_SAS\\20220620_112819\\1655717426226.png, D:\\Projet Test Auto\\Mediabox Test Automation [Test]\\Reports\\20220620_112818\\z01. Test Suites\\202. TestStarPack Full Lifecycle _Change of Rights_SAS\\20220620_112819\\1655717453450.png, D:\\Projet Test Auto\\Mediabox Test Automation [Test]\\Reports\\20220620_112818\\z01. Test Suites\\202. TestStarPack Full Lifecycle _Change of Rights_SAS\\20220620_112819\\1655717479800.png, D:\\Projet Test Auto\\Mediabox Test Automation [Test]\\Reports\\20220620_112818\\z01. Test Suites\\202. TestStarPack Full Lifecycle _Change of Rights_SAS\\20220620_112819\\1655717523252.png, D:\\Projet Test Auto\\Mediabox Test Automation [Test]\\Reports\\20220620_112818\\z01. Test Suites\\202. TestStarPack Full Lifecycle _Change of Rights_SAS\\20220620_112819\\1655717540556.png, D:\\Projet Test Auto\\Mediabox Test Automation [Test]\\Reports\\20220620_112818\\z01. Test Suites\\202. TestStarPack Full Lifecycle _Change of Rights_SAS\\20220620_112819\\1655717564672.png, D:\\Projet Test Auto\\Mediabox Test Automation [Test]\\Reports\\20220620_112818\\z01. Test Suites\\202. TestStarPack Full Lifecycle _Change of Rights_SAS\\20220620_112819\\1655717585751.png, D:\\Projet Test Auto\\Mediabox Test Automation [Test]\\Reports\\20220620_112818\\z01. Test Suites\\202. TestStarPack Full Lifecycle _Change of Rights_SAS\\20220620_112819\\1655717620952.png, D:\\Projet Test Auto\\Mediabox Test Automation [Test]\\Reports\\20220620_112818\\z01. Test Suites\\202. TestStarPack Full Lifecycle _Change of Rights_SAS\\20220620_112819\\1655717637994.png, D:\\Projet Test Auto\\Mediabox Test Automation [Test]\\Reports\\20220620_112818\\z01. Test Suites\\202. TestStarPack Full Lifecycle _Change of Rights_SAS\\20220620_112819\\1655717713231.png, D:\\Projet Test Auto\\Mediabox Test Automation [Test]\\Reports\\20220620_112818\\z01. Test Suites\\202. TestStarPack Full Lifecycle _Change of Rights_SAS\\20220620_112819\\1655717730055.png, D:\\Projet Test Auto\\Mediabox Test Automation [Test]\\Reports\\20220620_112818\\z01. Test Suites\\202. TestStarPack Full Lifecycle _Change of Rights_SAS\\20220620_112819\\1655717753748.png, D:\\Projet Test Auto\\Mediabox Test Automation [Test]\\Reports\\20220620_112818\\z01. Test Suites\\202. TestStarPack Full Lifecycle _Change of Rights_SAS\\20220620_112819\\1655717774735.png, D:\\Projet Test Auto\\Mediabox Test Automation [Test]\\Reports\\20220620_112818\\z01. Test Suites\\202. TestStarPack Full Lifecycle _Change of Rights_SAS\\20220620_112819\\1655717811151.png, D:\\Projet Test Auto\\Mediabox Test Automation [Test]\\Reports\\20220620_112818\\z01. Test Suites\\202. TestStarPack Full Lifecycle _Change of Rights_SAS\\20220620_112819\\1655717828085.png, D:\\Projet Test Auto\\Mediabox Test Automation [Test]\\Reports\\20220620_112818\\z01. Test Suites\\202. TestStarPack Full Lifecycle _Change of Rights_SAS\\20220620_112819\\1655717879762.png, D:\\Projet Test Auto\\Mediabox Test Automation [Test]\\Reports\\20220620_112818\\z01. Test Suites\\202. TestStarPack Full Lifecycle _Change of Rights_SAS\\20220620_112819\\1655717903229.png, D:\\Projet Test Auto\\Mediabox Test Automation [Test]\\Reports\\20220620_112818\\z01. Test Suites\\202. TestStarPack Full Lifecycle _Change of Rights_SAS\\20220620_112819\\1655717924284.png, D:\\Projet Test Auto\\Mediabox Test Automation [Test]\\Reports\\20220620_112818\\z01. Test Suites\\202. TestStarPack Full Lifecycle _Change of Rights_SAS\\20220620_112819\\1655717967270.png, D:\\Projet Test Auto\\Mediabox Test Automation [Test]\\Reports\\20220620_112818\\z01. Test Suites\\202. TestStarPack Full Lifecycle _Change of Rights_SAS\\20220620_112819\\1655718052724.png, D:\\Projet Test Auto\\Mediabox Test Automation [Test]\\Reports\\20220620_112818\\z01. Test Suites\\202. TestStarPack Full Lifecycle _Change of Rights_SAS\\20220620_112819\\1655718088735.png, D:\\Projet Test Auto\\Mediabox Test Automation [Test]\\Reports\\20220620_112818\\z01. Test Suites\\202. TestStarPack Full Lifecycle _Change of Rights_SAS\\20220620_112819\\1655718105495.png, D:\\Projet Test Auto\\Mediabox Test Automation [Test]\\Reports\\20220620_112818\\z01. Test Suites\\202. TestStarPack Full Lifecycle _Change of Rights_SAS\\20220620_112819\\1655718139918.png, D:\\Projet Test Auto\\Mediabox Test Automation [Test]\\Reports\\20220620_112818\\z01. Test Suites\\202. TestStarPack Full Lifecycle _Change of Rights_SAS\\20220620_112819\\1655718145167.png, D:\\Projet Test Auto\\Mediabox Test Automation [Test]\\Reports\\20220620_112818\\z01. Test Suites\\202. TestStarPack Full Lifecycle _Change of Rights_SAS\\20220620_112819\\1655718152031.png, D:\\Projet Test Auto\\Mediabox Test Automation [Test]\\Reports\\20220620_112818\\z01. Test Suites\\202. TestStarPack Full Lifecycle _Change of Rights_SAS\\20220620_112819\\1655718179827.png, D:\\Projet Test Auto\\Mediabox Test Automation [Test]\\Reports\\20220620_112818\\z01. Test Suites\\202. TestStarPack Full Lifecycle _Change of Rights_SAS\\20220620_112819\\1655718207776.png, D:\\Projet Test Auto\\Mediabox Test Automation [Test]\\Reports\\20220620_112818\\z01. Test Suites\\202. TestStarPack Full Lifecycle _Change of Rights_SAS\\20220620_112819\\1655718224851.png, D:\\Projet Test Auto\\Mediabox Test Automation [Test]\\Reports\\20220620_112818\\z01. Test Suites\\202. TestStarPack Full Lifecycle _Change of Rights_SAS\\20220620_112819\\1655718261727.png, D:\\Projet Test Auto\\Mediabox Test Automation [Test]\\Reports\\20220620_112818\\z01. Test Suites\\202. TestStarPack Full Lifecycle _Change of Rights_SAS\\20220620_112819\\1655718291284.png, D:\\Projet Test Auto\\Mediabox Test Automation [Test]\\Reports\\20220620_112818\\z01. Test Suites\\202. TestStarPack Full Lifecycle _Change of Rights_SAS\\20220620_112819\\1655718315222.png, D:\\Projet Test Auto\\Mediabox Test Automation [Test]\\Reports\\20220620_112818\\z01. Test Suites\\202. TestStarPack Full Lifecycle _Change of Rights_SAS\\20220620_112819\\1655718376035.png, D:\\Projet Test Auto\\Mediabox Test Automation [Test]\\Reports\\20220620_112818\\z01. Test Suites\\202. TestStarPack Full Lifecycle _Change of Rights_SAS\\20220620_112819\\1655718394752.png, D:\\Projet Test Auto\\Mediabox Test Automation [Test]\\Reports\\20220620_112818\\z01. Test Suites\\202. TestStarPack Full Lifecycle _Change of Rights_SAS\\20220620_112819\\1655718421498.png, D:\\Projet Test Auto\\Mediabox Test Automation [Test]\\Reports\\20220620_112818\\z01. Test Suites\\202. TestStarPack Full Lifecycle _Change of Rights_SAS\\20220620_112819\\1655718459854.png, D:\\Projet Test Auto\\Mediabox Test Automation [Test]\\Reports\\20220620_112818\\z01. Test Suites\\202. TestStarPack Full Lifecycle _Change of Rights_SAS\\20220620_112819\\1655718490594.png, D:\\Projet Test Auto\\Mediabox Test Automation [Test]\\Reports\\20220620_112818\\z01. Test Suites\\202. TestStarPack Full Lifecycle _Change of Rights_SAS\\20220620_112819\\1655718505326.png, D:\\Projet Test Auto\\Mediabox Test Automation [Test]\\Reports\\20220620_112818\\z01. Test Suites\\202. TestStarPack Full Lifecycle _Change of Rights_SAS\\20220620_112819\\1655718508377.png, D:\\Projet Test Auto\\Mediabox Test Automation [Test]\\Reports\\20220620_112818\\z01. Test Suites\\202. TestStarPack Full Lifecycle _Change of Rights_SAS\\20220620_112819\\1655718518419.png, D:\\Projet Test Auto\\Mediabox Test Automation [Test]\\Reports\\20220620_112818\\z01. Test Suites\\202. TestStarPack Full Lifecycle _Change of Rights_SAS\\20220620_112819\\1655718523759.png, D:\\Projet Test Auto\\Mediabox Test Automation [Test]\\Reports\\20220620_112818\\z01. Test Suites\\202. TestStarPack Full Lifecycle _Change of Rights_SAS\\20220620_112819\\1655718526259.png, D:\\Projet Test Auto\\Mediabox Test Automation [Test]\\Reports\\20220620_112818\\z01. Test Suites\\202. TestStarPack Full Lifecycle _Change of Rights_SAS\\20220620_112819\\1655718531298.png, D:\\Projet Test Auto\\Mediabox Test Automation [Test]\\Reports\\20220620_112818\\z01. Test Suites\\202. TestStarPack Full Lifecycle _Change of Rights_SAS\\20220620_112819\\1655718539773.png, D:\\Projet Test Auto\\Mediabox Test Automation [Test]\\Reports\\20220620_112818\\z01. Test Suites\\202. TestStarPack Full Lifecycle _Change of Rights_SAS\\20220620_112819\\1655718561292.png, D:\\Projet Test Auto\\Mediabox Test Automation [Test]\\Reports\\20220620_112818\\z01. Test Suites\\202. TestStarPack Full Lifecycle _Change of Rights_SAS\\20220620_112819\\1655718597098.png, D:\\Projet Test Auto\\Mediabox Test Automation [Test]\\Reports\\20220620_112818\\z01. Test Suites\\202. TestStarPack Full Lifecycle _Change of Rights_SAS\\20220620_112819\\1655718622927.png, D:\\Projet Test Auto\\Mediabox Test Automation [Test]\\Reports\\20220620_112818\\z01. Test Suites\\202. TestStarPack Full Lifecycle _Change of Rights_SAS\\20220620_112819\\1655718690673.png, D:\\Projet Test Auto\\Mediabox Test Automation [Test]\\Reports\\20220620_112818\\z01. Test Suites\\202. TestStarPack Full Lifecycle _Change of Rights_SAS\\20220620_112819\\1655718693251.png, D:\\Projet Test Auto\\Mediabox Test Automation [Test]\\Reports\\20220620_112818\\z01. Test Suites\\202. TestStarPack Full Lifecycle _Change of Rights_SAS\\20220620_112819\\1655718712594.png, D:\\Projet Test Auto\\Mediabox Test Automation [Test]\\Reports\\20220620_112818\\z01. Test Suites\\202. TestStarPack Full Lifecycle _Change of Rights_SAS\\20220620_112819\\1655718741586.png, D:\\Projet Test Auto\\Mediabox Test Automation [Test]\\Reports\\20220620_112818\\z01. Test Suites\\202. TestStarPack Full Lifecycle _Change of Rights_SAS\\20220620_112819\\1655718762846.png, D:\\Projet Test Auto\\Mediabox Test Automation [Test]\\Reports\\20220620_112818\\z01. Test Suites\\202. TestStarPack Full Lifecycle _Change of Rights_SAS\\20220620_112819\\1655718799899.png, D:\\Projet Test Auto\\Mediabox Test Automation [Test]\\Reports\\20220620_112818\\z01. Test Suites\\202. TestStarPack Full Lifecycle _Change of Rights_SAS\\20220620_112819\\1655718822108.png, D:\\Projet Test Auto\\Mediabox Test Automation [Test]\\Reports\\20220620_112818\\z01. Test Suites\\202. TestStarPack Full Lifecycle _Change of Rights_SAS\\20220620_112819\\1655718905399.png, D:\\Projet Test Auto\\Mediabox Test Automation [Test]\\Reports\\20220620_112818\\z01. Test Suites\\202. TestStarPack Full Lifecycle _Change of Rights_SAS\\20220620_112819\\1655718983939.png, D:\\Projet Test Auto\\Mediabox Test Automation [Test]\\Reports\\20220620_112818\\z01. Test Suites\\202. TestStarPack Full Lifecycle _Change of Rights_SAS\\20220620_112819\\1655719029569.png, D:\\Projet Test Auto\\Mediabox Test Automation [Test]\\Reports\\20220620_112818\\z01. Test Suites\\202. TestStarPack Full Lifecycle _Change of Rights_SAS\\20220620_112819\\1655719054389.png, D:\\Projet Test Auto\\Mediabox Test Automation [Test]\\Reports\\20220620_112818\\z01. Test Suites\\202. TestStarPack Full Lifecycle _Change of Rights_SAS\\20220620_112819\\1655719075359.png, D:\\Projet Test Auto\\Mediabox Test Automation [Test]\\Reports\\20220620_112818\\z01. Test Suites\\202. TestStarPack Full Lifecycle _Change of Rights_SAS\\20220620_112819\\1655719109999.png, D:\\Projet Test Auto\\Mediabox Test Automation [Test]\\Reports\\20220620_112818\\z01. Test Suites\\202. TestStarPack Full Lifecycle _Change of Rights_SAS\\20220620_112819\\1655719127580.png, D:\\Projet Test Auto\\Mediabox Test Automation [Test]\\Reports\\20220620_112818\\z01. Test Suites\\202. TestStarPack Full Lifecycle _Change of Rights_SAS\\20220620_112819\\1655719200388.png, D:\\Projet Test Auto\\Mediabox Test Automation [Test]\\Reports\\20220620_112818\\z01. Test Suites\\202. TestStarPack Full Lifecycle _Change of Rights_SAS\\20220620_112819\\1655719249647.png, D:\\Projet Test Auto\\Mediabox Test Automation [Test]\\Reports\\20220620_112818\\z01. Test Suites\\202. TestStarPack Full Lifecycle _Change of Rights_SAS\\20220620_112819\\1655719274329.png, D:\\Projet Test Auto\\Mediabox Test Automation [Test]\\Reports\\20220620_112818\\z01. Test Suites\\202. TestStarPack Full Lifecycle _Change of Rights_SAS\\20220620_112819\\1655719294853.png, D:\\Projet Test Auto\\Mediabox Test Automation [Test]\\Reports\\20220620_112818\\z01. Test Suites\\202. TestStarPack Full Lifecycle _Change of Rights_SAS\\20220620_112819\\1655719317295.png, D:\\Projet Test Auto\\Mediabox Test Automation [Test]\\Reports\\20220620_112818\\z01. Test Suites\\202. TestStarPack Full Lifecycle _Change of Rights_SAS\\20220620_112819\\1655719318940.png, D:\\Projet Test Auto\\Mediabox Test Automation [Test]\\Reports\\20220620_112818\\z01. Test Suites\\202. TestStarPack Full Lifecycle _Change of Rights_SAS\\20220620_112819\\1655719324634.png, D:\\Projet Test Auto\\Mediabox Test Automation [Test]\\Reports\\20220620_112818\\z01. Test Suites\\202. TestStarPack Full Lifecycle _Change of Rights_SAS\\20220620_112819\\1655719325077.png, D:\\Projet Test Auto\\Mediabox Test Automation [Test]\\Reports\\20220620_112818\\z01. Test Suites\\202. TestStarPack Full Lifecycle _Change of Rights_SAS\\20220620_112819\\1655719326650.png, D:\\Projet Test Auto\\Mediabox Test Automation [Test]\\Reports\\20220620_112818\\z01. Test Suites\\202. TestStarPack Full Lifecycle _Change of Rights_SAS\\20220620_112819\\1655719330261.png, D:\\Projet Test Auto\\Mediabox Test Automation [Test]\\Reports\\20220620_112818\\z01. Test Suites\\202. TestStarPack Full Lifecycle _Change of Rights_SAS\\20220620_112819\\1655719340326.png, D:\\Projet Test Auto\\Mediabox Test Automation [Test]\\Reports\\20220620_112818\\z01. Test Suites\\202. TestStarPack Full Lifecycle _Change of Rights_SAS\\20220620_112819\\1655719349895.png, D:\\Projet Test Auto\\Mediabox Test Automation [Test]\\Reports\\20220620_112818\\z01. Test Suites\\202. TestStarPack Full Lifecycle _Change of Rights_SAS\\20220620_112819\\1655719356101.png, D:\\Projet Test Auto\\Mediabox Test Automation [Test]\\Reports\\20220620_112818\\z01. Test Suites\\202. TestStarPack Full Lifecycle _Change of Rights_SAS\\20220620_112819\\1655719366809.png, D:\\Projet Test Auto\\Mediabox Test Automation [Test]\\Reports\\20220620_112818\\z01. Test Suites\\202. TestStarPack Full Lifecycle _Change of Rights_SAS\\20220620_112819\\1655719371633.png, D:\\Projet Test Auto\\Mediabox Test Automation [Test]\\Reports\\20220620_112818\\z01. Test Suites\\202. TestStarPack Full Lifecycle _Change of Rights_SAS\\20220620_112819\\1655719390821.png, D:\\Projet Test Auto\\Mediabox Test Automation [Test]\\Reports\\20220620_112818\\z01. Test Suites\\202. TestStarPack Full Lifecycle _Change of Rights_SAS\\20220620_112819\\1655719413043.png, D:\\Projet Test Auto\\Mediabox Test Automation [Test]\\Reports\\20220620_112818\\z01. Test Suites\\202. TestStarPack Full Lifecycle _Change of Rights_SAS\\20220620_112819\\1655719414555.png, D:\\Projet Test Auto\\Mediabox Test Automation [Test]\\Reports\\20220620_112818\\z01. Test Suites\\202. TestStarPack Full Lifecycle _Change of Rights_SAS\\20220620_112819\\1655719426631.png, D:\\Projet Test Auto\\Mediabox Test Automation [Test]\\Reports\\20220620_112818\\z01. Test Suites\\202. TestStarPack Full Lifecycle _Change of Rights_SAS\\20220620_112819\\1655719446110.png, D:\\Projet Test Auto\\Mediabox Test Automation [Test]\\Reports\\20220620_112818\\z01. Test Suites\\202. TestStarPack Full Lifecycle _Change of Rights_SAS\\20220620_112819\\1655719454604.png, D:\\Projet Test Auto\\Mediabox Test Automation [Test]\\Reports\\20220620_112818\\z01. Test Suites\\202. TestStarPack Full Lifecycle _Change of Rights_SAS\\20220620_112819\\1655719470891.png, D:\\Projet Test Auto\\Mediabox Test Automation [Test]\\Reports\\20220620_112818\\z01. Test Suites\\202. TestStarPack Full Lifecycle _Change of Rights_SAS\\20220620_112819\\1655719476489.png, D:\\Projet Test Auto\\Mediabox Test Automation [Test]\\Reports\\20220620_112818\\z01. Test Suites\\202. TestStarPack Full Lifecycle _Change of Rights_SAS\\20220620_112819\\1655719487140.png, D:\\Projet Test Auto\\Mediabox Test Automation [Test]\\Reports\\20220620_112818\\z01. Test Suites\\202. TestStarPack Full Lifecycle _Change of Rights_SAS\\20220620_112819\\1655719502383.png, D:\\Projet Test Auto\\Mediabox Test Automation [Test]\\Reports\\20220620_112818\\z01. Test Suites\\202. TestStarPack Full Lifecycle _Change of Rights_SAS\\20220620_112819\\1655719521765.png, D:\\Projet Test Auto\\Mediabox Test Automation [Test]\\Reports\\20220620_112818\\z01. Test Suites\\202. TestStarPack Full Lifecycle _Change of Rights_SAS\\20220620_112819\\1655719523164.png, D:\\Projet Test Auto\\Mediabox Test Automation [Test]\\Reports\\20220620_112818\\z01. Test Suites\\202. TestStarPack Full Lifecycle _Change of Rights_SAS\\20220620_112819\\1655719523590.png, D:\\Projet Test Auto\\Mediabox Test Automation [Test]\\Reports\\20220620_112818\\z01. Test Suites\\202. TestStarPack Full Lifecycle _Change of Rights_SAS\\20220620_112819\\1655719533591.png, D:\\Projet Test Auto\\Mediabox Test Automation [Test]\\Reports\\20220620_112818\\z01. Test Suites\\202. TestStarPack Full Lifecycle _Change of Rights_SAS\\20220620_112819\\1655719539833.png, D:\\Projet Test Auto\\Mediabox Test Automation [Test]\\Reports\\20220620_112818\\z01. Test Suites\\202. TestStarPack Full Lifecycle _Change of Rights_SAS\\20220620_112819\\1655719541941.png, D:\\Projet Test Auto\\Mediabox Test Automation [Test]\\Reports\\20220620_112818\\z01. Test Suites\\202. TestStarPack Full Lifecycle _Change of Rights_SAS\\20220620_112819\\1655719548820.png, D:\\Projet Test Auto\\Mediabox Test Automation [Test]\\Reports\\20220620_112818\\z01. Test Suites\\202. TestStarPack Full Lifecycle _Change of Rights_SAS\\20220620_112819\\1655719560394.png, D:\\Projet Test Auto\\Mediabox Test Automation [Test]\\Reports\\20220620_112818\\z01. Test Suites\\202. TestStarPack Full Lifecycle _Change of Rights_SAS\\20220620_112819\\1655719581172.png, D:\\Projet Test Auto\\Mediabox Test Automation [Test]\\Reports\\20220620_112818\\z01. Test Suites\\202. TestStarPack Full Lifecycle _Change of Rights_SAS\\20220620_112819\\1655719641088.png, D:\\Projet Test Auto\\Mediabox Test Automation [Test]\\Reports\\20220620_112818\\z01. Test Suites\\202. TestStarPack Full Lifecycle _Change of Rights_SAS\\20220620_112819\\1655719658388.png, D:\\Projet Test Auto\\Mediabox Test Automation [Test]\\Reports\\20220620_112818\\z01. Test Suites\\202. TestStarPack Full Lifecycle _Change of Rights_SAS\\20220620_112819\\1655719663979.png, D:\\Projet Test Auto\\Mediabox Test Automation [Test]\\Reports\\20220620_112818\\z01. Test Suites\\202. TestStarPack Full Lifecycle _Change of Rights_SAS\\20220620_112819\\1655719670119.png, D:\\Projet Test Auto\\Mediabox Test Automation [Test]\\Reports\\20220620_112818\\z01. Test Suites\\202. TestStarPack Full Lifecycle _Change of Rights_SAS\\20220620_112819\\1655719684357.png, D:\\Projet Test Auto\\Mediabox Test Automation [Test]\\Reports\\20220620_112818\\z01. Test Suites\\202. TestStarPack Full Lifecycle _Change of Rights_SAS\\20220620_112819\\1655719733761.png, D:\\Projet Test Auto\\Mediabox Test Automation [Test]\\Reports\\20220620_112818\\z01. Test Suites\\202. TestStarPack Full Lifecycle _Change of Rights_SAS\\20220620_112819\\1655719748721.png, D:\\Projet Test Auto\\Mediabox Test Automation [Test]\\Reports\\20220620_112818\\z01. Test Suites\\202. TestStarPack Full Lifecycle _Change of Rights_SAS\\20220620_112819\\1655719754390.png, D:\\Projet Test Auto\\Mediabox Test Automation [Test]\\Reports\\20220620_112818\\z01. Test Suites\\202. TestStarPack Full Lifecycle _Change of Rights_SAS\\20220620_112819\\1655719761876.png, D:\\Projet Test Auto\\Mediabox Test Automation [Test]\\Reports\\20220620_112818\\z01. Test Suites\\202. TestStarPack Full Lifecycle _Change of Rights_SAS\\20220620_112819\\1655719780803.png, D:\\Projet Test Auto\\Mediabox Test Automation [Test]\\Reports\\20220620_112818\\z01. Test Suites\\202. TestStarPack Full Lifecycle _Change of Rights_SAS\\20220620_112819\\1655719827737.png, D:\\Projet Test Auto\\Mediabox Test Automation [Test]\\Reports\\20220620_112818\\z01. Test Suites\\202. TestStarPack Full Lifecycle _Change of Rights_SAS\\20220620_112819\\1655719840900.png, D:\\Projet Test Auto\\Mediabox Test Automation [Test]\\Reports\\20220620_112818\\z01. Test Suites\\202. TestStarPack Full Lifecycle _Change of Rights_SAS\\20220620_112819\\1655719846189.png, D:\\Projet Test Auto\\Mediabox Test Automation [Test]\\Reports\\20220620_112818\\z01. Test Suites\\202. TestStarPack Full Lifecycle _Change of Rights_SAS\\20220620_112819\\1655719852377.png, D:\\Projet Test Auto\\Mediabox Test Automation [Test]\\Reports\\20220620_112818\\z01. Test Suites\\202. TestStarPack Full Lifecycle _Change of Rights_SAS\\20220620_112819\\1655719868241.png, D:\\Projet Test Auto\\Mediabox Test Automation [Test]\\Reports\\20220620_112818\\z01. Test Suites\\202. TestStarPack Full Lifecycle _Change of Rights_SAS\\20220620_112819\\1655719925367.png"/>
         <property name="hostName" value="lamhe - DPF-MBI-VERIF.ad.sgsco.int"/>
         <property name="os" value="Windows 10 64bit"/>
         <property name="katalonVersion" value="8.3.0.208"/>
         <property name="browser" value="Chrome 102.0.5005.115"/>
         <property name="hostAddress" value="10.15.10.53"/>
         <property name="sessionId" value="2305974f443d6bc6252a7b0b6e7fac81"/>
         <property name="seleniumVersion" value="3.141.59"/>
         <property name="proxyInformation" value="ProxyInformation { proxyOption=NO_PROXY, proxyServerType=HTTP, username=, password=********, proxyServerAddress=, proxyServerPort=0, executionList=&quot;&quot;, isApplyToDesiredCapabilities=true }"/>
         <property name="platform" value="Windows 10"/>
      </properties>
      <testcase name="Test Cases/202. TestStarPack Full Lifecycle _Change of Rights_SAS/202.07 TestStarPack change of rights (Prod)_Ticket4757" time="815.77" classname="Test Cases/202. TestStarPack Full Lifecycle _Change of Rights_SAS/202.07 TestStarPack change of rights (Prod)_Ticket4757" status="PASSED">
         <system-out><![CDATA[2022-06-20 11:28:28 - [TEST_CASE][PASSED] - Test Cases/202. TestStarPack Full Lifecycle _Change of Rights_SAS/202.07 TestStarPack change of rights (Prod)_Ticket4757: Test Cases/202. TestStarPack Full Lifecycle _Change of Rights_SAS/202.07 TestStarPack change of rights (Prod)_Ticket4757

2022-06-20 11:28:29 - [TEST_STEP][PASSED] - data = findTestData("Data Files/Username_Password/Test_Starpack"): null

2022-06-20 11:28:29 - [TEST_STEP][PASSED] - password_suser = data.getValue(2, 1): null

2022-06-20 11:28:29 - [TEST_STEP][PASSED] - password_aherms = data.getValue(2, 2): null

2022-06-20 11:28:29 - [TEST_STEP][PASSED] - password_agluszczynska = data.getValue(2, 3): null

2022-06-20 11:28:29 - [TEST_STEP][PASSED] - password_jmaciaszczyk = data.getValue(2, 4): null

2022-06-20 11:28:29 - [TEST_STEP][PASSED] - password_aterreshernandez = data.getValue(2, 5): null

2022-06-20 11:28:29 - [TEST_STEP][PASSED] - password_amartin_arbol = data.getValue(2, 6): null

2022-06-20 11:28:29 - [TEST_STEP][PASSED] - password_adelamatanieves = data.getValue(2, 7): null

2022-06-20 11:28:29 - [TEST_STEP][PASSED] - password_kcannoosamy_dia = data.getValue(2, 8): null

2022-06-20 11:28:29 - [TEST_STEP][PASSED] - password_ysanzmonedero = data.getValue(2, 16): null

2022-06-20 11:28:29 - [TEST_STEP][PASSED] - password_bsolletbravo = data.getValue(2, 17): null

2022-06-20 11:28:29 - [TEST_STEP][PASSED] - password_agarciasanchez = data.getValue(2, 18): null

2022-06-20 11:28:29 - [TEST_STEP][PASSED] - data_urlTestAUTO = findTestData("Data Files/URL/URL_testauto"): null

2022-06-20 11:28:29 - [TEST_STEP][PASSED] - Url_Starpack = data_urlTestAUTO.getValue(2, 2): null

2022-06-20 11:28:29 - [TEST_STEP][PASSED] - openBrowser(Url_Starpack): Browser is opened with url: 'https://mdb-v3-test.diadeis.com/MediaboxIndependence/?MBI_datasource=RELTEST_STARPACK'

2022-06-20 11:28:30 - [MESSAGE][INFO] - Starting 'Chrome (headless)' driver

2022-06-20 11:28:30 - [MESSAGE][INFO] - User set preference: ['args', '[--window-size=1920,1080, --headless]']

2022-06-20 11:28:30 - [MESSAGE][INFO] - Action delay is set to 0 milliseconds

2022-06-20 11:28:38 - [MESSAGE][PASSED] - Browser is opened with url: 'https://mdb-v3-test.diadeis.com/MediaboxIndependence/?MBI_datasource=RELTEST_STARPACK'

2022-06-20 11:28:38 - [TEST_STEP][PASSED] - maximizeWindow(): Current window maximized

2022-06-20 11:28:39 - [MESSAGE][PASSED] - Current window maximized

2022-06-20 11:28:39 - [TEST_STEP][PASSED] - I.Login_password("adelamatanieves", password_adelamatanieves): Object: 'Object Repository/1. Constant/xpath' is clicked on

2022-06-20 11:28:40 - [MESSAGE][PASSED] - Text 'adelamatanieves' is set on object 'Object Repository/1. Constant/xpath'

2022-06-20 11:28:41 - [MESSAGE][PASSED] - Delayed 1 second(s)

2022-06-20 11:28:42 - [MESSAGE][PASSED] - Text 'diadeis' is set on object 'Object Repository/1. Constant/xpath'

2022-06-20 11:28:43 - [MESSAGE][PASSED] - Delayed 1 second(s)

2022-06-20 11:28:48 - [MESSAGE][PASSED] - Object: 'Object Repository/1. Constant/xpath' is clicked on

2022-06-20 11:28:48 - [TEST_STEP][PASSED] - takeScreenshot(): Taking screenshot successfully

2022-06-20 11:28:49 - [MESSAGE][PASSED] - Taking screenshot successfully
[[ATTACHMENT|D:\\Projet Test Auto\\Mediabox Test Automation [Test]\\Reports\\20220620_112818\\z01. Test Suites\\202. TestStarPack Full Lifecycle _Change of Rights_SAS\\20220620_112819\\1655717328848.png]]

2022-06-20 11:28:49 - [TEST_STEP][PASSED] - click(findTestObject("1. Constant/02_LHSMenu_Projects")): Object: 'Object Repository/1. Constant/02_LHSMenu_Projects' is clicked on

2022-06-20 11:28:53 - [MESSAGE][PASSED] - Object: 'Object Repository/1. Constant/02_LHSMenu_Projects' is clicked on

2022-06-20 11:28:53 - [TEST_STEP][PASSED] - click(findTestObject("xxx Todelete/3 ProjectListPage_Create_Project_Button")): Object: 'Object Repository/xxx Todelete/3 ProjectListPage_Create_Project_Button' is clicked on

2022-06-20 11:28:54 - [MESSAGE][PASSED] - Object: 'Object Repository/xxx Todelete/3 ProjectListPage_Create_Project_Button' is clicked on

2022-06-20 11:28:54 - [TEST_STEP][PASSED] - takeScreenshot(): Taking screenshot successfully

2022-06-20 11:28:55 - [MESSAGE][PASSED] - Taking screenshot successfully
[[ATTACHMENT|D:\\Projet Test Auto\\Mediabox Test Automation [Test]\\Reports\\20220620_112818\\z01. Test Suites\\202. TestStarPack Full Lifecycle _Change of Rights_SAS\\20220620_112819\\1655717335038.png]]

2022-06-20 11:28:55 - [TEST_STEP][PASSED] - project_name = "TC202.07_AutoTest_Chrome_Starpack" + RandomStringUtils.randomAlphanumeric(10) + "_" + I.gettimedate(): null

2022-06-20 11:28:55 - [TEST_STEP][PASSED] - setText(findTestObject("HL Full Lifecycle/4 CreateProjPage_inputProjectname"), project_name): Text 'TC202.07_AutoTest_Chrome_Starpack2SAm0OKO9l_juin202022_112855' is set on object 'Object Repository/HL Full Lifecycle/4 CreateProjPage_inputProjectname'

2022-06-20 11:28:56 - [MESSAGE][PASSED] - Text 'TC202.07_AutoTest_Chrome_Starpack2SAm0OKO9l_juin202022_112855' is set on object 'Object Repository/HL Full Lifecycle/4 CreateProjPage_inputProjectname'

2022-06-20 11:28:56 - [TEST_STEP][PASSED] - click(findTestObject("HL Full Lifecycle/4 CreateProjPage_Create Project_Bluebutton")): Object: 'Object Repository/HL Full Lifecycle/4 CreateProjPage_Create Project_Bluebutton' is clicked on

2022-06-20 11:29:01 - [MESSAGE][PASSED] - Object: 'Object Repository/HL Full Lifecycle/4 CreateProjPage_Create Project_Bluebutton' is clicked on

2022-06-20 11:29:01 - [TEST_STEP][PASSED] - delay(1): Delayed 1 second(s)

2022-06-20 11:29:02 - [MESSAGE][PASSED] - Delayed 1 second(s)

2022-06-20 11:29:02 - [TEST_STEP][PASSED] - takeScreenshot(): Taking screenshot successfully

2022-06-20 11:29:02 - [MESSAGE][PASSED] - Taking screenshot successfully
[[ATTACHMENT|D:\\Projet Test Auto\\Mediabox Test Automation [Test]\\Reports\\20220620_112818\\z01. Test Suites\\202. TestStarPack Full Lifecycle _Change of Rights_SAS\\20220620_112819\\1655717342226.png]]

2022-06-20 11:29:02 - [TEST_STEP][PASSED] - selectOptionByValue(findTestObject("1. Constant/01_id_field_id", ["field_id":"var_98"]), "122", false): All options with value '122' are selected in object 'Object Repository/1. Constant/01_id_field_id' 

2022-06-20 11:29:02 - [MESSAGE][PASSED] - All options with value '122' are selected in object 'Object Repository/1. Constant/01_id_field_id' 

2022-06-20 11:29:02 - [TEST_STEP][PASSED] - delay(1): Delayed 1 second(s)

2022-06-20 11:29:03 - [MESSAGE][PASSED] - Delayed 1 second(s)

2022-06-20 11:29:03 - [TEST_STEP][PASSED] - selectOptionByValue(findTestObject("1. Constant/01_id_field_id", ["field_id":"var_9"]), "amartin_arbol", false): All options with value 'amartin_arbol' are selected in object 'Object Repository/1. Constant/01_id_field_id' 

2022-06-20 11:29:04 - [MESSAGE][PASSED] - All options with value 'amartin_arbol' are selected in object 'Object Repository/1. Constant/01_id_field_id' 

2022-06-20 11:29:04 - [TEST_STEP][PASSED] - delay(1): Delayed 1 second(s)

2022-06-20 11:29:05 - [MESSAGE][PASSED] - Delayed 1 second(s)

2022-06-20 11:29:05 - [TEST_STEP][PASSED] - selectOptionByValue(findTestObject("1. Constant/01_id_field_id", ["field_id":"var_10"]), "aterreshernandez", false): All options with value 'aterreshernandez' are selected in object 'Object Repository/1. Constant/01_id_field_id' 

2022-06-20 11:29:05 - [MESSAGE][PASSED] - All options with value 'aterreshernandez' are selected in object 'Object Repository/1. Constant/01_id_field_id' 

2022-06-20 11:29:05 - [TEST_STEP][PASSED] - delay(1): Delayed 1 second(s)

2022-06-20 11:29:06 - [MESSAGE][PASSED] - Delayed 1 second(s)

2022-06-20 11:29:06 - [TEST_STEP][PASSED] - selectOptionByValue(findTestObject("Object Repository/xxx Todelete/1.4 ModifyProPage_MF(IDP)"), "nalonsobermejo", true): All options with value 'nalonsobermejo' are selected in object 'Object Repository/xxx Todelete/1.4 ModifyProPage_MF(IDP)'  using regular expression

2022-06-20 11:29:07 - [MESSAGE][PASSED] - All options with value 'nalonsobermejo' are selected in object 'Object Repository/xxx Todelete/1.4 ModifyProPage_MF(IDP)'  using regular expression

2022-06-20 11:29:07 - [TEST_STEP][PASSED] - delay(1): Delayed 1 second(s)

2022-06-20 11:29:08 - [MESSAGE][PASSED] - Delayed 1 second(s)

2022-06-20 11:29:08 - [TEST_STEP][PASSED] - click(findTestObject("Object Repository/xxx Todelete/1.41 ModifyProPage_AddMF")): Object: 'Object Repository/xxx Todelete/1.41 ModifyProPage_AddMF' is clicked on

2022-06-20 11:29:08 - [MESSAGE][PASSED] - Object: 'Object Repository/xxx Todelete/1.41 ModifyProPage_AddMF' is clicked on

2022-06-20 11:29:08 - [TEST_STEP][PASSED] - delay(1): Delayed 1 second(s)

2022-06-20 11:29:09 - [MESSAGE][PASSED] - Delayed 1 second(s)

2022-06-20 11:29:09 - [TEST_STEP][PASSED] - selectOptionByValue(findTestObject("1. Constant/01_id_field_id", ["field_id":"var_15"]), "292", false): All options with value '292' are selected in object 'Object Repository/1. Constant/01_id_field_id' 

2022-06-20 11:29:10 - [MESSAGE][PASSED] - All options with value '292' are selected in object 'Object Repository/1. Constant/01_id_field_id' 

2022-06-20 11:29:10 - [TEST_STEP][PASSED] - delay(1): Delayed 1 second(s)

2022-06-20 11:29:11 - [MESSAGE][PASSED] - Delayed 1 second(s)

2022-06-20 11:29:11 - [TEST_STEP][PASSED] - value = getAttribute(findTestObject("Object Repository/StarPack - Full Lifecycle (AWIS)/1.6 ModifyProPage _NDP"), "value"): Attribute 'value' of object 'Object Repository/StarPack - Full Lifecycle (AWIS)/1.6 ModifyProPage _NDP' is: 'MCBRIDE, S.A.'

2022-06-20 11:29:11 - [MESSAGE][PASSED] - Attribute 'value' of object 'Object Repository/StarPack - Full Lifecycle (AWIS)/1.6 ModifyProPage _NDP' is: 'MCBRIDE, S.A.'

2022-06-20 11:29:11 - [TEST_STEP][PASSED] - delay(1): Delayed 1 second(s)

2022-06-20 11:29:12 - [MESSAGE][PASSED] - Delayed 1 second(s)

2022-06-20 11:29:12 - [TEST_STEP][PASSED] - delay(1): Delayed 1 second(s)

2022-06-20 11:29:13 - [MESSAGE][PASSED] - Delayed 1 second(s)

2022-06-20 11:29:13 - [TEST_STEP][PASSED] - selectOptionByValue(findTestObject("1. Constant/01_id_field_id", ["field_id":"var_26"]), "94", false): All options with value '94' are selected in object 'Object Repository/1. Constant/01_id_field_id' 

2022-06-20 11:29:13 - [MESSAGE][PASSED] - All options with value '94' are selected in object 'Object Repository/1. Constant/01_id_field_id' 

2022-06-20 11:29:13 - [TEST_STEP][PASSED] - delay(1): Delayed 1 second(s)

2022-06-20 11:29:14 - [MESSAGE][PASSED] - Delayed 1 second(s)

2022-06-20 11:29:14 - [TEST_STEP][PASSED] - selectOptionByValue(findTestObject("1. Constant/01_id_field_id", ["field_id":"var_12"]), "94", false): All options with value '94' are selected in object 'Object Repository/1. Constant/01_id_field_id' 

2022-06-20 11:29:15 - [MESSAGE][PASSED] - All options with value '94' are selected in object 'Object Repository/1. Constant/01_id_field_id' 

2022-06-20 11:29:15 - [TEST_STEP][PASSED] - delay(1): Delayed 1 second(s)

2022-06-20 11:29:16 - [MESSAGE][PASSED] - Delayed 1 second(s)

2022-06-20 11:29:16 - [TEST_STEP][PASSED] - selectOptionByValue(findTestObject("1. Constant/01_id_field_id", ["field_id":"var_27"]), "734", false): All options with value '734' are selected in object 'Object Repository/1. Constant/01_id_field_id' 

2022-06-20 11:29:16 - [MESSAGE][PASSED] - All options with value '734' are selected in object 'Object Repository/1. Constant/01_id_field_id' 

2022-06-20 11:29:16 - [TEST_STEP][PASSED] - delay(1): Delayed 1 second(s)

2022-06-20 11:29:17 - [MESSAGE][PASSED] - Delayed 1 second(s)

2022-06-20 11:29:17 - [TEST_STEP][PASSED] - selectOptionByValue(findTestObject("1. Constant/01_id_field_id", ["field_id":"var_71"]), "efood", false): All options with value 'efood' are selected in object 'Object Repository/1. Constant/01_id_field_id' 

2022-06-20 11:29:17 - [MESSAGE][PASSED] - All options with value 'efood' are selected in object 'Object Repository/1. Constant/01_id_field_id' 

2022-06-20 11:29:17 - [TEST_STEP][PASSED] - delay(1): Delayed 1 second(s)

2022-06-20 11:29:18 - [MESSAGE][PASSED] - Delayed 1 second(s)

2022-06-20 11:29:18 - [TEST_STEP][PASSED] - takeScreenshot(): Taking screenshot successfully

2022-06-20 11:29:19 - [MESSAGE][PASSED] - Taking screenshot successfully
[[ATTACHMENT|D:\\Projet Test Auto\\Mediabox Test Automation [Test]\\Reports\\20220620_112818\\z01. Test Suites\\202. TestStarPack Full Lifecycle _Change of Rights_SAS\\20220620_112819\\1655717358999.png]]

2022-06-20 11:29:19 - [TEST_STEP][PASSED] - delay(10): Delayed 10 second(s)

2022-06-20 11:29:29 - [MESSAGE][PASSED] - Delayed 10 second(s)

2022-06-20 11:29:29 - [TEST_STEP][PASSED] - click(findTestObject("HL Full Lifecycle/5 ModifyProjPage_button_Update")): Object: 'Object Repository/HL Full Lifecycle/5 ModifyProjPage_button_Update' is clicked on

2022-06-20 11:29:33 - [MESSAGE][PASSED] - Object: 'Object Repository/HL Full Lifecycle/5 ModifyProjPage_button_Update' is clicked on

2022-06-20 11:29:33 - [TEST_STEP][PASSED] - waitForPageLoad(10): Wait for page load successfully

2022-06-20 11:29:33 - [MESSAGE][PASSED] - Wait for page load successfully

2022-06-20 11:29:33 - [TEST_STEP][PASSED] - delay(5): Delayed 5 second(s)

2022-06-20 11:29:38 - [MESSAGE][PASSED] - Delayed 5 second(s)

2022-06-20 11:29:38 - [TEST_STEP][PASSED] - Project_No = I.ProjectNo(): Current window's url is: 'https://mdb-v3-test.diadeis.com/MediaboxIndependence/Base/ExecAction?IDSession=MBI%21RELTEST_STARPACK%21LIQY2554Y8OH2SULKR3OKWUV5Z5SPCO9SB6LAV0H&default_action=AfficheFichesProjet&id_project=MI000948'

2022-06-20 11:29:43 - [MESSAGE][PASSED] - Delayed 5 second(s)

2022-06-20 11:29:43 - [MESSAGE][PASSED] - Current window's url is: 'https://mdb-v3-test.diadeis.com/MediaboxIndependence/Base/ExecAction?IDSession=MBI%21RELTEST_STARPACK%21LIQY2554Y8OH2SULKR3OKWUV5Z5SPCO9SB6LAV0H&default_action=AfficheFichesProjet&id_project=MI000948'

2022-06-20 11:29:43 - [TEST_STEP][PASSED] - click(findTestObject("HL Full Lifecycle/6 ReferenceListPage_createrefbutton")): Object: 'Object Repository/HL Full Lifecycle/6 ReferenceListPage_createrefbutton' is clicked on

2022-06-20 11:29:43 - [MESSAGE][PASSED] - Object: 'Object Repository/HL Full Lifecycle/6 ReferenceListPage_createrefbutton' is clicked on

2022-06-20 11:29:43 - [TEST_STEP][PASSED] - click(findTestObject("HL Full Lifecycle/6 ReferenceListPaga_Create a component_button")): Object: 'Object Repository/HL Full Lifecycle/6 ReferenceListPaga_Create a component_button' is clicked on

2022-06-20 11:29:45 - [MESSAGE][PASSED] - Object: 'Object Repository/HL Full Lifecycle/6 ReferenceListPaga_Create a component_button' is clicked on

2022-06-20 11:29:45 - [TEST_STEP][PASSED] - waitForPageLoad(10): Wait for page load successfully

2022-06-20 11:29:46 - [MESSAGE][PASSED] - Wait for page load successfully

2022-06-20 11:29:46 - [TEST_STEP][PASSED] - takeScreenshot(): Taking screenshot successfully

2022-06-20 11:29:46 - [MESSAGE][PASSED] - Taking screenshot successfully
[[ATTACHMENT|D:\\Projet Test Auto\\Mediabox Test Automation [Test]\\Reports\\20220620_112818\\z01. Test Suites\\202. TestStarPack Full Lifecycle _Change of Rights_SAS\\20220620_112819\\1655717386190.png]]

2022-06-20 11:29:46 - [TEST_STEP][PASSED] - selectOptionByValue(findTestObject("1. Constant/01_id_field_id", ["field_id":"ref_type"]), "6", false): All options with value '6' are selected in object 'Object Repository/1. Constant/01_id_field_id' 

2022-06-20 11:29:48 - [MESSAGE][PASSED] - All options with value '6' are selected in object 'Object Repository/1. Constant/01_id_field_id' 

2022-06-20 11:29:48 - [TEST_STEP][PASSED] - click(findTestObject("HL Full Lifecycle/6 ReferencePg_Create a component_bluebutton")): Object: 'Object Repository/HL Full Lifecycle/6 ReferencePg_Create a component_bluebutton' is clicked on

2022-06-20 11:29:55 - [MESSAGE][PASSED] - Object: 'Object Repository/HL Full Lifecycle/6 ReferencePg_Create a component_bluebutton' is clicked on

2022-06-20 11:29:55 - [TEST_STEP][PASSED] - refID = I.RefID(): Current window's url is: 'https://mdb-v3-test.diadeis.com/MediaboxIndependence/Base/ExecAction?IDSession=MBI%21RELTEST_STARPACK%21LIQY2554Y8OH2SULKR3OKWUV5Z5SPCO9SB6LAV0H&default_action=ModifierRef&id_project=MI000948&id_ref=5902&action_from=create_ref'

2022-06-20 11:30:00 - [MESSAGE][PASSED] - Delayed 5 second(s)

2022-06-20 11:30:00 - [MESSAGE][PASSED] - Current window's url is: 'https://mdb-v3-test.diadeis.com/MediaboxIndependence/Base/ExecAction?IDSession=MBI%21RELTEST_STARPACK%21LIQY2554Y8OH2SULKR3OKWUV5Z5SPCO9SB6LAV0H&default_action=ModifierRef&id_project=MI000948&id_ref=5902&action_from=create_ref'

2022-06-20 11:30:00 - [TEST_STEP][PASSED] - out.println(refID): null

2022-06-20 11:30:00 - [TEST_STEP][PASSED] - takeScreenshot(): Taking screenshot successfully

2022-06-20 11:30:00 - [MESSAGE][PASSED] - Taking screenshot successfully
[[ATTACHMENT|D:\\Projet Test Auto\\Mediabox Test Automation [Test]\\Reports\\20220620_112818\\z01. Test Suites\\202. TestStarPack Full Lifecycle _Change of Rights_SAS\\20220620_112819\\1655717400586.png]]

2022-06-20 11:30:00 - [TEST_STEP][PASSED] - sendKeys(findTestObject("1. Constant/01_id_field_id", ["field_id":"var_28"]), "209293"): Keys '209293' sent to object: 'Object Repository/1. Constant/01_id_field_id'

2022-06-20 11:30:01 - [MESSAGE][PASSED] - Keys '209293' sent to object: 'Object Repository/1. Constant/01_id_field_id'

2022-06-20 11:30:01 - [TEST_STEP][PASSED] - sendKeys(findTestObject("1. Constant/01_id_field_id", ["field_id":"var_30"]), "test Submarca"): Keys 'test Submarca' sent to object: 'Object Repository/1. Constant/01_id_field_id'

2022-06-20 11:30:01 - [MESSAGE][PASSED] - Keys 'test Submarca' sent to object: 'Object Repository/1. Constant/01_id_field_id'

2022-06-20 11:30:01 - [TEST_STEP][PASSED] - sendKeys(findTestObject("1. Constant/01_id_field_id", ["field_id":"var_31"]), "test Submarca Vínculo con bulto: test Submarca"): Keys 'test Submarca Vínculo con bulto: test Submarca' sent to object: 'Object Repository/1. Constant/01_id_field_id'

2022-06-20 11:30:02 - [MESSAGE][PASSED] - Keys 'test Submarca Vínculo con bulto: test Submarca' sent to object: 'Object Repository/1. Constant/01_id_field_id'

2022-06-20 11:30:02 - [TEST_STEP][PASSED] - selectOptionByValue(findTestObject("1. Constant/01_id_field_id", ["field_id":"var_38"]), "24", false): All options with value '24' are selected in object 'Object Repository/1. Constant/01_id_field_id' 

2022-06-20 11:30:02 - [MESSAGE][PASSED] - All options with value '24' are selected in object 'Object Repository/1. Constant/01_id_field_id' 

2022-06-20 11:30:02 - [TEST_STEP][PASSED] - sendKeys(findTestObject("1. Constant/01_id_field_id", ["field_id":"var_39"]), "8480017155061"): Keys '8480017155061' sent to object: 'Object Repository/1. Constant/01_id_field_id'

2022-06-20 11:30:03 - [MESSAGE][PASSED] - Keys '8480017155061' sent to object: 'Object Repository/1. Constant/01_id_field_id'

2022-06-20 11:30:03 - [TEST_STEP][PASSED] - selectOptionByValue(findTestObject("1. Constant/01_id_field_id", ["field_id":"selSource_19"]), "22", false): All options with value '22' are selected in object 'Object Repository/1. Constant/01_id_field_id' 

2022-06-20 11:30:04 - [MESSAGE][PASSED] - All options with value '22' are selected in object 'Object Repository/1. Constant/01_id_field_id' 

2022-06-20 11:30:04 - [TEST_STEP][PASSED] - click(findTestObject("Object Repository/xxx Todelete/2.01 ModifyRef_Pais")): Object: 'Object Repository/xxx Todelete/2.01 ModifyRef_Pais' is clicked on

2022-06-20 11:30:04 - [MESSAGE][PASSED] - Object: 'Object Repository/xxx Todelete/2.01 ModifyRef_Pais' is clicked on

2022-06-20 11:30:04 - [TEST_STEP][PASSED] - selectOptionByValue(findTestObject("1. Constant/01_id_field_id", ["field_id":"var_75"]), "26", false): All options with value '26' are selected in object 'Object Repository/1. Constant/01_id_field_id' 

2022-06-20 11:30:04 - [MESSAGE][PASSED] - All options with value '26' are selected in object 'Object Repository/1. Constant/01_id_field_id' 

2022-06-20 11:30:04 - [TEST_STEP][PASSED] - click(findTestObject("HL Full Lifecycle/7 ModifyRefPage_button_Save")): Object: 'Object Repository/HL Full Lifecycle/7 ModifyRefPage_button_Save' is clicked on

2022-06-20 11:30:10 - [MESSAGE][PASSED] - Object: 'Object Repository/HL Full Lifecycle/7 ModifyRefPage_button_Save' is clicked on

2022-06-20 11:30:10 - [TEST_STEP][PASSED] - I.Logout(): Delayed 3 second(s)

2022-06-20 11:30:13 - [MESSAGE][PASSED] - Delayed 3 second(s)

2022-06-20 11:30:13 - [MESSAGE][PASSED] - Object: 'Object Repository/1. Constant/xpath' is clicked on

2022-06-20 11:30:16 - [MESSAGE][PASSED] - Delayed 3 second(s)

2022-06-20 11:30:18 - [MESSAGE][PASSED] - Object: 'Object Repository/1. Constant/xpath' is clicked on

2022-06-20 11:30:21 - [MESSAGE][PASSED] - Delayed 3 second(s)

2022-06-20 11:30:21 - [TEST_STEP][PASSED] - I.Login_password("suser", password_suser): Object: 'Object Repository/1. Constant/xpath' is clicked on

2022-06-20 11:30:21 - [MESSAGE][PASSED] - Text 'suser' is set on object 'Object Repository/1. Constant/xpath'

2022-06-20 11:30:22 - [MESSAGE][PASSED] - Delayed 1 second(s)

2022-06-20 11:30:22 - [MESSAGE][PASSED] - Text 'diadeis' is set on object 'Object Repository/1. Constant/xpath'

2022-06-20 11:30:23 - [MESSAGE][PASSED] - Delayed 1 second(s)

2022-06-20 11:30:26 - [MESSAGE][PASSED] - Object: 'Object Repository/1. Constant/xpath' is clicked on

2022-06-20 11:30:26 - [TEST_STEP][PASSED] - takeScreenshot(): Taking screenshot successfully

2022-06-20 11:30:26 - [MESSAGE][PASSED] - Taking screenshot successfully
[[ATTACHMENT|D:\\Projet Test Auto\\Mediabox Test Automation [Test]\\Reports\\20220620_112818\\z01. Test Suites\\202. TestStarPack Full Lifecycle _Change of Rights_SAS\\20220620_112819\\1655717426226.png]]

2022-06-20 11:30:26 - [TEST_STEP][PASSED] - click(findTestObject("1. Constant/02_LHSMenu_Projects")): Object: 'Object Repository/1. Constant/02_LHSMenu_Projects' is clicked on

2022-06-20 11:30:34 - [MESSAGE][PASSED] - Object: 'Object Repository/1. Constant/02_LHSMenu_Projects' is clicked on

2022-06-20 11:30:34 - [TEST_STEP][PASSED] - I.SearchProjectNo(Project_No, findTestObject("HL Full Lifecycle/9 Filter_Button_Apply")): Delayed 5 second(s)

2022-06-20 11:30:35 - [MESSAGE][PASSED] - Text 'MI000948' is set on object 'Object Repository/1. Constant/xpath'

2022-06-20 11:30:38 - [MESSAGE][PASSED] - Delayed 3 second(s)

2022-06-20 11:30:42 - [MESSAGE][PASSED] - Object: 'Object Repository/HL Full Lifecycle/9 Filter_Button_Apply' is clicked on

2022-06-20 11:30:47 - [MESSAGE][PASSED] - Delayed 5 second(s)

2022-06-20 11:30:47 - [TEST_STEP][PASSED] - I.superedit_ref(findTestObject("Object Repository/StarPack - Full Lifecycle (AWIS)/3.02 Suser super edit", ["refID":"source_" + refID]), findTestObject("Object Repository/StarPack - Full Lifecycle (AWIS)/3.03 Suser super edit (option)", ["refID":"source_" + refID])): Object: 'Object Repository/StarPack - Full Lifecycle (AWIS)/3.03 Suser super edit (option)' is clicked on

2022-06-20 11:30:47 - [MESSAGE][PASSED] - Object: 'Object Repository/StarPack - Full Lifecycle (AWIS)/3.02 Suser super edit' is clicked on

2022-06-20 11:30:50 - [MESSAGE][PASSED] - Delayed 3 second(s)

2022-06-20 11:30:53 - [MESSAGE][PASSED] - Object: 'Object Repository/StarPack - Full Lifecycle (AWIS)/3.03 Suser super edit (option)' is clicked on

2022-06-20 11:30:53 - [TEST_STEP][PASSED] - takeScreenshot(): Taking screenshot successfully

2022-06-20 11:30:53 - [MESSAGE][PASSED] - Taking screenshot successfully
[[ATTACHMENT|D:\\Projet Test Auto\\Mediabox Test Automation [Test]\\Reports\\20220620_112818\\z01. Test Suites\\202. TestStarPack Full Lifecycle _Change of Rights_SAS\\20220620_112819\\1655717453450.png]]

2022-06-20 11:30:53 - [TEST_STEP][PASSED] - I.click_button_javascript(findTestObject("Object Repository/StarPack - Full Lifecycle (AWIS)/3.04 Suser select option button(yes)", ["field_ID":"field_var_40"])): Execute JavaScript 'arguments[0].click()' successfully

2022-06-20 11:30:54 - [MESSAGE][PASSED] - Execute JavaScript 'arguments[0].click()' successfully

2022-06-20 11:30:54 - [TEST_STEP][PASSED] - I.click_button_javascript(findTestObject("Object Repository/StarPack - Full Lifecycle (AWIS)/3.04 Suser select option button(yes)", ["field_ID":"field_var_41"])): Execute JavaScript 'arguments[0].click()' successfully

2022-06-20 11:30:54 - [MESSAGE][PASSED] - Execute JavaScript 'arguments[0].click()' successfully

2022-06-20 11:30:54 - [TEST_STEP][PASSED] - I.click_button_javascript(findTestObject("Object Repository/StarPack - Full Lifecycle (AWIS)/3.04 Suser select option button(yes)", ["field_ID":"field_var_42"])): Execute JavaScript 'arguments[0].click()' successfully

2022-06-20 11:30:54 - [MESSAGE][PASSED] - Execute JavaScript 'arguments[0].click()' successfully

2022-06-20 11:30:54 - [TEST_STEP][PASSED] - I.click_button_javascript(findTestObject("Object Repository/StarPack - Full Lifecycle (AWIS)/3.04 Suser select option button(yes)", ["field_ID":"field_var_43"])): Execute JavaScript 'arguments[0].click()' successfully

2022-06-20 11:30:54 - [MESSAGE][PASSED] - Execute JavaScript 'arguments[0].click()' successfully

2022-06-20 11:30:54 - [TEST_STEP][PASSED] - I.click_button_javascript(findTestObject("Object Repository/StarPack - Full Lifecycle (AWIS)/3.04 Suser select option button(No)", ["field_ID":"field_var_44"])): Execute JavaScript 'arguments[0].click()' successfully

2022-06-20 11:30:55 - [MESSAGE][PASSED] - Execute JavaScript 'arguments[0].click()' successfully

2022-06-20 11:30:55 - [TEST_STEP][PASSED] - I.click_button_javascript(findTestObject("Object Repository/StarPack - Full Lifecycle (AWIS)/3.04 Suser select option button(No)", ["field_ID":"field_var_45"])): Execute JavaScript 'arguments[0].click()' successfully

2022-06-20 11:30:55 - [MESSAGE][PASSED] - Execute JavaScript 'arguments[0].click()' successfully

2022-06-20 11:30:55 - [TEST_STEP][PASSED] - I.click_button_javascript(findTestObject("Object Repository/StarPack - Full Lifecycle (AWIS)/3.04 Suser select option button(No)", ["field_ID":"field_var_99"])): Execute JavaScript 'arguments[0].click()' successfully

2022-06-20 11:30:55 - [MESSAGE][PASSED] - Execute JavaScript 'arguments[0].click()' successfully

2022-06-20 11:30:55 - [TEST_STEP][PASSED] - click(findTestObject("Object Repository/StarPack - Full Lifecycle (AWIS)/3.05 Suser saves for super edit ref")): Object: 'Object Repository/StarPack - Full Lifecycle (AWIS)/3.05 Suser saves for super edit ref' is clicked on

2022-06-20 11:31:00 - [MESSAGE][PASSED] - Object: 'Object Repository/StarPack - Full Lifecycle (AWIS)/3.05 Suser saves for super edit ref' is clicked on

2022-06-20 11:31:00 - [TEST_STEP][PASSED] - I.Logout(): Delayed 3 second(s)

2022-06-20 11:31:03 - [MESSAGE][PASSED] - Delayed 3 second(s)

2022-06-20 11:31:04 - [MESSAGE][PASSED] - Object: 'Object Repository/1. Constant/xpath' is clicked on

2022-06-20 11:31:07 - [MESSAGE][PASSED] - Delayed 3 second(s)

2022-06-20 11:31:09 - [MESSAGE][PASSED] - Object: 'Object Repository/1. Constant/xpath' is clicked on

2022-06-20 11:31:12 - [MESSAGE][PASSED] - Delayed 3 second(s)

2022-06-20 11:31:12 - [TEST_STEP][PASSED] - I.Login_password("adelamatanieves", password_adelamatanieves): Object: 'Object Repository/1. Constant/xpath' is clicked on

2022-06-20 11:31:12 - [MESSAGE][PASSED] - Text 'adelamatanieves' is set on object 'Object Repository/1. Constant/xpath'

2022-06-20 11:31:13 - [MESSAGE][PASSED] - Delayed 1 second(s)

2022-06-20 11:31:14 - [MESSAGE][PASSED] - Text 'diadeis' is set on object 'Object Repository/1. Constant/xpath'

2022-06-20 11:31:15 - [MESSAGE][PASSED] - Delayed 1 second(s)

2022-06-20 11:31:19 - [MESSAGE][PASSED] - Object: 'Object Repository/1. Constant/xpath' is clicked on

2022-06-20 11:31:19 - [TEST_STEP][PASSED] - takeScreenshot(): Taking screenshot successfully

2022-06-20 11:31:20 - [MESSAGE][PASSED] - Taking screenshot successfully
[[ATTACHMENT|D:\\Projet Test Auto\\Mediabox Test Automation [Test]\\Reports\\20220620_112818\\z01. Test Suites\\202. TestStarPack Full Lifecycle _Change of Rights_SAS\\20220620_112819\\1655717479800.png]]

2022-06-20 11:31:20 - [TEST_STEP][PASSED] - click(findTestObject("1. Constant/02_LHSMenu_Projects")): Object: 'Object Repository/1. Constant/02_LHSMenu_Projects' is clicked on

2022-06-20 11:31:22 - [MESSAGE][PASSED] - Object: 'Object Repository/1. Constant/02_LHSMenu_Projects' is clicked on

2022-06-20 11:31:22 - [TEST_STEP][PASSED] - I.SearchProjectNo(Project_No, findTestObject("HL Full Lifecycle/9 Filter_Button_Apply")): Delayed 5 second(s)

2022-06-20 11:31:23 - [MESSAGE][PASSED] - Text 'MI000948' is set on object 'Object Repository/1. Constant/xpath'

2022-06-20 11:31:26 - [MESSAGE][PASSED] - Delayed 3 second(s)

2022-06-20 11:31:29 - [MESSAGE][PASSED] - Object: 'Object Repository/HL Full Lifecycle/9 Filter_Button_Apply' is clicked on

2022-06-20 11:31:34 - [MESSAGE][PASSED] - Delayed 5 second(s)

2022-06-20 11:31:34 - [TEST_STEP][PASSED] - click(findTestObject("1. Constant/xpath", ["xpath":"/html/body/div[1]/div[2]/div[4]/div[3]/div/div[2]/div[2]/div[1]/table/tbody/tr[2]/td[10]/a[3]"])): Object: 'Object Repository/1. Constant/xpath' is clicked on

2022-06-20 11:31:37 - [MESSAGE][PASSED] - Object: 'Object Repository/1. Constant/xpath' is clicked on

2022-06-20 11:31:37 - [TEST_STEP][PASSED] - click(findTestObject("Object Repository/StarPack - Full Lifecycle (AWIS)/2.031 RefPg_AnnaSubmit", ["id":"1"])): Object: 'Object Repository/StarPack - Full Lifecycle (AWIS)/2.031 RefPg_AnnaSubmit' is clicked on

2022-06-20 11:31:46 - [MESSAGE][PASSED] - Object: 'Object Repository/StarPack - Full Lifecycle (AWIS)/2.031 RefPg_AnnaSubmit' is clicked on

2022-06-20 11:31:46 - [TEST_STEP][PASSED] - click(findTestObject("Object Repository/StarPack - Full Lifecycle (AWIS)/2.03 Block anna")): Object: 'Object Repository/StarPack - Full Lifecycle (AWIS)/2.03 Block anna' is clicked on

2022-06-20 11:31:51 - [MESSAGE][PASSED] - Object: 'Object Repository/StarPack - Full Lifecycle (AWIS)/2.03 Block anna' is clicked on

2022-06-20 11:31:51 - [TEST_STEP][PASSED] - I.click_button_javascript(findTestObject("1. Constant/xpath", ["xpath":"//*[@id="card_phase_group_2464_ModifFiche"]/div[2]/div[1]/div/div[1]/label[2]"])): Execute JavaScript 'arguments[0].click()' successfully

2022-06-20 11:31:51 - [MESSAGE][PASSED] - Execute JavaScript 'arguments[0].click()' successfully

2022-06-20 11:31:51 - [TEST_STEP][PASSED] - I.click_button_javascript(findTestObject("1. Constant/xpath", ["xpath":"//*[@id="card_phase_group_2464_ModifFiche"]/div[2]/div[2]/div/div[1]/label[2]"])): Execute JavaScript 'arguments[0].click()' successfully

2022-06-20 11:31:51 - [MESSAGE][PASSED] - Execute JavaScript 'arguments[0].click()' successfully

2022-06-20 11:31:51 - [TEST_STEP][PASSED] - I.click_button_javascript(findTestObject("1. Constant/xpath", ["xpath":"//*[@id="card_phase_group_2464_ModifFiche"]/div[2]/div[3]/div/div[1]/label[1]"])): Execute JavaScript 'arguments[0].click()' successfully

2022-06-20 11:31:51 - [MESSAGE][PASSED] - Execute JavaScript 'arguments[0].click()' successfully

2022-06-20 11:31:51 - [TEST_STEP][PASSED] - I.Pagedown(): Execute JavaScript 'window.scrollTo(0, document.body.scrollHeight)' successfully

2022-06-20 11:31:51 - [MESSAGE][PASSED] - Execute JavaScript 'window.scrollTo(0, document.body.scrollHeight)' successfully

2022-06-20 11:31:51 - [TEST_STEP][PASSED] - click(findTestObject("Object Repository/StarPack - Full Lifecycle (AWIS)/2.05 RefPg_submit")): Object: 'Object Repository/StarPack - Full Lifecycle (AWIS)/2.05 RefPg_submit' is clicked on

2022-06-20 11:32:01 - [MESSAGE][PASSED] - Object: 'Object Repository/StarPack - Full Lifecycle (AWIS)/2.05 RefPg_submit' is clicked on

2022-06-20 11:32:01 - [TEST_STEP][PASSED] - delay(2): Delayed 2 second(s)

2022-06-20 11:32:03 - [MESSAGE][PASSED] - Delayed 2 second(s)

2022-06-20 11:32:03 - [TEST_STEP][PASSED] - takeScreenshot(): Taking screenshot successfully

2022-06-20 11:32:03 - [MESSAGE][PASSED] - Taking screenshot successfully
[[ATTACHMENT|D:\\Projet Test Auto\\Mediabox Test Automation [Test]\\Reports\\20220620_112818\\z01. Test Suites\\202. TestStarPack Full Lifecycle _Change of Rights_SAS\\20220620_112819\\1655717523252.png]]

2022-06-20 11:32:03 - [TEST_STEP][PASSED] - I.Logout(): Delayed 3 second(s)

2022-06-20 11:32:06 - [MESSAGE][PASSED] - Delayed 3 second(s)

2022-06-20 11:32:06 - [MESSAGE][PASSED] - Object: 'Object Repository/1. Constant/xpath' is clicked on

2022-06-20 11:32:09 - [MESSAGE][PASSED] - Delayed 3 second(s)

2022-06-20 11:32:11 - [MESSAGE][PASSED] - Object: 'Object Repository/1. Constant/xpath' is clicked on

2022-06-20 11:32:14 - [MESSAGE][PASSED] - Delayed 3 second(s)

2022-06-20 11:32:14 - [TEST_STEP][PASSED] - refID_TD = Integer.parseInt(refID) + 1: null

2022-06-20 11:32:14 - [TEST_STEP][PASSED] - I.Login_password("suser", password_suser): Object: 'Object Repository/1. Constant/xpath' is clicked on

2022-06-20 11:32:15 - [MESSAGE][PASSED] - Text 'suser' is set on object 'Object Repository/1. Constant/xpath'

2022-06-20 11:32:16 - [MESSAGE][PASSED] - Delayed 1 second(s)

2022-06-20 11:32:16 - [MESSAGE][PASSED] - Text 'diadeis' is set on object 'Object Repository/1. Constant/xpath'

2022-06-20 11:32:17 - [MESSAGE][PASSED] - Delayed 1 second(s)

2022-06-20 11:32:19 - [MESSAGE][PASSED] - Object: 'Object Repository/1. Constant/xpath' is clicked on

2022-06-20 11:32:19 - [TEST_STEP][PASSED] - takeScreenshot(): Taking screenshot successfully

2022-06-20 11:32:20 - [MESSAGE][PASSED] - Taking screenshot successfully
[[ATTACHMENT|D:\\Projet Test Auto\\Mediabox Test Automation [Test]\\Reports\\20220620_112818\\z01. Test Suites\\202. TestStarPack Full Lifecycle _Change of Rights_SAS\\20220620_112819\\1655717540556.png]]

2022-06-20 11:32:20 - [TEST_STEP][PASSED] - click(findTestObject("1. Constant/02_LHSMenu_Projects")): Object: 'Object Repository/1. Constant/02_LHSMenu_Projects' is clicked on

2022-06-20 11:32:30 - [MESSAGE][PASSED] - Object: 'Object Repository/1. Constant/02_LHSMenu_Projects' is clicked on

2022-06-20 11:32:30 - [TEST_STEP][PASSED] - I.SearchProjectNo(Project_No, findTestObject("HL Full Lifecycle/9 Filter_Button_Apply")): Delayed 5 second(s)

2022-06-20 11:32:30 - [MESSAGE][PASSED] - Text 'MI000948' is set on object 'Object Repository/1. Constant/xpath'

2022-06-20 11:32:33 - [MESSAGE][PASSED] - Delayed 3 second(s)

2022-06-20 11:32:36 - [MESSAGE][PASSED] - Object: 'Object Repository/HL Full Lifecycle/9 Filter_Button_Apply' is clicked on

2022-06-20 11:32:41 - [MESSAGE][PASSED] - Delayed 5 second(s)

2022-06-20 11:32:41 - [TEST_STEP][PASSED] - color1 = getCSSValue(findTestObject("Object Repository/StarPack - Full Lifecycle (AWIS)/4.012 Supploer proceed to next phase (PS)", ["refID":"source_" + refID_TD]), "color", OPTIONAL): Get CSS 'color' value on 'Object Repository/StarPack - Full Lifecycle (AWIS)/4.012 Supploer proceed to next phase (PS)' successfully: 'rgba(255, 255, 255, 1)'.

2022-06-20 11:32:42 - [MESSAGE][PASSED] - Get CSS 'color' value on 'Object Repository/StarPack - Full Lifecycle (AWIS)/4.012 Supploer proceed to next phase (PS)' successfully: 'rgba(255, 255, 255, 1)'.

2022-06-20 11:32:42 - [TEST_STEP][PASSED] - I.print(color1): null

2022-06-20 11:32:42 - [TEST_STEP][PASSED] - while (color1 == "rgba(255, 255, 255, 1)"): null

2022-06-20 11:32:42 - [TEST_STEP][PASSED] - click(findTestObject("Object Repository/StarPack - Full Lifecycle (AWIS)/4.012 Supploer proceed to next phase (PS)", ["refID":"source_" + refID_TD])): Object: 'Object Repository/StarPack - Full Lifecycle (AWIS)/4.012 Supploer proceed to next phase (PS)' is clicked on

2022-06-20 11:32:44 - [MESSAGE][PASSED] - Object: 'Object Repository/StarPack - Full Lifecycle (AWIS)/4.012 Supploer proceed to next phase (PS)' is clicked on

2022-06-20 11:32:44 - [TEST_STEP][PASSED] - takeScreenshot(): Taking screenshot successfully

2022-06-20 11:32:44 - [MESSAGE][PASSED] - Taking screenshot successfully
[[ATTACHMENT|D:\\Projet Test Auto\\Mediabox Test Automation [Test]\\Reports\\20220620_112818\\z01. Test Suites\\202. TestStarPack Full Lifecycle _Change of Rights_SAS\\20220620_112819\\1655717564672.png]]

2022-06-20 11:32:44 - [TEST_STEP][PASSED] - I.UploadDoc_sendkey_Prod(findTestObject("1. Constant/xpath", ["xpath":"//*[@id="kt_body"]/input[2]"]), "D:\Upoad_File\Upload doc\testdataaddition1.jpg", "testdataaddition1.jpg"): Delayed 5 second(s)

2022-06-20 11:32:45 - [MESSAGE][PASSED] - Scroll to object 'Object Repository/1. Constant/xpath' successfully

2022-06-20 11:32:50 - [MESSAGE][PASSED] - Delayed 5 second(s)

2022-06-20 11:32:50 - [MESSAGE][PASSED] - File 'D:\Upoad_File\Upload doc\testdataaddition1.jpg' sent to object: 'Object Repository/1. Constant/xpath'

2022-06-20 11:32:55 - [MESSAGE][PASSED] - Delayed 5 second(s)

2022-06-20 11:32:55 - [MESSAGE][PASSED] - Text 'testdataaddition1.jpg' is present on page 

2022-06-20 11:33:00 - [MESSAGE][PASSED] - Delayed 5 second(s)

2022-06-20 11:33:05 - [MESSAGE][PASSED] - Delayed 5 second(s)

2022-06-20 11:33:05 - [TEST_STEP][PASSED] - takeScreenshot(): Taking screenshot successfully

2022-06-20 11:33:06 - [MESSAGE][PASSED] - Taking screenshot successfully
[[ATTACHMENT|D:\\Projet Test Auto\\Mediabox Test Automation [Test]\\Reports\\20220620_112818\\z01. Test Suites\\202. TestStarPack Full Lifecycle _Change of Rights_SAS\\20220620_112819\\1655717585751.png]]

2022-06-20 11:33:06 - [TEST_STEP][PASSED] - delay(10): Delayed 10 second(s)

2022-06-20 11:33:16 - [MESSAGE][PASSED] - Delayed 10 second(s)

2022-06-20 11:33:16 - [TEST_STEP][PASSED] - selectOptionByValue(findTestObject("1. Constant/xpath", ["xpath":"//*[@id="var_27"]"]), "651", false): All options with value '651' are selected in object 'Object Repository/1. Constant/xpath' 

2022-06-20 11:33:16 - [MESSAGE][PASSED] - All options with value '651' are selected in object 'Object Repository/1. Constant/xpath' 

2022-06-20 11:33:16 - [TEST_STEP][PASSED] - I.click_button_javascript(findTestObject("Object Repository/HL Full Lifecycle/12 ReferncePage_Button_Updatensenddoc")): Execute JavaScript 'arguments[0].click()' successfully

2022-06-20 11:33:24 - [MESSAGE][PASSED] - Execute JavaScript 'arguments[0].click()' successfully

2022-06-20 11:33:24 - [TEST_STEP][PASSED] - delay(5): Delayed 5 second(s)

2022-06-20 11:33:29 - [MESSAGE][PASSED] - Delayed 5 second(s)

2022-06-20 11:33:29 - [TEST_STEP][PASSED] - if (verifyElementPresent(findTestObject("Object Repository/StarPack - Full Lifecycle (AWIS)/4.012 Supploer proceed to next phase (PS)", ["refID":"source_" + refID_TD]), 10, OPTIONAL)): com.kms.katalon.core.webui.exception.WebElementNotFoundException: Web element with id: 'Object Repository/StarPack - Full Lifecycle (AWIS)/4.012 Supploer proceed to next phase (PS)' located by '//*[@id='source_5903']/td[9]/a[2]' not found (Root cause: com.kms.katalon.core.exception.StepFailedException: com.kms.katalon.core.webui.exception.WebElementNotFoundException: Web element with id: 'Object Repository/StarPack - Full Lifecycle (AWIS)/4.012 Supploer proceed to next phase (PS)' located by '//*[@id='source_5903']/td[9]/a[2]' not found
	at com.kms.katalon.core.webui.keyword.internal.WebUIKeywordMain.stepFailed(WebUIKeywordMain.groovy:64)
	at com.kms.katalon.core.webui.keyword.builtin.VerifyElementPresentKeyword$_verifyElementPresent_closure1.doCall(VerifyElementPresentKeyword.groovy:85)
	at com.kms.katalon.core.webui.keyword.builtin.VerifyElementPresentKeyword$_verifyElementPresent_closure1.call(VerifyElementPresentKeyword.groovy)
	at com.kms.katalon.core.webui.keyword.internal.WebUIKeywordMain.runKeyword(WebUIKeywordMain.groovy:20)
	at com.kms.katalon.core.webui.keyword.builtin.VerifyElementPresentKeyword.verifyElementPresent(VerifyElementPresentKeyword.groovy:92)
	at com.kms.katalon.core.webui.keyword.builtin.VerifyElementPresentKeyword.execute(VerifyElementPresentKeyword.groovy:68)
	at com.kms.katalon.core.keyword.internal.KeywordExecutor.executeKeywordForPlatform(KeywordExecutor.groovy:74)
	at com.kms.katalon.core.webui.keyword.WebUiBuiltInKeywords.verifyElementPresent(WebUiBuiltInKeywords.groovy:1448)
	at com.kms.katalon.core.webui.keyword.WebUiBuiltInKeywords$verifyElementPresent$15.call(Unknown Source)
	at 202.07 TestStarPack change of rights (Prod)_Ticket4757.run(202.07 TestStarPack change of rights (Prod)_Ticket4757:405)
	at com.kms.katalon.core.main.ScriptEngine.run(ScriptEngine.java:194)
	at com.kms.katalon.core.main.ScriptEngine.runScriptAsRawText(ScriptEngine.java:119)
	at com.kms.katalon.core.main.TestCaseExecutor.runScript(TestCaseExecutor.java:445)
	at com.kms.katalon.core.main.TestCaseExecutor.doExecute(TestCaseExecutor.java:436)
	at com.kms.katalon.core.main.TestCaseExecutor.processExecutionPhase(TestCaseExecutor.java:415)
	at com.kms.katalon.core.main.TestCaseExecutor.accessMainPhase(TestCaseExecutor.java:407)
	at com.kms.katalon.core.main.TestCaseExecutor.execute(TestCaseExecutor.java:284)
	at com.kms.katalon.core.common.CommonExecutor.accessTestCaseMainPhase(CommonExecutor.java:65)
	at com.kms.katalon.core.main.TestSuiteExecutor.accessTestSuiteMainPhase(TestSuiteExecutor.java:144)
	at com.kms.katalon.core.main.TestSuiteExecutor.execute(TestSuiteExecutor.java:106)
	at com.kms.katalon.core.main.TestCaseMain.startTestSuite(TestCaseMain.java:185)
	at com.kms.katalon.core.main.TestCaseMain$startTestSuite$0.call(Unknown Source)
	at TempTestSuite1655717299770.run(TempTestSuite1655717299770.groovy:36)
)

2022-06-20 11:33:40 - [MESSAGE][INFO] - Unable to find the element located by 'By.xpath: //*[@id='source_5903']/td[9]/a[2]'. Please recheck the objects properties to make sure the desired element is located. 

2022-06-20 11:33:41 - [MESSAGE][WARNING] - com.kms.katalon.core.webui.exception.WebElementNotFoundException: Web element with id: 'Object Repository/StarPack - Full Lifecycle (AWIS)/4.012 Supploer proceed to next phase (PS)' located by '//*[@id='source_5903']/td[9]/a[2]' not found (Root cause: com.kms.katalon.core.exception.StepFailedException: com.kms.katalon.core.webui.exception.WebElementNotFoundException: Web element with id: 'Object Repository/StarPack - Full Lifecycle (AWIS)/4.012 Supploer proceed to next phase (PS)' located by '//*[@id='source_5903']/td[9]/a[2]' not found
	at com.kms.katalon.core.webui.keyword.internal.WebUIKeywordMain.stepFailed(WebUIKeywordMain.groovy:64)
	at com.kms.katalon.core.webui.keyword.builtin.VerifyElementPresentKeyword$_verifyElementPresent_closure1.doCall(VerifyElementPresentKeyword.groovy:85)
	at com.kms.katalon.core.webui.keyword.builtin.VerifyElementPresentKeyword$_verifyElementPresent_closure1.call(VerifyElementPresentKeyword.groovy)
	at com.kms.katalon.core.webui.keyword.internal.WebUIKeywordMain.runKeyword(WebUIKeywordMain.groovy:20)
	at com.kms.katalon.core.webui.keyword.builtin.VerifyElementPresentKeyword.verifyElementPresent(VerifyElementPresentKeyword.groovy:92)
	at com.kms.katalon.core.webui.keyword.builtin.VerifyElementPresentKeyword.execute(VerifyElementPresentKeyword.groovy:68)
	at com.kms.katalon.core.keyword.internal.KeywordExecutor.executeKeywordForPlatform(KeywordExecutor.groovy:74)
	at com.kms.katalon.core.webui.keyword.WebUiBuiltInKeywords.verifyElementPresent(WebUiBuiltInKeywords.groovy:1448)
	at com.kms.katalon.core.webui.keyword.WebUiBuiltInKeywords$verifyElementPresent$15.call(Unknown Source)
	at 202.07 TestStarPack change of rights (Prod)_Ticket4757.run(202.07 TestStarPack change of rights (Prod)_Ticket4757:405)
	at com.kms.katalon.core.main.ScriptEngine.run(ScriptEngine.java:194)
	at com.kms.katalon.core.main.ScriptEngine.runScriptAsRawText(ScriptEngine.java:119)
	at com.kms.katalon.core.main.TestCaseExecutor.runScript(TestCaseExecutor.java:445)
	at com.kms.katalon.core.main.TestCaseExecutor.doExecute(TestCaseExecutor.java:436)
	at com.kms.katalon.core.main.TestCaseExecutor.processExecutionPhase(TestCaseExecutor.java:415)
	at com.kms.katalon.core.main.TestCaseExecutor.accessMainPhase(TestCaseExecutor.java:407)
	at com.kms.katalon.core.main.TestCaseExecutor.execute(TestCaseExecutor.java:284)
	at com.kms.katalon.core.common.CommonExecutor.accessTestCaseMainPhase(CommonExecutor.java:65)
	at com.kms.katalon.core.main.TestSuiteExecutor.accessTestSuiteMainPhase(TestSuiteExecutor.java:144)
	at com.kms.katalon.core.main.TestSuiteExecutor.execute(TestSuiteExecutor.java:106)
	at com.kms.katalon.core.main.TestCaseMain.startTestSuite(TestCaseMain.java:185)
	at com.kms.katalon.core.main.TestCaseMain$startTestSuite$0.call(Unknown Source)
	at TempTestSuite1655717299770.run(TempTestSuite1655717299770.groovy:36)
)
[[ATTACHMENT|D:\\Projet Test Auto\\Mediabox Test Automation [Test]\\Reports\\20220620_112818\\z01. Test Suites\\202. TestStarPack Full Lifecycle _Change of Rights_SAS\\20220620_112819\\1655717620952.png]]

2022-06-20 11:33:41 - [TEST_STEP][PASSED] - else: null

2022-06-20 11:33:41 - [TEST_STEP][PASSED] - color1 = "white": null

2022-06-20 11:33:41 - [TEST_STEP][PASSED] - I.Logout(): Delayed 3 second(s)

2022-06-20 11:33:44 - [MESSAGE][PASSED] - Delayed 3 second(s)

2022-06-20 11:33:44 - [MESSAGE][PASSED] - Object: 'Object Repository/1. Constant/xpath' is clicked on

2022-06-20 11:33:47 - [MESSAGE][PASSED] - Delayed 3 second(s)

2022-06-20 11:33:48 - [MESSAGE][PASSED] - Object: 'Object Repository/1. Constant/xpath' is clicked on

2022-06-20 11:33:51 - [MESSAGE][PASSED] - Delayed 3 second(s)

2022-06-20 11:33:51 - [TEST_STEP][PASSED] - I.Login_password("ysanzmonedero", password_ysanzmonedero): Object: 'Object Repository/1. Constant/xpath' is clicked on

2022-06-20 11:33:52 - [MESSAGE][PASSED] - Text 'ysanzmonedero' is set on object 'Object Repository/1. Constant/xpath'

2022-06-20 11:33:53 - [MESSAGE][PASSED] - Delayed 1 second(s)

2022-06-20 11:33:53 - [MESSAGE][PASSED] - Text 'diadeis' is set on object 'Object Repository/1. Constant/xpath'

2022-06-20 11:33:54 - [MESSAGE][PASSED] - Delayed 1 second(s)

2022-06-20 11:33:57 - [MESSAGE][PASSED] - Object: 'Object Repository/1. Constant/xpath' is clicked on

2022-06-20 11:33:57 - [TEST_STEP][PASSED] - takeScreenshot(): Taking screenshot successfully

2022-06-20 11:33:58 - [MESSAGE][PASSED] - Taking screenshot successfully
[[ATTACHMENT|D:\\Projet Test Auto\\Mediabox Test Automation [Test]\\Reports\\20220620_112818\\z01. Test Suites\\202. TestStarPack Full Lifecycle _Change of Rights_SAS\\20220620_112819\\1655717637994.png]]

2022-06-20 11:33:58 - [TEST_STEP][PASSED] - click(findTestObject("1. Constant/xpath", ["xpath":"//*[@id="kt_header"]/div/div[2]/div[1]/div[1]/div"])): Object: 'Object Repository/1. Constant/xpath' is clicked on

2022-06-20 11:33:59 - [MESSAGE][PASSED] - Object: 'Object Repository/1. Constant/xpath' is clicked on

2022-06-20 11:33:59 - [TEST_STEP][PASSED] - delay(1): Delayed 1 second(s)

2022-06-20 11:34:00 - [MESSAGE][PASSED] - Delayed 1 second(s)

2022-06-20 11:34:00 - [TEST_STEP][PASSED] - click(findTestObject("1. Constant/xpath", ["xpath":"//*[@id="kt_header"]/div/div[2]/div[1]/div[2]/form/div[3]/a"])): Object: 'Object Repository/1. Constant/xpath' is clicked on

2022-06-20 11:34:12 - [MESSAGE][PASSED] - Object: 'Object Repository/1. Constant/xpath' is clicked on

2022-06-20 11:34:12 - [TEST_STEP][PASSED] - delay(1): Delayed 1 second(s)

2022-06-20 11:34:13 - [MESSAGE][PASSED] - Delayed 1 second(s)

2022-06-20 11:34:13 - [TEST_STEP][PASSED] - taskno_1 = getText(findTestObject("1. Constant/xpath", ["xpath":"//*[@id="kt_content"]/div[3]/div/div/div[1]/div[1]/h3/span"])): Text of object 'Object Repository/1. Constant/xpath' is: '62'

2022-06-20 11:34:13 - [MESSAGE][PASSED] - Text of object 'Object Repository/1. Constant/xpath' is: '62'

2022-06-20 11:34:13 - [TEST_STEP][PASSED] - taskno_11 = Double.parseDouble(taskno_1): null

2022-06-20 11:34:13 - [TEST_STEP][PASSED] - n = 1: null

2022-06-20 11:34:13 - [TEST_STEP][PASSED] - while (n <= taskno_11): null

2022-06-20 11:34:13 - [TEST_STEP][PASSED] - result = getText(findTestObject("1. Constant/xpath", ["xpath":"/html/body/div[1]/div[2]/div[8]/div[3]/div/div/div[2]/div/table/tbody/tr[" + n + "]/td[1]/a"]), OPTIONAL): Text of object 'Object Repository/1. Constant/xpath' is: 'Mark final printed sample reception date: 041096_ANILLAS DE POTA DIA 400GR_0077006_FANDICOSTA, S.A. - REFERENCIAS NAOS - MI000073'

2022-06-20 11:34:13 - [MESSAGE][PASSED] - Text of object 'Object Repository/1. Constant/xpath' is: 'Mark final printed sample reception date: 041096_ANILLAS DE POTA DIA 400GR_0077006_FANDICOSTA, S.A. - REFERENCIAS NAOS - MI000073'

2022-06-20 11:34:13 - [TEST_STEP][PASSED] - if (result.contains(Project_No)): null

2022-06-20 11:34:13 - [TEST_STEP][PASSED] - else: null

2022-06-20 11:34:13 - [TEST_STEP][PASSED] - n = n + 1: null

2022-06-20 11:34:13 - [TEST_STEP][PASSED] - if (n > taskno_11): null

2022-06-20 11:34:13 - [TEST_STEP][PASSED] - result = getText(findTestObject("1. Constant/xpath", ["xpath":"/html/body/div[1]/div[2]/div[8]/div[3]/div/div/div[2]/div/table/tbody/tr[" + n + "]/td[1]/a"]), OPTIONAL): Text of object 'Object Repository/1. Constant/xpath' is: 'Mark final printed sample reception date: 265287_PETIT SUISSE FRESA DIA 6X50_0083446_AGRUPACION COOPERATIVAS LACTEAS,S.L - PETIT DIA LACTEA - 2020 - MI000197'

2022-06-20 11:34:14 - [MESSAGE][PASSED] - Text of object 'Object Repository/1. Constant/xpath' is: 'Mark final printed sample reception date: 265287_PETIT SUISSE FRESA DIA 6X50_0083446_AGRUPACION COOPERATIVAS LACTEAS,S.L - PETIT DIA LACTEA - 2020 - MI000197'

2022-06-20 11:34:14 - [TEST_STEP][PASSED] - if (result.contains(Project_No)): null

2022-06-20 11:34:14 - [TEST_STEP][PASSED] - else: null

2022-06-20 11:34:14 - [TEST_STEP][PASSED] - n = n + 1: null

2022-06-20 11:34:14 - [TEST_STEP][PASSED] - if (n > taskno_11): null

2022-06-20 11:34:14 - [TEST_STEP][PASSED] - result = getText(findTestObject("1. Constant/xpath", ["xpath":"/html/body/div[1]/div[2]/div[8]/div[3]/div/div/div[2]/div/table/tbody/tr[" + n + "]/td[1]/a"]), OPTIONAL): Text of object 'Object Repository/1. Constant/xpath' is: 'Mark final printed sample reception date: 265288_PETIT SUIS FRES/PLAT DIA 6X50G_0083446_AGRUPACION COOPERATIVAS LACTEAS,S.L - PETIT DIA LACTEA - 2020 - MI000197'

2022-06-20 11:34:14 - [MESSAGE][PASSED] - Text of object 'Object Repository/1. Constant/xpath' is: 'Mark final printed sample reception date: 265288_PETIT SUIS FRES/PLAT DIA 6X50G_0083446_AGRUPACION COOPERATIVAS LACTEAS,S.L - PETIT DIA LACTEA - 2020 - MI000197'

2022-06-20 11:34:14 - [TEST_STEP][PASSED] - if (result.contains(Project_No)): null

2022-06-20 11:34:14 - [TEST_STEP][PASSED] - else: null

2022-06-20 11:34:14 - [TEST_STEP][PASSED] - n = n + 1: null

2022-06-20 11:34:14 - [TEST_STEP][PASSED] - if (n > taskno_11): null

2022-06-20 11:34:14 - [TEST_STEP][PASSED] - result = getText(findTestObject("1. Constant/xpath", ["xpath":"/html/body/div[1]/div[2]/div[8]/div[3]/div/div/div[2]/div/table/tbody/tr[" + n + "]/td[1]/a"]), OPTIONAL): Text of object 'Object Repository/1. Constant/xpath' is: 'Require info for PAF: 000664_QUESO LONCHAS P-16 DIA 300G._0082468_QUESERIA MENORQUINA, SLU - QUICKWIN-FUNDIDO LONCHAS - MI000026'

2022-06-20 11:34:14 - [MESSAGE][PASSED] - Text of object 'Object Repository/1. Constant/xpath' is: 'Require info for PAF: 000664_QUESO LONCHAS P-16 DIA 300G._0082468_QUESERIA MENORQUINA, SLU - QUICKWIN-FUNDIDO LONCHAS - MI000026'

2022-06-20 11:34:14 - [TEST_STEP][PASSED] - if (result.contains(Project_No)): null

2022-06-20 11:34:14 - [TEST_STEP][PASSED] - else: null

2022-06-20 11:34:14 - [TEST_STEP][PASSED] - n = n + 1: null

2022-06-20 11:34:14 - [TEST_STEP][PASSED] - if (n > taskno_11): null

2022-06-20 11:34:14 - [TEST_STEP][PASSED] - result = getText(findTestObject("1. Constant/xpath", ["xpath":"/html/body/div[1]/div[2]/div[8]/div[3]/div/div/div[2]/div/table/tbody/tr[" + n + "]/td[1]/a"]), OPTIONAL): Text of object 'Object Repository/1. Constant/xpath' is: 'Require info for PAF: 116857_QUESO FUND LIGHT 16U GALAT 250G_0082468_QUESERIA MENORQUINA, SLU - QUICKWIN-FUNDIDO LONCHAS - MI000026'

2022-06-20 11:34:15 - [MESSAGE][PASSED] - Text of object 'Object Repository/1. Constant/xpath' is: 'Require info for PAF: 116857_QUESO FUND LIGHT 16U GALAT 250G_0082468_QUESERIA MENORQUINA, SLU - QUICKWIN-FUNDIDO LONCHAS - MI000026'

2022-06-20 11:34:15 - [TEST_STEP][PASSED] - if (result.contains(Project_No)): null

2022-06-20 11:34:15 - [TEST_STEP][PASSED] - else: null

2022-06-20 11:34:15 - [TEST_STEP][PASSED] - n = n + 1: null

2022-06-20 11:34:15 - [TEST_STEP][PASSED] - if (n > taskno_11): null

2022-06-20 11:34:15 - [TEST_STEP][PASSED] - result = getText(findTestObject("1. Constant/xpath", ["xpath":"/html/body/div[1]/div[2]/div[8]/div[3]/div/div/div[2]/div/table/tbody/tr[" + n + "]/td[1]/a"]), OPTIONAL): Text of object 'Object Repository/1. Constant/xpath' is: 'Require info for PAF: 001524_QUESO FUNDIDO 16PORC DIA 250GR_0082782_LACTALIS FORLASA SLU - QUICKWIN-FUNDIDO LONCHAS - MI000026'

2022-06-20 11:34:15 - [MESSAGE][PASSED] - Text of object 'Object Repository/1. Constant/xpath' is: 'Require info for PAF: 001524_QUESO FUNDIDO 16PORC DIA 250GR_0082782_LACTALIS FORLASA SLU - QUICKWIN-FUNDIDO LONCHAS - MI000026'

2022-06-20 11:34:15 - [TEST_STEP][PASSED] - if (result.contains(Project_No)): null

2022-06-20 11:34:15 - [TEST_STEP][PASSED] - else: null

2022-06-20 11:34:15 - [TEST_STEP][PASSED] - n = n + 1: null

2022-06-20 11:34:15 - [TEST_STEP][PASSED] - if (n > taskno_11): null

2022-06-20 11:34:15 - [TEST_STEP][PASSED] - result = getText(findTestObject("1. Constant/xpath", ["xpath":"/html/body/div[1]/div[2]/div[8]/div[3]/div/div/div[2]/div/table/tbody/tr[" + n + "]/td[1]/a"]), OPTIONAL): Text of object 'Object Repository/1. Constant/xpath' is: 'Mark final printed sample reception date: 124329_FLAN QUESO DELIC 4X100_0084946_GROUP REINA MERCADO GLOBAL, S.L. - POSTRES CAPRICHOSO - MI000050'

2022-06-20 11:34:15 - [MESSAGE][PASSED] - Text of object 'Object Repository/1. Constant/xpath' is: 'Mark final printed sample reception date: 124329_FLAN QUESO DELIC 4X100_0084946_GROUP REINA MERCADO GLOBAL, S.L. - POSTRES CAPRICHOSO - MI000050'

2022-06-20 11:34:15 - [TEST_STEP][PASSED] - if (result.contains(Project_No)): null

2022-06-20 11:34:15 - [TEST_STEP][PASSED] - else: null

2022-06-20 11:34:15 - [TEST_STEP][PASSED] - n = n + 1: null

2022-06-20 11:34:15 - [TEST_STEP][PASSED] - if (n > taskno_11): null

2022-06-20 11:34:15 - [TEST_STEP][PASSED] - result = getText(findTestObject("1. Constant/xpath", ["xpath":"/html/body/div[1]/div[2]/div[8]/div[3]/div/div/div[2]/div/table/tbody/tr[" + n + "]/td[1]/a"]), OPTIONAL): Text of object 'Object Repository/1. Constant/xpath' is: 'Mark final printed sample reception date: 208224_POSTRE CHEESECAKE DELIC 2X90G_0084946_GROUP REINA MERCADO GLOBAL, S.L. - POSTRES CAPRICHOSO - MI000050'

2022-06-20 11:34:16 - [MESSAGE][PASSED] - Text of object 'Object Repository/1. Constant/xpath' is: 'Mark final printed sample reception date: 208224_POSTRE CHEESECAKE DELIC 2X90G_0084946_GROUP REINA MERCADO GLOBAL, S.L. - POSTRES CAPRICHOSO - MI000050'

2022-06-20 11:34:16 - [TEST_STEP][PASSED] - if (result.contains(Project_No)): null

2022-06-20 11:34:16 - [TEST_STEP][PASSED] - else: null

2022-06-20 11:34:16 - [TEST_STEP][PASSED] - n = n + 1: null

2022-06-20 11:34:16 - [TEST_STEP][PASSED] - if (n > taskno_11): null

2022-06-20 11:34:16 - [TEST_STEP][PASSED] - result = getText(findTestObject("1. Constant/xpath", ["xpath":"/html/body/div[1]/div[2]/div[8]/div[3]/div/div/div[2]/div/table/tbody/tr[" + n + "]/td[1]/a"]), OPTIONAL): Text of object 'Object Repository/1. Constant/xpath' is: 'Mark final printed sample reception date: 219104_NATILL CHOCOL C/GALL DIA 4X125_0084946_GROUP REINA MERCADO GLOBAL, S.L. - POSTRES CAPRICHOSO - MI000050'

2022-06-20 11:34:16 - [MESSAGE][PASSED] - Text of object 'Object Repository/1. Constant/xpath' is: 'Mark final printed sample reception date: 219104_NATILL CHOCOL C/GALL DIA 4X125_0084946_GROUP REINA MERCADO GLOBAL, S.L. - POSTRES CAPRICHOSO - MI000050'

2022-06-20 11:34:16 - [TEST_STEP][PASSED] - if (result.contains(Project_No)): null

2022-06-20 11:34:16 - [TEST_STEP][PASSED] - else: null

2022-06-20 11:34:16 - [TEST_STEP][PASSED] - n = n + 1: null

2022-06-20 11:34:16 - [TEST_STEP][PASSED] - if (n > taskno_11): null

2022-06-20 11:34:16 - [TEST_STEP][PASSED] - result = getText(findTestObject("1. Constant/xpath", ["xpath":"/html/body/div[1]/div[2]/div[8]/div[3]/div/div/div[2]/div/table/tbody/tr[" + n + "]/td[1]/a"]), OPTIONAL): Text of object 'Object Repository/1. Constant/xpath' is: 'Mark final printed sample reception date: 219105_FLAN CAFE DIA 4X100_0084946_GROUP REINA MERCADO GLOBAL, S.L. - POSTRES CAPRICHOSO - MI000050'

2022-06-20 11:34:16 - [MESSAGE][PASSED] - Text of object 'Object Repository/1. Constant/xpath' is: 'Mark final printed sample reception date: 219105_FLAN CAFE DIA 4X100_0084946_GROUP REINA MERCADO GLOBAL, S.L. - POSTRES CAPRICHOSO - MI000050'

2022-06-20 11:34:16 - [TEST_STEP][PASSED] - if (result.contains(Project_No)): null

2022-06-20 11:34:16 - [TEST_STEP][PASSED] - else: null

2022-06-20 11:34:16 - [TEST_STEP][PASSED] - n = n + 1: null

2022-06-20 11:34:16 - [TEST_STEP][PASSED] - if (n > taskno_11): null

2022-06-20 11:34:16 - [TEST_STEP][PASSED] - result = getText(findTestObject("1. Constant/xpath", ["xpath":"/html/body/div[1]/div[2]/div[8]/div[3]/div/div/div[2]/div/table/tbody/tr[" + n + "]/td[1]/a"]), OPTIONAL): Text of object 'Object Repository/1. Constant/xpath' is: 'Mark final printed sample reception date: 253343_TOCINOS DE CIELO DELIC 2X100_0084946_GROUP REINA MERCADO GLOBAL, S.L. - POSTRES CAPRICHOSO - MI000050'

2022-06-20 11:34:16 - [MESSAGE][PASSED] - Text of object 'Object Repository/1. Constant/xpath' is: 'Mark final printed sample reception date: 253343_TOCINOS DE CIELO DELIC 2X100_0084946_GROUP REINA MERCADO GLOBAL, S.L. - POSTRES CAPRICHOSO - MI000050'

2022-06-20 11:34:16 - [TEST_STEP][PASSED] - if (result.contains(Project_No)): null

2022-06-20 11:34:16 - [TEST_STEP][PASSED] - else: null

2022-06-20 11:34:16 - [TEST_STEP][PASSED] - n = n + 1: null

2022-06-20 11:34:16 - [TEST_STEP][PASSED] - if (n > taskno_11): null

2022-06-20 11:34:16 - [TEST_STEP][PASSED] - result = getText(findTestObject("1. Constant/xpath", ["xpath":"/html/body/div[1]/div[2]/div[8]/div[3]/div/div/div[2]/div/table/tbody/tr[" + n + "]/td[1]/a"]), OPTIONAL): Text of object 'Object Repository/1. Constant/xpath' is: 'Mark final printed sample reception date: 003387_FLAN DE HUEVO DIA 4X100_0084946_GROUP REINA MERCADO GLOBAL, S.L. - POSTRES CAPRICHOSO - MI000050'

2022-06-20 11:34:17 - [MESSAGE][PASSED] - Text of object 'Object Repository/1. Constant/xpath' is: 'Mark final printed sample reception date: 003387_FLAN DE HUEVO DIA 4X100_0084946_GROUP REINA MERCADO GLOBAL, S.L. - POSTRES CAPRICHOSO - MI000050'

2022-06-20 11:34:17 - [TEST_STEP][PASSED] - if (result.contains(Project_No)): null

2022-06-20 11:34:17 - [TEST_STEP][PASSED] - else: null

2022-06-20 11:34:17 - [TEST_STEP][PASSED] - n = n + 1: null

2022-06-20 11:34:17 - [TEST_STEP][PASSED] - if (n > taskno_11): null

2022-06-20 11:34:17 - [TEST_STEP][PASSED] - result = getText(findTestObject("1. Constant/xpath", ["xpath":"/html/body/div[1]/div[2]/div[8]/div[3]/div/div/div[2]/div/table/tbody/tr[" + n + "]/td[1]/a"]), OPTIONAL): Text of object 'Object Repository/1. Constant/xpath' is: 'Mark final printed sample reception date: 129000_NATILLAS VAINILLA DIA 6X125_0084946_GROUP REINA MERCADO GLOBAL, S.L. - POSTRES CAPRICHOSO - MI000050'

2022-06-20 11:34:17 - [MESSAGE][PASSED] - Text of object 'Object Repository/1. Constant/xpath' is: 'Mark final printed sample reception date: 129000_NATILLAS VAINILLA DIA 6X125_0084946_GROUP REINA MERCADO GLOBAL, S.L. - POSTRES CAPRICHOSO - MI000050'

2022-06-20 11:34:17 - [TEST_STEP][PASSED] - if (result.contains(Project_No)): null

2022-06-20 11:34:17 - [TEST_STEP][PASSED] - else: null

2022-06-20 11:34:17 - [TEST_STEP][PASSED] - n = n + 1: null

2022-06-20 11:34:17 - [TEST_STEP][PASSED] - if (n > taskno_11): null

2022-06-20 11:34:17 - [TEST_STEP][PASSED] - result = getText(findTestObject("1. Constant/xpath", ["xpath":"/html/body/div[1]/div[2]/div[8]/div[3]/div/div/div[2]/div/table/tbody/tr[" + n + "]/td[1]/a"]), OPTIONAL): Text of object 'Object Repository/1. Constant/xpath' is: 'Mark final printed sample reception date: 129001_NATILLAS CHOCOLATE DIA 6X125_0084946_GROUP REINA MERCADO GLOBAL, S.L. - 2020_CAPRICHOSO_Dairy desserts'

2022-06-20 11:34:18 - [MESSAGE][PASSED] - Text of object 'Object Repository/1. Constant/xpath' is: 'Mark final printed sample reception date: 129001_NATILLAS CHOCOLATE DIA 6X125_0084946_GROUP REINA MERCADO GLOBAL, S.L. - 2020_CAPRICHOSO_Dairy desserts'

2022-06-20 11:34:18 - [TEST_STEP][PASSED] - if (result.contains(Project_No)): null

2022-06-20 11:34:18 - [TEST_STEP][PASSED] - else: null

2022-06-20 11:34:18 - [TEST_STEP][PASSED] - n = n + 1: null

2022-06-20 11:34:18 - [TEST_STEP][PASSED] - if (n > taskno_11): null

2022-06-20 11:34:18 - [TEST_STEP][PASSED] - result = getText(findTestObject("1. Constant/xpath", ["xpath":"/html/body/div[1]/div[2]/div[8]/div[3]/div/div/div[2]/div/table/tbody/tr[" + n + "]/td[1]/a"]), OPTIONAL): Text of object 'Object Repository/1. Constant/xpath' is: 'Mark final printed sample reception date: 208220_POSTRE SERRADURA DELIC 2X85G_0084946_GROUP REINA MERCADO GLOBAL, S.L. - 2020_CAPRICHOSO_Dairy desserts'

2022-06-20 11:34:18 - [MESSAGE][PASSED] - Text of object 'Object Repository/1. Constant/xpath' is: 'Mark final printed sample reception date: 208220_POSTRE SERRADURA DELIC 2X85G_0084946_GROUP REINA MERCADO GLOBAL, S.L. - 2020_CAPRICHOSO_Dairy desserts'

2022-06-20 11:34:18 - [TEST_STEP][PASSED] - if (result.contains(Project_No)): null

2022-06-20 11:34:18 - [TEST_STEP][PASSED] - else: null

2022-06-20 11:34:18 - [TEST_STEP][PASSED] - n = n + 1: null

2022-06-20 11:34:18 - [TEST_STEP][PASSED] - if (n > taskno_11): null

2022-06-20 11:34:18 - [TEST_STEP][PASSED] - result = getText(findTestObject("1. Constant/xpath", ["xpath":"/html/body/div[1]/div[2]/div[8]/div[3]/div/div/div[2]/div/table/tbody/tr[" + n + "]/td[1]/a"]), OPTIONAL): Text of object 'Object Repository/1. Constant/xpath' is: 'Mark final printed sample reception date: 264361_QU FUND LONC LIGH PT DIA 300GR_0082468_QUESERIA MENORQUINA, SLU - 2021_DIA LACTEA_PROCESSED CHEESE - MI000026'

2022-06-20 11:34:19 - [MESSAGE][PASSED] - Text of object 'Object Repository/1. Constant/xpath' is: 'Mark final printed sample reception date: 264361_QU FUND LONC LIGH PT DIA 300GR_0082468_QUESERIA MENORQUINA, SLU - 2021_DIA LACTEA_PROCESSED CHEESE - MI000026'

2022-06-20 11:34:19 - [TEST_STEP][PASSED] - if (result.contains(Project_No)): null

2022-06-20 11:34:19 - [TEST_STEP][PASSED] - else: null

2022-06-20 11:34:19 - [TEST_STEP][PASSED] - n = n + 1: null

2022-06-20 11:34:19 - [TEST_STEP][PASSED] - if (n > taskno_11): null

2022-06-20 11:34:19 - [TEST_STEP][PASSED] - result = getText(findTestObject("1. Constant/xpath", ["xpath":"/html/body/div[1]/div[2]/div[8]/div[3]/div/div/div[2]/div/table/tbody/tr[" + n + "]/td[1]/a"]), OPTIONAL): Text of object 'Object Repository/1. Constant/xpath' is: 'Mark final printed sample reception date: 261350_SOLOMILLO PAVO P.VAR_0083129_PROCAVI S.L. - 2021_SELECCION DE DIA_Turkey - MI000255'

2022-06-20 11:34:19 - [MESSAGE][PASSED] - Text of object 'Object Repository/1. Constant/xpath' is: 'Mark final printed sample reception date: 261350_SOLOMILLO PAVO P.VAR_0083129_PROCAVI S.L. - 2021_SELECCION DE DIA_Turkey - MI000255'

2022-06-20 11:34:19 - [TEST_STEP][PASSED] - if (result.contains(Project_No)): null

2022-06-20 11:34:19 - [TEST_STEP][PASSED] - else: null

2022-06-20 11:34:19 - [TEST_STEP][PASSED] - n = n + 1: null

2022-06-20 11:34:19 - [TEST_STEP][PASSED] - if (n > taskno_11): null

2022-06-20 11:34:19 - [TEST_STEP][PASSED] - result = getText(findTestObject("1. Constant/xpath", ["xpath":"/html/body/div[1]/div[2]/div[8]/div[3]/div/div/div[2]/div/table/tbody/tr[" + n + "]/td[1]/a"]), OPTIONAL): Text of object 'Object Repository/1. Constant/xpath' is: 'Mark final printed sample reception date: 261368_ESTOFADO PAVO P.VAR_0083129_PROCAVI S.L. - 2021_SELECCION DE DIA_Turkey - MI000255'

2022-06-20 11:34:20 - [MESSAGE][PASSED] - Text of object 'Object Repository/1. Constant/xpath' is: 'Mark final printed sample reception date: 261368_ESTOFADO PAVO P.VAR_0083129_PROCAVI S.L. - 2021_SELECCION DE DIA_Turkey - MI000255'

2022-06-20 11:34:20 - [TEST_STEP][PASSED] - if (result.contains(Project_No)): null

2022-06-20 11:34:20 - [TEST_STEP][PASSED] - else: null

2022-06-20 11:34:20 - [TEST_STEP][PASSED] - n = n + 1: null

2022-06-20 11:34:20 - [TEST_STEP][PASSED] - if (n > taskno_11): null

2022-06-20 11:34:20 - [TEST_STEP][PASSED] - result = getText(findTestObject("1. Constant/xpath", ["xpath":"/html/body/div[1]/div[2]/div[8]/div[3]/div/div/div[2]/div/table/tbody/tr[" + n + "]/td[1]/a"]), OPTIONAL): Text of object 'Object Repository/1. Constant/xpath' is: 'Mark final printed sample reception date: 147147_CHULETA PAVO AJILLO_0083129_PROCAVI S.L. - 2021_SELECCION DE DIA_Turkey - MI000255'

2022-06-20 11:34:20 - [MESSAGE][PASSED] - Text of object 'Object Repository/1. Constant/xpath' is: 'Mark final printed sample reception date: 147147_CHULETA PAVO AJILLO_0083129_PROCAVI S.L. - 2021_SELECCION DE DIA_Turkey - MI000255'

2022-06-20 11:34:20 - [TEST_STEP][PASSED] - if (result.contains(Project_No)): null

2022-06-20 11:34:20 - [TEST_STEP][PASSED] - else: null

2022-06-20 11:34:20 - [TEST_STEP][PASSED] - n = n + 1: null

2022-06-20 11:34:20 - [TEST_STEP][PASSED] - if (n > taskno_11): null

2022-06-20 11:34:20 - [TEST_STEP][PASSED] - result = getText(findTestObject("1. Constant/xpath", ["xpath":"/html/body/div[1]/div[2]/div[8]/div[3]/div/div/div[2]/div/table/tbody/tr[" + n + "]/td[1]/a"]), OPTIONAL): Text of object 'Object Repository/1. Constant/xpath' is: 'Mark final printed sample reception date: 186193_FILETE PAVO ADOBADO P.VAR_0083129_PROCAVI S.L. - 2021_SELECCION DE DIA_Turkey - MI000255'

2022-06-20 11:34:21 - [MESSAGE][PASSED] - Text of object 'Object Repository/1. Constant/xpath' is: 'Mark final printed sample reception date: 186193_FILETE PAVO ADOBADO P.VAR_0083129_PROCAVI S.L. - 2021_SELECCION DE DIA_Turkey - MI000255'

2022-06-20 11:34:21 - [TEST_STEP][PASSED] - if (result.contains(Project_No)): null

2022-06-20 11:34:21 - [TEST_STEP][PASSED] - else: null

2022-06-20 11:34:21 - [TEST_STEP][PASSED] - n = n + 1: null

2022-06-20 11:34:21 - [TEST_STEP][PASSED] - if (n > taskno_11): null

2022-06-20 11:34:21 - [TEST_STEP][PASSED] - result = getText(findTestObject("1. Constant/xpath", ["xpath":"/html/body/div[1]/div[2]/div[8]/div[3]/div/div/div[2]/div/table/tbody/tr[" + n + "]/td[1]/a"]), OPTIONAL): Text of object 'Object Repository/1. Constant/xpath' is: 'Mark final printed sample reception date: 261349_PECHUGA PAVO FILETES P.VAR_0083129_PROCAVI S.L. - 2021_SELECCION DE DIA_Turkey - MI000255'

2022-06-20 11:34:21 - [MESSAGE][PASSED] - Text of object 'Object Repository/1. Constant/xpath' is: 'Mark final printed sample reception date: 261349_PECHUGA PAVO FILETES P.VAR_0083129_PROCAVI S.L. - 2021_SELECCION DE DIA_Turkey - MI000255'

2022-06-20 11:34:21 - [TEST_STEP][PASSED] - if (result.contains(Project_No)): null

2022-06-20 11:34:21 - [TEST_STEP][PASSED] - else: null

2022-06-20 11:34:21 - [TEST_STEP][PASSED] - n = n + 1: null

2022-06-20 11:34:21 - [TEST_STEP][PASSED] - if (n > taskno_11): null

2022-06-20 11:34:21 - [TEST_STEP][PASSED] - result = getText(findTestObject("1. Constant/xpath", ["xpath":"/html/body/div[1]/div[2]/div[8]/div[3]/div/div/div[2]/div/table/tbody/tr[" + n + "]/td[1]/a"]), OPTIONAL): Text of object 'Object Repository/1. Constant/xpath' is: 'Mark final printed sample reception date: 261352_CHULETAS PAVO P.VAR_0083129_PROCAVI S.L. - 2021_SELECCION DE DIA_Turkey - MI000255'

2022-06-20 11:34:22 - [MESSAGE][PASSED] - Text of object 'Object Repository/1. Constant/xpath' is: 'Mark final printed sample reception date: 261352_CHULETAS PAVO P.VAR_0083129_PROCAVI S.L. - 2021_SELECCION DE DIA_Turkey - MI000255'

2022-06-20 11:34:22 - [TEST_STEP][PASSED] - if (result.contains(Project_No)): null

2022-06-20 11:34:22 - [TEST_STEP][PASSED] - else: null

2022-06-20 11:34:22 - [TEST_STEP][PASSED] - n = n + 1: null

2022-06-20 11:34:22 - [TEST_STEP][PASSED] - if (n > taskno_11): null

2022-06-20 11:34:22 - [TEST_STEP][PASSED] - result = getText(findTestObject("1. Constant/xpath", ["xpath":"/html/body/div[1]/div[2]/div[8]/div[3]/div/div/div[2]/div/table/tbody/tr[" + n + "]/td[1]/a"]), OPTIONAL): Text of object 'Object Repository/1. Constant/xpath' is: 'Mark final printed sample reception date: 269546_MEDALLONES SOLOM PAV KG_0083129_PROCAVI S.L. - 2021_SELECCION DE DIA_Turkey - MI000255'

2022-06-20 11:34:22 - [MESSAGE][PASSED] - Text of object 'Object Repository/1. Constant/xpath' is: 'Mark final printed sample reception date: 269546_MEDALLONES SOLOM PAV KG_0083129_PROCAVI S.L. - 2021_SELECCION DE DIA_Turkey - MI000255'

2022-06-20 11:34:22 - [TEST_STEP][PASSED] - if (result.contains(Project_No)): null

2022-06-20 11:34:22 - [TEST_STEP][PASSED] - else: null

2022-06-20 11:34:22 - [TEST_STEP][PASSED] - n = n + 1: null

2022-06-20 11:34:22 - [TEST_STEP][PASSED] - if (n > taskno_11): null

2022-06-20 11:34:22 - [TEST_STEP][PASSED] - result = getText(findTestObject("1. Constant/xpath", ["xpath":"/html/body/div[1]/div[2]/div[8]/div[3]/div/div/div[2]/div/table/tbody/tr[" + n + "]/td[1]/a"]), OPTIONAL): Text of object 'Object Repository/1. Constant/xpath' is: 'Upload packaging briefing: Tampoes PT - Higiene PT'

2022-06-20 11:34:23 - [MESSAGE][PASSED] - Text of object 'Object Repository/1. Constant/xpath' is: 'Upload packaging briefing: Tampoes PT - Higiene PT'

2022-06-20 11:34:23 - [TEST_STEP][PASSED] - if (result.contains(Project_No)): null

2022-06-20 11:34:23 - [TEST_STEP][PASSED] - else: null

2022-06-20 11:34:23 - [TEST_STEP][PASSED] - n = n + 1: null

2022-06-20 11:34:23 - [TEST_STEP][PASSED] - if (n > taskno_11): null

2022-06-20 11:34:23 - [TEST_STEP][PASSED] - result = getText(findTestObject("1. Constant/xpath", ["xpath":"/html/body/div[1]/div[2]/div[8]/div[3]/div/div/div[2]/div/table/tbody/tr[" + n + "]/td[1]/a"]), OPTIONAL): Text of object 'Object Repository/1. Constant/xpath' is: 'Mark final printed sample reception date: 108518_GELATINA FRESA PACK6 DIA 6X100_0084946_GROUP REINA MERCADO GLOBAL, S.L. - 2020_SUEÑOS_Gellies'

2022-06-20 11:34:23 - [MESSAGE][PASSED] - Text of object 'Object Repository/1. Constant/xpath' is: 'Mark final printed sample reception date: 108518_GELATINA FRESA PACK6 DIA 6X100_0084946_GROUP REINA MERCADO GLOBAL, S.L. - 2020_SUEÑOS_Gellies'

2022-06-20 11:34:23 - [TEST_STEP][PASSED] - if (result.contains(Project_No)): null

2022-06-20 11:34:23 - [TEST_STEP][PASSED] - else: null

2022-06-20 11:34:23 - [TEST_STEP][PASSED] - n = n + 1: null

2022-06-20 11:34:23 - [TEST_STEP][PASSED] - if (n > taskno_11): null

2022-06-20 11:34:23 - [TEST_STEP][PASSED] - result = getText(findTestObject("1. Constant/xpath", ["xpath":"/html/body/div[1]/div[2]/div[8]/div[3]/div/div/div[2]/div/table/tbody/tr[" + n + "]/td[1]/a"]), OPTIONAL): Text of object 'Object Repository/1. Constant/xpath' is: 'Mark final printed sample reception date: 139596_GELATINA PANACHE DIA 6X100_0084946_GROUP REINA MERCADO GLOBAL, S.L. - 2020_SUEÑOS_Gellies'

2022-06-20 11:34:24 - [MESSAGE][PASSED] - Text of object 'Object Repository/1. Constant/xpath' is: 'Mark final printed sample reception date: 139596_GELATINA PANACHE DIA 6X100_0084946_GROUP REINA MERCADO GLOBAL, S.L. - 2020_SUEÑOS_Gellies'

2022-06-20 11:34:24 - [TEST_STEP][PASSED] - if (result.contains(Project_No)): null

2022-06-20 11:34:24 - [TEST_STEP][PASSED] - else: null

2022-06-20 11:34:24 - [TEST_STEP][PASSED] - n = n + 1: null

2022-06-20 11:34:24 - [TEST_STEP][PASSED] - if (n > taskno_11): null

2022-06-20 11:34:24 - [TEST_STEP][PASSED] - result = getText(findTestObject("1. Constant/xpath", ["xpath":"/html/body/div[1]/div[2]/div[8]/div[3]/div/div/div[2]/div/table/tbody/tr[" + n + "]/td[1]/a"]), OPTIONAL): Text of object 'Object Repository/1. Constant/xpath' is: 'Mark final printed sample reception date: 026053_HORCHATA DIA 1L_0085070_HORCHATAS MERCADER, S.L - 2021_HORCHATA'

2022-06-20 11:34:25 - [MESSAGE][PASSED] - Text of object 'Object Repository/1. Constant/xpath' is: 'Mark final printed sample reception date: 026053_HORCHATA DIA 1L_0085070_HORCHATAS MERCADER, S.L - 2021_HORCHATA'

2022-06-20 11:34:25 - [TEST_STEP][PASSED] - if (result.contains(Project_No)): null

2022-06-20 11:34:25 - [TEST_STEP][PASSED] - else: null

2022-06-20 11:34:25 - [TEST_STEP][PASSED] - n = n + 1: null

2022-06-20 11:34:25 - [TEST_STEP][PASSED] - if (n > taskno_11): null

2022-06-20 11:34:25 - [TEST_STEP][PASSED] - result = getText(findTestObject("1. Constant/xpath", ["xpath":"/html/body/div[1]/div[2]/div[8]/div[3]/div/div/div[2]/div/table/tbody/tr[" + n + "]/td[1]/a"]), OPTIONAL): Text of object 'Object Repository/1. Constant/xpath' is: 'Require info for PAF: 101581_SALCHICHAS SUPER DIA 350GR_0075254_CAMPOFRIO FOOD GROUP, S.A.U - 2021_FUNKY FRANK_SAUSAGES'

2022-06-20 11:34:25 - [MESSAGE][PASSED] - Text of object 'Object Repository/1. Constant/xpath' is: 'Require info for PAF: 101581_SALCHICHAS SUPER DIA 350GR_0075254_CAMPOFRIO FOOD GROUP, S.A.U - 2021_FUNKY FRANK_SAUSAGES'

2022-06-20 11:34:25 - [TEST_STEP][PASSED] - if (result.contains(Project_No)): null

2022-06-20 11:34:25 - [TEST_STEP][PASSED] - else: null

2022-06-20 11:34:25 - [TEST_STEP][PASSED] - n = n + 1: null

2022-06-20 11:34:25 - [TEST_STEP][PASSED] - if (n > taskno_11): null

2022-06-20 11:34:25 - [TEST_STEP][PASSED] - result = getText(findTestObject("1. Constant/xpath", ["xpath":"/html/body/div[1]/div[2]/div[8]/div[3]/div/div/div[2]/div/table/tbody/tr[" + n + "]/td[1]/a"]), OPTIONAL): Text of object 'Object Repository/1. Constant/xpath' is: 'Mark final printed sample reception date: 174769_LOCION AFTER SUN BONTE 400ML_0084226_PERSEIDA BELLEZA SL - 2020_BONTE_SUN CARE'

2022-06-20 11:34:25 - [MESSAGE][PASSED] - Text of object 'Object Repository/1. Constant/xpath' is: 'Mark final printed sample reception date: 174769_LOCION AFTER SUN BONTE 400ML_0084226_PERSEIDA BELLEZA SL - 2020_BONTE_SUN CARE'

2022-06-20 11:34:25 - [TEST_STEP][PASSED] - if (result.contains(Project_No)): null

2022-06-20 11:34:25 - [TEST_STEP][PASSED] - else: null

2022-06-20 11:34:25 - [TEST_STEP][PASSED] - n = n + 1: null

2022-06-20 11:34:25 - [TEST_STEP][PASSED] - if (n > taskno_11): null

2022-06-20 11:34:25 - [TEST_STEP][PASSED] - result = getText(findTestObject("1. Constant/xpath", ["xpath":"/html/body/div[1]/div[2]/div[8]/div[3]/div/div/div[2]/div/table/tbody/tr[" + n + "]/td[1]/a"]), OPTIONAL): Text of object 'Object Repository/1. Constant/xpath' is: 'Mark final printed sample reception date: 263677_QUESO VIEJO IBERICO ELCEN 300GR_0084970_EXCLUSIVAS LA COTA, S.L - 2021_EL CENCERRO_SPANISH CHEESE - MI000062'

2022-06-20 11:34:26 - [MESSAGE][PASSED] - Text of object 'Object Repository/1. Constant/xpath' is: 'Mark final printed sample reception date: 263677_QUESO VIEJO IBERICO ELCEN 300GR_0084970_EXCLUSIVAS LA COTA, S.L - 2021_EL CENCERRO_SPANISH CHEESE - MI000062'

2022-06-20 11:34:26 - [TEST_STEP][PASSED] - if (result.contains(Project_No)): null

2022-06-20 11:34:26 - [TEST_STEP][PASSED] - else: null

2022-06-20 11:34:26 - [TEST_STEP][PASSED] - n = n + 1: null

2022-06-20 11:34:26 - [TEST_STEP][PASSED] - if (n > taskno_11): null

2022-06-20 11:34:26 - [TEST_STEP][PASSED] - result = getText(findTestObject("1. Constant/xpath", ["xpath":"/html/body/div[1]/div[2]/div[8]/div[3]/div/div/div[2]/div/table/tbody/tr[" + n + "]/td[1]/a"]), OPTIONAL): Text of object 'Object Repository/1. Constant/xpath' is: 'Require info for PAF: 035418_YOG L FRE+FRE/PLA BM DIA 4X160_0075305_LONGA VIDA - 2021_DIA LACTEA_Liquid yogurts (PT) - MI000334'

2022-06-20 11:34:26 - [MESSAGE][PASSED] - Text of object 'Object Repository/1. Constant/xpath' is: 'Require info for PAF: 035418_YOG L FRE+FRE/PLA BM DIA 4X160_0075305_LONGA VIDA - 2021_DIA LACTEA_Liquid yogurts (PT) - MI000334'

2022-06-20 11:34:26 - [TEST_STEP][PASSED] - if (result.contains(Project_No)): null

2022-06-20 11:34:26 - [TEST_STEP][PASSED] - else: null

2022-06-20 11:34:26 - [TEST_STEP][PASSED] - n = n + 1: null

2022-06-20 11:34:26 - [TEST_STEP][PASSED] - if (n > taskno_11): null

2022-06-20 11:34:26 - [TEST_STEP][PASSED] - result = getText(findTestObject("1. Constant/xpath", ["xpath":"/html/body/div[1]/div[2]/div[8]/div[3]/div/div/div[2]/div/table/tbody/tr[" + n + "]/td[1]/a"]), OPTIONAL): Text of object 'Object Repository/1. Constant/xpath' is: 'Mark final printed sample reception date: 263676_QUESO AÑEJO MEZCLA ELCEN 300GR_0084970_EXCLUSIVAS LA COTA, S.L - 2021_EL CENCERRO_SPANISH CHEESE - MI000062'

2022-06-20 11:34:27 - [MESSAGE][PASSED] - Text of object 'Object Repository/1. Constant/xpath' is: 'Mark final printed sample reception date: 263676_QUESO AÑEJO MEZCLA ELCEN 300GR_0084970_EXCLUSIVAS LA COTA, S.L - 2021_EL CENCERRO_SPANISH CHEESE - MI000062'

2022-06-20 11:34:27 - [TEST_STEP][PASSED] - if (result.contains(Project_No)): null

2022-06-20 11:34:27 - [TEST_STEP][PASSED] - else: null

2022-06-20 11:34:27 - [TEST_STEP][PASSED] - n = n + 1: null

2022-06-20 11:34:27 - [TEST_STEP][PASSED] - if (n > taskno_11): null

2022-06-20 11:34:27 - [TEST_STEP][PASSED] - result = getText(findTestObject("1. Constant/xpath", ["xpath":"/html/body/div[1]/div[2]/div[8]/div[3]/div/div/div[2]/div/table/tbody/tr[" + n + "]/td[1]/a"]), OPTIONAL): Text of object 'Object Repository/1. Constant/xpath' is: 'Mark final printed sample reception date: 267074_QUESO FLAMENGO BARRA DIA 1K_0076809_INSULAC PROD.LACTEOS ACOREANOS S.A. - 2021_O CHOCALHO_Queijos Flamengos - MI000088'

2022-06-20 11:34:27 - [MESSAGE][PASSED] - Text of object 'Object Repository/1. Constant/xpath' is: 'Mark final printed sample reception date: 267074_QUESO FLAMENGO BARRA DIA 1K_0076809_INSULAC PROD.LACTEOS ACOREANOS S.A. - 2021_O CHOCALHO_Queijos Flamengos - MI000088'

2022-06-20 11:34:27 - [TEST_STEP][PASSED] - if (result.contains(Project_No)): null

2022-06-20 11:34:27 - [TEST_STEP][PASSED] - else: null

2022-06-20 11:34:27 - [TEST_STEP][PASSED] - n = n + 1: null

2022-06-20 11:34:27 - [TEST_STEP][PASSED] - if (n > taskno_11): null

2022-06-20 11:34:27 - [TEST_STEP][PASSED] - result = getText(findTestObject("1. Constant/xpath", ["xpath":"/html/body/div[1]/div[2]/div[8]/div[3]/div/div/div[2]/div/table/tbody/tr[" + n + "]/td[1]/a"]), OPTIONAL): Text of object 'Object Repository/1. Constant/xpath' is: 'Validate PTS: PTS - 2021_SELECCION DE DIA_Turkey - MI000255'

2022-06-20 11:34:27 - [MESSAGE][PASSED] - Text of object 'Object Repository/1. Constant/xpath' is: 'Validate PTS: PTS - 2021_SELECCION DE DIA_Turkey - MI000255'

2022-06-20 11:34:27 - [TEST_STEP][PASSED] - if (result.contains(Project_No)): null

2022-06-20 11:34:27 - [TEST_STEP][PASSED] - else: null

2022-06-20 11:34:27 - [TEST_STEP][PASSED] - n = n + 1: null

2022-06-20 11:34:27 - [TEST_STEP][PASSED] - if (n > taskno_11): null

2022-06-20 11:34:27 - [TEST_STEP][PASSED] - result = getText(findTestObject("1. Constant/xpath", ["xpath":"/html/body/div[1]/div[2]/div[8]/div[3]/div/div/div[2]/div/table/tbody/tr[" + n + "]/td[1]/a"]), OPTIONAL): Text of object 'Object Repository/1. Constant/xpath' is: 'Out of Office - MI000864 / refID : 5731 To Verify the task of Out of Office'

2022-06-20 11:34:27 - [MESSAGE][PASSED] - Text of object 'Object Repository/1. Constant/xpath' is: 'Out of Office - MI000864 / refID : 5731 To Verify the task of Out of Office'

2022-06-20 11:34:27 - [TEST_STEP][PASSED] - if (result.contains(Project_No)): null

2022-06-20 11:34:27 - [TEST_STEP][PASSED] - else: null

2022-06-20 11:34:27 - [TEST_STEP][PASSED] - n = n + 1: null

2022-06-20 11:34:27 - [TEST_STEP][PASSED] - if (n > taskno_11): null

2022-06-20 11:34:27 - [TEST_STEP][PASSED] - result = getText(findTestObject("1. Constant/xpath", ["xpath":"/html/body/div[1]/div[2]/div[8]/div[3]/div/div/div[2]/div/table/tbody/tr[" + n + "]/td[1]/a"]), OPTIONAL): Text of object 'Object Repository/1. Constant/xpath' is: 'Out of Office - MI000865 / refID : 5732 To Verify the task of Out of Office'

2022-06-20 11:34:28 - [MESSAGE][PASSED] - Text of object 'Object Repository/1. Constant/xpath' is: 'Out of Office - MI000865 / refID : 5732 To Verify the task of Out of Office'

2022-06-20 11:34:28 - [TEST_STEP][PASSED] - if (result.contains(Project_No)): null

2022-06-20 11:34:28 - [TEST_STEP][PASSED] - else: null

2022-06-20 11:34:28 - [TEST_STEP][PASSED] - n = n + 1: null

2022-06-20 11:34:28 - [TEST_STEP][PASSED] - if (n > taskno_11): null

2022-06-20 11:34:28 - [TEST_STEP][PASSED] - result = getText(findTestObject("1. Constant/xpath", ["xpath":"/html/body/div[1]/div[2]/div[8]/div[3]/div/div/div[2]/div/table/tbody/tr[" + n + "]/td[1]/a"]), OPTIONAL): Text of object 'Object Repository/1. Constant/xpath' is: 'Out of Office - MI000866 / refID : 5733 To Verify the task of Out of Office'

2022-06-20 11:34:28 - [MESSAGE][PASSED] - Text of object 'Object Repository/1. Constant/xpath' is: 'Out of Office - MI000866 / refID : 5733 To Verify the task of Out of Office'

2022-06-20 11:34:28 - [TEST_STEP][PASSED] - if (result.contains(Project_No)): null

2022-06-20 11:34:28 - [TEST_STEP][PASSED] - else: null

2022-06-20 11:34:28 - [TEST_STEP][PASSED] - n = n + 1: null

2022-06-20 11:34:28 - [TEST_STEP][PASSED] - if (n > taskno_11): null

2022-06-20 11:34:28 - [TEST_STEP][PASSED] - result = getText(findTestObject("1. Constant/xpath", ["xpath":"/html/body/div[1]/div[2]/div[8]/div[3]/div/div/div[2]/div/table/tbody/tr[" + n + "]/td[1]/a"]), OPTIONAL): Text of object 'Object Repository/1. Constant/xpath' is: 'Out of Office - MI000883 / refID : 5758 To Verify the task of Out of Office'

2022-06-20 11:34:28 - [MESSAGE][PASSED] - Text of object 'Object Repository/1. Constant/xpath' is: 'Out of Office - MI000883 / refID : 5758 To Verify the task of Out of Office'

2022-06-20 11:34:28 - [TEST_STEP][PASSED] - if (result.contains(Project_No)): null

2022-06-20 11:34:28 - [TEST_STEP][PASSED] - else: null

2022-06-20 11:34:28 - [TEST_STEP][PASSED] - n = n + 1: null

2022-06-20 11:34:28 - [TEST_STEP][PASSED] - if (n > taskno_11): null

2022-06-20 11:34:28 - [TEST_STEP][PASSED] - result = getText(findTestObject("1. Constant/xpath", ["xpath":"/html/body/div[1]/div[2]/div[8]/div[3]/div/div/div[2]/div/table/tbody/tr[" + n + "]/td[1]/a"]), OPTIONAL): Text of object 'Object Repository/1. Constant/xpath' is: 'Out of Office - MI000884 / refID : 5759 To Verify the task of Out of Office'

2022-06-20 11:34:29 - [MESSAGE][PASSED] - Text of object 'Object Repository/1. Constant/xpath' is: 'Out of Office - MI000884 / refID : 5759 To Verify the task of Out of Office'

2022-06-20 11:34:29 - [TEST_STEP][PASSED] - if (result.contains(Project_No)): null

2022-06-20 11:34:29 - [TEST_STEP][PASSED] - else: null

2022-06-20 11:34:29 - [TEST_STEP][PASSED] - n = n + 1: null

2022-06-20 11:34:29 - [TEST_STEP][PASSED] - if (n > taskno_11): null

2022-06-20 11:34:29 - [TEST_STEP][PASSED] - result = getText(findTestObject("1. Constant/xpath", ["xpath":"/html/body/div[1]/div[2]/div[8]/div[3]/div/div/div[2]/div/table/tbody/tr[" + n + "]/td[1]/a"]), OPTIONAL): Text of object 'Object Repository/1. Constant/xpath' is: 'Out of Office - MI000888 / refID : 5772 To Verify the task of Out of Office'

2022-06-20 11:34:29 - [MESSAGE][PASSED] - Text of object 'Object Repository/1. Constant/xpath' is: 'Out of Office - MI000888 / refID : 5772 To Verify the task of Out of Office'

2022-06-20 11:34:29 - [TEST_STEP][PASSED] - if (result.contains(Project_No)): null

2022-06-20 11:34:29 - [TEST_STEP][PASSED] - else: null

2022-06-20 11:34:29 - [TEST_STEP][PASSED] - n = n + 1: null

2022-06-20 11:34:29 - [TEST_STEP][PASSED] - if (n > taskno_11): null

2022-06-20 11:34:29 - [TEST_STEP][PASSED] - result = getText(findTestObject("1. Constant/xpath", ["xpath":"/html/body/div[1]/div[2]/div[8]/div[3]/div/div/div[2]/div/table/tbody/tr[" + n + "]/td[1]/a"]), OPTIONAL): Text of object 'Object Repository/1. Constant/xpath' is: 'Out of Office - MI000889 / refID : 5773 To Verify the task of Out of Office'

2022-06-20 11:34:30 - [MESSAGE][PASSED] - Text of object 'Object Repository/1. Constant/xpath' is: 'Out of Office - MI000889 / refID : 5773 To Verify the task of Out of Office'

2022-06-20 11:34:30 - [TEST_STEP][PASSED] - if (result.contains(Project_No)): null

2022-06-20 11:34:30 - [TEST_STEP][PASSED] - else: null

2022-06-20 11:34:30 - [TEST_STEP][PASSED] - n = n + 1: null

2022-06-20 11:34:30 - [TEST_STEP][PASSED] - if (n > taskno_11): null

2022-06-20 11:34:30 - [TEST_STEP][PASSED] - result = getText(findTestObject("1. Constant/xpath", ["xpath":"/html/body/div[1]/div[2]/div[8]/div[3]/div/div/div[2]/div/table/tbody/tr[" + n + "]/td[1]/a"]), OPTIONAL): Text of object 'Object Repository/1. Constant/xpath' is: 'Out of Office - MI000890 / refID : 5774 To Verify the task of Out of Office'

2022-06-20 11:34:30 - [MESSAGE][PASSED] - Text of object 'Object Repository/1. Constant/xpath' is: 'Out of Office - MI000890 / refID : 5774 To Verify the task of Out of Office'

2022-06-20 11:34:30 - [TEST_STEP][PASSED] - if (result.contains(Project_No)): null

2022-06-20 11:34:30 - [TEST_STEP][PASSED] - else: null

2022-06-20 11:34:30 - [TEST_STEP][PASSED] - n = n + 1: null

2022-06-20 11:34:30 - [TEST_STEP][PASSED] - if (n > taskno_11): null

2022-06-20 11:34:30 - [TEST_STEP][PASSED] - result = getText(findTestObject("1. Constant/xpath", ["xpath":"/html/body/div[1]/div[2]/div[8]/div[3]/div/div/div[2]/div/table/tbody/tr[" + n + "]/td[1]/a"]), OPTIONAL): Text of object 'Object Repository/1. Constant/xpath' is: 'Out of Office - MI000891 / refID : 5775 To Verify the task of Out of Office'

2022-06-20 11:34:31 - [MESSAGE][PASSED] - Text of object 'Object Repository/1. Constant/xpath' is: 'Out of Office - MI000891 / refID : 5775 To Verify the task of Out of Office'

2022-06-20 11:34:31 - [TEST_STEP][PASSED] - if (result.contains(Project_No)): null

2022-06-20 11:34:31 - [TEST_STEP][PASSED] - else: null

2022-06-20 11:34:31 - [TEST_STEP][PASSED] - n = n + 1: null

2022-06-20 11:34:31 - [TEST_STEP][PASSED] - if (n > taskno_11): null

2022-06-20 11:34:31 - [TEST_STEP][PASSED] - result = getText(findTestObject("1. Constant/xpath", ["xpath":"/html/body/div[1]/div[2]/div[8]/div[3]/div/div/div[2]/div/table/tbody/tr[" + n + "]/td[1]/a"]), OPTIONAL): Text of object 'Object Repository/1. Constant/xpath' is: 'Out of Office - MI000892 / refID : 5776 To Verify the task of Out of Office'

2022-06-20 11:34:31 - [MESSAGE][PASSED] - Text of object 'Object Repository/1. Constant/xpath' is: 'Out of Office - MI000892 / refID : 5776 To Verify the task of Out of Office'

2022-06-20 11:34:31 - [TEST_STEP][PASSED] - if (result.contains(Project_No)): null

2022-06-20 11:34:31 - [TEST_STEP][PASSED] - else: null

2022-06-20 11:34:31 - [TEST_STEP][PASSED] - n = n + 1: null

2022-06-20 11:34:31 - [TEST_STEP][PASSED] - if (n > taskno_11): null

2022-06-20 11:34:31 - [TEST_STEP][PASSED] - result = getText(findTestObject("1. Constant/xpath", ["xpath":"/html/body/div[1]/div[2]/div[8]/div[3]/div/div/div[2]/div/table/tbody/tr[" + n + "]/td[1]/a"]), OPTIONAL): Text of object 'Object Repository/1. Constant/xpath' is: 'Out of Office - MI000893 / refID : 5777 To Verify the task of Out of Office'

2022-06-20 11:34:32 - [MESSAGE][PASSED] - Text of object 'Object Repository/1. Constant/xpath' is: 'Out of Office - MI000893 / refID : 5777 To Verify the task of Out of Office'

2022-06-20 11:34:32 - [TEST_STEP][PASSED] - if (result.contains(Project_No)): null

2022-06-20 11:34:32 - [TEST_STEP][PASSED] - else: null

2022-06-20 11:34:32 - [TEST_STEP][PASSED] - n = n + 1: null

2022-06-20 11:34:32 - [TEST_STEP][PASSED] - if (n > taskno_11): null

2022-06-20 11:34:32 - [TEST_STEP][PASSED] - result = getText(findTestObject("1. Constant/xpath", ["xpath":"/html/body/div[1]/div[2]/div[8]/div[3]/div/div/div[2]/div/table/tbody/tr[" + n + "]/td[1]/a"]), OPTIONAL): Text of object 'Object Repository/1. Constant/xpath' is: 'Out of Office - MI000893 / refID : 5778 To Verify the task of Out of Office'

2022-06-20 11:34:33 - [MESSAGE][PASSED] - Text of object 'Object Repository/1. Constant/xpath' is: 'Out of Office - MI000893 / refID : 5778 To Verify the task of Out of Office'

2022-06-20 11:34:33 - [TEST_STEP][PASSED] - if (result.contains(Project_No)): null

2022-06-20 11:34:33 - [TEST_STEP][PASSED] - else: null

2022-06-20 11:34:33 - [TEST_STEP][PASSED] - n = n + 1: null

2022-06-20 11:34:33 - [TEST_STEP][PASSED] - if (n > taskno_11): null

2022-06-20 11:34:33 - [TEST_STEP][PASSED] - result = getText(findTestObject("1. Constant/xpath", ["xpath":"/html/body/div[1]/div[2]/div[8]/div[3]/div/div/div[2]/div/table/tbody/tr[" + n + "]/td[1]/a"]), OPTIONAL): Text of object 'Object Repository/1. Constant/xpath' is: 'Out of Office - MI000894 / refID : 5779 To Verify the task of Out of Office'

2022-06-20 11:34:33 - [MESSAGE][PASSED] - Text of object 'Object Repository/1. Constant/xpath' is: 'Out of Office - MI000894 / refID : 5779 To Verify the task of Out of Office'

2022-06-20 11:34:33 - [TEST_STEP][PASSED] - if (result.contains(Project_No)): null

2022-06-20 11:34:33 - [TEST_STEP][PASSED] - else: null

2022-06-20 11:34:33 - [TEST_STEP][PASSED] - n = n + 1: null

2022-06-20 11:34:33 - [TEST_STEP][PASSED] - if (n > taskno_11): null

2022-06-20 11:34:33 - [TEST_STEP][PASSED] - result = getText(findTestObject("1. Constant/xpath", ["xpath":"/html/body/div[1]/div[2]/div[8]/div[3]/div/div/div[2]/div/table/tbody/tr[" + n + "]/td[1]/a"]), OPTIONAL): Text of object 'Object Repository/1. Constant/xpath' is: 'Out of Office - MI000895 / refID : 5780 To Verify the task of Out of Office'

2022-06-20 11:34:34 - [MESSAGE][PASSED] - Text of object 'Object Repository/1. Constant/xpath' is: 'Out of Office - MI000895 / refID : 5780 To Verify the task of Out of Office'

2022-06-20 11:34:34 - [TEST_STEP][PASSED] - if (result.contains(Project_No)): null

2022-06-20 11:34:34 - [TEST_STEP][PASSED] - else: null

2022-06-20 11:34:34 - [TEST_STEP][PASSED] - n = n + 1: null

2022-06-20 11:34:34 - [TEST_STEP][PASSED] - if (n > taskno_11): null

2022-06-20 11:34:34 - [TEST_STEP][PASSED] - result = getText(findTestObject("1. Constant/xpath", ["xpath":"/html/body/div[1]/div[2]/div[8]/div[3]/div/div/div[2]/div/table/tbody/tr[" + n + "]/td[1]/a"]), OPTIONAL): Text of object 'Object Repository/1. Constant/xpath' is: 'Out of Office - MI000896 / refID : 5781 To Verify the task of Out of Office'

2022-06-20 11:34:34 - [MESSAGE][PASSED] - Text of object 'Object Repository/1. Constant/xpath' is: 'Out of Office - MI000896 / refID : 5781 To Verify the task of Out of Office'

2022-06-20 11:34:34 - [TEST_STEP][PASSED] - if (result.contains(Project_No)): null

2022-06-20 11:34:34 - [TEST_STEP][PASSED] - else: null

2022-06-20 11:34:34 - [TEST_STEP][PASSED] - n = n + 1: null

2022-06-20 11:34:34 - [TEST_STEP][PASSED] - if (n > taskno_11): null

2022-06-20 11:34:34 - [TEST_STEP][PASSED] - result = getText(findTestObject("1. Constant/xpath", ["xpath":"/html/body/div[1]/div[2]/div[8]/div[3]/div/div/div[2]/div/table/tbody/tr[" + n + "]/td[1]/a"]), OPTIONAL): Text of object 'Object Repository/1. Constant/xpath' is: 'Out of Office - MI000897 / refID : 5782 To Verify the task of Out of Office'

2022-06-20 11:34:35 - [MESSAGE][PASSED] - Text of object 'Object Repository/1. Constant/xpath' is: 'Out of Office - MI000897 / refID : 5782 To Verify the task of Out of Office'

2022-06-20 11:34:35 - [TEST_STEP][PASSED] - if (result.contains(Project_No)): null

2022-06-20 11:34:35 - [TEST_STEP][PASSED] - else: null

2022-06-20 11:34:35 - [TEST_STEP][PASSED] - n = n + 1: null

2022-06-20 11:34:35 - [TEST_STEP][PASSED] - if (n > taskno_11): null

2022-06-20 11:34:35 - [TEST_STEP][PASSED] - result = getText(findTestObject("1. Constant/xpath", ["xpath":"/html/body/div[1]/div[2]/div[8]/div[3]/div/div/div[2]/div/table/tbody/tr[" + n + "]/td[1]/a"]), OPTIONAL): Text of object 'Object Repository/1. Constant/xpath' is: 'Out of Office - MI000910 / refID : 5810 To Verify the task of Out of Office'

2022-06-20 11:34:35 - [MESSAGE][PASSED] - Text of object 'Object Repository/1. Constant/xpath' is: 'Out of Office - MI000910 / refID : 5810 To Verify the task of Out of Office'

2022-06-20 11:34:35 - [TEST_STEP][PASSED] - if (result.contains(Project_No)): null

2022-06-20 11:34:35 - [TEST_STEP][PASSED] - else: null

2022-06-20 11:34:35 - [TEST_STEP][PASSED] - n = n + 1: null

2022-06-20 11:34:35 - [TEST_STEP][PASSED] - if (n > taskno_11): null

2022-06-20 11:34:35 - [TEST_STEP][PASSED] - result = getText(findTestObject("1. Constant/xpath", ["xpath":"/html/body/div[1]/div[2]/div[8]/div[3]/div/div/div[2]/div/table/tbody/tr[" + n + "]/td[1]/a"]), OPTIONAL): Text of object 'Object Repository/1. Constant/xpath' is: 'Out of Office - MI000929 / refID : 5852 To Verify the task of Out of Office'

2022-06-20 11:34:35 - [MESSAGE][PASSED] - Text of object 'Object Repository/1. Constant/xpath' is: 'Out of Office - MI000929 / refID : 5852 To Verify the task of Out of Office'

2022-06-20 11:34:35 - [TEST_STEP][PASSED] - if (result.contains(Project_No)): null

2022-06-20 11:34:35 - [TEST_STEP][PASSED] - else: null

2022-06-20 11:34:35 - [TEST_STEP][PASSED] - n = n + 1: null

2022-06-20 11:34:35 - [TEST_STEP][PASSED] - if (n > taskno_11): null

2022-06-20 11:34:35 - [TEST_STEP][PASSED] - result = getText(findTestObject("1. Constant/xpath", ["xpath":"/html/body/div[1]/div[2]/div[8]/div[3]/div/div/div[2]/div/table/tbody/tr[" + n + "]/td[1]/a"]), OPTIONAL): Text of object 'Object Repository/1. Constant/xpath' is: 'Out of Office - MI000930 / refID : 5853 To Verify the task of Out of Office'

2022-06-20 11:34:36 - [MESSAGE][PASSED] - Text of object 'Object Repository/1. Constant/xpath' is: 'Out of Office - MI000930 / refID : 5853 To Verify the task of Out of Office'

2022-06-20 11:34:36 - [TEST_STEP][PASSED] - if (result.contains(Project_No)): null

2022-06-20 11:34:36 - [TEST_STEP][PASSED] - else: null

2022-06-20 11:34:36 - [TEST_STEP][PASSED] - n = n + 1: null

2022-06-20 11:34:36 - [TEST_STEP][PASSED] - if (n > taskno_11): null

2022-06-20 11:34:36 - [TEST_STEP][PASSED] - result = getText(findTestObject("1. Constant/xpath", ["xpath":"/html/body/div[1]/div[2]/div[8]/div[3]/div/div/div[2]/div/table/tbody/tr[" + n + "]/td[1]/a"]), OPTIONAL): Text of object 'Object Repository/1. Constant/xpath' is: 'Out of Office - MI000930 / refID : 5854 To Verify the task of Out of Office'

2022-06-20 11:34:36 - [MESSAGE][PASSED] - Text of object 'Object Repository/1. Constant/xpath' is: 'Out of Office - MI000930 / refID : 5854 To Verify the task of Out of Office'

2022-06-20 11:34:36 - [TEST_STEP][PASSED] - if (result.contains(Project_No)): null

2022-06-20 11:34:36 - [TEST_STEP][PASSED] - else: null

2022-06-20 11:34:36 - [TEST_STEP][PASSED] - n = n + 1: null

2022-06-20 11:34:36 - [TEST_STEP][PASSED] - if (n > taskno_11): null

2022-06-20 11:34:36 - [TEST_STEP][PASSED] - result = getText(findTestObject("1. Constant/xpath", ["xpath":"/html/body/div[1]/div[2]/div[8]/div[3]/div/div/div[2]/div/table/tbody/tr[" + n + "]/td[1]/a"]), OPTIONAL): Text of object 'Object Repository/1. Constant/xpath' is: 'Out of Office - MI000930 / refID : 5855 To Verify the task of Out of Office'

2022-06-20 11:34:37 - [MESSAGE][PASSED] - Text of object 'Object Repository/1. Constant/xpath' is: 'Out of Office - MI000930 / refID : 5855 To Verify the task of Out of Office'

2022-06-20 11:34:37 - [TEST_STEP][PASSED] - if (result.contains(Project_No)): null

2022-06-20 11:34:37 - [TEST_STEP][PASSED] - else: null

2022-06-20 11:34:37 - [TEST_STEP][PASSED] - n = n + 1: null

2022-06-20 11:34:37 - [TEST_STEP][PASSED] - if (n > taskno_11): null

2022-06-20 11:34:37 - [TEST_STEP][PASSED] - result = getText(findTestObject("1. Constant/xpath", ["xpath":"/html/body/div[1]/div[2]/div[8]/div[3]/div/div/div[2]/div/table/tbody/tr[" + n + "]/td[1]/a"]), OPTIONAL): Text of object 'Object Repository/1. Constant/xpath' is: 'Out of Office - MI000930 / refID : 5856 To Verify the task of Out of Office'

2022-06-20 11:34:37 - [MESSAGE][PASSED] - Text of object 'Object Repository/1. Constant/xpath' is: 'Out of Office - MI000930 / refID : 5856 To Verify the task of Out of Office'

2022-06-20 11:34:37 - [TEST_STEP][PASSED] - if (result.contains(Project_No)): null

2022-06-20 11:34:37 - [TEST_STEP][PASSED] - else: null

2022-06-20 11:34:37 - [TEST_STEP][PASSED] - n = n + 1: null

2022-06-20 11:34:37 - [TEST_STEP][PASSED] - if (n > taskno_11): null

2022-06-20 11:34:37 - [TEST_STEP][PASSED] - result = getText(findTestObject("1. Constant/xpath", ["xpath":"/html/body/div[1]/div[2]/div[8]/div[3]/div/div/div[2]/div/table/tbody/tr[" + n + "]/td[1]/a"]), OPTIONAL): Text of object 'Object Repository/1. Constant/xpath' is: 'Out of Office - MI000930 / refID : 5858 To Verify the task of Out of Office'

2022-06-20 11:34:37 - [MESSAGE][PASSED] - Text of object 'Object Repository/1. Constant/xpath' is: 'Out of Office - MI000930 / refID : 5858 To Verify the task of Out of Office'

2022-06-20 11:34:37 - [TEST_STEP][PASSED] - if (result.contains(Project_No)): null

2022-06-20 11:34:37 - [TEST_STEP][PASSED] - else: null

2022-06-20 11:34:37 - [TEST_STEP][PASSED] - n = n + 1: null

2022-06-20 11:34:37 - [TEST_STEP][PASSED] - if (n > taskno_11): null

2022-06-20 11:34:37 - [TEST_STEP][PASSED] - result = getText(findTestObject("1. Constant/xpath", ["xpath":"/html/body/div[1]/div[2]/div[8]/div[3]/div/div/div[2]/div/table/tbody/tr[" + n + "]/td[1]/a"]), OPTIONAL): Text of object 'Object Repository/1. Constant/xpath' is: 'Out of Office - MI000930 / refID : 5860 To Verify the task of Out of Office'

2022-06-20 11:34:37 - [MESSAGE][PASSED] - Text of object 'Object Repository/1. Constant/xpath' is: 'Out of Office - MI000930 / refID : 5860 To Verify the task of Out of Office'

2022-06-20 11:34:37 - [TEST_STEP][PASSED] - if (result.contains(Project_No)): null

2022-06-20 11:34:37 - [TEST_STEP][PASSED] - else: null

2022-06-20 11:34:37 - [TEST_STEP][PASSED] - n = n + 1: null

2022-06-20 11:34:37 - [TEST_STEP][PASSED] - if (n > taskno_11): null

2022-06-20 11:34:37 - [TEST_STEP][PASSED] - result = getText(findTestObject("1. Constant/xpath", ["xpath":"/html/body/div[1]/div[2]/div[8]/div[3]/div/div/div[2]/div/table/tbody/tr[" + n + "]/td[1]/a"]), OPTIONAL): Text of object 'Object Repository/1. Constant/xpath' is: 'Out of Office - MI000941 / refID : 5888 To Verify the task of Out of Office'

2022-06-20 11:34:38 - [MESSAGE][PASSED] - Text of object 'Object Repository/1. Constant/xpath' is: 'Out of Office - MI000941 / refID : 5888 To Verify the task of Out of Office'

2022-06-20 11:34:38 - [TEST_STEP][PASSED] - if (result.contains(Project_No)): null

2022-06-20 11:34:38 - [TEST_STEP][PASSED] - else: null

2022-06-20 11:34:38 - [TEST_STEP][PASSED] - n = n + 1: null

2022-06-20 11:34:38 - [TEST_STEP][PASSED] - if (n > taskno_11): null

2022-06-20 11:34:38 - [TEST_STEP][PASSED] - result = getText(findTestObject("1. Constant/xpath", ["xpath":"/html/body/div[1]/div[2]/div[8]/div[3]/div/div/div[2]/div/table/tbody/tr[" + n + "]/td[1]/a"]), OPTIONAL): Text of object 'Object Repository/1. Constant/xpath' is: 'Out of Office - MI000942 / refID : 5889 To Verify the task of Out of Office'

2022-06-20 11:34:38 - [MESSAGE][PASSED] - Text of object 'Object Repository/1. Constant/xpath' is: 'Out of Office - MI000942 / refID : 5889 To Verify the task of Out of Office'

2022-06-20 11:34:38 - [TEST_STEP][PASSED] - if (result.contains(Project_No)): null

2022-06-20 11:34:38 - [TEST_STEP][PASSED] - else: null

2022-06-20 11:34:38 - [TEST_STEP][PASSED] - n = n + 1: null

2022-06-20 11:34:38 - [TEST_STEP][PASSED] - if (n > taskno_11): null

2022-06-20 11:34:38 - [TEST_STEP][PASSED] - result = getText(findTestObject("1. Constant/xpath", ["xpath":"/html/body/div[1]/div[2]/div[8]/div[3]/div/div/div[2]/div/table/tbody/tr[" + n + "]/td[1]/a"]), OPTIONAL): Text of object 'Object Repository/1. Constant/xpath' is: 'Review document for reference Technical Drawing of project TC202.07_AutoTest_Chrome_Starpack2SAm0OKO9l_juin202022_112855 (MI000948)'

2022-06-20 11:34:38 - [MESSAGE][PASSED] - Text of object 'Object Repository/1. Constant/xpath' is: 'Review document for reference Technical Drawing of project TC202.07_AutoTest_Chrome_Starpack2SAm0OKO9l_juin202022_112855 (MI000948)'

2022-06-20 11:34:38 - [TEST_STEP][PASSED] - if (result.contains(Project_No)): null

2022-06-20 11:34:38 - [TEST_STEP][PASSED] - click(findTestObject("1. Constant/xpath", ["xpath":"/html/body/div[1]/div[2]/div[8]/div[3]/div/div/div[2]/div/table/tbody/tr[" + n + "]/td[1]/a"])): Object: 'Object Repository/1. Constant/xpath' is clicked on

2022-06-20 11:34:41 - [MESSAGE][PASSED] - Object: 'Object Repository/1. Constant/xpath' is clicked on

2022-06-20 11:34:41 - [TEST_STEP][PASSED] - break: null

2022-06-20 11:34:42 - [TEST_STEP][PASSED] - delay(1): Delayed 1 second(s)

2022-06-20 11:34:43 - [MESSAGE][PASSED] - Delayed 1 second(s)

2022-06-20 11:34:43 - [TEST_STEP][PASSED] - mouseOver(findTestObject("Object Repository/HL Full Lifecycle/Function_access Viewer2")): Object: 'Object Repository/HL Full Lifecycle/Function_access Viewer2' is hovered

2022-06-20 11:34:44 - [MESSAGE][PASSED] - Object: 'Object Repository/HL Full Lifecycle/Function_access Viewer2' is hovered

2022-06-20 11:34:44 - [TEST_STEP][PASSED] - delay(2): Delayed 2 second(s)

2022-06-20 11:34:46 - [MESSAGE][PASSED] - Delayed 2 second(s)

2022-06-20 11:34:46 - [TEST_STEP][PASSED] - click(findTestObject("Object Repository/HL Full Lifecycle/Function_access Viewer2")): Object: 'Object Repository/HL Full Lifecycle/Function_access Viewer2' is clicked on

2022-06-20 11:34:46 - [MESSAGE][PASSED] - Object: 'Object Repository/HL Full Lifecycle/Function_access Viewer2' is clicked on

2022-06-20 11:34:46 - [TEST_STEP][PASSED] - delay(1): Delayed 1 second(s)

2022-06-20 11:34:47 - [MESSAGE][PASSED] - Delayed 1 second(s)

2022-06-20 11:34:47 - [TEST_STEP][PASSED] - click(findTestObject("1. Constant/xpath", ["xpath":"//*[@id="BtnrefusalButton"]"])): Object: 'Object Repository/1. Constant/xpath' is clicked on

2022-06-20 11:34:47 - [MESSAGE][PASSED] - Object: 'Object Repository/1. Constant/xpath' is clicked on

2022-06-20 11:34:47 - [TEST_STEP][PASSED] - delay(1): Delayed 1 second(s)

2022-06-20 11:34:48 - [MESSAGE][PASSED] - Delayed 1 second(s)

2022-06-20 11:34:48 - [TEST_STEP][PASSED] - click(findTestObject("1. Constant/xpath", ["xpath":"//*[@id="disable_rejectionButton"]"])): Object: 'Object Repository/1. Constant/xpath' is clicked on

2022-06-20 11:34:54 - [MESSAGE][PASSED] - Object: 'Object Repository/1. Constant/xpath' is clicked on

2022-06-20 11:34:54 - [TEST_STEP][PASSED] - delay(1): Delayed 1 second(s)

2022-06-20 11:34:55 - [MESSAGE][PASSED] - Delayed 1 second(s)

2022-06-20 11:34:55 - [TEST_STEP][PASSED] - taskno_22 = I.Get_Task_No("//*[@id="kt_header"]/div/div[2]/div[1]/div[1]/span"): Text of object 'Object Repository/1. Constant/xpath' is: '61'

2022-06-20 11:34:56 - [MESSAGE][PASSED] - Text of object 'Object Repository/1. Constant/xpath' is: '61'

2022-06-20 11:34:56 - [TEST_STEP][PASSED] - verifyEqual(taskno_11 - 1, taskno_22): Actual object '61' and expected object '61' are equal

2022-06-20 11:34:56 - [MESSAGE][PASSED] - Actual object '61' and expected object '61' are equal

2022-06-20 11:34:56 - [TEST_STEP][PASSED] - I.Logout(): Delayed 3 second(s)

2022-06-20 11:34:59 - [MESSAGE][PASSED] - Delayed 3 second(s)

2022-06-20 11:34:59 - [MESSAGE][PASSED] - Object: 'Object Repository/1. Constant/xpath' is clicked on

2022-06-20 11:35:02 - [MESSAGE][PASSED] - Delayed 3 second(s)

2022-06-20 11:35:04 - [MESSAGE][PASSED] - Object: 'Object Repository/1. Constant/xpath' is clicked on

2022-06-20 11:35:07 - [MESSAGE][PASSED] - Delayed 3 second(s)

2022-06-20 11:35:07 - [TEST_STEP][PASSED] - I.Login_password("agarciasanchez", password_agarciasanchez): Object: 'Object Repository/1. Constant/xpath' is clicked on

2022-06-20 11:35:07 - [MESSAGE][PASSED] - Text 'agarciasanchez' is set on object 'Object Repository/1. Constant/xpath'

2022-06-20 11:35:08 - [MESSAGE][PASSED] - Delayed 1 second(s)

2022-06-20 11:35:08 - [MESSAGE][PASSED] - Text 'diadeis' is set on object 'Object Repository/1. Constant/xpath'

2022-06-20 11:35:09 - [MESSAGE][PASSED] - Delayed 1 second(s)

2022-06-20 11:35:13 - [MESSAGE][PASSED] - Object: 'Object Repository/1. Constant/xpath' is clicked on

2022-06-20 11:35:13 - [TEST_STEP][PASSED] - takeScreenshot(): Taking screenshot successfully

2022-06-20 11:35:13 - [MESSAGE][PASSED] - Taking screenshot successfully
[[ATTACHMENT|D:\\Projet Test Auto\\Mediabox Test Automation [Test]\\Reports\\20220620_112818\\z01. Test Suites\\202. TestStarPack Full Lifecycle _Change of Rights_SAS\\20220620_112819\\1655717713231.png]]

2022-06-20 11:35:13 - [TEST_STEP][PASSED] - task_no3 = I.Get_Task_No("//*[@id="kt_header"]/div/div[2]/div[1]/div[1]/span"): Text of object 'Object Repository/1. Constant/xpath' is: '54'

2022-06-20 11:35:13 - [MESSAGE][PASSED] - Text of object 'Object Repository/1. Constant/xpath' is: '54'

2022-06-20 11:35:13 - [TEST_STEP][PASSED] - I.Logout(): Delayed 3 second(s)

2022-06-20 11:35:16 - [MESSAGE][PASSED] - Delayed 3 second(s)

2022-06-20 11:35:16 - [MESSAGE][PASSED] - Object: 'Object Repository/1. Constant/xpath' is clicked on

2022-06-20 11:35:19 - [MESSAGE][PASSED] - Delayed 3 second(s)

2022-06-20 11:35:21 - [MESSAGE][PASSED] - Object: 'Object Repository/1. Constant/xpath' is clicked on

2022-06-20 11:35:24 - [MESSAGE][PASSED] - Delayed 3 second(s)

2022-06-20 11:35:24 - [TEST_STEP][PASSED] - I.Login_password("suser", password_suser): Object: 'Object Repository/1. Constant/xpath' is clicked on

2022-06-20 11:35:25 - [MESSAGE][PASSED] - Text 'suser' is set on object 'Object Repository/1. Constant/xpath'

2022-06-20 11:35:26 - [MESSAGE][PASSED] - Delayed 1 second(s)

2022-06-20 11:35:26 - [MESSAGE][PASSED] - Text 'diadeis' is set on object 'Object Repository/1. Constant/xpath'

2022-06-20 11:35:27 - [MESSAGE][PASSED] - Delayed 1 second(s)

2022-06-20 11:35:29 - [MESSAGE][PASSED] - Object: 'Object Repository/1. Constant/xpath' is clicked on

2022-06-20 11:35:29 - [TEST_STEP][PASSED] - takeScreenshot(): Taking screenshot successfully

2022-06-20 11:35:30 - [MESSAGE][PASSED] - Taking screenshot successfully
[[ATTACHMENT|D:\\Projet Test Auto\\Mediabox Test Automation [Test]\\Reports\\20220620_112818\\z01. Test Suites\\202. TestStarPack Full Lifecycle _Change of Rights_SAS\\20220620_112819\\1655717730055.png]]

2022-06-20 11:35:30 - [TEST_STEP][PASSED] - click(findTestObject("1. Constant/02_LHSMenu_Projects")): Object: 'Object Repository/1. Constant/02_LHSMenu_Projects' is clicked on

2022-06-20 11:35:38 - [MESSAGE][PASSED] - Object: 'Object Repository/1. Constant/02_LHSMenu_Projects' is clicked on

2022-06-20 11:35:38 - [TEST_STEP][PASSED] - I.SearchProjectNo(Project_No, findTestObject("HL Full Lifecycle/9 Filter_Button_Apply")): Delayed 5 second(s)

2022-06-20 11:35:39 - [MESSAGE][PASSED] - Text 'MI000948' is set on object 'Object Repository/1. Constant/xpath'

2022-06-20 11:35:42 - [MESSAGE][PASSED] - Delayed 3 second(s)

2022-06-20 11:35:46 - [MESSAGE][PASSED] - Object: 'Object Repository/HL Full Lifecycle/9 Filter_Button_Apply' is clicked on

2022-06-20 11:35:51 - [MESSAGE][PASSED] - Delayed 5 second(s)

2022-06-20 11:35:51 - [TEST_STEP][PASSED] - color2 = getCSSValue(findTestObject("Object Repository/StarPack - Full Lifecycle (AWIS)/4.012 Supploer proceed to next phase (PS)", ["refID":"source_" + refID_TD]), "color", OPTIONAL): Get CSS 'color' value on 'Object Repository/StarPack - Full Lifecycle (AWIS)/4.012 Supploer proceed to next phase (PS)' successfully: 'rgba(255, 255, 255, 1)'.

2022-06-20 11:35:51 - [MESSAGE][PASSED] - Get CSS 'color' value on 'Object Repository/StarPack - Full Lifecycle (AWIS)/4.012 Supploer proceed to next phase (PS)' successfully: 'rgba(255, 255, 255, 1)'.

2022-06-20 11:35:51 - [TEST_STEP][PASSED] - I.print(color2): null

2022-06-20 11:35:51 - [TEST_STEP][PASSED] - while (color2 == "rgba(255, 255, 255, 1)"): null

2022-06-20 11:35:51 - [TEST_STEP][PASSED] - click(findTestObject("Object Repository/StarPack - Full Lifecycle (AWIS)/4.012 Supploer proceed to next phase (PS)", ["refID":"source_" + refID_TD])): Object: 'Object Repository/StarPack - Full Lifecycle (AWIS)/4.012 Supploer proceed to next phase (PS)' is clicked on

2022-06-20 11:35:53 - [MESSAGE][PASSED] - Object: 'Object Repository/StarPack - Full Lifecycle (AWIS)/4.012 Supploer proceed to next phase (PS)' is clicked on

2022-06-20 11:35:53 - [TEST_STEP][PASSED] - takeScreenshot(): Taking screenshot successfully

2022-06-20 11:35:54 - [MESSAGE][PASSED] - Taking screenshot successfully
[[ATTACHMENT|D:\\Projet Test Auto\\Mediabox Test Automation [Test]\\Reports\\20220620_112818\\z01. Test Suites\\202. TestStarPack Full Lifecycle _Change of Rights_SAS\\20220620_112819\\1655717753748.png]]

2022-06-20 11:35:54 - [TEST_STEP][PASSED] - I.UploadDoc_sendkey_Prod(findTestObject("1. Constant/xpath", ["xpath":"//*[@id="kt_body"]/input[2]"]), "D:\Upoad_File\Upload doc\testdataaddition1.jpg", "testdataaddition1.jpg"): Delayed 5 second(s)

2022-06-20 11:35:54 - [MESSAGE][PASSED] - Scroll to object 'Object Repository/1. Constant/xpath' successfully

2022-06-20 11:35:59 - [MESSAGE][PASSED] - Delayed 5 second(s)

2022-06-20 11:35:59 - [MESSAGE][PASSED] - File 'D:\Upoad_File\Upload doc\testdataaddition1.jpg' sent to object: 'Object Repository/1. Constant/xpath'

2022-06-20 11:36:04 - [MESSAGE][PASSED] - Delayed 5 second(s)

2022-06-20 11:36:04 - [MESSAGE][PASSED] - Text 'testdataaddition1.jpg' is present on page 

2022-06-20 11:36:09 - [MESSAGE][PASSED] - Delayed 5 second(s)

2022-06-20 11:36:14 - [MESSAGE][PASSED] - Delayed 5 second(s)

2022-06-20 11:36:14 - [TEST_STEP][PASSED] - takeScreenshot(): Taking screenshot successfully

2022-06-20 11:36:15 - [MESSAGE][PASSED] - Taking screenshot successfully
[[ATTACHMENT|D:\\Projet Test Auto\\Mediabox Test Automation [Test]\\Reports\\20220620_112818\\z01. Test Suites\\202. TestStarPack Full Lifecycle _Change of Rights_SAS\\20220620_112819\\1655717774735.png]]

2022-06-20 11:36:15 - [TEST_STEP][PASSED] - delay(10): Delayed 10 second(s)

2022-06-20 11:36:25 - [MESSAGE][PASSED] - Delayed 10 second(s)

2022-06-20 11:36:25 - [TEST_STEP][PASSED] - selectOptionByValue(findTestObject("1. Constant/xpath", ["xpath":"//*[@id="var_27"]"]), "645", false): All options with value '645' are selected in object 'Object Repository/1. Constant/xpath' 

2022-06-20 11:36:25 - [MESSAGE][PASSED] - All options with value '645' are selected in object 'Object Repository/1. Constant/xpath' 

2022-06-20 11:36:25 - [TEST_STEP][PASSED] - I.click_button_javascript(findTestObject("Object Repository/HL Full Lifecycle/12 ReferncePage_Button_Updatensenddoc")): Execute JavaScript 'arguments[0].click()' successfully

2022-06-20 11:36:35 - [MESSAGE][PASSED] - Execute JavaScript 'arguments[0].click()' successfully

2022-06-20 11:36:35 - [TEST_STEP][PASSED] - delay(5): Delayed 5 second(s)

2022-06-20 11:36:40 - [MESSAGE][PASSED] - Delayed 5 second(s)

2022-06-20 11:36:40 - [TEST_STEP][PASSED] - if (verifyElementPresent(findTestObject("Object Repository/StarPack - Full Lifecycle (AWIS)/4.012 Supploer proceed to next phase (PS)", ["refID":"source_" + refID_TD]), 10, OPTIONAL)): com.kms.katalon.core.webui.exception.WebElementNotFoundException: Web element with id: 'Object Repository/StarPack - Full Lifecycle (AWIS)/4.012 Supploer proceed to next phase (PS)' located by '//*[@id='source_5903']/td[9]/a[2]' not found (Root cause: com.kms.katalon.core.exception.StepFailedException: com.kms.katalon.core.webui.exception.WebElementNotFoundException: Web element with id: 'Object Repository/StarPack - Full Lifecycle (AWIS)/4.012 Supploer proceed to next phase (PS)' located by '//*[@id='source_5903']/td[9]/a[2]' not found
	at com.kms.katalon.core.webui.keyword.internal.WebUIKeywordMain.stepFailed(WebUIKeywordMain.groovy:64)
	at com.kms.katalon.core.webui.keyword.builtin.VerifyElementPresentKeyword$_verifyElementPresent_closure1.doCall(VerifyElementPresentKeyword.groovy:85)
	at com.kms.katalon.core.webui.keyword.builtin.VerifyElementPresentKeyword$_verifyElementPresent_closure1.call(VerifyElementPresentKeyword.groovy)
	at com.kms.katalon.core.webui.keyword.internal.WebUIKeywordMain.runKeyword(WebUIKeywordMain.groovy:20)
	at com.kms.katalon.core.webui.keyword.builtin.VerifyElementPresentKeyword.verifyElementPresent(VerifyElementPresentKeyword.groovy:92)
	at com.kms.katalon.core.webui.keyword.builtin.VerifyElementPresentKeyword.execute(VerifyElementPresentKeyword.groovy:68)
	at com.kms.katalon.core.keyword.internal.KeywordExecutor.executeKeywordForPlatform(KeywordExecutor.groovy:74)
	at com.kms.katalon.core.webui.keyword.WebUiBuiltInKeywords.verifyElementPresent(WebUiBuiltInKeywords.groovy:1448)
	at com.kms.katalon.core.webui.keyword.WebUiBuiltInKeywords$verifyElementPresent$15.call(Unknown Source)
	at 202.07 TestStarPack change of rights (Prod)_Ticket4757.run(202.07 TestStarPack change of rights (Prod)_Ticket4757:542)
	at com.kms.katalon.core.main.ScriptEngine.run(ScriptEngine.java:194)
	at com.kms.katalon.core.main.ScriptEngine.runScriptAsRawText(ScriptEngine.java:119)
	at com.kms.katalon.core.main.TestCaseExecutor.runScript(TestCaseExecutor.java:445)
	at com.kms.katalon.core.main.TestCaseExecutor.doExecute(TestCaseExecutor.java:436)
	at com.kms.katalon.core.main.TestCaseExecutor.processExecutionPhase(TestCaseExecutor.java:415)
	at com.kms.katalon.core.main.TestCaseExecutor.accessMainPhase(TestCaseExecutor.java:407)
	at com.kms.katalon.core.main.TestCaseExecutor.execute(TestCaseExecutor.java:284)
	at com.kms.katalon.core.common.CommonExecutor.accessTestCaseMainPhase(CommonExecutor.java:65)
	at com.kms.katalon.core.main.TestSuiteExecutor.accessTestSuiteMainPhase(TestSuiteExecutor.java:144)
	at com.kms.katalon.core.main.TestSuiteExecutor.execute(TestSuiteExecutor.java:106)
	at com.kms.katalon.core.main.TestCaseMain.startTestSuite(TestCaseMain.java:185)
	at com.kms.katalon.core.main.TestCaseMain$startTestSuite$0.call(Unknown Source)
	at TempTestSuite1655717299770.run(TempTestSuite1655717299770.groovy:36)
)

2022-06-20 11:36:51 - [MESSAGE][INFO] - Unable to find the element located by 'By.xpath: //*[@id='source_5903']/td[9]/a[2]'. Please recheck the objects properties to make sure the desired element is located. 

2022-06-20 11:36:51 - [MESSAGE][WARNING] - com.kms.katalon.core.webui.exception.WebElementNotFoundException: Web element with id: 'Object Repository/StarPack - Full Lifecycle (AWIS)/4.012 Supploer proceed to next phase (PS)' located by '//*[@id='source_5903']/td[9]/a[2]' not found (Root cause: com.kms.katalon.core.exception.StepFailedException: com.kms.katalon.core.webui.exception.WebElementNotFoundException: Web element with id: 'Object Repository/StarPack - Full Lifecycle (AWIS)/4.012 Supploer proceed to next phase (PS)' located by '//*[@id='source_5903']/td[9]/a[2]' not found
	at com.kms.katalon.core.webui.keyword.internal.WebUIKeywordMain.stepFailed(WebUIKeywordMain.groovy:64)
	at com.kms.katalon.core.webui.keyword.builtin.VerifyElementPresentKeyword$_verifyElementPresent_closure1.doCall(VerifyElementPresentKeyword.groovy:85)
	at com.kms.katalon.core.webui.keyword.builtin.VerifyElementPresentKeyword$_verifyElementPresent_closure1.call(VerifyElementPresentKeyword.groovy)
	at com.kms.katalon.core.webui.keyword.internal.WebUIKeywordMain.runKeyword(WebUIKeywordMain.groovy:20)
	at com.kms.katalon.core.webui.keyword.builtin.VerifyElementPresentKeyword.verifyElementPresent(VerifyElementPresentKeyword.groovy:92)
	at com.kms.katalon.core.webui.keyword.builtin.VerifyElementPresentKeyword.execute(VerifyElementPresentKeyword.groovy:68)
	at com.kms.katalon.core.keyword.internal.KeywordExecutor.executeKeywordForPlatform(KeywordExecutor.groovy:74)
	at com.kms.katalon.core.webui.keyword.WebUiBuiltInKeywords.verifyElementPresent(WebUiBuiltInKeywords.groovy:1448)
	at com.kms.katalon.core.webui.keyword.WebUiBuiltInKeywords$verifyElementPresent$15.call(Unknown Source)
	at 202.07 TestStarPack change of rights (Prod)_Ticket4757.run(202.07 TestStarPack change of rights (Prod)_Ticket4757:542)
	at com.kms.katalon.core.main.ScriptEngine.run(ScriptEngine.java:194)
	at com.kms.katalon.core.main.ScriptEngine.runScriptAsRawText(ScriptEngine.java:119)
	at com.kms.katalon.core.main.TestCaseExecutor.runScript(TestCaseExecutor.java:445)
	at com.kms.katalon.core.main.TestCaseExecutor.doExecute(TestCaseExecutor.java:436)
	at com.kms.katalon.core.main.TestCaseExecutor.processExecutionPhase(TestCaseExecutor.java:415)
	at com.kms.katalon.core.main.TestCaseExecutor.accessMainPhase(TestCaseExecutor.java:407)
	at com.kms.katalon.core.main.TestCaseExecutor.execute(TestCaseExecutor.java:284)
	at com.kms.katalon.core.common.CommonExecutor.accessTestCaseMainPhase(CommonExecutor.java:65)
	at com.kms.katalon.core.main.TestSuiteExecutor.accessTestSuiteMainPhase(TestSuiteExecutor.java:144)
	at com.kms.katalon.core.main.TestSuiteExecutor.execute(TestSuiteExecutor.java:106)
	at com.kms.katalon.core.main.TestCaseMain.startTestSuite(TestCaseMain.java:185)
	at com.kms.katalon.core.main.TestCaseMain$startTestSuite$0.call(Unknown Source)
	at TempTestSuite1655717299770.run(TempTestSuite1655717299770.groovy:36)
)
[[ATTACHMENT|D:\\Projet Test Auto\\Mediabox Test Automation [Test]\\Reports\\20220620_112818\\z01. Test Suites\\202. TestStarPack Full Lifecycle _Change of Rights_SAS\\20220620_112819\\1655717811151.png]]

2022-06-20 11:36:51 - [TEST_STEP][PASSED] - else: null

2022-06-20 11:36:51 - [TEST_STEP][PASSED] - color2 = "white": null

2022-06-20 11:36:51 - [TEST_STEP][PASSED] - I.Logout(): Delayed 3 second(s)

2022-06-20 11:36:54 - [MESSAGE][PASSED] - Delayed 3 second(s)

2022-06-20 11:36:54 - [MESSAGE][PASSED] - Object: 'Object Repository/1. Constant/xpath' is clicked on

2022-06-20 11:36:57 - [MESSAGE][PASSED] - Delayed 3 second(s)

2022-06-20 11:36:59 - [MESSAGE][PASSED] - Object: 'Object Repository/1. Constant/xpath' is clicked on

2022-06-20 11:37:02 - [MESSAGE][PASSED] - Delayed 3 second(s)

2022-06-20 11:37:02 - [TEST_STEP][PASSED] - I.Login_password("agarciasanchez", password_agarciasanchez): Object: 'Object Repository/1. Constant/xpath' is clicked on

2022-06-20 11:37:02 - [MESSAGE][PASSED] - Text 'agarciasanchez' is set on object 'Object Repository/1. Constant/xpath'

2022-06-20 11:37:03 - [MESSAGE][PASSED] - Delayed 1 second(s)

2022-06-20 11:37:03 - [MESSAGE][PASSED] - Text 'diadeis' is set on object 'Object Repository/1. Constant/xpath'

2022-06-20 11:37:04 - [MESSAGE][PASSED] - Delayed 1 second(s)

2022-06-20 11:37:08 - [MESSAGE][PASSED] - Object: 'Object Repository/1. Constant/xpath' is clicked on

2022-06-20 11:37:08 - [TEST_STEP][PASSED] - takeScreenshot(): Taking screenshot successfully

2022-06-20 11:37:08 - [MESSAGE][PASSED] - Taking screenshot successfully
[[ATTACHMENT|D:\\Projet Test Auto\\Mediabox Test Automation [Test]\\Reports\\20220620_112818\\z01. Test Suites\\202. TestStarPack Full Lifecycle _Change of Rights_SAS\\20220620_112819\\1655717828085.png]]

2022-06-20 11:37:08 - [TEST_STEP][PASSED] - task_no4 = I.Get_Task_No("//*[@id="kt_header"]/div/div[2]/div[1]/div[1]/span"): Text of object 'Object Repository/1. Constant/xpath' is: '55'

2022-06-20 11:37:08 - [MESSAGE][PASSED] - Text of object 'Object Repository/1. Constant/xpath' is: '55'

2022-06-20 11:37:08 - [TEST_STEP][PASSED] - verifyEqual(task_no3, task_no4 - 1): Actual object '54' and expected object '54' are equal

2022-06-20 11:37:08 - [MESSAGE][PASSED] - Actual object '54' and expected object '54' are equal

2022-06-20 11:37:08 - [TEST_STEP][PASSED] - click(findTestObject("1. Constant/xpath", ["xpath":"//*[@id="kt_header"]/div/div[2]/div[1]/div[1]/div"])): Object: 'Object Repository/1. Constant/xpath' is clicked on

2022-06-20 11:37:08 - [MESSAGE][PASSED] - Object: 'Object Repository/1. Constant/xpath' is clicked on

2022-06-20 11:37:08 - [TEST_STEP][PASSED] - delay(1): Delayed 1 second(s)

2022-06-20 11:37:09 - [MESSAGE][PASSED] - Delayed 1 second(s)

2022-06-20 11:37:09 - [TEST_STEP][PASSED] - click(findTestObject("1. Constant/xpath", ["xpath":"//*[@id="kt_header"]/div/div[2]/div[1]/div[2]/form/div[3]/a"])): Object: 'Object Repository/1. Constant/xpath' is clicked on

2022-06-20 11:37:15 - [MESSAGE][PASSED] - Object: 'Object Repository/1. Constant/xpath' is clicked on

2022-06-20 11:37:15 - [TEST_STEP][PASSED] - delay(1): Delayed 1 second(s)

2022-06-20 11:37:16 - [MESSAGE][PASSED] - Delayed 1 second(s)

2022-06-20 11:37:16 - [TEST_STEP][PASSED] - selectOptionByValue(findTestObject("1. Constant/xpath", ["xpath":"//*[@id="kt_content"]/div[3]/div/div/div[1]/div[1]/div/form/select"]), "250", false): All options with value '250' are selected in object 'Object Repository/1. Constant/xpath' 

2022-06-20 11:37:17 - [MESSAGE][PASSED] - All options with value '250' are selected in object 'Object Repository/1. Constant/xpath' 

2022-06-20 11:37:17 - [TEST_STEP][PASSED] - delay(1): Delayed 1 second(s)

2022-06-20 11:37:18 - [MESSAGE][PASSED] - Delayed 1 second(s)

2022-06-20 11:37:18 - [TEST_STEP][PASSED] - m = 1: null

2022-06-20 11:37:18 - [TEST_STEP][PASSED] - while (m <= task_no4): null

2022-06-20 11:37:18 - [TEST_STEP][PASSED] - result = getText(findTestObject("1. Constant/xpath", ["xpath":"/html/body/div[1]/div[2]/div[8]/div[3]/div/div/div[2]/div/table/tbody/tr[" + m + "]/td[1]/a"]), OPTIONAL): Text of object 'Object Repository/1. Constant/xpath' is: 'Mark final printed sample reception date: 112529_ACEIT OLIV VIRG EXTR DIA 1L_0077754_ACEITES DEL SUR COOSUR,S.A - 2021_LA ALMAZARA DEL OLIVAR_OLIVE OIL (labels) - MI000096'

2022-06-20 11:37:18 - [MESSAGE][PASSED] - Text of object 'Object Repository/1. Constant/xpath' is: 'Mark final printed sample reception date: 112529_ACEIT OLIV VIRG EXTR DIA 1L_0077754_ACEITES DEL SUR COOSUR,S.A - 2021_LA ALMAZARA DEL OLIVAR_OLIVE OIL (labels) - MI000096'

2022-06-20 11:37:18 - [TEST_STEP][PASSED] - if (result.contains(Project_No)): null

2022-06-20 11:37:18 - [TEST_STEP][PASSED] - else: null

2022-06-20 11:37:18 - [TEST_STEP][PASSED] - m = m + 1: null

2022-06-20 11:37:18 - [TEST_STEP][PASSED] - if (m > taskno_11): null

2022-06-20 11:37:18 - [TEST_STEP][PASSED] - result = getText(findTestObject("1. Constant/xpath", ["xpath":"/html/body/div[1]/div[2]/div[8]/div[3]/div/div/div[2]/div/table/tbody/tr[" + m + "]/td[1]/a"]), OPTIONAL): Text of object 'Object Repository/1. Constant/xpath' is: 'Mark final printed sample reception date: 000104_ACEITE OLIVA 0,4º DIA 1 L_0077586_SOVENA ESPAÑA, SAU - 2021_LA ALMAZARA DEL OLIVAR_OLIVE OIL (labels) - MI000096'

2022-06-20 11:37:18 - [MESSAGE][PASSED] - Text of object 'Object Repository/1. Constant/xpath' is: 'Mark final printed sample reception date: 000104_ACEITE OLIVA 0,4º DIA 1 L_0077586_SOVENA ESPAÑA, SAU - 2021_LA ALMAZARA DEL OLIVAR_OLIVE OIL (labels) - MI000096'

2022-06-20 11:37:18 - [TEST_STEP][PASSED] - if (result.contains(Project_No)): null

2022-06-20 11:37:18 - [TEST_STEP][PASSED] - else: null

2022-06-20 11:37:18 - [TEST_STEP][PASSED] - m = m + 1: null

2022-06-20 11:37:18 - [TEST_STEP][PASSED] - if (m > taskno_11): null

2022-06-20 11:37:18 - [TEST_STEP][PASSED] - result = getText(findTestObject("1. Constant/xpath", ["xpath":"/html/body/div[1]/div[2]/div[8]/div[3]/div/div/div[2]/div/table/tbody/tr[" + m + "]/td[1]/a"]), OPTIONAL): Text of object 'Object Repository/1. Constant/xpath' is: 'Mark final printed sample reception date: 000105_ACEITE OLIVA DIA 1º DIA 1 L_0077586_SOVENA ESPAÑA, SAU - 2021_LA ALMAZARA DEL OLIVAR_OLIVE OIL (labels) - MI000096'

2022-06-20 11:37:18 - [MESSAGE][PASSED] - Text of object 'Object Repository/1. Constant/xpath' is: 'Mark final printed sample reception date: 000105_ACEITE OLIVA DIA 1º DIA 1 L_0077586_SOVENA ESPAÑA, SAU - 2021_LA ALMAZARA DEL OLIVAR_OLIVE OIL (labels) - MI000096'

2022-06-20 11:37:18 - [TEST_STEP][PASSED] - if (result.contains(Project_No)): null

2022-06-20 11:37:18 - [TEST_STEP][PASSED] - else: null

2022-06-20 11:37:18 - [TEST_STEP][PASSED] - m = m + 1: null

2022-06-20 11:37:18 - [TEST_STEP][PASSED] - if (m > taskno_11): null

2022-06-20 11:37:18 - [TEST_STEP][PASSED] - result = getText(findTestObject("1. Constant/xpath", ["xpath":"/html/body/div[1]/div[2]/div[8]/div[3]/div/div/div[2]/div/table/tbody/tr[" + m + "]/td[1]/a"]), OPTIONAL): Text of object 'Object Repository/1. Constant/xpath' is: 'Mark final printed sample reception date: 107364_ACEITE OLIVA 1º DIA 5LT_0077586_SOVENA ESPAÑA, SAU - 2021_LA ALMAZARA DEL OLIVAR_OLIVE OIL (labels) - MI000096'

2022-06-20 11:37:19 - [MESSAGE][PASSED] - Text of object 'Object Repository/1. Constant/xpath' is: 'Mark final printed sample reception date: 107364_ACEITE OLIVA 1º DIA 5LT_0077586_SOVENA ESPAÑA, SAU - 2021_LA ALMAZARA DEL OLIVAR_OLIVE OIL (labels) - MI000096'

2022-06-20 11:37:19 - [TEST_STEP][PASSED] - if (result.contains(Project_No)): null

2022-06-20 11:37:19 - [TEST_STEP][PASSED] - else: null

2022-06-20 11:37:19 - [TEST_STEP][PASSED] - m = m + 1: null

2022-06-20 11:37:19 - [TEST_STEP][PASSED] - if (m > taskno_11): null

2022-06-20 11:37:19 - [TEST_STEP][PASSED] - result = getText(findTestObject("1. Constant/xpath", ["xpath":"/html/body/div[1]/div[2]/div[8]/div[3]/div/div/div[2]/div/table/tbody/tr[" + m + "]/td[1]/a"]), OPTIONAL): Text of object 'Object Repository/1. Constant/xpath' is: 'Mark final printed sample reception date: 026995_AGUA MINERAL NATURAL OVIDA 1,5LT_0077097_EUROINVERSIONES AGUAS DE SOUSAS SLU - WATER_2021 - MI000264'

2022-06-20 11:37:19 - [MESSAGE][PASSED] - Text of object 'Object Repository/1. Constant/xpath' is: 'Mark final printed sample reception date: 026995_AGUA MINERAL NATURAL OVIDA 1,5LT_0077097_EUROINVERSIONES AGUAS DE SOUSAS SLU - WATER_2021 - MI000264'

2022-06-20 11:37:19 - [TEST_STEP][PASSED] - if (result.contains(Project_No)): null

2022-06-20 11:37:19 - [TEST_STEP][PASSED] - else: null

2022-06-20 11:37:19 - [TEST_STEP][PASSED] - m = m + 1: null

2022-06-20 11:37:19 - [TEST_STEP][PASSED] - if (m > taskno_11): null

2022-06-20 11:37:19 - [TEST_STEP][PASSED] - result = getText(findTestObject("1. Constant/xpath", ["xpath":"/html/body/div[1]/div[2]/div[8]/div[3]/div/div/div[2]/div/table/tbody/tr[" + m + "]/td[1]/a"]), OPTIONAL): Text of object 'Object Repository/1. Constant/xpath' is: 'Mark final printed sample reception date: 026996_AGUA MINERAL NATURAL OVIDA 5 L_0077097_EUROINVERSIONES AGUAS DE SOUSAS SLU - WATER_2021 - MI000264'

2022-06-20 11:37:19 - [MESSAGE][PASSED] - Text of object 'Object Repository/1. Constant/xpath' is: 'Mark final printed sample reception date: 026996_AGUA MINERAL NATURAL OVIDA 5 L_0077097_EUROINVERSIONES AGUAS DE SOUSAS SLU - WATER_2021 - MI000264'

2022-06-20 11:37:19 - [TEST_STEP][PASSED] - if (result.contains(Project_No)): null

2022-06-20 11:37:19 - [TEST_STEP][PASSED] - else: null

2022-06-20 11:37:19 - [TEST_STEP][PASSED] - m = m + 1: null

2022-06-20 11:37:19 - [TEST_STEP][PASSED] - if (m > taskno_11): null

2022-06-20 11:37:19 - [TEST_STEP][PASSED] - result = getText(findTestObject("1. Constant/xpath", ["xpath":"/html/body/div[1]/div[2]/div[8]/div[3]/div/div/div[2]/div/table/tbody/tr[" + m + "]/td[1]/a"]), OPTIONAL): Text of object 'Object Repository/1. Constant/xpath' is: 'Mark final printed sample reception date: 037776_AGUA MINER NATUR S/G OVIDA 50CL_0077097_EUROINVERSIONES AGUAS DE SOUSAS SLU - WATER_2021 - MI000264'

2022-06-20 11:37:20 - [MESSAGE][PASSED] - Text of object 'Object Repository/1. Constant/xpath' is: 'Mark final printed sample reception date: 037776_AGUA MINER NATUR S/G OVIDA 50CL_0077097_EUROINVERSIONES AGUAS DE SOUSAS SLU - WATER_2021 - MI000264'

2022-06-20 11:37:20 - [TEST_STEP][PASSED] - if (result.contains(Project_No)): null

2022-06-20 11:37:20 - [TEST_STEP][PASSED] - else: null

2022-06-20 11:37:20 - [TEST_STEP][PASSED] - m = m + 1: null

2022-06-20 11:37:20 - [TEST_STEP][PASSED] - if (m > taskno_11): null

2022-06-20 11:37:20 - [TEST_STEP][PASSED] - result = getText(findTestObject("1. Constant/xpath", ["xpath":"/html/body/div[1]/div[2]/div[8]/div[3]/div/div/div[2]/div/table/tbody/tr[" + m + "]/td[1]/a"]), OPTIONAL): Text of object 'Object Repository/1. Constant/xpath' is: 'Mark final printed sample reception date: 026995_AGUA MINERAL NATURAL OVIDA 1,5LT_0075436_MANANTIALES DEL PIEDRA S.A. - WATER_2021 - MI000264'

2022-06-20 11:37:20 - [MESSAGE][PASSED] - Text of object 'Object Repository/1. Constant/xpath' is: 'Mark final printed sample reception date: 026995_AGUA MINERAL NATURAL OVIDA 1,5LT_0075436_MANANTIALES DEL PIEDRA S.A. - WATER_2021 - MI000264'

2022-06-20 11:37:20 - [TEST_STEP][PASSED] - if (result.contains(Project_No)): null

2022-06-20 11:37:20 - [TEST_STEP][PASSED] - else: null

2022-06-20 11:37:20 - [TEST_STEP][PASSED] - m = m + 1: null

2022-06-20 11:37:20 - [TEST_STEP][PASSED] - if (m > taskno_11): null

2022-06-20 11:37:20 - [TEST_STEP][PASSED] - result = getText(findTestObject("1. Constant/xpath", ["xpath":"/html/body/div[1]/div[2]/div[8]/div[3]/div/div/div[2]/div/table/tbody/tr[" + m + "]/td[1]/a"]), OPTIONAL): Text of object 'Object Repository/1. Constant/xpath' is: 'Mark final printed sample reception date: 026996_AGUA MINERAL NATURAL OVIDA 5 L_0075436_MANANTIALES DEL PIEDRA S.A. - WATER_2021 - MI000264'

2022-06-20 11:37:20 - [MESSAGE][PASSED] - Text of object 'Object Repository/1. Constant/xpath' is: 'Mark final printed sample reception date: 026996_AGUA MINERAL NATURAL OVIDA 5 L_0075436_MANANTIALES DEL PIEDRA S.A. - WATER_2021 - MI000264'

2022-06-20 11:37:20 - [TEST_STEP][PASSED] - if (result.contains(Project_No)): null

2022-06-20 11:37:20 - [TEST_STEP][PASSED] - else: null

2022-06-20 11:37:20 - [TEST_STEP][PASSED] - m = m + 1: null

2022-06-20 11:37:20 - [TEST_STEP][PASSED] - if (m > taskno_11): null

2022-06-20 11:37:20 - [TEST_STEP][PASSED] - result = getText(findTestObject("1. Constant/xpath", ["xpath":"/html/body/div[1]/div[2]/div[8]/div[3]/div/div/div[2]/div/table/tbody/tr[" + m + "]/td[1]/a"]), OPTIONAL): Text of object 'Object Repository/1. Constant/xpath' is: 'Mark final printed sample reception date: 038657_AGUA MINERAL NATURAL OVIDA 8 L_0075436_MANANTIALES DEL PIEDRA S.A. - WATER_2021 - MI000264'

2022-06-20 11:37:20 - [MESSAGE][PASSED] - Text of object 'Object Repository/1. Constant/xpath' is: 'Mark final printed sample reception date: 038657_AGUA MINERAL NATURAL OVIDA 8 L_0075436_MANANTIALES DEL PIEDRA S.A. - WATER_2021 - MI000264'

2022-06-20 11:37:20 - [TEST_STEP][PASSED] - if (result.contains(Project_No)): null

2022-06-20 11:37:20 - [TEST_STEP][PASSED] - else: null

2022-06-20 11:37:20 - [TEST_STEP][PASSED] - m = m + 1: null

2022-06-20 11:37:20 - [TEST_STEP][PASSED] - if (m > taskno_11): null

2022-06-20 11:37:20 - [TEST_STEP][PASSED] - result = getText(findTestObject("1. Constant/xpath", ["xpath":"/html/body/div[1]/div[2]/div[8]/div[3]/div/div/div[2]/div/table/tbody/tr[" + m + "]/td[1]/a"]), OPTIONAL): Text of object 'Object Repository/1. Constant/xpath' is: 'Require info for PAF: 055428_VINO TIN.C/DENOMINAC COVAD 75CL_0084871_CAVES DA MONTANHA - 2021_VINOS_DOURO_OLD DESIGN - MI000379'

2022-06-20 11:37:21 - [MESSAGE][PASSED] - Text of object 'Object Repository/1. Constant/xpath' is: 'Require info for PAF: 055428_VINO TIN.C/DENOMINAC COVAD 75CL_0084871_CAVES DA MONTANHA - 2021_VINOS_DOURO_OLD DESIGN - MI000379'

2022-06-20 11:37:21 - [TEST_STEP][PASSED] - if (result.contains(Project_No)): null

2022-06-20 11:37:21 - [TEST_STEP][PASSED] - else: null

2022-06-20 11:37:21 - [TEST_STEP][PASSED] - m = m + 1: null

2022-06-20 11:37:21 - [TEST_STEP][PASSED] - if (m > taskno_11): null

2022-06-20 11:37:21 - [TEST_STEP][PASSED] - result = getText(findTestObject("1. Constant/xpath", ["xpath":"/html/body/div[1]/div[2]/div[8]/div[3]/div/div/div[2]/div/table/tbody/tr[" + m + "]/td[1]/a"]), OPTIONAL): Text of object 'Object Repository/1. Constant/xpath' is: 'Require info for PAF: 055429_VINO TINTO RESERVA COVAD 75CL_0084871_CAVES DA MONTANHA - 2021_VINOS_DOURO_OLD DESIGN - MI000379'

2022-06-20 11:37:21 - [MESSAGE][PASSED] - Text of object 'Object Repository/1. Constant/xpath' is: 'Require info for PAF: 055429_VINO TINTO RESERVA COVAD 75CL_0084871_CAVES DA MONTANHA - 2021_VINOS_DOURO_OLD DESIGN - MI000379'

2022-06-20 11:37:21 - [TEST_STEP][PASSED] - if (result.contains(Project_No)): null

2022-06-20 11:37:21 - [TEST_STEP][PASSED] - else: null

2022-06-20 11:37:21 - [TEST_STEP][PASSED] - m = m + 1: null

2022-06-20 11:37:21 - [TEST_STEP][PASSED] - if (m > taskno_11): null

2022-06-20 11:37:21 - [TEST_STEP][PASSED] - result = getText(findTestObject("1. Constant/xpath", ["xpath":"/html/body/div[1]/div[2]/div[8]/div[3]/div/div/div[2]/div/table/tbody/tr[" + m + "]/td[1]/a"]), OPTIONAL): Text of object 'Object Repository/1. Constant/xpath' is: 'Require info for PAF: 099469_VINO BLANCO DOURO COVAD 75CL_0084871_CAVES DA MONTANHA - 2021_VINOS_DOURO_OLD DESIGN - MI000379'

2022-06-20 11:37:21 - [MESSAGE][PASSED] - Text of object 'Object Repository/1. Constant/xpath' is: 'Require info for PAF: 099469_VINO BLANCO DOURO COVAD 75CL_0084871_CAVES DA MONTANHA - 2021_VINOS_DOURO_OLD DESIGN - MI000379'

2022-06-20 11:37:21 - [TEST_STEP][PASSED] - if (result.contains(Project_No)): null

2022-06-20 11:37:21 - [TEST_STEP][PASSED] - else: null

2022-06-20 11:37:21 - [TEST_STEP][PASSED] - m = m + 1: null

2022-06-20 11:37:21 - [TEST_STEP][PASSED] - if (m > taskno_11): null

2022-06-20 11:37:21 - [TEST_STEP][PASSED] - result = getText(findTestObject("1. Constant/xpath", ["xpath":"/html/body/div[1]/div[2]/div[8]/div[3]/div/div/div[2]/div/table/tbody/tr[" + m + "]/td[1]/a"]), OPTIONAL): Text of object 'Object Repository/1. Constant/xpath' is: 'Require info for PAF: 272359_VINO BL ALBARI LIAS GALIC 70CL_0085110_BODEGAS LA VAL, S.L. - VINOS GALLEGOS (MENCÍA, GODELLO, RIBEIRO & ALBARIÑOS)'

2022-06-20 11:37:22 - [MESSAGE][PASSED] - Text of object 'Object Repository/1. Constant/xpath' is: 'Require info for PAF: 272359_VINO BL ALBARI LIAS GALIC 70CL_0085110_BODEGAS LA VAL, S.L. - VINOS GALLEGOS (MENCÍA, GODELLO, RIBEIRO & ALBARIÑOS)'

2022-06-20 11:37:22 - [TEST_STEP][PASSED] - if (result.contains(Project_No)): null

2022-06-20 11:37:22 - [TEST_STEP][PASSED] - else: null

2022-06-20 11:37:22 - [TEST_STEP][PASSED] - m = m + 1: null

2022-06-20 11:37:22 - [TEST_STEP][PASSED] - if (m > taskno_11): null

2022-06-20 11:37:22 - [TEST_STEP][PASSED] - result = getText(findTestObject("1. Constant/xpath", ["xpath":"/html/body/div[1]/div[2]/div[8]/div[3]/div/div/div[2]/div/table/tbody/tr[" + m + "]/td[1]/a"]), OPTIONAL): Text of object 'Object Repository/1. Constant/xpath' is: 'Upload packaging briefing: DETERGENTES - DETERGENTES II'

2022-06-20 11:37:22 - [MESSAGE][PASSED] - Text of object 'Object Repository/1. Constant/xpath' is: 'Upload packaging briefing: DETERGENTES - DETERGENTES II'

2022-06-20 11:37:22 - [TEST_STEP][PASSED] - if (result.contains(Project_No)): null

2022-06-20 11:37:22 - [TEST_STEP][PASSED] - else: null

2022-06-20 11:37:22 - [TEST_STEP][PASSED] - m = m + 1: null

2022-06-20 11:37:22 - [TEST_STEP][PASSED] - if (m > taskno_11): null

2022-06-20 11:37:22 - [TEST_STEP][PASSED] - result = getText(findTestObject("1. Constant/xpath", ["xpath":"/html/body/div[1]/div[2]/div[8]/div[3]/div/div/div[2]/div/table/tbody/tr[" + m + "]/td[1]/a"]), OPTIONAL): Text of object 'Object Repository/1. Constant/xpath' is: 'Mark final printed sample reception date: 269522_VIN TTO CZA R DUERO PREMI 75CL_0085057_BOD.SEÑORIO DE NAVA,S.A. - Vinos DO Ribera del Duero premium - MI000083'

2022-06-20 11:37:22 - [MESSAGE][PASSED] - Text of object 'Object Repository/1. Constant/xpath' is: 'Mark final printed sample reception date: 269522_VIN TTO CZA R DUERO PREMI 75CL_0085057_BOD.SEÑORIO DE NAVA,S.A. - Vinos DO Ribera del Duero premium - MI000083'

2022-06-20 11:37:22 - [TEST_STEP][PASSED] - if (result.contains(Project_No)): null

2022-06-20 11:37:22 - [TEST_STEP][PASSED] - else: null

2022-06-20 11:37:22 - [TEST_STEP][PASSED] - m = m + 1: null

2022-06-20 11:37:22 - [TEST_STEP][PASSED] - if (m > taskno_11): null

2022-06-20 11:37:22 - [TEST_STEP][PASSED] - result = getText(findTestObject("1. Constant/xpath", ["xpath":"/html/body/div[1]/div[2]/div[8]/div[3]/div/div/div[2]/div/table/tbody/tr[" + m + "]/td[1]/a"]), OPTIONAL): Text of object 'Object Repository/1. Constant/xpath' is: 'Mark final printed sample reception date: 049895_ACEIT OLIVA SUAVE DIA 5LITR_0077586_SOVENA ESPAÑA, SAU - 2021_LA ALMAZARA DEL OLIVAR_OLIVE OIL (labels) - MI000096'

2022-06-20 11:37:23 - [MESSAGE][PASSED] - Text of object 'Object Repository/1. Constant/xpath' is: 'Mark final printed sample reception date: 049895_ACEIT OLIVA SUAVE DIA 5LITR_0077586_SOVENA ESPAÑA, SAU - 2021_LA ALMAZARA DEL OLIVAR_OLIVE OIL (labels) - MI000096'

2022-06-20 11:37:23 - [TEST_STEP][PASSED] - if (result.contains(Project_No)): null

2022-06-20 11:37:23 - [TEST_STEP][PASSED] - else: null

2022-06-20 11:37:23 - [TEST_STEP][PASSED] - m = m + 1: null

2022-06-20 11:37:23 - [TEST_STEP][PASSED] - if (m > taskno_11): null

2022-06-20 11:37:23 - [TEST_STEP][PASSED] - result = getText(findTestObject("1. Constant/xpath", ["xpath":"/html/body/div[1]/div[2]/div[8]/div[3]/div/div/div[2]/div/table/tbody/tr[" + m + "]/td[1]/a"]), OPTIONAL): Text of object 'Object Repository/1. Constant/xpath' is: 'Require info for PAF: 273425_SIDRA ESPUMOSA SIDRA 6X250_0075270_ENVASADOS EVA, S.A. - SIDRA ESPUMOSA 75 & 6 X 250'

2022-06-20 11:37:23 - [MESSAGE][PASSED] - Text of object 'Object Repository/1. Constant/xpath' is: 'Require info for PAF: 273425_SIDRA ESPUMOSA SIDRA 6X250_0075270_ENVASADOS EVA, S.A. - SIDRA ESPUMOSA 75 & 6 X 250'

2022-06-20 11:37:23 - [TEST_STEP][PASSED] - if (result.contains(Project_No)): null

2022-06-20 11:37:23 - [TEST_STEP][PASSED] - else: null

2022-06-20 11:37:23 - [TEST_STEP][PASSED] - m = m + 1: null

2022-06-20 11:37:23 - [TEST_STEP][PASSED] - if (m > taskno_11): null

2022-06-20 11:37:23 - [TEST_STEP][PASSED] - result = getText(findTestObject("1. Constant/xpath", ["xpath":"/html/body/div[1]/div[2]/div[8]/div[3]/div/div/div[2]/div/table/tbody/tr[" + m + "]/td[1]/a"]), OPTIONAL): Text of object 'Object Repository/1. Constant/xpath' is: 'Require info for PAF: 273424_SIDRA ESPUMOSA SIDRA 75CL_0075270_ENVASADOS EVA, S.A. - SIDRA ESPUMOSA 75 & 6 X 250'

2022-06-20 11:37:23 - [MESSAGE][PASSED] - Text of object 'Object Repository/1. Constant/xpath' is: 'Require info for PAF: 273424_SIDRA ESPUMOSA SIDRA 75CL_0075270_ENVASADOS EVA, S.A. - SIDRA ESPUMOSA 75 & 6 X 250'

2022-06-20 11:37:23 - [TEST_STEP][PASSED] - if (result.contains(Project_No)): null

2022-06-20 11:37:23 - [TEST_STEP][PASSED] - else: null

2022-06-20 11:37:23 - [TEST_STEP][PASSED] - m = m + 1: null

2022-06-20 11:37:23 - [TEST_STEP][PASSED] - if (m > taskno_11): null

2022-06-20 11:37:23 - [TEST_STEP][PASSED] - result = getText(findTestObject("1. Constant/xpath", ["xpath":"/html/body/div[1]/div[2]/div[8]/div[3]/div/div/div[2]/div/table/tbody/tr[" + m + "]/td[1]/a"]), OPTIONAL): Text of object 'Object Repository/1. Constant/xpath' is: 'Require info for PAF: 267012_VIN TINT ECOL JUMILL SISMI 75CL_0085115_BODEGAS COOP SAN ISIDRO DE JUMILLA - VINO DO JUMILLA - MI000318'

2022-06-20 11:37:24 - [MESSAGE][PASSED] - Text of object 'Object Repository/1. Constant/xpath' is: 'Require info for PAF: 267012_VIN TINT ECOL JUMILL SISMI 75CL_0085115_BODEGAS COOP SAN ISIDRO DE JUMILLA - VINO DO JUMILLA - MI000318'

2022-06-20 11:37:24 - [TEST_STEP][PASSED] - if (result.contains(Project_No)): null

2022-06-20 11:37:24 - [TEST_STEP][PASSED] - else: null

2022-06-20 11:37:24 - [TEST_STEP][PASSED] - m = m + 1: null

2022-06-20 11:37:24 - [TEST_STEP][PASSED] - if (m > taskno_11): null

2022-06-20 11:37:24 - [TEST_STEP][PASSED] - result = getText(findTestObject("1. Constant/xpath", ["xpath":"/html/body/div[1]/div[2]/div[8]/div[3]/div/div/div[2]/div/table/tbody/tr[" + m + "]/td[1]/a"]), OPTIONAL): Text of object 'Object Repository/1. Constant/xpath' is: 'Require info for PAF: 273424_SIDRA ESPUMOSA SIDRA 75CL_0075270_ENVASADOS EVA, S.A. - SIDRA ESPUMOSA 75 & 6 X 250'

2022-06-20 11:37:24 - [MESSAGE][PASSED] - Text of object 'Object Repository/1. Constant/xpath' is: 'Require info for PAF: 273424_SIDRA ESPUMOSA SIDRA 75CL_0075270_ENVASADOS EVA, S.A. - SIDRA ESPUMOSA 75 & 6 X 250'

2022-06-20 11:37:24 - [TEST_STEP][PASSED] - if (result.contains(Project_No)): null

2022-06-20 11:37:24 - [TEST_STEP][PASSED] - else: null

2022-06-20 11:37:24 - [TEST_STEP][PASSED] - m = m + 1: null

2022-06-20 11:37:24 - [TEST_STEP][PASSED] - if (m > taskno_11): null

2022-06-20 11:37:24 - [TEST_STEP][PASSED] - result = getText(findTestObject("1. Constant/xpath", ["xpath":"/html/body/div[1]/div[2]/div[8]/div[3]/div/div/div[2]/div/table/tbody/tr[" + m + "]/td[1]/a"]), OPTIONAL): Text of object 'Object Repository/1. Constant/xpath' is: 'Require info for PAF: 273425_SIDRA ESPUMOSA SIDRA 6X250_0075270_ENVASADOS EVA, S.A. - SIDRA ESPUMOSA 75 & 6 X 250'

2022-06-20 11:37:24 - [MESSAGE][PASSED] - Text of object 'Object Repository/1. Constant/xpath' is: 'Require info for PAF: 273425_SIDRA ESPUMOSA SIDRA 6X250_0075270_ENVASADOS EVA, S.A. - SIDRA ESPUMOSA 75 & 6 X 250'

2022-06-20 11:37:24 - [TEST_STEP][PASSED] - if (result.contains(Project_No)): null

2022-06-20 11:37:24 - [TEST_STEP][PASSED] - else: null

2022-06-20 11:37:24 - [TEST_STEP][PASSED] - m = m + 1: null

2022-06-20 11:37:24 - [TEST_STEP][PASSED] - if (m > taskno_11): null

2022-06-20 11:37:24 - [TEST_STEP][PASSED] - result = getText(findTestObject("1. Constant/xpath", ["xpath":"/html/body/div[1]/div[2]/div[8]/div[3]/div/div/div[2]/div/table/tbody/tr[" + m + "]/td[1]/a"]), OPTIONAL): Text of object 'Object Repository/1. Constant/xpath' is: 'Require info for PAF: 272358_VINO BL ALBAR RIA BA GALIC 70CL_0085110_BODEGAS LA VAL, S.L. - VINOS GALLEGOS (MENCÍA, GODELLO, RIBEIRO & ALBARIÑOS)'

2022-06-20 11:37:25 - [MESSAGE][PASSED] - Text of object 'Object Repository/1. Constant/xpath' is: 'Require info for PAF: 272358_VINO BL ALBAR RIA BA GALIC 70CL_0085110_BODEGAS LA VAL, S.L. - VINOS GALLEGOS (MENCÍA, GODELLO, RIBEIRO & ALBARIÑOS)'

2022-06-20 11:37:25 - [TEST_STEP][PASSED] - if (result.contains(Project_No)): null

2022-06-20 11:37:25 - [TEST_STEP][PASSED] - else: null

2022-06-20 11:37:25 - [TEST_STEP][PASSED] - m = m + 1: null

2022-06-20 11:37:25 - [TEST_STEP][PASSED] - if (m > taskno_11): null

2022-06-20 11:37:25 - [TEST_STEP][PASSED] - result = getText(findTestObject("1. Constant/xpath", ["xpath":"/html/body/div[1]/div[2]/div[8]/div[3]/div/div/div[2]/div/table/tbody/tr[" + m + "]/td[1]/a"]), OPTIONAL): Text of object 'Object Repository/1. Constant/xpath' is: 'Require info for PAF: 143044_CERVEZA C/LIMON DIA 6X25C_0076907_BRASSERIE DE SAINT-OMER - 2021_RAMBLERS_BEERS - MI000270'

2022-06-20 11:37:25 - [MESSAGE][PASSED] - Text of object 'Object Repository/1. Constant/xpath' is: 'Require info for PAF: 143044_CERVEZA C/LIMON DIA 6X25C_0076907_BRASSERIE DE SAINT-OMER - 2021_RAMBLERS_BEERS - MI000270'

2022-06-20 11:37:25 - [TEST_STEP][PASSED] - if (result.contains(Project_No)): null

2022-06-20 11:37:25 - [TEST_STEP][PASSED] - else: null

2022-06-20 11:37:25 - [TEST_STEP][PASSED] - m = m + 1: null

2022-06-20 11:37:25 - [TEST_STEP][PASSED] - if (m > taskno_11): null

2022-06-20 11:37:25 - [TEST_STEP][PASSED] - result = getText(findTestObject("1. Constant/xpath", ["xpath":"/html/body/div[1]/div[2]/div[8]/div[3]/div/div/div[2]/div/table/tbody/tr[" + m + "]/td[1]/a"]), OPTIONAL): Text of object 'Object Repository/1. Constant/xpath' is: 'Require info for PAF: 143044_CERVEZA C/LIMON DIA 6X25C_0076907_BRASSERIE DE SAINT-OMER - 2021_RAMBLERS_BEERS - MI000270'

2022-06-20 11:37:25 - [MESSAGE][PASSED] - Text of object 'Object Repository/1. Constant/xpath' is: 'Require info for PAF: 143044_CERVEZA C/LIMON DIA 6X25C_0076907_BRASSERIE DE SAINT-OMER - 2021_RAMBLERS_BEERS - MI000270'

2022-06-20 11:37:25 - [TEST_STEP][PASSED] - if (result.contains(Project_No)): null

2022-06-20 11:37:25 - [TEST_STEP][PASSED] - else: null

2022-06-20 11:37:25 - [TEST_STEP][PASSED] - m = m + 1: null

2022-06-20 11:37:25 - [TEST_STEP][PASSED] - if (m > taskno_11): null

2022-06-20 11:37:25 - [TEST_STEP][PASSED] - result = getText(findTestObject("1. Constant/xpath", ["xpath":"/html/body/div[1]/div[2]/div[8]/div[3]/div/div/div[2]/div/table/tbody/tr[" + m + "]/td[1]/a"]), OPTIONAL): Text of object 'Object Repository/1. Constant/xpath' is: 'Mark final printed sample reception date: 026995_AGUA MINERAL NATURAL OVIDA 1,5LT_0083947_BASILIO RIVERA E HIJOS, S.A. - WATER_2021 - MI000264'

2022-06-20 11:37:26 - [MESSAGE][PASSED] - Text of object 'Object Repository/1. Constant/xpath' is: 'Mark final printed sample reception date: 026995_AGUA MINERAL NATURAL OVIDA 1,5LT_0083947_BASILIO RIVERA E HIJOS, S.A. - WATER_2021 - MI000264'

2022-06-20 11:37:26 - [TEST_STEP][PASSED] - if (result.contains(Project_No)): null

2022-06-20 11:37:26 - [TEST_STEP][PASSED] - else: null

2022-06-20 11:37:26 - [TEST_STEP][PASSED] - m = m + 1: null

2022-06-20 11:37:26 - [TEST_STEP][PASSED] - if (m > taskno_11): null

2022-06-20 11:37:26 - [TEST_STEP][PASSED] - result = getText(findTestObject("1. Constant/xpath", ["xpath":"/html/body/div[1]/div[2]/div[8]/div[3]/div/div/div[2]/div/table/tbody/tr[" + m + "]/td[1]/a"]), OPTIONAL): Text of object 'Object Repository/1. Constant/xpath' is: 'Mark final printed sample reception date: 026996_AGUA MINERAL NATURAL OVIDA 5 L_0083947_BASILIO RIVERA E HIJOS, S.A. - WATER_2021 - MI000264'

2022-06-20 11:37:26 - [MESSAGE][PASSED] - Text of object 'Object Repository/1. Constant/xpath' is: 'Mark final printed sample reception date: 026996_AGUA MINERAL NATURAL OVIDA 5 L_0083947_BASILIO RIVERA E HIJOS, S.A. - WATER_2021 - MI000264'

2022-06-20 11:37:26 - [TEST_STEP][PASSED] - if (result.contains(Project_No)): null

2022-06-20 11:37:26 - [TEST_STEP][PASSED] - else: null

2022-06-20 11:37:26 - [TEST_STEP][PASSED] - m = m + 1: null

2022-06-20 11:37:26 - [TEST_STEP][PASSED] - if (m > taskno_11): null

2022-06-20 11:37:26 - [TEST_STEP][PASSED] - result = getText(findTestObject("1. Constant/xpath", ["xpath":"/html/body/div[1]/div[2]/div[8]/div[3]/div/div/div[2]/div/table/tbody/tr[" + m + "]/td[1]/a"]), OPTIONAL): Text of object 'Object Repository/1. Constant/xpath' is: 'Mark final printed sample reception date: 037776_AGUA MINER NATUR S/G OVIDA 50CL_0083947_BASILIO RIVERA E HIJOS, S.A. - WATER_2021 - MI000264'

2022-06-20 11:37:26 - [MESSAGE][PASSED] - Text of object 'Object Repository/1. Constant/xpath' is: 'Mark final printed sample reception date: 037776_AGUA MINER NATUR S/G OVIDA 50CL_0083947_BASILIO RIVERA E HIJOS, S.A. - WATER_2021 - MI000264'

2022-06-20 11:37:26 - [TEST_STEP][PASSED] - if (result.contains(Project_No)): null

2022-06-20 11:37:26 - [TEST_STEP][PASSED] - else: null

2022-06-20 11:37:26 - [TEST_STEP][PASSED] - m = m + 1: null

2022-06-20 11:37:26 - [TEST_STEP][PASSED] - if (m > taskno_11): null

2022-06-20 11:37:26 - [TEST_STEP][PASSED] - result = getText(findTestObject("1. Constant/xpath", ["xpath":"/html/body/div[1]/div[2]/div[8]/div[3]/div/div/div[2]/div/table/tbody/tr[" + m + "]/td[1]/a"]), OPTIONAL): Text of object 'Object Repository/1. Constant/xpath' is: 'Out of Office - MI000864 / refID : 5731 To Verify the task of Out of Office'

2022-06-20 11:37:26 - [MESSAGE][PASSED] - Text of object 'Object Repository/1. Constant/xpath' is: 'Out of Office - MI000864 / refID : 5731 To Verify the task of Out of Office'

2022-06-20 11:37:26 - [TEST_STEP][PASSED] - if (result.contains(Project_No)): null

2022-06-20 11:37:26 - [TEST_STEP][PASSED] - else: null

2022-06-20 11:37:26 - [TEST_STEP][PASSED] - m = m + 1: null

2022-06-20 11:37:26 - [TEST_STEP][PASSED] - if (m > taskno_11): null

2022-06-20 11:37:26 - [TEST_STEP][PASSED] - result = getText(findTestObject("1. Constant/xpath", ["xpath":"/html/body/div[1]/div[2]/div[8]/div[3]/div/div/div[2]/div/table/tbody/tr[" + m + "]/td[1]/a"]), OPTIONAL): Text of object 'Object Repository/1. Constant/xpath' is: 'Out of Office - MI000865 / refID : 5732 To Verify the task of Out of Office'

2022-06-20 11:37:26 - [MESSAGE][PASSED] - Text of object 'Object Repository/1. Constant/xpath' is: 'Out of Office - MI000865 / refID : 5732 To Verify the task of Out of Office'

2022-06-20 11:37:26 - [TEST_STEP][PASSED] - if (result.contains(Project_No)): null

2022-06-20 11:37:26 - [TEST_STEP][PASSED] - else: null

2022-06-20 11:37:26 - [TEST_STEP][PASSED] - m = m + 1: null

2022-06-20 11:37:26 - [TEST_STEP][PASSED] - if (m > taskno_11): null

2022-06-20 11:37:26 - [TEST_STEP][PASSED] - result = getText(findTestObject("1. Constant/xpath", ["xpath":"/html/body/div[1]/div[2]/div[8]/div[3]/div/div/div[2]/div/table/tbody/tr[" + m + "]/td[1]/a"]), OPTIONAL): Text of object 'Object Repository/1. Constant/xpath' is: 'Out of Office - MI000866 / refID : 5733 To Verify the task of Out of Office'

2022-06-20 11:37:27 - [MESSAGE][PASSED] - Text of object 'Object Repository/1. Constant/xpath' is: 'Out of Office - MI000866 / refID : 5733 To Verify the task of Out of Office'

2022-06-20 11:37:27 - [TEST_STEP][PASSED] - if (result.contains(Project_No)): null

2022-06-20 11:37:27 - [TEST_STEP][PASSED] - else: null

2022-06-20 11:37:27 - [TEST_STEP][PASSED] - m = m + 1: null

2022-06-20 11:37:27 - [TEST_STEP][PASSED] - if (m > taskno_11): null

2022-06-20 11:37:27 - [TEST_STEP][PASSED] - result = getText(findTestObject("1. Constant/xpath", ["xpath":"/html/body/div[1]/div[2]/div[8]/div[3]/div/div/div[2]/div/table/tbody/tr[" + m + "]/td[1]/a"]), OPTIONAL): Text of object 'Object Repository/1. Constant/xpath' is: 'Out of Office - MI000883 / refID : 5758 To Verify the task of Out of Office'

2022-06-20 11:37:27 - [MESSAGE][PASSED] - Text of object 'Object Repository/1. Constant/xpath' is: 'Out of Office - MI000883 / refID : 5758 To Verify the task of Out of Office'

2022-06-20 11:37:27 - [TEST_STEP][PASSED] - if (result.contains(Project_No)): null

2022-06-20 11:37:27 - [TEST_STEP][PASSED] - else: null

2022-06-20 11:37:27 - [TEST_STEP][PASSED] - m = m + 1: null

2022-06-20 11:37:27 - [TEST_STEP][PASSED] - if (m > taskno_11): null

2022-06-20 11:37:27 - [TEST_STEP][PASSED] - result = getText(findTestObject("1. Constant/xpath", ["xpath":"/html/body/div[1]/div[2]/div[8]/div[3]/div/div/div[2]/div/table/tbody/tr[" + m + "]/td[1]/a"]), OPTIONAL): Text of object 'Object Repository/1. Constant/xpath' is: 'Out of Office - MI000884 / refID : 5759 To Verify the task of Out of Office'

2022-06-20 11:37:27 - [MESSAGE][PASSED] - Text of object 'Object Repository/1. Constant/xpath' is: 'Out of Office - MI000884 / refID : 5759 To Verify the task of Out of Office'

2022-06-20 11:37:27 - [TEST_STEP][PASSED] - if (result.contains(Project_No)): null

2022-06-20 11:37:27 - [TEST_STEP][PASSED] - else: null

2022-06-20 11:37:27 - [TEST_STEP][PASSED] - m = m + 1: null

2022-06-20 11:37:27 - [TEST_STEP][PASSED] - if (m > taskno_11): null

2022-06-20 11:37:27 - [TEST_STEP][PASSED] - result = getText(findTestObject("1. Constant/xpath", ["xpath":"/html/body/div[1]/div[2]/div[8]/div[3]/div/div/div[2]/div/table/tbody/tr[" + m + "]/td[1]/a"]), OPTIONAL): Text of object 'Object Repository/1. Constant/xpath' is: 'Out of Office - MI000888 / refID : 5772 To Verify the task of Out of Office'

2022-06-20 11:37:27 - [MESSAGE][PASSED] - Text of object 'Object Repository/1. Constant/xpath' is: 'Out of Office - MI000888 / refID : 5772 To Verify the task of Out of Office'

2022-06-20 11:37:27 - [TEST_STEP][PASSED] - if (result.contains(Project_No)): null

2022-06-20 11:37:27 - [TEST_STEP][PASSED] - else: null

2022-06-20 11:37:27 - [TEST_STEP][PASSED] - m = m + 1: null

2022-06-20 11:37:27 - [TEST_STEP][PASSED] - if (m > taskno_11): null

2022-06-20 11:37:27 - [TEST_STEP][PASSED] - result = getText(findTestObject("1. Constant/xpath", ["xpath":"/html/body/div[1]/div[2]/div[8]/div[3]/div/div/div[2]/div/table/tbody/tr[" + m + "]/td[1]/a"]), OPTIONAL): Text of object 'Object Repository/1. Constant/xpath' is: 'Out of Office - MI000889 / refID : 5773 To Verify the task of Out of Office'

2022-06-20 11:37:28 - [MESSAGE][PASSED] - Text of object 'Object Repository/1. Constant/xpath' is: 'Out of Office - MI000889 / refID : 5773 To Verify the task of Out of Office'

2022-06-20 11:37:28 - [TEST_STEP][PASSED] - if (result.contains(Project_No)): null

2022-06-20 11:37:28 - [TEST_STEP][PASSED] - else: null

2022-06-20 11:37:28 - [TEST_STEP][PASSED] - m = m + 1: null

2022-06-20 11:37:28 - [TEST_STEP][PASSED] - if (m > taskno_11): null

2022-06-20 11:37:28 - [TEST_STEP][PASSED] - result = getText(findTestObject("1. Constant/xpath", ["xpath":"/html/body/div[1]/div[2]/div[8]/div[3]/div/div/div[2]/div/table/tbody/tr[" + m + "]/td[1]/a"]), OPTIONAL): Text of object 'Object Repository/1. Constant/xpath' is: 'Out of Office - MI000890 / refID : 5774 To Verify the task of Out of Office'

2022-06-20 11:37:29 - [MESSAGE][PASSED] - Text of object 'Object Repository/1. Constant/xpath' is: 'Out of Office - MI000890 / refID : 5774 To Verify the task of Out of Office'

2022-06-20 11:37:29 - [TEST_STEP][PASSED] - if (result.contains(Project_No)): null

2022-06-20 11:37:29 - [TEST_STEP][PASSED] - else: null

2022-06-20 11:37:29 - [TEST_STEP][PASSED] - m = m + 1: null

2022-06-20 11:37:29 - [TEST_STEP][PASSED] - if (m > taskno_11): null

2022-06-20 11:37:29 - [TEST_STEP][PASSED] - result = getText(findTestObject("1. Constant/xpath", ["xpath":"/html/body/div[1]/div[2]/div[8]/div[3]/div/div/div[2]/div/table/tbody/tr[" + m + "]/td[1]/a"]), OPTIONAL): Text of object 'Object Repository/1. Constant/xpath' is: 'Out of Office - MI000891 / refID : 5775 To Verify the task of Out of Office'

2022-06-20 11:37:29 - [MESSAGE][PASSED] - Text of object 'Object Repository/1. Constant/xpath' is: 'Out of Office - MI000891 / refID : 5775 To Verify the task of Out of Office'

2022-06-20 11:37:29 - [TEST_STEP][PASSED] - if (result.contains(Project_No)): null

2022-06-20 11:37:29 - [TEST_STEP][PASSED] - else: null

2022-06-20 11:37:29 - [TEST_STEP][PASSED] - m = m + 1: null

2022-06-20 11:37:29 - [TEST_STEP][PASSED] - if (m > taskno_11): null

2022-06-20 11:37:29 - [TEST_STEP][PASSED] - result = getText(findTestObject("1. Constant/xpath", ["xpath":"/html/body/div[1]/div[2]/div[8]/div[3]/div/div/div[2]/div/table/tbody/tr[" + m + "]/td[1]/a"]), OPTIONAL): Text of object 'Object Repository/1. Constant/xpath' is: 'Out of Office - MI000892 / refID : 5776 To Verify the task of Out of Office'

2022-06-20 11:37:30 - [MESSAGE][PASSED] - Text of object 'Object Repository/1. Constant/xpath' is: 'Out of Office - MI000892 / refID : 5776 To Verify the task of Out of Office'

2022-06-20 11:37:30 - [TEST_STEP][PASSED] - if (result.contains(Project_No)): null

2022-06-20 11:37:30 - [TEST_STEP][PASSED] - else: null

2022-06-20 11:37:30 - [TEST_STEP][PASSED] - m = m + 1: null

2022-06-20 11:37:30 - [TEST_STEP][PASSED] - if (m > taskno_11): null

2022-06-20 11:37:30 - [TEST_STEP][PASSED] - result = getText(findTestObject("1. Constant/xpath", ["xpath":"/html/body/div[1]/div[2]/div[8]/div[3]/div/div/div[2]/div/table/tbody/tr[" + m + "]/td[1]/a"]), OPTIONAL): Text of object 'Object Repository/1. Constant/xpath' is: 'Out of Office - MI000893 / refID : 5777 To Verify the task of Out of Office'

2022-06-20 11:37:31 - [MESSAGE][PASSED] - Text of object 'Object Repository/1. Constant/xpath' is: 'Out of Office - MI000893 / refID : 5777 To Verify the task of Out of Office'

2022-06-20 11:37:31 - [TEST_STEP][PASSED] - if (result.contains(Project_No)): null

2022-06-20 11:37:31 - [TEST_STEP][PASSED] - else: null

2022-06-20 11:37:31 - [TEST_STEP][PASSED] - m = m + 1: null

2022-06-20 11:37:31 - [TEST_STEP][PASSED] - if (m > taskno_11): null

2022-06-20 11:37:31 - [TEST_STEP][PASSED] - result = getText(findTestObject("1. Constant/xpath", ["xpath":"/html/body/div[1]/div[2]/div[8]/div[3]/div/div/div[2]/div/table/tbody/tr[" + m + "]/td[1]/a"]), OPTIONAL): Text of object 'Object Repository/1. Constant/xpath' is: 'Out of Office - MI000893 / refID : 5778 To Verify the task of Out of Office'

2022-06-20 11:37:31 - [MESSAGE][PASSED] - Text of object 'Object Repository/1. Constant/xpath' is: 'Out of Office - MI000893 / refID : 5778 To Verify the task of Out of Office'

2022-06-20 11:37:31 - [TEST_STEP][PASSED] - if (result.contains(Project_No)): null

2022-06-20 11:37:31 - [TEST_STEP][PASSED] - else: null

2022-06-20 11:37:31 - [TEST_STEP][PASSED] - m = m + 1: null

2022-06-20 11:37:31 - [TEST_STEP][PASSED] - if (m > taskno_11): null

2022-06-20 11:37:31 - [TEST_STEP][PASSED] - result = getText(findTestObject("1. Constant/xpath", ["xpath":"/html/body/div[1]/div[2]/div[8]/div[3]/div/div/div[2]/div/table/tbody/tr[" + m + "]/td[1]/a"]), OPTIONAL): Text of object 'Object Repository/1. Constant/xpath' is: 'Out of Office - MI000894 / refID : 5779 To Verify the task of Out of Office'

2022-06-20 11:37:32 - [MESSAGE][PASSED] - Text of object 'Object Repository/1. Constant/xpath' is: 'Out of Office - MI000894 / refID : 5779 To Verify the task of Out of Office'

2022-06-20 11:37:32 - [TEST_STEP][PASSED] - if (result.contains(Project_No)): null

2022-06-20 11:37:32 - [TEST_STEP][PASSED] - else: null

2022-06-20 11:37:32 - [TEST_STEP][PASSED] - m = m + 1: null

2022-06-20 11:37:32 - [TEST_STEP][PASSED] - if (m > taskno_11): null

2022-06-20 11:37:32 - [TEST_STEP][PASSED] - result = getText(findTestObject("1. Constant/xpath", ["xpath":"/html/body/div[1]/div[2]/div[8]/div[3]/div/div/div[2]/div/table/tbody/tr[" + m + "]/td[1]/a"]), OPTIONAL): Text of object 'Object Repository/1. Constant/xpath' is: 'Out of Office - MI000895 / refID : 5780 To Verify the task of Out of Office'

2022-06-20 11:37:32 - [MESSAGE][PASSED] - Text of object 'Object Repository/1. Constant/xpath' is: 'Out of Office - MI000895 / refID : 5780 To Verify the task of Out of Office'

2022-06-20 11:37:32 - [TEST_STEP][PASSED] - if (result.contains(Project_No)): null

2022-06-20 11:37:32 - [TEST_STEP][PASSED] - else: null

2022-06-20 11:37:32 - [TEST_STEP][PASSED] - m = m + 1: null

2022-06-20 11:37:32 - [TEST_STEP][PASSED] - if (m > taskno_11): null

2022-06-20 11:37:32 - [TEST_STEP][PASSED] - result = getText(findTestObject("1. Constant/xpath", ["xpath":"/html/body/div[1]/div[2]/div[8]/div[3]/div/div/div[2]/div/table/tbody/tr[" + m + "]/td[1]/a"]), OPTIONAL): Text of object 'Object Repository/1. Constant/xpath' is: 'Out of Office - MI000896 / refID : 5781 To Verify the task of Out of Office'

2022-06-20 11:37:32 - [MESSAGE][PASSED] - Text of object 'Object Repository/1. Constant/xpath' is: 'Out of Office - MI000896 / refID : 5781 To Verify the task of Out of Office'

2022-06-20 11:37:32 - [TEST_STEP][PASSED] - if (result.contains(Project_No)): null

2022-06-20 11:37:32 - [TEST_STEP][PASSED] - else: null

2022-06-20 11:37:32 - [TEST_STEP][PASSED] - m = m + 1: null

2022-06-20 11:37:32 - [TEST_STEP][PASSED] - if (m > taskno_11): null

2022-06-20 11:37:32 - [TEST_STEP][PASSED] - result = getText(findTestObject("1. Constant/xpath", ["xpath":"/html/body/div[1]/div[2]/div[8]/div[3]/div/div/div[2]/div/table/tbody/tr[" + m + "]/td[1]/a"]), OPTIONAL): Text of object 'Object Repository/1. Constant/xpath' is: 'Out of Office - MI000897 / refID : 5782 To Verify the task of Out of Office'

2022-06-20 11:37:33 - [MESSAGE][PASSED] - Text of object 'Object Repository/1. Constant/xpath' is: 'Out of Office - MI000897 / refID : 5782 To Verify the task of Out of Office'

2022-06-20 11:37:33 - [TEST_STEP][PASSED] - if (result.contains(Project_No)): null

2022-06-20 11:37:33 - [TEST_STEP][PASSED] - else: null

2022-06-20 11:37:33 - [TEST_STEP][PASSED] - m = m + 1: null

2022-06-20 11:37:33 - [TEST_STEP][PASSED] - if (m > taskno_11): null

2022-06-20 11:37:33 - [TEST_STEP][PASSED] - result = getText(findTestObject("1. Constant/xpath", ["xpath":"/html/body/div[1]/div[2]/div[8]/div[3]/div/div/div[2]/div/table/tbody/tr[" + m + "]/td[1]/a"]), OPTIONAL): Text of object 'Object Repository/1. Constant/xpath' is: 'Out of Office - MI000910 / refID : 5810 To Verify the task of Out of Office'

2022-06-20 11:37:33 - [MESSAGE][PASSED] - Text of object 'Object Repository/1. Constant/xpath' is: 'Out of Office - MI000910 / refID : 5810 To Verify the task of Out of Office'

2022-06-20 11:37:33 - [TEST_STEP][PASSED] - if (result.contains(Project_No)): null

2022-06-20 11:37:33 - [TEST_STEP][PASSED] - else: null

2022-06-20 11:37:33 - [TEST_STEP][PASSED] - m = m + 1: null

2022-06-20 11:37:33 - [TEST_STEP][PASSED] - if (m > taskno_11): null

2022-06-20 11:37:33 - [TEST_STEP][PASSED] - result = getText(findTestObject("1. Constant/xpath", ["xpath":"/html/body/div[1]/div[2]/div[8]/div[3]/div/div/div[2]/div/table/tbody/tr[" + m + "]/td[1]/a"]), OPTIONAL): Text of object 'Object Repository/1. Constant/xpath' is: 'Out of Office - MI000929 / refID : 5852 To Verify the task of Out of Office'

2022-06-20 11:37:33 - [MESSAGE][PASSED] - Text of object 'Object Repository/1. Constant/xpath' is: 'Out of Office - MI000929 / refID : 5852 To Verify the task of Out of Office'

2022-06-20 11:37:33 - [TEST_STEP][PASSED] - if (result.contains(Project_No)): null

2022-06-20 11:37:33 - [TEST_STEP][PASSED] - else: null

2022-06-20 11:37:33 - [TEST_STEP][PASSED] - m = m + 1: null

2022-06-20 11:37:33 - [TEST_STEP][PASSED] - if (m > taskno_11): null

2022-06-20 11:37:33 - [TEST_STEP][PASSED] - result = getText(findTestObject("1. Constant/xpath", ["xpath":"/html/body/div[1]/div[2]/div[8]/div[3]/div/div/div[2]/div/table/tbody/tr[" + m + "]/td[1]/a"]), OPTIONAL): Text of object 'Object Repository/1. Constant/xpath' is: 'Out of Office - MI000930 / refID : 5853 To Verify the task of Out of Office'

2022-06-20 11:37:34 - [MESSAGE][PASSED] - Text of object 'Object Repository/1. Constant/xpath' is: 'Out of Office - MI000930 / refID : 5853 To Verify the task of Out of Office'

2022-06-20 11:37:34 - [TEST_STEP][PASSED] - if (result.contains(Project_No)): null

2022-06-20 11:37:34 - [TEST_STEP][PASSED] - else: null

2022-06-20 11:37:34 - [TEST_STEP][PASSED] - m = m + 1: null

2022-06-20 11:37:34 - [TEST_STEP][PASSED] - if (m > taskno_11): null

2022-06-20 11:37:34 - [TEST_STEP][PASSED] - result = getText(findTestObject("1. Constant/xpath", ["xpath":"/html/body/div[1]/div[2]/div[8]/div[3]/div/div/div[2]/div/table/tbody/tr[" + m + "]/td[1]/a"]), OPTIONAL): Text of object 'Object Repository/1. Constant/xpath' is: 'Out of Office - MI000930 / refID : 5854 To Verify the task of Out of Office'

2022-06-20 11:37:34 - [MESSAGE][PASSED] - Text of object 'Object Repository/1. Constant/xpath' is: 'Out of Office - MI000930 / refID : 5854 To Verify the task of Out of Office'

2022-06-20 11:37:34 - [TEST_STEP][PASSED] - if (result.contains(Project_No)): null

2022-06-20 11:37:34 - [TEST_STEP][PASSED] - else: null

2022-06-20 11:37:34 - [TEST_STEP][PASSED] - m = m + 1: null

2022-06-20 11:37:34 - [TEST_STEP][PASSED] - if (m > taskno_11): null

2022-06-20 11:37:34 - [TEST_STEP][PASSED] - result = getText(findTestObject("1. Constant/xpath", ["xpath":"/html/body/div[1]/div[2]/div[8]/div[3]/div/div/div[2]/div/table/tbody/tr[" + m + "]/td[1]/a"]), OPTIONAL): Text of object 'Object Repository/1. Constant/xpath' is: 'Out of Office - MI000930 / refID : 5855 To Verify the task of Out of Office'

2022-06-20 11:37:34 - [MESSAGE][PASSED] - Text of object 'Object Repository/1. Constant/xpath' is: 'Out of Office - MI000930 / refID : 5855 To Verify the task of Out of Office'

2022-06-20 11:37:34 - [TEST_STEP][PASSED] - if (result.contains(Project_No)): null

2022-06-20 11:37:34 - [TEST_STEP][PASSED] - else: null

2022-06-20 11:37:34 - [TEST_STEP][PASSED] - m = m + 1: null

2022-06-20 11:37:34 - [TEST_STEP][PASSED] - if (m > taskno_11): null

2022-06-20 11:37:34 - [TEST_STEP][PASSED] - result = getText(findTestObject("1. Constant/xpath", ["xpath":"/html/body/div[1]/div[2]/div[8]/div[3]/div/div/div[2]/div/table/tbody/tr[" + m + "]/td[1]/a"]), OPTIONAL): Text of object 'Object Repository/1. Constant/xpath' is: 'Out of Office - MI000930 / refID : 5856 To Verify the task of Out of Office'

2022-06-20 11:37:35 - [MESSAGE][PASSED] - Text of object 'Object Repository/1. Constant/xpath' is: 'Out of Office - MI000930 / refID : 5856 To Verify the task of Out of Office'

2022-06-20 11:37:35 - [TEST_STEP][PASSED] - if (result.contains(Project_No)): null

2022-06-20 11:37:35 - [TEST_STEP][PASSED] - else: null

2022-06-20 11:37:35 - [TEST_STEP][PASSED] - m = m + 1: null

2022-06-20 11:37:35 - [TEST_STEP][PASSED] - if (m > taskno_11): null

2022-06-20 11:37:35 - [TEST_STEP][PASSED] - result = getText(findTestObject("1. Constant/xpath", ["xpath":"/html/body/div[1]/div[2]/div[8]/div[3]/div/div/div[2]/div/table/tbody/tr[" + m + "]/td[1]/a"]), OPTIONAL): Text of object 'Object Repository/1. Constant/xpath' is: 'Out of Office - MI000930 / refID : 5858 To Verify the task of Out of Office'

2022-06-20 11:37:35 - [MESSAGE][PASSED] - Text of object 'Object Repository/1. Constant/xpath' is: 'Out of Office - MI000930 / refID : 5858 To Verify the task of Out of Office'

2022-06-20 11:37:35 - [TEST_STEP][PASSED] - if (result.contains(Project_No)): null

2022-06-20 11:37:35 - [TEST_STEP][PASSED] - else: null

2022-06-20 11:37:35 - [TEST_STEP][PASSED] - m = m + 1: null

2022-06-20 11:37:35 - [TEST_STEP][PASSED] - if (m > taskno_11): null

2022-06-20 11:37:35 - [TEST_STEP][PASSED] - result = getText(findTestObject("1. Constant/xpath", ["xpath":"/html/body/div[1]/div[2]/div[8]/div[3]/div/div/div[2]/div/table/tbody/tr[" + m + "]/td[1]/a"]), OPTIONAL): Text of object 'Object Repository/1. Constant/xpath' is: 'Out of Office - MI000930 / refID : 5860 To Verify the task of Out of Office'

2022-06-20 11:37:35 - [MESSAGE][PASSED] - Text of object 'Object Repository/1. Constant/xpath' is: 'Out of Office - MI000930 / refID : 5860 To Verify the task of Out of Office'

2022-06-20 11:37:35 - [TEST_STEP][PASSED] - if (result.contains(Project_No)): null

2022-06-20 11:37:35 - [TEST_STEP][PASSED] - else: null

2022-06-20 11:37:35 - [TEST_STEP][PASSED] - m = m + 1: null

2022-06-20 11:37:35 - [TEST_STEP][PASSED] - if (m > taskno_11): null

2022-06-20 11:37:35 - [TEST_STEP][PASSED] - result = getText(findTestObject("1. Constant/xpath", ["xpath":"/html/body/div[1]/div[2]/div[8]/div[3]/div/div/div[2]/div/table/tbody/tr[" + m + "]/td[1]/a"]), OPTIONAL): Text of object 'Object Repository/1. Constant/xpath' is: 'Out of Office - MI000941 / refID : 5888 To Verify the task of Out of Office'

2022-06-20 11:37:36 - [MESSAGE][PASSED] - Text of object 'Object Repository/1. Constant/xpath' is: 'Out of Office - MI000941 / refID : 5888 To Verify the task of Out of Office'

2022-06-20 11:37:36 - [TEST_STEP][PASSED] - if (result.contains(Project_No)): null

2022-06-20 11:37:36 - [TEST_STEP][PASSED] - else: null

2022-06-20 11:37:36 - [TEST_STEP][PASSED] - m = m + 1: null

2022-06-20 11:37:36 - [TEST_STEP][PASSED] - if (m > taskno_11): null

2022-06-20 11:37:36 - [TEST_STEP][PASSED] - result = getText(findTestObject("1. Constant/xpath", ["xpath":"/html/body/div[1]/div[2]/div[8]/div[3]/div/div/div[2]/div/table/tbody/tr[" + m + "]/td[1]/a"]), OPTIONAL): Text of object 'Object Repository/1. Constant/xpath' is: 'Out of Office - MI000942 / refID : 5889 To Verify the task of Out of Office'

2022-06-20 11:37:36 - [MESSAGE][PASSED] - Text of object 'Object Repository/1. Constant/xpath' is: 'Out of Office - MI000942 / refID : 5889 To Verify the task of Out of Office'

2022-06-20 11:37:36 - [TEST_STEP][PASSED] - if (result.contains(Project_No)): null

2022-06-20 11:37:36 - [TEST_STEP][PASSED] - else: null

2022-06-20 11:37:36 - [TEST_STEP][PASSED] - m = m + 1: null

2022-06-20 11:37:36 - [TEST_STEP][PASSED] - if (m > taskno_11): null

2022-06-20 11:37:36 - [TEST_STEP][PASSED] - result = getText(findTestObject("1. Constant/xpath", ["xpath":"/html/body/div[1]/div[2]/div[8]/div[3]/div/div/div[2]/div/table/tbody/tr[" + m + "]/td[1]/a"]), OPTIONAL): Text of object 'Object Repository/1. Constant/xpath' is: 'Review document for reference Technical Drawing of project TC202.07_AutoTest_Chrome_Starpack2SAm0OKO9l_juin202022_112855 (MI000948)'

2022-06-20 11:37:36 - [MESSAGE][PASSED] - Text of object 'Object Repository/1. Constant/xpath' is: 'Review document for reference Technical Drawing of project TC202.07_AutoTest_Chrome_Starpack2SAm0OKO9l_juin202022_112855 (MI000948)'

2022-06-20 11:37:36 - [TEST_STEP][PASSED] - if (result.contains(Project_No)): null

2022-06-20 11:37:36 - [TEST_STEP][PASSED] - click(findTestObject("1. Constant/xpath", ["xpath":"/html/body/div[1]/div[2]/div[8]/div[3]/div/div/div[2]/div/table/tbody/tr[" + m + "]/td[1]/a"])): Object: 'Object Repository/1. Constant/xpath' is clicked on

2022-06-20 11:37:40 - [MESSAGE][PASSED] - Object: 'Object Repository/1. Constant/xpath' is clicked on

2022-06-20 11:37:40 - [TEST_STEP][PASSED] - break: null

2022-06-20 11:37:40 - [TEST_STEP][PASSED] - verifyElementVisible(findTestObject("1. Constant/xpath", ["xpath":"//*[@id="aff_doc_preview"]"])): Object 'Object Repository/1. Constant/xpath' is visible

2022-06-20 11:37:43 - [MESSAGE][PASSED] - Object 'Object Repository/1. Constant/xpath' is visible

2022-06-20 11:37:43 - [TEST_STEP][PASSED] - I.Logout(): Delayed 3 second(s)

2022-06-20 11:37:46 - [MESSAGE][PASSED] - Delayed 3 second(s)

2022-06-20 11:37:46 - [MESSAGE][PASSED] - Object: 'Object Repository/1. Constant/xpath' is clicked on

2022-06-20 11:37:49 - [MESSAGE][PASSED] - Delayed 3 second(s)

2022-06-20 11:37:51 - [MESSAGE][PASSED] - Object: 'Object Repository/1. Constant/xpath' is clicked on

2022-06-20 11:37:54 - [MESSAGE][PASSED] - Delayed 3 second(s)

2022-06-20 11:37:54 - [TEST_STEP][PASSED] - I.Login_password("suser", password_suser): Object: 'Object Repository/1. Constant/xpath' is clicked on

2022-06-20 11:37:54 - [MESSAGE][PASSED] - Text 'suser' is set on object 'Object Repository/1. Constant/xpath'

2022-06-20 11:37:55 - [MESSAGE][PASSED] - Delayed 1 second(s)

2022-06-20 11:37:55 - [MESSAGE][PASSED] - Text 'diadeis' is set on object 'Object Repository/1. Constant/xpath'

2022-06-20 11:37:56 - [MESSAGE][PASSED] - Delayed 1 second(s)

2022-06-20 11:37:59 - [MESSAGE][PASSED] - Object: 'Object Repository/1. Constant/xpath' is clicked on

2022-06-20 11:37:59 - [TEST_STEP][PASSED] - takeScreenshot(): Taking screenshot successfully

2022-06-20 11:38:00 - [MESSAGE][PASSED] - Taking screenshot successfully
[[ATTACHMENT|D:\\Projet Test Auto\\Mediabox Test Automation [Test]\\Reports\\20220620_112818\\z01. Test Suites\\202. TestStarPack Full Lifecycle _Change of Rights_SAS\\20220620_112819\\1655717879762.png]]

2022-06-20 11:38:00 - [TEST_STEP][PASSED] - click(findTestObject("1. Constant/02_LHSMenu_Projects")): Object: 'Object Repository/1. Constant/02_LHSMenu_Projects' is clicked on

2022-06-20 11:38:09 - [MESSAGE][PASSED] - Object: 'Object Repository/1. Constant/02_LHSMenu_Projects' is clicked on

2022-06-20 11:38:09 - [TEST_STEP][PASSED] - I.SearchProjectNo(Project_No, findTestObject("HL Full Lifecycle/9 Filter_Button_Apply")): Delayed 5 second(s)

2022-06-20 11:38:09 - [MESSAGE][PASSED] - Text 'MI000948' is set on object 'Object Repository/1. Constant/xpath'

2022-06-20 11:38:12 - [MESSAGE][PASSED] - Delayed 3 second(s)

2022-06-20 11:38:15 - [MESSAGE][PASSED] - Object: 'Object Repository/HL Full Lifecycle/9 Filter_Button_Apply' is clicked on

2022-06-20 11:38:20 - [MESSAGE][PASSED] - Delayed 5 second(s)

2022-06-20 11:38:20 - [TEST_STEP][PASSED] - click(findTestObject("1. Constant/xpath", ["xpath":"//*[@id="source_" + refID_TD + ""]/td[9]/a"])): Object: 'Object Repository/1. Constant/xpath' is clicked on

2022-06-20 11:38:23 - [MESSAGE][PASSED] - Object: 'Object Repository/1. Constant/xpath' is clicked on

2022-06-20 11:38:23 - [TEST_STEP][PASSED] - takeScreenshot(): Taking screenshot successfully

2022-06-20 11:38:23 - [MESSAGE][PASSED] - Taking screenshot successfully
[[ATTACHMENT|D:\\Projet Test Auto\\Mediabox Test Automation [Test]\\Reports\\20220620_112818\\z01. Test Suites\\202. TestStarPack Full Lifecycle _Change of Rights_SAS\\20220620_112819\\1655717903229.png]]

2022-06-20 11:38:23 - [TEST_STEP][PASSED] - I.UploadDoc_sendkey_Prod(findTestObject("1. Constant/xpath", ["xpath":"//*[@id="kt_body"]/input[2]"]), "D:\Upoad_File\Upload doc\testdataaddition1.jpg", "testdataaddition1.jpg"): Delayed 5 second(s)

2022-06-20 11:38:23 - [MESSAGE][PASSED] - Scroll to object 'Object Repository/1. Constant/xpath' successfully

2022-06-20 11:38:28 - [MESSAGE][PASSED] - Delayed 5 second(s)

2022-06-20 11:38:28 - [MESSAGE][PASSED] - File 'D:\Upoad_File\Upload doc\testdataaddition1.jpg' sent to object: 'Object Repository/1. Constant/xpath'

2022-06-20 11:38:33 - [MESSAGE][PASSED] - Delayed 5 second(s)

2022-06-20 11:38:34 - [MESSAGE][PASSED] - Text 'testdataaddition1.jpg' is present on page 

2022-06-20 11:38:39 - [MESSAGE][PASSED] - Delayed 5 second(s)

2022-06-20 11:38:44 - [MESSAGE][PASSED] - Delayed 5 second(s)

2022-06-20 11:38:44 - [TEST_STEP][PASSED] - takeScreenshot(): Taking screenshot successfully

2022-06-20 11:38:44 - [MESSAGE][PASSED] - Taking screenshot successfully
[[ATTACHMENT|D:\\Projet Test Auto\\Mediabox Test Automation [Test]\\Reports\\20220620_112818\\z01. Test Suites\\202. TestStarPack Full Lifecycle _Change of Rights_SAS\\20220620_112819\\1655717924284.png]]

2022-06-20 11:38:44 - [TEST_STEP][PASSED] - delay(10): Delayed 10 second(s)

2022-06-20 11:38:54 - [MESSAGE][PASSED] - Delayed 10 second(s)

2022-06-20 11:38:54 - [TEST_STEP][PASSED] - selectOptionByValue(findTestObject("1. Constant/xpath", ["xpath":"//*[@id="var_27"]"]), "650", false): All options with value '650' are selected in object 'Object Repository/1. Constant/xpath' 

2022-06-20 11:38:55 - [MESSAGE][PASSED] - All options with value '650' are selected in object 'Object Repository/1. Constant/xpath' 

2022-06-20 11:38:55 - [TEST_STEP][PASSED] - I.click_button_javascript(findTestObject("Object Repository/HL Full Lifecycle/12 ReferncePage_Button_Updatensenddoc")): Execute JavaScript 'arguments[0].click()' successfully

2022-06-20 11:39:03 - [MESSAGE][PASSED] - Execute JavaScript 'arguments[0].click()' successfully

2022-06-20 11:39:03 - [TEST_STEP][PASSED] - delay(5): Delayed 5 second(s)

2022-06-20 11:39:08 - [MESSAGE][PASSED] - Delayed 5 second(s)

2022-06-20 11:39:08 - [TEST_STEP][PASSED] - I.Logout(): Delayed 3 second(s)

2022-06-20 11:39:11 - [MESSAGE][PASSED] - Delayed 3 second(s)

2022-06-20 11:39:11 - [MESSAGE][PASSED] - Object: 'Object Repository/1. Constant/xpath' is clicked on

2022-06-20 11:39:14 - [MESSAGE][PASSED] - Delayed 3 second(s)

2022-06-20 11:39:16 - [MESSAGE][PASSED] - Object: 'Object Repository/1. Constant/xpath' is clicked on

2022-06-20 11:39:19 - [MESSAGE][PASSED] - Delayed 3 second(s)

2022-06-20 11:39:19 - [TEST_STEP][PASSED] - I.Login_password("bsolletbravo", password_bsolletbravo): Object: 'Object Repository/1. Constant/xpath' is clicked on

2022-06-20 11:39:19 - [MESSAGE][PASSED] - Text 'bsolletbravo' is set on object 'Object Repository/1. Constant/xpath'

2022-06-20 11:39:20 - [MESSAGE][PASSED] - Delayed 1 second(s)

2022-06-20 11:39:21 - [MESSAGE][PASSED] - Text 'diadeis' is set on object 'Object Repository/1. Constant/xpath'

2022-06-20 11:39:22 - [MESSAGE][PASSED] - Delayed 1 second(s)

2022-06-20 11:39:27 - [MESSAGE][PASSED] - Object: 'Object Repository/1. Constant/xpath' is clicked on

2022-06-20 11:39:27 - [TEST_STEP][PASSED] - takeScreenshot(): Taking screenshot successfully

2022-06-20 11:39:27 - [MESSAGE][PASSED] - Taking screenshot successfully
[[ATTACHMENT|D:\\Projet Test Auto\\Mediabox Test Automation [Test]\\Reports\\20220620_112818\\z01. Test Suites\\202. TestStarPack Full Lifecycle _Change of Rights_SAS\\20220620_112819\\1655717967270.png]]

2022-06-20 11:39:27 - [TEST_STEP][PASSED] - task_no5 = I.Get_Task_No("//*[@id="kt_header"]/div/div[2]/div[1]/div[1]/span"): Text of object 'Object Repository/1. Constant/xpath' is: '31'

2022-06-20 11:39:27 - [MESSAGE][PASSED] - Text of object 'Object Repository/1. Constant/xpath' is: '31'

2022-06-20 11:39:27 - [TEST_STEP][PASSED] - click(findTestObject("1. Constant/xpath", ["xpath":"//*[@id="kt_header"]/div/div[2]/div[1]/div[1]/div"])): Object: 'Object Repository/1. Constant/xpath' is clicked on

2022-06-20 11:39:27 - [MESSAGE][PASSED] - Object: 'Object Repository/1. Constant/xpath' is clicked on

2022-06-20 11:39:27 - [TEST_STEP][PASSED] - delay(1): Delayed 1 second(s)

2022-06-20 11:39:28 - [MESSAGE][PASSED] - Delayed 1 second(s)

2022-06-20 11:39:28 - [TEST_STEP][PASSED] - click(findTestObject("1. Constant/xpath", ["xpath":"//*[@id="kt_header"]/div/div[2]/div[1]/div[2]/form/div[3]/a"])): Object: 'Object Repository/1. Constant/xpath' is clicked on

2022-06-20 11:39:34 - [MESSAGE][PASSED] - Object: 'Object Repository/1. Constant/xpath' is clicked on

2022-06-20 11:39:34 - [TEST_STEP][PASSED] - delay(1): Delayed 1 second(s)

2022-06-20 11:39:35 - [MESSAGE][PASSED] - Delayed 1 second(s)

2022-06-20 11:39:35 - [TEST_STEP][PASSED] - selectOptionByValue(findTestObject("1. Constant/xpath", ["xpath":"//*[@id="kt_content"]/div[3]/div/div/div[1]/div[1]/div/form/select"]), "250", false): All options with value '250' are selected in object 'Object Repository/1. Constant/xpath' 

2022-06-20 11:39:35 - [MESSAGE][PASSED] - All options with value '250' are selected in object 'Object Repository/1. Constant/xpath' 

2022-06-20 11:39:35 - [TEST_STEP][PASSED] - delay(1): Delayed 1 second(s)

2022-06-20 11:39:36 - [MESSAGE][PASSED] - Delayed 1 second(s)

2022-06-20 11:39:36 - [TEST_STEP][PASSED] - k = 1: null

2022-06-20 11:39:36 - [TEST_STEP][PASSED] - while (k <= task_no5): null

2022-06-20 11:39:36 - [TEST_STEP][PASSED] - result = getText(findTestObject("1. Constant/xpath", ["xpath":"/html/body/div[1]/div[2]/div[8]/div[3]/div/div/div[2]/div/table/tbody/tr[" + k + "]/td[1]/a"]), OPTIONAL): Text of object 'Object Repository/1. Constant/xpath' is: 'Mark final printed sample reception date: 000297_MIEL DIA 1 KG_0084682_MAES HONEY INT. S.L.U - 2020_MIEL LOVE_HONEY - MI000036'

2022-06-20 11:39:36 - [MESSAGE][PASSED] - Text of object 'Object Repository/1. Constant/xpath' is: 'Mark final printed sample reception date: 000297_MIEL DIA 1 KG_0084682_MAES HONEY INT. S.L.U - 2020_MIEL LOVE_HONEY - MI000036'

2022-06-20 11:39:36 - [TEST_STEP][PASSED] - if (result.contains(Project_No)): null

2022-06-20 11:39:36 - [TEST_STEP][PASSED] - else: null

2022-06-20 11:39:36 - [TEST_STEP][PASSED] - k = k + 1: null

2022-06-20 11:39:36 - [TEST_STEP][PASSED] - if (k > task_no5): null

2022-06-20 11:39:36 - [TEST_STEP][PASSED] - result = getText(findTestObject("1. Constant/xpath", ["xpath":"/html/body/div[1]/div[2]/div[8]/div[3]/div/div/div[2]/div/table/tbody/tr[" + k + "]/td[1]/a"]), OPTIONAL): Text of object 'Object Repository/1. Constant/xpath' is: 'Mark final printed sample reception date: 133109_MIEL FLORES ANTIGOTE DIA 500GR_0084682_MAES HONEY INT. S.L.U - 2020_MIEL LOVE_HONEY - MI000036'

2022-06-20 11:39:37 - [MESSAGE][PASSED] - Text of object 'Object Repository/1. Constant/xpath' is: 'Mark final printed sample reception date: 133109_MIEL FLORES ANTIGOTE DIA 500GR_0084682_MAES HONEY INT. S.L.U - 2020_MIEL LOVE_HONEY - MI000036'

2022-06-20 11:39:37 - [TEST_STEP][PASSED] - if (result.contains(Project_No)): null

2022-06-20 11:39:37 - [TEST_STEP][PASSED] - else: null

2022-06-20 11:39:37 - [TEST_STEP][PASSED] - k = k + 1: null

2022-06-20 11:39:37 - [TEST_STEP][PASSED] - if (k > task_no5): null

2022-06-20 11:39:37 - [TEST_STEP][PASSED] - result = getText(findTestObject("1. Constant/xpath", ["xpath":"/html/body/div[1]/div[2]/div[8]/div[3]/div/div/div[2]/div/table/tbody/tr[" + k + "]/td[1]/a"]), OPTIONAL): Text of object 'Object Repository/1. Constant/xpath' is: 'Mark final printed sample reception date: 034329_COCO RALLADO DIA 200GR_0082988_EMILIO VILAR, LDA. - 2020_NATURMUNDO_COCO RALADO PT - MI000176'

2022-06-20 11:39:37 - [MESSAGE][PASSED] - Text of object 'Object Repository/1. Constant/xpath' is: 'Mark final printed sample reception date: 034329_COCO RALLADO DIA 200GR_0082988_EMILIO VILAR, LDA. - 2020_NATURMUNDO_COCO RALADO PT - MI000176'

2022-06-20 11:39:37 - [TEST_STEP][PASSED] - if (result.contains(Project_No)): null

2022-06-20 11:39:37 - [TEST_STEP][PASSED] - else: null

2022-06-20 11:39:37 - [TEST_STEP][PASSED] - k = k + 1: null

2022-06-20 11:39:37 - [TEST_STEP][PASSED] - if (k > task_no5): null

2022-06-20 11:39:37 - [TEST_STEP][PASSED] - result = getText(findTestObject("1. Constant/xpath", ["xpath":"/html/body/div[1]/div[2]/div[8]/div[3]/div/div/div[2]/div/table/tbody/tr[" + k + "]/td[1]/a"]), OPTIONAL): Text of object 'Object Repository/1. Constant/xpath' is: 'Upload packaging briefing: Pan Rallado - 2021_EL MOLINO DE DIA_BREAD CRUMBS & FLOUR'

2022-06-20 11:39:37 - [MESSAGE][PASSED] - Text of object 'Object Repository/1. Constant/xpath' is: 'Upload packaging briefing: Pan Rallado - 2021_EL MOLINO DE DIA_BREAD CRUMBS & FLOUR'

2022-06-20 11:39:37 - [TEST_STEP][PASSED] - if (result.contains(Project_No)): null

2022-06-20 11:39:37 - [TEST_STEP][PASSED] - else: null

2022-06-20 11:39:37 - [TEST_STEP][PASSED] - k = k + 1: null

2022-06-20 11:39:37 - [TEST_STEP][PASSED] - if (k > task_no5): null

2022-06-20 11:39:37 - [TEST_STEP][PASSED] - result = getText(findTestObject("1. Constant/xpath", ["xpath":"/html/body/div[1]/div[2]/div[8]/div[3]/div/div/div[2]/div/table/tbody/tr[" + k + "]/td[1]/a"]), OPTIONAL): Text of object 'Object Repository/1. Constant/xpath' is: 'Out of Office - MI000864 / refID : 5731 To Verify the task of Out of Office'

2022-06-20 11:39:38 - [MESSAGE][PASSED] - Text of object 'Object Repository/1. Constant/xpath' is: 'Out of Office - MI000864 / refID : 5731 To Verify the task of Out of Office'

2022-06-20 11:39:38 - [TEST_STEP][PASSED] - if (result.contains(Project_No)): null

2022-06-20 11:39:38 - [TEST_STEP][PASSED] - else: null

2022-06-20 11:39:38 - [TEST_STEP][PASSED] - k = k + 1: null

2022-06-20 11:39:38 - [TEST_STEP][PASSED] - if (k > task_no5): null

2022-06-20 11:39:38 - [TEST_STEP][PASSED] - result = getText(findTestObject("1. Constant/xpath", ["xpath":"/html/body/div[1]/div[2]/div[8]/div[3]/div/div/div[2]/div/table/tbody/tr[" + k + "]/td[1]/a"]), OPTIONAL): Text of object 'Object Repository/1. Constant/xpath' is: 'Out of Office - MI000865 / refID : 5732 To Verify the task of Out of Office'

2022-06-20 11:39:38 - [MESSAGE][PASSED] - Text of object 'Object Repository/1. Constant/xpath' is: 'Out of Office - MI000865 / refID : 5732 To Verify the task of Out of Office'

2022-06-20 11:39:38 - [TEST_STEP][PASSED] - if (result.contains(Project_No)): null

2022-06-20 11:39:38 - [TEST_STEP][PASSED] - else: null

2022-06-20 11:39:38 - [TEST_STEP][PASSED] - k = k + 1: null

2022-06-20 11:39:38 - [TEST_STEP][PASSED] - if (k > task_no5): null

2022-06-20 11:39:38 - [TEST_STEP][PASSED] - result = getText(findTestObject("1. Constant/xpath", ["xpath":"/html/body/div[1]/div[2]/div[8]/div[3]/div/div/div[2]/div/table/tbody/tr[" + k + "]/td[1]/a"]), OPTIONAL): Text of object 'Object Repository/1. Constant/xpath' is: 'Out of Office - MI000866 / refID : 5733 To Verify the task of Out of Office'

2022-06-20 11:39:38 - [MESSAGE][PASSED] - Text of object 'Object Repository/1. Constant/xpath' is: 'Out of Office - MI000866 / refID : 5733 To Verify the task of Out of Office'

2022-06-20 11:39:38 - [TEST_STEP][PASSED] - if (result.contains(Project_No)): null

2022-06-20 11:39:38 - [TEST_STEP][PASSED] - else: null

2022-06-20 11:39:38 - [TEST_STEP][PASSED] - k = k + 1: null

2022-06-20 11:39:38 - [TEST_STEP][PASSED] - if (k > task_no5): null

2022-06-20 11:39:38 - [TEST_STEP][PASSED] - result = getText(findTestObject("1. Constant/xpath", ["xpath":"/html/body/div[1]/div[2]/div[8]/div[3]/div/div/div[2]/div/table/tbody/tr[" + k + "]/td[1]/a"]), OPTIONAL): Text of object 'Object Repository/1. Constant/xpath' is: 'Out of Office - MI000883 / refID : 5758 To Verify the task of Out of Office'

2022-06-20 11:39:39 - [MESSAGE][PASSED] - Text of object 'Object Repository/1. Constant/xpath' is: 'Out of Office - MI000883 / refID : 5758 To Verify the task of Out of Office'

2022-06-20 11:39:39 - [TEST_STEP][PASSED] - if (result.contains(Project_No)): null

2022-06-20 11:39:39 - [TEST_STEP][PASSED] - else: null

2022-06-20 11:39:39 - [TEST_STEP][PASSED] - k = k + 1: null

2022-06-20 11:39:39 - [TEST_STEP][PASSED] - if (k > task_no5): null

2022-06-20 11:39:39 - [TEST_STEP][PASSED] - result = getText(findTestObject("1. Constant/xpath", ["xpath":"/html/body/div[1]/div[2]/div[8]/div[3]/div/div/div[2]/div/table/tbody/tr[" + k + "]/td[1]/a"]), OPTIONAL): Text of object 'Object Repository/1. Constant/xpath' is: 'Out of Office - MI000884 / refID : 5759 To Verify the task of Out of Office'

2022-06-20 11:39:39 - [MESSAGE][PASSED] - Text of object 'Object Repository/1. Constant/xpath' is: 'Out of Office - MI000884 / refID : 5759 To Verify the task of Out of Office'

2022-06-20 11:39:39 - [TEST_STEP][PASSED] - if (result.contains(Project_No)): null

2022-06-20 11:39:39 - [TEST_STEP][PASSED] - else: null

2022-06-20 11:39:39 - [TEST_STEP][PASSED] - k = k + 1: null

2022-06-20 11:39:39 - [TEST_STEP][PASSED] - if (k > task_no5): null

2022-06-20 11:39:39 - [TEST_STEP][PASSED] - result = getText(findTestObject("1. Constant/xpath", ["xpath":"/html/body/div[1]/div[2]/div[8]/div[3]/div/div/div[2]/div/table/tbody/tr[" + k + "]/td[1]/a"]), OPTIONAL): Text of object 'Object Repository/1. Constant/xpath' is: 'Out of Office - MI000888 / refID : 5772 To Verify the task of Out of Office'

2022-06-20 11:39:39 - [MESSAGE][PASSED] - Text of object 'Object Repository/1. Constant/xpath' is: 'Out of Office - MI000888 / refID : 5772 To Verify the task of Out of Office'

2022-06-20 11:39:39 - [TEST_STEP][PASSED] - if (result.contains(Project_No)): null

2022-06-20 11:39:39 - [TEST_STEP][PASSED] - else: null

2022-06-20 11:39:39 - [TEST_STEP][PASSED] - k = k + 1: null

2022-06-20 11:39:39 - [TEST_STEP][PASSED] - if (k > task_no5): null

2022-06-20 11:39:39 - [TEST_STEP][PASSED] - result = getText(findTestObject("1. Constant/xpath", ["xpath":"/html/body/div[1]/div[2]/div[8]/div[3]/div/div/div[2]/div/table/tbody/tr[" + k + "]/td[1]/a"]), OPTIONAL): Text of object 'Object Repository/1. Constant/xpath' is: 'Out of Office - MI000889 / refID : 5773 To Verify the task of Out of Office'

2022-06-20 11:39:40 - [MESSAGE][PASSED] - Text of object 'Object Repository/1. Constant/xpath' is: 'Out of Office - MI000889 / refID : 5773 To Verify the task of Out of Office'

2022-06-20 11:39:40 - [TEST_STEP][PASSED] - if (result.contains(Project_No)): null

2022-06-20 11:39:40 - [TEST_STEP][PASSED] - else: null

2022-06-20 11:39:40 - [TEST_STEP][PASSED] - k = k + 1: null

2022-06-20 11:39:40 - [TEST_STEP][PASSED] - if (k > task_no5): null

2022-06-20 11:39:40 - [TEST_STEP][PASSED] - result = getText(findTestObject("1. Constant/xpath", ["xpath":"/html/body/div[1]/div[2]/div[8]/div[3]/div/div/div[2]/div/table/tbody/tr[" + k + "]/td[1]/a"]), OPTIONAL): Text of object 'Object Repository/1. Constant/xpath' is: 'Out of Office - MI000890 / refID : 5774 To Verify the task of Out of Office'

2022-06-20 11:39:40 - [MESSAGE][PASSED] - Text of object 'Object Repository/1. Constant/xpath' is: 'Out of Office - MI000890 / refID : 5774 To Verify the task of Out of Office'

2022-06-20 11:39:40 - [TEST_STEP][PASSED] - if (result.contains(Project_No)): null

2022-06-20 11:39:40 - [TEST_STEP][PASSED] - else: null

2022-06-20 11:39:40 - [TEST_STEP][PASSED] - k = k + 1: null

2022-06-20 11:39:40 - [TEST_STEP][PASSED] - if (k > task_no5): null

2022-06-20 11:39:40 - [TEST_STEP][PASSED] - result = getText(findTestObject("1. Constant/xpath", ["xpath":"/html/body/div[1]/div[2]/div[8]/div[3]/div/div/div[2]/div/table/tbody/tr[" + k + "]/td[1]/a"]), OPTIONAL): Text of object 'Object Repository/1. Constant/xpath' is: 'Out of Office - MI000891 / refID : 5775 To Verify the task of Out of Office'

2022-06-20 11:39:41 - [MESSAGE][PASSED] - Text of object 'Object Repository/1. Constant/xpath' is: 'Out of Office - MI000891 / refID : 5775 To Verify the task of Out of Office'

2022-06-20 11:39:41 - [TEST_STEP][PASSED] - if (result.contains(Project_No)): null

2022-06-20 11:39:41 - [TEST_STEP][PASSED] - else: null

2022-06-20 11:39:41 - [TEST_STEP][PASSED] - k = k + 1: null

2022-06-20 11:39:41 - [TEST_STEP][PASSED] - if (k > task_no5): null

2022-06-20 11:39:41 - [TEST_STEP][PASSED] - result = getText(findTestObject("1. Constant/xpath", ["xpath":"/html/body/div[1]/div[2]/div[8]/div[3]/div/div/div[2]/div/table/tbody/tr[" + k + "]/td[1]/a"]), OPTIONAL): Text of object 'Object Repository/1. Constant/xpath' is: 'Out of Office - MI000892 / refID : 5776 To Verify the task of Out of Office'

2022-06-20 11:39:41 - [MESSAGE][PASSED] - Text of object 'Object Repository/1. Constant/xpath' is: 'Out of Office - MI000892 / refID : 5776 To Verify the task of Out of Office'

2022-06-20 11:39:41 - [TEST_STEP][PASSED] - if (result.contains(Project_No)): null

2022-06-20 11:39:41 - [TEST_STEP][PASSED] - else: null

2022-06-20 11:39:41 - [TEST_STEP][PASSED] - k = k + 1: null

2022-06-20 11:39:41 - [TEST_STEP][PASSED] - if (k > task_no5): null

2022-06-20 11:39:41 - [TEST_STEP][PASSED] - result = getText(findTestObject("1. Constant/xpath", ["xpath":"/html/body/div[1]/div[2]/div[8]/div[3]/div/div/div[2]/div/table/tbody/tr[" + k + "]/td[1]/a"]), OPTIONAL): Text of object 'Object Repository/1. Constant/xpath' is: 'Out of Office - MI000893 / refID : 5777 To Verify the task of Out of Office'

2022-06-20 11:39:41 - [MESSAGE][PASSED] - Text of object 'Object Repository/1. Constant/xpath' is: 'Out of Office - MI000893 / refID : 5777 To Verify the task of Out of Office'

2022-06-20 11:39:41 - [TEST_STEP][PASSED] - if (result.contains(Project_No)): null

2022-06-20 11:39:41 - [TEST_STEP][PASSED] - else: null

2022-06-20 11:39:41 - [TEST_STEP][PASSED] - k = k + 1: null

2022-06-20 11:39:41 - [TEST_STEP][PASSED] - if (k > task_no5): null

2022-06-20 11:39:41 - [TEST_STEP][PASSED] - result = getText(findTestObject("1. Constant/xpath", ["xpath":"/html/body/div[1]/div[2]/div[8]/div[3]/div/div/div[2]/div/table/tbody/tr[" + k + "]/td[1]/a"]), OPTIONAL): Text of object 'Object Repository/1. Constant/xpath' is: 'Out of Office - MI000893 / refID : 5778 To Verify the task of Out of Office'

2022-06-20 11:39:42 - [MESSAGE][PASSED] - Text of object 'Object Repository/1. Constant/xpath' is: 'Out of Office - MI000893 / refID : 5778 To Verify the task of Out of Office'

2022-06-20 11:39:42 - [TEST_STEP][PASSED] - if (result.contains(Project_No)): null

2022-06-20 11:39:42 - [TEST_STEP][PASSED] - else: null

2022-06-20 11:39:42 - [TEST_STEP][PASSED] - k = k + 1: null

2022-06-20 11:39:42 - [TEST_STEP][PASSED] - if (k > task_no5): null

2022-06-20 11:39:42 - [TEST_STEP][PASSED] - result = getText(findTestObject("1. Constant/xpath", ["xpath":"/html/body/div[1]/div[2]/div[8]/div[3]/div/div/div[2]/div/table/tbody/tr[" + k + "]/td[1]/a"]), OPTIONAL): Text of object 'Object Repository/1. Constant/xpath' is: 'Out of Office - MI000894 / refID : 5779 To Verify the task of Out of Office'

2022-06-20 11:39:42 - [MESSAGE][PASSED] - Text of object 'Object Repository/1. Constant/xpath' is: 'Out of Office - MI000894 / refID : 5779 To Verify the task of Out of Office'

2022-06-20 11:39:42 - [TEST_STEP][PASSED] - if (result.contains(Project_No)): null

2022-06-20 11:39:42 - [TEST_STEP][PASSED] - else: null

2022-06-20 11:39:42 - [TEST_STEP][PASSED] - k = k + 1: null

2022-06-20 11:39:42 - [TEST_STEP][PASSED] - if (k > task_no5): null

2022-06-20 11:39:42 - [TEST_STEP][PASSED] - result = getText(findTestObject("1. Constant/xpath", ["xpath":"/html/body/div[1]/div[2]/div[8]/div[3]/div/div/div[2]/div/table/tbody/tr[" + k + "]/td[1]/a"]), OPTIONAL): Text of object 'Object Repository/1. Constant/xpath' is: 'Out of Office - MI000895 / refID : 5780 To Verify the task of Out of Office'

2022-06-20 11:39:42 - [MESSAGE][PASSED] - Text of object 'Object Repository/1. Constant/xpath' is: 'Out of Office - MI000895 / refID : 5780 To Verify the task of Out of Office'

2022-06-20 11:39:42 - [TEST_STEP][PASSED] - if (result.contains(Project_No)): null

2022-06-20 11:39:42 - [TEST_STEP][PASSED] - else: null

2022-06-20 11:39:42 - [TEST_STEP][PASSED] - k = k + 1: null

2022-06-20 11:39:42 - [TEST_STEP][PASSED] - if (k > task_no5): null

2022-06-20 11:39:42 - [TEST_STEP][PASSED] - result = getText(findTestObject("1. Constant/xpath", ["xpath":"/html/body/div[1]/div[2]/div[8]/div[3]/div/div/div[2]/div/table/tbody/tr[" + k + "]/td[1]/a"]), OPTIONAL): Text of object 'Object Repository/1. Constant/xpath' is: 'Out of Office - MI000896 / refID : 5781 To Verify the task of Out of Office'

2022-06-20 11:39:43 - [MESSAGE][PASSED] - Text of object 'Object Repository/1. Constant/xpath' is: 'Out of Office - MI000896 / refID : 5781 To Verify the task of Out of Office'

2022-06-20 11:39:43 - [TEST_STEP][PASSED] - if (result.contains(Project_No)): null

2022-06-20 11:39:43 - [TEST_STEP][PASSED] - else: null

2022-06-20 11:39:43 - [TEST_STEP][PASSED] - k = k + 1: null

2022-06-20 11:39:43 - [TEST_STEP][PASSED] - if (k > task_no5): null

2022-06-20 11:39:43 - [TEST_STEP][PASSED] - result = getText(findTestObject("1. Constant/xpath", ["xpath":"/html/body/div[1]/div[2]/div[8]/div[3]/div/div/div[2]/div/table/tbody/tr[" + k + "]/td[1]/a"]), OPTIONAL): Text of object 'Object Repository/1. Constant/xpath' is: 'Out of Office - MI000897 / refID : 5782 To Verify the task of Out of Office'

2022-06-20 11:39:43 - [MESSAGE][PASSED] - Text of object 'Object Repository/1. Constant/xpath' is: 'Out of Office - MI000897 / refID : 5782 To Verify the task of Out of Office'

2022-06-20 11:39:43 - [TEST_STEP][PASSED] - if (result.contains(Project_No)): null

2022-06-20 11:39:43 - [TEST_STEP][PASSED] - else: null

2022-06-20 11:39:43 - [TEST_STEP][PASSED] - k = k + 1: null

2022-06-20 11:39:43 - [TEST_STEP][PASSED] - if (k > task_no5): null

2022-06-20 11:39:43 - [TEST_STEP][PASSED] - result = getText(findTestObject("1. Constant/xpath", ["xpath":"/html/body/div[1]/div[2]/div[8]/div[3]/div/div/div[2]/div/table/tbody/tr[" + k + "]/td[1]/a"]), OPTIONAL): Text of object 'Object Repository/1. Constant/xpath' is: 'Out of Office - MI000910 / refID : 5810 To Verify the task of Out of Office'

2022-06-20 11:39:44 - [MESSAGE][PASSED] - Text of object 'Object Repository/1. Constant/xpath' is: 'Out of Office - MI000910 / refID : 5810 To Verify the task of Out of Office'

2022-06-20 11:39:44 - [TEST_STEP][PASSED] - if (result.contains(Project_No)): null

2022-06-20 11:39:44 - [TEST_STEP][PASSED] - else: null

2022-06-20 11:39:44 - [TEST_STEP][PASSED] - k = k + 1: null

2022-06-20 11:39:44 - [TEST_STEP][PASSED] - if (k > task_no5): null

2022-06-20 11:39:44 - [TEST_STEP][PASSED] - result = getText(findTestObject("1. Constant/xpath", ["xpath":"/html/body/div[1]/div[2]/div[8]/div[3]/div/div/div[2]/div/table/tbody/tr[" + k + "]/td[1]/a"]), OPTIONAL): Text of object 'Object Repository/1. Constant/xpath' is: 'Out of Office - MI000929 / refID : 5852 To Verify the task of Out of Office'

2022-06-20 11:39:44 - [MESSAGE][PASSED] - Text of object 'Object Repository/1. Constant/xpath' is: 'Out of Office - MI000929 / refID : 5852 To Verify the task of Out of Office'

2022-06-20 11:39:44 - [TEST_STEP][PASSED] - if (result.contains(Project_No)): null

2022-06-20 11:39:44 - [TEST_STEP][PASSED] - else: null

2022-06-20 11:39:44 - [TEST_STEP][PASSED] - k = k + 1: null

2022-06-20 11:39:44 - [TEST_STEP][PASSED] - if (k > task_no5): null

2022-06-20 11:39:44 - [TEST_STEP][PASSED] - result = getText(findTestObject("1. Constant/xpath", ["xpath":"/html/body/div[1]/div[2]/div[8]/div[3]/div/div/div[2]/div/table/tbody/tr[" + k + "]/td[1]/a"]), OPTIONAL): Text of object 'Object Repository/1. Constant/xpath' is: 'Out of Office - MI000930 / refID : 5853 To Verify the task of Out of Office'

2022-06-20 11:39:44 - [MESSAGE][PASSED] - Text of object 'Object Repository/1. Constant/xpath' is: 'Out of Office - MI000930 / refID : 5853 To Verify the task of Out of Office'

2022-06-20 11:39:44 - [TEST_STEP][PASSED] - if (result.contains(Project_No)): null

2022-06-20 11:39:44 - [TEST_STEP][PASSED] - else: null

2022-06-20 11:39:44 - [TEST_STEP][PASSED] - k = k + 1: null

2022-06-20 11:39:44 - [TEST_STEP][PASSED] - if (k > task_no5): null

2022-06-20 11:39:44 - [TEST_STEP][PASSED] - result = getText(findTestObject("1. Constant/xpath", ["xpath":"/html/body/div[1]/div[2]/div[8]/div[3]/div/div/div[2]/div/table/tbody/tr[" + k + "]/td[1]/a"]), OPTIONAL): Text of object 'Object Repository/1. Constant/xpath' is: 'Out of Office - MI000930 / refID : 5854 To Verify the task of Out of Office'

2022-06-20 11:39:45 - [MESSAGE][PASSED] - Text of object 'Object Repository/1. Constant/xpath' is: 'Out of Office - MI000930 / refID : 5854 To Verify the task of Out of Office'

2022-06-20 11:39:45 - [TEST_STEP][PASSED] - if (result.contains(Project_No)): null

2022-06-20 11:39:45 - [TEST_STEP][PASSED] - else: null

2022-06-20 11:39:45 - [TEST_STEP][PASSED] - k = k + 1: null

2022-06-20 11:39:45 - [TEST_STEP][PASSED] - if (k > task_no5): null

2022-06-20 11:39:45 - [TEST_STEP][PASSED] - result = getText(findTestObject("1. Constant/xpath", ["xpath":"/html/body/div[1]/div[2]/div[8]/div[3]/div/div/div[2]/div/table/tbody/tr[" + k + "]/td[1]/a"]), OPTIONAL): Text of object 'Object Repository/1. Constant/xpath' is: 'Out of Office - MI000930 / refID : 5855 To Verify the task of Out of Office'

2022-06-20 11:39:45 - [MESSAGE][PASSED] - Text of object 'Object Repository/1. Constant/xpath' is: 'Out of Office - MI000930 / refID : 5855 To Verify the task of Out of Office'

2022-06-20 11:39:45 - [TEST_STEP][PASSED] - if (result.contains(Project_No)): null

2022-06-20 11:39:45 - [TEST_STEP][PASSED] - else: null

2022-06-20 11:39:45 - [TEST_STEP][PASSED] - k = k + 1: null

2022-06-20 11:39:45 - [TEST_STEP][PASSED] - if (k > task_no5): null

2022-06-20 11:39:45 - [TEST_STEP][PASSED] - result = getText(findTestObject("1. Constant/xpath", ["xpath":"/html/body/div[1]/div[2]/div[8]/div[3]/div/div/div[2]/div/table/tbody/tr[" + k + "]/td[1]/a"]), OPTIONAL): Text of object 'Object Repository/1. Constant/xpath' is: 'Out of Office - MI000930 / refID : 5856 To Verify the task of Out of Office'

2022-06-20 11:39:45 - [MESSAGE][PASSED] - Text of object 'Object Repository/1. Constant/xpath' is: 'Out of Office - MI000930 / refID : 5856 To Verify the task of Out of Office'

2022-06-20 11:39:45 - [TEST_STEP][PASSED] - if (result.contains(Project_No)): null

2022-06-20 11:39:45 - [TEST_STEP][PASSED] - else: null

2022-06-20 11:39:45 - [TEST_STEP][PASSED] - k = k + 1: null

2022-06-20 11:39:45 - [TEST_STEP][PASSED] - if (k > task_no5): null

2022-06-20 11:39:45 - [TEST_STEP][PASSED] - result = getText(findTestObject("1. Constant/xpath", ["xpath":"/html/body/div[1]/div[2]/div[8]/div[3]/div/div/div[2]/div/table/tbody/tr[" + k + "]/td[1]/a"]), OPTIONAL): Text of object 'Object Repository/1. Constant/xpath' is: 'Out of Office - MI000930 / refID : 5858 To Verify the task of Out of Office'

2022-06-20 11:39:46 - [MESSAGE][PASSED] - Text of object 'Object Repository/1. Constant/xpath' is: 'Out of Office - MI000930 / refID : 5858 To Verify the task of Out of Office'

2022-06-20 11:39:46 - [TEST_STEP][PASSED] - if (result.contains(Project_No)): null

2022-06-20 11:39:46 - [TEST_STEP][PASSED] - else: null

2022-06-20 11:39:46 - [TEST_STEP][PASSED] - k = k + 1: null

2022-06-20 11:39:46 - [TEST_STEP][PASSED] - if (k > task_no5): null

2022-06-20 11:39:46 - [TEST_STEP][PASSED] - result = getText(findTestObject("1. Constant/xpath", ["xpath":"/html/body/div[1]/div[2]/div[8]/div[3]/div/div/div[2]/div/table/tbody/tr[" + k + "]/td[1]/a"]), OPTIONAL): Text of object 'Object Repository/1. Constant/xpath' is: 'Out of Office - MI000930 / refID : 5860 To Verify the task of Out of Office'

2022-06-20 11:39:46 - [MESSAGE][PASSED] - Text of object 'Object Repository/1. Constant/xpath' is: 'Out of Office - MI000930 / refID : 5860 To Verify the task of Out of Office'

2022-06-20 11:39:46 - [TEST_STEP][PASSED] - if (result.contains(Project_No)): null

2022-06-20 11:39:46 - [TEST_STEP][PASSED] - else: null

2022-06-20 11:39:46 - [TEST_STEP][PASSED] - k = k + 1: null

2022-06-20 11:39:46 - [TEST_STEP][PASSED] - if (k > task_no5): null

2022-06-20 11:39:46 - [TEST_STEP][PASSED] - result = getText(findTestObject("1. Constant/xpath", ["xpath":"/html/body/div[1]/div[2]/div[8]/div[3]/div/div/div[2]/div/table/tbody/tr[" + k + "]/td[1]/a"]), OPTIONAL): Text of object 'Object Repository/1. Constant/xpath' is: 'Out of Office - MI000941 / refID : 5888 To Verify the task of Out of Office'

2022-06-20 11:39:46 - [MESSAGE][PASSED] - Text of object 'Object Repository/1. Constant/xpath' is: 'Out of Office - MI000941 / refID : 5888 To Verify the task of Out of Office'

2022-06-20 11:39:46 - [TEST_STEP][PASSED] - if (result.contains(Project_No)): null

2022-06-20 11:39:46 - [TEST_STEP][PASSED] - else: null

2022-06-20 11:39:46 - [TEST_STEP][PASSED] - k = k + 1: null

2022-06-20 11:39:46 - [TEST_STEP][PASSED] - if (k > task_no5): null

2022-06-20 11:39:46 - [TEST_STEP][PASSED] - result = getText(findTestObject("1. Constant/xpath", ["xpath":"/html/body/div[1]/div[2]/div[8]/div[3]/div/div/div[2]/div/table/tbody/tr[" + k + "]/td[1]/a"]), OPTIONAL): Text of object 'Object Repository/1. Constant/xpath' is: 'Out of Office - MI000942 / refID : 5889 To Verify the task of Out of Office'

2022-06-20 11:39:46 - [MESSAGE][PASSED] - Text of object 'Object Repository/1. Constant/xpath' is: 'Out of Office - MI000942 / refID : 5889 To Verify the task of Out of Office'

2022-06-20 11:39:46 - [TEST_STEP][PASSED] - if (result.contains(Project_No)): null

2022-06-20 11:39:46 - [TEST_STEP][PASSED] - else: null

2022-06-20 11:39:46 - [TEST_STEP][PASSED] - k = k + 1: null

2022-06-20 11:39:46 - [TEST_STEP][PASSED] - if (k > task_no5): null

2022-06-20 11:39:46 - [TEST_STEP][PASSED] - result = getText(findTestObject("1. Constant/xpath", ["xpath":"/html/body/div[1]/div[2]/div[8]/div[3]/div/div/div[2]/div/table/tbody/tr[" + k + "]/td[1]/a"]), OPTIONAL): Text of object 'Object Repository/1. Constant/xpath' is: 'Review document for reference Technical Drawing of project TC202.07_AutoTest_Chrome_Starpack2SAm0OKO9l_juin202022_112855 (MI000948)'

2022-06-20 11:39:47 - [MESSAGE][PASSED] - Text of object 'Object Repository/1. Constant/xpath' is: 'Review document for reference Technical Drawing of project TC202.07_AutoTest_Chrome_Starpack2SAm0OKO9l_juin202022_112855 (MI000948)'

2022-06-20 11:39:47 - [TEST_STEP][PASSED] - if (result.contains(Project_No)): null

2022-06-20 11:39:47 - [TEST_STEP][PASSED] - click(findTestObject("1. Constant/xpath", ["xpath":"/html/body/div[1]/div[2]/div[8]/div[3]/div/div/div[2]/div/table/tbody/tr[" + k + "]/td[1]/a"])): Object: 'Object Repository/1. Constant/xpath' is clicked on

2022-06-20 11:39:50 - [MESSAGE][PASSED] - Object: 'Object Repository/1. Constant/xpath' is clicked on

2022-06-20 11:39:50 - [TEST_STEP][PASSED] - break: null

2022-06-20 11:39:50 - [TEST_STEP][PASSED] - I.AWF_approve_view(): Object: 'Object Repository/HL Full Lifecycle/Function_Appbutton2' is clicked on

2022-06-20 11:39:52 - [MESSAGE][PASSED] - Wait for page load successfully

2022-06-20 11:40:02 - [MESSAGE][PASSED] - Delayed 10 second(s)

2022-06-20 11:40:02 - [MESSAGE][PASSED] - Object: 'Object Repository/HL Full Lifecycle/Function_access Viewer2' is hovered

2022-06-20 11:40:05 - [MESSAGE][PASSED] - Delayed 3 second(s)

2022-06-20 11:40:06 - [MESSAGE][PASSED] - Object: 'Object Repository/HL Full Lifecycle/Function_access Viewer2' is clicked on

2022-06-20 11:40:11 - [MESSAGE][PASSED] - Delayed 5 second(s)

2022-06-20 11:40:11 - [MESSAGE][PASSED] - Object: 'Object Repository/HL Full Lifecycle/Function_AppButton' is clicked on

2022-06-20 11:40:16 - [MESSAGE][PASSED] - Delayed 5 second(s)

2022-06-20 11:40:24 - [MESSAGE][PASSED] - Object: 'Object Repository/HL Full Lifecycle/Function_Appbutton2' is clicked on

2022-06-20 11:40:24 - [TEST_STEP][PASSED] - delay(1): Delayed 1 second(s)

2022-06-20 11:40:25 - [MESSAGE][PASSED] - Delayed 1 second(s)

2022-06-20 11:40:25 - [TEST_STEP][PASSED] - click(findTestObject("1. Constant/xpath", ["xpath":"/html/body/div[1]/div[2]/div[4]/div[3]/div/div[2]/div[2]/div[1]/table/tbody/tr[5]/td[11]/a"])): Object: 'Object Repository/1. Constant/xpath' is clicked on

2022-06-20 11:40:33 - [MESSAGE][PASSED] - Object: 'Object Repository/1. Constant/xpath' is clicked on

2022-06-20 11:40:33 - [TEST_STEP][PASSED] - delay(1): Delayed 1 second(s)

2022-06-20 11:40:34 - [MESSAGE][PASSED] - Delayed 1 second(s)

2022-06-20 11:40:34 - [TEST_STEP][PASSED] - task_no6 = I.Get_Task_No("//*[@id="kt_header"]/div/div[2]/div[1]/div[1]/span"): Text of object 'Object Repository/1. Constant/xpath' is: '30'

2022-06-20 11:40:34 - [MESSAGE][PASSED] - Text of object 'Object Repository/1. Constant/xpath' is: '30'

2022-06-20 11:40:34 - [TEST_STEP][PASSED] - verifyEqual(task_no6, task_no5 - 1): Actual object '30' and expected object '30' are equal

2022-06-20 11:40:34 - [MESSAGE][PASSED] - Actual object '30' and expected object '30' are equal

2022-06-20 11:40:34 - [TEST_STEP][PASSED] - I.Logout(): Delayed 3 second(s)

2022-06-20 11:40:37 - [MESSAGE][PASSED] - Delayed 3 second(s)

2022-06-20 11:40:37 - [MESSAGE][PASSED] - Object: 'Object Repository/1. Constant/xpath' is clicked on

2022-06-20 11:40:40 - [MESSAGE][PASSED] - Delayed 3 second(s)

2022-06-20 11:40:42 - [MESSAGE][PASSED] - Object: 'Object Repository/1. Constant/xpath' is clicked on

2022-06-20 11:40:45 - [MESSAGE][PASSED] - Delayed 3 second(s)

2022-06-20 11:40:45 - [TEST_STEP][PASSED] - I.Login_password("suser", password_suser): Object: 'Object Repository/1. Constant/xpath' is clicked on

2022-06-20 11:40:45 - [MESSAGE][PASSED] - Text 'suser' is set on object 'Object Repository/1. Constant/xpath'

2022-06-20 11:40:46 - [MESSAGE][PASSED] - Delayed 1 second(s)

2022-06-20 11:40:47 - [MESSAGE][PASSED] - Text 'diadeis' is set on object 'Object Repository/1. Constant/xpath'

2022-06-20 11:40:48 - [MESSAGE][PASSED] - Delayed 1 second(s)

2022-06-20 11:40:52 - [MESSAGE][PASSED] - Object: 'Object Repository/1. Constant/xpath' is clicked on

2022-06-20 11:40:52 - [TEST_STEP][PASSED] - takeScreenshot(): Taking screenshot successfully

2022-06-20 11:40:53 - [MESSAGE][PASSED] - Taking screenshot successfully
[[ATTACHMENT|D:\\Projet Test Auto\\Mediabox Test Automation [Test]\\Reports\\20220620_112818\\z01. Test Suites\\202. TestStarPack Full Lifecycle _Change of Rights_SAS\\20220620_112819\\1655718052724.png]]

2022-06-20 11:40:53 - [TEST_STEP][PASSED] - click(findTestObject("1. Constant/02_LHSMenu_Projects")): Object: 'Object Repository/1. Constant/02_LHSMenu_Projects' is clicked on

2022-06-20 11:41:01 - [MESSAGE][PASSED] - Object: 'Object Repository/1. Constant/02_LHSMenu_Projects' is clicked on

2022-06-20 11:41:01 - [TEST_STEP][PASSED] - I.SearchProjectNo(Project_No, findTestObject("HL Full Lifecycle/9 Filter_Button_Apply")): Delayed 5 second(s)

2022-06-20 11:41:04 - [MESSAGE][PASSED] - Text 'MI000948' is set on object 'Object Repository/1. Constant/xpath'

2022-06-20 11:41:07 - [MESSAGE][PASSED] - Delayed 3 second(s)

2022-06-20 11:41:12 - [MESSAGE][PASSED] - Object: 'Object Repository/HL Full Lifecycle/9 Filter_Button_Apply' is clicked on

2022-06-20 11:41:17 - [MESSAGE][PASSED] - Delayed 5 second(s)

2022-06-20 11:41:17 - [TEST_STEP][PASSED] - delay(1): Delayed 1 second(s)

2022-06-20 11:41:18 - [MESSAGE][PASSED] - Delayed 1 second(s)

2022-06-20 11:41:18 - [TEST_STEP][PASSED] - click(findTestObject("1. Constant/xpath", ["xpath":"//*[@id="card_project"]/div[2]/div/div[3]/a[4]"])): Object: 'Object Repository/1. Constant/xpath' is clicked on

2022-06-20 11:41:28 - [MESSAGE][PASSED] - Object: 'Object Repository/1. Constant/xpath' is clicked on

2022-06-20 11:41:28 - [TEST_STEP][PASSED] - Expected_R = "You cannot close this project because it contains at least 1 reference not completed, not deleted or not cancelled.": null

2022-06-20 11:41:28 - [TEST_STEP][PASSED] - Actual_R = getText(findTestObject("1. Constant/xpath", ["xpath":"//*[@id="toast-container"]/div/div[2]"])): Text of object 'Object Repository/1. Constant/xpath' is: 'You cannot close this project because it contains at least 1 reference not completed, not deleted or not cancelled.'

2022-06-20 11:41:28 - [MESSAGE][PASSED] - Text of object 'Object Repository/1. Constant/xpath' is: 'You cannot close this project because it contains at least 1 reference not completed, not deleted or not cancelled.'

2022-06-20 11:41:28 - [TEST_STEP][PASSED] - verifyMatch(Actual_R, Expected_R, false): Actual text 'You cannot close this project because it contains at least 1 reference not completed, not deleted or not cancelled.' and expected text 'You cannot close this project because it contains at least 1 reference not completed, not deleted or not cancelled.' are matched 

2022-06-20 11:41:28 - [MESSAGE][PASSED] - Actual text 'You cannot close this project because it contains at least 1 reference not completed, not deleted or not cancelled.' and expected text 'You cannot close this project because it contains at least 1 reference not completed, not deleted or not cancelled.' are matched 

2022-06-20 11:41:28 - [TEST_STEP][PASSED] - takeScreenshot(): Taking screenshot successfully

2022-06-20 11:41:29 - [MESSAGE][PASSED] - Taking screenshot successfully
[[ATTACHMENT|D:\\Projet Test Auto\\Mediabox Test Automation [Test]\\Reports\\20220620_112818\\z01. Test Suites\\202. TestStarPack Full Lifecycle _Change of Rights_SAS\\20220620_112819\\1655718088735.png]]

2022-06-20 11:41:29 - [TEST_STEP][PASSED] - I.SearchProjectNo(Project_No, findTestObject("HL Full Lifecycle/9 Filter_Button_Apply")): Delayed 5 second(s)

2022-06-20 11:41:29 - [MESSAGE][PASSED] - Text 'MI000948' is set on object 'Object Repository/1. Constant/xpath'

2022-06-20 11:41:32 - [MESSAGE][PASSED] - Delayed 3 second(s)

2022-06-20 11:41:36 - [MESSAGE][PASSED] - Object: 'Object Repository/HL Full Lifecycle/9 Filter_Button_Apply' is clicked on

2022-06-20 11:41:41 - [MESSAGE][PASSED] - Delayed 5 second(s)

2022-06-20 11:41:41 - [TEST_STEP][PASSED] - delay(1): Delayed 1 second(s)

2022-06-20 11:41:42 - [MESSAGE][PASSED] - Delayed 1 second(s)

2022-06-20 11:41:42 - [TEST_STEP][PASSED] - click(findTestObject("1. Constant/xpath", ["xpath":"//*[@id="source_" + refID + ""]/td[9]/div[2]/button"])): Object: 'Object Repository/1. Constant/xpath' is clicked on

2022-06-20 11:41:43 - [MESSAGE][PASSED] - Object: 'Object Repository/1. Constant/xpath' is clicked on

2022-06-20 11:41:43 - [TEST_STEP][PASSED] - delay(1): Delayed 1 second(s)

2022-06-20 11:41:44 - [MESSAGE][PASSED] - Delayed 1 second(s)

2022-06-20 11:41:44 - [TEST_STEP][PASSED] - click(findTestObject("1. Constant/xpath", ["xpath":"//*[@id="source_" + refID + ""]/td[9]/div[2]/div/a[3]"])): Object: 'Object Repository/1. Constant/xpath' is clicked on

2022-06-20 11:41:44 - [MESSAGE][PASSED] - Object: 'Object Repository/1. Constant/xpath' is clicked on

2022-06-20 11:41:44 - [TEST_STEP][PASSED] - delay(1): Delayed 1 second(s)

2022-06-20 11:41:45 - [MESSAGE][PASSED] - Delayed 1 second(s)

2022-06-20 11:41:45 - [TEST_STEP][PASSED] - takeScreenshot(): Taking screenshot successfully

2022-06-20 11:41:46 - [MESSAGE][PASSED] - Taking screenshot successfully
[[ATTACHMENT|D:\\Projet Test Auto\\Mediabox Test Automation [Test]\\Reports\\20220620_112818\\z01. Test Suites\\202. TestStarPack Full Lifecycle _Change of Rights_SAS\\20220620_112819\\1655718105495.png]]

2022-06-20 11:41:46 - [TEST_STEP][PASSED] - delay(1): Delayed 1 second(s)

2022-06-20 11:41:47 - [MESSAGE][PASSED] - Delayed 1 second(s)

2022-06-20 11:41:47 - [TEST_STEP][PASSED] - click(findTestObject("1. Constant/xpath", ["xpath":"//*[@id="kt_body"]/div[9]/div/div/div[2]/button[2]"])): Object: 'Object Repository/1. Constant/xpath' is clicked on

2022-06-20 11:41:52 - [MESSAGE][PASSED] - Object: 'Object Repository/1. Constant/xpath' is clicked on

2022-06-20 11:41:52 - [TEST_STEP][PASSED] - delay(1): Delayed 1 second(s)

2022-06-20 11:41:53 - [MESSAGE][PASSED] - Delayed 1 second(s)

2022-06-20 11:41:53 - [TEST_STEP][PASSED] - click(findTestObject("1. Constant/xpath", ["xpath":"//*[@id="card_project"]/div[2]/div/div[3]/a[4]"])): Object: 'Object Repository/1. Constant/xpath' is clicked on

2022-06-20 11:42:02 - [MESSAGE][PASSED] - Object: 'Object Repository/1. Constant/xpath' is clicked on

2022-06-20 11:42:02 - [TEST_STEP][PASSED] - Expected_R2 = "Project closed.": null

2022-06-20 11:42:02 - [TEST_STEP][PASSED] - Actual_R2 = getText(findTestObject("1. Constant/xpath", ["xpath":"//*[@id="toast-container"]/div/div[2]"])): Text of object 'Object Repository/1. Constant/xpath' is: 'Project closed.'

2022-06-20 11:42:02 - [MESSAGE][PASSED] - Text of object 'Object Repository/1. Constant/xpath' is: 'Project closed.'

2022-06-20 11:42:02 - [TEST_STEP][PASSED] - verifyMatch(Actual_R2, Expected_R2, false): Actual text 'Project closed.' and expected text 'Project closed.' are matched 

2022-06-20 11:42:02 - [MESSAGE][PASSED] - Actual text 'Project closed.' and expected text 'Project closed.' are matched 

2022-06-20 11:42:02 - [TEST_STEP][PASSED] - closeBrowser(): Browser is closed

2022-06-20 11:42:04 - [MESSAGE][PASSED] - Browser is closed

2022-06-20 11:42:04 - [TEST_STEP][PASSED] - Start listener action : sampleAfterTestCase: null]]></system-out>
         <system-err><![CDATA[]]></system-err>
      </testcase>
      <testcase name="Test Cases/202. TestStarPack Full Lifecycle _Change of Rights_SAS/202.01 TestStarPack Full Lifecycle CreationDaughRef 202.02 P2" time="1152.09" classname="Test Cases/202. TestStarPack Full Lifecycle _Change of Rights_SAS/202.01 TestStarPack Full Lifecycle CreationDaughRef 202.02 P2" status="PASSED">
         <system-out><![CDATA[2022-06-20 11:42:04 - [TEST_CASE][PASSED] - Test Cases/202. TestStarPack Full Lifecycle _Change of Rights_SAS/202.01 TestStarPack Full Lifecycle CreationDaughRef 202.02 P2: Test Cases/202. TestStarPack Full Lifecycle _Change of Rights_SAS/202.01 TestStarPack Full Lifecycle CreationDaughRef 202.02 P2

2022-06-20 11:42:05 - [TEST_STEP][PASSED] - data = findTestData("Data Files/Username_Password/Test_Starpack"): null

2022-06-20 11:42:05 - [TEST_STEP][PASSED] - password_suser = data.getValue(2, 1): null

2022-06-20 11:42:05 - [TEST_STEP][PASSED] - password_aherms = data.getValue(2, 2): null

2022-06-20 11:42:05 - [TEST_STEP][PASSED] - password_agluszczynska = data.getValue(2, 3): null

2022-06-20 11:42:05 - [TEST_STEP][PASSED] - password_aterreshernandez = data.getValue(2, 5): null

2022-06-20 11:42:05 - [TEST_STEP][PASSED] - password_adelamatanieves = data.getValue(2, 7): null

2022-06-20 11:42:05 - [TEST_STEP][PASSED] - data_urlTestAUTO = findTestData("Data Files/URL/URL_testauto"): null

2022-06-20 11:42:05 - [TEST_STEP][PASSED] - Url_Starpack = data_urlTestAUTO.getValue(2, 2): null

2022-06-20 11:42:05 - [TEST_STEP][PASSED] - log = new com.kms.katalon.core.logging.KeywordLogger(): null

2022-06-20 11:42:05 - [TEST_STEP][PASSED] - I.clearnotepad("D:\Upoad_File\zTest_Auto\Test_Projet_ Login\StarPack\202.01 StarPack _Project_No\202.01_StarPack_ProjectNo.txt"): null

2022-06-20 11:42:05 - [TEST_STEP][PASSED] - I.clearnotepad("D:\Upoad_File\zTest_Auto\Test_Projet_ Login\StarPack\202.01 StarPack _Project_No\202.01_StarPack_refID.txt"): null

2022-06-20 11:42:05 - [TEST_STEP][PASSED] - I.clearnotepad("D:\Upoad_File\zTest_Auto\Test_Projet_ Login\StarPack\202.01 StarPack _Project_No\202.01_StarPack_refID_PS.txt"): null

2022-06-20 11:42:05 - [TEST_STEP][PASSED] - I.clearnotepad("D:\Upoad_File\zTest_Auto\Test_Projet_ Login\StarPack\202.01 StarPack _Project_No\202.01_StarPack_refID_PTS.txt"): null

2022-06-20 11:42:05 - [TEST_STEP][PASSED] - I.clearnotepad("D:\Upoad_File\zTest_Auto\Test_Projet_ Login\StarPack\202.01 StarPack _Project_No\202.01_StarPack_refID_TD.txt"): null

2022-06-20 11:42:05 - [TEST_STEP][PASSED] - openBrowser(Url_Starpack): Browser is opened with url: 'https://mdb-v3-test.diadeis.com/MediaboxIndependence/?MBI_datasource=RELTEST_STARPACK'

2022-06-20 11:42:05 - [MESSAGE][INFO] - Starting 'Chrome (headless)' driver

2022-06-20 11:42:05 - [MESSAGE][INFO] - User set preference: ['args', '[--window-size=1920,1080, --headless]']

2022-06-20 11:42:05 - [MESSAGE][INFO] - Action delay is set to 0 milliseconds

2022-06-20 11:42:12 - [MESSAGE][PASSED] - Browser is opened with url: 'https://mdb-v3-test.diadeis.com/MediaboxIndependence/?MBI_datasource=RELTEST_STARPACK'

2022-06-20 11:42:12 - [TEST_STEP][PASSED] - maximizeWindow(): Current window maximized

2022-06-20 11:42:12 - [MESSAGE][PASSED] - Current window maximized

2022-06-20 11:42:12 - [TEST_STEP][PASSED] - I.Login_password("adelamatanieves", password_adelamatanieves): Object: 'Object Repository/1. Constant/xpath' is clicked on

2022-06-20 11:42:13 - [MESSAGE][PASSED] - Text 'adelamatanieves' is set on object 'Object Repository/1. Constant/xpath'

2022-06-20 11:42:14 - [MESSAGE][PASSED] - Delayed 1 second(s)

2022-06-20 11:42:14 - [MESSAGE][PASSED] - Text 'diadeis' is set on object 'Object Repository/1. Constant/xpath'

2022-06-20 11:42:15 - [MESSAGE][PASSED] - Delayed 1 second(s)

2022-06-20 11:42:19 - [MESSAGE][PASSED] - Object: 'Object Repository/1. Constant/xpath' is clicked on

2022-06-20 11:42:19 - [TEST_STEP][PASSED] - takeScreenshot(): Taking screenshot successfully

2022-06-20 11:42:20 - [MESSAGE][PASSED] - Taking screenshot successfully
[[ATTACHMENT|D:\\Projet Test Auto\\Mediabox Test Automation [Test]\\Reports\\20220620_112818\\z01. Test Suites\\202. TestStarPack Full Lifecycle _Change of Rights_SAS\\20220620_112819\\1655718139918.png]]

2022-06-20 11:42:20 - [TEST_STEP][PASSED] - click(findTestObject("1. Constant/02_LHSMenu_Projects")): Object: 'Object Repository/1. Constant/02_LHSMenu_Projects' is clicked on

2022-06-20 11:42:23 - [MESSAGE][PASSED] - Object: 'Object Repository/1. Constant/02_LHSMenu_Projects' is clicked on

2022-06-20 11:42:23 - [TEST_STEP][PASSED] - click(findTestObject("Object Repository/1. Constant/xpath", ["xpath":"//*[@id="kt_content"]/div[3]/div/div/div[1]/div[2]/a[1]"])): Object: 'Object Repository/1. Constant/xpath' is clicked on

2022-06-20 11:42:25 - [MESSAGE][PASSED] - Object: 'Object Repository/1. Constant/xpath' is clicked on

2022-06-20 11:42:25 - [TEST_STEP][PASSED] - takeScreenshot(): Taking screenshot successfully

2022-06-20 11:42:25 - [MESSAGE][PASSED] - Taking screenshot successfully
[[ATTACHMENT|D:\\Projet Test Auto\\Mediabox Test Automation [Test]\\Reports\\20220620_112818\\z01. Test Suites\\202. TestStarPack Full Lifecycle _Change of Rights_SAS\\20220620_112819\\1655718145167.png]]

2022-06-20 11:42:25 - [TEST_STEP][PASSED] - project_name = "TC4.01_AutoTest_Chrome_Starpack" + RandomStringUtils.randomAlphanumeric(10) + "_" + I.gettimedate(): null

2022-06-20 11:42:25 - [TEST_STEP][PASSED] - setText(findTestObject("HL Full Lifecycle/4 CreateProjPage_inputProjectname"), project_name): Text 'TC4.01_AutoTest_Chrome_Starpack7oXia7FHvm_juin202022_114225' is set on object 'Object Repository/HL Full Lifecycle/4 CreateProjPage_inputProjectname'

2022-06-20 11:42:25 - [MESSAGE][PASSED] - Text 'TC4.01_AutoTest_Chrome_Starpack7oXia7FHvm_juin202022_114225' is set on object 'Object Repository/HL Full Lifecycle/4 CreateProjPage_inputProjectname'

2022-06-20 11:42:25 - [TEST_STEP][PASSED] - click(findTestObject("HL Full Lifecycle/4 CreateProjPage_Create Project_Bluebutton")): Object: 'Object Repository/HL Full Lifecycle/4 CreateProjPage_Create Project_Bluebutton' is clicked on

2022-06-20 11:42:31 - [MESSAGE][PASSED] - Object: 'Object Repository/HL Full Lifecycle/4 CreateProjPage_Create Project_Bluebutton' is clicked on

2022-06-20 11:42:31 - [TEST_STEP][PASSED] - delay(1): Delayed 1 second(s)

2022-06-20 11:42:32 - [MESSAGE][PASSED] - Delayed 1 second(s)

2022-06-20 11:42:32 - [TEST_STEP][PASSED] - takeScreenshot(): Taking screenshot successfully

2022-06-20 11:42:32 - [MESSAGE][PASSED] - Taking screenshot successfully
[[ATTACHMENT|D:\\Projet Test Auto\\Mediabox Test Automation [Test]\\Reports\\20220620_112818\\z01. Test Suites\\202. TestStarPack Full Lifecycle _Change of Rights_SAS\\20220620_112819\\1655718152031.png]]

2022-06-20 11:42:32 - [TEST_STEP][PASSED] - I.SelectFromList_Value("//*[@id="var_98"]", "122"): Delayed 2 second(s)

2022-06-20 11:42:32 - [MESSAGE][PASSED] - All options with value '122' are selected in object 'Object Repository/1. Constant/xpath' 

2022-06-20 11:42:34 - [MESSAGE][PASSED] - Delayed 2 second(s)

2022-06-20 11:42:34 - [TEST_STEP][PASSED] - I.SelectFromList_Value("//*[@id="var_9"]", "amartin_arbol"): Delayed 2 second(s)

2022-06-20 11:42:35 - [MESSAGE][PASSED] - All options with value 'amartin_arbol' are selected in object 'Object Repository/1. Constant/xpath' 

2022-06-20 11:42:37 - [MESSAGE][PASSED] - Delayed 2 second(s)

2022-06-20 11:42:37 - [TEST_STEP][PASSED] - I.SelectFromList_Value("//*[@id="var_10"]", "aterreshernandez"): Delayed 2 second(s)

2022-06-20 11:42:37 - [MESSAGE][PASSED] - All options with value 'aterreshernandez' are selected in object 'Object Repository/1. Constant/xpath' 

2022-06-20 11:42:39 - [MESSAGE][PASSED] - Delayed 2 second(s)

2022-06-20 11:42:39 - [TEST_STEP][PASSED] - I.select_multiplelist("//*[@id="selSource_49"]", "//*[@id="btnAdd_49"]", "nalonsobermejo"): Delayed 1 second(s)

2022-06-20 11:42:40 - [MESSAGE][PASSED] - Delayed 1 second(s)

2022-06-20 11:42:41 - [MESSAGE][PASSED] - All options with value 'nalonsobermejo' are selected in object 'Object Repository/1. Constant/xpath' 

2022-06-20 11:42:43 - [MESSAGE][PASSED] - Delayed 2 second(s)

2022-06-20 11:42:43 - [MESSAGE][PASSED] - Object: 'Object Repository/1. Constant/xpath' is clicked on

2022-06-20 11:42:44 - [MESSAGE][PASSED] - Delayed 1 second(s)

2022-06-20 11:42:44 - [TEST_STEP][PASSED] - I.SelectFromList_Value("//*[@id="var_15"]", "292"): Delayed 2 second(s)

2022-06-20 11:42:44 - [MESSAGE][PASSED] - All options with value '292' are selected in object 'Object Repository/1. Constant/xpath' 

2022-06-20 11:42:46 - [MESSAGE][PASSED] - Delayed 2 second(s)

2022-06-20 11:42:46 - [TEST_STEP][PASSED] - value = getAttribute(findTestObject("Object Repository/StarPack - Full Lifecycle (AWIS)/1.6 ModifyProPage _NDP"), "value"): Attribute 'value' of object 'Object Repository/StarPack - Full Lifecycle (AWIS)/1.6 ModifyProPage _NDP' is: 'MCBRIDE, S.A.'

2022-06-20 11:42:46 - [MESSAGE][PASSED] - Attribute 'value' of object 'Object Repository/StarPack - Full Lifecycle (AWIS)/1.6 ModifyProPage _NDP' is: 'MCBRIDE, S.A.'

2022-06-20 11:42:46 - [TEST_STEP][PASSED] - delay(1): Delayed 1 second(s)

2022-06-20 11:42:47 - [MESSAGE][PASSED] - Delayed 1 second(s)

2022-06-20 11:42:47 - [TEST_STEP][PASSED] - if (value == "MCBRIDE, S.A."): null

2022-06-20 11:42:47 - [TEST_STEP][PASSED] - out.println("Value is filled with  value  MCBRIDE, S.A.- Test ok"): null

2022-06-20 11:42:47 - [TEST_STEP][PASSED] - assert true: null

2022-06-20 11:42:47 - [TEST_STEP][PASSED] - delay(1): Delayed 1 second(s)

2022-06-20 11:42:48 - [MESSAGE][PASSED] - Delayed 1 second(s)

2022-06-20 11:42:48 - [TEST_STEP][PASSED] - I.SelectFromList_Value("//*[@id="var_26"]", "94"): Delayed 2 second(s)

2022-06-20 11:42:49 - [MESSAGE][PASSED] - All options with value '94' are selected in object 'Object Repository/1. Constant/xpath' 

2022-06-20 11:42:51 - [MESSAGE][PASSED] - Delayed 2 second(s)

2022-06-20 11:42:51 - [TEST_STEP][PASSED] - I.SelectFromList_Value("//*[@id="var_12"]", "94"): Delayed 2 second(s)

2022-06-20 11:42:52 - [MESSAGE][PASSED] - All options with value '94' are selected in object 'Object Repository/1. Constant/xpath' 

2022-06-20 11:42:54 - [MESSAGE][PASSED] - Delayed 2 second(s)

2022-06-20 11:42:54 - [TEST_STEP][PASSED] - I.SelectFromList_Value("//*[@id="var_27"]", "734"): Delayed 2 second(s)

2022-06-20 11:42:55 - [MESSAGE][PASSED] - All options with value '734' are selected in object 'Object Repository/1. Constant/xpath' 

2022-06-20 11:42:57 - [MESSAGE][PASSED] - Delayed 2 second(s)

2022-06-20 11:42:57 - [TEST_STEP][PASSED] - I.SelectFromList_Value("//*[@id="var_71"]", "efood"): Delayed 2 second(s)

2022-06-20 11:42:57 - [MESSAGE][PASSED] - All options with value 'efood' are selected in object 'Object Repository/1. Constant/xpath' 

2022-06-20 11:42:59 - [MESSAGE][PASSED] - Delayed 2 second(s)

2022-06-20 11:42:59 - [TEST_STEP][PASSED] - takeScreenshot(): Taking screenshot successfully

2022-06-20 11:43:00 - [MESSAGE][PASSED] - Taking screenshot successfully
[[ATTACHMENT|D:\\Projet Test Auto\\Mediabox Test Automation [Test]\\Reports\\20220620_112818\\z01. Test Suites\\202. TestStarPack Full Lifecycle _Change of Rights_SAS\\20220620_112819\\1655718179827.png]]

2022-06-20 11:43:00 - [TEST_STEP][PASSED] - delay(10): Delayed 10 second(s)

2022-06-20 11:43:10 - [MESSAGE][PASSED] - Delayed 10 second(s)

2022-06-20 11:43:10 - [TEST_STEP][PASSED] - click(findTestObject("HL Full Lifecycle/5 ModifyProjPage_button_Update")): Object: 'Object Repository/HL Full Lifecycle/5 ModifyProjPage_button_Update' is clicked on

2022-06-20 11:43:15 - [MESSAGE][PASSED] - Object: 'Object Repository/HL Full Lifecycle/5 ModifyProjPage_button_Update' is clicked on

2022-06-20 11:43:15 - [TEST_STEP][PASSED] - waitForPageLoad(10): Wait for page load successfully

2022-06-20 11:43:15 - [MESSAGE][PASSED] - Wait for page load successfully

2022-06-20 11:43:15 - [TEST_STEP][PASSED] - delay(5): Delayed 5 second(s)

2022-06-20 11:43:20 - [MESSAGE][PASSED] - Delayed 5 second(s)

2022-06-20 11:43:20 - [TEST_STEP][PASSED] - Project_No = I.ProjectNo(): Current window's url is: 'https://mdb-v3-test.diadeis.com/MediaboxIndependence/Base/ExecAction?IDSession=MBI%21RELTEST_STARPACK%21CCSGV1TZUMS0WI60LGXNW05ZYIE9GSI33LRV1AST&default_action=AfficheFichesProjet&id_project=MI000949'

2022-06-20 11:43:25 - [MESSAGE][PASSED] - Delayed 5 second(s)

2022-06-20 11:43:25 - [MESSAGE][PASSED] - Current window's url is: 'https://mdb-v3-test.diadeis.com/MediaboxIndependence/Base/ExecAction?IDSession=MBI%21RELTEST_STARPACK%21CCSGV1TZUMS0WI60LGXNW05ZYIE9GSI33LRV1AST&default_action=AfficheFichesProjet&id_project=MI000949'

2022-06-20 11:43:25 - [TEST_STEP][PASSED] - click(findTestObject("HL Full Lifecycle/6 ReferenceListPage_createrefbutton")): Object: 'Object Repository/HL Full Lifecycle/6 ReferenceListPage_createrefbutton' is clicked on

2022-06-20 11:43:25 - [MESSAGE][PASSED] - Object: 'Object Repository/HL Full Lifecycle/6 ReferenceListPage_createrefbutton' is clicked on

2022-06-20 11:43:25 - [TEST_STEP][PASSED] - click(findTestObject("HL Full Lifecycle/6 ReferenceListPaga_Create a component_button")): Object: 'Object Repository/HL Full Lifecycle/6 ReferenceListPaga_Create a component_button' is clicked on

2022-06-20 11:43:27 - [MESSAGE][PASSED] - Object: 'Object Repository/HL Full Lifecycle/6 ReferenceListPaga_Create a component_button' is clicked on

2022-06-20 11:43:27 - [TEST_STEP][PASSED] - waitForPageLoad(10): Wait for page load successfully

2022-06-20 11:43:27 - [MESSAGE][PASSED] - Wait for page load successfully

2022-06-20 11:43:27 - [TEST_STEP][PASSED] - takeScreenshot(): Taking screenshot successfully

2022-06-20 11:43:28 - [MESSAGE][PASSED] - Taking screenshot successfully
[[ATTACHMENT|D:\\Projet Test Auto\\Mediabox Test Automation [Test]\\Reports\\20220620_112818\\z01. Test Suites\\202. TestStarPack Full Lifecycle _Change of Rights_SAS\\20220620_112819\\1655718207776.png]]

2022-06-20 11:43:28 - [TEST_STEP][PASSED] - I.SelectFromList_Value("//*[@id="ref_type"]", "6"): Delayed 2 second(s)

2022-06-20 11:43:29 - [MESSAGE][PASSED] - All options with value '6' are selected in object 'Object Repository/1. Constant/xpath' 

2022-06-20 11:43:31 - [MESSAGE][PASSED] - Delayed 2 second(s)

2022-06-20 11:43:31 - [TEST_STEP][PASSED] - click(findTestObject("HL Full Lifecycle/6 ReferencePg_Create a component_bluebutton")): Object: 'Object Repository/HL Full Lifecycle/6 ReferencePg_Create a component_bluebutton' is clicked on

2022-06-20 11:43:39 - [MESSAGE][PASSED] - Object: 'Object Repository/HL Full Lifecycle/6 ReferencePg_Create a component_bluebutton' is clicked on

2022-06-20 11:43:39 - [TEST_STEP][PASSED] - refID = I.RefID(): Current window's url is: 'https://mdb-v3-test.diadeis.com/MediaboxIndependence/Base/ExecAction?IDSession=MBI%21RELTEST_STARPACK%21CCSGV1TZUMS0WI60LGXNW05ZYIE9GSI33LRV1AST&default_action=ModifierRef&id_project=MI000949&id_ref=5904&action_from=create_ref'

2022-06-20 11:43:44 - [MESSAGE][PASSED] - Delayed 5 second(s)

2022-06-20 11:43:44 - [MESSAGE][PASSED] - Current window's url is: 'https://mdb-v3-test.diadeis.com/MediaboxIndependence/Base/ExecAction?IDSession=MBI%21RELTEST_STARPACK%21CCSGV1TZUMS0WI60LGXNW05ZYIE9GSI33LRV1AST&default_action=ModifierRef&id_project=MI000949&id_ref=5904&action_from=create_ref'

2022-06-20 11:43:44 - [TEST_STEP][PASSED] - takeScreenshot(): Taking screenshot successfully

2022-06-20 11:43:45 - [MESSAGE][PASSED] - Taking screenshot successfully
[[ATTACHMENT|D:\\Projet Test Auto\\Mediabox Test Automation [Test]\\Reports\\20220620_112818\\z01. Test Suites\\202. TestStarPack Full Lifecycle _Change of Rights_SAS\\20220620_112819\\1655718224851.png]]

2022-06-20 11:43:45 - [TEST_STEP][PASSED] - sendKeys(findTestObject("1. Constant/01_id_field_id", ["field_id":"var_28"]), "209293"): Keys '209293' sent to object: 'Object Repository/1. Constant/01_id_field_id'

2022-06-20 11:43:45 - [MESSAGE][PASSED] - Keys '209293' sent to object: 'Object Repository/1. Constant/01_id_field_id'

2022-06-20 11:43:45 - [TEST_STEP][PASSED] - sendKeys(findTestObject("1. Constant/01_id_field_id", ["field_id":"var_30"]), "test Submarca"): Keys 'test Submarca' sent to object: 'Object Repository/1. Constant/01_id_field_id'

2022-06-20 11:43:46 - [MESSAGE][PASSED] - Keys 'test Submarca' sent to object: 'Object Repository/1. Constant/01_id_field_id'

2022-06-20 11:43:46 - [TEST_STEP][PASSED] - sendKeys(findTestObject("1. Constant/01_id_field_id", ["field_id":"var_31"]), "test Submarca Vínculo con bulto: test Submarca"): Keys 'test Submarca Vínculo con bulto: test Submarca' sent to object: 'Object Repository/1. Constant/01_id_field_id'

2022-06-20 11:43:46 - [MESSAGE][PASSED] - Keys 'test Submarca Vínculo con bulto: test Submarca' sent to object: 'Object Repository/1. Constant/01_id_field_id'

2022-06-20 11:43:46 - [TEST_STEP][PASSED] - I.SelectFromList_Value("//*[@id="var_38"]", "24"): Delayed 2 second(s)

2022-06-20 11:43:47 - [MESSAGE][PASSED] - All options with value '24' are selected in object 'Object Repository/1. Constant/xpath' 

2022-06-20 11:43:49 - [MESSAGE][PASSED] - Delayed 2 second(s)

2022-06-20 11:43:49 - [TEST_STEP][PASSED] - sendKeys(findTestObject("1. Constant/01_id_field_id", ["field_id":"var_39"]), "8480017155061"): Keys '8480017155061' sent to object: 'Object Repository/1. Constant/01_id_field_id'

2022-06-20 11:43:50 - [MESSAGE][PASSED] - Keys '8480017155061' sent to object: 'Object Repository/1. Constant/01_id_field_id'

2022-06-20 11:43:50 - [TEST_STEP][PASSED] - I.select_multiplelist("//*[@id="selSource_19"]", "//*[@id="btnAdd_19"]", "22"): Delayed 1 second(s)

2022-06-20 11:43:51 - [MESSAGE][PASSED] - Delayed 1 second(s)

2022-06-20 11:43:51 - [MESSAGE][PASSED] - All options with value '22' are selected in object 'Object Repository/1. Constant/xpath' 

2022-06-20 11:43:53 - [MESSAGE][PASSED] - Delayed 2 second(s)

2022-06-20 11:43:53 - [MESSAGE][PASSED] - Object: 'Object Repository/1. Constant/xpath' is clicked on

2022-06-20 11:43:54 - [MESSAGE][PASSED] - Delayed 1 second(s)

2022-06-20 11:43:54 - [TEST_STEP][PASSED] - I.SelectFromList_Value("//*[@id="var_75"]", "26"): Delayed 2 second(s)

2022-06-20 11:43:55 - [MESSAGE][PASSED] - All options with value '26' are selected in object 'Object Repository/1. Constant/xpath' 

2022-06-20 11:43:57 - [MESSAGE][PASSED] - Delayed 2 second(s)

2022-06-20 11:43:57 - [TEST_STEP][PASSED] - click(findTestObject("HL Full Lifecycle/7 ModifyRefPage_button_Save")): Object: 'Object Repository/HL Full Lifecycle/7 ModifyRefPage_button_Save' is clicked on

2022-06-20 11:44:04 - [MESSAGE][PASSED] - Object: 'Object Repository/HL Full Lifecycle/7 ModifyRefPage_button_Save' is clicked on

2022-06-20 11:44:04 - [TEST_STEP][PASSED] - I.Logout(): Delayed 3 second(s)

2022-06-20 11:44:07 - [MESSAGE][PASSED] - Delayed 3 second(s)

2022-06-20 11:44:07 - [MESSAGE][PASSED] - Object: 'Object Repository/1. Constant/xpath' is clicked on

2022-06-20 11:44:10 - [MESSAGE][PASSED] - Delayed 3 second(s)

2022-06-20 11:44:12 - [MESSAGE][PASSED] - Object: 'Object Repository/1. Constant/xpath' is clicked on

2022-06-20 11:44:15 - [MESSAGE][PASSED] - Delayed 3 second(s)

2022-06-20 11:44:15 - [TEST_STEP][PASSED] - I.Login_password("suser", password_suser): Object: 'Object Repository/1. Constant/xpath' is clicked on

2022-06-20 11:44:15 - [MESSAGE][PASSED] - Text 'suser' is set on object 'Object Repository/1. Constant/xpath'

2022-06-20 11:44:16 - [MESSAGE][PASSED] - Delayed 1 second(s)

2022-06-20 11:44:17 - [MESSAGE][PASSED] - Text 'diadeis' is set on object 'Object Repository/1. Constant/xpath'

2022-06-20 11:44:18 - [MESSAGE][PASSED] - Delayed 1 second(s)

2022-06-20 11:44:21 - [MESSAGE][PASSED] - Object: 'Object Repository/1. Constant/xpath' is clicked on

2022-06-20 11:44:21 - [TEST_STEP][PASSED] - takeScreenshot(): Taking screenshot successfully

2022-06-20 11:44:21 - [MESSAGE][PASSED] - Taking screenshot successfully
[[ATTACHMENT|D:\\Projet Test Auto\\Mediabox Test Automation [Test]\\Reports\\20220620_112818\\z01. Test Suites\\202. TestStarPack Full Lifecycle _Change of Rights_SAS\\20220620_112819\\1655718261727.png]]

2022-06-20 11:44:21 - [TEST_STEP][PASSED] - click(findTestObject("1. Constant/02_LHSMenu_Projects")): Object: 'Object Repository/1. Constant/02_LHSMenu_Projects' is clicked on

2022-06-20 11:44:30 - [MESSAGE][PASSED] - Object: 'Object Repository/1. Constant/02_LHSMenu_Projects' is clicked on

2022-06-20 11:44:30 - [TEST_STEP][PASSED] - I.SearchProjectNo(Project_No, findTestObject("HL Full Lifecycle/9 Filter_Button_Apply")): Delayed 5 second(s)

2022-06-20 11:44:30 - [MESSAGE][PASSED] - Text 'MI000949' is set on object 'Object Repository/1. Constant/xpath'

2022-06-20 11:44:33 - [MESSAGE][PASSED] - Delayed 3 second(s)

2022-06-20 11:44:39 - [MESSAGE][PASSED] - Object: 'Object Repository/HL Full Lifecycle/9 Filter_Button_Apply' is clicked on

2022-06-20 11:44:44 - [MESSAGE][PASSED] - Delayed 5 second(s)

2022-06-20 11:44:44 - [TEST_STEP][PASSED] - I.superedit_ref(findTestObject("Object Repository/StarPack - Full Lifecycle (AWIS)/3.02 Suser super edit", ["refID":"source_" + refID]), findTestObject("Object Repository/StarPack - Full Lifecycle (AWIS)/3.03 Suser super edit (option)", ["refID":"source_" + refID])): Object: 'Object Repository/StarPack - Full Lifecycle (AWIS)/3.03 Suser super edit (option)' is clicked on

2022-06-20 11:44:45 - [MESSAGE][PASSED] - Object: 'Object Repository/StarPack - Full Lifecycle (AWIS)/3.02 Suser super edit' is clicked on

2022-06-20 11:44:48 - [MESSAGE][PASSED] - Delayed 3 second(s)

2022-06-20 11:44:51 - [MESSAGE][PASSED] - Object: 'Object Repository/StarPack - Full Lifecycle (AWIS)/3.03 Suser super edit (option)' is clicked on

2022-06-20 11:44:51 - [TEST_STEP][PASSED] - takeScreenshot(): Taking screenshot successfully

2022-06-20 11:44:51 - [MESSAGE][PASSED] - Taking screenshot successfully
[[ATTACHMENT|D:\\Projet Test Auto\\Mediabox Test Automation [Test]\\Reports\\20220620_112818\\z01. Test Suites\\202. TestStarPack Full Lifecycle _Change of Rights_SAS\\20220620_112819\\1655718291284.png]]

2022-06-20 11:44:51 - [TEST_STEP][PASSED] - I.click_button_javascript(findTestObject("Object Repository/StarPack - Full Lifecycle (AWIS)/3.04 Suser select option button(yes)", ["field_ID":"field_var_40"])): Execute JavaScript 'arguments[0].click()' successfully

2022-06-20 11:44:51 - [MESSAGE][PASSED] - Execute JavaScript 'arguments[0].click()' successfully

2022-06-20 11:44:51 - [TEST_STEP][PASSED] - I.click_button_javascript(findTestObject("Object Repository/StarPack - Full Lifecycle (AWIS)/3.04 Suser select option button(yes)", ["field_ID":"field_var_41"])): Execute JavaScript 'arguments[0].click()' successfully

2022-06-20 11:44:52 - [MESSAGE][PASSED] - Execute JavaScript 'arguments[0].click()' successfully

2022-06-20 11:44:52 - [TEST_STEP][PASSED] - I.click_button_javascript(findTestObject("Object Repository/StarPack - Full Lifecycle (AWIS)/3.04 Suser select option button(yes)", ["field_ID":"field_var_42"])): Execute JavaScript 'arguments[0].click()' successfully

2022-06-20 11:44:52 - [MESSAGE][PASSED] - Execute JavaScript 'arguments[0].click()' successfully

2022-06-20 11:44:52 - [TEST_STEP][PASSED] - I.click_button_javascript(findTestObject("Object Repository/StarPack - Full Lifecycle (AWIS)/3.04 Suser select option button(yes)", ["field_ID":"field_var_43"])): Execute JavaScript 'arguments[0].click()' successfully

2022-06-20 11:44:52 - [MESSAGE][PASSED] - Execute JavaScript 'arguments[0].click()' successfully

2022-06-20 11:44:52 - [TEST_STEP][PASSED] - I.click_button_javascript(findTestObject("Object Repository/StarPack - Full Lifecycle (AWIS)/3.04 Suser select option button(No)", ["field_ID":"field_var_44"])): Execute JavaScript 'arguments[0].click()' successfully

2022-06-20 11:44:52 - [MESSAGE][PASSED] - Execute JavaScript 'arguments[0].click()' successfully

2022-06-20 11:44:52 - [TEST_STEP][PASSED] - I.click_button_javascript(findTestObject("Object Repository/StarPack - Full Lifecycle (AWIS)/3.04 Suser select option button(No)", ["field_ID":"field_var_45"])): Execute JavaScript 'arguments[0].click()' successfully

2022-06-20 11:44:52 - [MESSAGE][PASSED] - Execute JavaScript 'arguments[0].click()' successfully

2022-06-20 11:44:52 - [TEST_STEP][PASSED] - I.click_button_javascript(findTestObject("Object Repository/StarPack - Full Lifecycle (AWIS)/3.04 Suser select option button(No)", ["field_ID":"field_var_99"])): Execute JavaScript 'arguments[0].click()' successfully

2022-06-20 11:44:53 - [MESSAGE][PASSED] - Execute JavaScript 'arguments[0].click()' successfully

2022-06-20 11:44:53 - [TEST_STEP][PASSED] - click(findTestObject("Object Repository/StarPack - Full Lifecycle (AWIS)/3.05 Suser saves for super edit ref")): Object: 'Object Repository/StarPack - Full Lifecycle (AWIS)/3.05 Suser saves for super edit ref' is clicked on

2022-06-20 11:44:58 - [MESSAGE][PASSED] - Object: 'Object Repository/StarPack - Full Lifecycle (AWIS)/3.05 Suser saves for super edit ref' is clicked on

2022-06-20 11:44:58 - [TEST_STEP][PASSED] - I.Logout(): Delayed 3 second(s)

2022-06-20 11:45:01 - [MESSAGE][PASSED] - Delayed 3 second(s)

2022-06-20 11:45:02 - [MESSAGE][PASSED] - Object: 'Object Repository/1. Constant/xpath' is clicked on

2022-06-20 11:45:05 - [MESSAGE][PASSED] - Delayed 3 second(s)

2022-06-20 11:45:06 - [MESSAGE][PASSED] - Object: 'Object Repository/1. Constant/xpath' is clicked on

2022-06-20 11:45:09 - [MESSAGE][PASSED] - Delayed 3 second(s)

2022-06-20 11:45:09 - [TEST_STEP][PASSED] - I.Login_password("adelamatanieves", password_adelamatanieves): Object: 'Object Repository/1. Constant/xpath' is clicked on

2022-06-20 11:45:09 - [MESSAGE][PASSED] - Text 'adelamatanieves' is set on object 'Object Repository/1. Constant/xpath'

2022-06-20 11:45:10 - [MESSAGE][PASSED] - Delayed 1 second(s)

2022-06-20 11:45:11 - [MESSAGE][PASSED] - Text 'diadeis' is set on object 'Object Repository/1. Constant/xpath'

2022-06-20 11:45:12 - [MESSAGE][PASSED] - Delayed 1 second(s)

2022-06-20 11:45:15 - [MESSAGE][PASSED] - Object: 'Object Repository/1. Constant/xpath' is clicked on

2022-06-20 11:45:15 - [TEST_STEP][PASSED] - takeScreenshot(): Taking screenshot successfully

2022-06-20 11:45:15 - [MESSAGE][PASSED] - Taking screenshot successfully
[[ATTACHMENT|D:\\Projet Test Auto\\Mediabox Test Automation [Test]\\Reports\\20220620_112818\\z01. Test Suites\\202. TestStarPack Full Lifecycle _Change of Rights_SAS\\20220620_112819\\1655718315222.png]]

2022-06-20 11:45:15 - [TEST_STEP][PASSED] - click(findTestObject("1. Constant/02_LHSMenu_Projects")): Object: 'Object Repository/1. Constant/02_LHSMenu_Projects' is clicked on

2022-06-20 11:45:19 - [MESSAGE][PASSED] - Object: 'Object Repository/1. Constant/02_LHSMenu_Projects' is clicked on

2022-06-20 11:45:19 - [TEST_STEP][PASSED] - I.SearchProjectNo(Project_No, findTestObject("HL Full Lifecycle/9 Filter_Button_Apply")): Delayed 5 second(s)

2022-06-20 11:45:22 - [MESSAGE][PASSED] - Text 'MI000949' is set on object 'Object Repository/1. Constant/xpath'

2022-06-20 11:45:26 - [MESSAGE][PASSED] - Delayed 3 second(s)

2022-06-20 11:45:32 - [MESSAGE][PASSED] - Object: 'Object Repository/HL Full Lifecycle/9 Filter_Button_Apply' is clicked on

2022-06-20 11:45:37 - [MESSAGE][PASSED] - Delayed 5 second(s)

2022-06-20 11:45:37 - [TEST_STEP][PASSED] - click(findTestObject("1. Constant/xpath", ["xpath":"/html/body/div[1]/div[2]/div[4]/div[3]/div/div[2]/div[2]/div[1]/table/tbody/tr[2]/td[10]/a[3]"])): Object: 'Object Repository/1. Constant/xpath' is clicked on

2022-06-20 11:45:43 - [MESSAGE][PASSED] - Object: 'Object Repository/1. Constant/xpath' is clicked on

2022-06-20 11:45:43 - [TEST_STEP][PASSED] - click(findTestObject("Object Repository/StarPack - Full Lifecycle (AWIS)/2.031 RefPg_AnnaSubmit", ["id":"1"])): Object: 'Object Repository/StarPack - Full Lifecycle (AWIS)/2.031 RefPg_AnnaSubmit' is clicked on

2022-06-20 11:45:52 - [MESSAGE][PASSED] - Object: 'Object Repository/StarPack - Full Lifecycle (AWIS)/2.031 RefPg_AnnaSubmit' is clicked on

2022-06-20 11:45:52 - [TEST_STEP][PASSED] - click(findTestObject("Object Repository/StarPack - Full Lifecycle (AWIS)/2.03 Block anna")): Object: 'Object Repository/StarPack - Full Lifecycle (AWIS)/2.03 Block anna' is clicked on

2022-06-20 11:45:57 - [MESSAGE][PASSED] - Object: 'Object Repository/StarPack - Full Lifecycle (AWIS)/2.03 Block anna' is clicked on

2022-06-20 11:45:57 - [TEST_STEP][PASSED] - I.click_button_javascript(findTestObject("Object Repository/StarPack - Full Lifecycle (AWIS)/2.04 Field yes_No (Auto Daughter ref)", ["id":"1"])): Execute JavaScript 'arguments[0].click()' successfully

2022-06-20 11:45:57 - [MESSAGE][PASSED] - Execute JavaScript 'arguments[0].click()' successfully

2022-06-20 11:45:57 - [TEST_STEP][PASSED] - I.click_button_javascript(findTestObject("Object Repository/StarPack - Full Lifecycle (AWIS)/2.04 Field yes_No (Auto Daughter ref)", ["id":"2"])): Execute JavaScript 'arguments[0].click()' successfully

2022-06-20 11:45:58 - [MESSAGE][PASSED] - Execute JavaScript 'arguments[0].click()' successfully

2022-06-20 11:45:58 - [TEST_STEP][PASSED] - I.click_button_javascript(findTestObject("Object Repository/StarPack - Full Lifecycle (AWIS)/2.04 Field yes_No (Auto Daughter ref)", ["id":"3"])): Execute JavaScript 'arguments[0].click()' successfully

2022-06-20 11:45:59 - [MESSAGE][PASSED] - Execute JavaScript 'arguments[0].click()' successfully

2022-06-20 11:45:59 - [TEST_STEP][PASSED] - I.Pagedown(): Execute JavaScript 'window.scrollTo(0, document.body.scrollHeight)' successfully

2022-06-20 11:45:59 - [MESSAGE][PASSED] - Execute JavaScript 'window.scrollTo(0, document.body.scrollHeight)' successfully

2022-06-20 11:45:59 - [TEST_STEP][PASSED] - click(findTestObject("Object Repository/StarPack - Full Lifecycle (AWIS)/2.05 RefPg_submit")): Object: 'Object Repository/StarPack - Full Lifecycle (AWIS)/2.05 RefPg_submit' is clicked on

2022-06-20 11:46:13 - [MESSAGE][PASSED] - Object: 'Object Repository/StarPack - Full Lifecycle (AWIS)/2.05 RefPg_submit' is clicked on

2022-06-20 11:46:13 - [TEST_STEP][PASSED] - delay(2): Delayed 2 second(s)

2022-06-20 11:46:15 - [MESSAGE][PASSED] - Delayed 2 second(s)

2022-06-20 11:46:15 - [TEST_STEP][PASSED] - takeScreenshot(): Taking screenshot successfully

2022-06-20 11:46:16 - [MESSAGE][PASSED] - Taking screenshot successfully
[[ATTACHMENT|D:\\Projet Test Auto\\Mediabox Test Automation [Test]\\Reports\\20220620_112818\\z01. Test Suites\\202. TestStarPack Full Lifecycle _Change of Rights_SAS\\20220620_112819\\1655718376035.png]]

2022-06-20 11:46:16 - [TEST_STEP][PASSED] - I.Logout(): Delayed 3 second(s)

2022-06-20 11:46:19 - [MESSAGE][PASSED] - Delayed 3 second(s)

2022-06-20 11:46:21 - [MESSAGE][PASSED] - Object: 'Object Repository/1. Constant/xpath' is clicked on

2022-06-20 11:46:24 - [MESSAGE][PASSED] - Delayed 3 second(s)

2022-06-20 11:46:25 - [MESSAGE][PASSED] - Object: 'Object Repository/1. Constant/xpath' is clicked on

2022-06-20 11:46:28 - [MESSAGE][PASSED] - Delayed 3 second(s)

2022-06-20 11:46:28 - [TEST_STEP][PASSED] - refID_PTS = Integer.parseInt(refID) + 1: null

2022-06-20 11:46:28 - [TEST_STEP][PASSED] - refID_PS = Integer.parseInt(refID) + 2: null

2022-06-20 11:46:28 - [TEST_STEP][PASSED] - refID_TD = Integer.parseInt(refID) + 3: null

2022-06-20 11:46:28 - [TEST_STEP][PASSED] - I.writenotepad("D:\Upoad_File\zTest_Auto\Test_Projet_ Login\StarPack\202.01 StarPack _Project_No\202.01_StarPack_ProjectNo.txt", Project_No): null

2022-06-20 11:46:28 - [TEST_STEP][PASSED] - I.writenotepad("D:\Upoad_File\zTest_Auto\Test_Projet_ Login\StarPack\202.01 StarPack _Project_No\202.01_StarPack_refID.txt", refID): null

2022-06-20 11:46:28 - [TEST_STEP][PASSED] - I.writenotepad("D:\Upoad_File\zTest_Auto\Test_Projet_ Login\StarPack\202.01 StarPack _Project_No\202.01_StarPack_refID_PS.txt", refID_PS): null

2022-06-20 11:46:28 - [TEST_STEP][PASSED] - I.writenotepad("D:\Upoad_File\zTest_Auto\Test_Projet_ Login\StarPack\202.01 StarPack _Project_No\202.01_StarPack_refID_PTS.txt", refID_PTS): null

2022-06-20 11:46:28 - [TEST_STEP][PASSED] - I.writenotepad("D:\Upoad_File\zTest_Auto\Test_Projet_ Login\StarPack\202.01 StarPack _Project_No\202.01_StarPack_refID_TD.txt", refID_TD): null

2022-06-20 11:46:28 - [TEST_STEP][PASSED] - I.Login_password("suser", password_suser): Object: 'Object Repository/1. Constant/xpath' is clicked on

2022-06-20 11:46:29 - [MESSAGE][PASSED] - Text 'suser' is set on object 'Object Repository/1. Constant/xpath'

2022-06-20 11:46:30 - [MESSAGE][PASSED] - Delayed 1 second(s)

2022-06-20 11:46:31 - [MESSAGE][PASSED] - Text 'diadeis' is set on object 'Object Repository/1. Constant/xpath'

2022-06-20 11:46:32 - [MESSAGE][PASSED] - Delayed 1 second(s)

2022-06-20 11:46:34 - [MESSAGE][PASSED] - Object: 'Object Repository/1. Constant/xpath' is clicked on

2022-06-20 11:46:34 - [TEST_STEP][PASSED] - takeScreenshot(): Taking screenshot successfully

2022-06-20 11:46:35 - [MESSAGE][PASSED] - Taking screenshot successfully
[[ATTACHMENT|D:\\Projet Test Auto\\Mediabox Test Automation [Test]\\Reports\\20220620_112818\\z01. Test Suites\\202. TestStarPack Full Lifecycle _Change of Rights_SAS\\20220620_112819\\1655718394752.png]]

2022-06-20 11:46:35 - [TEST_STEP][PASSED] - click(findTestObject("1. Constant/02_LHSMenu_Projects")): Object: 'Object Repository/1. Constant/02_LHSMenu_Projects' is clicked on

2022-06-20 11:46:43 - [MESSAGE][PASSED] - Object: 'Object Repository/1. Constant/02_LHSMenu_Projects' is clicked on

2022-06-20 11:46:43 - [TEST_STEP][PASSED] - I.SearchProjectNo(Project_No, findTestObject("HL Full Lifecycle/9 Filter_Button_Apply")): Delayed 5 second(s)

2022-06-20 11:46:43 - [MESSAGE][PASSED] - Text 'MI000949' is set on object 'Object Repository/1. Constant/xpath'

2022-06-20 11:46:46 - [MESSAGE][PASSED] - Delayed 3 second(s)

2022-06-20 11:46:56 - [MESSAGE][PASSED] - Object: 'Object Repository/HL Full Lifecycle/9 Filter_Button_Apply' is clicked on

2022-06-20 11:47:01 - [MESSAGE][PASSED] - Delayed 5 second(s)

2022-06-20 11:47:01 - [TEST_STEP][PASSED] - takeScreenshot(): Taking screenshot successfully

2022-06-20 11:47:01 - [MESSAGE][PASSED] - Taking screenshot successfully
[[ATTACHMENT|D:\\Projet Test Auto\\Mediabox Test Automation [Test]\\Reports\\20220620_112818\\z01. Test Suites\\202. TestStarPack Full Lifecycle _Change of Rights_SAS\\20220620_112819\\1655718421498.png]]

2022-06-20 11:47:01 - [TEST_STEP][PASSED] - I.verifyDaughterrefCreated(findTestObject("Object Repository/StarPack - Full Lifecycle (AWIS)/3.01 Suser Ref Daughter verification", ["refID_PTS":"source_" + refID_PTS]), "PTS", log): Text of object 'Object Repository/StarPack - Full Lifecycle (AWIS)/3.01 Suser Ref Daughter verification' is: 'PTS'

2022-06-20 11:47:02 - [MESSAGE][PASSED] - Text of object 'Object Repository/StarPack - Full Lifecycle (AWIS)/3.01 Suser Ref Daughter verification' is: 'PTS'

2022-06-20 11:47:02 - [TEST_STEP][PASSED] - I.verifyDaughterrefCreated(findTestObject("Object Repository/StarPack - Full Lifecycle (AWIS)/3.01 Suser Ref Daughter verification", ["refID_PTS":"source_" + refID_PS]), "Product Sample", log): Text of object 'Object Repository/StarPack - Full Lifecycle (AWIS)/3.01 Suser Ref Daughter verification' is: 'Product Sample'

2022-06-20 11:47:02 - [MESSAGE][PASSED] - Text of object 'Object Repository/StarPack - Full Lifecycle (AWIS)/3.01 Suser Ref Daughter verification' is: 'Product Sample'

2022-06-20 11:47:02 - [TEST_STEP][PASSED] - I.verifyDaughterrefCreated(findTestObject("Object Repository/StarPack - Full Lifecycle (AWIS)/3.01 Suser Ref Daughter verification", ["refID_PTS":"source_" + refID_TD]), "Technical Drawing", log): Text of object 'Object Repository/StarPack - Full Lifecycle (AWIS)/3.01 Suser Ref Daughter verification' is: 'Technical Drawing'

2022-06-20 11:47:02 - [MESSAGE][PASSED] - Text of object 'Object Repository/StarPack - Full Lifecycle (AWIS)/3.01 Suser Ref Daughter verification' is: 'Technical Drawing'

2022-06-20 11:47:02 - [TEST_STEP][PASSED] - I.Logout(): Delayed 3 second(s)

2022-06-20 11:47:05 - [MESSAGE][PASSED] - Delayed 3 second(s)

2022-06-20 11:47:09 - [MESSAGE][PASSED] - Object: 'Object Repository/1. Constant/xpath' is clicked on

2022-06-20 11:47:12 - [MESSAGE][PASSED] - Delayed 3 second(s)

2022-06-20 11:47:14 - [MESSAGE][PASSED] - Object: 'Object Repository/1. Constant/xpath' is clicked on

2022-06-20 11:47:17 - [MESSAGE][PASSED] - Delayed 3 second(s)

2022-06-20 11:47:17 - [TEST_STEP][PASSED] - I.Login_password("aherms", password_aherms): Object: 'Object Repository/1. Constant/xpath' is clicked on

2022-06-20 11:47:20 - [MESSAGE][PASSED] - Text 'aherms' is set on object 'Object Repository/1. Constant/xpath'

2022-06-20 11:47:21 - [MESSAGE][PASSED] - Delayed 1 second(s)

2022-06-20 11:47:28 - [MESSAGE][PASSED] - Text 'diadeis' is set on object 'Object Repository/1. Constant/xpath'

2022-06-20 11:47:29 - [MESSAGE][PASSED] - Delayed 1 second(s)

2022-06-20 11:47:39 - [MESSAGE][PASSED] - Object: 'Object Repository/1. Constant/xpath' is clicked on

2022-06-20 11:47:39 - [TEST_STEP][PASSED] - takeScreenshot(): Taking screenshot successfully

2022-06-20 11:47:40 - [MESSAGE][PASSED] - Taking screenshot successfully
[[ATTACHMENT|D:\\Projet Test Auto\\Mediabox Test Automation [Test]\\Reports\\20220620_112818\\z01. Test Suites\\202. TestStarPack Full Lifecycle _Change of Rights_SAS\\20220620_112819\\1655718459854.png]]

2022-06-20 11:47:40 - [TEST_STEP][PASSED] - click(findTestObject("1. Constant/02_LHSMenu_Projects")): Object: 'Object Repository/1. Constant/02_LHSMenu_Projects' is clicked on

2022-06-20 11:47:53 - [MESSAGE][PASSED] - Object: 'Object Repository/1. Constant/02_LHSMenu_Projects' is clicked on

2022-06-20 11:47:53 - [TEST_STEP][PASSED] - I.SearchProjectNo(Project_No, findTestObject("HL Full Lifecycle/9 Filter_Button_Apply")): Delayed 5 second(s)

2022-06-20 11:47:53 - [MESSAGE][PASSED] - Text 'MI000949' is set on object 'Object Repository/1. Constant/xpath'

2022-06-20 11:47:56 - [MESSAGE][PASSED] - Delayed 3 second(s)

2022-06-20 11:48:01 - [MESSAGE][PASSED] - Object: 'Object Repository/HL Full Lifecycle/9 Filter_Button_Apply' is clicked on

2022-06-20 11:48:06 - [MESSAGE][PASSED] - Delayed 5 second(s)

2022-06-20 11:48:06 - [TEST_STEP][PASSED] - click(findTestObject("Object Repository/StarPack - Full Lifecycle (AWIS)/4.01 Supplier proceed to next phase(PTS)", ["field_id":"ancre_" + refID_TD])): Object: 'Object Repository/StarPack - Full Lifecycle (AWIS)/4.01 Supplier proceed to next phase(PTS)' is clicked on

2022-06-20 11:48:10 - [MESSAGE][PASSED] - Object: 'Object Repository/StarPack - Full Lifecycle (AWIS)/4.01 Supplier proceed to next phase(PTS)' is clicked on

2022-06-20 11:48:10 - [TEST_STEP][PASSED] - takeScreenshot(): Taking screenshot successfully

2022-06-20 11:48:10 - [MESSAGE][PASSED] - Taking screenshot successfully
[[ATTACHMENT|D:\\Projet Test Auto\\Mediabox Test Automation [Test]\\Reports\\20220620_112818\\z01. Test Suites\\202. TestStarPack Full Lifecycle _Change of Rights_SAS\\20220620_112819\\1655718490594.png]]

2022-06-20 11:48:10 - [TEST_STEP][PASSED] - I.UploadDoc_sendkey_field("//*[@id="var_77"]", "D:\Upoad_File\Upload doc\testdata1.pdf", "testdata1"): Text 'testdata1' is present on page 

2022-06-20 11:48:12 - [MESSAGE][PASSED] - Delayed 2 second(s)

2022-06-20 11:48:13 - [MESSAGE][PASSED] - Keys 'D:\Upoad_File\Upload doc\testdata1.pdf' sent to object: 'Object Repository/1. Constant/xpath'

2022-06-20 11:48:14 - [MESSAGE][PASSED] - Text 'testdata1' is present on page 

2022-06-20 11:48:14 - [TEST_STEP][PASSED] - setText(findTestObject("1. Constant/01_id_field_id", ["field_id":"var_46"]), "Datos de contacto del proveedor - Text Field"): Text 'Datos de contacto del proveedor - Text Field' is set on object 'Object Repository/1. Constant/01_id_field_id'

2022-06-20 11:48:15 - [MESSAGE][PASSED] - Text 'Datos de contacto del proveedor - Text Field' is set on object 'Object Repository/1. Constant/01_id_field_id'

2022-06-20 11:48:15 - [TEST_STEP][PASSED] - I.Pagedown(): Execute JavaScript 'window.scrollTo(0, document.body.scrollHeight)' successfully

2022-06-20 11:48:15 - [MESSAGE][PASSED] - Execute JavaScript 'window.scrollTo(0, document.body.scrollHeight)' successfully

2022-06-20 11:48:15 - [TEST_STEP][PASSED] - click(findTestObject("1. Constant/xpath", ["xpath":"//*[@id="ModifFiche"]/div[3]/div/button[2]"])): Object: 'Object Repository/1. Constant/xpath' is clicked on

2022-06-20 11:48:25 - [MESSAGE][PASSED] - Object: 'Object Repository/1. Constant/xpath' is clicked on

2022-06-20 11:48:25 - [TEST_STEP][PASSED] - takeScreenshot(): Taking screenshot successfully

2022-06-20 11:48:25 - [MESSAGE][PASSED] - Taking screenshot successfully
[[ATTACHMENT|D:\\Projet Test Auto\\Mediabox Test Automation [Test]\\Reports\\20220620_112818\\z01. Test Suites\\202. TestStarPack Full Lifecycle _Change of Rights_SAS\\20220620_112819\\1655718505326.png]]

2022-06-20 11:48:25 - [TEST_STEP][PASSED] - click(findTestObject("Object Repository/StarPack - Full Lifecycle (AWIS)/4.012 Supploer proceed to next phase (PS)", ["refID":"source_" + refID_PS])): Object: 'Object Repository/StarPack - Full Lifecycle (AWIS)/4.012 Supploer proceed to next phase (PS)' is clicked on

2022-06-20 11:48:28 - [MESSAGE][PASSED] - Object: 'Object Repository/StarPack - Full Lifecycle (AWIS)/4.012 Supploer proceed to next phase (PS)' is clicked on

2022-06-20 11:48:28 - [TEST_STEP][PASSED] - takeScreenshot(): Taking screenshot successfully

2022-06-20 11:48:28 - [MESSAGE][PASSED] - Taking screenshot successfully
[[ATTACHMENT|D:\\Projet Test Auto\\Mediabox Test Automation [Test]\\Reports\\20220620_112818\\z01. Test Suites\\202. TestStarPack Full Lifecycle _Change of Rights_SAS\\20220620_112819\\1655718508377.png]]

2022-06-20 11:48:28 - [TEST_STEP][PASSED] - setText(findTestObject("1. Constant/01_id_field_id", ["field_id":"var_24"]), "Número de seguimiento del envío de la muestra de producto- Text Field"): Text 'Número de seguimiento del envío de la muestra de producto- Text Field' is set on object 'Object Repository/1. Constant/01_id_field_id'

2022-06-20 11:48:29 - [MESSAGE][PASSED] - Text 'Número de seguimiento del envío de la muestra de producto- Text Field' is set on object 'Object Repository/1. Constant/01_id_field_id'

2022-06-20 11:48:29 - [TEST_STEP][PASSED] - click(findTestObject("1. Constant/xpath", ["xpath":"//*[@id="ModifFiche"]/div[3]/div/button[2]"])): Object: 'Object Repository/1. Constant/xpath' is clicked on

2022-06-20 11:48:38 - [MESSAGE][PASSED] - Object: 'Object Repository/1. Constant/xpath' is clicked on

2022-06-20 11:48:38 - [TEST_STEP][PASSED] - takeScreenshot(): Taking screenshot successfully

2022-06-20 11:48:38 - [MESSAGE][PASSED] - Taking screenshot successfully
[[ATTACHMENT|D:\\Projet Test Auto\\Mediabox Test Automation [Test]\\Reports\\20220620_112818\\z01. Test Suites\\202. TestStarPack Full Lifecycle _Change of Rights_SAS\\20220620_112819\\1655718518419.png]]

2022-06-20 11:48:38 - [TEST_STEP][PASSED] - delay(1): Delayed 1 second(s)

2022-06-20 11:48:39 - [MESSAGE][PASSED] - Delayed 1 second(s)

2022-06-20 11:48:39 - [TEST_STEP][PASSED] - click(findTestObject("1. Constant/xpath", ["xpath":"/html/body/div[1]/div[2]/div[4]/div[3]/div/div[2]/div[2]/div[1]/table/tbody/tr[1]/td[4]/a[2]"])): Object: 'Object Repository/1. Constant/xpath' is clicked on

2022-06-20 11:48:41 - [MESSAGE][PASSED] - Object: 'Object Repository/1. Constant/xpath' is clicked on

2022-06-20 11:48:41 - [TEST_STEP][PASSED] - delay(1): Delayed 1 second(s)

2022-06-20 11:48:42 - [MESSAGE][PASSED] - Delayed 1 second(s)

2022-06-20 11:48:42 - [TEST_STEP][PASSED] - verifyElementNotVisible(findTestObject("1. Constant/xpath", ["xpath":"/html/body/div[1]/div[2]/div[4]/div[3]/div/div[2]/div[2]/div[1]/table/tbody/tr[2]/td[4]/a"]), STOP_ON_FAILURE): Object 'Object Repository/1. Constant/xpath' is NOT visible

2022-06-20 11:48:42 - [MESSAGE][PASSED] - Object 'Object Repository/1. Constant/xpath' is NOT visible

2022-06-20 11:48:42 - [TEST_STEP][PASSED] - verifyElementNotVisible(findTestObject("1. Constant/xpath", ["xpath":"/html/body/div[1]/div[2]/div[4]/div[3]/div/div[2]/div[2]/div[1]/table/tbody/tr[3]/td[4]/a"]), STOP_ON_FAILURE): Object 'Object Repository/1. Constant/xpath' is NOT visible

2022-06-20 11:48:43 - [MESSAGE][PASSED] - Object 'Object Repository/1. Constant/xpath' is NOT visible

2022-06-20 11:48:43 - [TEST_STEP][PASSED] - verifyElementNotVisible(findTestObject("1. Constant/xpath", ["xpath":"/html/body/div[1]/div[2]/div[4]/div[3]/div/div[2]/div[2]/div[1]/table/tbody/tr[4]/td[4]/a"]), STOP_ON_FAILURE): Object 'Object Repository/1. Constant/xpath' is NOT visible

2022-06-20 11:48:43 - [MESSAGE][PASSED] - Object 'Object Repository/1. Constant/xpath' is NOT visible

2022-06-20 11:48:43 - [TEST_STEP][PASSED] - takeScreenshot(): Taking screenshot successfully

2022-06-20 11:48:44 - [MESSAGE][PASSED] - Taking screenshot successfully
[[ATTACHMENT|D:\\Projet Test Auto\\Mediabox Test Automation [Test]\\Reports\\20220620_112818\\z01. Test Suites\\202. TestStarPack Full Lifecycle _Change of Rights_SAS\\20220620_112819\\1655718523759.png]]

2022-06-20 11:48:44 - [TEST_STEP][PASSED] - click(findTestObject("1. Constant/xpath", ["xpath":"/html/body/div[1]/div[2]/div[4]/div[3]/div/div[2]/div[2]/div[1]/table/tbody/tr[1]/td[4]/a[2]"])): Object: 'Object Repository/1. Constant/xpath' is clicked on

2022-06-20 11:48:44 - [MESSAGE][PASSED] - Object: 'Object Repository/1. Constant/xpath' is clicked on

2022-06-20 11:48:44 - [TEST_STEP][PASSED] - delay(1): Delayed 1 second(s)

2022-06-20 11:48:45 - [MESSAGE][PASSED] - Delayed 1 second(s)

2022-06-20 11:48:45 - [TEST_STEP][PASSED] - verifyElementVisible(findTestObject("1. Constant/xpath", ["xpath":"/html/body/div[1]/div[2]/div[4]/div[3]/div/div[2]/div[2]/div[1]/table/tbody/tr[2]/td[4]/a"]), STOP_ON_FAILURE): Object 'Object Repository/1. Constant/xpath' is visible

2022-06-20 11:48:45 - [MESSAGE][PASSED] - Object 'Object Repository/1. Constant/xpath' is visible

2022-06-20 11:48:45 - [TEST_STEP][PASSED] - verifyElementVisible(findTestObject("1. Constant/xpath", ["xpath":"/html/body/div[1]/div[2]/div[4]/div[3]/div/div[2]/div[2]/div[1]/table/tbody/tr[3]/td[4]/a"]), STOP_ON_FAILURE): Object 'Object Repository/1. Constant/xpath' is visible

2022-06-20 11:48:46 - [MESSAGE][PASSED] - Object 'Object Repository/1. Constant/xpath' is visible

2022-06-20 11:48:46 - [TEST_STEP][PASSED] - verifyElementVisible(findTestObject("1. Constant/xpath", ["xpath":"/html/body/div[1]/div[2]/div[4]/div[3]/div/div[2]/div[2]/div[1]/table/tbody/tr[4]/td[4]/a"]), STOP_ON_FAILURE): Object 'Object Repository/1. Constant/xpath' is visible

2022-06-20 11:48:46 - [MESSAGE][PASSED] - Object 'Object Repository/1. Constant/xpath' is visible

2022-06-20 11:48:46 - [TEST_STEP][PASSED] - takeScreenshot(): Taking screenshot successfully

2022-06-20 11:48:46 - [MESSAGE][PASSED] - Taking screenshot successfully
[[ATTACHMENT|D:\\Projet Test Auto\\Mediabox Test Automation [Test]\\Reports\\20220620_112818\\z01. Test Suites\\202. TestStarPack Full Lifecycle _Change of Rights_SAS\\20220620_112819\\1655718526259.png]]

2022-06-20 11:48:46 - [TEST_STEP][PASSED] - delay(1): Delayed 1 second(s)

2022-06-20 11:48:47 - [MESSAGE][PASSED] - Delayed 1 second(s)

2022-06-20 11:48:47 - [TEST_STEP][PASSED] - click(findTestObject("1. Constant/xpath", ["xpath":"//*[@id="all_a"]"])): Object: 'Object Repository/1. Constant/xpath' is clicked on

2022-06-20 11:48:48 - [MESSAGE][PASSED] - Object: 'Object Repository/1. Constant/xpath' is clicked on

2022-06-20 11:48:48 - [TEST_STEP][PASSED] - delay(1): Delayed 1 second(s)

2022-06-20 11:48:49 - [MESSAGE][PASSED] - Delayed 1 second(s)

2022-06-20 11:48:49 - [TEST_STEP][PASSED] - verifyElementVisible(findTestObject("1. Constant/xpath", ["xpath":"/html/body/div[1]/div[2]/div[4]/div[3]/div/div[2]/div[2]/div[1]/table/tbody/tr[1]/td[4]/a[1]"]), STOP_ON_FAILURE): Object 'Object Repository/1. Constant/xpath' is visible

2022-06-20 11:48:49 - [MESSAGE][PASSED] - Object 'Object Repository/1. Constant/xpath' is visible

2022-06-20 11:48:49 - [TEST_STEP][PASSED] - verifyElementNotVisible(findTestObject("1. Constant/xpath", ["xpath":"/html/body/div[1]/div[2]/div[4]/div[3]/div/div[2]/div[2]/div[1]/table/tbody/tr[2]/td[4]/a"]), STOP_ON_FAILURE): Object 'Object Repository/1. Constant/xpath' is NOT visible

2022-06-20 11:48:50 - [MESSAGE][PASSED] - Object 'Object Repository/1. Constant/xpath' is NOT visible

2022-06-20 11:48:50 - [TEST_STEP][PASSED] - verifyElementNotVisible(findTestObject("1. Constant/xpath", ["xpath":"/html/body/div[1]/div[2]/div[4]/div[3]/div/div[2]/div[2]/div[1]/table/tbody/tr[3]/td[4]/a"]), STOP_ON_FAILURE): Object 'Object Repository/1. Constant/xpath' is NOT visible

2022-06-20 11:48:50 - [MESSAGE][PASSED] - Object 'Object Repository/1. Constant/xpath' is NOT visible

2022-06-20 11:48:50 - [TEST_STEP][PASSED] - verifyElementNotVisible(findTestObject("1. Constant/xpath", ["xpath":"/html/body/div[1]/div[2]/div[4]/div[3]/div/div[2]/div[2]/div[1]/table/tbody/tr[4]/td[4]/a"]), STOP_ON_FAILURE): Object 'Object Repository/1. Constant/xpath' is NOT visible

2022-06-20 11:48:51 - [MESSAGE][PASSED] - Object 'Object Repository/1. Constant/xpath' is NOT visible

2022-06-20 11:48:51 - [TEST_STEP][PASSED] - takeScreenshot(): Taking screenshot successfully

2022-06-20 11:48:51 - [MESSAGE][PASSED] - Taking screenshot successfully
[[ATTACHMENT|D:\\Projet Test Auto\\Mediabox Test Automation [Test]\\Reports\\20220620_112818\\z01. Test Suites\\202. TestStarPack Full Lifecycle _Change of Rights_SAS\\20220620_112819\\1655718531298.png]]

2022-06-20 11:48:51 - [TEST_STEP][PASSED] - click(findTestObject("1. Constant/xpath", ["xpath":"//*[@id="all_a"]"])): Object: 'Object Repository/1. Constant/xpath' is clicked on

2022-06-20 11:48:52 - [MESSAGE][PASSED] - Object: 'Object Repository/1. Constant/xpath' is clicked on

2022-06-20 11:48:52 - [TEST_STEP][PASSED] - delay(1): Delayed 1 second(s)

2022-06-20 11:48:53 - [MESSAGE][PASSED] - Delayed 1 second(s)

2022-06-20 11:48:53 - [TEST_STEP][PASSED] - verifyElementVisible(findTestObject("1. Constant/xpath", ["xpath":"/html/body/div[1]/div[2]/div[4]/div[3]/div/div[2]/div[2]/div[1]/table/tbody/tr[1]/td[4]/a[1]"]), STOP_ON_FAILURE): Object 'Object Repository/1. Constant/xpath' is visible

2022-06-20 11:48:54 - [MESSAGE][PASSED] - Object 'Object Repository/1. Constant/xpath' is visible

2022-06-20 11:48:54 - [TEST_STEP][PASSED] - verifyElementVisible(findTestObject("1. Constant/xpath", ["xpath":"/html/body/div[1]/div[2]/div[4]/div[3]/div/div[2]/div[2]/div[1]/table/tbody/tr[2]/td[4]/a"]), STOP_ON_FAILURE): Object 'Object Repository/1. Constant/xpath' is visible

2022-06-20 11:48:54 - [MESSAGE][PASSED] - Object 'Object Repository/1. Constant/xpath' is visible

2022-06-20 11:48:54 - [TEST_STEP][PASSED] - verifyElementVisible(findTestObject("1. Constant/xpath", ["xpath":"/html/body/div[1]/div[2]/div[4]/div[3]/div/div[2]/div[2]/div[1]/table/tbody/tr[3]/td[4]/a"]), STOP_ON_FAILURE): Object 'Object Repository/1. Constant/xpath' is visible

2022-06-20 11:48:55 - [MESSAGE][PASSED] - Object 'Object Repository/1. Constant/xpath' is visible

2022-06-20 11:48:55 - [TEST_STEP][PASSED] - verifyElementVisible(findTestObject("1. Constant/xpath", ["xpath":"/html/body/div[1]/div[2]/div[4]/div[3]/div/div[2]/div[2]/div[1]/table/tbody/tr[4]/td[4]/a"]), STOP_ON_FAILURE): Object 'Object Repository/1. Constant/xpath' is visible

2022-06-20 11:48:55 - [MESSAGE][PASSED] - Object 'Object Repository/1. Constant/xpath' is visible

2022-06-20 11:48:55 - [TEST_STEP][PASSED] - color1 = getCSSValue(findTestObject("Object Repository/StarPack - Full Lifecycle (AWIS)/4.012 Supploer proceed to next phase (PS)", ["refID":"source_" + refID_TD]), "color", OPTIONAL): Get CSS 'color' value on 'Object Repository/StarPack - Full Lifecycle (AWIS)/4.012 Supploer proceed to next phase (PS)' successfully: 'rgba(255, 255, 255, 1)'.

2022-06-20 11:48:57 - [MESSAGE][PASSED] - Get CSS 'color' value on 'Object Repository/StarPack - Full Lifecycle (AWIS)/4.012 Supploer proceed to next phase (PS)' successfully: 'rgba(255, 255, 255, 1)'.

2022-06-20 11:48:57 - [TEST_STEP][PASSED] - while (color1 == "rgba(255, 255, 255, 1)"): null

2022-06-20 11:48:57 - [TEST_STEP][PASSED] - click(findTestObject("Object Repository/StarPack - Full Lifecycle (AWIS)/4.012 Supploer proceed to next phase (PS)", ["refID":"source_" + refID_TD])): Object: 'Object Repository/StarPack - Full Lifecycle (AWIS)/4.012 Supploer proceed to next phase (PS)' is clicked on

2022-06-20 11:48:59 - [MESSAGE][PASSED] - Object: 'Object Repository/StarPack - Full Lifecycle (AWIS)/4.012 Supploer proceed to next phase (PS)' is clicked on

2022-06-20 11:48:59 - [TEST_STEP][PASSED] - takeScreenshot(): Taking screenshot successfully

2022-06-20 11:49:00 - [MESSAGE][PASSED] - Taking screenshot successfully
[[ATTACHMENT|D:\\Projet Test Auto\\Mediabox Test Automation [Test]\\Reports\\20220620_112818\\z01. Test Suites\\202. TestStarPack Full Lifecycle _Change of Rights_SAS\\20220620_112819\\1655718539773.png]]

2022-06-20 11:49:00 - [TEST_STEP][PASSED] - I.UploadDoc_sendkey_Prod(findTestObject("1. Constant/xpath", ["xpath":"//*[@id="kt_body"]/input[2]"]), "D:\Upoad_File\Upload doc\testdataaddition1.jpg", "testdataaddition1.jpg"): Delayed 5 second(s)

2022-06-20 11:49:00 - [MESSAGE][PASSED] - Scroll to object 'Object Repository/1. Constant/xpath' successfully

2022-06-20 11:49:05 - [MESSAGE][PASSED] - Delayed 5 second(s)

2022-06-20 11:49:05 - [MESSAGE][PASSED] - File 'D:\Upoad_File\Upload doc\testdataaddition1.jpg' sent to object: 'Object Repository/1. Constant/xpath'

2022-06-20 11:49:10 - [MESSAGE][PASSED] - Delayed 5 second(s)

2022-06-20 11:49:11 - [MESSAGE][PASSED] - Text 'testdataaddition1.jpg' is present on page 

2022-06-20 11:49:16 - [MESSAGE][PASSED] - Delayed 5 second(s)

2022-06-20 11:49:21 - [MESSAGE][PASSED] - Delayed 5 second(s)

2022-06-20 11:49:21 - [TEST_STEP][PASSED] - takeScreenshot(): Taking screenshot successfully

2022-06-20 11:49:21 - [MESSAGE][PASSED] - Taking screenshot successfully
[[ATTACHMENT|D:\\Projet Test Auto\\Mediabox Test Automation [Test]\\Reports\\20220620_112818\\z01. Test Suites\\202. TestStarPack Full Lifecycle _Change of Rights_SAS\\20220620_112819\\1655718561292.png]]

2022-06-20 11:49:21 - [TEST_STEP][PASSED] - delay(10): Delayed 10 second(s)

2022-06-20 11:49:31 - [MESSAGE][PASSED] - Delayed 10 second(s)

2022-06-20 11:49:31 - [TEST_STEP][PASSED] - I.click_button_javascript(findTestObject("Object Repository/HL Full Lifecycle/12 ReferncePage_Button_Updatensenddoc")): Execute JavaScript 'arguments[0].click()' successfully

2022-06-20 11:49:40 - [MESSAGE][PASSED] - Execute JavaScript 'arguments[0].click()' successfully

2022-06-20 11:49:40 - [TEST_STEP][PASSED] - delay(5): Delayed 5 second(s)

2022-06-20 11:49:45 - [MESSAGE][PASSED] - Delayed 5 second(s)

2022-06-20 11:49:45 - [TEST_STEP][PASSED] - if (verifyElementPresent(findTestObject("Object Repository/StarPack - Full Lifecycle (AWIS)/4.012 Supploer proceed to next phase (PS)", ["refID":"source_" + refID_TD]), 10, OPTIONAL)): com.kms.katalon.core.webui.exception.WebElementNotFoundException: Web element with id: 'Object Repository/StarPack - Full Lifecycle (AWIS)/4.012 Supploer proceed to next phase (PS)' located by '//*[@id='source_5907']/td[9]/a[2]' not found (Root cause: com.kms.katalon.core.exception.StepFailedException: com.kms.katalon.core.webui.exception.WebElementNotFoundException: Web element with id: 'Object Repository/StarPack - Full Lifecycle (AWIS)/4.012 Supploer proceed to next phase (PS)' located by '//*[@id='source_5907']/td[9]/a[2]' not found
	at com.kms.katalon.core.webui.keyword.internal.WebUIKeywordMain.stepFailed(WebUIKeywordMain.groovy:64)
	at com.kms.katalon.core.webui.keyword.builtin.VerifyElementPresentKeyword$_verifyElementPresent_closure1.doCall(VerifyElementPresentKeyword.groovy:85)
	at com.kms.katalon.core.webui.keyword.builtin.VerifyElementPresentKeyword$_verifyElementPresent_closure1.call(VerifyElementPresentKeyword.groovy)
	at com.kms.katalon.core.webui.keyword.internal.WebUIKeywordMain.runKeyword(WebUIKeywordMain.groovy:20)
	at com.kms.katalon.core.webui.keyword.builtin.VerifyElementPresentKeyword.verifyElementPresent(VerifyElementPresentKeyword.groovy:92)
	at com.kms.katalon.core.webui.keyword.builtin.VerifyElementPresentKeyword.execute(VerifyElementPresentKeyword.groovy:68)
	at com.kms.katalon.core.keyword.internal.KeywordExecutor.executeKeywordForPlatform(KeywordExecutor.groovy:74)
	at com.kms.katalon.core.webui.keyword.WebUiBuiltInKeywords.verifyElementPresent(WebUiBuiltInKeywords.groovy:1448)
	at com.kms.katalon.core.webui.keyword.WebUiBuiltInKeywords$verifyElementPresent$15.call(Unknown Source)
	at 202.01 TestStarPack Full Lifecycle CreationDaughRef 202.02 P2.run(202.01 TestStarPack Full Lifecycle CreationDaughRef 202.02 P2:529)
	at com.kms.katalon.core.main.ScriptEngine.run(ScriptEngine.java:194)
	at com.kms.katalon.core.main.ScriptEngine.runScriptAsRawText(ScriptEngine.java:119)
	at com.kms.katalon.core.main.TestCaseExecutor.runScript(TestCaseExecutor.java:445)
	at com.kms.katalon.core.main.TestCaseExecutor.doExecute(TestCaseExecutor.java:436)
	at com.kms.katalon.core.main.TestCaseExecutor.processExecutionPhase(TestCaseExecutor.java:415)
	at com.kms.katalon.core.main.TestCaseExecutor.accessMainPhase(TestCaseExecutor.java:407)
	at com.kms.katalon.core.main.TestCaseExecutor.execute(TestCaseExecutor.java:284)
	at com.kms.katalon.core.common.CommonExecutor.accessTestCaseMainPhase(CommonExecutor.java:65)
	at com.kms.katalon.core.main.TestSuiteExecutor.accessTestSuiteMainPhase(TestSuiteExecutor.java:144)
	at com.kms.katalon.core.main.TestSuiteExecutor.execute(TestSuiteExecutor.java:106)
	at com.kms.katalon.core.main.TestCaseMain.startTestSuite(TestCaseMain.java:185)
	at com.kms.katalon.core.main.TestCaseMain$startTestSuite$0.call(Unknown Source)
	at TempTestSuite1655717299770.run(TempTestSuite1655717299770.groovy:36)
)

2022-06-20 11:49:57 - [MESSAGE][INFO] - Unable to find the element located by 'By.xpath: //*[@id='source_5907']/td[9]/a[2]'. Please recheck the objects properties to make sure the desired element is located. 

2022-06-20 11:49:57 - [MESSAGE][WARNING] - com.kms.katalon.core.webui.exception.WebElementNotFoundException: Web element with id: 'Object Repository/StarPack - Full Lifecycle (AWIS)/4.012 Supploer proceed to next phase (PS)' located by '//*[@id='source_5907']/td[9]/a[2]' not found (Root cause: com.kms.katalon.core.exception.StepFailedException: com.kms.katalon.core.webui.exception.WebElementNotFoundException: Web element with id: 'Object Repository/StarPack - Full Lifecycle (AWIS)/4.012 Supploer proceed to next phase (PS)' located by '//*[@id='source_5907']/td[9]/a[2]' not found
	at com.kms.katalon.core.webui.keyword.internal.WebUIKeywordMain.stepFailed(WebUIKeywordMain.groovy:64)
	at com.kms.katalon.core.webui.keyword.builtin.VerifyElementPresentKeyword$_verifyElementPresent_closure1.doCall(VerifyElementPresentKeyword.groovy:85)
	at com.kms.katalon.core.webui.keyword.builtin.VerifyElementPresentKeyword$_verifyElementPresent_closure1.call(VerifyElementPresentKeyword.groovy)
	at com.kms.katalon.core.webui.keyword.internal.WebUIKeywordMain.runKeyword(WebUIKeywordMain.groovy:20)
	at com.kms.katalon.core.webui.keyword.builtin.VerifyElementPresentKeyword.verifyElementPresent(VerifyElementPresentKeyword.groovy:92)
	at com.kms.katalon.core.webui.keyword.builtin.VerifyElementPresentKeyword.execute(VerifyElementPresentKeyword.groovy:68)
	at com.kms.katalon.core.keyword.internal.KeywordExecutor.executeKeywordForPlatform(KeywordExecutor.groovy:74)
	at com.kms.katalon.core.webui.keyword.WebUiBuiltInKeywords.verifyElementPresent(WebUiBuiltInKeywords.groovy:1448)
	at com.kms.katalon.core.webui.keyword.WebUiBuiltInKeywords$verifyElementPresent$15.call(Unknown Source)
	at 202.01 TestStarPack Full Lifecycle CreationDaughRef 202.02 P2.run(202.01 TestStarPack Full Lifecycle CreationDaughRef 202.02 P2:529)
	at com.kms.katalon.core.main.ScriptEngine.run(ScriptEngine.java:194)
	at com.kms.katalon.core.main.ScriptEngine.runScriptAsRawText(ScriptEngine.java:119)
	at com.kms.katalon.core.main.TestCaseExecutor.runScript(TestCaseExecutor.java:445)
	at com.kms.katalon.core.main.TestCaseExecutor.doExecute(TestCaseExecutor.java:436)
	at com.kms.katalon.core.main.TestCaseExecutor.processExecutionPhase(TestCaseExecutor.java:415)
	at com.kms.katalon.core.main.TestCaseExecutor.accessMainPhase(TestCaseExecutor.java:407)
	at com.kms.katalon.core.main.TestCaseExecutor.execute(TestCaseExecutor.java:284)
	at com.kms.katalon.core.common.CommonExecutor.accessTestCaseMainPhase(CommonExecutor.java:65)
	at com.kms.katalon.core.main.TestSuiteExecutor.accessTestSuiteMainPhase(TestSuiteExecutor.java:144)
	at com.kms.katalon.core.main.TestSuiteExecutor.execute(TestSuiteExecutor.java:106)
	at com.kms.katalon.core.main.TestCaseMain.startTestSuite(TestCaseMain.java:185)
	at com.kms.katalon.core.main.TestCaseMain$startTestSuite$0.call(Unknown Source)
	at TempTestSuite1655717299770.run(TempTestSuite1655717299770.groovy:36)
)
[[ATTACHMENT|D:\\Projet Test Auto\\Mediabox Test Automation [Test]\\Reports\\20220620_112818\\z01. Test Suites\\202. TestStarPack Full Lifecycle _Change of Rights_SAS\\20220620_112819\\1655718597098.png]]

2022-06-20 11:49:57 - [TEST_STEP][PASSED] - else: null

2022-06-20 11:49:57 - [TEST_STEP][PASSED] - color1 = "white": null

2022-06-20 11:49:57 - [TEST_STEP][PASSED] - I.Logout(): Delayed 3 second(s)

2022-06-20 11:50:00 - [MESSAGE][PASSED] - Delayed 3 second(s)

2022-06-20 11:50:01 - [MESSAGE][PASSED] - Object: 'Object Repository/1. Constant/xpath' is clicked on

2022-06-20 11:50:04 - [MESSAGE][PASSED] - Delayed 3 second(s)

2022-06-20 11:50:08 - [MESSAGE][PASSED] - Object: 'Object Repository/1. Constant/xpath' is clicked on

2022-06-20 11:50:11 - [MESSAGE][PASSED] - Delayed 3 second(s)

2022-06-20 11:50:11 - [TEST_STEP][PASSED] - I.Login_password("agluszczynska", password_agluszczynska): Object: 'Object Repository/1. Constant/xpath' is clicked on

2022-06-20 11:50:13 - [MESSAGE][PASSED] - Text 'agluszczynska' is set on object 'Object Repository/1. Constant/xpath'

2022-06-20 11:50:14 - [MESSAGE][PASSED] - Delayed 1 second(s)

2022-06-20 11:50:15 - [MESSAGE][PASSED] - Text 'diadeis' is set on object 'Object Repository/1. Constant/xpath'

2022-06-20 11:50:16 - [MESSAGE][PASSED] - Delayed 1 second(s)

2022-06-20 11:50:22 - [MESSAGE][PASSED] - Object: 'Object Repository/1. Constant/xpath' is clicked on

2022-06-20 11:50:22 - [TEST_STEP][PASSED] - takeScreenshot(): Taking screenshot successfully

2022-06-20 11:50:23 - [MESSAGE][PASSED] - Taking screenshot successfully
[[ATTACHMENT|D:\\Projet Test Auto\\Mediabox Test Automation [Test]\\Reports\\20220620_112818\\z01. Test Suites\\202. TestStarPack Full Lifecycle _Change of Rights_SAS\\20220620_112819\\1655718622927.png]]

2022-06-20 11:50:23 - [TEST_STEP][PASSED] - click(findTestObject("1. Constant/02_LHSMenu_Projects")): Object: 'Object Repository/1. Constant/02_LHSMenu_Projects' is clicked on

2022-06-20 11:50:30 - [MESSAGE][PASSED] - Object: 'Object Repository/1. Constant/02_LHSMenu_Projects' is clicked on

2022-06-20 11:50:30 - [TEST_STEP][PASSED] - I.SearchProjectNo(Project_No, findTestObject("HL Full Lifecycle/9 Filter_Button_Apply")): Delayed 5 second(s)

2022-06-20 11:50:31 - [MESSAGE][PASSED] - Text 'MI000949' is set on object 'Object Repository/1. Constant/xpath'

2022-06-20 11:50:34 - [MESSAGE][PASSED] - Delayed 3 second(s)

2022-06-20 11:50:39 - [MESSAGE][PASSED] - Object: 'Object Repository/HL Full Lifecycle/9 Filter_Button_Apply' is clicked on

2022-06-20 11:50:44 - [MESSAGE][PASSED] - Delayed 5 second(s)

2022-06-20 11:50:44 - [TEST_STEP][PASSED] - click(findTestObject("Object Repository/StarPack - Full Lifecycle (AWIS)/5.01 agency_2 RefPg_Prodbutton(Eye)", ["refID":"source_" + refID_TD])): Object: 'Object Repository/StarPack - Full Lifecycle (AWIS)/5.01 agency_2 RefPg_Prodbutton(Eye)' is clicked on

2022-06-20 11:50:50 - [MESSAGE][PASSED] - Object: 'Object Repository/StarPack - Full Lifecycle (AWIS)/5.01 agency_2 RefPg_Prodbutton(Eye)' is clicked on

2022-06-20 11:50:50 - [TEST_STEP][PASSED] - I.AWF_approve_view(): Object: 'Object Repository/HL Full Lifecycle/Function_Appbutton2' is clicked on

2022-06-20 11:50:50 - [MESSAGE][PASSED] - Wait for page load successfully

2022-06-20 11:51:00 - [MESSAGE][PASSED] - Delayed 10 second(s)

2022-06-20 11:51:01 - [MESSAGE][PASSED] - Object: 'Object Repository/HL Full Lifecycle/Function_access Viewer2' is hovered

2022-06-20 11:51:04 - [MESSAGE][PASSED] - Delayed 3 second(s)

2022-06-20 11:51:04 - [MESSAGE][PASSED] - Object: 'Object Repository/HL Full Lifecycle/Function_access Viewer2' is clicked on

2022-06-20 11:51:09 - [MESSAGE][PASSED] - Delayed 5 second(s)

2022-06-20 11:51:09 - [MESSAGE][PASSED] - Object: 'Object Repository/HL Full Lifecycle/Function_AppButton' is clicked on

2022-06-20 11:51:14 - [MESSAGE][PASSED] - Delayed 5 second(s)

2022-06-20 11:51:20 - [MESSAGE][PASSED] - Object: 'Object Repository/HL Full Lifecycle/Function_Appbutton2' is clicked on

2022-06-20 11:51:20 - [TEST_STEP][PASSED] - delay(1): Delayed 1 second(s)

2022-06-20 11:51:21 - [MESSAGE][PASSED] - Delayed 1 second(s)

2022-06-20 11:51:21 - [TEST_STEP][PASSED] - click(findTestObject("1. Constant/xpath", ["xpath":"//*[@id="source_" + refID_TD + ""]/td[9]/a"])): Object: 'Object Repository/1. Constant/xpath' is clicked on

2022-06-20 11:51:28 - [MESSAGE][PASSED] - Object: 'Object Repository/1. Constant/xpath' is clicked on

2022-06-20 11:51:28 - [TEST_STEP][PASSED] - I.VerifyMatchText("//*[@id="source_" + refID_TD + ""]/td[6]/span", "Complete"): Actual text 'Complete' and expected text 'Complete' are matched 

2022-06-20 11:51:29 - [MESSAGE][PASSED] - Text of object 'Object Repository/1. Constant/xpath' is: 'Complete'

2022-06-20 11:51:30 - [MESSAGE][PASSED] - Delayed 1 second(s)

2022-06-20 11:51:30 - [MESSAGE][PASSED] - Actual text 'Complete' and expected text 'Complete' are matched 

2022-06-20 11:51:30 - [TEST_STEP][PASSED] - takeScreenshot(): Taking screenshot successfully

2022-06-20 11:51:31 - [MESSAGE][PASSED] - Taking screenshot successfully
[[ATTACHMENT|D:\\Projet Test Auto\\Mediabox Test Automation [Test]\\Reports\\20220620_112818\\z01. Test Suites\\202. TestStarPack Full Lifecycle _Change of Rights_SAS\\20220620_112819\\1655718690673.png]]

2022-06-20 11:51:31 - [TEST_STEP][PASSED] - click(findTestObject("Object Repository/StarPack - Full Lifecycle (AWIS)/5.02 Agency_2_refPg_questionbutton", ["ref_ID":"ancre_" + refID_TD])): Object: 'Object Repository/StarPack - Full Lifecycle (AWIS)/5.02 Agency_2_refPg_questionbutton' is clicked on

2022-06-20 11:51:31 - [MESSAGE][PASSED] - Object: 'Object Repository/StarPack - Full Lifecycle (AWIS)/5.02 Agency_2_refPg_questionbutton' is clicked on

2022-06-20 11:51:31 - [TEST_STEP][PASSED] - click(findTestObject("Object Repository/StarPack - Full Lifecycle (AWIS)/5.021 Agency_2_RefPg_question_approve", ["ref_ID":"ancre_" + refID_TD])): Object: 'Object Repository/StarPack - Full Lifecycle (AWIS)/5.021 Agency_2_RefPg_question_approve' is clicked on

2022-06-20 11:51:32 - [MESSAGE][PASSED] - Object: 'Object Repository/StarPack - Full Lifecycle (AWIS)/5.021 Agency_2_RefPg_question_approve' is clicked on

2022-06-20 11:51:32 - [TEST_STEP][PASSED] - delay(1): Delayed 1 second(s)

2022-06-20 11:51:33 - [MESSAGE][PASSED] - Delayed 1 second(s)

2022-06-20 11:51:33 - [TEST_STEP][PASSED] - takeScreenshot(): Taking screenshot successfully

2022-06-20 11:51:33 - [MESSAGE][PASSED] - Taking screenshot successfully
[[ATTACHMENT|D:\\Projet Test Auto\\Mediabox Test Automation [Test]\\Reports\\20220620_112818\\z01. Test Suites\\202. TestStarPack Full Lifecycle _Change of Rights_SAS\\20220620_112819\\1655718693251.png]]

2022-06-20 11:51:33 - [TEST_STEP][PASSED] - click(findTestObject("1. Constant/xpath", ["xpath":"//*[@id="kt_body"]/div[9]/div/div/div[2]/button[2]"])): Object: 'Object Repository/1. Constant/xpath' is clicked on

2022-06-20 11:51:45 - [MESSAGE][PASSED] - Object: 'Object Repository/1. Constant/xpath' is clicked on

2022-06-20 11:51:45 - [TEST_STEP][PASSED] - delay(1): Delayed 1 second(s)

2022-06-20 11:51:46 - [MESSAGE][PASSED] - Delayed 1 second(s)

2022-06-20 11:51:46 - [TEST_STEP][PASSED] - click(findTestObject("Object Repository/StarPack - Full Lifecycle (AWIS)/5.03 id_refID_a", ["refID":"ancre_" + refID_TD])): Object: 'Object Repository/StarPack - Full Lifecycle (AWIS)/5.03 id_refID_a' is clicked on

2022-06-20 11:51:51 - [MESSAGE][PASSED] - Object: 'Object Repository/StarPack - Full Lifecycle (AWIS)/5.03 id_refID_a' is clicked on

2022-06-20 11:51:51 - [TEST_STEP][PASSED] - I.VerifyMatchText("//*[@id="source_" + refID_PTS + ""]/td[6]/span", "Complete"): Actual text 'Complete' and expected text 'Complete' are matched 

2022-06-20 11:51:51 - [MESSAGE][PASSED] - Text of object 'Object Repository/1. Constant/xpath' is: 'Complete'

2022-06-20 11:51:52 - [MESSAGE][PASSED] - Delayed 1 second(s)

2022-06-20 11:51:52 - [MESSAGE][PASSED] - Actual text 'Complete' and expected text 'Complete' are matched 

2022-06-20 11:51:52 - [TEST_STEP][PASSED] - takeScreenshot(): Taking screenshot successfully

2022-06-20 11:51:53 - [MESSAGE][PASSED] - Taking screenshot successfully
[[ATTACHMENT|D:\\Projet Test Auto\\Mediabox Test Automation [Test]\\Reports\\20220620_112818\\z01. Test Suites\\202. TestStarPack Full Lifecycle _Change of Rights_SAS\\20220620_112819\\1655718712594.png]]

2022-06-20 11:51:53 - [TEST_STEP][PASSED] - click(findTestObject("1. Constant/xpath", ["xpath":"//*[@id="source_" + refID_PS + ""]/td[9]/a"])): Object: 'Object Repository/1. Constant/xpath' is clicked on

2022-06-20 11:52:02 - [MESSAGE][PASSED] - Object: 'Object Repository/1. Constant/xpath' is clicked on

2022-06-20 11:52:02 - [TEST_STEP][PASSED] - I.VerifyMatchText("//*[@id="source_" + refID + ""]/td[6]/span[2]", "Wait for PTS/Sample/Tech drawing"): Actual text 'Wait for PTS/Sample/Tech drawing' and expected text 'Wait for PTS/Sample/Tech drawing' are matched 

2022-06-20 11:52:02 - [MESSAGE][PASSED] - Text of object 'Object Repository/1. Constant/xpath' is: 'Wait for PTS/Sample/Tech drawing'

2022-06-20 11:52:03 - [MESSAGE][PASSED] - Delayed 1 second(s)

2022-06-20 11:52:03 - [MESSAGE][PASSED] - Actual text 'Wait for PTS/Sample/Tech drawing' and expected text 'Wait for PTS/Sample/Tech drawing' are matched 

2022-06-20 11:52:03 - [TEST_STEP][PASSED] - click(findTestObject("Object Repository/StarPack - Full Lifecycle (AWIS)/5.04 Agency1 id_refID_td9_a2", ["refID":"source_" + refID_PS])): Object: 'Object Repository/StarPack - Full Lifecycle (AWIS)/5.04 Agency1 id_refID_td9_a2' is clicked on

2022-06-20 11:52:05 - [MESSAGE][PASSED] - Object: 'Object Repository/StarPack - Full Lifecycle (AWIS)/5.04 Agency1 id_refID_td9_a2' is clicked on

2022-06-20 11:52:05 - [TEST_STEP][PASSED] - I.UploadDoc_sendkey_field("//*[@id="var_47"]", "D:\Upoad_File\Upload doc\testdata1.pdf", "testdata1"): Text 'testdata1' is present on page 

2022-06-20 11:52:07 - [MESSAGE][PASSED] - Delayed 2 second(s)

2022-06-20 11:52:08 - [MESSAGE][PASSED] - Keys 'D:\Upoad_File\Upload doc\testdata1.pdf' sent to object: 'Object Repository/1. Constant/xpath'

2022-06-20 11:52:08 - [MESSAGE][PASSED] - Text 'testdata1' is present on page 

2022-06-20 11:52:08 - [TEST_STEP][PASSED] - click(findTestObject("1. Constant/xpath", ["xpath":"//*[@id="ModifFiche"]/div[3]/div/button[2]"])): Object: 'Object Repository/1. Constant/xpath' is clicked on

2022-06-20 11:52:17 - [MESSAGE][PASSED] - Object: 'Object Repository/1. Constant/xpath' is clicked on

2022-06-20 11:52:17 - [TEST_STEP][PASSED] - I.VerifyMatchText("//*[@id="source_" + refID + ""]/td[6]/span[2]", "PAF"): Actual text 'PAF' and expected text 'PAF' are matched 

2022-06-20 11:52:17 - [MESSAGE][PASSED] - Text of object 'Object Repository/1. Constant/xpath' is: 'PAF'

2022-06-20 11:52:18 - [MESSAGE][PASSED] - Delayed 1 second(s)

2022-06-20 11:52:18 - [MESSAGE][PASSED] - Actual text 'PAF' and expected text 'PAF' are matched 

2022-06-20 11:52:18 - [TEST_STEP][PASSED] - color2 = getCSSValue(findTestObject("Object Repository/StarPack - Full Lifecycle (AWIS)/5.06 Agency1 id_refID_a", ["refID":"ancre_" + refID_PS]), "color", OPTIONAL): Get CSS 'color' value on 'Object Repository/StarPack - Full Lifecycle (AWIS)/5.06 Agency1 id_refID_a' successfully: 'rgba(255, 255, 255, 1)'.

2022-06-20 11:52:19 - [MESSAGE][PASSED] - Get CSS 'color' value on 'Object Repository/StarPack - Full Lifecycle (AWIS)/5.06 Agency1 id_refID_a' successfully: 'rgba(255, 255, 255, 1)'.

2022-06-20 11:52:19 - [TEST_STEP][PASSED] - while (color2 == "rgba(255, 255, 255, 1)"): null

2022-06-20 11:52:19 - [TEST_STEP][PASSED] - click(findTestObject("Object Repository/StarPack - Full Lifecycle (AWIS)/5.06 Agency1 id_refID_a", ["refID":"ancre_" + refID_PS])): Object: 'Object Repository/StarPack - Full Lifecycle (AWIS)/5.06 Agency1 id_refID_a' is clicked on

2022-06-20 11:52:21 - [MESSAGE][PASSED] - Object: 'Object Repository/StarPack - Full Lifecycle (AWIS)/5.06 Agency1 id_refID_a' is clicked on

2022-06-20 11:52:21 - [TEST_STEP][PASSED] - takeScreenshot(): Taking screenshot successfully

2022-06-20 11:52:21 - [MESSAGE][PASSED] - Taking screenshot successfully
[[ATTACHMENT|D:\\Projet Test Auto\\Mediabox Test Automation [Test]\\Reports\\20220620_112818\\z01. Test Suites\\202. TestStarPack Full Lifecycle _Change of Rights_SAS\\20220620_112819\\1655718741586.png]]

2022-06-20 11:52:21 - [TEST_STEP][PASSED] - I.UploadDoc_sendkey_Prod(findTestObject("1. Constant/xpath", ["xpath":"//*[@id="kt_body"]/input[2]"]), "D:\Upoad_File\Upload doc\testdataaddition1.jpg", "testdataaddition1.jpg"): Delayed 5 second(s)

2022-06-20 11:52:22 - [MESSAGE][PASSED] - Scroll to object 'Object Repository/1. Constant/xpath' successfully

2022-06-20 11:52:27 - [MESSAGE][PASSED] - Delayed 5 second(s)

2022-06-20 11:52:27 - [MESSAGE][PASSED] - File 'D:\Upoad_File\Upload doc\testdataaddition1.jpg' sent to object: 'Object Repository/1. Constant/xpath'

2022-06-20 11:52:32 - [MESSAGE][PASSED] - Delayed 5 second(s)

2022-06-20 11:52:32 - [MESSAGE][PASSED] - Text 'testdataaddition1.jpg' is present on page 

2022-06-20 11:52:37 - [MESSAGE][PASSED] - Delayed 5 second(s)

2022-06-20 11:52:42 - [MESSAGE][PASSED] - Delayed 5 second(s)

2022-06-20 11:52:42 - [TEST_STEP][PASSED] - takeScreenshot(): Taking screenshot successfully

2022-06-20 11:52:43 - [MESSAGE][PASSED] - Taking screenshot successfully
[[ATTACHMENT|D:\\Projet Test Auto\\Mediabox Test Automation [Test]\\Reports\\20220620_112818\\z01. Test Suites\\202. TestStarPack Full Lifecycle _Change of Rights_SAS\\20220620_112819\\1655718762846.png]]

2022-06-20 11:52:43 - [TEST_STEP][PASSED] - delay(10): Delayed 10 second(s)

2022-06-20 11:52:53 - [MESSAGE][PASSED] - Delayed 10 second(s)

2022-06-20 11:52:53 - [TEST_STEP][PASSED] - click(findTestObject("1. Constant/xpath", ["xpath":"//*[@id="ModifFiche"]/div[1]/div/button"])): Object: 'Object Repository/1. Constant/xpath' is clicked on

2022-06-20 11:53:03 - [MESSAGE][PASSED] - Object: 'Object Repository/1. Constant/xpath' is clicked on

2022-06-20 11:53:03 - [TEST_STEP][PASSED] - delay(5): Delayed 5 second(s)

2022-06-20 11:53:08 - [MESSAGE][PASSED] - Delayed 5 second(s)

2022-06-20 11:53:08 - [TEST_STEP][PASSED] - if (verifyElementPresent(findTestObject("Object Repository/StarPack - Full Lifecycle (AWIS)/4.012 Supploer proceed to next phase (PS)", ["refID":"source_" + refID_TD]), 10, OPTIONAL)): com.kms.katalon.core.webui.exception.WebElementNotFoundException: Web element with id: 'Object Repository/StarPack - Full Lifecycle (AWIS)/4.012 Supploer proceed to next phase (PS)' located by '//*[@id='source_5907']/td[9]/a[2]' not found (Root cause: com.kms.katalon.core.exception.StepFailedException: com.kms.katalon.core.webui.exception.WebElementNotFoundException: Web element with id: 'Object Repository/StarPack - Full Lifecycle (AWIS)/4.012 Supploer proceed to next phase (PS)' located by '//*[@id='source_5907']/td[9]/a[2]' not found
	at com.kms.katalon.core.webui.keyword.internal.WebUIKeywordMain.stepFailed(WebUIKeywordMain.groovy:64)
	at com.kms.katalon.core.webui.keyword.builtin.VerifyElementPresentKeyword$_verifyElementPresent_closure1.doCall(VerifyElementPresentKeyword.groovy:85)
	at com.kms.katalon.core.webui.keyword.builtin.VerifyElementPresentKeyword$_verifyElementPresent_closure1.call(VerifyElementPresentKeyword.groovy)
	at com.kms.katalon.core.webui.keyword.internal.WebUIKeywordMain.runKeyword(WebUIKeywordMain.groovy:20)
	at com.kms.katalon.core.webui.keyword.builtin.VerifyElementPresentKeyword.verifyElementPresent(VerifyElementPresentKeyword.groovy:92)
	at com.kms.katalon.core.webui.keyword.builtin.VerifyElementPresentKeyword.execute(VerifyElementPresentKeyword.groovy:68)
	at com.kms.katalon.core.keyword.internal.KeywordExecutor.executeKeywordForPlatform(KeywordExecutor.groovy:74)
	at com.kms.katalon.core.webui.keyword.WebUiBuiltInKeywords.verifyElementPresent(WebUiBuiltInKeywords.groovy:1448)
	at com.kms.katalon.core.webui.keyword.WebUiBuiltInKeywords$verifyElementPresent$15.call(Unknown Source)
	at 202.01 TestStarPack Full Lifecycle CreationDaughRef 202.02 P2.run(202.01 TestStarPack Full Lifecycle CreationDaughRef 202.02 P2:649)
	at com.kms.katalon.core.main.ScriptEngine.run(ScriptEngine.java:194)
	at com.kms.katalon.core.main.ScriptEngine.runScriptAsRawText(ScriptEngine.java:119)
	at com.kms.katalon.core.main.TestCaseExecutor.runScript(TestCaseExecutor.java:445)
	at com.kms.katalon.core.main.TestCaseExecutor.doExecute(TestCaseExecutor.java:436)
	at com.kms.katalon.core.main.TestCaseExecutor.processExecutionPhase(TestCaseExecutor.java:415)
	at com.kms.katalon.core.main.TestCaseExecutor.accessMainPhase(TestCaseExecutor.java:407)
	at com.kms.katalon.core.main.TestCaseExecutor.execute(TestCaseExecutor.java:284)
	at com.kms.katalon.core.common.CommonExecutor.accessTestCaseMainPhase(CommonExecutor.java:65)
	at com.kms.katalon.core.main.TestSuiteExecutor.accessTestSuiteMainPhase(TestSuiteExecutor.java:144)
	at com.kms.katalon.core.main.TestSuiteExecutor.execute(TestSuiteExecutor.java:106)
	at com.kms.katalon.core.main.TestCaseMain.startTestSuite(TestCaseMain.java:185)
	at com.kms.katalon.core.main.TestCaseMain$startTestSuite$0.call(Unknown Source)
	at TempTestSuite1655717299770.run(TempTestSuite1655717299770.groovy:36)
)

2022-06-20 11:53:19 - [MESSAGE][INFO] - Unable to find the element located by 'By.xpath: //*[@id='source_5907']/td[9]/a[2]'. Please recheck the objects properties to make sure the desired element is located. 

2022-06-20 11:53:20 - [MESSAGE][WARNING] - com.kms.katalon.core.webui.exception.WebElementNotFoundException: Web element with id: 'Object Repository/StarPack - Full Lifecycle (AWIS)/4.012 Supploer proceed to next phase (PS)' located by '//*[@id='source_5907']/td[9]/a[2]' not found (Root cause: com.kms.katalon.core.exception.StepFailedException: com.kms.katalon.core.webui.exception.WebElementNotFoundException: Web element with id: 'Object Repository/StarPack - Full Lifecycle (AWIS)/4.012 Supploer proceed to next phase (PS)' located by '//*[@id='source_5907']/td[9]/a[2]' not found
	at com.kms.katalon.core.webui.keyword.internal.WebUIKeywordMain.stepFailed(WebUIKeywordMain.groovy:64)
	at com.kms.katalon.core.webui.keyword.builtin.VerifyElementPresentKeyword$_verifyElementPresent_closure1.doCall(VerifyElementPresentKeyword.groovy:85)
	at com.kms.katalon.core.webui.keyword.builtin.VerifyElementPresentKeyword$_verifyElementPresent_closure1.call(VerifyElementPresentKeyword.groovy)
	at com.kms.katalon.core.webui.keyword.internal.WebUIKeywordMain.runKeyword(WebUIKeywordMain.groovy:20)
	at com.kms.katalon.core.webui.keyword.builtin.VerifyElementPresentKeyword.verifyElementPresent(VerifyElementPresentKeyword.groovy:92)
	at com.kms.katalon.core.webui.keyword.builtin.VerifyElementPresentKeyword.execute(VerifyElementPresentKeyword.groovy:68)
	at com.kms.katalon.core.keyword.internal.KeywordExecutor.executeKeywordForPlatform(KeywordExecutor.groovy:74)
	at com.kms.katalon.core.webui.keyword.WebUiBuiltInKeywords.verifyElementPresent(WebUiBuiltInKeywords.groovy:1448)
	at com.kms.katalon.core.webui.keyword.WebUiBuiltInKeywords$verifyElementPresent$15.call(Unknown Source)
	at 202.01 TestStarPack Full Lifecycle CreationDaughRef 202.02 P2.run(202.01 TestStarPack Full Lifecycle CreationDaughRef 202.02 P2:649)
	at com.kms.katalon.core.main.ScriptEngine.run(ScriptEngine.java:194)
	at com.kms.katalon.core.main.ScriptEngine.runScriptAsRawText(ScriptEngine.java:119)
	at com.kms.katalon.core.main.TestCaseExecutor.runScript(TestCaseExecutor.java:445)
	at com.kms.katalon.core.main.TestCaseExecutor.doExecute(TestCaseExecutor.java:436)
	at com.kms.katalon.core.main.TestCaseExecutor.processExecutionPhase(TestCaseExecutor.java:415)
	at com.kms.katalon.core.main.TestCaseExecutor.accessMainPhase(TestCaseExecutor.java:407)
	at com.kms.katalon.core.main.TestCaseExecutor.execute(TestCaseExecutor.java:284)
	at com.kms.katalon.core.common.CommonExecutor.accessTestCaseMainPhase(CommonExecutor.java:65)
	at com.kms.katalon.core.main.TestSuiteExecutor.accessTestSuiteMainPhase(TestSuiteExecutor.java:144)
	at com.kms.katalon.core.main.TestSuiteExecutor.execute(TestSuiteExecutor.java:106)
	at com.kms.katalon.core.main.TestCaseMain.startTestSuite(TestCaseMain.java:185)
	at com.kms.katalon.core.main.TestCaseMain$startTestSuite$0.call(Unknown Source)
	at TempTestSuite1655717299770.run(TempTestSuite1655717299770.groovy:36)
)
[[ATTACHMENT|D:\\Projet Test Auto\\Mediabox Test Automation [Test]\\Reports\\20220620_112818\\z01. Test Suites\\202. TestStarPack Full Lifecycle _Change of Rights_SAS\\20220620_112819\\1655718799899.png]]

2022-06-20 11:53:20 - [TEST_STEP][PASSED] - else: null

2022-06-20 11:53:20 - [TEST_STEP][PASSED] - color2 = "white": null

2022-06-20 11:53:20 - [TEST_STEP][PASSED] - I.Logout(): Delayed 3 second(s)

2022-06-20 11:53:23 - [MESSAGE][PASSED] - Delayed 3 second(s)

2022-06-20 11:53:23 - [MESSAGE][PASSED] - Object: 'Object Repository/1. Constant/xpath' is clicked on

2022-06-20 11:53:26 - [MESSAGE][PASSED] - Delayed 3 second(s)

2022-06-20 11:53:29 - [MESSAGE][PASSED] - Object: 'Object Repository/1. Constant/xpath' is clicked on

2022-06-20 11:53:32 - [MESSAGE][PASSED] - Delayed 3 second(s)

2022-06-20 11:53:32 - [TEST_STEP][PASSED] - I.Login_password("aterreshernandez", password_aterreshernandez): Object: 'Object Repository/1. Constant/xpath' is clicked on

2022-06-20 11:53:33 - [MESSAGE][PASSED] - Text 'aterreshernandez' is set on object 'Object Repository/1. Constant/xpath'

2022-06-20 11:53:34 - [MESSAGE][PASSED] - Delayed 1 second(s)

2022-06-20 11:53:35 - [MESSAGE][PASSED] - Text 'diadeis' is set on object 'Object Repository/1. Constant/xpath'

2022-06-20 11:53:36 - [MESSAGE][PASSED] - Delayed 1 second(s)

2022-06-20 11:53:42 - [MESSAGE][PASSED] - Object: 'Object Repository/1. Constant/xpath' is clicked on

2022-06-20 11:53:42 - [TEST_STEP][PASSED] - takeScreenshot(): Taking screenshot successfully

2022-06-20 11:53:42 - [MESSAGE][PASSED] - Taking screenshot successfully
[[ATTACHMENT|D:\\Projet Test Auto\\Mediabox Test Automation [Test]\\Reports\\20220620_112818\\z01. Test Suites\\202. TestStarPack Full Lifecycle _Change of Rights_SAS\\20220620_112819\\1655718822108.png]]

2022-06-20 11:53:42 - [TEST_STEP][PASSED] - click(findTestObject("1. Constant/02_LHSMenu_Projects")): Object: 'Object Repository/1. Constant/02_LHSMenu_Projects' is clicked on

2022-06-20 11:53:46 - [MESSAGE][PASSED] - Object: 'Object Repository/1. Constant/02_LHSMenu_Projects' is clicked on

2022-06-20 11:53:46 - [TEST_STEP][PASSED] - I.SearchProjectNo(Project_No, findTestObject("1. Constant/xpath", ["xpath":"//*[@id="form_filters"]/div[7]/button"])): Delayed 5 second(s)

2022-06-20 11:53:47 - [MESSAGE][PASSED] - Text 'MI000949' is set on object 'Object Repository/1. Constant/xpath'

2022-06-20 11:53:50 - [MESSAGE][PASSED] - Delayed 3 second(s)

2022-06-20 11:53:58 - [MESSAGE][PASSED] - Object: 'Object Repository/1. Constant/xpath' is clicked on

2022-06-20 11:54:03 - [MESSAGE][PASSED] - Delayed 5 second(s)

2022-06-20 11:54:03 - [TEST_STEP][PASSED] - click(findTestObject("1. Constant/xpath", ["xpath":"//*[@id="ancre_" + refID_PS + ""]/a[2]"])): Object: 'Object Repository/1. Constant/xpath' is clicked on

2022-06-20 11:54:07 - [MESSAGE][PASSED] - Object: 'Object Repository/1. Constant/xpath' is clicked on

2022-06-20 11:54:07 - [TEST_STEP][PASSED] - I.AWF_approve_view(): Object: 'Object Repository/HL Full Lifecycle/Function_Appbutton2' is clicked on

2022-06-20 11:54:10 - [MESSAGE][PASSED] - Wait for page load successfully

2022-06-20 11:54:20 - [MESSAGE][PASSED] - Delayed 10 second(s)

2022-06-20 11:54:21 - [MESSAGE][PASSED] - Object: 'Object Repository/HL Full Lifecycle/Function_access Viewer2' is hovered

2022-06-20 11:54:24 - [MESSAGE][PASSED] - Delayed 3 second(s)

2022-06-20 11:54:25 - [MESSAGE][PASSED] - Object: 'Object Repository/HL Full Lifecycle/Function_access Viewer2' is clicked on

2022-06-20 11:54:30 - [MESSAGE][PASSED] - Delayed 5 second(s)

2022-06-20 11:54:31 - [MESSAGE][PASSED] - Object: 'Object Repository/HL Full Lifecycle/Function_AppButton' is clicked on

2022-06-20 11:54:36 - [MESSAGE][PASSED] - Delayed 5 second(s)

2022-06-20 11:54:45 - [MESSAGE][PASSED] - Object: 'Object Repository/HL Full Lifecycle/Function_Appbutton2' is clicked on

2022-06-20 11:54:45 - [TEST_STEP][PASSED] - I.Logout(): Delayed 3 second(s)

2022-06-20 11:54:48 - [MESSAGE][PASSED] - Delayed 3 second(s)

2022-06-20 11:54:50 - [MESSAGE][PASSED] - Object: 'Object Repository/1. Constant/xpath' is clicked on

2022-06-20 11:54:53 - [MESSAGE][PASSED] - Delayed 3 second(s)

2022-06-20 11:54:55 - [MESSAGE][PASSED] - Object: 'Object Repository/1. Constant/xpath' is clicked on

2022-06-20 11:54:58 - [MESSAGE][PASSED] - Delayed 3 second(s)

2022-06-20 11:54:58 - [TEST_STEP][PASSED] - I.Login_password("suser", password_suser): Object: 'Object Repository/1. Constant/xpath' is clicked on

2022-06-20 11:55:00 - [MESSAGE][PASSED] - Text 'suser' is set on object 'Object Repository/1. Constant/xpath'

2022-06-20 11:55:01 - [MESSAGE][PASSED] - Delayed 1 second(s)

2022-06-20 11:55:01 - [MESSAGE][PASSED] - Text 'diadeis' is set on object 'Object Repository/1. Constant/xpath'

2022-06-20 11:55:02 - [MESSAGE][PASSED] - Delayed 1 second(s)

2022-06-20 11:55:05 - [MESSAGE][PASSED] - Object: 'Object Repository/1. Constant/xpath' is clicked on

2022-06-20 11:55:05 - [TEST_STEP][PASSED] - takeScreenshot(): Taking screenshot successfully

2022-06-20 11:55:05 - [MESSAGE][PASSED] - Taking screenshot successfully
[[ATTACHMENT|D:\\Projet Test Auto\\Mediabox Test Automation [Test]\\Reports\\20220620_112818\\z01. Test Suites\\202. TestStarPack Full Lifecycle _Change of Rights_SAS\\20220620_112819\\1655718905399.png]]

2022-06-20 11:55:05 - [TEST_STEP][PASSED] - click(findTestObject("1. Constant/02_LHSMenu_Projects")): Object: 'Object Repository/1. Constant/02_LHSMenu_Projects' is clicked on

2022-06-20 11:55:15 - [MESSAGE][PASSED] - Object: 'Object Repository/1. Constant/02_LHSMenu_Projects' is clicked on

2022-06-20 11:55:15 - [TEST_STEP][PASSED] - I.SearchProjectNo(Project_No, findTestObject("HL Full Lifecycle/9 Filter_Button_Apply")): Delayed 5 second(s)

2022-06-20 11:55:15 - [MESSAGE][PASSED] - Text 'MI000949' is set on object 'Object Repository/1. Constant/xpath'

2022-06-20 11:55:18 - [MESSAGE][PASSED] - Delayed 3 second(s)

2022-06-20 11:55:22 - [MESSAGE][PASSED] - Object: 'Object Repository/HL Full Lifecycle/9 Filter_Button_Apply' is clicked on

2022-06-20 11:55:27 - [MESSAGE][PASSED] - Delayed 5 second(s)

2022-06-20 11:55:27 - [TEST_STEP][PASSED] - click(findTestObject("Object Repository/StarPack - Full Lifecycle (AWIS)/6.02 suser id_source_refID__td4_a1", ["refID":"source_" + refID])): Object: 'Object Repository/StarPack - Full Lifecycle (AWIS)/6.02 suser id_source_refID__td4_a1' is clicked on

2022-06-20 11:55:31 - [MESSAGE][PASSED] - Object: 'Object Repository/StarPack - Full Lifecycle (AWIS)/6.02 suser id_source_refID__td4_a1' is clicked on

2022-06-20 11:55:31 - [TEST_STEP][PASSED] - I.Approvepermanentlyforothers("//*[@id="level_apl_1"]/div[2]/div[4]/div/div", "//*[@id="level_apl_1"]/div[2]/div[4]/div/div/div[6]/a[2]/span"): Object: 'Object Repository/1. Constant/xpath' is clicked on

2022-06-20 11:55:34 - [MESSAGE][PASSED] - Object: 'Object Repository/1. Constant/xpath' is clicked on

2022-06-20 11:55:35 - [MESSAGE][PASSED] - Delayed 1 second(s)

2022-06-20 11:55:35 - [MESSAGE][PASSED] - Object: 'Object Repository/1. Constant/xpath' is clicked on

2022-06-20 11:55:36 - [MESSAGE][PASSED] - Delayed 1 second(s)

2022-06-20 11:55:36 - [MESSAGE][PASSED] - Object: 'Object Repository/1. Constant/xpath' is hovered

2022-06-20 11:55:37 - [MESSAGE][PASSED] - Object: 'Object Repository/1. Constant/xpath' is clicked on

2022-06-20 11:55:38 - [MESSAGE][PASSED] - Delayed 1 second(s)

2022-06-20 11:55:43 - [MESSAGE][PASSED] - Object: 'Object Repository/1. Constant/xpath' is clicked on

2022-06-20 11:55:43 - [TEST_STEP][PASSED] - delay(1): Delayed 1 second(s)

2022-06-20 11:55:44 - [MESSAGE][PASSED] - Delayed 1 second(s)

2022-06-20 11:55:44 - [TEST_STEP][PASSED] - I.Approveforothers("//*[@id="level_apl_1"]/div[2]/div[2]/div/div/div[1]/img", "//*[@id="level_apl_1"]/div[2]/div[2]/div/div/div[6]/a[2]/span"): Object: 'Object Repository/1. Constant/xpath' is clicked on

2022-06-20 11:55:44 - [MESSAGE][PASSED] - Object: 'Object Repository/1. Constant/xpath' is clicked on

2022-06-20 11:55:45 - [MESSAGE][PASSED] - Delayed 1 second(s)

2022-06-20 11:55:45 - [MESSAGE][PASSED] - Object: 'Object Repository/1. Constant/xpath' is clicked on

2022-06-20 11:55:46 - [MESSAGE][PASSED] - Delayed 1 second(s)

2022-06-20 11:55:46 - [MESSAGE][PASSED] - Object: 'Object Repository/1. Constant/xpath' is hovered

2022-06-20 11:55:47 - [MESSAGE][PASSED] - Object: 'Object Repository/1. Constant/xpath' is clicked on

2022-06-20 11:55:48 - [MESSAGE][PASSED] - Delayed 1 second(s)

2022-06-20 11:55:52 - [MESSAGE][PASSED] - Object: 'Object Repository/1. Constant/xpath' is clicked on

2022-06-20 11:55:52 - [TEST_STEP][PASSED] - delay(1): Delayed 1 second(s)

2022-06-20 11:55:53 - [MESSAGE][PASSED] - Delayed 1 second(s)

2022-06-20 11:55:53 - [TEST_STEP][PASSED] - I.Approveforothers("//*[@id="level_apl_2"]/div[2]/div[2]/div/div", "//*[@id="level_apl_2"]/div[2]/div[2]/div/div/div[6]/a[2]/span"): Object: 'Object Repository/1. Constant/xpath' is clicked on

2022-06-20 11:55:54 - [MESSAGE][PASSED] - Object: 'Object Repository/1. Constant/xpath' is clicked on

2022-06-20 11:55:55 - [MESSAGE][PASSED] - Delayed 1 second(s)

2022-06-20 11:55:57 - [MESSAGE][PASSED] - Object: 'Object Repository/1. Constant/xpath' is clicked on

2022-06-20 11:55:58 - [MESSAGE][PASSED] - Delayed 1 second(s)

2022-06-20 11:55:59 - [MESSAGE][PASSED] - Object: 'Object Repository/1. Constant/xpath' is hovered

2022-06-20 11:56:00 - [MESSAGE][PASSED] - Object: 'Object Repository/1. Constant/xpath' is clicked on

2022-06-20 11:56:01 - [MESSAGE][PASSED] - Delayed 1 second(s)

2022-06-20 11:56:06 - [MESSAGE][PASSED] - Object: 'Object Repository/1. Constant/xpath' is clicked on

2022-06-20 11:56:06 - [TEST_STEP][PASSED] - delay(1): Delayed 1 second(s)

2022-06-20 11:56:07 - [MESSAGE][PASSED] - Delayed 1 second(s)

2022-06-20 11:56:07 - [TEST_STEP][PASSED] - I.Logout(): Delayed 3 second(s)

2022-06-20 11:56:10 - [MESSAGE][PASSED] - Delayed 3 second(s)

2022-06-20 11:56:10 - [MESSAGE][PASSED] - Object: 'Object Repository/1. Constant/xpath' is clicked on

2022-06-20 11:56:13 - [MESSAGE][PASSED] - Delayed 3 second(s)

2022-06-20 11:56:15 - [MESSAGE][PASSED] - Object: 'Object Repository/1. Constant/xpath' is clicked on

2022-06-20 11:56:18 - [MESSAGE][PASSED] - Delayed 3 second(s)

2022-06-20 11:56:18 - [TEST_STEP][PASSED] - I.Login_password("agluszczynska", password_agluszczynska): Object: 'Object Repository/1. Constant/xpath' is clicked on

2022-06-20 11:56:18 - [MESSAGE][PASSED] - Text 'agluszczynska' is set on object 'Object Repository/1. Constant/xpath'

2022-06-20 11:56:19 - [MESSAGE][PASSED] - Delayed 1 second(s)

2022-06-20 11:56:20 - [MESSAGE][PASSED] - Text 'diadeis' is set on object 'Object Repository/1. Constant/xpath'

2022-06-20 11:56:21 - [MESSAGE][PASSED] - Delayed 1 second(s)

2022-06-20 11:56:23 - [MESSAGE][PASSED] - Object: 'Object Repository/1. Constant/xpath' is clicked on

2022-06-20 11:56:23 - [TEST_STEP][PASSED] - takeScreenshot(): Taking screenshot successfully

2022-06-20 11:56:24 - [MESSAGE][PASSED] - Taking screenshot successfully
[[ATTACHMENT|D:\\Projet Test Auto\\Mediabox Test Automation [Test]\\Reports\\20220620_112818\\z01. Test Suites\\202. TestStarPack Full Lifecycle _Change of Rights_SAS\\20220620_112819\\1655718983939.png]]

2022-06-20 11:56:24 - [TEST_STEP][PASSED] - click(findTestObject("1. Constant/02_LHSMenu_Projects")): Object: 'Object Repository/1. Constant/02_LHSMenu_Projects' is clicked on

2022-06-20 11:56:27 - [MESSAGE][PASSED] - Object: 'Object Repository/1. Constant/02_LHSMenu_Projects' is clicked on

2022-06-20 11:56:27 - [TEST_STEP][PASSED] - I.SearchProjectNo(Project_No, findTestObject("HL Full Lifecycle/9 Filter_Button_Apply")): Delayed 5 second(s)

2022-06-20 11:56:27 - [MESSAGE][PASSED] - Text 'MI000949' is set on object 'Object Repository/1. Constant/xpath'

2022-06-20 11:56:30 - [MESSAGE][PASSED] - Delayed 3 second(s)

2022-06-20 11:56:34 - [MESSAGE][PASSED] - Object: 'Object Repository/HL Full Lifecycle/9 Filter_Button_Apply' is clicked on

2022-06-20 11:56:39 - [MESSAGE][PASSED] - Delayed 5 second(s)

2022-06-20 11:56:39 - [TEST_STEP][PASSED] - click(findTestObject("Object Repository/StarPack - Full Lifecycle (AWIS)/6.01 Anais id_refID_a2", ["refID":"ancre_" + refID_PS])): Object: 'Object Repository/StarPack - Full Lifecycle (AWIS)/6.01 Anais id_refID_a2' is clicked on

2022-06-20 11:56:42 - [MESSAGE][PASSED] - Object: 'Object Repository/StarPack - Full Lifecycle (AWIS)/6.01 Anais id_refID_a2' is clicked on

2022-06-20 11:56:42 - [TEST_STEP][PASSED] - I.UploadDoc_sendkey_field("//*[@id="var_25"]", "D:\Upoad_File\Upload doc\testdata1.pdf", "testdata1"): Text 'testdata1' is present on page 

2022-06-20 11:56:44 - [MESSAGE][PASSED] - Delayed 2 second(s)

2022-06-20 11:56:44 - [MESSAGE][PASSED] - Keys 'D:\Upoad_File\Upload doc\testdata1.pdf' sent to object: 'Object Repository/1. Constant/xpath'

2022-06-20 11:56:44 - [MESSAGE][PASSED] - Text 'testdata1' is present on page 

2022-06-20 11:56:44 - [TEST_STEP][PASSED] - click(findTestObject("1. Constant/xpath", ["xpath":"//*[@id="ModifFiche"]/div[3]/div/button[2]"])): Object: 'Object Repository/1. Constant/xpath' is clicked on

2022-06-20 11:56:53 - [MESSAGE][PASSED] - Object: 'Object Repository/1. Constant/xpath' is clicked on

2022-06-20 11:56:53 - [TEST_STEP][PASSED] - I.Logout(): Delayed 3 second(s)

2022-06-20 11:56:56 - [MESSAGE][PASSED] - Delayed 3 second(s)

2022-06-20 11:56:56 - [MESSAGE][PASSED] - Object: 'Object Repository/1. Constant/xpath' is clicked on

2022-06-20 11:56:59 - [MESSAGE][PASSED] - Delayed 3 second(s)

2022-06-20 11:57:01 - [MESSAGE][PASSED] - Object: 'Object Repository/1. Constant/xpath' is clicked on

2022-06-20 11:57:04 - [MESSAGE][PASSED] - Delayed 3 second(s)

2022-06-20 11:57:04 - [TEST_STEP][PASSED] - I.Login_password("aherms", password_aherms): Object: 'Object Repository/1. Constant/xpath' is clicked on

2022-06-20 11:57:04 - [MESSAGE][PASSED] - Text 'aherms' is set on object 'Object Repository/1. Constant/xpath'

2022-06-20 11:57:05 - [MESSAGE][PASSED] - Delayed 1 second(s)

2022-06-20 11:57:06 - [MESSAGE][PASSED] - Text 'diadeis' is set on object 'Object Repository/1. Constant/xpath'

2022-06-20 11:57:07 - [MESSAGE][PASSED] - Delayed 1 second(s)

2022-06-20 11:57:09 - [MESSAGE][PASSED] - Object: 'Object Repository/1. Constant/xpath' is clicked on

2022-06-20 11:57:09 - [TEST_STEP][PASSED] - takeScreenshot(): Taking screenshot successfully

2022-06-20 11:57:09 - [MESSAGE][PASSED] - Taking screenshot successfully
[[ATTACHMENT|D:\\Projet Test Auto\\Mediabox Test Automation [Test]\\Reports\\20220620_112818\\z01. Test Suites\\202. TestStarPack Full Lifecycle _Change of Rights_SAS\\20220620_112819\\1655719029569.png]]

2022-06-20 11:57:09 - [TEST_STEP][PASSED] - click(findTestObject("1. Constant/02_LHSMenu_Projects")): Object: 'Object Repository/1. Constant/02_LHSMenu_Projects' is clicked on

2022-06-20 11:57:19 - [MESSAGE][PASSED] - Object: 'Object Repository/1. Constant/02_LHSMenu_Projects' is clicked on

2022-06-20 11:57:19 - [TEST_STEP][PASSED] - I.SearchProjectNo(Project_No, findTestObject("HL Full Lifecycle/9 Filter_Button_Apply")): Delayed 5 second(s)

2022-06-20 11:57:20 - [MESSAGE][PASSED] - Text 'MI000949' is set on object 'Object Repository/1. Constant/xpath'

2022-06-20 11:57:23 - [MESSAGE][PASSED] - Delayed 3 second(s)

2022-06-20 11:57:26 - [MESSAGE][PASSED] - Object: 'Object Repository/HL Full Lifecycle/9 Filter_Button_Apply' is clicked on

2022-06-20 11:57:31 - [MESSAGE][PASSED] - Delayed 5 second(s)

2022-06-20 11:57:31 - [TEST_STEP][PASSED] - color3 = getCSSValue(findTestObject("Object Repository/StarPack - Full Lifecycle (AWIS)/6.01 Anais id_refID_a2", ["refID":"ancre_" + refID_PS]), "color", OPTIONAL): Get CSS 'color' value on 'Object Repository/StarPack - Full Lifecycle (AWIS)/6.01 Anais id_refID_a2' successfully: 'rgba(255, 255, 255, 1)'.

2022-06-20 11:57:31 - [MESSAGE][PASSED] - Get CSS 'color' value on 'Object Repository/StarPack - Full Lifecycle (AWIS)/6.01 Anais id_refID_a2' successfully: 'rgba(255, 255, 255, 1)'.

2022-06-20 11:57:31 - [TEST_STEP][PASSED] - while (color3 == "rgba(255, 255, 255, 1)"): null

2022-06-20 11:57:31 - [TEST_STEP][PASSED] - click(findTestObject("Object Repository/StarPack - Full Lifecycle (AWIS)/6.01 Anais id_refID_a2", ["refID":"ancre_" + refID_PS])): Object: 'Object Repository/StarPack - Full Lifecycle (AWIS)/6.01 Anais id_refID_a2' is clicked on

2022-06-20 11:57:34 - [MESSAGE][PASSED] - Object: 'Object Repository/StarPack - Full Lifecycle (AWIS)/6.01 Anais id_refID_a2' is clicked on

2022-06-20 11:57:34 - [TEST_STEP][PASSED] - takeScreenshot(): Taking screenshot successfully

2022-06-20 11:57:34 - [MESSAGE][PASSED] - Taking screenshot successfully
[[ATTACHMENT|D:\\Projet Test Auto\\Mediabox Test Automation [Test]\\Reports\\20220620_112818\\z01. Test Suites\\202. TestStarPack Full Lifecycle _Change of Rights_SAS\\20220620_112819\\1655719054389.png]]

2022-06-20 11:57:34 - [TEST_STEP][PASSED] - I.UploadDoc_sendkey_Prod(findTestObject("1. Constant/xpath", ["xpath":"//*[@id="kt_body"]/input[2]"]), "D:\Upoad_File\Upload doc\testdataaddition1.jpg", "testdataaddition1.jpg"): Delayed 5 second(s)

2022-06-20 11:57:34 - [MESSAGE][PASSED] - Scroll to object 'Object Repository/1. Constant/xpath' successfully

2022-06-20 11:57:39 - [MESSAGE][PASSED] - Delayed 5 second(s)

2022-06-20 11:57:40 - [MESSAGE][PASSED] - File 'D:\Upoad_File\Upload doc\testdataaddition1.jpg' sent to object: 'Object Repository/1. Constant/xpath'

2022-06-20 11:57:45 - [MESSAGE][PASSED] - Delayed 5 second(s)

2022-06-20 11:57:45 - [MESSAGE][PASSED] - Text 'testdataaddition1.jpg' is present on page 

2022-06-20 11:57:50 - [MESSAGE][PASSED] - Delayed 5 second(s)

2022-06-20 11:57:55 - [MESSAGE][PASSED] - Delayed 5 second(s)

2022-06-20 11:57:55 - [TEST_STEP][PASSED] - takeScreenshot(): Taking screenshot successfully

2022-06-20 11:57:55 - [MESSAGE][PASSED] - Taking screenshot successfully
[[ATTACHMENT|D:\\Projet Test Auto\\Mediabox Test Automation [Test]\\Reports\\20220620_112818\\z01. Test Suites\\202. TestStarPack Full Lifecycle _Change of Rights_SAS\\20220620_112819\\1655719075359.png]]

2022-06-20 11:57:55 - [TEST_STEP][PASSED] - delay(10): Delayed 10 second(s)

2022-06-20 11:58:05 - [MESSAGE][PASSED] - Delayed 10 second(s)

2022-06-20 11:58:05 - [TEST_STEP][PASSED] - I.click_button_javascript(findTestObject("Object Repository/HL Full Lifecycle/12 ReferncePage_Button_Updatensenddoc")): Execute JavaScript 'arguments[0].click()' successfully

2022-06-20 11:58:13 - [MESSAGE][PASSED] - Execute JavaScript 'arguments[0].click()' successfully

2022-06-20 11:58:13 - [TEST_STEP][PASSED] - delay(5): Delayed 5 second(s)

2022-06-20 11:58:18 - [MESSAGE][PASSED] - Delayed 5 second(s)

2022-06-20 11:58:18 - [TEST_STEP][PASSED] - if (verifyElementPresent(findTestObject("Object Repository/StarPack - Full Lifecycle (AWIS)/6.01 Anais id_refID_a2", ["refID":"ancre_" + refID_PS]), 10, OPTIONAL)): com.kms.katalon.core.webui.exception.WebElementNotFoundException: Web element with id: 'Object Repository/StarPack - Full Lifecycle (AWIS)/6.01 Anais id_refID_a2' located by '//*[@id="ancre_5906"]/a[2]' not found (Root cause: com.kms.katalon.core.exception.StepFailedException: com.kms.katalon.core.webui.exception.WebElementNotFoundException: Web element with id: 'Object Repository/StarPack - Full Lifecycle (AWIS)/6.01 Anais id_refID_a2' located by '//*[@id="ancre_5906"]/a[2]' not found
	at com.kms.katalon.core.webui.keyword.internal.WebUIKeywordMain.stepFailed(WebUIKeywordMain.groovy:64)
	at com.kms.katalon.core.webui.keyword.builtin.VerifyElementPresentKeyword$_verifyElementPresent_closure1.doCall(VerifyElementPresentKeyword.groovy:85)
	at com.kms.katalon.core.webui.keyword.builtin.VerifyElementPresentKeyword$_verifyElementPresent_closure1.call(VerifyElementPresentKeyword.groovy)
	at com.kms.katalon.core.webui.keyword.internal.WebUIKeywordMain.runKeyword(WebUIKeywordMain.groovy:20)
	at com.kms.katalon.core.webui.keyword.builtin.VerifyElementPresentKeyword.verifyElementPresent(VerifyElementPresentKeyword.groovy:92)
	at com.kms.katalon.core.webui.keyword.builtin.VerifyElementPresentKeyword.execute(VerifyElementPresentKeyword.groovy:68)
	at com.kms.katalon.core.keyword.internal.KeywordExecutor.executeKeywordForPlatform(KeywordExecutor.groovy:74)
	at com.kms.katalon.core.webui.keyword.WebUiBuiltInKeywords.verifyElementPresent(WebUiBuiltInKeywords.groovy:1448)
	at com.kms.katalon.core.webui.keyword.WebUiBuiltInKeywords$verifyElementPresent$15.call(Unknown Source)
	at 202.01 TestStarPack Full Lifecycle CreationDaughRef 202.02 P2.run(202.01 TestStarPack Full Lifecycle CreationDaughRef 202.02 P2:794)
	at com.kms.katalon.core.main.ScriptEngine.run(ScriptEngine.java:194)
	at com.kms.katalon.core.main.ScriptEngine.runScriptAsRawText(ScriptEngine.java:119)
	at com.kms.katalon.core.main.TestCaseExecutor.runScript(TestCaseExecutor.java:445)
	at com.kms.katalon.core.main.TestCaseExecutor.doExecute(TestCaseExecutor.java:436)
	at com.kms.katalon.core.main.TestCaseExecutor.processExecutionPhase(TestCaseExecutor.java:415)
	at com.kms.katalon.core.main.TestCaseExecutor.accessMainPhase(TestCaseExecutor.java:407)
	at com.kms.katalon.core.main.TestCaseExecutor.execute(TestCaseExecutor.java:284)
	at com.kms.katalon.core.common.CommonExecutor.accessTestCaseMainPhase(CommonExecutor.java:65)
	at com.kms.katalon.core.main.TestSuiteExecutor.accessTestSuiteMainPhase(TestSuiteExecutor.java:144)
	at com.kms.katalon.core.main.TestSuiteExecutor.execute(TestSuiteExecutor.java:106)
	at com.kms.katalon.core.main.TestCaseMain.startTestSuite(TestCaseMain.java:185)
	at com.kms.katalon.core.main.TestCaseMain$startTestSuite$0.call(Unknown Source)
	at TempTestSuite1655717299770.run(TempTestSuite1655717299770.groovy:36)
)

2022-06-20 11:58:29 - [MESSAGE][INFO] - Unable to find the element located by 'By.xpath: //*[@id="ancre_5906"]/a[2]'. Please recheck the objects properties to make sure the desired element is located. 

2022-06-20 11:58:30 - [MESSAGE][WARNING] - com.kms.katalon.core.webui.exception.WebElementNotFoundException: Web element with id: 'Object Repository/StarPack - Full Lifecycle (AWIS)/6.01 Anais id_refID_a2' located by '//*[@id="ancre_5906"]/a[2]' not found (Root cause: com.kms.katalon.core.exception.StepFailedException: com.kms.katalon.core.webui.exception.WebElementNotFoundException: Web element with id: 'Object Repository/StarPack - Full Lifecycle (AWIS)/6.01 Anais id_refID_a2' located by '//*[@id="ancre_5906"]/a[2]' not found
	at com.kms.katalon.core.webui.keyword.internal.WebUIKeywordMain.stepFailed(WebUIKeywordMain.groovy:64)
	at com.kms.katalon.core.webui.keyword.builtin.VerifyElementPresentKeyword$_verifyElementPresent_closure1.doCall(VerifyElementPresentKeyword.groovy:85)
	at com.kms.katalon.core.webui.keyword.builtin.VerifyElementPresentKeyword$_verifyElementPresent_closure1.call(VerifyElementPresentKeyword.groovy)
	at com.kms.katalon.core.webui.keyword.internal.WebUIKeywordMain.runKeyword(WebUIKeywordMain.groovy:20)
	at com.kms.katalon.core.webui.keyword.builtin.VerifyElementPresentKeyword.verifyElementPresent(VerifyElementPresentKeyword.groovy:92)
	at com.kms.katalon.core.webui.keyword.builtin.VerifyElementPresentKeyword.execute(VerifyElementPresentKeyword.groovy:68)
	at com.kms.katalon.core.keyword.internal.KeywordExecutor.executeKeywordForPlatform(KeywordExecutor.groovy:74)
	at com.kms.katalon.core.webui.keyword.WebUiBuiltInKeywords.verifyElementPresent(WebUiBuiltInKeywords.groovy:1448)
	at com.kms.katalon.core.webui.keyword.WebUiBuiltInKeywords$verifyElementPresent$15.call(Unknown Source)
	at 202.01 TestStarPack Full Lifecycle CreationDaughRef 202.02 P2.run(202.01 TestStarPack Full Lifecycle CreationDaughRef 202.02 P2:794)
	at com.kms.katalon.core.main.ScriptEngine.run(ScriptEngine.java:194)
	at com.kms.katalon.core.main.ScriptEngine.runScriptAsRawText(ScriptEngine.java:119)
	at com.kms.katalon.core.main.TestCaseExecutor.runScript(TestCaseExecutor.java:445)
	at com.kms.katalon.core.main.TestCaseExecutor.doExecute(TestCaseExecutor.java:436)
	at com.kms.katalon.core.main.TestCaseExecutor.processExecutionPhase(TestCaseExecutor.java:415)
	at com.kms.katalon.core.main.TestCaseExecutor.accessMainPhase(TestCaseExecutor.java:407)
	at com.kms.katalon.core.main.TestCaseExecutor.execute(TestCaseExecutor.java:284)
	at com.kms.katalon.core.common.CommonExecutor.accessTestCaseMainPhase(CommonExecutor.java:65)
	at com.kms.katalon.core.main.TestSuiteExecutor.accessTestSuiteMainPhase(TestSuiteExecutor.java:144)
	at com.kms.katalon.core.main.TestSuiteExecutor.execute(TestSuiteExecutor.java:106)
	at com.kms.katalon.core.main.TestCaseMain.startTestSuite(TestCaseMain.java:185)
	at com.kms.katalon.core.main.TestCaseMain$startTestSuite$0.call(Unknown Source)
	at TempTestSuite1655717299770.run(TempTestSuite1655717299770.groovy:36)
)
[[ATTACHMENT|D:\\Projet Test Auto\\Mediabox Test Automation [Test]\\Reports\\20220620_112818\\z01. Test Suites\\202. TestStarPack Full Lifecycle _Change of Rights_SAS\\20220620_112819\\1655719109999.png]]

2022-06-20 11:58:30 - [TEST_STEP][PASSED] - else: null

2022-06-20 11:58:30 - [TEST_STEP][PASSED] - color3 = "white": null

2022-06-20 11:58:30 - [TEST_STEP][PASSED] - I.Logout(): Delayed 3 second(s)

2022-06-20 11:58:33 - [MESSAGE][PASSED] - Delayed 3 second(s)

2022-06-20 11:58:33 - [MESSAGE][PASSED] - Object: 'Object Repository/1. Constant/xpath' is clicked on

2022-06-20 11:58:36 - [MESSAGE][PASSED] - Delayed 3 second(s)

2022-06-20 11:58:38 - [MESSAGE][PASSED] - Object: 'Object Repository/1. Constant/xpath' is clicked on

2022-06-20 11:58:41 - [MESSAGE][PASSED] - Delayed 3 second(s)

2022-06-20 11:58:41 - [TEST_STEP][PASSED] - I.Login_password("aterreshernandez", password_aterreshernandez): Object: 'Object Repository/1. Constant/xpath' is clicked on

2022-06-20 11:58:41 - [MESSAGE][PASSED] - Text 'aterreshernandez' is set on object 'Object Repository/1. Constant/xpath'

2022-06-20 11:58:42 - [MESSAGE][PASSED] - Delayed 1 second(s)

2022-06-20 11:58:42 - [MESSAGE][PASSED] - Text 'diadeis' is set on object 'Object Repository/1. Constant/xpath'

2022-06-20 11:58:43 - [MESSAGE][PASSED] - Delayed 1 second(s)

2022-06-20 11:58:47 - [MESSAGE][PASSED] - Object: 'Object Repository/1. Constant/xpath' is clicked on

2022-06-20 11:58:47 - [TEST_STEP][PASSED] - takeScreenshot(): Taking screenshot successfully

2022-06-20 11:58:47 - [MESSAGE][PASSED] - Taking screenshot successfully
[[ATTACHMENT|D:\\Projet Test Auto\\Mediabox Test Automation [Test]\\Reports\\20220620_112818\\z01. Test Suites\\202. TestStarPack Full Lifecycle _Change of Rights_SAS\\20220620_112819\\1655719127580.png]]

2022-06-20 11:58:47 - [TEST_STEP][PASSED] - click(findTestObject("1. Constant/02_LHSMenu_Projects")): Object: 'Object Repository/1. Constant/02_LHSMenu_Projects' is clicked on

2022-06-20 11:58:51 - [MESSAGE][PASSED] - Object: 'Object Repository/1. Constant/02_LHSMenu_Projects' is clicked on

2022-06-20 11:58:51 - [TEST_STEP][PASSED] - I.SearchProjectNo(Project_No, findTestObject("1. Constant/xpath", ["xpath":"//*[@id="form_filters"]/div[7]/button"])): Delayed 5 second(s)

2022-06-20 11:58:51 - [MESSAGE][PASSED] - Text 'MI000949' is set on object 'Object Repository/1. Constant/xpath'

2022-06-20 11:58:54 - [MESSAGE][PASSED] - Delayed 3 second(s)

2022-06-20 11:58:59 - [MESSAGE][PASSED] - Object: 'Object Repository/1. Constant/xpath' is clicked on

2022-06-20 11:59:04 - [MESSAGE][PASSED] - Delayed 5 second(s)

2022-06-20 11:59:04 - [TEST_STEP][PASSED] - click(findTestObject("Object Repository/StarPack - Full Lifecycle (AWIS)/6.01 Anais id_refID_a2", ["refID":"ancre_" + refID_PS])): Object: 'Object Repository/StarPack - Full Lifecycle (AWIS)/6.01 Anais id_refID_a2' is clicked on

2022-06-20 11:59:06 - [MESSAGE][PASSED] - Object: 'Object Repository/StarPack - Full Lifecycle (AWIS)/6.01 Anais id_refID_a2' is clicked on

2022-06-20 11:59:06 - [TEST_STEP][PASSED] - I.AWF_approve_view(): Object: 'Object Repository/HL Full Lifecycle/Function_Appbutton2' is clicked on

2022-06-20 11:59:08 - [MESSAGE][PASSED] - Wait for page load successfully

2022-06-20 11:59:18 - [MESSAGE][PASSED] - Delayed 10 second(s)

2022-06-20 11:59:19 - [MESSAGE][PASSED] - Object: 'Object Repository/HL Full Lifecycle/Function_access Viewer2' is hovered

2022-06-20 11:59:22 - [MESSAGE][PASSED] - Delayed 3 second(s)

2022-06-20 11:59:22 - [MESSAGE][PASSED] - Object: 'Object Repository/HL Full Lifecycle/Function_access Viewer2' is clicked on

2022-06-20 11:59:27 - [MESSAGE][PASSED] - Delayed 5 second(s)

2022-06-20 11:59:27 - [MESSAGE][PASSED] - Object: 'Object Repository/HL Full Lifecycle/Function_AppButton' is clicked on

2022-06-20 11:59:32 - [MESSAGE][PASSED] - Delayed 5 second(s)

2022-06-20 11:59:43 - [MESSAGE][PASSED] - Object: 'Object Repository/HL Full Lifecycle/Function_Appbutton2' is clicked on

2022-06-20 11:59:43 - [TEST_STEP][PASSED] - I.Logout(): Delayed 3 second(s)

2022-06-20 11:59:46 - [MESSAGE][PASSED] - Delayed 3 second(s)

2022-06-20 11:59:47 - [MESSAGE][PASSED] - Object: 'Object Repository/1. Constant/xpath' is clicked on

2022-06-20 11:59:50 - [MESSAGE][PASSED] - Delayed 3 second(s)

2022-06-20 11:59:51 - [MESSAGE][PASSED] - Object: 'Object Repository/1. Constant/xpath' is clicked on

2022-06-20 11:59:54 - [MESSAGE][PASSED] - Delayed 3 second(s)

2022-06-20 11:59:54 - [TEST_STEP][PASSED] - I.Login_password("aherms", password_aherms): Object: 'Object Repository/1. Constant/xpath' is clicked on

2022-06-20 11:59:55 - [MESSAGE][PASSED] - Text 'aherms' is set on object 'Object Repository/1. Constant/xpath'

2022-06-20 11:59:56 - [MESSAGE][PASSED] - Delayed 1 second(s)

2022-06-20 11:59:56 - [MESSAGE][PASSED] - Text 'diadeis' is set on object 'Object Repository/1. Constant/xpath'

2022-06-20 11:59:57 - [MESSAGE][PASSED] - Delayed 1 second(s)

2022-06-20 12:00:00 - [MESSAGE][PASSED] - Object: 'Object Repository/1. Constant/xpath' is clicked on

2022-06-20 12:00:00 - [TEST_STEP][PASSED] - takeScreenshot(): Taking screenshot successfully

2022-06-20 12:00:00 - [MESSAGE][PASSED] - Taking screenshot successfully
[[ATTACHMENT|D:\\Projet Test Auto\\Mediabox Test Automation [Test]\\Reports\\20220620_112818\\z01. Test Suites\\202. TestStarPack Full Lifecycle _Change of Rights_SAS\\20220620_112819\\1655719200388.png]]

2022-06-20 12:00:00 - [TEST_STEP][PASSED] - click(findTestObject("1. Constant/02_LHSMenu_Projects")): Object: 'Object Repository/1. Constant/02_LHSMenu_Projects' is clicked on

2022-06-20 12:00:09 - [MESSAGE][PASSED] - Object: 'Object Repository/1. Constant/02_LHSMenu_Projects' is clicked on

2022-06-20 12:00:09 - [TEST_STEP][PASSED] - I.SearchProjectNo(Project_No, findTestObject("HL Full Lifecycle/9 Filter_Button_Apply")): Delayed 5 second(s)

2022-06-20 12:00:09 - [MESSAGE][PASSED] - Text 'MI000949' is set on object 'Object Repository/1. Constant/xpath'

2022-06-20 12:00:12 - [MESSAGE][PASSED] - Delayed 3 second(s)

2022-06-20 12:00:15 - [MESSAGE][PASSED] - Object: 'Object Repository/HL Full Lifecycle/9 Filter_Button_Apply' is clicked on

2022-06-20 12:00:20 - [MESSAGE][PASSED] - Delayed 5 second(s)

2022-06-20 12:00:20 - [TEST_STEP][PASSED] - click(findTestObject("Object Repository/StarPack - Full Lifecycle (AWIS)/6.01 Anais id_refID_a2", ["refID":"ancre_" + refID_PS])): Object: 'Object Repository/StarPack - Full Lifecycle (AWIS)/6.01 Anais id_refID_a2' is clicked on

2022-06-20 12:00:23 - [MESSAGE][PASSED] - Object: 'Object Repository/StarPack - Full Lifecycle (AWIS)/6.01 Anais id_refID_a2' is clicked on

2022-06-20 12:00:23 - [TEST_STEP][PASSED] - setText(findTestObject("1. Constant/01_id_field_id", ["field_id":"var_48"]), "Número de seguimiento del envío de la muestra de packagingmandatory"): Text 'Número de seguimiento del envío de la muestra de packagingmandatory' is set on object 'Object Repository/1. Constant/01_id_field_id'

2022-06-20 12:00:24 - [MESSAGE][PASSED] - Text 'Número de seguimiento del envío de la muestra de packagingmandatory' is set on object 'Object Repository/1. Constant/01_id_field_id'

2022-06-20 12:00:24 - [TEST_STEP][PASSED] - click(findTestObject("1. Constant/xpath", ["xpath":"//*[@id="ModifFiche"]/div[3]/div/button[2]"])): Object: 'Object Repository/1. Constant/xpath' is clicked on

2022-06-20 12:00:32 - [MESSAGE][PASSED] - Object: 'Object Repository/1. Constant/xpath' is clicked on

2022-06-20 12:00:32 - [TEST_STEP][PASSED] - I.Logout(): Delayed 3 second(s)

2022-06-20 12:00:35 - [MESSAGE][PASSED] - Delayed 3 second(s)

2022-06-20 12:00:35 - [MESSAGE][PASSED] - Object: 'Object Repository/1. Constant/xpath' is clicked on

2022-06-20 12:00:38 - [MESSAGE][PASSED] - Delayed 3 second(s)

2022-06-20 12:00:39 - [MESSAGE][PASSED] - Object: 'Object Repository/1. Constant/xpath' is clicked on

2022-06-20 12:00:42 - [MESSAGE][PASSED] - Delayed 3 second(s)

2022-06-20 12:00:42 - [TEST_STEP][PASSED] - I.Login_password("aterreshernandez", password_aterreshernandez): Object: 'Object Repository/1. Constant/xpath' is clicked on

2022-06-20 12:00:43 - [MESSAGE][PASSED] - Text 'aterreshernandez' is set on object 'Object Repository/1. Constant/xpath'

2022-06-20 12:00:44 - [MESSAGE][PASSED] - Delayed 1 second(s)

2022-06-20 12:00:44 - [MESSAGE][PASSED] - Text 'diadeis' is set on object 'Object Repository/1. Constant/xpath'

2022-06-20 12:00:45 - [MESSAGE][PASSED] - Delayed 1 second(s)

2022-06-20 12:00:49 - [MESSAGE][PASSED] - Object: 'Object Repository/1. Constant/xpath' is clicked on

2022-06-20 12:00:49 - [TEST_STEP][PASSED] - takeScreenshot(): Taking screenshot successfully

2022-06-20 12:00:49 - [MESSAGE][PASSED] - Taking screenshot successfully
[[ATTACHMENT|D:\\Projet Test Auto\\Mediabox Test Automation [Test]\\Reports\\20220620_112818\\z01. Test Suites\\202. TestStarPack Full Lifecycle _Change of Rights_SAS\\20220620_112819\\1655719249647.png]]

2022-06-20 12:00:49 - [TEST_STEP][PASSED] - click(findTestObject("1. Constant/02_LHSMenu_Projects")): Object: 'Object Repository/1. Constant/02_LHSMenu_Projects' is clicked on

2022-06-20 12:00:54 - [MESSAGE][PASSED] - Object: 'Object Repository/1. Constant/02_LHSMenu_Projects' is clicked on

2022-06-20 12:00:54 - [TEST_STEP][PASSED] - I.SearchProjectNo(Project_No, findTestObject("1. Constant/xpath", ["xpath":"//*[@id="form_filters"]/div[7]/button"])): Delayed 5 second(s)

2022-06-20 12:00:55 - [MESSAGE][PASSED] - Text 'MI000949' is set on object 'Object Repository/1. Constant/xpath'

2022-06-20 12:00:58 - [MESSAGE][PASSED] - Delayed 3 second(s)

2022-06-20 12:01:02 - [MESSAGE][PASSED] - Object: 'Object Repository/1. Constant/xpath' is clicked on

2022-06-20 12:01:07 - [MESSAGE][PASSED] - Delayed 5 second(s)

2022-06-20 12:01:07 - [TEST_STEP][PASSED] - click(findTestObject("Object Repository/StarPack - Full Lifecycle (AWIS)/6.01 Anais id_refID_a2", ["refID":"ancre_" + refID_PS])): Object: 'Object Repository/StarPack - Full Lifecycle (AWIS)/6.01 Anais id_refID_a2' is clicked on

2022-06-20 12:01:13 - [MESSAGE][PASSED] - Object: 'Object Repository/StarPack - Full Lifecycle (AWIS)/6.01 Anais id_refID_a2' is clicked on

2022-06-20 12:01:13 - [TEST_STEP][PASSED] - I.status_lifecycle(findTestObject("1. Constant/xpath", ["xpath":"/html/body/div[1]/div[2]/div[4]/div[3]/div/div[2]/div[2]/div[1]/table/tbody/tr[2]/td[7]/span"]), "Completado"): Status contain Completado.

2022-06-20 12:01:14 - [MESSAGE][PASSED] - Text of object 'Object Repository/1. Constant/xpath' is: 'Completado'

2022-06-20 12:01:14 - [MESSAGE][PASSED] - Status contain Completado.

2022-06-20 12:01:14 - [TEST_STEP][PASSED] - takeScreenshot(): Taking screenshot successfully

2022-06-20 12:01:14 - [MESSAGE][PASSED] - Taking screenshot successfully
[[ATTACHMENT|D:\\Projet Test Auto\\Mediabox Test Automation [Test]\\Reports\\20220620_112818\\z01. Test Suites\\202. TestStarPack Full Lifecycle _Change of Rights_SAS\\20220620_112819\\1655719274329.png]]

2022-06-20 12:01:14 - [TEST_STEP][PASSED] - closeBrowser(): Browser is closed

2022-06-20 12:01:16 - [MESSAGE][PASSED] - Browser is closed

2022-06-20 12:01:16 - [TEST_STEP][PASSED] - Start listener action : sampleAfterTestCase: null]]></system-out>
         <system-err><![CDATA[]]></system-err>
      </testcase>
      <testcase name="Test Cases/202. TestStarPack Full Lifecycle _Change of Rights_SAS/202.02 TestStarpack Add Phase group (Completed) - Existing ref 202.01 P2" time="212.763" classname="Test Cases/202. TestStarPack Full Lifecycle _Change of Rights_SAS/202.02 TestStarpack Add Phase group (Completed) - Existing ref 202.01 P2" status="PASSED">
         <system-out><![CDATA[2022-06-20 12:01:16 - [TEST_CASE][PASSED] - Test Cases/202. TestStarPack Full Lifecycle _Change of Rights_SAS/202.02 TestStarpack Add Phase group (Completed) - Existing ref 202.01 P2: Test Cases/202. TestStarPack Full Lifecycle _Change of Rights_SAS/202.02 TestStarpack Add Phase group (Completed) - Existing ref 202.01 P2

2022-06-20 12:01:17 - [TEST_STEP][PASSED] - data = findTestData("Data Files/Username_Password/Test_Starpack"): null

2022-06-20 12:01:17 - [TEST_STEP][PASSED] - password_suser = data.getValue(2, 1): null

2022-06-20 12:01:17 - [TEST_STEP][PASSED] - password_aherms = data.getValue(2, 2): null

2022-06-20 12:01:17 - [TEST_STEP][PASSED] - data_urlTestAUTO = findTestData("Data Files/URL/URL_testauto"): null

2022-06-20 12:01:17 - [TEST_STEP][PASSED] - Url_Starpack = data_urlTestAUTO.getValue(2, 2): null

2022-06-20 12:01:17 - [TEST_STEP][PASSED] - Project_No = I.readnotepad("D:\Upoad_File\zTest_Auto\Test_Projet_ Login\StarPack\202.01 StarPack _Project_No\202.01_StarPack_ProjectNo.txt"): null

2022-06-20 12:01:17 - [TEST_STEP][PASSED] - refID = I.readnotepad("D:\Upoad_File\zTest_Auto\Test_Projet_ Login\StarPack\202.01 StarPack _Project_No\202.01_StarPack_refID.txt"): null

2022-06-20 12:01:17 - [TEST_STEP][PASSED] - refID_PS = I.readnotepad("D:\Upoad_File\zTest_Auto\Test_Projet_ Login\StarPack\202.01 StarPack _Project_No\202.01_StarPack_refID_PS.txt"): null

2022-06-20 12:01:17 - [TEST_STEP][PASSED] - refID_PTS = I.readnotepad("D:\Upoad_File\zTest_Auto\Test_Projet_ Login\StarPack\202.01 StarPack _Project_No\202.01_StarPack_refID_PTS.txt"): null

2022-06-20 12:01:17 - [TEST_STEP][PASSED] - refID_TD = I.readnotepad("D:\Upoad_File\zTest_Auto\Test_Projet_ Login\StarPack\202.01 StarPack _Project_No\202.01_StarPack_refID_TD.txt"): null

2022-06-20 12:01:17 - [TEST_STEP][PASSED] - openBrowser(Url_Starpack): Browser is opened with url: 'https://mdb-v3-test.diadeis.com/MediaboxIndependence/?MBI_datasource=RELTEST_STARPACK'

2022-06-20 12:01:17 - [MESSAGE][INFO] - Starting 'Chrome (headless)' driver

2022-06-20 12:01:17 - [MESSAGE][INFO] - User set preference: ['args', '[--window-size=1920,1080, --headless]']

2022-06-20 12:01:17 - [MESSAGE][INFO] - Action delay is set to 0 milliseconds

2022-06-20 12:01:28 - [MESSAGE][PASSED] - Browser is opened with url: 'https://mdb-v3-test.diadeis.com/MediaboxIndependence/?MBI_datasource=RELTEST_STARPACK'

2022-06-20 12:01:28 - [TEST_STEP][PASSED] - maximizeWindow(): Current window maximized

2022-06-20 12:01:28 - [MESSAGE][PASSED] - Current window maximized

2022-06-20 12:01:28 - [TEST_STEP][PASSED] - I.Login_password("suser", password_suser): Object: 'Object Repository/1. Constant/xpath' is clicked on

2022-06-20 12:01:28 - [MESSAGE][PASSED] - Text 'suser' is set on object 'Object Repository/1. Constant/xpath'

2022-06-20 12:01:29 - [MESSAGE][PASSED] - Delayed 1 second(s)

2022-06-20 12:01:29 - [MESSAGE][PASSED] - Text 'diadeis' is set on object 'Object Repository/1. Constant/xpath'

2022-06-20 12:01:30 - [MESSAGE][PASSED] - Delayed 1 second(s)

2022-06-20 12:01:34 - [MESSAGE][PASSED] - Object: 'Object Repository/1. Constant/xpath' is clicked on

2022-06-20 12:01:34 - [TEST_STEP][PASSED] - takeScreenshot(): Taking screenshot successfully

2022-06-20 12:01:35 - [MESSAGE][PASSED] - Taking screenshot successfully
[[ATTACHMENT|D:\\Projet Test Auto\\Mediabox Test Automation [Test]\\Reports\\20220620_112818\\z01. Test Suites\\202. TestStarPack Full Lifecycle _Change of Rights_SAS\\20220620_112819\\1655719294853.png]]

2022-06-20 12:01:35 - [TEST_STEP][PASSED] - click(findTestObject("1. Constant/02_LHSMenu_Projects")): Object: 'Object Repository/1. Constant/02_LHSMenu_Projects' is clicked on

2022-06-20 12:01:44 - [MESSAGE][PASSED] - Object: 'Object Repository/1. Constant/02_LHSMenu_Projects' is clicked on

2022-06-20 12:01:44 - [TEST_STEP][PASSED] - I.SearchProjectNo_xpath(Project_No, "//*[@id="keynum_project"]", "//*[@id="form_filters"]/div[4]/button"): Delayed 5 second(s)

2022-06-20 12:01:45 - [MESSAGE][PASSED] - Delayed 1 second(s)

2022-06-20 12:01:45 - [MESSAGE][PASSED] - Text 'MI000949' is set on object 'Object Repository/1. Constant/xpath'

2022-06-20 12:01:48 - [MESSAGE][PASSED] - Delayed 3 second(s)

2022-06-20 12:01:48 - [MESSAGE][PASSED] - Scroll to object 'Object Repository/1. Constant/xpath' successfully

2022-06-20 12:01:52 - [MESSAGE][PASSED] - Object: 'Object Repository/1. Constant/xpath' is clicked on

2022-06-20 12:01:57 - [MESSAGE][PASSED] - Delayed 5 second(s)

2022-06-20 12:01:57 - [TEST_STEP][PASSED] - takeScreenshot(): Taking screenshot successfully

2022-06-20 12:01:57 - [MESSAGE][PASSED] - Taking screenshot successfully
[[ATTACHMENT|D:\\Projet Test Auto\\Mediabox Test Automation [Test]\\Reports\\20220620_112818\\z01. Test Suites\\202. TestStarPack Full Lifecycle _Change of Rights_SAS\\20220620_112819\\1655719317295.png]]

2022-06-20 12:01:57 - [TEST_STEP][PASSED] - delay(1): Delayed 1 second(s)

2022-06-20 12:01:58 - [MESSAGE][PASSED] - Delayed 1 second(s)

2022-06-20 12:01:58 - [TEST_STEP][PASSED] - setText(findTestObject("1. Constant/xpath", ["xpath":"//*[@id="fiche_filter_keywords11"]"]), "PTS"): Text 'PTS' is set on object 'Object Repository/1. Constant/xpath'

2022-06-20 12:01:58 - [MESSAGE][PASSED] - Text 'PTS' is set on object 'Object Repository/1. Constant/xpath'

2022-06-20 12:01:58 - [TEST_STEP][PASSED] - takeScreenshot(): Taking screenshot successfully

2022-06-20 12:01:59 - [MESSAGE][PASSED] - Taking screenshot successfully
[[ATTACHMENT|D:\\Projet Test Auto\\Mediabox Test Automation [Test]\\Reports\\20220620_112818\\z01. Test Suites\\202. TestStarPack Full Lifecycle _Change of Rights_SAS\\20220620_112819\\1655719318940.png]]

2022-06-20 12:01:59 - [TEST_STEP][PASSED] - click(findTestObject("1. Constant/xpath", ["xpath":"//*[@id="source_" + refID_PTS + ""]/td[4]/a"])): Object: 'Object Repository/1. Constant/xpath' is clicked on

2022-06-20 12:02:02 - [MESSAGE][PASSED] - Object: 'Object Repository/1. Constant/xpath' is clicked on

2022-06-20 12:02:02 - [TEST_STEP][PASSED] - click(findTestObject("1. Constant/xpath", ["xpath":"//*[@id="kt_content"]/div[3]/div/ul/li[3]/a"])): Object: 'Object Repository/1. Constant/xpath' is clicked on

2022-06-20 12:02:04 - [MESSAGE][PASSED] - Object: 'Object Repository/1. Constant/xpath' is clicked on

2022-06-20 12:02:04 - [TEST_STEP][PASSED] - takeScreenshot(): Taking screenshot successfully

2022-06-20 12:02:04 - [MESSAGE][PASSED] - Taking screenshot successfully
[[ATTACHMENT|D:\\Projet Test Auto\\Mediabox Test Automation [Test]\\Reports\\20220620_112818\\z01. Test Suites\\202. TestStarPack Full Lifecycle _Change of Rights_SAS\\20220620_112819\\1655719324634.png]]

2022-06-20 12:02:04 - [TEST_STEP][PASSED] - click(findTestObject("1. Constant/xpath", ["xpath":"/html/body/div[1]/div[2]/div[8]/div[3]/div/div[3]/div[3]/div/ul/li/a"])): Object: 'Object Repository/1. Constant/xpath' is clicked on

2022-06-20 12:02:05 - [MESSAGE][PASSED] - Object: 'Object Repository/1. Constant/xpath' is clicked on

2022-06-20 12:02:05 - [TEST_STEP][PASSED] - takeScreenshot(): Taking screenshot successfully

2022-06-20 12:02:05 - [MESSAGE][PASSED] - Taking screenshot successfully
[[ATTACHMENT|D:\\Projet Test Auto\\Mediabox Test Automation [Test]\\Reports\\20220620_112818\\z01. Test Suites\\202. TestStarPack Full Lifecycle _Change of Rights_SAS\\20220620_112819\\1655719325077.png]]

2022-06-20 12:02:05 - [TEST_STEP][PASSED] - click(findTestObject("1. Constant/xpath", ["xpath":"/html/body/div[1]/div[2]/div[8]/div[3]/div/div[3]/div[3]/div/div/div/div/div[3]/div/div[1]/div[2]/div/a[1]"])): Object: 'Object Repository/1. Constant/xpath' is clicked on

2022-06-20 12:02:05 - [MESSAGE][PASSED] - Object: 'Object Repository/1. Constant/xpath' is clicked on

2022-06-20 12:02:05 - [TEST_STEP][PASSED] - delay(1): Delayed 1 second(s)

2022-06-20 12:02:06 - [MESSAGE][PASSED] - Delayed 1 second(s)

2022-06-20 12:02:06 - [TEST_STEP][PASSED] - takeScreenshot(): Taking screenshot successfully

2022-06-20 12:02:06 - [MESSAGE][PASSED] - Taking screenshot successfully
[[ATTACHMENT|D:\\Projet Test Auto\\Mediabox Test Automation [Test]\\Reports\\20220620_112818\\z01. Test Suites\\202. TestStarPack Full Lifecycle _Change of Rights_SAS\\20220620_112819\\1655719326650.png]]

2022-06-20 12:02:06 - [TEST_STEP][PASSED] - I.SelectFromList_Value("//*[@id="added_grp_phase"]", "9"): Delayed 2 second(s)

2022-06-20 12:02:07 - [MESSAGE][PASSED] - All options with value '9' are selected in object 'Object Repository/1. Constant/xpath' 

2022-06-20 12:02:09 - [MESSAGE][PASSED] - Delayed 2 second(s)

2022-06-20 12:02:09 - [TEST_STEP][PASSED] - delay(1): Delayed 1 second(s)

2022-06-20 12:02:10 - [MESSAGE][PASSED] - Delayed 1 second(s)

2022-06-20 12:02:10 - [TEST_STEP][PASSED] - takeScreenshot(): Taking screenshot successfully

2022-06-20 12:02:10 - [MESSAGE][PASSED] - Taking screenshot successfully
[[ATTACHMENT|D:\\Projet Test Auto\\Mediabox Test Automation [Test]\\Reports\\20220620_112818\\z01. Test Suites\\202. TestStarPack Full Lifecycle _Change of Rights_SAS\\20220620_112819\\1655719330261.png]]

2022-06-20 12:02:10 - [TEST_STEP][PASSED] - click(findTestObject("1. Constant/xpath", ["xpath":"//*[@id="modal_addphase"]/div/div/div[3]/button[2]"])): Object: 'Object Repository/1. Constant/xpath' is clicked on

2022-06-20 12:02:16 - [MESSAGE][PASSED] - Object: 'Object Repository/1. Constant/xpath' is clicked on

2022-06-20 12:02:16 - [TEST_STEP][PASSED] - delay(1): Delayed 1 second(s)

2022-06-20 12:02:17 - [MESSAGE][PASSED] - Delayed 1 second(s)

2022-06-20 12:02:17 - [TEST_STEP][PASSED] - I.Pagedown(): Execute JavaScript 'window.scrollTo(0, document.body.scrollHeight)' successfully

2022-06-20 12:02:17 - [MESSAGE][PASSED] - Execute JavaScript 'window.scrollTo(0, document.body.scrollHeight)' successfully

2022-06-20 12:02:17 - [TEST_STEP][PASSED] - I.VerifyMatchText("/html/body/div[1]/div[2]/div[8]/div[3]/div/div[3]/div[3]/div/div/div/div/div[4]/div/div[1]", "PTS"): Actual text 'PTS' and expected text 'PTS' are matched 

2022-06-20 12:02:17 - [MESSAGE][PASSED] - Text of object 'Object Repository/1. Constant/xpath' is: 'PTS'

2022-06-20 12:02:18 - [MESSAGE][PASSED] - Delayed 1 second(s)

2022-06-20 12:02:18 - [MESSAGE][PASSED] - Actual text 'PTS' and expected text 'PTS' are matched 

2022-06-20 12:02:18 - [TEST_STEP][PASSED] - I.VerifyMatchText("/html/body/div[1]/div[2]/div[8]/div[3]/div/div[3]/div[3]/div/div/div/div/div[5]/div/div[1]/div[1]", "PTS Approval"): Actual text 'PTS Approval' and expected text 'PTS Approval' are matched 

2022-06-20 12:02:19 - [MESSAGE][PASSED] - Text of object 'Object Repository/1. Constant/xpath' is: 'PTS Approval'

2022-06-20 12:02:20 - [MESSAGE][PASSED] - Delayed 1 second(s)

2022-06-20 12:02:20 - [MESSAGE][PASSED] - Actual text 'PTS Approval' and expected text 'PTS Approval' are matched 

2022-06-20 12:02:20 - [TEST_STEP][PASSED] - takeScreenshot(): Taking screenshot successfully

2022-06-20 12:02:20 - [MESSAGE][PASSED] - Taking screenshot successfully
[[ATTACHMENT|D:\\Projet Test Auto\\Mediabox Test Automation [Test]\\Reports\\20220620_112818\\z01. Test Suites\\202. TestStarPack Full Lifecycle _Change of Rights_SAS\\20220620_112819\\1655719340326.png]]

2022-06-20 12:02:20 - [TEST_STEP][PASSED] - click(findTestObject("1. Constant/xpath", ["xpath":"/html/body/div[1]/div[2]/div[8]/div[3]/div/div[3]/div[3]/div/div/div/div/div[4]/div/div[1]/div[2]/div/a[1]"])): Object: 'Object Repository/1. Constant/xpath' is clicked on

2022-06-20 12:02:20 - [MESSAGE][PASSED] - Object: 'Object Repository/1. Constant/xpath' is clicked on

2022-06-20 12:02:20 - [TEST_STEP][PASSED] - delay(1): Delayed 1 second(s)

2022-06-20 12:02:21 - [MESSAGE][PASSED] - Delayed 1 second(s)

2022-06-20 12:02:21 - [TEST_STEP][PASSED] - Entries1 = getNumberOfTotalOption(findTestObject("1. Constant/xpath", ["xpath":"//*[@id="added_phase"]"])): 4 options of object 'Object Repository/1. Constant/xpath' counted

2022-06-20 12:02:22 - [MESSAGE][PASSED] - 4 options of object 'Object Repository/1. Constant/xpath' counted

2022-06-20 12:02:22 - [TEST_STEP][PASSED] - verifyEqual(Entries1, 4): Actual object '4' and expected object '4' are equal

2022-06-20 12:02:22 - [MESSAGE][PASSED] - Actual object '4' and expected object '4' are equal

2022-06-20 12:02:22 - [TEST_STEP][PASSED] - Entries2 = getNumberOfTotalOption(findTestObject("1. Constant/xpath", ["xpath":"//*[@id="added_grp_phase"]"])): 2 options of object 'Object Repository/1. Constant/xpath' counted

2022-06-20 12:02:22 - [MESSAGE][PASSED] - 2 options of object 'Object Repository/1. Constant/xpath' counted

2022-06-20 12:02:22 - [TEST_STEP][PASSED] - verifyEqual(Entries2, 2): Actual object '2' and expected object '2' are equal

2022-06-20 12:02:22 - [MESSAGE][PASSED] - Actual object '2' and expected object '2' are equal

2022-06-20 12:02:22 - [TEST_STEP][PASSED] - I.SelectFromList_Value("//*[@id="added_phase"]", "112"): Delayed 2 second(s)

2022-06-20 12:02:22 - [MESSAGE][PASSED] - All options with value '112' are selected in object 'Object Repository/1. Constant/xpath' 

2022-06-20 12:02:24 - [MESSAGE][PASSED] - Delayed 2 second(s)

2022-06-20 12:02:24 - [TEST_STEP][PASSED] - click(findTestObject("1. Constant/xpath", ["xpath":"//*[@id="modal_addphase"]/div/div/div[3]/button[2]"])): Object: 'Object Repository/1. Constant/xpath' is clicked on

2022-06-20 12:02:28 - [MESSAGE][PASSED] - Object: 'Object Repository/1. Constant/xpath' is clicked on

2022-06-20 12:02:28 - [TEST_STEP][PASSED] - I.Pagedown(): Execute JavaScript 'window.scrollTo(0, document.body.scrollHeight)' successfully

2022-06-20 12:02:29 - [MESSAGE][PASSED] - Execute JavaScript 'window.scrollTo(0, document.body.scrollHeight)' successfully

2022-06-20 12:02:29 - [TEST_STEP][PASSED] - takeScreenshot(): Taking screenshot successfully

2022-06-20 12:02:30 - [MESSAGE][PASSED] - Taking screenshot successfully
[[ATTACHMENT|D:\\Projet Test Auto\\Mediabox Test Automation [Test]\\Reports\\20220620_112818\\z01. Test Suites\\202. TestStarPack Full Lifecycle _Change of Rights_SAS\\20220620_112819\\1655719349895.png]]

2022-06-20 12:02:30 - [TEST_STEP][PASSED] - delay(1): Delayed 1 second(s)

2022-06-20 12:02:31 - [MESSAGE][PASSED] - Delayed 1 second(s)

2022-06-20 12:02:31 - [TEST_STEP][PASSED] - I.VerifyMatchText("/html/body/div[1]/div[2]/div[8]/div[3]/div/div[3]/div[3]/div/div/div/div/div[5]/div/div[1]", "Complete PTS"): Actual text 'Complete PTS' and expected text 'Complete PTS' are matched 

2022-06-20 12:02:31 - [MESSAGE][PASSED] - Text of object 'Object Repository/1. Constant/xpath' is: 'Complete PTS'

2022-06-20 12:02:32 - [MESSAGE][PASSED] - Delayed 1 second(s)

2022-06-20 12:02:32 - [MESSAGE][PASSED] - Actual text 'Complete PTS' and expected text 'Complete PTS' are matched 

2022-06-20 12:02:32 - [TEST_STEP][PASSED] - I.VerifyMatchText("/html/body/div[1]/div[2]/div[8]/div[3]/div/div[3]/div[3]/div/div/div/div/div[6]/div/div[1]/div[1]", "PTS Approval"): Actual text 'PTS Approval' and expected text 'PTS Approval' are matched 

2022-06-20 12:02:32 - [MESSAGE][PASSED] - Text of object 'Object Repository/1. Constant/xpath' is: 'PTS Approval'

2022-06-20 12:02:33 - [MESSAGE][PASSED] - Delayed 1 second(s)

2022-06-20 12:02:33 - [MESSAGE][PASSED] - Actual text 'PTS Approval' and expected text 'PTS Approval' are matched 

2022-06-20 12:02:33 - [TEST_STEP][PASSED] - click(findTestObject("1. Constant/xpath", ["xpath":"/html/body/div[1]/div[2]/div[8]/div[3]/div/div[3]/div[3]/div/div/div/div/div[6]/div/div[1]/div[2]/div/a[2]"])): Object: 'Object Repository/1. Constant/xpath' is clicked on

2022-06-20 12:02:33 - [MESSAGE][PASSED] - Object: 'Object Repository/1. Constant/xpath' is clicked on

2022-06-20 12:02:33 - [TEST_STEP][PASSED] - delay(2): Delayed 2 second(s)

2022-06-20 12:02:36 - [MESSAGE][PASSED] - Delayed 2 second(s)

2022-06-20 12:02:36 - [TEST_STEP][PASSED] - takeScreenshot(): Taking screenshot successfully

2022-06-20 12:02:36 - [MESSAGE][PASSED] - Taking screenshot successfully
[[ATTACHMENT|D:\\Projet Test Auto\\Mediabox Test Automation [Test]\\Reports\\20220620_112818\\z01. Test Suites\\202. TestStarPack Full Lifecycle _Change of Rights_SAS\\20220620_112819\\1655719356101.png]]

2022-06-20 12:02:36 - [TEST_STEP][PASSED] - delay(1): Delayed 1 second(s)

2022-06-20 12:02:37 - [MESSAGE][PASSED] - Delayed 1 second(s)

2022-06-20 12:02:37 - [TEST_STEP][PASSED] - click(findTestObject("1. Constant/xpath", ["xpath":"//*[@id="kt_body"]/div[9]/div/div/div[2]/button[2]"])): Object: 'Object Repository/1. Constant/xpath' is clicked on

2022-06-20 12:02:42 - [MESSAGE][PASSED] - Object: 'Object Repository/1. Constant/xpath' is clicked on

2022-06-20 12:02:42 - [TEST_STEP][PASSED] - delay(1): Delayed 1 second(s)

2022-06-20 12:02:43 - [MESSAGE][PASSED] - Delayed 1 second(s)

2022-06-20 12:02:43 - [TEST_STEP][PASSED] - click(findTestObject("1. Constant/xpath", ["xpath":"/html/body/div[1]/div[2]/div[8]/div[3]/div/div[3]/div[3]/div/div/div/div/div[5]/div/div[1]/div[2]/div/a[1]"])): Object: 'Object Repository/1. Constant/xpath' is clicked on

2022-06-20 12:02:44 - [MESSAGE][PASSED] - Object: 'Object Repository/1. Constant/xpath' is clicked on

2022-06-20 12:02:44 - [TEST_STEP][PASSED] - Entries3 = getNumberOfTotalOption(findTestObject("1. Constant/xpath", ["xpath":"//*[@id="added_phase"]"])): 67 options of object 'Object Repository/1. Constant/xpath' counted

2022-06-20 12:02:44 - [MESSAGE][PASSED] - 67 options of object 'Object Repository/1. Constant/xpath' counted

2022-06-20 12:02:44 - [TEST_STEP][PASSED] - Entries4 = getNumberOfTotalOption(findTestObject("1. Constant/xpath", ["xpath":"//*[@id="added_grp_phase"]"])): 5 options of object 'Object Repository/1. Constant/xpath' counted

2022-06-20 12:02:44 - [MESSAGE][PASSED] - 5 options of object 'Object Repository/1. Constant/xpath' counted

2022-06-20 12:02:44 - [TEST_STEP][PASSED] - I.SelectFromList_Value("//*[@id="added_grp_phase"]", "6"): Delayed 2 second(s)

2022-06-20 12:02:44 - [MESSAGE][PASSED] - All options with value '6' are selected in object 'Object Repository/1. Constant/xpath' 

2022-06-20 12:02:46 - [MESSAGE][PASSED] - Delayed 2 second(s)

2022-06-20 12:02:46 - [TEST_STEP][PASSED] - takeScreenshot(): Taking screenshot successfully

2022-06-20 12:02:47 - [MESSAGE][PASSED] - Taking screenshot successfully
[[ATTACHMENT|D:\\Projet Test Auto\\Mediabox Test Automation [Test]\\Reports\\20220620_112818\\z01. Test Suites\\202. TestStarPack Full Lifecycle _Change of Rights_SAS\\20220620_112819\\1655719366809.png]]

2022-06-20 12:02:47 - [TEST_STEP][PASSED] - click(findTestObject("1. Constant/xpath", ["xpath":"//*[@id="modal_addphase"]/div/div/div[3]/button[2]"])): Object: 'Object Repository/1. Constant/xpath' is clicked on

2022-06-20 12:02:50 - [MESSAGE][PASSED] - Object: 'Object Repository/1. Constant/xpath' is clicked on

2022-06-20 12:02:50 - [TEST_STEP][PASSED] - click(findTestObject("1. Constant/xpath", ["xpath":"/html/body/div[1]/div[2]/div[8]/div[3]/div/div[3]/div[3]/div/ul/li[2]/a"])): Object: 'Object Repository/1. Constant/xpath' is clicked on

2022-06-20 12:02:51 - [MESSAGE][PASSED] - Object: 'Object Repository/1. Constant/xpath' is clicked on

2022-06-20 12:02:51 - [TEST_STEP][PASSED] - takeScreenshot(): Taking screenshot successfully

2022-06-20 12:02:51 - [MESSAGE][PASSED] - Taking screenshot successfully
[[ATTACHMENT|D:\\Projet Test Auto\\Mediabox Test Automation [Test]\\Reports\\20220620_112818\\z01. Test Suites\\202. TestStarPack Full Lifecycle _Change of Rights_SAS\\20220620_112819\\1655719371633.png]]

2022-06-20 12:02:51 - [TEST_STEP][PASSED] - I.VerifyMatchText("/html/body/div[1]/div[2]/div[8]/div[3]/div/div[3]/div[3]/div/div/div[2]/div/div[1]/div/div[1]", "PAF"): Actual text 'PAF' and expected text 'PAF' are matched 

2022-06-20 12:02:52 - [MESSAGE][PASSED] - Text of object 'Object Repository/1. Constant/xpath' is: 'PAF'

2022-06-20 12:02:53 - [MESSAGE][PASSED] - Delayed 1 second(s)

2022-06-20 12:02:53 - [MESSAGE][PASSED] - Actual text 'PAF' and expected text 'PAF' are matched 

2022-06-20 12:02:53 - [TEST_STEP][PASSED] - I.VerifyMatchText("/html/body/div[1]/div[2]/div[8]/div[3]/div/div[3]/div[3]/div/div/div[2]/div/div[2]/div/div[1]", "Final artworks"): Actual text 'Final artworks' and expected text 'Final artworks' are matched 

2022-06-20 12:02:53 - [MESSAGE][PASSED] - Text of object 'Object Repository/1. Constant/xpath' is: 'Final artworks'

2022-06-20 12:02:54 - [MESSAGE][PASSED] - Delayed 1 second(s)

2022-06-20 12:02:54 - [MESSAGE][PASSED] - Actual text 'Final artworks' and expected text 'Final artworks' are matched 

2022-06-20 12:02:54 - [TEST_STEP][PASSED] - I.Logout(): Delayed 3 second(s)

2022-06-20 12:02:57 - [MESSAGE][PASSED] - Delayed 3 second(s)

2022-06-20 12:02:57 - [MESSAGE][PASSED] - Object: 'Object Repository/1. Constant/xpath' is clicked on

2022-06-20 12:03:00 - [MESSAGE][PASSED] - Delayed 3 second(s)

2022-06-20 12:03:01 - [MESSAGE][PASSED] - Object: 'Object Repository/1. Constant/xpath' is clicked on

2022-06-20 12:03:04 - [MESSAGE][PASSED] - Delayed 3 second(s)

2022-06-20 12:03:04 - [TEST_STEP][PASSED] - I.Login_password("aherms", password_aherms): Object: 'Object Repository/1. Constant/xpath' is clicked on

2022-06-20 12:03:05 - [MESSAGE][PASSED] - Text 'aherms' is set on object 'Object Repository/1. Constant/xpath'

2022-06-20 12:03:06 - [MESSAGE][PASSED] - Delayed 1 second(s)

2022-06-20 12:03:06 - [MESSAGE][PASSED] - Text 'diadeis' is set on object 'Object Repository/1. Constant/xpath'

2022-06-20 12:03:07 - [MESSAGE][PASSED] - Delayed 1 second(s)

2022-06-20 12:03:10 - [MESSAGE][PASSED] - Object: 'Object Repository/1. Constant/xpath' is clicked on

2022-06-20 12:03:10 - [TEST_STEP][PASSED] - takeScreenshot(): Taking screenshot successfully

2022-06-20 12:03:11 - [MESSAGE][PASSED] - Taking screenshot successfully
[[ATTACHMENT|D:\\Projet Test Auto\\Mediabox Test Automation [Test]\\Reports\\20220620_112818\\z01. Test Suites\\202. TestStarPack Full Lifecycle _Change of Rights_SAS\\20220620_112819\\1655719390821.png]]

2022-06-20 12:03:11 - [TEST_STEP][PASSED] - click(findTestObject("1. Constant/02_LHSMenu_Projects")): Object: 'Object Repository/1. Constant/02_LHSMenu_Projects' is clicked on

2022-06-20 12:03:20 - [MESSAGE][PASSED] - Object: 'Object Repository/1. Constant/02_LHSMenu_Projects' is clicked on

2022-06-20 12:03:20 - [TEST_STEP][PASSED] - I.SearchProjectNo_xpath(Project_No, "//*[@id="keynum_project"]", "//*[@id="form_filters"]/div[4]/button"): Delayed 5 second(s)

2022-06-20 12:03:21 - [MESSAGE][PASSED] - Delayed 1 second(s)

2022-06-20 12:03:21 - [MESSAGE][PASSED] - Text 'MI000949' is set on object 'Object Repository/1. Constant/xpath'

2022-06-20 12:03:24 - [MESSAGE][PASSED] - Delayed 3 second(s)

2022-06-20 12:03:24 - [MESSAGE][PASSED] - Scroll to object 'Object Repository/1. Constant/xpath' successfully

2022-06-20 12:03:28 - [MESSAGE][PASSED] - Object: 'Object Repository/1. Constant/xpath' is clicked on

2022-06-20 12:03:33 - [MESSAGE][PASSED] - Delayed 5 second(s)

2022-06-20 12:03:33 - [TEST_STEP][PASSED] - takeScreenshot(): Taking screenshot successfully

2022-06-20 12:03:33 - [MESSAGE][PASSED] - Taking screenshot successfully
[[ATTACHMENT|D:\\Projet Test Auto\\Mediabox Test Automation [Test]\\Reports\\20220620_112818\\z01. Test Suites\\202. TestStarPack Full Lifecycle _Change of Rights_SAS\\20220620_112819\\1655719413043.png]]

2022-06-20 12:03:33 - [TEST_STEP][PASSED] - delay(1): Delayed 1 second(s)

2022-06-20 12:03:34 - [MESSAGE][PASSED] - Delayed 1 second(s)

2022-06-20 12:03:34 - [TEST_STEP][PASSED] - takeScreenshot(): Taking screenshot successfully

2022-06-20 12:03:34 - [MESSAGE][PASSED] - Taking screenshot successfully
[[ATTACHMENT|D:\\Projet Test Auto\\Mediabox Test Automation [Test]\\Reports\\20220620_112818\\z01. Test Suites\\202. TestStarPack Full Lifecycle _Change of Rights_SAS\\20220620_112819\\1655719414555.png]]

2022-06-20 12:03:34 - [TEST_STEP][PASSED] - click(findTestObject("1. Constant/xpath", ["xpath":"/html/body/div[1]/div[2]/div[4]/div[3]/div/div[2]/div[2]/div[1]/table/tbody/tr[2]/td[9]/a[2]"])): Object: 'Object Repository/1. Constant/xpath' is clicked on

2022-06-20 12:03:38 - [MESSAGE][PASSED] - Object: 'Object Repository/1. Constant/xpath' is clicked on

2022-06-20 12:03:38 - [TEST_STEP][PASSED] - click(findTestObject("1. Constant/xpath", ["xpath":"//*[@id="ModifFiche"]/div[1]/div/button[2]"])): Object: 'Object Repository/1. Constant/xpath' is clicked on

2022-06-20 12:03:45 - [MESSAGE][PASSED] - Object: 'Object Repository/1. Constant/xpath' is clicked on

2022-06-20 12:03:45 - [TEST_STEP][PASSED] - delay(1): Delayed 1 second(s)

2022-06-20 12:03:46 - [MESSAGE][PASSED] - Delayed 1 second(s)

2022-06-20 12:03:46 - [TEST_STEP][PASSED] - takeScreenshot(): Taking screenshot successfully

2022-06-20 12:03:46 - [MESSAGE][PASSED] - Taking screenshot successfully
[[ATTACHMENT|D:\\Projet Test Auto\\Mediabox Test Automation [Test]\\Reports\\20220620_112818\\z01. Test Suites\\202. TestStarPack Full Lifecycle _Change of Rights_SAS\\20220620_112819\\1655719426631.png]]

2022-06-20 12:03:46 - [TEST_STEP][PASSED] - I.VerifyMatchText("//*[@id="source_" + refID_PTS + ""]/td[6]/span[2]", "Complete PTS"): Actual text 'Complete PTS' and expected text 'Complete PTS' are matched 

2022-06-20 12:03:47 - [MESSAGE][PASSED] - Text of object 'Object Repository/1. Constant/xpath' is: 'Complete PTS'

2022-06-20 12:03:48 - [MESSAGE][PASSED] - Delayed 1 second(s)

2022-06-20 12:03:48 - [MESSAGE][PASSED] - Actual text 'Complete PTS' and expected text 'Complete PTS' are matched 

2022-06-20 12:03:48 - [TEST_STEP][PASSED] - I.Logout(): Delayed 3 second(s)

2022-06-20 12:03:51 - [MESSAGE][PASSED] - Delayed 3 second(s)

2022-06-20 12:03:51 - [MESSAGE][PASSED] - Object: 'Object Repository/1. Constant/xpath' is clicked on

2022-06-20 12:03:54 - [MESSAGE][PASSED] - Delayed 3 second(s)

2022-06-20 12:03:56 - [MESSAGE][PASSED] - Object: 'Object Repository/1. Constant/xpath' is clicked on

2022-06-20 12:03:59 - [MESSAGE][PASSED] - Delayed 3 second(s)

2022-06-20 12:03:59 - [TEST_STEP][PASSED] - I.Login_password("suser", password_suser): Object: 'Object Repository/1. Constant/xpath' is clicked on

2022-06-20 12:04:00 - [MESSAGE][PASSED] - Text 'suser' is set on object 'Object Repository/1. Constant/xpath'

2022-06-20 12:04:01 - [MESSAGE][PASSED] - Delayed 1 second(s)

2022-06-20 12:04:01 - [MESSAGE][PASSED] - Text 'diadeis' is set on object 'Object Repository/1. Constant/xpath'

2022-06-20 12:04:02 - [MESSAGE][PASSED] - Delayed 1 second(s)

2022-06-20 12:04:06 - [MESSAGE][PASSED] - Object: 'Object Repository/1. Constant/xpath' is clicked on

2022-06-20 12:04:06 - [TEST_STEP][PASSED] - takeScreenshot(): Taking screenshot successfully

2022-06-20 12:04:06 - [MESSAGE][PASSED] - Taking screenshot successfully
[[ATTACHMENT|D:\\Projet Test Auto\\Mediabox Test Automation [Test]\\Reports\\20220620_112818\\z01. Test Suites\\202. TestStarPack Full Lifecycle _Change of Rights_SAS\\20220620_112819\\1655719446110.png]]

2022-06-20 12:04:06 - [TEST_STEP][PASSED] - click(findTestObject("1. Constant/02_LHSMenu_Projects")): Object: 'Object Repository/1. Constant/02_LHSMenu_Projects' is clicked on

2022-06-20 12:04:14 - [MESSAGE][PASSED] - Object: 'Object Repository/1. Constant/02_LHSMenu_Projects' is clicked on

2022-06-20 12:04:14 - [TEST_STEP][PASSED] - takeScreenshot(): Taking screenshot successfully

2022-06-20 12:04:14 - [MESSAGE][PASSED] - Taking screenshot successfully
[[ATTACHMENT|D:\\Projet Test Auto\\Mediabox Test Automation [Test]\\Reports\\20220620_112818\\z01. Test Suites\\202. TestStarPack Full Lifecycle _Change of Rights_SAS\\20220620_112819\\1655719454604.png]]

2022-06-20 12:04:14 - [TEST_STEP][PASSED] - I.SearchProjectNo_xpath(Project_No, "//*[@id="keynum_project"]", "//*[@id="form_filters"]/div[4]/button"): Delayed 5 second(s)

2022-06-20 12:04:15 - [MESSAGE][PASSED] - Delayed 1 second(s)

2022-06-20 12:04:16 - [MESSAGE][PASSED] - Text 'MI000949' is set on object 'Object Repository/1. Constant/xpath'

2022-06-20 12:04:19 - [MESSAGE][PASSED] - Delayed 3 second(s)

2022-06-20 12:04:20 - [MESSAGE][PASSED] - Scroll to object 'Object Repository/1. Constant/xpath' successfully

2022-06-20 12:04:24 - [MESSAGE][PASSED] - Object: 'Object Repository/1. Constant/xpath' is clicked on

2022-06-20 12:04:29 - [MESSAGE][PASSED] - Delayed 5 second(s)

2022-06-20 12:04:29 - [TEST_STEP][PASSED] - delay(1): Delayed 1 second(s)

2022-06-20 12:04:30 - [MESSAGE][PASSED] - Delayed 1 second(s)

2022-06-20 12:04:30 - [TEST_STEP][PASSED] - takeScreenshot(): Taking screenshot successfully

2022-06-20 12:04:31 - [MESSAGE][PASSED] - Taking screenshot successfully
[[ATTACHMENT|D:\\Projet Test Auto\\Mediabox Test Automation [Test]\\Reports\\20220620_112818\\z01. Test Suites\\202. TestStarPack Full Lifecycle _Change of Rights_SAS\\20220620_112819\\1655719470891.png]]

2022-06-20 12:04:31 - [TEST_STEP][PASSED] - click(findTestObject("1. Constant/xpath", ["xpath":"//*[@id="source_" + refID_PTS + ""]/td[4]/a"])): Object: 'Object Repository/1. Constant/xpath' is clicked on

2022-06-20 12:04:34 - [MESSAGE][PASSED] - Object: 'Object Repository/1. Constant/xpath' is clicked on

2022-06-20 12:04:34 - [TEST_STEP][PASSED] - click(findTestObject("1. Constant/xpath", ["xpath":"//*[@id="kt_content"]/div[3]/div/ul/li[3]/a"])): Object: 'Object Repository/1. Constant/xpath' is clicked on

2022-06-20 12:04:36 - [MESSAGE][PASSED] - Object: 'Object Repository/1. Constant/xpath' is clicked on

2022-06-20 12:04:36 - [TEST_STEP][PASSED] - I.Pagedown(): Execute JavaScript 'window.scrollTo(0, document.body.scrollHeight)' successfully

2022-06-20 12:04:36 - [MESSAGE][PASSED] - Execute JavaScript 'window.scrollTo(0, document.body.scrollHeight)' successfully

2022-06-20 12:04:36 - [TEST_STEP][PASSED] - takeScreenshot(): Taking screenshot successfully

2022-06-20 12:04:36 - [MESSAGE][PASSED] - Taking screenshot successfully
[[ATTACHMENT|D:\\Projet Test Auto\\Mediabox Test Automation [Test]\\Reports\\20220620_112818\\z01. Test Suites\\202. TestStarPack Full Lifecycle _Change of Rights_SAS\\20220620_112819\\1655719476489.png]]

2022-06-20 12:04:36 - [TEST_STEP][PASSED] - click(findTestObject("1. Constant/xpath", ["xpath":"/html/body/div[1]/div[2]/div[8]/div[3]/div/div[3]/div[3]/div/div/div[1]/div/div[5]/div/div[1]/div[2]/div/a[1]"])): Object: 'Object Repository/1. Constant/xpath' is clicked on

2022-06-20 12:04:37 - [MESSAGE][PASSED] - Object: 'Object Repository/1. Constant/xpath' is clicked on

2022-06-20 12:04:37 - [TEST_STEP][PASSED] - I.SelectFromList_Value("//*[@id="added_grp_phase"]", "6"): Delayed 2 second(s)

2022-06-20 12:04:38 - [MESSAGE][PASSED] - All options with value '6' are selected in object 'Object Repository/1. Constant/xpath' 

2022-06-20 12:04:40 - [MESSAGE][PASSED] - Delayed 2 second(s)

2022-06-20 12:04:40 - [TEST_STEP][PASSED] - click(findTestObject("1. Constant/xpath", ["xpath":"//*[@id="modal_addphase"]/div/div/div[3]/button[2]"])): Object: 'Object Repository/1. Constant/xpath' is clicked on

2022-06-20 12:04:46 - [MESSAGE][PASSED] - Object: 'Object Repository/1. Constant/xpath' is clicked on

2022-06-20 12:04:46 - [TEST_STEP][PASSED] - takeScreenshot(): Taking screenshot successfully

2022-06-20 12:04:47 - [MESSAGE][PASSED] - Taking screenshot successfully
[[ATTACHMENT|D:\\Projet Test Auto\\Mediabox Test Automation [Test]\\Reports\\20220620_112818\\z01. Test Suites\\202. TestStarPack Full Lifecycle _Change of Rights_SAS\\20220620_112819\\1655719487140.png]]

2022-06-20 12:04:47 - [TEST_STEP][PASSED] - verifyElementNotPresent(findTestObject("1. Constant/xpath", ["xpath":"/html/body/div[1]/div[2]/div[8]/div[3]/div/div[3]/div[3]/div/ul/li[3]/a"]), 0): Web element with id: 'Object Repository/1. Constant/xpath' located by 'By.xpath: /html/body/div[1]/div[2]/div[8]/div[3]/div/div[3]/div[3]/div/ul/li[3]/a' is not present after '30' second(s)

2022-06-20 12:04:47 - [MESSAGE][WARNING] - Timeout '0' is invalid. Using default page load timeout: '30'

2022-06-20 12:04:47 - [MESSAGE][PASSED] - Web element with id: 'Object Repository/1. Constant/xpath' located by 'By.xpath: /html/body/div[1]/div[2]/div[8]/div[3]/div/div[3]/div[3]/div/ul/li[3]/a' is not present after '30' second(s)

2022-06-20 12:04:47 - [TEST_STEP][PASSED] - closeBrowser(): Browser is closed

2022-06-20 12:04:48 - [MESSAGE][PASSED] - Browser is closed

2022-06-20 12:04:48 - [TEST_STEP][PASSED] - Start listener action : sampleAfterTestCase: null]]></system-out>
         <system-err><![CDATA[]]></system-err>
      </testcase>
      <testcase name="Test Cases/202. TestStarPack Full Lifecycle _Change of Rights_SAS/202.03 TestStarpack Support action (Completed ref) Existing ref 202.01_202.02_ P3" time="155.654" classname="Test Cases/202. TestStarPack Full Lifecycle _Change of Rights_SAS/202.03 TestStarpack Support action (Completed ref) Existing ref 202.01_202.02_ P3" status="PASSED">
         <system-out><![CDATA[2022-06-20 12:04:48 - [TEST_CASE][PASSED] - Test Cases/202. TestStarPack Full Lifecycle _Change of Rights_SAS/202.03 TestStarpack Support action (Completed ref) Existing ref 202.01_202.02_ P3: Test Cases/202. TestStarPack Full Lifecycle _Change of Rights_SAS/202.03 TestStarpack Support action (Completed ref) Existing ref 202.01_202.02_ P3

2022-06-20 12:04:49 - [TEST_STEP][PASSED] - data = findTestData("Data Files/Username_Password/Test_Starpack"): null

2022-06-20 12:04:49 - [TEST_STEP][PASSED] - password_aterreshernandez = data.getValue(2, 5): null

2022-06-20 12:04:49 - [TEST_STEP][PASSED] - data_urlTestAUTO = findTestData("Data Files/URL/URL_testauto"): null

2022-06-20 12:04:49 - [TEST_STEP][PASSED] - Url_Starpack = data_urlTestAUTO.getValue(2, 2): null

2022-06-20 12:04:49 - [TEST_STEP][PASSED] - Project_No = I.readnotepad("D:\Upoad_File\zTest_Auto\Test_Projet_ Login\StarPack\202.01 StarPack _Project_No\202.01_StarPack_ProjectNo.txt"): null

2022-06-20 12:04:49 - [TEST_STEP][PASSED] - refID = I.readnotepad("D:\Upoad_File\zTest_Auto\Test_Projet_ Login\StarPack\202.01 StarPack _Project_No\202.01_StarPack_refID.txt"): null

2022-06-20 12:04:49 - [TEST_STEP][PASSED] - refID_PS = I.readnotepad("D:\Upoad_File\zTest_Auto\Test_Projet_ Login\StarPack\202.01 StarPack _Project_No\202.01_StarPack_refID_PS.txt"): null

2022-06-20 12:04:49 - [TEST_STEP][PASSED] - refID_PTS = I.readnotepad("D:\Upoad_File\zTest_Auto\Test_Projet_ Login\StarPack\202.01 StarPack _Project_No\202.01_StarPack_refID_PTS.txt"): null

2022-06-20 12:04:49 - [TEST_STEP][PASSED] - refID_TD = I.readnotepad("D:\Upoad_File\zTest_Auto\Test_Projet_ Login\StarPack\202.01 StarPack _Project_No\202.01_StarPack_refID_TD.txt"): null

2022-06-20 12:04:49 - [TEST_STEP][PASSED] - openBrowser(Url_Starpack): Browser is opened with url: 'https://mdb-v3-test.diadeis.com/MediaboxIndependence/?MBI_datasource=RELTEST_STARPACK'

2022-06-20 12:04:49 - [MESSAGE][INFO] - Starting 'Chrome (headless)' driver

2022-06-20 12:04:49 - [MESSAGE][INFO] - User set preference: ['args', '[--window-size=1920,1080, --headless]']

2022-06-20 12:04:49 - [MESSAGE][INFO] - Action delay is set to 0 milliseconds

2022-06-20 12:04:53 - [MESSAGE][PASSED] - Browser is opened with url: 'https://mdb-v3-test.diadeis.com/MediaboxIndependence/?MBI_datasource=RELTEST_STARPACK'

2022-06-20 12:04:53 - [TEST_STEP][PASSED] - maximizeWindow(): Current window maximized

2022-06-20 12:04:53 - [MESSAGE][PASSED] - Current window maximized

2022-06-20 12:04:53 - [TEST_STEP][PASSED] - I.Login_password("aterreshernandez", password_aterreshernandez): Object: 'Object Repository/1. Constant/xpath' is clicked on

2022-06-20 12:04:54 - [MESSAGE][PASSED] - Text 'aterreshernandez' is set on object 'Object Repository/1. Constant/xpath'

2022-06-20 12:04:55 - [MESSAGE][PASSED] - Delayed 1 second(s)

2022-06-20 12:04:55 - [MESSAGE][PASSED] - Text 'diadeis' is set on object 'Object Repository/1. Constant/xpath'

2022-06-20 12:04:56 - [MESSAGE][PASSED] - Delayed 1 second(s)

2022-06-20 12:05:02 - [MESSAGE][PASSED] - Object: 'Object Repository/1. Constant/xpath' is clicked on

2022-06-20 12:05:02 - [TEST_STEP][PASSED] - takeScreenshot(): Taking screenshot successfully

2022-06-20 12:05:02 - [MESSAGE][PASSED] - Taking screenshot successfully
[[ATTACHMENT|D:\\Projet Test Auto\\Mediabox Test Automation [Test]\\Reports\\20220620_112818\\z01. Test Suites\\202. TestStarPack Full Lifecycle _Change of Rights_SAS\\20220620_112819\\1655719502383.png]]

2022-06-20 12:05:02 - [TEST_STEP][PASSED] - click(findTestObject("1. Constant/02_LHSMenu_Projects")): Object: 'Object Repository/1. Constant/02_LHSMenu_Projects' is clicked on

2022-06-20 12:05:07 - [MESSAGE][PASSED] - Object: 'Object Repository/1. Constant/02_LHSMenu_Projects' is clicked on

2022-06-20 12:05:07 - [TEST_STEP][PASSED] - I.SearchProjectNo_xpath(Project_No, "//*[@id="keynum_project"]", "//*[@id="form_filters"]/div[7]/button"): Delayed 5 second(s)

2022-06-20 12:05:08 - [MESSAGE][PASSED] - Delayed 1 second(s)

2022-06-20 12:05:08 - [MESSAGE][PASSED] - Text 'MI000949' is set on object 'Object Repository/1. Constant/xpath'

2022-06-20 12:05:11 - [MESSAGE][PASSED] - Delayed 3 second(s)

2022-06-20 12:05:11 - [MESSAGE][PASSED] - Scroll to object 'Object Repository/1. Constant/xpath' successfully

2022-06-20 12:05:16 - [MESSAGE][PASSED] - Object: 'Object Repository/1. Constant/xpath' is clicked on

2022-06-20 12:05:21 - [MESSAGE][PASSED] - Delayed 5 second(s)

2022-06-20 12:05:21 - [TEST_STEP][PASSED] - takeScreenshot(): Taking screenshot successfully

2022-06-20 12:05:22 - [MESSAGE][PASSED] - Taking screenshot successfully
[[ATTACHMENT|D:\\Projet Test Auto\\Mediabox Test Automation [Test]\\Reports\\20220620_112818\\z01. Test Suites\\202. TestStarPack Full Lifecycle _Change of Rights_SAS\\20220620_112819\\1655719521765.png]]

2022-06-20 12:05:22 - [TEST_STEP][PASSED] - delay(1): Delayed 1 second(s)

2022-06-20 12:05:23 - [MESSAGE][PASSED] - Delayed 1 second(s)

2022-06-20 12:05:23 - [TEST_STEP][PASSED] - takeScreenshot(): Taking screenshot successfully

2022-06-20 12:05:23 - [MESSAGE][PASSED] - Taking screenshot successfully
[[ATTACHMENT|D:\\Projet Test Auto\\Mediabox Test Automation [Test]\\Reports\\20220620_112818\\z01. Test Suites\\202. TestStarPack Full Lifecycle _Change of Rights_SAS\\20220620_112819\\1655719523164.png]]

2022-06-20 12:05:23 - [TEST_STEP][PASSED] - takeScreenshot(): Taking screenshot successfully

2022-06-20 12:05:23 - [MESSAGE][PASSED] - Taking screenshot successfully
[[ATTACHMENT|D:\\Projet Test Auto\\Mediabox Test Automation [Test]\\Reports\\20220620_112818\\z01. Test Suites\\202. TestStarPack Full Lifecycle _Change of Rights_SAS\\20220620_112819\\1655719523590.png]]

2022-06-20 12:05:23 - [TEST_STEP][PASSED] - delay(1): Delayed 1 second(s)

2022-06-20 12:05:24 - [MESSAGE][PASSED] - Delayed 1 second(s)

2022-06-20 12:05:24 - [TEST_STEP][PASSED] - click(findTestObject("1. Constant/xpath", ["xpath":"/html/body/div[1]/div[2]/div[4]/div[3]/div/div[2]/div[2]/div[1]/table/tbody/tr[2]/td[4]/a[1]"])): Object: 'Object Repository/1. Constant/xpath' is clicked on

2022-06-20 12:05:28 - [MESSAGE][PASSED] - Object: 'Object Repository/1. Constant/xpath' is clicked on

2022-06-20 12:05:28 - [TEST_STEP][PASSED] - click(findTestObject("1. Constant/xpath", ["xpath":"//*[@id="kt_content"]/div[3]/div/ul/li[3]/a"])): Object: 'Object Repository/1. Constant/xpath' is clicked on

2022-06-20 12:05:32 - [MESSAGE][PASSED] - Object: 'Object Repository/1. Constant/xpath' is clicked on

2022-06-20 12:05:32 - [TEST_STEP][PASSED] - delay(1): Delayed 1 second(s)

2022-06-20 12:05:33 - [MESSAGE][PASSED] - Delayed 1 second(s)

2022-06-20 12:05:33 - [TEST_STEP][PASSED] - click(findTestObject("1. Constant/xpath", ["xpath":"/html/body/div[1]/div[2]/div[8]/div[3]/div/div[3]/div[3]/div/ul/li[3]/a"])): Object: 'Object Repository/1. Constant/xpath' is clicked on

2022-06-20 12:05:33 - [MESSAGE][PASSED] - Object: 'Object Repository/1. Constant/xpath' is clicked on

2022-06-20 12:05:33 - [TEST_STEP][PASSED] - I.Pagedown(): Execute JavaScript 'window.scrollTo(0, document.body.scrollHeight)' successfully

2022-06-20 12:05:33 - [MESSAGE][PASSED] - Execute JavaScript 'window.scrollTo(0, document.body.scrollHeight)' successfully

2022-06-20 12:05:33 - [TEST_STEP][PASSED] - takeScreenshot(): Taking screenshot successfully

2022-06-20 12:05:33 - [MESSAGE][PASSED] - Taking screenshot successfully
[[ATTACHMENT|D:\\Projet Test Auto\\Mediabox Test Automation [Test]\\Reports\\20220620_112818\\z01. Test Suites\\202. TestStarPack Full Lifecycle _Change of Rights_SAS\\20220620_112819\\1655719533591.png]]

2022-06-20 12:05:33 - [TEST_STEP][PASSED] - verifyElementVisible(findTestObject("1. Constant/xpath", ["xpath":"/html/body/div[1]/div[2]/div[8]/div[3]/div/div[3]/div[3]/div/div/div[3]/div/div[4]/div/div[1]/div[2]/div/a[4]"])): Object 'Object Repository/1. Constant/xpath' is visible

2022-06-20 12:05:34 - [MESSAGE][PASSED] - Object 'Object Repository/1. Constant/xpath' is visible

2022-06-20 12:05:34 - [TEST_STEP][PASSED] - verifyElementVisible(findTestObject("1. Constant/xpath", ["xpath":"/html/body/div[1]/div[2]/div[8]/div[3]/div/div[3]/div[3]/div/div/div[3]/div/div[4]/div/div[1]/div[2]/div/a[1]"])): Object 'Object Repository/1. Constant/xpath' is visible

2022-06-20 12:05:34 - [MESSAGE][PASSED] - Object 'Object Repository/1. Constant/xpath' is visible

2022-06-20 12:05:34 - [TEST_STEP][PASSED] - verifyElementVisible(findTestObject("1. Constant/xpath", ["xpath":"/html/body/div[1]/div[2]/div[8]/div[3]/div/div[3]/div[3]/div/div/div[3]/div/div[4]/div/div[1]/div[2]/a"])): Object 'Object Repository/1. Constant/xpath' is visible

2022-06-20 12:05:34 - [MESSAGE][PASSED] - Object 'Object Repository/1. Constant/xpath' is visible

2022-06-20 12:05:34 - [TEST_STEP][PASSED] - verifyElementClickable(findTestObject("1. Constant/xpath", ["xpath":"/html/body/div[1]/div[2]/div[8]/div[3]/div/div[3]/div[3]/div/div/div[3]/div/div[4]/div/div[1]/div[2]/div/a[4]"])): Object 'Object Repository/1. Constant/xpath' is clickable

2022-06-20 12:05:34 - [MESSAGE][PASSED] - Object 'Object Repository/1. Constant/xpath' is clickable

2022-06-20 12:05:34 - [TEST_STEP][PASSED] - click(findTestObject("1. Constant/xpath", ["xpath":"//*[@id="kt_subheader"]/div/nav/ol/li[2]/a"])): Object: 'Object Repository/1. Constant/xpath' is clicked on

2022-06-20 12:05:39 - [MESSAGE][PASSED] - Object: 'Object Repository/1. Constant/xpath' is clicked on

2022-06-20 12:05:39 - [TEST_STEP][PASSED] - takeScreenshot(): Taking screenshot successfully

2022-06-20 12:05:40 - [MESSAGE][PASSED] - Taking screenshot successfully
[[ATTACHMENT|D:\\Projet Test Auto\\Mediabox Test Automation [Test]\\Reports\\20220620_112818\\z01. Test Suites\\202. TestStarPack Full Lifecycle _Change of Rights_SAS\\20220620_112819\\1655719539833.png]]

2022-06-20 12:05:40 - [TEST_STEP][PASSED] - delay(1): Delayed 1 second(s)

2022-06-20 12:05:41 - [MESSAGE][PASSED] - Delayed 1 second(s)

2022-06-20 12:05:41 - [TEST_STEP][PASSED] - click(findTestObject("1. Constant/xpath", ["xpath":"/html/body/div[1]/div[2]/div[4]/div[3]/div/div[2]/div[2]/div[1]/table/tbody/tr[2]/td[12]/a[2]"])): Object: 'Object Repository/1. Constant/xpath' is clicked on

2022-06-20 12:05:41 - [MESSAGE][PASSED] - Object: 'Object Repository/1. Constant/xpath' is clicked on

2022-06-20 12:05:41 - [TEST_STEP][PASSED] - takeScreenshot(): Taking screenshot successfully

2022-06-20 12:05:42 - [MESSAGE][PASSED] - Taking screenshot successfully
[[ATTACHMENT|D:\\Projet Test Auto\\Mediabox Test Automation [Test]\\Reports\\20220620_112818\\z01. Test Suites\\202. TestStarPack Full Lifecycle _Change of Rights_SAS\\20220620_112819\\1655719541941.png]]

2022-06-20 12:05:42 - [TEST_STEP][PASSED] - delay(1): Delayed 1 second(s)

2022-06-20 12:05:43 - [MESSAGE][PASSED] - Delayed 1 second(s)

2022-06-20 12:05:43 - [TEST_STEP][PASSED] - click(findTestObject("1. Constant/xpath", ["xpath":"//*[@id="modal_support_action_shortcut"]/div/div/div[2]/button[2]"])): Object: 'Object Repository/1. Constant/xpath' is clicked on

2022-06-20 12:05:47 - [MESSAGE][PASSED] - Object: 'Object Repository/1. Constant/xpath' is clicked on

2022-06-20 12:05:47 - [TEST_STEP][PASSED] - delay(1): Delayed 1 second(s)

2022-06-20 12:05:48 - [MESSAGE][PASSED] - Delayed 1 second(s)

2022-06-20 12:05:48 - [TEST_STEP][PASSED] - takeScreenshot(): Taking screenshot successfully

2022-06-20 12:05:49 - [MESSAGE][PASSED] - Taking screenshot successfully
[[ATTACHMENT|D:\\Projet Test Auto\\Mediabox Test Automation [Test]\\Reports\\20220620_112818\\z01. Test Suites\\202. TestStarPack Full Lifecycle _Change of Rights_SAS\\20220620_112819\\1655719548820.png]]

2022-06-20 12:05:49 - [TEST_STEP][PASSED] - click(findTestObject("1. Constant/xpath", ["xpath":"//*[@id="kt_content"]/div[3]/div/ul/li[3]/a"])): Object: 'Object Repository/1. Constant/xpath' is clicked on

2022-06-20 12:05:52 - [MESSAGE][PASSED] - Object: 'Object Repository/1. Constant/xpath' is clicked on

2022-06-20 12:05:52 - [TEST_STEP][PASSED] - verifyElementVisible(findTestObject("1. Constant/xpath", ["xpath":"/html/body/div[1]/div[2]/div[8]/div[3]/div/div[3]/div[3]/div/ul/li[4]/a"])): Object 'Object Repository/1. Constant/xpath' is visible

2022-06-20 12:05:52 - [MESSAGE][PASSED] - Object 'Object Repository/1. Constant/xpath' is visible

2022-06-20 12:05:52 - [TEST_STEP][PASSED] - verifyElementVisible(findTestObject("1. Constant/xpath", ["xpath":"/html/body/div[1]/div[2]/div[8]/div[3]/div/div[3]/div[3]/div/ul/li[5]/a"])): Object 'Object Repository/1. Constant/xpath' is visible

2022-06-20 12:05:52 - [MESSAGE][PASSED] - Object 'Object Repository/1. Constant/xpath' is visible

2022-06-20 12:05:52 - [TEST_STEP][PASSED] - click(findTestObject("1. Constant/xpath", ["xpath":"//*[@id="kt_subheader"]/div/nav/ol/li[2]/a"])): Object: 'Object Repository/1. Constant/xpath' is clicked on

2022-06-20 12:05:56 - [MESSAGE][PASSED] - Object: 'Object Repository/1. Constant/xpath' is clicked on

2022-06-20 12:05:56 - [TEST_STEP][PASSED] - I.VerifyMatchText("/html/body/div[1]/div[2]/div[4]/div[3]/div/div[2]/div[2]/div[1]/table/tbody/tr[2]/td[7]/span[2]", "PAF"): Actual text 'PAF' and expected text 'PAF' are matched 

2022-06-20 12:05:57 - [MESSAGE][PASSED] - Text of object 'Object Repository/1. Constant/xpath' is: 'PAF'

2022-06-20 12:05:58 - [MESSAGE][PASSED] - Delayed 1 second(s)

2022-06-20 12:05:58 - [MESSAGE][PASSED] - Actual text 'PAF' and expected text 'PAF' are matched 

2022-06-20 12:05:58 - [TEST_STEP][PASSED] - color1 = getCSSValue(findTestObject("1. Constant/xpath", ["xpath":"/html/body/div[1]/div[2]/div[4]/div[3]/div/div[2]/div[2]/div[1]/table/tbody/tr[2]/td[12]/a[2]"]), "color", OPTIONAL): Get CSS 'color' value on 'Object Repository/1. Constant/xpath' successfully: 'rgba(255, 255, 255, 1)'.

2022-06-20 12:05:58 - [MESSAGE][PASSED] - Get CSS 'color' value on 'Object Repository/1. Constant/xpath' successfully: 'rgba(255, 255, 255, 1)'.

2022-06-20 12:05:58 - [TEST_STEP][PASSED] - while (color1 == "rgba(255, 255, 255, 1)"): null

2022-06-20 12:05:58 - [TEST_STEP][PASSED] - click(findTestObject("1. Constant/xpath", ["xpath":"/html/body/div[1]/div[2]/div[4]/div[3]/div/div[2]/div[2]/div[1]/table/tbody/tr[2]/td[12]/a[2]"])): Object: 'Object Repository/1. Constant/xpath' is clicked on

2022-06-20 12:06:00 - [MESSAGE][PASSED] - Object: 'Object Repository/1. Constant/xpath' is clicked on

2022-06-20 12:06:00 - [TEST_STEP][PASSED] - takeScreenshot(): Taking screenshot successfully

2022-06-20 12:06:00 - [MESSAGE][PASSED] - Taking screenshot successfully
[[ATTACHMENT|D:\\Projet Test Auto\\Mediabox Test Automation [Test]\\Reports\\20220620_112818\\z01. Test Suites\\202. TestStarPack Full Lifecycle _Change of Rights_SAS\\20220620_112819\\1655719560394.png]]

2022-06-20 12:06:00 - [TEST_STEP][PASSED] - I.UploadDoc_sendkey_Prod(findTestObject("1. Constant/xpath", ["xpath":"//*[@id="kt_body"]/input[2]"]), "D:\Upoad_File\Upload doc\testdataaddition1.pdf", "testdataaddition1.pdf"): Delayed 5 second(s)

2022-06-20 12:06:00 - [MESSAGE][PASSED] - Scroll to object 'Object Repository/1. Constant/xpath' successfully

2022-06-20 12:06:05 - [MESSAGE][PASSED] - Delayed 5 second(s)

2022-06-20 12:06:05 - [MESSAGE][PASSED] - File 'D:\Upoad_File\Upload doc\testdataaddition1.pdf' sent to object: 'Object Repository/1. Constant/xpath'

2022-06-20 12:06:10 - [MESSAGE][PASSED] - Delayed 5 second(s)

2022-06-20 12:06:11 - [MESSAGE][PASSED] - Text 'testdataaddition1.pdf' is present on page 

2022-06-20 12:06:16 - [MESSAGE][PASSED] - Delayed 5 second(s)

2022-06-20 12:06:21 - [MESSAGE][PASSED] - Delayed 5 second(s)

2022-06-20 12:06:21 - [TEST_STEP][PASSED] - takeScreenshot(): Taking screenshot successfully

2022-06-20 12:06:21 - [MESSAGE][PASSED] - Taking screenshot successfully
[[ATTACHMENT|D:\\Projet Test Auto\\Mediabox Test Automation [Test]\\Reports\\20220620_112818\\z01. Test Suites\\202. TestStarPack Full Lifecycle _Change of Rights_SAS\\20220620_112819\\1655719581172.png]]

2022-06-20 12:06:21 - [TEST_STEP][PASSED] - delay(10): Delayed 10 second(s)

2022-06-20 12:06:31 - [MESSAGE][PASSED] - Delayed 10 second(s)

2022-06-20 12:06:31 - [TEST_STEP][PASSED] - I.click_button_javascript(findTestObject("Object Repository/HL Full Lifecycle/12 ReferncePage_Button_Updatensenddoc")): Execute JavaScript 'arguments[0].click()' successfully

2022-06-20 12:06:43 - [MESSAGE][PASSED] - Execute JavaScript 'arguments[0].click()' successfully

2022-06-20 12:06:43 - [TEST_STEP][PASSED] - delay(5): Delayed 5 second(s)

2022-06-20 12:06:48 - [MESSAGE][PASSED] - Delayed 5 second(s)

2022-06-20 12:06:48 - [TEST_STEP][PASSED] - if (verifyElementPresent(findTestObject("1. Constant/xpath", ["xpath":"/html/body/div[1]/div[2]/div[4]/div[3]/div/div[2]/div[2]/div[1]/table/tbody/tr[2]/td[12]/a[3]"]), 10, OPTIONAL)): null

2022-06-20 12:06:48 - [MESSAGE][PASSED] - Object 'Object Repository/1. Constant/xpath' is present

2022-06-20 12:06:48 - [TEST_STEP][PASSED] - color1 = getCSSValue(findTestObject("1. Constant/xpath", ["xpath":"/html/body/div[1]/div[2]/div[4]/div[3]/div/div[2]/div[2]/div[1]/table/tbody/tr[2]/td[12]/a[3]"]), "color", OPTIONAL): Get CSS 'color' value on 'Object Repository/1. Constant/xpath' successfully: 'rgba(54, 153, 255, 1)'.

2022-06-20 12:06:48 - [MESSAGE][PASSED] - Get CSS 'color' value on 'Object Repository/1. Constant/xpath' successfully: 'rgba(54, 153, 255, 1)'.

2022-06-20 12:06:48 - [TEST_STEP][PASSED] - I.AWF_approve_byaction(findTestObject("1. Constant/xpath", ["xpath":"/html/body/div[1]/div[2]/div[4]/div[3]/div/div[2]/div[2]/div[1]/table/tbody/tr[2]/td[12]/a[2]"])): Object: 'Object Repository/HL Full Lifecycle/Function_Appbutton2' is clicked on

2022-06-20 12:06:53 - [MESSAGE][PASSED] - Delayed 5 second(s)

2022-06-20 12:06:56 - [MESSAGE][PASSED] - Object: 'Object Repository/1. Constant/xpath' is clicked on

2022-06-20 12:07:00 - [MESSAGE][PASSED] - Object: 'Object Repository/HL Full Lifecycle/Function_access Viewer2' is hovered

2022-06-20 12:07:03 - [MESSAGE][PASSED] - Delayed 3 second(s)

2022-06-20 12:07:03 - [MESSAGE][PASSED] - Object: 'Object Repository/HL Full Lifecycle/Function_access Viewer2' is clicked on

2022-06-20 12:07:08 - [MESSAGE][PASSED] - Delayed 5 second(s)

2022-06-20 12:07:09 - [MESSAGE][PASSED] - Object: 'Object Repository/HL Full Lifecycle/Function_AppButton' is clicked on

2022-06-20 12:07:14 - [MESSAGE][PASSED] - Delayed 5 second(s)

2022-06-20 12:07:20 - [MESSAGE][PASSED] - Object: 'Object Repository/HL Full Lifecycle/Function_Appbutton2' is clicked on

2022-06-20 12:07:20 - [TEST_STEP][PASSED] - takeScreenshot(): Taking screenshot successfully

2022-06-20 12:07:21 - [MESSAGE][PASSED] - Taking screenshot successfully
[[ATTACHMENT|D:\\Projet Test Auto\\Mediabox Test Automation [Test]\\Reports\\20220620_112818\\z01. Test Suites\\202. TestStarPack Full Lifecycle _Change of Rights_SAS\\20220620_112819\\1655719641088.png]]

2022-06-20 12:07:21 - [TEST_STEP][PASSED] - delay(1): Delayed 1 second(s)

2022-06-20 12:07:22 - [MESSAGE][PASSED] - Delayed 1 second(s)

2022-06-20 12:07:22 - [TEST_STEP][PASSED] - I.VerifyMatchText("/html/body/div[1]/div[2]/div[4]/div[3]/div/div[2]/div[2]/div[1]/table/tbody/tr[2]/td[7]/span[2]", "Buyer supplier approval-L1"): Actual text 'Buyer supplier approval-L1' and expected text 'Buyer supplier approval-L1' are matched 

2022-06-20 12:07:22 - [MESSAGE][PASSED] - Text of object 'Object Repository/1. Constant/xpath' is: 'Buyer supplier approval-L1'

2022-06-20 12:07:23 - [MESSAGE][PASSED] - Delayed 1 second(s)

2022-06-20 12:07:23 - [MESSAGE][PASSED] - Actual text 'Buyer supplier approval-L1' and expected text 'Buyer supplier approval-L1' are matched 

2022-06-20 12:07:23 - [TEST_STEP][PASSED] - closeBrowser(): Browser is closed

2022-06-20 12:07:24 - [MESSAGE][PASSED] - Browser is closed

2022-06-20 12:07:24 - [TEST_STEP][PASSED] - Start listener action : sampleAfterTestCase: null]]></system-out>
         <system-err><![CDATA[]]></system-err>
      </testcase>
      <testcase name="Test Cases/202. TestStarPack Full Lifecycle _Change of Rights_SAS/202.04 TestStarPack Full Lifecycle - AWIS (Chrome)_Sans_Ref_filles" time="89.512" classname="Test Cases/202. TestStarPack Full Lifecycle _Change of Rights_SAS/202.04 TestStarPack Full Lifecycle - AWIS (Chrome)_Sans_Ref_filles" status="FAILED">
         <failure type="FAILED" message="Test Cases/202. TestStarPack Full Lifecycle _Change of Rights_SAS/202.04 TestStarPack Full Lifecycle - AWIS (Chrome)_Sans_Ref_filles FAILED.
Reason:
com.kms.katalon.core.exception.StepFailedException: Unable to click on object 'Object Repository/HL Full Lifecycle/6 ReferenceListPage_createrefbutton'
	at com.kms.katalon.core.webui.keyword.internal.WebUIKeywordMain.stepFailed(WebUIKeywordMain.groovy:64)
	at com.kms.katalon.core.webui.keyword.internal.WebUIKeywordMain.runKeyword(WebUIKeywordMain.groovy:26)
	at com.kms.katalon.core.webui.keyword.builtin.ClickKeyword.click(ClickKeyword.groovy:74)
	at com.kms.katalon.core.webui.keyword.builtin.ClickKeyword.execute(ClickKeyword.groovy:40)
	at com.kms.katalon.core.keyword.internal.KeywordExecutor.executeKeywordForPlatform(KeywordExecutor.groovy:74)
	at com.kms.katalon.core.webui.keyword.WebUiBuiltInKeywords.click(WebUiBuiltInKeywords.groovy:620)
	at com.kms.katalon.core.webui.keyword.WebUiBuiltInKeywords$click$4.call(Unknown Source)
	at 202.04 TestStarPack Full Lifecycle - AWIS (Chrome)_Sans_Ref_filles.run(202.04 TestStarPack Full Lifecycle - AWIS (Chrome)_Sans_Ref_filles:161)
	at com.kms.katalon.core.main.ScriptEngine.run(ScriptEngine.java:194)
	at com.kms.katalon.core.main.ScriptEngine.runScriptAsRawText(ScriptEngine.java:119)
	at com.kms.katalon.core.main.TestCaseExecutor.runScript(TestCaseExecutor.java:445)
	at com.kms.katalon.core.main.TestCaseExecutor.doExecute(TestCaseExecutor.java:436)
	at com.kms.katalon.core.main.TestCaseExecutor.processExecutionPhase(TestCaseExecutor.java:415)
	at com.kms.katalon.core.main.TestCaseExecutor.accessMainPhase(TestCaseExecutor.java:407)
	at com.kms.katalon.core.main.TestCaseExecutor.execute(TestCaseExecutor.java:284)
	at com.kms.katalon.core.common.CommonExecutor.accessTestCaseMainPhase(CommonExecutor.java:65)
	at com.kms.katalon.core.main.TestSuiteExecutor.accessTestSuiteMainPhase(TestSuiteExecutor.java:144)
	at com.kms.katalon.core.main.TestSuiteExecutor.execute(TestSuiteExecutor.java:106)
	at com.kms.katalon.core.main.TestCaseMain.startTestSuite(TestCaseMain.java:185)
	at com.kms.katalon.core.main.TestCaseMain$startTestSuite$0.call(Unknown Source)
	at TempTestSuite1655717299770.run(TempTestSuite1655717299770.groovy:36)
Caused by: com.kms.katalon.core.webui.exception.WebElementNotFoundException: Web element with id: 'Object Repository/HL Full Lifecycle/6 ReferenceListPage_createrefbutton' located by '//div[@id='create_ref_btn']/button/i' not found
	at com.kms.katalon.core.webui.common.WebUiCommonHelper.findWebElement(WebUiCommonHelper.java:1370)
	at com.kms.katalon.core.webui.keyword.internal.WebUIAbstractKeyword.findWebElement(WebUIAbstractKeyword.groovy:27)
	at com.kms.katalon.core.webui.keyword.builtin.ClickKeyword$_click_closure1.doCall(ClickKeyword.groovy:65)
	at com.kms.katalon.core.webui.keyword.builtin.ClickKeyword$_click_closure1.call(ClickKeyword.groovy)
	at com.kms.katalon.core.webui.keyword.internal.WebUIKeywordMain.runKeyword(WebUIKeywordMain.groovy:20)
	... 19 more
"/>
         <system-out><![CDATA[2022-06-20 12:07:24 - [TEST_CASE][FAILED] - Test Cases/202. TestStarPack Full Lifecycle _Change of Rights_SAS/202.04 TestStarPack Full Lifecycle - AWIS (Chrome)_Sans_Ref_filles: Test Cases/202. TestStarPack Full Lifecycle _Change of Rights_SAS/202.04 TestStarPack Full Lifecycle - AWIS (Chrome)_Sans_Ref_filles FAILED.
Reason:
com.kms.katalon.core.exception.StepFailedException: Unable to click on object 'Object Repository/HL Full Lifecycle/6 ReferenceListPage_createrefbutton'
	at com.kms.katalon.core.webui.keyword.internal.WebUIKeywordMain.stepFailed(WebUIKeywordMain.groovy:64)
	at com.kms.katalon.core.webui.keyword.internal.WebUIKeywordMain.runKeyword(WebUIKeywordMain.groovy:26)
	at com.kms.katalon.core.webui.keyword.builtin.ClickKeyword.click(ClickKeyword.groovy:74)
	at com.kms.katalon.core.webui.keyword.builtin.ClickKeyword.execute(ClickKeyword.groovy:40)
	at com.kms.katalon.core.keyword.internal.KeywordExecutor.executeKeywordForPlatform(KeywordExecutor.groovy:74)
	at com.kms.katalon.core.webui.keyword.WebUiBuiltInKeywords.click(WebUiBuiltInKeywords.groovy:620)
	at com.kms.katalon.core.webui.keyword.WebUiBuiltInKeywords$click$4.call(Unknown Source)
	at 202.04 TestStarPack Full Lifecycle - AWIS (Chrome)_Sans_Ref_filles.run(202.04 TestStarPack Full Lifecycle - AWIS (Chrome)_Sans_Ref_filles:161)
	at com.kms.katalon.core.main.ScriptEngine.run(ScriptEngine.java:194)
	at com.kms.katalon.core.main.ScriptEngine.runScriptAsRawText(ScriptEngine.java:119)
	at com.kms.katalon.core.main.TestCaseExecutor.runScript(TestCaseExecutor.java:445)
	at com.kms.katalon.core.main.TestCaseExecutor.doExecute(TestCaseExecutor.java:436)
	at com.kms.katalon.core.main.TestCaseExecutor.processExecutionPhase(TestCaseExecutor.java:415)
	at com.kms.katalon.core.main.TestCaseExecutor.accessMainPhase(TestCaseExecutor.java:407)
	at com.kms.katalon.core.main.TestCaseExecutor.execute(TestCaseExecutor.java:284)
	at com.kms.katalon.core.common.CommonExecutor.accessTestCaseMainPhase(CommonExecutor.java:65)
	at com.kms.katalon.core.main.TestSuiteExecutor.accessTestSuiteMainPhase(TestSuiteExecutor.java:144)
	at com.kms.katalon.core.main.TestSuiteExecutor.execute(TestSuiteExecutor.java:106)
	at com.kms.katalon.core.main.TestCaseMain.startTestSuite(TestCaseMain.java:185)
	at com.kms.katalon.core.main.TestCaseMain$startTestSuite$0.call(Unknown Source)
	at TempTestSuite1655717299770.run(TempTestSuite1655717299770.groovy:36)
Caused by: com.kms.katalon.core.webui.exception.WebElementNotFoundException: Web element with id: 'Object Repository/HL Full Lifecycle/6 ReferenceListPage_createrefbutton' located by '//div[@id='create_ref_btn']/button/i' not found
	at com.kms.katalon.core.webui.common.WebUiCommonHelper.findWebElement(WebUiCommonHelper.java:1370)
	at com.kms.katalon.core.webui.keyword.internal.WebUIAbstractKeyword.findWebElement(WebUIAbstractKeyword.groovy:27)
	at com.kms.katalon.core.webui.keyword.builtin.ClickKeyword$_click_closure1.doCall(ClickKeyword.groovy:65)
	at com.kms.katalon.core.webui.keyword.builtin.ClickKeyword$_click_closure1.call(ClickKeyword.groovy)
	at com.kms.katalon.core.webui.keyword.internal.WebUIKeywordMain.runKeyword(WebUIKeywordMain.groovy:20)
	... 19 more


2022-06-20 12:07:25 - [TEST_STEP][PASSED] - data = findTestData("Data Files/Username_Password/Test_Starpack"): null

2022-06-20 12:07:25 - [TEST_STEP][PASSED] - password_suser = data.getValue(2, 1): null

2022-06-20 12:07:25 - [TEST_STEP][PASSED] - password_aherms = data.getValue(2, 2): null

2022-06-20 12:07:25 - [TEST_STEP][PASSED] - password_agluszczynska = data.getValue(2, 3): null

2022-06-20 12:07:25 - [TEST_STEP][PASSED] - password_jmaciaszczyk = data.getValue(2, 4): null

2022-06-20 12:07:25 - [TEST_STEP][PASSED] - password_aterreshernandez = data.getValue(2, 5): null

2022-06-20 12:07:25 - [TEST_STEP][PASSED] - password_amartin_arbol = data.getValue(2, 6): null

2022-06-20 12:07:25 - [TEST_STEP][PASSED] - password_kcannoosamy_dia = data.getValue(2, 8): null

2022-06-20 12:07:25 - [TEST_STEP][PASSED] - data_urlTestAUTO = findTestData("Data Files/URL/URL_testauto"): null

2022-06-20 12:07:25 - [TEST_STEP][PASSED] - Url_Starpack = data_urlTestAUTO.getValue(2, 2): null

2022-06-20 12:07:25 - [TEST_STEP][PASSED] - log = new com.kms.katalon.core.logging.KeywordLogger(): null

2022-06-20 12:07:25 - [TEST_STEP][PASSED] - openBrowser(Url_Starpack): Browser is opened with url: 'https://mdb-v3-test.diadeis.com/MediaboxIndependence/?MBI_datasource=RELTEST_STARPACK'

2022-06-20 12:07:25 - [MESSAGE][INFO] - Starting 'Chrome (headless)' driver

2022-06-20 12:07:25 - [MESSAGE][INFO] - User set preference: ['args', '[--window-size=1920,1080, --headless]']

2022-06-20 12:07:25 - [MESSAGE][INFO] - Action delay is set to 0 milliseconds

2022-06-20 12:07:30 - [MESSAGE][PASSED] - Browser is opened with url: 'https://mdb-v3-test.diadeis.com/MediaboxIndependence/?MBI_datasource=RELTEST_STARPACK'

2022-06-20 12:07:30 - [TEST_STEP][PASSED] - maximizeWindow(): Current window maximized

2022-06-20 12:07:30 - [MESSAGE][PASSED] - Current window maximized

2022-06-20 12:07:30 - [TEST_STEP][PASSED] - password_adelamatanieves = data.getValue(2, 7): null

2022-06-20 12:07:30 - [TEST_STEP][PASSED] - I.Login_password("adelamatanieves", password_adelamatanieves): Object: 'Object Repository/1. Constant/xpath' is clicked on

2022-06-20 12:07:30 - [MESSAGE][PASSED] - Text 'adelamatanieves' is set on object 'Object Repository/1. Constant/xpath'

2022-06-20 12:07:31 - [MESSAGE][PASSED] - Delayed 1 second(s)

2022-06-20 12:07:32 - [MESSAGE][PASSED] - Text 'diadeis' is set on object 'Object Repository/1. Constant/xpath'

2022-06-20 12:07:33 - [MESSAGE][PASSED] - Delayed 1 second(s)

2022-06-20 12:07:38 - [MESSAGE][PASSED] - Object: 'Object Repository/1. Constant/xpath' is clicked on

2022-06-20 12:07:38 - [TEST_STEP][PASSED] - takeScreenshot(): Taking screenshot successfully

2022-06-20 12:07:38 - [MESSAGE][PASSED] - Taking screenshot successfully
[[ATTACHMENT|D:\\Projet Test Auto\\Mediabox Test Automation [Test]\\Reports\\20220620_112818\\z01. Test Suites\\202. TestStarPack Full Lifecycle _Change of Rights_SAS\\20220620_112819\\1655719658388.png]]

2022-06-20 12:07:38 - [TEST_STEP][PASSED] - click(findTestObject("1. Constant/02_LHSMenu_Projects")): Object: 'Object Repository/1. Constant/02_LHSMenu_Projects' is clicked on

2022-06-20 12:07:42 - [MESSAGE][PASSED] - Object: 'Object Repository/1. Constant/02_LHSMenu_Projects' is clicked on

2022-06-20 12:07:42 - [TEST_STEP][PASSED] - click(findTestObject("Object Repository/1. Constant/xpath", ["xpath":"//*[@id="kt_content"]/div[3]/div/div/div[1]/div[2]/a[1]"])): Object: 'Object Repository/1. Constant/xpath' is clicked on

2022-06-20 12:07:43 - [MESSAGE][PASSED] - Object: 'Object Repository/1. Constant/xpath' is clicked on

2022-06-20 12:07:43 - [TEST_STEP][PASSED] - takeScreenshot(): Taking screenshot successfully

2022-06-20 12:07:44 - [MESSAGE][PASSED] - Taking screenshot successfully
[[ATTACHMENT|D:\\Projet Test Auto\\Mediabox Test Automation [Test]\\Reports\\20220620_112818\\z01. Test Suites\\202. TestStarPack Full Lifecycle _Change of Rights_SAS\\20220620_112819\\1655719663979.png]]

2022-06-20 12:07:44 - [TEST_STEP][PASSED] - project_name0 = "TC4.02_AutoTest_Chrome_Starpack_" + RandomStringUtils.randomAlphanumeric(10) + "_" + I.gettimedate(): null

2022-06-20 12:07:44 - [TEST_STEP][PASSED] - setText(findTestObject("HL Full Lifecycle/4 CreateProjPage_inputProjectname"), project_name0): Text 'TC4.02_AutoTest_Chrome_Starpack_B1n8qlOuc9_juin202022_120744' is set on object 'Object Repository/HL Full Lifecycle/4 CreateProjPage_inputProjectname'

2022-06-20 12:07:44 - [MESSAGE][PASSED] - Text 'TC4.02_AutoTest_Chrome_Starpack_B1n8qlOuc9_juin202022_120744' is set on object 'Object Repository/HL Full Lifecycle/4 CreateProjPage_inputProjectname'

2022-06-20 12:07:44 - [TEST_STEP][PASSED] - click(findTestObject("HL Full Lifecycle/4 CreateProjPage_Create Project_Bluebutton")): Object: 'Object Repository/HL Full Lifecycle/4 CreateProjPage_Create Project_Bluebutton' is clicked on

2022-06-20 12:07:49 - [MESSAGE][PASSED] - Object: 'Object Repository/HL Full Lifecycle/4 CreateProjPage_Create Project_Bluebutton' is clicked on

2022-06-20 12:07:49 - [TEST_STEP][PASSED] - delay(1): Delayed 1 second(s)

2022-06-20 12:07:50 - [MESSAGE][PASSED] - Delayed 1 second(s)

2022-06-20 12:07:50 - [TEST_STEP][PASSED] - takeScreenshot(): Taking screenshot successfully

2022-06-20 12:07:50 - [MESSAGE][PASSED] - Taking screenshot successfully
[[ATTACHMENT|D:\\Projet Test Auto\\Mediabox Test Automation [Test]\\Reports\\20220620_112818\\z01. Test Suites\\202. TestStarPack Full Lifecycle _Change of Rights_SAS\\20220620_112819\\1655719670119.png]]

2022-06-20 12:07:50 - [TEST_STEP][PASSED] - selectOptionByValue(findTestObject("1. Constant/01_id_field_id", ["field_id":"var_98"]), "122", false): All options with value '122' are selected in object 'Object Repository/1. Constant/01_id_field_id' 

2022-06-20 12:07:50 - [MESSAGE][PASSED] - All options with value '122' are selected in object 'Object Repository/1. Constant/01_id_field_id' 

2022-06-20 12:07:50 - [TEST_STEP][PASSED] - delay(2): Delayed 2 second(s)

2022-06-20 12:07:52 - [MESSAGE][PASSED] - Delayed 2 second(s)

2022-06-20 12:07:52 - [TEST_STEP][PASSED] - selectOptionByValue(findTestObject("1. Constant/01_id_field_id", ["field_id":"var_9"]), "amartin_arbol", false): All options with value 'amartin_arbol' are selected in object 'Object Repository/1. Constant/01_id_field_id' 

2022-06-20 12:07:53 - [MESSAGE][PASSED] - All options with value 'amartin_arbol' are selected in object 'Object Repository/1. Constant/01_id_field_id' 

2022-06-20 12:07:53 - [TEST_STEP][PASSED] - delay(1): Delayed 1 second(s)

2022-06-20 12:07:54 - [MESSAGE][PASSED] - Delayed 1 second(s)

2022-06-20 12:07:54 - [TEST_STEP][PASSED] - selectOptionByValue(findTestObject("1. Constant/01_id_field_id", ["field_id":"var_10"]), "aterreshernandez", false): All options with value 'aterreshernandez' are selected in object 'Object Repository/1. Constant/01_id_field_id' 

2022-06-20 12:07:54 - [MESSAGE][PASSED] - All options with value 'aterreshernandez' are selected in object 'Object Repository/1. Constant/01_id_field_id' 

2022-06-20 12:07:54 - [TEST_STEP][PASSED] - delay(1): Delayed 1 second(s)

2022-06-20 12:07:55 - [MESSAGE][PASSED] - Delayed 1 second(s)

2022-06-20 12:07:55 - [TEST_STEP][PASSED] - selectOptionByValue(findTestObject("Object Repository/xxx Todelete/1.4 ModifyProPage_MF(IDP)"), "nalonsobermejo", true): All options with value 'nalonsobermejo' are selected in object 'Object Repository/xxx Todelete/1.4 ModifyProPage_MF(IDP)'  using regular expression

2022-06-20 12:07:55 - [MESSAGE][PASSED] - All options with value 'nalonsobermejo' are selected in object 'Object Repository/xxx Todelete/1.4 ModifyProPage_MF(IDP)'  using regular expression

2022-06-20 12:07:55 - [TEST_STEP][PASSED] - delay(1): Delayed 1 second(s)

2022-06-20 12:07:56 - [MESSAGE][PASSED] - Delayed 1 second(s)

2022-06-20 12:07:56 - [TEST_STEP][PASSED] - click(findTestObject("Object Repository/xxx Todelete/1.41 ModifyProPage_AddMF")): Object: 'Object Repository/xxx Todelete/1.41 ModifyProPage_AddMF' is clicked on

2022-06-20 12:07:56 - [MESSAGE][PASSED] - Object: 'Object Repository/xxx Todelete/1.41 ModifyProPage_AddMF' is clicked on

2022-06-20 12:07:56 - [TEST_STEP][PASSED] - delay(1): Delayed 1 second(s)

2022-06-20 12:07:57 - [MESSAGE][PASSED] - Delayed 1 second(s)

2022-06-20 12:07:57 - [TEST_STEP][PASSED] - selectOptionByValue(findTestObject("1. Constant/01_id_field_id", ["field_id":"var_15"]), "292", false): All options with value '292' are selected in object 'Object Repository/1. Constant/01_id_field_id' 

2022-06-20 12:07:58 - [MESSAGE][PASSED] - All options with value '292' are selected in object 'Object Repository/1. Constant/01_id_field_id' 

2022-06-20 12:07:58 - [TEST_STEP][PASSED] - delay(1): Delayed 1 second(s)

2022-06-20 12:07:59 - [MESSAGE][PASSED] - Delayed 1 second(s)

2022-06-20 12:07:59 - [TEST_STEP][PASSED] - selectOptionByValue(findTestObject("1. Constant/01_id_field_id", ["field_id":"var_26"]), "94", false): All options with value '94' are selected in object 'Object Repository/1. Constant/01_id_field_id' 

2022-06-20 12:07:59 - [MESSAGE][PASSED] - All options with value '94' are selected in object 'Object Repository/1. Constant/01_id_field_id' 

2022-06-20 12:07:59 - [TEST_STEP][PASSED] - delay(1): Delayed 1 second(s)

2022-06-20 12:08:00 - [MESSAGE][PASSED] - Delayed 1 second(s)

2022-06-20 12:08:00 - [TEST_STEP][PASSED] - selectOptionByValue(findTestObject("1. Constant/01_id_field_id", ["field_id":"var_12"]), "94", false): All options with value '94' are selected in object 'Object Repository/1. Constant/01_id_field_id' 

2022-06-20 12:08:00 - [MESSAGE][PASSED] - All options with value '94' are selected in object 'Object Repository/1. Constant/01_id_field_id' 

2022-06-20 12:08:00 - [TEST_STEP][PASSED] - delay(1): Delayed 1 second(s)

2022-06-20 12:08:01 - [MESSAGE][PASSED] - Delayed 1 second(s)

2022-06-20 12:08:01 - [TEST_STEP][PASSED] - selectOptionByValue(findTestObject("1. Constant/01_id_field_id", ["field_id":"var_27"]), "734", false): All options with value '734' are selected in object 'Object Repository/1. Constant/01_id_field_id' 

2022-06-20 12:08:02 - [MESSAGE][PASSED] - All options with value '734' are selected in object 'Object Repository/1. Constant/01_id_field_id' 

2022-06-20 12:08:02 - [TEST_STEP][PASSED] - delay(1): Delayed 1 second(s)

2022-06-20 12:08:03 - [MESSAGE][PASSED] - Delayed 1 second(s)

2022-06-20 12:08:03 - [TEST_STEP][PASSED] - selectOptionByValue(findTestObject("1. Constant/01_id_field_id", ["field_id":"var_71"]), "efood", false): All options with value 'efood' are selected in object 'Object Repository/1. Constant/01_id_field_id' 

2022-06-20 12:08:03 - [MESSAGE][PASSED] - All options with value 'efood' are selected in object 'Object Repository/1. Constant/01_id_field_id' 

2022-06-20 12:08:03 - [TEST_STEP][PASSED] - delay(1): Delayed 1 second(s)

2022-06-20 12:08:04 - [MESSAGE][PASSED] - Delayed 1 second(s)

2022-06-20 12:08:04 - [TEST_STEP][PASSED] - takeScreenshot(): Taking screenshot successfully

2022-06-20 12:08:04 - [MESSAGE][PASSED] - Taking screenshot successfully
[[ATTACHMENT|D:\\Projet Test Auto\\Mediabox Test Automation [Test]\\Reports\\20220620_112818\\z01. Test Suites\\202. TestStarPack Full Lifecycle _Change of Rights_SAS\\20220620_112819\\1655719684357.png]]

2022-06-20 12:08:04 - [TEST_STEP][PASSED] - delay(5): Delayed 5 second(s)

2022-06-20 12:08:09 - [MESSAGE][PASSED] - Delayed 5 second(s)

2022-06-20 12:08:09 - [TEST_STEP][PASSED] - click(findTestObject("HL Full Lifecycle/5 ModifyProjPage_button_Update")): Object: 'Object Repository/HL Full Lifecycle/5 ModifyProjPage_button_Update' is clicked on

2022-06-20 12:08:13 - [MESSAGE][PASSED] - Object: 'Object Repository/HL Full Lifecycle/5 ModifyProjPage_button_Update' is clicked on

2022-06-20 12:08:13 - [TEST_STEP][PASSED] - delay(2): Delayed 2 second(s)

2022-06-20 12:08:15 - [MESSAGE][PASSED] - Delayed 2 second(s)

2022-06-20 12:08:15 - [TEST_STEP][PASSED] - Project_No = I.ProjectNo(): Current window's url is: 'https://mdb-v3-test.diadeis.com/MediaboxIndependence/Base/ExecAction?IDSession=MBI%21RELTEST_STARPACK%21X8SLQZ4CPL1YQOWNHVACOXP6DQ7VRJN23GEHXUEP&default_action=AfficheFichesProjet&id_project=MI000951'

2022-06-20 12:08:20 - [MESSAGE][PASSED] - Delayed 5 second(s)

2022-06-20 12:08:20 - [MESSAGE][PASSED] - Current window's url is: 'https://mdb-v3-test.diadeis.com/MediaboxIndependence/Base/ExecAction?IDSession=MBI%21RELTEST_STARPACK%21X8SLQZ4CPL1YQOWNHVACOXP6DQ7VRJN23GEHXUEP&default_action=AfficheFichesProjet&id_project=MI000951'

2022-06-20 12:08:20 - [TEST_STEP][PASSED] - delay(2): Delayed 2 second(s)

2022-06-20 12:08:22 - [MESSAGE][PASSED] - Delayed 2 second(s)

2022-06-20 12:08:22 - [TEST_STEP][FAILED] - click(findTestObject("HL Full Lifecycle/6 ReferenceListPage_createrefbutton")): Unable to click on object 'Object Repository/HL Full Lifecycle/6 ReferenceListPage_createrefbutton' (Root cause: com.kms.katalon.core.exception.StepFailedException: Unable to click on object 'Object Repository/HL Full Lifecycle/6 ReferenceListPage_createrefbutton'
	at com.kms.katalon.core.webui.keyword.internal.WebUIKeywordMain.stepFailed(WebUIKeywordMain.groovy:64)
	at com.kms.katalon.core.webui.keyword.internal.WebUIKeywordMain.runKeyword(WebUIKeywordMain.groovy:26)
	at com.kms.katalon.core.webui.keyword.builtin.ClickKeyword.click(ClickKeyword.groovy:74)
	at com.kms.katalon.core.webui.keyword.builtin.ClickKeyword.execute(ClickKeyword.groovy:40)
	at com.kms.katalon.core.keyword.internal.KeywordExecutor.executeKeywordForPlatform(KeywordExecutor.groovy:74)
	at com.kms.katalon.core.webui.keyword.WebUiBuiltInKeywords.click(WebUiBuiltInKeywords.groovy:620)
	at com.kms.katalon.core.webui.keyword.WebUiBuiltInKeywords$click$4.call(Unknown Source)
	at 202.04 TestStarPack Full Lifecycle - AWIS (Chrome)_Sans_Ref_filles.run(202.04 TestStarPack Full Lifecycle - AWIS (Chrome)_Sans_Ref_filles:161)
	at com.kms.katalon.core.main.ScriptEngine.run(ScriptEngine.java:194)
	at com.kms.katalon.core.main.ScriptEngine.runScriptAsRawText(ScriptEngine.java:119)
	at com.kms.katalon.core.main.TestCaseExecutor.runScript(TestCaseExecutor.java:445)
	at com.kms.katalon.core.main.TestCaseExecutor.doExecute(TestCaseExecutor.java:436)
	at com.kms.katalon.core.main.TestCaseExecutor.processExecutionPhase(TestCaseExecutor.java:415)
	at com.kms.katalon.core.main.TestCaseExecutor.accessMainPhase(TestCaseExecutor.java:407)
	at com.kms.katalon.core.main.TestCaseExecutor.execute(TestCaseExecutor.java:284)
	at com.kms.katalon.core.common.CommonExecutor.accessTestCaseMainPhase(CommonExecutor.java:65)
	at com.kms.katalon.core.main.TestSuiteExecutor.accessTestSuiteMainPhase(TestSuiteExecutor.java:144)
	at com.kms.katalon.core.main.TestSuiteExecutor.execute(TestSuiteExecutor.java:106)
	at com.kms.katalon.core.main.TestCaseMain.startTestSuite(TestCaseMain.java:185)
	at com.kms.katalon.core.main.TestCaseMain$startTestSuite$0.call(Unknown Source)
	at TempTestSuite1655717299770.run(TempTestSuite1655717299770.groovy:36)
Caused by: com.kms.katalon.core.webui.exception.WebElementNotFoundException: Web element with id: 'Object Repository/HL Full Lifecycle/6 ReferenceListPage_createrefbutton' located by '//div[@id='create_ref_btn']/button/i' not found
	at com.kms.katalon.core.webui.common.WebUiCommonHelper.findWebElement(WebUiCommonHelper.java:1370)
	at com.kms.katalon.core.webui.keyword.internal.WebUIAbstractKeyword.findWebElement(WebUIAbstractKeyword.groovy:27)
	at com.kms.katalon.core.webui.keyword.builtin.ClickKeyword$_click_closure1.doCall(ClickKeyword.groovy:65)
	at com.kms.katalon.core.webui.keyword.builtin.ClickKeyword$_click_closure1.call(ClickKeyword.groovy)
	at com.kms.katalon.core.webui.keyword.internal.WebUIKeywordMain.runKeyword(WebUIKeywordMain.groovy:20)
	at com.kms.katalon.core.webui.keyword.builtin.ClickKeyword.click(ClickKeyword.groovy:74)
	at com.kms.katalon.core.webui.keyword.builtin.ClickKeyword.execute(ClickKeyword.groovy:40)
	at com.kms.katalon.core.keyword.internal.KeywordExecutor.executeKeywordForPlatform(KeywordExecutor.groovy:74)
	at com.kms.katalon.core.webui.keyword.WebUiBuiltInKeywords.click(WebUiBuiltInKeywords.groovy:620)
	at com.kms.katalon.core.webui.keyword.WebUiBuiltInKeywords$click$4.call(Unknown Source)
	at Script1655480182675.run(Script1655480182675.groovy:161)
	... 13 more
)

2022-06-20 12:08:53 - [MESSAGE][INFO] - Unable to find the element located by 'By.xpath: //div[@id='create_ref_btn']/button/i'. Please recheck the objects properties to make sure the desired element is located. 

2022-06-20 12:08:54 - [MESSAGE][FAILED] - Unable to click on object 'Object Repository/HL Full Lifecycle/6 ReferenceListPage_createrefbutton' (Root cause: com.kms.katalon.core.exception.StepFailedException: Unable to click on object 'Object Repository/HL Full Lifecycle/6 ReferenceListPage_createrefbutton'
	at com.kms.katalon.core.webui.keyword.internal.WebUIKeywordMain.stepFailed(WebUIKeywordMain.groovy:64)
	at com.kms.katalon.core.webui.keyword.internal.WebUIKeywordMain.runKeyword(WebUIKeywordMain.groovy:26)
	at com.kms.katalon.core.webui.keyword.builtin.ClickKeyword.click(ClickKeyword.groovy:74)
	at com.kms.katalon.core.webui.keyword.builtin.ClickKeyword.execute(ClickKeyword.groovy:40)
	at com.kms.katalon.core.keyword.internal.KeywordExecutor.executeKeywordForPlatform(KeywordExecutor.groovy:74)
	at com.kms.katalon.core.webui.keyword.WebUiBuiltInKeywords.click(WebUiBuiltInKeywords.groovy:620)
	at com.kms.katalon.core.webui.keyword.WebUiBuiltInKeywords$click$4.call(Unknown Source)
	at 202.04 TestStarPack Full Lifecycle - AWIS (Chrome)_Sans_Ref_filles.run(202.04 TestStarPack Full Lifecycle - AWIS (Chrome)_Sans_Ref_filles:161)
	at com.kms.katalon.core.main.ScriptEngine.run(ScriptEngine.java:194)
	at com.kms.katalon.core.main.ScriptEngine.runScriptAsRawText(ScriptEngine.java:119)
	at com.kms.katalon.core.main.TestCaseExecutor.runScript(TestCaseExecutor.java:445)
	at com.kms.katalon.core.main.TestCaseExecutor.doExecute(TestCaseExecutor.java:436)
	at com.kms.katalon.core.main.TestCaseExecutor.processExecutionPhase(TestCaseExecutor.java:415)
	at com.kms.katalon.core.main.TestCaseExecutor.accessMainPhase(TestCaseExecutor.java:407)
	at com.kms.katalon.core.main.TestCaseExecutor.execute(TestCaseExecutor.java:284)
	at com.kms.katalon.core.common.CommonExecutor.accessTestCaseMainPhase(CommonExecutor.java:65)
	at com.kms.katalon.core.main.TestSuiteExecutor.accessTestSuiteMainPhase(TestSuiteExecutor.java:144)
	at com.kms.katalon.core.main.TestSuiteExecutor.execute(TestSuiteExecutor.java:106)
	at com.kms.katalon.core.main.TestCaseMain.startTestSuite(TestCaseMain.java:185)
	at com.kms.katalon.core.main.TestCaseMain$startTestSuite$0.call(Unknown Source)
	at TempTestSuite1655717299770.run(TempTestSuite1655717299770.groovy:36)
Caused by: com.kms.katalon.core.webui.exception.WebElementNotFoundException: Web element with id: 'Object Repository/HL Full Lifecycle/6 ReferenceListPage_createrefbutton' located by '//div[@id='create_ref_btn']/button/i' not found
	at com.kms.katalon.core.webui.common.WebUiCommonHelper.findWebElement(WebUiCommonHelper.java:1370)
	at com.kms.katalon.core.webui.keyword.internal.WebUIAbstractKeyword.findWebElement(WebUIAbstractKeyword.groovy:27)
	at com.kms.katalon.core.webui.keyword.builtin.ClickKeyword$_click_closure1.doCall(ClickKeyword.groovy:65)
	at com.kms.katalon.core.webui.keyword.builtin.ClickKeyword$_click_closure1.call(ClickKeyword.groovy)
	at com.kms.katalon.core.webui.keyword.internal.WebUIKeywordMain.runKeyword(WebUIKeywordMain.groovy:20)
	at com.kms.katalon.core.webui.keyword.builtin.ClickKeyword.click(ClickKeyword.groovy:74)
	at com.kms.katalon.core.webui.keyword.builtin.ClickKeyword.execute(ClickKeyword.groovy:40)
	at com.kms.katalon.core.keyword.internal.KeywordExecutor.executeKeywordForPlatform(KeywordExecutor.groovy:74)
	at com.kms.katalon.core.webui.keyword.WebUiBuiltInKeywords.click(WebUiBuiltInKeywords.groovy:620)
	at com.kms.katalon.core.webui.keyword.WebUiBuiltInKeywords$click$4.call(Unknown Source)
	at Script1655480182675.run(Script1655480182675.groovy:161)
	... 13 more
)
[[ATTACHMENT|D:\\Projet Test Auto\\Mediabox Test Automation [Test]\\Reports\\20220620_112818\\z01. Test Suites\\202. TestStarPack Full Lifecycle _Change of Rights_SAS\\20220620_112819\\1655719733761.png]]

2022-06-20 12:08:54 - [TEST_STEP][PASSED] - Start listener action : sampleAfterTestCase: null]]></system-out>
         <system-err><![CDATA[2022-06-20 12:07:24 - [TEST_CASE][FAILED] - Test Cases/202. TestStarPack Full Lifecycle _Change of Rights_SAS/202.04 TestStarPack Full Lifecycle - AWIS (Chrome)_Sans_Ref_filles: Test Cases/202. TestStarPack Full Lifecycle _Change of Rights_SAS/202.04 TestStarPack Full Lifecycle - AWIS (Chrome)_Sans_Ref_filles FAILED.
Reason:
com.kms.katalon.core.exception.StepFailedException: Unable to click on object 'Object Repository/HL Full Lifecycle/6 ReferenceListPage_createrefbutton'
	at com.kms.katalon.core.webui.keyword.internal.WebUIKeywordMain.stepFailed(WebUIKeywordMain.groovy:64)
	at com.kms.katalon.core.webui.keyword.internal.WebUIKeywordMain.runKeyword(WebUIKeywordMain.groovy:26)
	at com.kms.katalon.core.webui.keyword.builtin.ClickKeyword.click(ClickKeyword.groovy:74)
	at com.kms.katalon.core.webui.keyword.builtin.ClickKeyword.execute(ClickKeyword.groovy:40)
	at com.kms.katalon.core.keyword.internal.KeywordExecutor.executeKeywordForPlatform(KeywordExecutor.groovy:74)
	at com.kms.katalon.core.webui.keyword.WebUiBuiltInKeywords.click(WebUiBuiltInKeywords.groovy:620)
	at com.kms.katalon.core.webui.keyword.WebUiBuiltInKeywords$click$4.call(Unknown Source)
	at 202.04 TestStarPack Full Lifecycle - AWIS (Chrome)_Sans_Ref_filles.run(202.04 TestStarPack Full Lifecycle - AWIS (Chrome)_Sans_Ref_filles:161)
	at com.kms.katalon.core.main.ScriptEngine.run(ScriptEngine.java:194)
	at com.kms.katalon.core.main.ScriptEngine.runScriptAsRawText(ScriptEngine.java:119)
	at com.kms.katalon.core.main.TestCaseExecutor.runScript(TestCaseExecutor.java:445)
	at com.kms.katalon.core.main.TestCaseExecutor.doExecute(TestCaseExecutor.java:436)
	at com.kms.katalon.core.main.TestCaseExecutor.processExecutionPhase(TestCaseExecutor.java:415)
	at com.kms.katalon.core.main.TestCaseExecutor.accessMainPhase(TestCaseExecutor.java:407)
	at com.kms.katalon.core.main.TestCaseExecutor.execute(TestCaseExecutor.java:284)
	at com.kms.katalon.core.common.CommonExecutor.accessTestCaseMainPhase(CommonExecutor.java:65)
	at com.kms.katalon.core.main.TestSuiteExecutor.accessTestSuiteMainPhase(TestSuiteExecutor.java:144)
	at com.kms.katalon.core.main.TestSuiteExecutor.execute(TestSuiteExecutor.java:106)
	at com.kms.katalon.core.main.TestCaseMain.startTestSuite(TestCaseMain.java:185)
	at com.kms.katalon.core.main.TestCaseMain$startTestSuite$0.call(Unknown Source)
	at TempTestSuite1655717299770.run(TempTestSuite1655717299770.groovy:36)
Caused by: com.kms.katalon.core.webui.exception.WebElementNotFoundException: Web element with id: 'Object Repository/HL Full Lifecycle/6 ReferenceListPage_createrefbutton' located by '//div[@id='create_ref_btn']/button/i' not found
	at com.kms.katalon.core.webui.common.WebUiCommonHelper.findWebElement(WebUiCommonHelper.java:1370)
	at com.kms.katalon.core.webui.keyword.internal.WebUIAbstractKeyword.findWebElement(WebUIAbstractKeyword.groovy:27)
	at com.kms.katalon.core.webui.keyword.builtin.ClickKeyword$_click_closure1.doCall(ClickKeyword.groovy:65)
	at com.kms.katalon.core.webui.keyword.builtin.ClickKeyword$_click_closure1.call(ClickKeyword.groovy)
	at com.kms.katalon.core.webui.keyword.internal.WebUIKeywordMain.runKeyword(WebUIKeywordMain.groovy:20)
	... 19 more]]></system-err>
      </testcase>
      <testcase name="Test Cases/202. TestStarPack Full Lifecycle _Change of Rights_SAS/202.05 TestStarPack- Project Name (255) _ Ref Name (80)" time="93.946" classname="Test Cases/202. TestStarPack Full Lifecycle _Change of Rights_SAS/202.05 TestStarPack- Project Name (255) _ Ref Name (80)" status="FAILED">
         <failure type="FAILED" message="Test Cases/202. TestStarPack Full Lifecycle _Change of Rights_SAS/202.05 TestStarPack- Project Name (255) _ Ref Name (80) FAILED.
Reason:
com.kms.katalon.core.exception.StepFailedException: Unable to click on object 'Object Repository/StarPack - Full Lifecycle (AWIS)/1.01 View Project id_card_project_div2_div_div3a3'
	at com.kms.katalon.core.webui.keyword.internal.WebUIKeywordMain.stepFailed(WebUIKeywordMain.groovy:64)
	at com.kms.katalon.core.webui.keyword.internal.WebUIKeywordMain.runKeyword(WebUIKeywordMain.groovy:26)
	at com.kms.katalon.core.webui.keyword.builtin.ClickKeyword.click(ClickKeyword.groovy:74)
	at com.kms.katalon.core.webui.keyword.builtin.ClickKeyword.execute(ClickKeyword.groovy:40)
	at com.kms.katalon.core.keyword.internal.KeywordExecutor.executeKeywordForPlatform(KeywordExecutor.groovy:74)
	at com.kms.katalon.core.webui.keyword.WebUiBuiltInKeywords.click(WebUiBuiltInKeywords.groovy:620)
	at com.kms.katalon.core.webui.keyword.WebUiBuiltInKeywords$click$4.call(Unknown Source)
	at 202.05 TestStarPack- Project Name (255) _ Ref Name (80).run(202.05 TestStarPack- Project Name (255) _ Ref Name (80):160)
	at com.kms.katalon.core.main.ScriptEngine.run(ScriptEngine.java:194)
	at com.kms.katalon.core.main.ScriptEngine.runScriptAsRawText(ScriptEngine.java:119)
	at com.kms.katalon.core.main.TestCaseExecutor.runScript(TestCaseExecutor.java:445)
	at com.kms.katalon.core.main.TestCaseExecutor.doExecute(TestCaseExecutor.java:436)
	at com.kms.katalon.core.main.TestCaseExecutor.processExecutionPhase(TestCaseExecutor.java:415)
	at com.kms.katalon.core.main.TestCaseExecutor.accessMainPhase(TestCaseExecutor.java:407)
	at com.kms.katalon.core.main.TestCaseExecutor.execute(TestCaseExecutor.java:284)
	at com.kms.katalon.core.common.CommonExecutor.accessTestCaseMainPhase(CommonExecutor.java:65)
	at com.kms.katalon.core.main.TestSuiteExecutor.accessTestSuiteMainPhase(TestSuiteExecutor.java:144)
	at com.kms.katalon.core.main.TestSuiteExecutor.execute(TestSuiteExecutor.java:106)
	at com.kms.katalon.core.main.TestCaseMain.startTestSuite(TestCaseMain.java:185)
	at com.kms.katalon.core.main.TestCaseMain$startTestSuite$0.call(Unknown Source)
	at TempTestSuite1655717299770.run(TempTestSuite1655717299770.groovy:36)
Caused by: com.kms.katalon.core.webui.exception.WebElementNotFoundException: Web element with id: 'Object Repository/StarPack - Full Lifecycle (AWIS)/1.01 View Project id_card_project_div2_div_div3a3' located by '//*[@id=&quot;card_project&quot;]/div[2]/div/div[3]/a[3]' not found
	at com.kms.katalon.core.webui.common.WebUiCommonHelper.findWebElement(WebUiCommonHelper.java:1370)
	at com.kms.katalon.core.webui.keyword.internal.WebUIAbstractKeyword.findWebElement(WebUIAbstractKeyword.groovy:27)
	at com.kms.katalon.core.webui.keyword.builtin.ClickKeyword$_click_closure1.doCall(ClickKeyword.groovy:65)
	at com.kms.katalon.core.webui.keyword.builtin.ClickKeyword$_click_closure1.call(ClickKeyword.groovy)
	at com.kms.katalon.core.webui.keyword.internal.WebUIKeywordMain.runKeyword(WebUIKeywordMain.groovy:20)
	... 19 more
"/>
         <system-out><![CDATA[2022-06-20 12:08:54 - [TEST_CASE][FAILED] - Test Cases/202. TestStarPack Full Lifecycle _Change of Rights_SAS/202.05 TestStarPack- Project Name (255) _ Ref Name (80): Test Cases/202. TestStarPack Full Lifecycle _Change of Rights_SAS/202.05 TestStarPack- Project Name (255) _ Ref Name (80) FAILED.
Reason:
com.kms.katalon.core.exception.StepFailedException: Unable to click on object 'Object Repository/StarPack - Full Lifecycle (AWIS)/1.01 View Project id_card_project_div2_div_div3a3'
	at com.kms.katalon.core.webui.keyword.internal.WebUIKeywordMain.stepFailed(WebUIKeywordMain.groovy:64)
	at com.kms.katalon.core.webui.keyword.internal.WebUIKeywordMain.runKeyword(WebUIKeywordMain.groovy:26)
	at com.kms.katalon.core.webui.keyword.builtin.ClickKeyword.click(ClickKeyword.groovy:74)
	at com.kms.katalon.core.webui.keyword.builtin.ClickKeyword.execute(ClickKeyword.groovy:40)
	at com.kms.katalon.core.keyword.internal.KeywordExecutor.executeKeywordForPlatform(KeywordExecutor.groovy:74)
	at com.kms.katalon.core.webui.keyword.WebUiBuiltInKeywords.click(WebUiBuiltInKeywords.groovy:620)
	at com.kms.katalon.core.webui.keyword.WebUiBuiltInKeywords$click$4.call(Unknown Source)
	at 202.05 TestStarPack- Project Name (255) _ Ref Name (80).run(202.05 TestStarPack- Project Name (255) _ Ref Name (80):160)
	at com.kms.katalon.core.main.ScriptEngine.run(ScriptEngine.java:194)
	at com.kms.katalon.core.main.ScriptEngine.runScriptAsRawText(ScriptEngine.java:119)
	at com.kms.katalon.core.main.TestCaseExecutor.runScript(TestCaseExecutor.java:445)
	at com.kms.katalon.core.main.TestCaseExecutor.doExecute(TestCaseExecutor.java:436)
	at com.kms.katalon.core.main.TestCaseExecutor.processExecutionPhase(TestCaseExecutor.java:415)
	at com.kms.katalon.core.main.TestCaseExecutor.accessMainPhase(TestCaseExecutor.java:407)
	at com.kms.katalon.core.main.TestCaseExecutor.execute(TestCaseExecutor.java:284)
	at com.kms.katalon.core.common.CommonExecutor.accessTestCaseMainPhase(CommonExecutor.java:65)
	at com.kms.katalon.core.main.TestSuiteExecutor.accessTestSuiteMainPhase(TestSuiteExecutor.java:144)
	at com.kms.katalon.core.main.TestSuiteExecutor.execute(TestSuiteExecutor.java:106)
	at com.kms.katalon.core.main.TestCaseMain.startTestSuite(TestCaseMain.java:185)
	at com.kms.katalon.core.main.TestCaseMain$startTestSuite$0.call(Unknown Source)
	at TempTestSuite1655717299770.run(TempTestSuite1655717299770.groovy:36)
Caused by: com.kms.katalon.core.webui.exception.WebElementNotFoundException: Web element with id: 'Object Repository/StarPack - Full Lifecycle (AWIS)/1.01 View Project id_card_project_div2_div_div3a3' located by '//*[@id="card_project"]/div[2]/div/div[3]/a[3]' not found
	at com.kms.katalon.core.webui.common.WebUiCommonHelper.findWebElement(WebUiCommonHelper.java:1370)
	at com.kms.katalon.core.webui.keyword.internal.WebUIAbstractKeyword.findWebElement(WebUIAbstractKeyword.groovy:27)
	at com.kms.katalon.core.webui.keyword.builtin.ClickKeyword$_click_closure1.doCall(ClickKeyword.groovy:65)
	at com.kms.katalon.core.webui.keyword.builtin.ClickKeyword$_click_closure1.call(ClickKeyword.groovy)
	at com.kms.katalon.core.webui.keyword.internal.WebUIKeywordMain.runKeyword(WebUIKeywordMain.groovy:20)
	... 19 more


2022-06-20 12:08:54 - [TEST_STEP][PASSED] - data = findTestData("Data Files/Username_Password/Test_Starpack"): null

2022-06-20 12:08:54 - [TEST_STEP][PASSED] - password_suser = data.getValue(2, 1): null

2022-06-20 12:08:54 - [TEST_STEP][PASSED] - password_aherms = data.getValue(2, 2): null

2022-06-20 12:08:54 - [TEST_STEP][PASSED] - password_agluszczynska = data.getValue(2, 3): null

2022-06-20 12:08:54 - [TEST_STEP][PASSED] - password_jmaciaszczyk = data.getValue(2, 4): null

2022-06-20 12:08:54 - [TEST_STEP][PASSED] - password_aterreshernandez = data.getValue(2, 5): null

2022-06-20 12:08:55 - [TEST_STEP][PASSED] - password_amartin_arbol = data.getValue(2, 6): null

2022-06-20 12:08:55 - [TEST_STEP][PASSED] - password_adelamatanieves = data.getValue(2, 7): null

2022-06-20 12:08:55 - [TEST_STEP][PASSED] - password_kcannoosamy_dia = data.getValue(2, 8): null

2022-06-20 12:08:55 - [TEST_STEP][PASSED] - data_urlTestAUTO = findTestData("Data Files/URL/URL_testauto"): null

2022-06-20 12:08:55 - [TEST_STEP][PASSED] - Url_Starpack = data_urlTestAUTO.getValue(2, 2): null

2022-06-20 12:08:55 - [TEST_STEP][PASSED] - openBrowser(Url_Starpack): Browser is opened with url: 'https://mdb-v3-test.diadeis.com/MediaboxIndependence/?MBI_datasource=RELTEST_STARPACK'

2022-06-20 12:08:55 - [MESSAGE][WARNING] - A browser is already opened. Closing browser and opening a new one

2022-06-20 12:08:55 - [MESSAGE][INFO] - Starting 'Chrome (headless)' driver

2022-06-20 12:08:55 - [MESSAGE][INFO] - User set preference: ['args', '[--window-size=1920,1080, --headless]']

2022-06-20 12:08:55 - [MESSAGE][INFO] - Action delay is set to 0 milliseconds

2022-06-20 12:09:01 - [MESSAGE][PASSED] - Browser is opened with url: 'https://mdb-v3-test.diadeis.com/MediaboxIndependence/?MBI_datasource=RELTEST_STARPACK'

2022-06-20 12:09:01 - [TEST_STEP][PASSED] - maximizeWindow(): Current window maximized

2022-06-20 12:09:01 - [MESSAGE][PASSED] - Current window maximized

2022-06-20 12:09:01 - [TEST_STEP][PASSED] - I.Login_password("adelamatanieves", password_adelamatanieves): Object: 'Object Repository/1. Constant/xpath' is clicked on

2022-06-20 12:09:02 - [MESSAGE][PASSED] - Text 'adelamatanieves' is set on object 'Object Repository/1. Constant/xpath'

2022-06-20 12:09:03 - [MESSAGE][PASSED] - Delayed 1 second(s)

2022-06-20 12:09:03 - [MESSAGE][PASSED] - Text 'diadeis' is set on object 'Object Repository/1. Constant/xpath'

2022-06-20 12:09:04 - [MESSAGE][PASSED] - Delayed 1 second(s)

2022-06-20 12:09:08 - [MESSAGE][PASSED] - Object: 'Object Repository/1. Constant/xpath' is clicked on

2022-06-20 12:09:08 - [TEST_STEP][PASSED] - takeScreenshot(): Taking screenshot successfully

2022-06-20 12:09:08 - [MESSAGE][PASSED] - Taking screenshot successfully
[[ATTACHMENT|D:\\Projet Test Auto\\Mediabox Test Automation [Test]\\Reports\\20220620_112818\\z01. Test Suites\\202. TestStarPack Full Lifecycle _Change of Rights_SAS\\20220620_112819\\1655719748721.png]]

2022-06-20 12:09:08 - [TEST_STEP][PASSED] - click(findTestObject("1. Constant/02_LHSMenu_Projects")): Object: 'Object Repository/1. Constant/02_LHSMenu_Projects' is clicked on

2022-06-20 12:09:13 - [MESSAGE][PASSED] - Object: 'Object Repository/1. Constant/02_LHSMenu_Projects' is clicked on

2022-06-20 12:09:13 - [TEST_STEP][PASSED] - click(findTestObject("Object Repository/1. Constant/xpath", ["xpath":"//*[@id="kt_content"]/div[3]/div/div/div[1]/div[2]/a[1]"])): Object: 'Object Repository/1. Constant/xpath' is clicked on

2022-06-20 12:09:14 - [MESSAGE][PASSED] - Object: 'Object Repository/1. Constant/xpath' is clicked on

2022-06-20 12:09:14 - [TEST_STEP][PASSED] - takeScreenshot(): Taking screenshot successfully

2022-06-20 12:09:14 - [MESSAGE][PASSED] - Taking screenshot successfully
[[ATTACHMENT|D:\\Projet Test Auto\\Mediabox Test Automation [Test]\\Reports\\20220620_112818\\z01. Test Suites\\202. TestStarPack Full Lifecycle _Change of Rights_SAS\\20220620_112819\\1655719754390.png]]

2022-06-20 12:09:14 - [TEST_STEP][PASSED] - project_name0 = "AutoTest_Chrome_Starpack_Long_ProjectName_" + RandomStringUtils.randomAlphanumeric(10) + "_" + I.gettimedate(): null

2022-06-20 12:09:14 - [TEST_STEP][PASSED] - setText(findTestObject("HL Full Lifecycle/4 CreateProjPage_inputProjectname"), project_name0): Text 'AutoTest_Chrome_Starpack_Long_ProjectName_Jdwe6IUOeF_juin202022_120914' is set on object 'Object Repository/HL Full Lifecycle/4 CreateProjPage_inputProjectname'

2022-06-20 12:09:15 - [MESSAGE][PASSED] - Text 'AutoTest_Chrome_Starpack_Long_ProjectName_Jdwe6IUOeF_juin202022_120914' is set on object 'Object Repository/HL Full Lifecycle/4 CreateProjPage_inputProjectname'

2022-06-20 12:09:15 - [TEST_STEP][PASSED] - click(findTestObject("HL Full Lifecycle/4 CreateProjPage_Create Project_Bluebutton")): Object: 'Object Repository/HL Full Lifecycle/4 CreateProjPage_Create Project_Bluebutton' is clicked on

2022-06-20 12:09:20 - [MESSAGE][PASSED] - Object: 'Object Repository/HL Full Lifecycle/4 CreateProjPage_Create Project_Bluebutton' is clicked on

2022-06-20 12:09:20 - [TEST_STEP][PASSED] - delay(1): Delayed 1 second(s)

2022-06-20 12:09:21 - [MESSAGE][PASSED] - Delayed 1 second(s)

2022-06-20 12:09:21 - [TEST_STEP][PASSED] - takeScreenshot(): Taking screenshot successfully

2022-06-20 12:09:22 - [MESSAGE][PASSED] - Taking screenshot successfully
[[ATTACHMENT|D:\\Projet Test Auto\\Mediabox Test Automation [Test]\\Reports\\20220620_112818\\z01. Test Suites\\202. TestStarPack Full Lifecycle _Change of Rights_SAS\\20220620_112819\\1655719761876.png]]

2022-06-20 12:09:22 - [TEST_STEP][PASSED] - project_name1 = "AutoTest_Chrome_Starpack__Long_ProjectName_" + RandomStringUtils.randomAlphanumeric(195) + "_" + I.gettimedate() + "_tesst": null

2022-06-20 12:09:22 - [TEST_STEP][PASSED] - setText(findTestObject("HL Full Lifecycle/4 CreateProjPage_inputProjectname"), project_name1): Text 'AutoTest_Chrome_Starpack__Long_ProjectName_sQkUbSFIeynZfiFBSKjuYvB8guoHiyiO4q7kF0qqTxctTYrK12zYV052SPYvm4MxqNOSqvHCinZ9hGylmuuRpXtAxPQIV4k6XTZAqJHKfLJAPRgBJRtMMiL3rcJRuG0v80fgwmWGi7DlBo4TNd2JIOTwU3LqBi5oBtDf3zQmLfiksqHuTHUOt1k7TEeWrAjXnSP_juin202022_120922_tesst' is set on object 'Object Repository/HL Full Lifecycle/4 CreateProjPage_inputProjectname'

2022-06-20 12:09:23 - [MESSAGE][PASSED] - Text 'AutoTest_Chrome_Starpack__Long_ProjectName_sQkUbSFIeynZfiFBSKjuYvB8guoHiyiO4q7kF0qqTxctTYrK12zYV052SPYvm4MxqNOSqvHCinZ9hGylmuuRpXtAxPQIV4k6XTZAqJHKfLJAPRgBJRtMMiL3rcJRuG0v80fgwmWGi7DlBo4TNd2JIOTwU3LqBi5oBtDf3zQmLfiksqHuTHUOt1k7TEeWrAjXnSP_juin202022_120922_tesst' is set on object 'Object Repository/HL Full Lifecycle/4 CreateProjPage_inputProjectname'

2022-06-20 12:09:23 - [TEST_STEP][PASSED] - selectOptionByValue(findTestObject("1. Constant/01_id_field_id", ["field_id":"var_98"]), "122", false): All options with value '122' are selected in object 'Object Repository/1. Constant/01_id_field_id' 

2022-06-20 12:09:23 - [MESSAGE][PASSED] - All options with value '122' are selected in object 'Object Repository/1. Constant/01_id_field_id' 

2022-06-20 12:09:23 - [TEST_STEP][PASSED] - delay(1): Delayed 1 second(s)

2022-06-20 12:09:24 - [MESSAGE][PASSED] - Delayed 1 second(s)

2022-06-20 12:09:24 - [TEST_STEP][PASSED] - selectOptionByValue(findTestObject("1. Constant/01_id_field_id", ["field_id":"var_9"]), "amartin_arbol", false): All options with value 'amartin_arbol' are selected in object 'Object Repository/1. Constant/01_id_field_id' 

2022-06-20 12:09:24 - [MESSAGE][PASSED] - All options with value 'amartin_arbol' are selected in object 'Object Repository/1. Constant/01_id_field_id' 

2022-06-20 12:09:24 - [TEST_STEP][PASSED] - delay(1): Delayed 1 second(s)

2022-06-20 12:09:25 - [MESSAGE][PASSED] - Delayed 1 second(s)

2022-06-20 12:09:25 - [TEST_STEP][PASSED] - selectOptionByValue(findTestObject("1. Constant/01_id_field_id", ["field_id":"var_10"]), "aterreshernandez", false): All options with value 'aterreshernandez' are selected in object 'Object Repository/1. Constant/01_id_field_id' 

2022-06-20 12:09:26 - [MESSAGE][PASSED] - All options with value 'aterreshernandez' are selected in object 'Object Repository/1. Constant/01_id_field_id' 

2022-06-20 12:09:26 - [TEST_STEP][PASSED] - delay(1): Delayed 1 second(s)

2022-06-20 12:09:27 - [MESSAGE][PASSED] - Delayed 1 second(s)

2022-06-20 12:09:27 - [TEST_STEP][PASSED] - selectOptionByValue(findTestObject("Object Repository/xxx Todelete/1.4 ModifyProPage_MF(IDP)"), "nalonsobermejo", true): All options with value 'nalonsobermejo' are selected in object 'Object Repository/xxx Todelete/1.4 ModifyProPage_MF(IDP)'  using regular expression

2022-06-20 12:09:27 - [MESSAGE][PASSED] - All options with value 'nalonsobermejo' are selected in object 'Object Repository/xxx Todelete/1.4 ModifyProPage_MF(IDP)'  using regular expression

2022-06-20 12:09:27 - [TEST_STEP][PASSED] - delay(1): Delayed 1 second(s)

2022-06-20 12:09:28 - [MESSAGE][PASSED] - Delayed 1 second(s)

2022-06-20 12:09:28 - [TEST_STEP][PASSED] - click(findTestObject("Object Repository/xxx Todelete/1.41 ModifyProPage_AddMF")): Object: 'Object Repository/xxx Todelete/1.41 ModifyProPage_AddMF' is clicked on

2022-06-20 12:09:28 - [MESSAGE][PASSED] - Object: 'Object Repository/xxx Todelete/1.41 ModifyProPage_AddMF' is clicked on

2022-06-20 12:09:28 - [TEST_STEP][PASSED] - delay(1): Delayed 1 second(s)

2022-06-20 12:09:29 - [MESSAGE][PASSED] - Delayed 1 second(s)

2022-06-20 12:09:29 - [TEST_STEP][PASSED] - selectOptionByValue(findTestObject("1. Constant/01_id_field_id", ["field_id":"var_15"]), "292", false): All options with value '292' are selected in object 'Object Repository/1. Constant/01_id_field_id' 

2022-06-20 12:09:30 - [MESSAGE][PASSED] - All options with value '292' are selected in object 'Object Repository/1. Constant/01_id_field_id' 

2022-06-20 12:09:30 - [TEST_STEP][PASSED] - delay(1): Delayed 1 second(s)

2022-06-20 12:09:31 - [MESSAGE][PASSED] - Delayed 1 second(s)

2022-06-20 12:09:31 - [TEST_STEP][PASSED] - selectOptionByValue(findTestObject("1. Constant/01_id_field_id", ["field_id":"var_26"]), "94", false): All options with value '94' are selected in object 'Object Repository/1. Constant/01_id_field_id' 

2022-06-20 12:09:31 - [MESSAGE][PASSED] - All options with value '94' are selected in object 'Object Repository/1. Constant/01_id_field_id' 

2022-06-20 12:09:31 - [TEST_STEP][PASSED] - delay(1): Delayed 1 second(s)

2022-06-20 12:09:32 - [MESSAGE][PASSED] - Delayed 1 second(s)

2022-06-20 12:09:32 - [TEST_STEP][PASSED] - selectOptionByValue(findTestObject("1. Constant/01_id_field_id", ["field_id":"var_12"]), "94", false): All options with value '94' are selected in object 'Object Repository/1. Constant/01_id_field_id' 

2022-06-20 12:09:32 - [MESSAGE][PASSED] - All options with value '94' are selected in object 'Object Repository/1. Constant/01_id_field_id' 

2022-06-20 12:09:32 - [TEST_STEP][PASSED] - delay(1): Delayed 1 second(s)

2022-06-20 12:09:33 - [MESSAGE][PASSED] - Delayed 1 second(s)

2022-06-20 12:09:33 - [TEST_STEP][PASSED] - selectOptionByValue(findTestObject("1. Constant/01_id_field_id", ["field_id":"var_27"]), "734", false): All options with value '734' are selected in object 'Object Repository/1. Constant/01_id_field_id' 

2022-06-20 12:09:34 - [MESSAGE][PASSED] - All options with value '734' are selected in object 'Object Repository/1. Constant/01_id_field_id' 

2022-06-20 12:09:34 - [TEST_STEP][PASSED] - delay(1): Delayed 1 second(s)

2022-06-20 12:09:35 - [MESSAGE][PASSED] - Delayed 1 second(s)

2022-06-20 12:09:35 - [TEST_STEP][PASSED] - selectOptionByValue(findTestObject("1. Constant/01_id_field_id", ["field_id":"var_71"]), "efood", false): All options with value 'efood' are selected in object 'Object Repository/1. Constant/01_id_field_id' 

2022-06-20 12:09:35 - [MESSAGE][PASSED] - All options with value 'efood' are selected in object 'Object Repository/1. Constant/01_id_field_id' 

2022-06-20 12:09:35 - [TEST_STEP][PASSED] - delay(5): Delayed 5 second(s)

2022-06-20 12:09:40 - [MESSAGE][PASSED] - Delayed 5 second(s)

2022-06-20 12:09:40 - [TEST_STEP][PASSED] - takeScreenshot(): Taking screenshot successfully

2022-06-20 12:09:41 - [MESSAGE][PASSED] - Taking screenshot successfully
[[ATTACHMENT|D:\\Projet Test Auto\\Mediabox Test Automation [Test]\\Reports\\20220620_112818\\z01. Test Suites\\202. TestStarPack Full Lifecycle _Change of Rights_SAS\\20220620_112819\\1655719780803.png]]

2022-06-20 12:09:41 - [TEST_STEP][PASSED] - click(findTestObject("HL Full Lifecycle/5 ModifyProjPage_button_Update")): Object: 'Object Repository/HL Full Lifecycle/5 ModifyProjPage_button_Update' is clicked on

2022-06-20 12:09:46 - [MESSAGE][PASSED] - Object: 'Object Repository/HL Full Lifecycle/5 ModifyProjPage_button_Update' is clicked on

2022-06-20 12:09:46 - [TEST_STEP][PASSED] - delay(5): Delayed 5 second(s)

2022-06-20 12:09:51 - [MESSAGE][PASSED] - Delayed 5 second(s)

2022-06-20 12:09:51 - [TEST_STEP][PASSED] - Project_No = I.ProjectNo(): Current window's url is: 'https://mdb-v3-test.diadeis.com/MediaboxIndependence/Base/ExecAction?IDSession=MBI%21RELTEST_STARPACK%21QN6JTWIJTBLXBWXJTZPGSVIIC19IX8X2Z7GC1282&default_action=AfficheFichesProjet&id_project=MI000952'

2022-06-20 12:09:56 - [MESSAGE][PASSED] - Delayed 5 second(s)

2022-06-20 12:09:56 - [MESSAGE][PASSED] - Current window's url is: 'https://mdb-v3-test.diadeis.com/MediaboxIndependence/Base/ExecAction?IDSession=MBI%21RELTEST_STARPACK%21QN6JTWIJTBLXBWXJTZPGSVIIC19IX8X2Z7GC1282&default_action=AfficheFichesProjet&id_project=MI000952'

2022-06-20 12:09:56 - [TEST_STEP][FAILED] - click(findTestObject("Object Repository/StarPack - Full Lifecycle (AWIS)/1.01 View Project id_card_project_div2_div_div3a3")): Unable to click on object 'Object Repository/StarPack - Full Lifecycle (AWIS)/1.01 View Project id_card_project_div2_div_div3a3' (Root cause: com.kms.katalon.core.exception.StepFailedException: Unable to click on object 'Object Repository/StarPack - Full Lifecycle (AWIS)/1.01 View Project id_card_project_div2_div_div3a3'
	at com.kms.katalon.core.webui.keyword.internal.WebUIKeywordMain.stepFailed(WebUIKeywordMain.groovy:64)
	at com.kms.katalon.core.webui.keyword.internal.WebUIKeywordMain.runKeyword(WebUIKeywordMain.groovy:26)
	at com.kms.katalon.core.webui.keyword.builtin.ClickKeyword.click(ClickKeyword.groovy:74)
	at com.kms.katalon.core.webui.keyword.builtin.ClickKeyword.execute(ClickKeyword.groovy:40)
	at com.kms.katalon.core.keyword.internal.KeywordExecutor.executeKeywordForPlatform(KeywordExecutor.groovy:74)
	at com.kms.katalon.core.webui.keyword.WebUiBuiltInKeywords.click(WebUiBuiltInKeywords.groovy:620)
	at com.kms.katalon.core.webui.keyword.WebUiBuiltInKeywords$click$4.call(Unknown Source)
	at 202.05 TestStarPack- Project Name (255) _ Ref Name (80).run(202.05 TestStarPack- Project Name (255) _ Ref Name (80):160)
	at com.kms.katalon.core.main.ScriptEngine.run(ScriptEngine.java:194)
	at com.kms.katalon.core.main.ScriptEngine.runScriptAsRawText(ScriptEngine.java:119)
	at com.kms.katalon.core.main.TestCaseExecutor.runScript(TestCaseExecutor.java:445)
	at com.kms.katalon.core.main.TestCaseExecutor.doExecute(TestCaseExecutor.java:436)
	at com.kms.katalon.core.main.TestCaseExecutor.processExecutionPhase(TestCaseExecutor.java:415)
	at com.kms.katalon.core.main.TestCaseExecutor.accessMainPhase(TestCaseExecutor.java:407)
	at com.kms.katalon.core.main.TestCaseExecutor.execute(TestCaseExecutor.java:284)
	at com.kms.katalon.core.common.CommonExecutor.accessTestCaseMainPhase(CommonExecutor.java:65)
	at com.kms.katalon.core.main.TestSuiteExecutor.accessTestSuiteMainPhase(TestSuiteExecutor.java:144)
	at com.kms.katalon.core.main.TestSuiteExecutor.execute(TestSuiteExecutor.java:106)
	at com.kms.katalon.core.main.TestCaseMain.startTestSuite(TestCaseMain.java:185)
	at com.kms.katalon.core.main.TestCaseMain$startTestSuite$0.call(Unknown Source)
	at TempTestSuite1655717299770.run(TempTestSuite1655717299770.groovy:36)
Caused by: com.kms.katalon.core.webui.exception.WebElementNotFoundException: Web element with id: 'Object Repository/StarPack - Full Lifecycle (AWIS)/1.01 View Project id_card_project_div2_div_div3a3' located by '//*[@id="card_project"]/div[2]/div/div[3]/a[3]' not found
	at com.kms.katalon.core.webui.common.WebUiCommonHelper.findWebElement(WebUiCommonHelper.java:1370)
	at com.kms.katalon.core.webui.keyword.internal.WebUIAbstractKeyword.findWebElement(WebUIAbstractKeyword.groovy:27)
	at com.kms.katalon.core.webui.keyword.builtin.ClickKeyword$_click_closure1.doCall(ClickKeyword.groovy:65)
	at com.kms.katalon.core.webui.keyword.builtin.ClickKeyword$_click_closure1.call(ClickKeyword.groovy)
	at com.kms.katalon.core.webui.keyword.internal.WebUIKeywordMain.runKeyword(WebUIKeywordMain.groovy:20)
	at com.kms.katalon.core.webui.keyword.builtin.ClickKeyword.click(ClickKeyword.groovy:74)
	at com.kms.katalon.core.webui.keyword.builtin.ClickKeyword.execute(ClickKeyword.groovy:40)
	at com.kms.katalon.core.keyword.internal.KeywordExecutor.executeKeywordForPlatform(KeywordExecutor.groovy:74)
	at com.kms.katalon.core.webui.keyword.WebUiBuiltInKeywords.click(WebUiBuiltInKeywords.groovy:620)
	at com.kms.katalon.core.webui.keyword.WebUiBuiltInKeywords$click$4.call(Unknown Source)
	at Script1655480348383.run(Script1655480348383.groovy:160)
	... 13 more
)

2022-06-20 12:10:27 - [MESSAGE][INFO] - Unable to find the element located by 'By.xpath: //*[@id="card_project"]/div[2]/div/div[3]/a[3]'. Please recheck the objects properties to make sure the desired element is located. 

2022-06-20 12:10:28 - [MESSAGE][FAILED] - Unable to click on object 'Object Repository/StarPack - Full Lifecycle (AWIS)/1.01 View Project id_card_project_div2_div_div3a3' (Root cause: com.kms.katalon.core.exception.StepFailedException: Unable to click on object 'Object Repository/StarPack - Full Lifecycle (AWIS)/1.01 View Project id_card_project_div2_div_div3a3'
	at com.kms.katalon.core.webui.keyword.internal.WebUIKeywordMain.stepFailed(WebUIKeywordMain.groovy:64)
	at com.kms.katalon.core.webui.keyword.internal.WebUIKeywordMain.runKeyword(WebUIKeywordMain.groovy:26)
	at com.kms.katalon.core.webui.keyword.builtin.ClickKeyword.click(ClickKeyword.groovy:74)
	at com.kms.katalon.core.webui.keyword.builtin.ClickKeyword.execute(ClickKeyword.groovy:40)
	at com.kms.katalon.core.keyword.internal.KeywordExecutor.executeKeywordForPlatform(KeywordExecutor.groovy:74)
	at com.kms.katalon.core.webui.keyword.WebUiBuiltInKeywords.click(WebUiBuiltInKeywords.groovy:620)
	at com.kms.katalon.core.webui.keyword.WebUiBuiltInKeywords$click$4.call(Unknown Source)
	at 202.05 TestStarPack- Project Name (255) _ Ref Name (80).run(202.05 TestStarPack- Project Name (255) _ Ref Name (80):160)
	at com.kms.katalon.core.main.ScriptEngine.run(ScriptEngine.java:194)
	at com.kms.katalon.core.main.ScriptEngine.runScriptAsRawText(ScriptEngine.java:119)
	at com.kms.katalon.core.main.TestCaseExecutor.runScript(TestCaseExecutor.java:445)
	at com.kms.katalon.core.main.TestCaseExecutor.doExecute(TestCaseExecutor.java:436)
	at com.kms.katalon.core.main.TestCaseExecutor.processExecutionPhase(TestCaseExecutor.java:415)
	at com.kms.katalon.core.main.TestCaseExecutor.accessMainPhase(TestCaseExecutor.java:407)
	at com.kms.katalon.core.main.TestCaseExecutor.execute(TestCaseExecutor.java:284)
	at com.kms.katalon.core.common.CommonExecutor.accessTestCaseMainPhase(CommonExecutor.java:65)
	at com.kms.katalon.core.main.TestSuiteExecutor.accessTestSuiteMainPhase(TestSuiteExecutor.java:144)
	at com.kms.katalon.core.main.TestSuiteExecutor.execute(TestSuiteExecutor.java:106)
	at com.kms.katalon.core.main.TestCaseMain.startTestSuite(TestCaseMain.java:185)
	at com.kms.katalon.core.main.TestCaseMain$startTestSuite$0.call(Unknown Source)
	at TempTestSuite1655717299770.run(TempTestSuite1655717299770.groovy:36)
Caused by: com.kms.katalon.core.webui.exception.WebElementNotFoundException: Web element with id: 'Object Repository/StarPack - Full Lifecycle (AWIS)/1.01 View Project id_card_project_div2_div_div3a3' located by '//*[@id="card_project"]/div[2]/div/div[3]/a[3]' not found
	at com.kms.katalon.core.webui.common.WebUiCommonHelper.findWebElement(WebUiCommonHelper.java:1370)
	at com.kms.katalon.core.webui.keyword.internal.WebUIAbstractKeyword.findWebElement(WebUIAbstractKeyword.groovy:27)
	at com.kms.katalon.core.webui.keyword.builtin.ClickKeyword$_click_closure1.doCall(ClickKeyword.groovy:65)
	at com.kms.katalon.core.webui.keyword.builtin.ClickKeyword$_click_closure1.call(ClickKeyword.groovy)
	at com.kms.katalon.core.webui.keyword.internal.WebUIKeywordMain.runKeyword(WebUIKeywordMain.groovy:20)
	at com.kms.katalon.core.webui.keyword.builtin.ClickKeyword.click(ClickKeyword.groovy:74)
	at com.kms.katalon.core.webui.keyword.builtin.ClickKeyword.execute(ClickKeyword.groovy:40)
	at com.kms.katalon.core.keyword.internal.KeywordExecutor.executeKeywordForPlatform(KeywordExecutor.groovy:74)
	at com.kms.katalon.core.webui.keyword.WebUiBuiltInKeywords.click(WebUiBuiltInKeywords.groovy:620)
	at com.kms.katalon.core.webui.keyword.WebUiBuiltInKeywords$click$4.call(Unknown Source)
	at Script1655480348383.run(Script1655480348383.groovy:160)
	... 13 more
)
[[ATTACHMENT|D:\\Projet Test Auto\\Mediabox Test Automation [Test]\\Reports\\20220620_112818\\z01. Test Suites\\202. TestStarPack Full Lifecycle _Change of Rights_SAS\\20220620_112819\\1655719827737.png]]

2022-06-20 12:10:28 - [TEST_STEP][PASSED] - Start listener action : sampleAfterTestCase: null]]></system-out>
         <system-err><![CDATA[2022-06-20 12:08:54 - [TEST_CASE][FAILED] - Test Cases/202. TestStarPack Full Lifecycle _Change of Rights_SAS/202.05 TestStarPack- Project Name (255) _ Ref Name (80): Test Cases/202. TestStarPack Full Lifecycle _Change of Rights_SAS/202.05 TestStarPack- Project Name (255) _ Ref Name (80) FAILED.
Reason:
com.kms.katalon.core.exception.StepFailedException: Unable to click on object 'Object Repository/StarPack - Full Lifecycle (AWIS)/1.01 View Project id_card_project_div2_div_div3a3'
	at com.kms.katalon.core.webui.keyword.internal.WebUIKeywordMain.stepFailed(WebUIKeywordMain.groovy:64)
	at com.kms.katalon.core.webui.keyword.internal.WebUIKeywordMain.runKeyword(WebUIKeywordMain.groovy:26)
	at com.kms.katalon.core.webui.keyword.builtin.ClickKeyword.click(ClickKeyword.groovy:74)
	at com.kms.katalon.core.webui.keyword.builtin.ClickKeyword.execute(ClickKeyword.groovy:40)
	at com.kms.katalon.core.keyword.internal.KeywordExecutor.executeKeywordForPlatform(KeywordExecutor.groovy:74)
	at com.kms.katalon.core.webui.keyword.WebUiBuiltInKeywords.click(WebUiBuiltInKeywords.groovy:620)
	at com.kms.katalon.core.webui.keyword.WebUiBuiltInKeywords$click$4.call(Unknown Source)
	at 202.05 TestStarPack- Project Name (255) _ Ref Name (80).run(202.05 TestStarPack- Project Name (255) _ Ref Name (80):160)
	at com.kms.katalon.core.main.ScriptEngine.run(ScriptEngine.java:194)
	at com.kms.katalon.core.main.ScriptEngine.runScriptAsRawText(ScriptEngine.java:119)
	at com.kms.katalon.core.main.TestCaseExecutor.runScript(TestCaseExecutor.java:445)
	at com.kms.katalon.core.main.TestCaseExecutor.doExecute(TestCaseExecutor.java:436)
	at com.kms.katalon.core.main.TestCaseExecutor.processExecutionPhase(TestCaseExecutor.java:415)
	at com.kms.katalon.core.main.TestCaseExecutor.accessMainPhase(TestCaseExecutor.java:407)
	at com.kms.katalon.core.main.TestCaseExecutor.execute(TestCaseExecutor.java:284)
	at com.kms.katalon.core.common.CommonExecutor.accessTestCaseMainPhase(CommonExecutor.java:65)
	at com.kms.katalon.core.main.TestSuiteExecutor.accessTestSuiteMainPhase(TestSuiteExecutor.java:144)
	at com.kms.katalon.core.main.TestSuiteExecutor.execute(TestSuiteExecutor.java:106)
	at com.kms.katalon.core.main.TestCaseMain.startTestSuite(TestCaseMain.java:185)
	at com.kms.katalon.core.main.TestCaseMain$startTestSuite$0.call(Unknown Source)
	at TempTestSuite1655717299770.run(TempTestSuite1655717299770.groovy:36)
Caused by: com.kms.katalon.core.webui.exception.WebElementNotFoundException: Web element with id: 'Object Repository/StarPack - Full Lifecycle (AWIS)/1.01 View Project id_card_project_div2_div_div3a3' located by '//*[@id="card_project"]/div[2]/div/div[3]/a[3]' not found
	at com.kms.katalon.core.webui.common.WebUiCommonHelper.findWebElement(WebUiCommonHelper.java:1370)
	at com.kms.katalon.core.webui.keyword.internal.WebUIAbstractKeyword.findWebElement(WebUIAbstractKeyword.groovy:27)
	at com.kms.katalon.core.webui.keyword.builtin.ClickKeyword$_click_closure1.doCall(ClickKeyword.groovy:65)
	at com.kms.katalon.core.webui.keyword.builtin.ClickKeyword$_click_closure1.call(ClickKeyword.groovy)
	at com.kms.katalon.core.webui.keyword.internal.WebUIKeywordMain.runKeyword(WebUIKeywordMain.groovy:20)
	... 19 more]]></system-err>
      </testcase>
      <testcase name="Test Cases/202. TestStarPack Full Lifecycle _Change of Rights_SAS/202.06 TestStarPack Support action _ flashback" time="97.591" classname="Test Cases/202. TestStarPack Full Lifecycle _Change of Rights_SAS/202.06 TestStarPack Support action _ flashback" status="FAILED">
         <failure type="FAILED" message="Test Cases/202. TestStarPack Full Lifecycle _Change of Rights_SAS/202.06 TestStarPack Support action _ flashback FAILED.
Reason:
com.kms.katalon.core.exception.StepFailedException: Unable to click on object 'Object Repository/HL Full Lifecycle/6 ReferenceListPage_createrefbutton'
	at com.kms.katalon.core.webui.keyword.internal.WebUIKeywordMain.stepFailed(WebUIKeywordMain.groovy:64)
	at com.kms.katalon.core.webui.keyword.internal.WebUIKeywordMain.runKeyword(WebUIKeywordMain.groovy:26)
	at com.kms.katalon.core.webui.keyword.builtin.ClickKeyword.click(ClickKeyword.groovy:74)
	at com.kms.katalon.core.webui.keyword.builtin.ClickKeyword.execute(ClickKeyword.groovy:40)
	at com.kms.katalon.core.keyword.internal.KeywordExecutor.executeKeywordForPlatform(KeywordExecutor.groovy:74)
	at com.kms.katalon.core.webui.keyword.WebUiBuiltInKeywords.click(WebUiBuiltInKeywords.groovy:620)
	at com.kms.katalon.core.webui.keyword.WebUiBuiltInKeywords$click$4.call(Unknown Source)
	at 202.06 TestStarPack Support action _ flashback.run(202.06 TestStarPack Support action _ flashback:166)
	at com.kms.katalon.core.main.ScriptEngine.run(ScriptEngine.java:194)
	at com.kms.katalon.core.main.ScriptEngine.runScriptAsRawText(ScriptEngine.java:119)
	at com.kms.katalon.core.main.TestCaseExecutor.runScript(TestCaseExecutor.java:445)
	at com.kms.katalon.core.main.TestCaseExecutor.doExecute(TestCaseExecutor.java:436)
	at com.kms.katalon.core.main.TestCaseExecutor.processExecutionPhase(TestCaseExecutor.java:415)
	at com.kms.katalon.core.main.TestCaseExecutor.accessMainPhase(TestCaseExecutor.java:407)
	at com.kms.katalon.core.main.TestCaseExecutor.execute(TestCaseExecutor.java:284)
	at com.kms.katalon.core.common.CommonExecutor.accessTestCaseMainPhase(CommonExecutor.java:65)
	at com.kms.katalon.core.main.TestSuiteExecutor.accessTestSuiteMainPhase(TestSuiteExecutor.java:144)
	at com.kms.katalon.core.main.TestSuiteExecutor.execute(TestSuiteExecutor.java:106)
	at com.kms.katalon.core.main.TestCaseMain.startTestSuite(TestCaseMain.java:185)
	at com.kms.katalon.core.main.TestCaseMain$startTestSuite$0.call(Unknown Source)
	at TempTestSuite1655717299770.run(TempTestSuite1655717299770.groovy:36)
Caused by: com.kms.katalon.core.webui.exception.WebElementNotFoundException: Web element with id: 'Object Repository/HL Full Lifecycle/6 ReferenceListPage_createrefbutton' located by '//div[@id='create_ref_btn']/button/i' not found
	at com.kms.katalon.core.webui.common.WebUiCommonHelper.findWebElement(WebUiCommonHelper.java:1370)
	at com.kms.katalon.core.webui.keyword.internal.WebUIAbstractKeyword.findWebElement(WebUIAbstractKeyword.groovy:27)
	at com.kms.katalon.core.webui.keyword.builtin.ClickKeyword$_click_closure1.doCall(ClickKeyword.groovy:65)
	at com.kms.katalon.core.webui.keyword.builtin.ClickKeyword$_click_closure1.call(ClickKeyword.groovy)
	at com.kms.katalon.core.webui.keyword.internal.WebUIKeywordMain.runKeyword(WebUIKeywordMain.groovy:20)
	... 19 more
"/>
         <system-out><![CDATA[2022-06-20 12:10:28 - [TEST_CASE][FAILED] - Test Cases/202. TestStarPack Full Lifecycle _Change of Rights_SAS/202.06 TestStarPack Support action _ flashback: Test Cases/202. TestStarPack Full Lifecycle _Change of Rights_SAS/202.06 TestStarPack Support action _ flashback FAILED.
Reason:
com.kms.katalon.core.exception.StepFailedException: Unable to click on object 'Object Repository/HL Full Lifecycle/6 ReferenceListPage_createrefbutton'
	at com.kms.katalon.core.webui.keyword.internal.WebUIKeywordMain.stepFailed(WebUIKeywordMain.groovy:64)
	at com.kms.katalon.core.webui.keyword.internal.WebUIKeywordMain.runKeyword(WebUIKeywordMain.groovy:26)
	at com.kms.katalon.core.webui.keyword.builtin.ClickKeyword.click(ClickKeyword.groovy:74)
	at com.kms.katalon.core.webui.keyword.builtin.ClickKeyword.execute(ClickKeyword.groovy:40)
	at com.kms.katalon.core.keyword.internal.KeywordExecutor.executeKeywordForPlatform(KeywordExecutor.groovy:74)
	at com.kms.katalon.core.webui.keyword.WebUiBuiltInKeywords.click(WebUiBuiltInKeywords.groovy:620)
	at com.kms.katalon.core.webui.keyword.WebUiBuiltInKeywords$click$4.call(Unknown Source)
	at 202.06 TestStarPack Support action _ flashback.run(202.06 TestStarPack Support action _ flashback:166)
	at com.kms.katalon.core.main.ScriptEngine.run(ScriptEngine.java:194)
	at com.kms.katalon.core.main.ScriptEngine.runScriptAsRawText(ScriptEngine.java:119)
	at com.kms.katalon.core.main.TestCaseExecutor.runScript(TestCaseExecutor.java:445)
	at com.kms.katalon.core.main.TestCaseExecutor.doExecute(TestCaseExecutor.java:436)
	at com.kms.katalon.core.main.TestCaseExecutor.processExecutionPhase(TestCaseExecutor.java:415)
	at com.kms.katalon.core.main.TestCaseExecutor.accessMainPhase(TestCaseExecutor.java:407)
	at com.kms.katalon.core.main.TestCaseExecutor.execute(TestCaseExecutor.java:284)
	at com.kms.katalon.core.common.CommonExecutor.accessTestCaseMainPhase(CommonExecutor.java:65)
	at com.kms.katalon.core.main.TestSuiteExecutor.accessTestSuiteMainPhase(TestSuiteExecutor.java:144)
	at com.kms.katalon.core.main.TestSuiteExecutor.execute(TestSuiteExecutor.java:106)
	at com.kms.katalon.core.main.TestCaseMain.startTestSuite(TestCaseMain.java:185)
	at com.kms.katalon.core.main.TestCaseMain$startTestSuite$0.call(Unknown Source)
	at TempTestSuite1655717299770.run(TempTestSuite1655717299770.groovy:36)
Caused by: com.kms.katalon.core.webui.exception.WebElementNotFoundException: Web element with id: 'Object Repository/HL Full Lifecycle/6 ReferenceListPage_createrefbutton' located by '//div[@id='create_ref_btn']/button/i' not found
	at com.kms.katalon.core.webui.common.WebUiCommonHelper.findWebElement(WebUiCommonHelper.java:1370)
	at com.kms.katalon.core.webui.keyword.internal.WebUIAbstractKeyword.findWebElement(WebUIAbstractKeyword.groovy:27)
	at com.kms.katalon.core.webui.keyword.builtin.ClickKeyword$_click_closure1.doCall(ClickKeyword.groovy:65)
	at com.kms.katalon.core.webui.keyword.builtin.ClickKeyword$_click_closure1.call(ClickKeyword.groovy)
	at com.kms.katalon.core.webui.keyword.internal.WebUIKeywordMain.runKeyword(WebUIKeywordMain.groovy:20)
	... 19 more


2022-06-20 12:10:28 - [TEST_STEP][PASSED] - data = findTestData("Data Files/Username_Password/Test_Starpack"): null

2022-06-20 12:10:28 - [TEST_STEP][PASSED] - password_aherms = data.getValue(2, 2): null

2022-06-20 12:10:28 - [TEST_STEP][PASSED] - password_agluszczynska = data.getValue(2, 3): null

2022-06-20 12:10:28 - [TEST_STEP][PASSED] - password_suser = data.getValue(2, 1): null

2022-06-20 12:10:28 - [TEST_STEP][PASSED] - password_jmaciaszczyk = data.getValue(2, 4): null

2022-06-20 12:10:28 - [TEST_STEP][PASSED] - password_aterreshernandez = data.getValue(2, 5): null

2022-06-20 12:10:28 - [TEST_STEP][PASSED] - password_amartin_arbol = data.getValue(2, 6): null

2022-06-20 12:10:28 - [TEST_STEP][PASSED] - password_adelamatanieves = data.getValue(2, 7): null

2022-06-20 12:10:28 - [TEST_STEP][PASSED] - password_kcannoosamy_dia = data.getValue(2, 8): null

2022-06-20 12:10:28 - [TEST_STEP][PASSED] - data_urlTestAUTO = findTestData("Data Files/URL/URL_testauto"): null

2022-06-20 12:10:28 - [TEST_STEP][PASSED] - Url_Starpack = data_urlTestAUTO.getValue(2, 2): null

2022-06-20 12:10:28 - [TEST_STEP][PASSED] - log = new com.kms.katalon.core.logging.KeywordLogger(): null

2022-06-20 12:10:28 - [TEST_STEP][PASSED] - openBrowser(Url_Starpack): Browser is opened with url: 'https://mdb-v3-test.diadeis.com/MediaboxIndependence/?MBI_datasource=RELTEST_STARPACK'

2022-06-20 12:10:28 - [MESSAGE][WARNING] - A browser is already opened. Closing browser and opening a new one

2022-06-20 12:10:29 - [MESSAGE][INFO] - Starting 'Chrome (headless)' driver

2022-06-20 12:10:29 - [MESSAGE][INFO] - User set preference: ['args', '[--window-size=1920,1080, --headless]']

2022-06-20 12:10:29 - [MESSAGE][INFO] - Action delay is set to 0 milliseconds

2022-06-20 12:10:33 - [MESSAGE][PASSED] - Browser is opened with url: 'https://mdb-v3-test.diadeis.com/MediaboxIndependence/?MBI_datasource=RELTEST_STARPACK'

2022-06-20 12:10:33 - [TEST_STEP][PASSED] - maximizeWindow(): Current window maximized

2022-06-20 12:10:33 - [MESSAGE][PASSED] - Current window maximized

2022-06-20 12:10:33 - [TEST_STEP][PASSED] - I.Login_password("adelamatanieves", password_adelamatanieves): Object: 'Object Repository/1. Constant/xpath' is clicked on

2022-06-20 12:10:34 - [MESSAGE][PASSED] - Text 'adelamatanieves' is set on object 'Object Repository/1. Constant/xpath'

2022-06-20 12:10:35 - [MESSAGE][PASSED] - Delayed 1 second(s)

2022-06-20 12:10:35 - [MESSAGE][PASSED] - Text 'diadeis' is set on object 'Object Repository/1. Constant/xpath'

2022-06-20 12:10:36 - [MESSAGE][PASSED] - Delayed 1 second(s)

2022-06-20 12:10:40 - [MESSAGE][PASSED] - Object: 'Object Repository/1. Constant/xpath' is clicked on

2022-06-20 12:10:40 - [TEST_STEP][PASSED] - takeScreenshot(): Taking screenshot successfully

2022-06-20 12:10:41 - [MESSAGE][PASSED] - Taking screenshot successfully
[[ATTACHMENT|D:\\Projet Test Auto\\Mediabox Test Automation [Test]\\Reports\\20220620_112818\\z01. Test Suites\\202. TestStarPack Full Lifecycle _Change of Rights_SAS\\20220620_112819\\1655719840900.png]]

2022-06-20 12:10:41 - [TEST_STEP][PASSED] - click(findTestObject("1. Constant/02_LHSMenu_Projects")): Object: 'Object Repository/1. Constant/02_LHSMenu_Projects' is clicked on

2022-06-20 12:10:45 - [MESSAGE][PASSED] - Object: 'Object Repository/1. Constant/02_LHSMenu_Projects' is clicked on

2022-06-20 12:10:45 - [TEST_STEP][PASSED] - click(findTestObject("Object Repository/1. Constant/xpath", ["xpath":"//*[@id="kt_content"]/div[3]/div/div/div[1]/div[2]/a[1]"])): Object: 'Object Repository/1. Constant/xpath' is clicked on

2022-06-20 12:10:46 - [MESSAGE][PASSED] - Object: 'Object Repository/1. Constant/xpath' is clicked on

2022-06-20 12:10:46 - [TEST_STEP][PASSED] - takeScreenshot(): Taking screenshot successfully

2022-06-20 12:10:46 - [MESSAGE][PASSED] - Taking screenshot successfully
[[ATTACHMENT|D:\\Projet Test Auto\\Mediabox Test Automation [Test]\\Reports\\20220620_112818\\z01. Test Suites\\202. TestStarPack Full Lifecycle _Change of Rights_SAS\\20220620_112819\\1655719846189.png]]

2022-06-20 12:10:46 - [TEST_STEP][PASSED] - project_name0 = "AutoTest_Chrome_Starpack_" + RandomStringUtils.randomAlphanumeric(10) + "_" + I.gettimedate(): null

2022-06-20 12:10:46 - [TEST_STEP][PASSED] - setText(findTestObject("HL Full Lifecycle/4 CreateProjPage_inputProjectname"), project_name0): Text 'AutoTest_Chrome_Starpack_yMr5zKRops_juin202022_121046' is set on object 'Object Repository/HL Full Lifecycle/4 CreateProjPage_inputProjectname'

2022-06-20 12:10:46 - [MESSAGE][PASSED] - Text 'AutoTest_Chrome_Starpack_yMr5zKRops_juin202022_121046' is set on object 'Object Repository/HL Full Lifecycle/4 CreateProjPage_inputProjectname'

2022-06-20 12:10:46 - [TEST_STEP][PASSED] - click(findTestObject("HL Full Lifecycle/4 CreateProjPage_Create Project_Bluebutton")): Object: 'Object Repository/HL Full Lifecycle/4 CreateProjPage_Create Project_Bluebutton' is clicked on

2022-06-20 12:10:51 - [MESSAGE][PASSED] - Object: 'Object Repository/HL Full Lifecycle/4 CreateProjPage_Create Project_Bluebutton' is clicked on

2022-06-20 12:10:51 - [TEST_STEP][PASSED] - delay(1): Delayed 1 second(s)

2022-06-20 12:10:52 - [MESSAGE][PASSED] - Delayed 1 second(s)

2022-06-20 12:10:52 - [TEST_STEP][PASSED] - takeScreenshot(): Taking screenshot successfully

2022-06-20 12:10:52 - [MESSAGE][PASSED] - Taking screenshot successfully
[[ATTACHMENT|D:\\Projet Test Auto\\Mediabox Test Automation [Test]\\Reports\\20220620_112818\\z01. Test Suites\\202. TestStarPack Full Lifecycle _Change of Rights_SAS\\20220620_112819\\1655719852377.png]]

2022-06-20 12:10:52 - [TEST_STEP][PASSED] - project_name1 = "AutoTest_Chrome_Starpack_" + RandomStringUtils.randomAlphanumeric(20) + "_" + I.gettimedate(): null

2022-06-20 12:10:52 - [TEST_STEP][PASSED] - setText(findTestObject("HL Full Lifecycle/4 CreateProjPage_inputProjectname"), project_name1): Text 'AutoTest_Chrome_Starpack_b5vjytYnJQqVYJbOjIuJ_juin202022_121052' is set on object 'Object Repository/HL Full Lifecycle/4 CreateProjPage_inputProjectname'

2022-06-20 12:10:53 - [MESSAGE][PASSED] - Text 'AutoTest_Chrome_Starpack_b5vjytYnJQqVYJbOjIuJ_juin202022_121052' is set on object 'Object Repository/HL Full Lifecycle/4 CreateProjPage_inputProjectname'

2022-06-20 12:10:53 - [TEST_STEP][PASSED] - delay(1): Delayed 1 second(s)

2022-06-20 12:10:54 - [MESSAGE][PASSED] - Delayed 1 second(s)

2022-06-20 12:10:54 - [TEST_STEP][PASSED] - selectOptionByValue(findTestObject("1. Constant/01_id_field_id", ["field_id":"var_98"]), "122", false): All options with value '122' are selected in object 'Object Repository/1. Constant/01_id_field_id' 

2022-06-20 12:10:54 - [MESSAGE][PASSED] - All options with value '122' are selected in object 'Object Repository/1. Constant/01_id_field_id' 

2022-06-20 12:10:54 - [TEST_STEP][PASSED] - delay(1): Delayed 1 second(s)

2022-06-20 12:10:55 - [MESSAGE][PASSED] - Delayed 1 second(s)

2022-06-20 12:10:55 - [TEST_STEP][PASSED] - selectOptionByValue(findTestObject("1. Constant/01_id_field_id", ["field_id":"var_9"]), "amartin_arbol", false): All options with value 'amartin_arbol' are selected in object 'Object Repository/1. Constant/01_id_field_id' 

2022-06-20 12:10:55 - [MESSAGE][PASSED] - All options with value 'amartin_arbol' are selected in object 'Object Repository/1. Constant/01_id_field_id' 

2022-06-20 12:10:55 - [TEST_STEP][PASSED] - delay(1): Delayed 1 second(s)

2022-06-20 12:10:56 - [MESSAGE][PASSED] - Delayed 1 second(s)

2022-06-20 12:10:56 - [TEST_STEP][PASSED] - selectOptionByValue(findTestObject("1. Constant/01_id_field_id", ["field_id":"var_10"]), "aterreshernandez", false): All options with value 'aterreshernandez' are selected in object 'Object Repository/1. Constant/01_id_field_id' 

2022-06-20 12:10:57 - [MESSAGE][PASSED] - All options with value 'aterreshernandez' are selected in object 'Object Repository/1. Constant/01_id_field_id' 

2022-06-20 12:10:57 - [TEST_STEP][PASSED] - delay(1): Delayed 1 second(s)

2022-06-20 12:10:58 - [MESSAGE][PASSED] - Delayed 1 second(s)

2022-06-20 12:10:58 - [TEST_STEP][PASSED] - selectOptionByValue(findTestObject("Object Repository/xxx Todelete/1.4 ModifyProPage_MF(IDP)"), "nalonsobermejo", true): All options with value 'nalonsobermejo' are selected in object 'Object Repository/xxx Todelete/1.4 ModifyProPage_MF(IDP)'  using regular expression

2022-06-20 12:10:59 - [MESSAGE][PASSED] - All options with value 'nalonsobermejo' are selected in object 'Object Repository/xxx Todelete/1.4 ModifyProPage_MF(IDP)'  using regular expression

2022-06-20 12:10:59 - [TEST_STEP][PASSED] - delay(1): Delayed 1 second(s)

2022-06-20 12:11:00 - [MESSAGE][PASSED] - Delayed 1 second(s)

2022-06-20 12:11:00 - [TEST_STEP][PASSED] - click(findTestObject("Object Repository/xxx Todelete/1.41 ModifyProPage_AddMF")): Object: 'Object Repository/xxx Todelete/1.41 ModifyProPage_AddMF' is clicked on

2022-06-20 12:11:00 - [MESSAGE][PASSED] - Object: 'Object Repository/xxx Todelete/1.41 ModifyProPage_AddMF' is clicked on

2022-06-20 12:11:00 - [TEST_STEP][PASSED] - delay(1): Delayed 1 second(s)

2022-06-20 12:11:01 - [MESSAGE][PASSED] - Delayed 1 second(s)

2022-06-20 12:11:01 - [TEST_STEP][PASSED] - selectOptionByValue(findTestObject("1. Constant/01_id_field_id", ["field_id":"var_15"]), "292", false): All options with value '292' are selected in object 'Object Repository/1. Constant/01_id_field_id' 

2022-06-20 12:11:02 - [MESSAGE][PASSED] - All options with value '292' are selected in object 'Object Repository/1. Constant/01_id_field_id' 

2022-06-20 12:11:02 - [TEST_STEP][PASSED] - delay(1): Delayed 1 second(s)

2022-06-20 12:11:03 - [MESSAGE][PASSED] - Delayed 1 second(s)

2022-06-20 12:11:03 - [TEST_STEP][PASSED] - selectOptionByValue(findTestObject("1. Constant/01_id_field_id", ["field_id":"var_26"]), "94", false): All options with value '94' are selected in object 'Object Repository/1. Constant/01_id_field_id' 

2022-06-20 12:11:03 - [MESSAGE][PASSED] - All options with value '94' are selected in object 'Object Repository/1. Constant/01_id_field_id' 

2022-06-20 12:11:03 - [TEST_STEP][PASSED] - delay(1): Delayed 1 second(s)

2022-06-20 12:11:04 - [MESSAGE][PASSED] - Delayed 1 second(s)

2022-06-20 12:11:04 - [TEST_STEP][PASSED] - selectOptionByValue(findTestObject("1. Constant/01_id_field_id", ["field_id":"var_12"]), "94", false): All options with value '94' are selected in object 'Object Repository/1. Constant/01_id_field_id' 

2022-06-20 12:11:05 - [MESSAGE][PASSED] - All options with value '94' are selected in object 'Object Repository/1. Constant/01_id_field_id' 

2022-06-20 12:11:05 - [TEST_STEP][PASSED] - delay(1): Delayed 1 second(s)

2022-06-20 12:11:06 - [MESSAGE][PASSED] - Delayed 1 second(s)

2022-06-20 12:11:06 - [TEST_STEP][PASSED] - selectOptionByValue(findTestObject("1. Constant/01_id_field_id", ["field_id":"var_27"]), "734", false): All options with value '734' are selected in object 'Object Repository/1. Constant/01_id_field_id' 

2022-06-20 12:11:06 - [MESSAGE][PASSED] - All options with value '734' are selected in object 'Object Repository/1. Constant/01_id_field_id' 

2022-06-20 12:11:06 - [TEST_STEP][PASSED] - delay(1): Delayed 1 second(s)

2022-06-20 12:11:07 - [MESSAGE][PASSED] - Delayed 1 second(s)

2022-06-20 12:11:07 - [TEST_STEP][PASSED] - selectOptionByValue(findTestObject("1. Constant/01_id_field_id", ["field_id":"var_71"]), "efood", false): All options with value 'efood' are selected in object 'Object Repository/1. Constant/01_id_field_id' 

2022-06-20 12:11:08 - [MESSAGE][PASSED] - All options with value 'efood' are selected in object 'Object Repository/1. Constant/01_id_field_id' 

2022-06-20 12:11:08 - [TEST_STEP][PASSED] - takeScreenshot(): Taking screenshot successfully

2022-06-20 12:11:08 - [MESSAGE][PASSED] - Taking screenshot successfully
[[ATTACHMENT|D:\\Projet Test Auto\\Mediabox Test Automation [Test]\\Reports\\20220620_112818\\z01. Test Suites\\202. TestStarPack Full Lifecycle _Change of Rights_SAS\\20220620_112819\\1655719868241.png]]

2022-06-20 12:11:08 - [TEST_STEP][PASSED] - delay(5): Delayed 5 second(s)

2022-06-20 12:11:13 - [MESSAGE][PASSED] - Delayed 5 second(s)

2022-06-20 12:11:13 - [TEST_STEP][PASSED] - click(findTestObject("HL Full Lifecycle/5 ModifyProjPage_button_Update")): Object: 'Object Repository/HL Full Lifecycle/5 ModifyProjPage_button_Update' is clicked on

2022-06-20 12:11:18 - [MESSAGE][PASSED] - Object: 'Object Repository/HL Full Lifecycle/5 ModifyProjPage_button_Update' is clicked on

2022-06-20 12:11:18 - [TEST_STEP][PASSED] - delay(10): Delayed 10 second(s)

2022-06-20 12:11:28 - [MESSAGE][PASSED] - Delayed 10 second(s)

2022-06-20 12:11:28 - [TEST_STEP][PASSED] - Project_No = I.ProjectNo(): Current window's url is: 'https://mdb-v3-test.diadeis.com/MediaboxIndependence/Base/ExecAction?IDSession=MBI%21RELTEST_STARPACK%21SYZ3DIT5R1MKSQNTSQYZJAIKV9NPDBCBMRP03840&default_action=AfficheFichesProjet&id_project=MI000953'

2022-06-20 12:11:33 - [MESSAGE][PASSED] - Delayed 5 second(s)

2022-06-20 12:11:34 - [MESSAGE][PASSED] - Current window's url is: 'https://mdb-v3-test.diadeis.com/MediaboxIndependence/Base/ExecAction?IDSession=MBI%21RELTEST_STARPACK%21SYZ3DIT5R1MKSQNTSQYZJAIKV9NPDBCBMRP03840&default_action=AfficheFichesProjet&id_project=MI000953'

2022-06-20 12:11:34 - [TEST_STEP][FAILED] - click(findTestObject("HL Full Lifecycle/6 ReferenceListPage_createrefbutton")): Unable to click on object 'Object Repository/HL Full Lifecycle/6 ReferenceListPage_createrefbutton' (Root cause: com.kms.katalon.core.exception.StepFailedException: Unable to click on object 'Object Repository/HL Full Lifecycle/6 ReferenceListPage_createrefbutton'
	at com.kms.katalon.core.webui.keyword.internal.WebUIKeywordMain.stepFailed(WebUIKeywordMain.groovy:64)
	at com.kms.katalon.core.webui.keyword.internal.WebUIKeywordMain.runKeyword(WebUIKeywordMain.groovy:26)
	at com.kms.katalon.core.webui.keyword.builtin.ClickKeyword.click(ClickKeyword.groovy:74)
	at com.kms.katalon.core.webui.keyword.builtin.ClickKeyword.execute(ClickKeyword.groovy:40)
	at com.kms.katalon.core.keyword.internal.KeywordExecutor.executeKeywordForPlatform(KeywordExecutor.groovy:74)
	at com.kms.katalon.core.webui.keyword.WebUiBuiltInKeywords.click(WebUiBuiltInKeywords.groovy:620)
	at com.kms.katalon.core.webui.keyword.WebUiBuiltInKeywords$click$4.call(Unknown Source)
	at 202.06 TestStarPack Support action _ flashback.run(202.06 TestStarPack Support action _ flashback:166)
	at com.kms.katalon.core.main.ScriptEngine.run(ScriptEngine.java:194)
	at com.kms.katalon.core.main.ScriptEngine.runScriptAsRawText(ScriptEngine.java:119)
	at com.kms.katalon.core.main.TestCaseExecutor.runScript(TestCaseExecutor.java:445)
	at com.kms.katalon.core.main.TestCaseExecutor.doExecute(TestCaseExecutor.java:436)
	at com.kms.katalon.core.main.TestCaseExecutor.processExecutionPhase(TestCaseExecutor.java:415)
	at com.kms.katalon.core.main.TestCaseExecutor.accessMainPhase(TestCaseExecutor.java:407)
	at com.kms.katalon.core.main.TestCaseExecutor.execute(TestCaseExecutor.java:284)
	at com.kms.katalon.core.common.CommonExecutor.accessTestCaseMainPhase(CommonExecutor.java:65)
	at com.kms.katalon.core.main.TestSuiteExecutor.accessTestSuiteMainPhase(TestSuiteExecutor.java:144)
	at com.kms.katalon.core.main.TestSuiteExecutor.execute(TestSuiteExecutor.java:106)
	at com.kms.katalon.core.main.TestCaseMain.startTestSuite(TestCaseMain.java:185)
	at com.kms.katalon.core.main.TestCaseMain$startTestSuite$0.call(Unknown Source)
	at TempTestSuite1655717299770.run(TempTestSuite1655717299770.groovy:36)
Caused by: com.kms.katalon.core.webui.exception.WebElementNotFoundException: Web element with id: 'Object Repository/HL Full Lifecycle/6 ReferenceListPage_createrefbutton' located by '//div[@id='create_ref_btn']/button/i' not found
	at com.kms.katalon.core.webui.common.WebUiCommonHelper.findWebElement(WebUiCommonHelper.java:1370)
	at com.kms.katalon.core.webui.keyword.internal.WebUIAbstractKeyword.findWebElement(WebUIAbstractKeyword.groovy:27)
	at com.kms.katalon.core.webui.keyword.builtin.ClickKeyword$_click_closure1.doCall(ClickKeyword.groovy:65)
	at com.kms.katalon.core.webui.keyword.builtin.ClickKeyword$_click_closure1.call(ClickKeyword.groovy)
	at com.kms.katalon.core.webui.keyword.internal.WebUIKeywordMain.runKeyword(WebUIKeywordMain.groovy:20)
	at com.kms.katalon.core.webui.keyword.builtin.ClickKeyword.click(ClickKeyword.groovy:74)
	at com.kms.katalon.core.webui.keyword.builtin.ClickKeyword.execute(ClickKeyword.groovy:40)
	at com.kms.katalon.core.keyword.internal.KeywordExecutor.executeKeywordForPlatform(KeywordExecutor.groovy:74)
	at com.kms.katalon.core.webui.keyword.WebUiBuiltInKeywords.click(WebUiBuiltInKeywords.groovy:620)
	at com.kms.katalon.core.webui.keyword.WebUiBuiltInKeywords$click$4.call(Unknown Source)
	at Script1655480506471.run(Script1655480506471.groovy:166)
	... 13 more
)

2022-06-20 12:12:05 - [MESSAGE][INFO] - Unable to find the element located by 'By.xpath: //div[@id='create_ref_btn']/button/i'. Please recheck the objects properties to make sure the desired element is located. 

2022-06-20 12:12:05 - [MESSAGE][FAILED] - Unable to click on object 'Object Repository/HL Full Lifecycle/6 ReferenceListPage_createrefbutton' (Root cause: com.kms.katalon.core.exception.StepFailedException: Unable to click on object 'Object Repository/HL Full Lifecycle/6 ReferenceListPage_createrefbutton'
	at com.kms.katalon.core.webui.keyword.internal.WebUIKeywordMain.stepFailed(WebUIKeywordMain.groovy:64)
	at com.kms.katalon.core.webui.keyword.internal.WebUIKeywordMain.runKeyword(WebUIKeywordMain.groovy:26)
	at com.kms.katalon.core.webui.keyword.builtin.ClickKeyword.click(ClickKeyword.groovy:74)
	at com.kms.katalon.core.webui.keyword.builtin.ClickKeyword.execute(ClickKeyword.groovy:40)
	at com.kms.katalon.core.keyword.internal.KeywordExecutor.executeKeywordForPlatform(KeywordExecutor.groovy:74)
	at com.kms.katalon.core.webui.keyword.WebUiBuiltInKeywords.click(WebUiBuiltInKeywords.groovy:620)
	at com.kms.katalon.core.webui.keyword.WebUiBuiltInKeywords$click$4.call(Unknown Source)
	at 202.06 TestStarPack Support action _ flashback.run(202.06 TestStarPack Support action _ flashback:166)
	at com.kms.katalon.core.main.ScriptEngine.run(ScriptEngine.java:194)
	at com.kms.katalon.core.main.ScriptEngine.runScriptAsRawText(ScriptEngine.java:119)
	at com.kms.katalon.core.main.TestCaseExecutor.runScript(TestCaseExecutor.java:445)
	at com.kms.katalon.core.main.TestCaseExecutor.doExecute(TestCaseExecutor.java:436)
	at com.kms.katalon.core.main.TestCaseExecutor.processExecutionPhase(TestCaseExecutor.java:415)
	at com.kms.katalon.core.main.TestCaseExecutor.accessMainPhase(TestCaseExecutor.java:407)
	at com.kms.katalon.core.main.TestCaseExecutor.execute(TestCaseExecutor.java:284)
	at com.kms.katalon.core.common.CommonExecutor.accessTestCaseMainPhase(CommonExecutor.java:65)
	at com.kms.katalon.core.main.TestSuiteExecutor.accessTestSuiteMainPhase(TestSuiteExecutor.java:144)
	at com.kms.katalon.core.main.TestSuiteExecutor.execute(TestSuiteExecutor.java:106)
	at com.kms.katalon.core.main.TestCaseMain.startTestSuite(TestCaseMain.java:185)
	at com.kms.katalon.core.main.TestCaseMain$startTestSuite$0.call(Unknown Source)
	at TempTestSuite1655717299770.run(TempTestSuite1655717299770.groovy:36)
Caused by: com.kms.katalon.core.webui.exception.WebElementNotFoundException: Web element with id: 'Object Repository/HL Full Lifecycle/6 ReferenceListPage_createrefbutton' located by '//div[@id='create_ref_btn']/button/i' not found
	at com.kms.katalon.core.webui.common.WebUiCommonHelper.findWebElement(WebUiCommonHelper.java:1370)
	at com.kms.katalon.core.webui.keyword.internal.WebUIAbstractKeyword.findWebElement(WebUIAbstractKeyword.groovy:27)
	at com.kms.katalon.core.webui.keyword.builtin.ClickKeyword$_click_closure1.doCall(ClickKeyword.groovy:65)
	at com.kms.katalon.core.webui.keyword.builtin.ClickKeyword$_click_closure1.call(ClickKeyword.groovy)
	at com.kms.katalon.core.webui.keyword.internal.WebUIKeywordMain.runKeyword(WebUIKeywordMain.groovy:20)
	at com.kms.katalon.core.webui.keyword.builtin.ClickKeyword.click(ClickKeyword.groovy:74)
	at com.kms.katalon.core.webui.keyword.builtin.ClickKeyword.execute(ClickKeyword.groovy:40)
	at com.kms.katalon.core.keyword.internal.KeywordExecutor.executeKeywordForPlatform(KeywordExecutor.groovy:74)
	at com.kms.katalon.core.webui.keyword.WebUiBuiltInKeywords.click(WebUiBuiltInKeywords.groovy:620)
	at com.kms.katalon.core.webui.keyword.WebUiBuiltInKeywords$click$4.call(Unknown Source)
	at Script1655480506471.run(Script1655480506471.groovy:166)
	... 13 more
)
[[ATTACHMENT|D:\\Projet Test Auto\\Mediabox Test Automation [Test]\\Reports\\20220620_112818\\z01. Test Suites\\202. TestStarPack Full Lifecycle _Change of Rights_SAS\\20220620_112819\\1655719925367.png]]

2022-06-20 12:12:05 - [TEST_STEP][PASSED] - Start listener action : sampleAfterTestCase: null]]></system-out>
         <system-err><![CDATA[2022-06-20 12:10:28 - [TEST_CASE][FAILED] - Test Cases/202. TestStarPack Full Lifecycle _Change of Rights_SAS/202.06 TestStarPack Support action _ flashback: Test Cases/202. TestStarPack Full Lifecycle _Change of Rights_SAS/202.06 TestStarPack Support action _ flashback FAILED.
Reason:
com.kms.katalon.core.exception.StepFailedException: Unable to click on object 'Object Repository/HL Full Lifecycle/6 ReferenceListPage_createrefbutton'
	at com.kms.katalon.core.webui.keyword.internal.WebUIKeywordMain.stepFailed(WebUIKeywordMain.groovy:64)
	at com.kms.katalon.core.webui.keyword.internal.WebUIKeywordMain.runKeyword(WebUIKeywordMain.groovy:26)
	at com.kms.katalon.core.webui.keyword.builtin.ClickKeyword.click(ClickKeyword.groovy:74)
	at com.kms.katalon.core.webui.keyword.builtin.ClickKeyword.execute(ClickKeyword.groovy:40)
	at com.kms.katalon.core.keyword.internal.KeywordExecutor.executeKeywordForPlatform(KeywordExecutor.groovy:74)
	at com.kms.katalon.core.webui.keyword.WebUiBuiltInKeywords.click(WebUiBuiltInKeywords.groovy:620)
	at com.kms.katalon.core.webui.keyword.WebUiBuiltInKeywords$click$4.call(Unknown Source)
	at 202.06 TestStarPack Support action _ flashback.run(202.06 TestStarPack Support action _ flashback:166)
	at com.kms.katalon.core.main.ScriptEngine.run(ScriptEngine.java:194)
	at com.kms.katalon.core.main.ScriptEngine.runScriptAsRawText(ScriptEngine.java:119)
	at com.kms.katalon.core.main.TestCaseExecutor.runScript(TestCaseExecutor.java:445)
	at com.kms.katalon.core.main.TestCaseExecutor.doExecute(TestCaseExecutor.java:436)
	at com.kms.katalon.core.main.TestCaseExecutor.processExecutionPhase(TestCaseExecutor.java:415)
	at com.kms.katalon.core.main.TestCaseExecutor.accessMainPhase(TestCaseExecutor.java:407)
	at com.kms.katalon.core.main.TestCaseExecutor.execute(TestCaseExecutor.java:284)
	at com.kms.katalon.core.common.CommonExecutor.accessTestCaseMainPhase(CommonExecutor.java:65)
	at com.kms.katalon.core.main.TestSuiteExecutor.accessTestSuiteMainPhase(TestSuiteExecutor.java:144)
	at com.kms.katalon.core.main.TestSuiteExecutor.execute(TestSuiteExecutor.java:106)
	at com.kms.katalon.core.main.TestCaseMain.startTestSuite(TestCaseMain.java:185)
	at com.kms.katalon.core.main.TestCaseMain$startTestSuite$0.call(Unknown Source)
	at TempTestSuite1655717299770.run(TempTestSuite1655717299770.groovy:36)
Caused by: com.kms.katalon.core.webui.exception.WebElementNotFoundException: Web element with id: 'Object Repository/HL Full Lifecycle/6 ReferenceListPage_createrefbutton' located by '//div[@id='create_ref_btn']/button/i' not found
	at com.kms.katalon.core.webui.common.WebUiCommonHelper.findWebElement(WebUiCommonHelper.java:1370)
	at com.kms.katalon.core.webui.keyword.internal.WebUIAbstractKeyword.findWebElement(WebUIAbstractKeyword.groovy:27)
	at com.kms.katalon.core.webui.keyword.builtin.ClickKeyword$_click_closure1.doCall(ClickKeyword.groovy:65)
	at com.kms.katalon.core.webui.keyword.builtin.ClickKeyword$_click_closure1.call(ClickKeyword.groovy)
	at com.kms.katalon.core.webui.keyword.internal.WebUIKeywordMain.runKeyword(WebUIKeywordMain.groovy:20)
	... 19 more]]></system-err>
      </testcase>
      <system-out><![CDATA[2022-06-20 11:28:27 - [TEST_SUITE][FAILED] - 202. TestStarPack Full Lifecycle _Change of Rights_SAS: Test Cases/202. TestStarPack Full Lifecycle _Change of Rights_SAS/202.04 TestStarPack Full Lifecycle - AWIS (Chrome)_Sans_Ref_filles FAILED.
Reason:
com.kms.katalon.core.exception.StepFailedException: Unable to click on object 'Object Repository/HL Full Lifecycle/6 ReferenceListPage_createrefbutton'
	at com.kms.katalon.core.webui.keyword.internal.WebUIKeywordMain.stepFailed(WebUIKeywordMain.groovy:64)
	at com.kms.katalon.core.webui.keyword.internal.WebUIKeywordMain.runKeyword(WebUIKeywordMain.groovy:26)
	at com.kms.katalon.core.webui.keyword.builtin.ClickKeyword.click(ClickKeyword.groovy:74)
	at com.kms.katalon.core.webui.keyword.builtin.ClickKeyword.execute(ClickKeyword.groovy:40)
	at com.kms.katalon.core.keyword.internal.KeywordExecutor.executeKeywordForPlatform(KeywordExecutor.groovy:74)
	at com.kms.katalon.core.webui.keyword.WebUiBuiltInKeywords.click(WebUiBuiltInKeywords.groovy:620)
	at com.kms.katalon.core.webui.keyword.WebUiBuiltInKeywords$click$4.call(Unknown Source)
	at 202.04 TestStarPack Full Lifecycle - AWIS (Chrome)_Sans_Ref_filles.run(202.04 TestStarPack Full Lifecycle - AWIS (Chrome)_Sans_Ref_filles:161)
	at com.kms.katalon.core.main.ScriptEngine.run(ScriptEngine.java:194)
	at com.kms.katalon.core.main.ScriptEngine.runScriptAsRawText(ScriptEngine.java:119)
	at com.kms.katalon.core.main.TestCaseExecutor.runScript(TestCaseExecutor.java:445)
	at com.kms.katalon.core.main.TestCaseExecutor.doExecute(TestCaseExecutor.java:436)
	at com.kms.katalon.core.main.TestCaseExecutor.processExecutionPhase(TestCaseExecutor.java:415)
	at com.kms.katalon.core.main.TestCaseExecutor.accessMainPhase(TestCaseExecutor.java:407)
	at com.kms.katalon.core.main.TestCaseExecutor.execute(TestCaseExecutor.java:284)
	at com.kms.katalon.core.common.CommonExecutor.accessTestCaseMainPhase(CommonExecutor.java:65)
	at com.kms.katalon.core.main.TestSuiteExecutor.accessTestSuiteMainPhase(TestSuiteExecutor.java:144)
	at com.kms.katalon.core.main.TestSuiteExecutor.execute(TestSuiteExecutor.java:106)
	at com.kms.katalon.core.main.TestCaseMain.startTestSuite(TestCaseMain.java:185)
	at com.kms.katalon.core.main.TestCaseMain$startTestSuite$0.call(Unknown Source)
	at TempTestSuite1655717299770.run(TempTestSuite1655717299770.groovy:36)
Caused by: com.kms.katalon.core.webui.exception.WebElementNotFoundException: Web element with id: 'Object Repository/HL Full Lifecycle/6 ReferenceListPage_createrefbutton' located by '//div[@id='create_ref_btn']/button/i' not found
	at com.kms.katalon.core.webui.common.WebUiCommonHelper.findWebElement(WebUiCommonHelper.java:1370)
	at com.kms.katalon.core.webui.keyword.internal.WebUIAbstractKeyword.findWebElement(WebUIAbstractKeyword.groovy:27)
	at com.kms.katalon.core.webui.keyword.builtin.ClickKeyword$_click_closure1.doCall(ClickKeyword.groovy:65)
	at com.kms.katalon.core.webui.keyword.builtin.ClickKeyword$_click_closure1.call(ClickKeyword.groovy)
	at com.kms.katalon.core.webui.keyword.internal.WebUIKeywordMain.runKeyword(WebUIKeywordMain.groovy:20)
	... 19 more]]></system-out>
      <system-err><![CDATA[2022-06-20 11:28:27 - [TEST_SUITE][FAILED] - 202. TestStarPack Full Lifecycle _Change of Rights_SAS: Test Cases/202. TestStarPack Full Lifecycle _Change of Rights_SAS/202.04 TestStarPack Full Lifecycle - AWIS (Chrome)_Sans_Ref_filles FAILED.
Reason:
com.kms.katalon.core.exception.StepFailedException: Unable to click on object 'Object Repository/HL Full Lifecycle/6 ReferenceListPage_createrefbutton'
	at com.kms.katalon.core.webui.keyword.internal.WebUIKeywordMain.stepFailed(WebUIKeywordMain.groovy:64)
	at com.kms.katalon.core.webui.keyword.internal.WebUIKeywordMain.runKeyword(WebUIKeywordMain.groovy:26)
	at com.kms.katalon.core.webui.keyword.builtin.ClickKeyword.click(ClickKeyword.groovy:74)
	at com.kms.katalon.core.webui.keyword.builtin.ClickKeyword.execute(ClickKeyword.groovy:40)
	at com.kms.katalon.core.keyword.internal.KeywordExecutor.executeKeywordForPlatform(KeywordExecutor.groovy:74)
	at com.kms.katalon.core.webui.keyword.WebUiBuiltInKeywords.click(WebUiBuiltInKeywords.groovy:620)
	at com.kms.katalon.core.webui.keyword.WebUiBuiltInKeywords$click$4.call(Unknown Source)
	at 202.04 TestStarPack Full Lifecycle - AWIS (Chrome)_Sans_Ref_filles.run(202.04 TestStarPack Full Lifecycle - AWIS (Chrome)_Sans_Ref_filles:161)
	at com.kms.katalon.core.main.ScriptEngine.run(ScriptEngine.java:194)
	at com.kms.katalon.core.main.ScriptEngine.runScriptAsRawText(ScriptEngine.java:119)
	at com.kms.katalon.core.main.TestCaseExecutor.runScript(TestCaseExecutor.java:445)
	at com.kms.katalon.core.main.TestCaseExecutor.doExecute(TestCaseExecutor.java:436)
	at com.kms.katalon.core.main.TestCaseExecutor.processExecutionPhase(TestCaseExecutor.java:415)
	at com.kms.katalon.core.main.TestCaseExecutor.accessMainPhase(TestCaseExecutor.java:407)
	at com.kms.katalon.core.main.TestCaseExecutor.execute(TestCaseExecutor.java:284)
	at com.kms.katalon.core.common.CommonExecutor.accessTestCaseMainPhase(CommonExecutor.java:65)
	at com.kms.katalon.core.main.TestSuiteExecutor.accessTestSuiteMainPhase(TestSuiteExecutor.java:144)
	at com.kms.katalon.core.main.TestSuiteExecutor.execute(TestSuiteExecutor.java:106)
	at com.kms.katalon.core.main.TestCaseMain.startTestSuite(TestCaseMain.java:185)
	at com.kms.katalon.core.main.TestCaseMain$startTestSuite$0.call(Unknown Source)
	at TempTestSuite1655717299770.run(TempTestSuite1655717299770.groovy:36)
Caused by: com.kms.katalon.core.webui.exception.WebElementNotFoundException: Web element with id: 'Object Repository/HL Full Lifecycle/6 ReferenceListPage_createrefbutton' located by '//div[@id='create_ref_btn']/button/i' not found
	at com.kms.katalon.core.webui.common.WebUiCommonHelper.findWebElement(WebUiCommonHelper.java:1370)
	at com.kms.katalon.core.webui.keyword.internal.WebUIAbstractKeyword.findWebElement(WebUIAbstractKeyword.groovy:27)
	at com.kms.katalon.core.webui.keyword.builtin.ClickKeyword$_click_closure1.doCall(ClickKeyword.groovy:65)
	at com.kms.katalon.core.webui.keyword.builtin.ClickKeyword$_click_closure1.call(ClickKeyword.groovy)
	at com.kms.katalon.core.webui.keyword.internal.WebUIKeywordMain.runKeyword(WebUIKeywordMain.groovy:20)
	... 19 more]]></system-err>
   </testsuite>
</testsuites>
